[2022-03-25 21:25:05,901] {processor.py:163} INFO - Started process (PID=26299) to work on /Users/adebolafagbule/opt/anaconda3/envs/airflow_env/lib/python3.8/site-packages/airflow/example_dags/plugins/workday.py
[2022-03-25 21:25:05,901] {processor.py:642} INFO - Processing file /Users/adebolafagbule/opt/anaconda3/envs/airflow_env/lib/python3.8/site-packages/airflow/example_dags/plugins/workday.py for tasks to queue
[2022-03-25 21:25:05,901] {logging_mixin.py:109} INFO - [2022-03-25 21:25:05,901] {dagbag.py:500} INFO - Filling up the DagBag from /Users/adebolafagbule/opt/anaconda3/envs/airflow_env/lib/python3.8/site-packages/airflow/example_dags/plugins/workday.py
[2022-03-25 21:25:05,919] {processor.py:656} WARNING - No viable dags retrieved from /Users/adebolafagbule/opt/anaconda3/envs/airflow_env/lib/python3.8/site-packages/airflow/example_dags/plugins/workday.py
[2022-03-25 21:25:05,920] {processor.py:171} INFO - Processing /Users/adebolafagbule/opt/anaconda3/envs/airflow_env/lib/python3.8/site-packages/airflow/example_dags/plugins/workday.py took 0.020 seconds
[2022-03-25 22:39:46,345] {processor.py:163} INFO - Started process (PID=26400) to work on /Users/adebolafagbule/opt/anaconda3/envs/airflow_env/lib/python3.8/site-packages/airflow/example_dags/plugins/workday.py
[2022-03-25 22:39:46,348] {processor.py:642} INFO - Processing file /Users/adebolafagbule/opt/anaconda3/envs/airflow_env/lib/python3.8/site-packages/airflow/example_dags/plugins/workday.py for tasks to queue
[2022-03-25 22:39:46,348] {logging_mixin.py:109} INFO - [2022-03-25 22:39:46,348] {dagbag.py:500} INFO - Filling up the DagBag from /Users/adebolafagbule/opt/anaconda3/envs/airflow_env/lib/python3.8/site-packages/airflow/example_dags/plugins/workday.py
[2022-03-25 22:39:46,379] {processor.py:656} WARNING - No viable dags retrieved from /Users/adebolafagbule/opt/anaconda3/envs/airflow_env/lib/python3.8/site-packages/airflow/example_dags/plugins/workday.py
[2022-03-25 22:39:46,380] {processor.py:171} INFO - Processing /Users/adebolafagbule/opt/anaconda3/envs/airflow_env/lib/python3.8/site-packages/airflow/example_dags/plugins/workday.py took 0.036 seconds
[2022-03-25 23:21:54,906] {processor.py:163} INFO - Started process (PID=26539) to work on /Users/adebolafagbule/opt/anaconda3/envs/airflow_env/lib/python3.8/site-packages/airflow/example_dags/plugins/workday.py
[2022-03-25 23:21:54,907] {processor.py:642} INFO - Processing file /Users/adebolafagbule/opt/anaconda3/envs/airflow_env/lib/python3.8/site-packages/airflow/example_dags/plugins/workday.py for tasks to queue
[2022-03-25 23:21:54,907] {logging_mixin.py:109} INFO - [2022-03-25 23:21:54,907] {dagbag.py:500} INFO - Filling up the DagBag from /Users/adebolafagbule/opt/anaconda3/envs/airflow_env/lib/python3.8/site-packages/airflow/example_dags/plugins/workday.py
[2022-03-25 23:21:54,928] {processor.py:656} WARNING - No viable dags retrieved from /Users/adebolafagbule/opt/anaconda3/envs/airflow_env/lib/python3.8/site-packages/airflow/example_dags/plugins/workday.py
[2022-03-25 23:21:54,930] {processor.py:171} INFO - Processing /Users/adebolafagbule/opt/anaconda3/envs/airflow_env/lib/python3.8/site-packages/airflow/example_dags/plugins/workday.py took 0.024 seconds
[2022-03-25 23:22:42,380] {processor.py:163} INFO - Started process (PID=26598) to work on /Users/adebolafagbule/opt/anaconda3/envs/airflow_env/lib/python3.8/site-packages/airflow/example_dags/plugins/workday.py
[2022-03-25 23:22:42,381] {processor.py:642} INFO - Processing file /Users/adebolafagbule/opt/anaconda3/envs/airflow_env/lib/python3.8/site-packages/airflow/example_dags/plugins/workday.py for tasks to queue
[2022-03-25 23:22:42,381] {logging_mixin.py:109} INFO - [2022-03-25 23:22:42,381] {dagbag.py:500} INFO - Filling up the DagBag from /Users/adebolafagbule/opt/anaconda3/envs/airflow_env/lib/python3.8/site-packages/airflow/example_dags/plugins/workday.py
[2022-03-25 23:22:42,401] {processor.py:656} WARNING - No viable dags retrieved from /Users/adebolafagbule/opt/anaconda3/envs/airflow_env/lib/python3.8/site-packages/airflow/example_dags/plugins/workday.py
[2022-03-25 23:22:42,402] {processor.py:171} INFO - Processing /Users/adebolafagbule/opt/anaconda3/envs/airflow_env/lib/python3.8/site-packages/airflow/example_dags/plugins/workday.py took 0.022 seconds
[2022-03-25 23:23:24,698] {processor.py:163} INFO - Started process (PID=26658) to work on /Users/adebolafagbule/opt/anaconda3/envs/airflow_env/lib/python3.8/site-packages/airflow/example_dags/plugins/workday.py
[2022-03-25 23:23:24,701] {processor.py:642} INFO - Processing file /Users/adebolafagbule/opt/anaconda3/envs/airflow_env/lib/python3.8/site-packages/airflow/example_dags/plugins/workday.py for tasks to queue
[2022-03-25 23:23:24,701] {logging_mixin.py:109} INFO - [2022-03-25 23:23:24,701] {dagbag.py:500} INFO - Filling up the DagBag from /Users/adebolafagbule/opt/anaconda3/envs/airflow_env/lib/python3.8/site-packages/airflow/example_dags/plugins/workday.py
[2022-03-25 23:23:24,734] {processor.py:656} WARNING - No viable dags retrieved from /Users/adebolafagbule/opt/anaconda3/envs/airflow_env/lib/python3.8/site-packages/airflow/example_dags/plugins/workday.py
[2022-03-25 23:23:24,736] {processor.py:171} INFO - Processing /Users/adebolafagbule/opt/anaconda3/envs/airflow_env/lib/python3.8/site-packages/airflow/example_dags/plugins/workday.py took 0.038 seconds
[2022-03-25 23:24:04,730] {processor.py:163} INFO - Started process (PID=26792) to work on /Users/adebolafagbule/opt/anaconda3/envs/airflow_env/lib/python3.8/site-packages/airflow/example_dags/plugins/workday.py
[2022-03-25 23:24:04,731] {processor.py:642} INFO - Processing file /Users/adebolafagbule/opt/anaconda3/envs/airflow_env/lib/python3.8/site-packages/airflow/example_dags/plugins/workday.py for tasks to queue
[2022-03-25 23:24:04,731] {logging_mixin.py:109} INFO - [2022-03-25 23:24:04,731] {dagbag.py:500} INFO - Filling up the DagBag from /Users/adebolafagbule/opt/anaconda3/envs/airflow_env/lib/python3.8/site-packages/airflow/example_dags/plugins/workday.py
[2022-03-25 23:24:04,751] {processor.py:656} WARNING - No viable dags retrieved from /Users/adebolafagbule/opt/anaconda3/envs/airflow_env/lib/python3.8/site-packages/airflow/example_dags/plugins/workday.py
[2022-03-25 23:24:04,752] {processor.py:171} INFO - Processing /Users/adebolafagbule/opt/anaconda3/envs/airflow_env/lib/python3.8/site-packages/airflow/example_dags/plugins/workday.py took 0.022 seconds
[2022-03-25 23:24:46,032] {processor.py:163} INFO - Started process (PID=26836) to work on /Users/adebolafagbule/opt/anaconda3/envs/airflow_env/lib/python3.8/site-packages/airflow/example_dags/plugins/workday.py
[2022-03-25 23:24:46,033] {processor.py:642} INFO - Processing file /Users/adebolafagbule/opt/anaconda3/envs/airflow_env/lib/python3.8/site-packages/airflow/example_dags/plugins/workday.py for tasks to queue
[2022-03-25 23:24:46,033] {logging_mixin.py:109} INFO - [2022-03-25 23:24:46,033] {dagbag.py:500} INFO - Filling up the DagBag from /Users/adebolafagbule/opt/anaconda3/envs/airflow_env/lib/python3.8/site-packages/airflow/example_dags/plugins/workday.py
[2022-03-25 23:24:46,055] {processor.py:656} WARNING - No viable dags retrieved from /Users/adebolafagbule/opt/anaconda3/envs/airflow_env/lib/python3.8/site-packages/airflow/example_dags/plugins/workday.py
[2022-03-25 23:24:46,056] {processor.py:171} INFO - Processing /Users/adebolafagbule/opt/anaconda3/envs/airflow_env/lib/python3.8/site-packages/airflow/example_dags/plugins/workday.py took 0.024 seconds
[2022-03-25 23:25:27,639] {processor.py:163} INFO - Started process (PID=26894) to work on /Users/adebolafagbule/opt/anaconda3/envs/airflow_env/lib/python3.8/site-packages/airflow/example_dags/plugins/workday.py
[2022-03-25 23:25:27,639] {processor.py:642} INFO - Processing file /Users/adebolafagbule/opt/anaconda3/envs/airflow_env/lib/python3.8/site-packages/airflow/example_dags/plugins/workday.py for tasks to queue
[2022-03-25 23:25:27,639] {logging_mixin.py:109} INFO - [2022-03-25 23:25:27,639] {dagbag.py:500} INFO - Filling up the DagBag from /Users/adebolafagbule/opt/anaconda3/envs/airflow_env/lib/python3.8/site-packages/airflow/example_dags/plugins/workday.py
[2022-03-25 23:25:27,661] {processor.py:656} WARNING - No viable dags retrieved from /Users/adebolafagbule/opt/anaconda3/envs/airflow_env/lib/python3.8/site-packages/airflow/example_dags/plugins/workday.py
[2022-03-25 23:25:27,663] {processor.py:171} INFO - Processing /Users/adebolafagbule/opt/anaconda3/envs/airflow_env/lib/python3.8/site-packages/airflow/example_dags/plugins/workday.py took 0.024 seconds
[2022-03-25 23:26:07,987] {processor.py:163} INFO - Started process (PID=26939) to work on /Users/adebolafagbule/opt/anaconda3/envs/airflow_env/lib/python3.8/site-packages/airflow/example_dags/plugins/workday.py
[2022-03-25 23:26:07,987] {processor.py:642} INFO - Processing file /Users/adebolafagbule/opt/anaconda3/envs/airflow_env/lib/python3.8/site-packages/airflow/example_dags/plugins/workday.py for tasks to queue
[2022-03-25 23:26:07,987] {logging_mixin.py:109} INFO - [2022-03-25 23:26:07,987] {dagbag.py:500} INFO - Filling up the DagBag from /Users/adebolafagbule/opt/anaconda3/envs/airflow_env/lib/python3.8/site-packages/airflow/example_dags/plugins/workday.py
[2022-03-25 23:26:08,010] {processor.py:656} WARNING - No viable dags retrieved from /Users/adebolafagbule/opt/anaconda3/envs/airflow_env/lib/python3.8/site-packages/airflow/example_dags/plugins/workday.py
[2022-03-25 23:26:08,012] {processor.py:171} INFO - Processing /Users/adebolafagbule/opt/anaconda3/envs/airflow_env/lib/python3.8/site-packages/airflow/example_dags/plugins/workday.py took 0.026 seconds
[2022-03-25 23:26:47,726] {processor.py:163} INFO - Started process (PID=26990) to work on /Users/adebolafagbule/opt/anaconda3/envs/airflow_env/lib/python3.8/site-packages/airflow/example_dags/plugins/workday.py
[2022-03-25 23:26:47,727] {processor.py:642} INFO - Processing file /Users/adebolafagbule/opt/anaconda3/envs/airflow_env/lib/python3.8/site-packages/airflow/example_dags/plugins/workday.py for tasks to queue
[2022-03-25 23:26:47,727] {logging_mixin.py:109} INFO - [2022-03-25 23:26:47,727] {dagbag.py:500} INFO - Filling up the DagBag from /Users/adebolafagbule/opt/anaconda3/envs/airflow_env/lib/python3.8/site-packages/airflow/example_dags/plugins/workday.py
[2022-03-25 23:26:47,749] {processor.py:656} WARNING - No viable dags retrieved from /Users/adebolafagbule/opt/anaconda3/envs/airflow_env/lib/python3.8/site-packages/airflow/example_dags/plugins/workday.py
[2022-03-25 23:26:47,750] {processor.py:171} INFO - Processing /Users/adebolafagbule/opt/anaconda3/envs/airflow_env/lib/python3.8/site-packages/airflow/example_dags/plugins/workday.py took 0.024 seconds
[2022-03-25 23:27:31,542] {processor.py:163} INFO - Started process (PID=27047) to work on /Users/adebolafagbule/opt/anaconda3/envs/airflow_env/lib/python3.8/site-packages/airflow/example_dags/plugins/workday.py
[2022-03-25 23:27:31,543] {processor.py:642} INFO - Processing file /Users/adebolafagbule/opt/anaconda3/envs/airflow_env/lib/python3.8/site-packages/airflow/example_dags/plugins/workday.py for tasks to queue
[2022-03-25 23:27:31,544] {logging_mixin.py:109} INFO - [2022-03-25 23:27:31,544] {dagbag.py:500} INFO - Filling up the DagBag from /Users/adebolafagbule/opt/anaconda3/envs/airflow_env/lib/python3.8/site-packages/airflow/example_dags/plugins/workday.py
[2022-03-25 23:27:31,588] {processor.py:656} WARNING - No viable dags retrieved from /Users/adebolafagbule/opt/anaconda3/envs/airflow_env/lib/python3.8/site-packages/airflow/example_dags/plugins/workday.py
[2022-03-25 23:27:31,590] {processor.py:171} INFO - Processing /Users/adebolafagbule/opt/anaconda3/envs/airflow_env/lib/python3.8/site-packages/airflow/example_dags/plugins/workday.py took 0.049 seconds
[2022-03-25 23:28:12,128] {processor.py:163} INFO - Started process (PID=27089) to work on /Users/adebolafagbule/opt/anaconda3/envs/airflow_env/lib/python3.8/site-packages/airflow/example_dags/plugins/workday.py
[2022-03-25 23:28:12,129] {processor.py:642} INFO - Processing file /Users/adebolafagbule/opt/anaconda3/envs/airflow_env/lib/python3.8/site-packages/airflow/example_dags/plugins/workday.py for tasks to queue
[2022-03-25 23:28:12,129] {logging_mixin.py:109} INFO - [2022-03-25 23:28:12,129] {dagbag.py:500} INFO - Filling up the DagBag from /Users/adebolafagbule/opt/anaconda3/envs/airflow_env/lib/python3.8/site-packages/airflow/example_dags/plugins/workday.py
[2022-03-25 23:28:12,150] {processor.py:656} WARNING - No viable dags retrieved from /Users/adebolafagbule/opt/anaconda3/envs/airflow_env/lib/python3.8/site-packages/airflow/example_dags/plugins/workday.py
[2022-03-25 23:28:12,151] {processor.py:171} INFO - Processing /Users/adebolafagbule/opt/anaconda3/envs/airflow_env/lib/python3.8/site-packages/airflow/example_dags/plugins/workday.py took 0.023 seconds
[2022-03-25 23:28:51,616] {processor.py:163} INFO - Started process (PID=27128) to work on /Users/adebolafagbule/opt/anaconda3/envs/airflow_env/lib/python3.8/site-packages/airflow/example_dags/plugins/workday.py
[2022-03-25 23:28:51,616] {processor.py:642} INFO - Processing file /Users/adebolafagbule/opt/anaconda3/envs/airflow_env/lib/python3.8/site-packages/airflow/example_dags/plugins/workday.py for tasks to queue
[2022-03-25 23:28:51,617] {logging_mixin.py:109} INFO - [2022-03-25 23:28:51,617] {dagbag.py:500} INFO - Filling up the DagBag from /Users/adebolafagbule/opt/anaconda3/envs/airflow_env/lib/python3.8/site-packages/airflow/example_dags/plugins/workday.py
[2022-03-25 23:28:51,639] {processor.py:656} WARNING - No viable dags retrieved from /Users/adebolafagbule/opt/anaconda3/envs/airflow_env/lib/python3.8/site-packages/airflow/example_dags/plugins/workday.py
[2022-03-25 23:28:51,640] {processor.py:171} INFO - Processing /Users/adebolafagbule/opt/anaconda3/envs/airflow_env/lib/python3.8/site-packages/airflow/example_dags/plugins/workday.py took 0.025 seconds
[2022-03-25 23:29:31,729] {processor.py:163} INFO - Started process (PID=27170) to work on /Users/adebolafagbule/opt/anaconda3/envs/airflow_env/lib/python3.8/site-packages/airflow/example_dags/plugins/workday.py
[2022-03-25 23:29:31,730] {processor.py:642} INFO - Processing file /Users/adebolafagbule/opt/anaconda3/envs/airflow_env/lib/python3.8/site-packages/airflow/example_dags/plugins/workday.py for tasks to queue
[2022-03-25 23:29:31,731] {logging_mixin.py:109} INFO - [2022-03-25 23:29:31,731] {dagbag.py:500} INFO - Filling up the DagBag from /Users/adebolafagbule/opt/anaconda3/envs/airflow_env/lib/python3.8/site-packages/airflow/example_dags/plugins/workday.py
[2022-03-25 23:29:31,751] {processor.py:656} WARNING - No viable dags retrieved from /Users/adebolafagbule/opt/anaconda3/envs/airflow_env/lib/python3.8/site-packages/airflow/example_dags/plugins/workday.py
[2022-03-25 23:29:31,752] {processor.py:171} INFO - Processing /Users/adebolafagbule/opt/anaconda3/envs/airflow_env/lib/python3.8/site-packages/airflow/example_dags/plugins/workday.py took 0.024 seconds
[2022-03-25 23:30:15,105] {processor.py:163} INFO - Started process (PID=27232) to work on /Users/adebolafagbule/opt/anaconda3/envs/airflow_env/lib/python3.8/site-packages/airflow/example_dags/plugins/workday.py
[2022-03-25 23:30:15,108] {processor.py:642} INFO - Processing file /Users/adebolafagbule/opt/anaconda3/envs/airflow_env/lib/python3.8/site-packages/airflow/example_dags/plugins/workday.py for tasks to queue
[2022-03-25 23:30:15,109] {logging_mixin.py:109} INFO - [2022-03-25 23:30:15,109] {dagbag.py:500} INFO - Filling up the DagBag from /Users/adebolafagbule/opt/anaconda3/envs/airflow_env/lib/python3.8/site-packages/airflow/example_dags/plugins/workday.py
[2022-03-25 23:30:15,131] {processor.py:656} WARNING - No viable dags retrieved from /Users/adebolafagbule/opt/anaconda3/envs/airflow_env/lib/python3.8/site-packages/airflow/example_dags/plugins/workday.py
[2022-03-25 23:30:15,133] {processor.py:171} INFO - Processing /Users/adebolafagbule/opt/anaconda3/envs/airflow_env/lib/python3.8/site-packages/airflow/example_dags/plugins/workday.py took 0.028 seconds
[2022-03-25 23:30:58,638] {processor.py:163} INFO - Started process (PID=27281) to work on /Users/adebolafagbule/opt/anaconda3/envs/airflow_env/lib/python3.8/site-packages/airflow/example_dags/plugins/workday.py
[2022-03-25 23:30:58,639] {processor.py:642} INFO - Processing file /Users/adebolafagbule/opt/anaconda3/envs/airflow_env/lib/python3.8/site-packages/airflow/example_dags/plugins/workday.py for tasks to queue
[2022-03-25 23:30:58,640] {logging_mixin.py:109} INFO - [2022-03-25 23:30:58,639] {dagbag.py:500} INFO - Filling up the DagBag from /Users/adebolafagbule/opt/anaconda3/envs/airflow_env/lib/python3.8/site-packages/airflow/example_dags/plugins/workday.py
[2022-03-25 23:30:58,662] {processor.py:656} WARNING - No viable dags retrieved from /Users/adebolafagbule/opt/anaconda3/envs/airflow_env/lib/python3.8/site-packages/airflow/example_dags/plugins/workday.py
[2022-03-25 23:30:58,664] {processor.py:171} INFO - Processing /Users/adebolafagbule/opt/anaconda3/envs/airflow_env/lib/python3.8/site-packages/airflow/example_dags/plugins/workday.py took 0.026 seconds
[2022-03-25 23:31:41,891] {processor.py:163} INFO - Started process (PID=27325) to work on /Users/adebolafagbule/opt/anaconda3/envs/airflow_env/lib/python3.8/site-packages/airflow/example_dags/plugins/workday.py
[2022-03-25 23:31:41,891] {processor.py:642} INFO - Processing file /Users/adebolafagbule/opt/anaconda3/envs/airflow_env/lib/python3.8/site-packages/airflow/example_dags/plugins/workday.py for tasks to queue
[2022-03-25 23:31:41,892] {logging_mixin.py:109} INFO - [2022-03-25 23:31:41,892] {dagbag.py:500} INFO - Filling up the DagBag from /Users/adebolafagbule/opt/anaconda3/envs/airflow_env/lib/python3.8/site-packages/airflow/example_dags/plugins/workday.py
[2022-03-25 23:31:41,916] {processor.py:656} WARNING - No viable dags retrieved from /Users/adebolafagbule/opt/anaconda3/envs/airflow_env/lib/python3.8/site-packages/airflow/example_dags/plugins/workday.py
[2022-03-25 23:31:41,917] {processor.py:171} INFO - Processing /Users/adebolafagbule/opt/anaconda3/envs/airflow_env/lib/python3.8/site-packages/airflow/example_dags/plugins/workday.py took 0.027 seconds
[2022-03-25 23:32:24,352] {processor.py:163} INFO - Started process (PID=27368) to work on /Users/adebolafagbule/opt/anaconda3/envs/airflow_env/lib/python3.8/site-packages/airflow/example_dags/plugins/workday.py
[2022-03-25 23:32:24,353] {processor.py:642} INFO - Processing file /Users/adebolafagbule/opt/anaconda3/envs/airflow_env/lib/python3.8/site-packages/airflow/example_dags/plugins/workday.py for tasks to queue
[2022-03-25 23:32:24,353] {logging_mixin.py:109} INFO - [2022-03-25 23:32:24,353] {dagbag.py:500} INFO - Filling up the DagBag from /Users/adebolafagbule/opt/anaconda3/envs/airflow_env/lib/python3.8/site-packages/airflow/example_dags/plugins/workday.py
[2022-03-25 23:32:24,374] {processor.py:656} WARNING - No viable dags retrieved from /Users/adebolafagbule/opt/anaconda3/envs/airflow_env/lib/python3.8/site-packages/airflow/example_dags/plugins/workday.py
[2022-03-25 23:32:24,376] {processor.py:171} INFO - Processing /Users/adebolafagbule/opt/anaconda3/envs/airflow_env/lib/python3.8/site-packages/airflow/example_dags/plugins/workday.py took 0.025 seconds
[2022-03-25 23:33:05,846] {processor.py:163} INFO - Started process (PID=27412) to work on /Users/adebolafagbule/opt/anaconda3/envs/airflow_env/lib/python3.8/site-packages/airflow/example_dags/plugins/workday.py
[2022-03-25 23:33:05,848] {processor.py:642} INFO - Processing file /Users/adebolafagbule/opt/anaconda3/envs/airflow_env/lib/python3.8/site-packages/airflow/example_dags/plugins/workday.py for tasks to queue
[2022-03-25 23:33:05,848] {logging_mixin.py:109} INFO - [2022-03-25 23:33:05,848] {dagbag.py:500} INFO - Filling up the DagBag from /Users/adebolafagbule/opt/anaconda3/envs/airflow_env/lib/python3.8/site-packages/airflow/example_dags/plugins/workday.py
[2022-03-25 23:33:05,870] {processor.py:656} WARNING - No viable dags retrieved from /Users/adebolafagbule/opt/anaconda3/envs/airflow_env/lib/python3.8/site-packages/airflow/example_dags/plugins/workday.py
[2022-03-25 23:33:05,871] {processor.py:171} INFO - Processing /Users/adebolafagbule/opt/anaconda3/envs/airflow_env/lib/python3.8/site-packages/airflow/example_dags/plugins/workday.py took 0.025 seconds
