[2022-03-20 20:23:43,121] {taskinstance.py:1037} INFO - Dependencies all met for <TaskInstance: example_branch_datetime_operator_2.datetime_branch scheduled__2022-03-20T00:00:00+00:00 [queued]>
[2022-03-20 20:23:43,128] {taskinstance.py:1037} INFO - Dependencies all met for <TaskInstance: example_branch_datetime_operator_2.datetime_branch scheduled__2022-03-20T00:00:00+00:00 [queued]>
[2022-03-20 20:23:43,128] {taskinstance.py:1243} INFO - 
--------------------------------------------------------------------------------
[2022-03-20 20:23:43,128] {taskinstance.py:1244} INFO - Starting attempt 1 of 1
[2022-03-20 20:23:43,128] {taskinstance.py:1245} INFO - 
--------------------------------------------------------------------------------
[2022-03-20 20:23:43,164] {taskinstance.py:1264} INFO - Executing <Task(BranchDateTimeOperator): datetime_branch> on 2022-03-20 00:00:00+00:00
[2022-03-20 20:23:43,168] {standard_task_runner.py:52} INFO - Started process 40565 to run task
[2022-03-20 20:23:43,238] {standard_task_runner.py:76} INFO - Running: ['airflow', 'tasks', 'run', 'example_branch_datetime_operator_2', 'datetime_branch', 'scheduled__2022-03-20T00:00:00+00:00', '--job-id', '5', '--raw', '--subdir', '/Users/adebolafagbule/opt/anaconda3/envs/airflow_env/lib/python3.8/site-packages/airflow/example_dags/example_branch_datetime_operator.py', '--cfg-path', '/var/folders/1v/qwnb14hd7z7dhfn3xtt04sym0000gn/T/tmp21ksvmkc', '--error-file', '/var/folders/1v/qwnb14hd7z7dhfn3xtt04sym0000gn/T/tmprkyntxat']
[2022-03-20 20:23:43,241] {standard_task_runner.py:77} INFO - Job 5: Subtask datetime_branch
[2022-03-20 20:23:43,382] {logging_mixin.py:109} INFO - Running <TaskInstance: example_branch_datetime_operator_2.datetime_branch scheduled__2022-03-20T00:00:00+00:00 [running]> on host adebolas-mbp.hsd1.md.comcast.net
[2022-03-20 20:23:43,415] {taskinstance.py:1429} INFO - Exporting the following env vars:
AIRFLOW_CTX_DAG_OWNER=airflow
AIRFLOW_CTX_DAG_ID=example_branch_datetime_operator_2
AIRFLOW_CTX_TASK_ID=datetime_branch
AIRFLOW_CTX_EXECUTION_DATE=2022-03-20T00:00:00+00:00
AIRFLOW_CTX_DAG_RUN_ID=scheduled__2022-03-20T00:00:00+00:00
[2022-03-20 20:23:43,415] {skipmixin.py:140} INFO - Following branch ['date_outside_range']
[2022-03-20 20:23:43,416] {skipmixin.py:171} INFO - Skipping tasks ['date_in_range']
[2022-03-20 20:23:43,432] {taskinstance.py:1272} INFO - Marking task as SUCCESS. dag_id=example_branch_datetime_operator_2, task_id=datetime_branch, execution_date=20220320T000000, start_date=20220321T002343, end_date=20220321T002343
[2022-03-20 20:23:43,459] {local_task_job.py:154} INFO - Task exited with return code 0
[2022-03-20 20:23:43,491] {local_task_job.py:264} INFO - 1 downstream tasks scheduled from follow-on schedule check
