[2022-03-25 09:19:46,462] {taskinstance.py:1037} INFO - Dependencies all met for <TaskInstance: class_training.Print_End_Time manual__2022-03-25T13:19:29.888778+00:00 [queued]>
[2022-03-25 09:19:46,467] {taskinstance.py:1037} INFO - Dependencies all met for <TaskInstance: class_training.Print_End_Time manual__2022-03-25T13:19:29.888778+00:00 [queued]>
[2022-03-25 09:19:46,467] {taskinstance.py:1243} INFO - 
--------------------------------------------------------------------------------
[2022-03-25 09:19:46,467] {taskinstance.py:1244} INFO - Starting attempt 1 of 2
[2022-03-25 09:19:46,467] {taskinstance.py:1245} INFO - 
--------------------------------------------------------------------------------
[2022-03-25 09:19:46,472] {taskinstance.py:1264} INFO - Executing <Task(BashOperator): Print_End_Time> on 2022-03-25 13:19:29.888778+00:00
[2022-03-25 09:19:46,475] {standard_task_runner.py:52} INFO - Started process 24239 to run task
[2022-03-25 09:19:46,479] {standard_task_runner.py:76} INFO - Running: ['airflow', 'tasks', 'run', 'class_training', 'Print_End_Time', 'manual__2022-03-25T13:19:29.888778+00:00', '--job-id', '14', '--raw', '--subdir', 'DAGS_FOLDER/class_training.py', '--cfg-path', '/var/folders/1v/qwnb14hd7z7dhfn3xtt04sym0000gn/T/tmp24jxlmgd', '--error-file', '/var/folders/1v/qwnb14hd7z7dhfn3xtt04sym0000gn/T/tmpk5hi26l3']
[2022-03-25 09:19:46,481] {standard_task_runner.py:77} INFO - Job 14: Subtask Print_End_Time
[2022-03-25 09:19:46,518] {logging_mixin.py:109} INFO - Running <TaskInstance: class_training.Print_End_Time manual__2022-03-25T13:19:29.888778+00:00 [running]> on host adebolas-mbp.hsd1.md.comcast.net
[2022-03-25 09:19:46,543] {taskinstance.py:1429} INFO - Exporting the following env vars:
AIRFLOW_CTX_DAG_EMAIL=adebola.fagbule1@gmail.com
AIRFLOW_CTX_DAG_OWNER=airflow
AIRFLOW_CTX_DAG_ID=class_training
AIRFLOW_CTX_TASK_ID=Print_End_Time
AIRFLOW_CTX_EXECUTION_DATE=2022-03-25T13:19:29.888778+00:00
AIRFLOW_CTX_DAG_RUN_ID=manual__2022-03-25T13:19:29.888778+00:00
[2022-03-25 09:19:46,544] {subprocess.py:62} INFO - Tmp dir root location: 
 /var/folders/1v/qwnb14hd7z7dhfn3xtt04sym0000gn/T
[2022-03-25 09:19:46,544] {subprocess.py:74} INFO - Running command: ['bash', '-c', 'date']
[2022-03-25 09:19:46,550] {subprocess.py:85} INFO - Output:
[2022-03-25 09:19:46,554] {subprocess.py:89} INFO - Fri Mar 25 09:19:46 EDT 2022
[2022-03-25 09:19:46,554] {subprocess.py:93} INFO - Command exited with return code 0
[2022-03-25 09:19:46,568] {taskinstance.py:1272} INFO - Marking task as SUCCESS. dag_id=class_training, task_id=Print_End_Time, execution_date=20220325T131929, start_date=20220325T131946, end_date=20220325T131946
[2022-03-25 09:19:46,622] {local_task_job.py:154} INFO - Task exited with return code 0
[2022-03-25 09:19:46,644] {local_task_job.py:264} INFO - 0 downstream tasks scheduled from follow-on schedule check
