[2022-03-21 21:44:03,173] {processor.py:163} INFO - Started process (PID=61174) to work on /Users/adebolafagbule/opt/anaconda3/envs/airflow_env/lib/python3.8/site-packages/airflow/example_dags/example_branch_labels.py
[2022-03-21 21:44:03,174] {processor.py:642} INFO - Processing file /Users/adebolafagbule/opt/anaconda3/envs/airflow_env/lib/python3.8/site-packages/airflow/example_dags/example_branch_labels.py for tasks to queue
[2022-03-21 21:44:03,174] {logging_mixin.py:109} INFO - [2022-03-21 21:44:03,174] {dagbag.py:500} INFO - Filling up the DagBag from /Users/adebolafagbule/opt/anaconda3/envs/airflow_env/lib/python3.8/site-packages/airflow/example_dags/example_branch_labels.py
[2022-03-21 21:44:03,246] {processor.py:654} INFO - DAG(s) dict_keys(['example_branch_labels']) retrieved from /Users/adebolafagbule/opt/anaconda3/envs/airflow_env/lib/python3.8/site-packages/airflow/example_dags/example_branch_labels.py
[2022-03-21 21:44:03,279] {logging_mixin.py:109} INFO - [2022-03-21 21:44:03,279] {dag.py:2398} INFO - Sync 1 DAGs
[2022-03-21 21:44:03,301] {logging_mixin.py:109} INFO - [2022-03-21 21:44:03,301] {dag.py:2937} INFO - Setting next_dagrun for example_branch_labels to 2022-03-21 00:00:00+00:00
[2022-03-21 21:44:03,314] {processor.py:171} INFO - Processing /Users/adebolafagbule/opt/anaconda3/envs/airflow_env/lib/python3.8/site-packages/airflow/example_dags/example_branch_labels.py took 0.142 seconds
[2022-03-22 04:36:51,143] {processor.py:163} INFO - Started process (PID=61381) to work on /Users/adebolafagbule/opt/anaconda3/envs/airflow_env/lib/python3.8/site-packages/airflow/example_dags/example_branch_labels.py
[2022-03-22 04:36:51,145] {processor.py:642} INFO - Processing file /Users/adebolafagbule/opt/anaconda3/envs/airflow_env/lib/python3.8/site-packages/airflow/example_dags/example_branch_labels.py for tasks to queue
[2022-03-22 04:36:51,146] {logging_mixin.py:109} INFO - [2022-03-22 04:36:51,145] {dagbag.py:500} INFO - Filling up the DagBag from /Users/adebolafagbule/opt/anaconda3/envs/airflow_env/lib/python3.8/site-packages/airflow/example_dags/example_branch_labels.py
[2022-03-22 04:36:51,216] {processor.py:654} INFO - DAG(s) dict_keys(['example_branch_labels']) retrieved from /Users/adebolafagbule/opt/anaconda3/envs/airflow_env/lib/python3.8/site-packages/airflow/example_dags/example_branch_labels.py
[2022-03-22 04:36:51,249] {logging_mixin.py:109} INFO - [2022-03-22 04:36:51,249] {dag.py:2398} INFO - Sync 1 DAGs
[2022-03-22 04:36:51,272] {logging_mixin.py:109} INFO - [2022-03-22 04:36:51,272] {dag.py:2937} INFO - Setting next_dagrun for example_branch_labels to 2022-03-21 00:00:00+00:00
[2022-03-22 04:36:51,284] {processor.py:171} INFO - Processing /Users/adebolafagbule/opt/anaconda3/envs/airflow_env/lib/python3.8/site-packages/airflow/example_dags/example_branch_labels.py took 0.142 seconds
[2022-03-22 08:10:25,962] {processor.py:163} INFO - Started process (PID=61526) to work on /Users/adebolafagbule/opt/anaconda3/envs/airflow_env/lib/python3.8/site-packages/airflow/example_dags/example_branch_labels.py
[2022-03-22 08:10:25,964] {processor.py:642} INFO - Processing file /Users/adebolafagbule/opt/anaconda3/envs/airflow_env/lib/python3.8/site-packages/airflow/example_dags/example_branch_labels.py for tasks to queue
[2022-03-22 08:10:25,966] {logging_mixin.py:109} INFO - [2022-03-22 08:10:25,966] {dagbag.py:500} INFO - Filling up the DagBag from /Users/adebolafagbule/opt/anaconda3/envs/airflow_env/lib/python3.8/site-packages/airflow/example_dags/example_branch_labels.py
[2022-03-22 08:10:26,107] {processor.py:654} INFO - DAG(s) dict_keys(['example_branch_labels']) retrieved from /Users/adebolafagbule/opt/anaconda3/envs/airflow_env/lib/python3.8/site-packages/airflow/example_dags/example_branch_labels.py
[2022-03-22 08:10:26,139] {logging_mixin.py:109} INFO - [2022-03-22 08:10:26,139] {dag.py:2398} INFO - Sync 1 DAGs
[2022-03-22 08:10:26,200] {logging_mixin.py:109} INFO - [2022-03-22 08:10:26,200] {dag.py:2937} INFO - Setting next_dagrun for example_branch_labels to 2022-03-21 00:00:00+00:00
[2022-03-22 08:10:26,230] {processor.py:171} INFO - Processing /Users/adebolafagbule/opt/anaconda3/envs/airflow_env/lib/python3.8/site-packages/airflow/example_dags/example_branch_labels.py took 0.270 seconds
[2022-03-22 08:41:34,156] {processor.py:163} INFO - Started process (PID=61730) to work on /Users/adebolafagbule/opt/anaconda3/envs/airflow_env/lib/python3.8/site-packages/airflow/example_dags/example_branch_labels.py
[2022-03-22 08:41:34,157] {processor.py:642} INFO - Processing file /Users/adebolafagbule/opt/anaconda3/envs/airflow_env/lib/python3.8/site-packages/airflow/example_dags/example_branch_labels.py for tasks to queue
[2022-03-22 08:41:34,158] {logging_mixin.py:109} INFO - [2022-03-22 08:41:34,158] {dagbag.py:500} INFO - Filling up the DagBag from /Users/adebolafagbule/opt/anaconda3/envs/airflow_env/lib/python3.8/site-packages/airflow/example_dags/example_branch_labels.py
[2022-03-22 08:41:34,215] {processor.py:654} INFO - DAG(s) dict_keys(['example_branch_labels']) retrieved from /Users/adebolafagbule/opt/anaconda3/envs/airflow_env/lib/python3.8/site-packages/airflow/example_dags/example_branch_labels.py
[2022-03-22 08:41:34,241] {logging_mixin.py:109} INFO - [2022-03-22 08:41:34,240] {dag.py:2398} INFO - Sync 1 DAGs
[2022-03-22 08:41:34,257] {logging_mixin.py:109} INFO - [2022-03-22 08:41:34,257] {dag.py:2937} INFO - Setting next_dagrun for example_branch_labels to 2022-03-21 00:00:00+00:00
[2022-03-22 08:41:34,266] {processor.py:171} INFO - Processing /Users/adebolafagbule/opt/anaconda3/envs/airflow_env/lib/python3.8/site-packages/airflow/example_dags/example_branch_labels.py took 0.111 seconds
[2022-03-22 09:35:41,084] {processor.py:163} INFO - Started process (PID=61890) to work on /Users/adebolafagbule/opt/anaconda3/envs/airflow_env/lib/python3.8/site-packages/airflow/example_dags/example_branch_labels.py
[2022-03-22 09:35:41,084] {processor.py:642} INFO - Processing file /Users/adebolafagbule/opt/anaconda3/envs/airflow_env/lib/python3.8/site-packages/airflow/example_dags/example_branch_labels.py for tasks to queue
[2022-03-22 09:35:41,085] {logging_mixin.py:109} INFO - [2022-03-22 09:35:41,085] {dagbag.py:500} INFO - Filling up the DagBag from /Users/adebolafagbule/opt/anaconda3/envs/airflow_env/lib/python3.8/site-packages/airflow/example_dags/example_branch_labels.py
[2022-03-22 09:35:41,113] {processor.py:654} INFO - DAG(s) dict_keys(['example_branch_labels']) retrieved from /Users/adebolafagbule/opt/anaconda3/envs/airflow_env/lib/python3.8/site-packages/airflow/example_dags/example_branch_labels.py
[2022-03-22 09:35:41,127] {logging_mixin.py:109} INFO - [2022-03-22 09:35:41,127] {dag.py:2398} INFO - Sync 1 DAGs
[2022-03-22 09:35:41,135] {logging_mixin.py:109} INFO - [2022-03-22 09:35:41,135] {dag.py:2937} INFO - Setting next_dagrun for example_branch_labels to 2022-03-21 00:00:00+00:00
[2022-03-22 09:35:41,143] {processor.py:171} INFO - Processing /Users/adebolafagbule/opt/anaconda3/envs/airflow_env/lib/python3.8/site-packages/airflow/example_dags/example_branch_labels.py took 0.060 seconds
[2022-03-22 10:11:03,000] {processor.py:163} INFO - Started process (PID=62033) to work on /Users/adebolafagbule/opt/anaconda3/envs/airflow_env/lib/python3.8/site-packages/airflow/example_dags/example_branch_labels.py
[2022-03-22 10:11:03,002] {processor.py:642} INFO - Processing file /Users/adebolafagbule/opt/anaconda3/envs/airflow_env/lib/python3.8/site-packages/airflow/example_dags/example_branch_labels.py for tasks to queue
[2022-03-22 10:11:03,003] {logging_mixin.py:109} INFO - [2022-03-22 10:11:03,003] {dagbag.py:500} INFO - Filling up the DagBag from /Users/adebolafagbule/opt/anaconda3/envs/airflow_env/lib/python3.8/site-packages/airflow/example_dags/example_branch_labels.py
[2022-03-22 10:11:03,059] {processor.py:654} INFO - DAG(s) dict_keys(['example_branch_labels']) retrieved from /Users/adebolafagbule/opt/anaconda3/envs/airflow_env/lib/python3.8/site-packages/airflow/example_dags/example_branch_labels.py
[2022-03-22 10:11:03,085] {logging_mixin.py:109} INFO - [2022-03-22 10:11:03,085] {dag.py:2398} INFO - Sync 1 DAGs
[2022-03-22 10:11:03,104] {logging_mixin.py:109} INFO - [2022-03-22 10:11:03,104] {dag.py:2937} INFO - Setting next_dagrun for example_branch_labels to 2022-03-21 00:00:00+00:00
[2022-03-22 10:11:03,114] {processor.py:171} INFO - Processing /Users/adebolafagbule/opt/anaconda3/envs/airflow_env/lib/python3.8/site-packages/airflow/example_dags/example_branch_labels.py took 0.114 seconds
[2022-03-22 10:46:44,908] {processor.py:163} INFO - Started process (PID=62113) to work on /Users/adebolafagbule/opt/anaconda3/envs/airflow_env/lib/python3.8/site-packages/airflow/example_dags/example_branch_labels.py
[2022-03-22 10:46:45,019] {processor.py:642} INFO - Processing file /Users/adebolafagbule/opt/anaconda3/envs/airflow_env/lib/python3.8/site-packages/airflow/example_dags/example_branch_labels.py for tasks to queue
[2022-03-22 10:46:45,020] {logging_mixin.py:109} INFO - [2022-03-22 10:46:45,020] {dagbag.py:500} INFO - Filling up the DagBag from /Users/adebolafagbule/opt/anaconda3/envs/airflow_env/lib/python3.8/site-packages/airflow/example_dags/example_branch_labels.py
[2022-03-22 10:46:45,097] {processor.py:654} INFO - DAG(s) dict_keys(['example_branch_labels']) retrieved from /Users/adebolafagbule/opt/anaconda3/envs/airflow_env/lib/python3.8/site-packages/airflow/example_dags/example_branch_labels.py
[2022-03-22 10:46:45,170] {logging_mixin.py:109} INFO - [2022-03-22 10:46:45,170] {dag.py:2398} INFO - Sync 1 DAGs
[2022-03-22 10:46:45,195] {logging_mixin.py:109} INFO - [2022-03-22 10:46:45,195] {dag.py:2937} INFO - Setting next_dagrun for example_branch_labels to 2022-03-21 00:00:00+00:00
[2022-03-22 10:46:45,209] {processor.py:171} INFO - Processing /Users/adebolafagbule/opt/anaconda3/envs/airflow_env/lib/python3.8/site-packages/airflow/example_dags/example_branch_labels.py took 0.302 seconds
[2022-03-22 11:01:26,019] {processor.py:163} INFO - Started process (PID=62245) to work on /Users/adebolafagbule/opt/anaconda3/envs/airflow_env/lib/python3.8/site-packages/airflow/example_dags/example_branch_labels.py
[2022-03-22 11:01:26,022] {processor.py:642} INFO - Processing file /Users/adebolafagbule/opt/anaconda3/envs/airflow_env/lib/python3.8/site-packages/airflow/example_dags/example_branch_labels.py for tasks to queue
[2022-03-22 11:01:26,022] {logging_mixin.py:109} INFO - [2022-03-22 11:01:26,022] {dagbag.py:500} INFO - Filling up the DagBag from /Users/adebolafagbule/opt/anaconda3/envs/airflow_env/lib/python3.8/site-packages/airflow/example_dags/example_branch_labels.py
[2022-03-22 11:01:26,053] {processor.py:654} INFO - DAG(s) dict_keys(['example_branch_labels']) retrieved from /Users/adebolafagbule/opt/anaconda3/envs/airflow_env/lib/python3.8/site-packages/airflow/example_dags/example_branch_labels.py
[2022-03-22 11:01:26,066] {logging_mixin.py:109} INFO - [2022-03-22 11:01:26,066] {dag.py:2398} INFO - Sync 1 DAGs
[2022-03-22 11:01:26,074] {logging_mixin.py:109} INFO - [2022-03-22 11:01:26,074] {dag.py:2937} INFO - Setting next_dagrun for example_branch_labels to 2022-03-21 00:00:00+00:00
[2022-03-22 11:01:26,079] {processor.py:171} INFO - Processing /Users/adebolafagbule/opt/anaconda3/envs/airflow_env/lib/python3.8/site-packages/airflow/example_dags/example_branch_labels.py took 0.061 seconds
[2022-03-22 11:02:42,107] {processor.py:163} INFO - Started process (PID=62416) to work on /Users/adebolafagbule/opt/anaconda3/envs/airflow_env/lib/python3.8/site-packages/airflow/example_dags/example_branch_labels.py
[2022-03-22 11:02:42,107] {processor.py:642} INFO - Processing file /Users/adebolafagbule/opt/anaconda3/envs/airflow_env/lib/python3.8/site-packages/airflow/example_dags/example_branch_labels.py for tasks to queue
[2022-03-22 11:02:42,107] {logging_mixin.py:109} INFO - [2022-03-22 11:02:42,107] {dagbag.py:500} INFO - Filling up the DagBag from /Users/adebolafagbule/opt/anaconda3/envs/airflow_env/lib/python3.8/site-packages/airflow/example_dags/example_branch_labels.py
[2022-03-22 11:02:42,135] {processor.py:654} INFO - DAG(s) dict_keys(['example_branch_labels']) retrieved from /Users/adebolafagbule/opt/anaconda3/envs/airflow_env/lib/python3.8/site-packages/airflow/example_dags/example_branch_labels.py
[2022-03-22 11:02:42,149] {logging_mixin.py:109} INFO - [2022-03-22 11:02:42,149] {dag.py:2398} INFO - Sync 1 DAGs
[2022-03-22 11:02:42,158] {logging_mixin.py:109} INFO - [2022-03-22 11:02:42,158] {dag.py:2937} INFO - Setting next_dagrun for example_branch_labels to 2022-03-21 00:00:00+00:00
[2022-03-22 11:02:42,163] {processor.py:171} INFO - Processing /Users/adebolafagbule/opt/anaconda3/envs/airflow_env/lib/python3.8/site-packages/airflow/example_dags/example_branch_labels.py took 0.057 seconds
[2022-03-22 11:03:57,885] {processor.py:163} INFO - Started process (PID=62502) to work on /Users/adebolafagbule/opt/anaconda3/envs/airflow_env/lib/python3.8/site-packages/airflow/example_dags/example_branch_labels.py
[2022-03-22 11:03:57,887] {processor.py:642} INFO - Processing file /Users/adebolafagbule/opt/anaconda3/envs/airflow_env/lib/python3.8/site-packages/airflow/example_dags/example_branch_labels.py for tasks to queue
[2022-03-22 11:03:57,888] {logging_mixin.py:109} INFO - [2022-03-22 11:03:57,888] {dagbag.py:500} INFO - Filling up the DagBag from /Users/adebolafagbule/opt/anaconda3/envs/airflow_env/lib/python3.8/site-packages/airflow/example_dags/example_branch_labels.py
[2022-03-22 11:03:57,931] {processor.py:654} INFO - DAG(s) dict_keys(['example_branch_labels']) retrieved from /Users/adebolafagbule/opt/anaconda3/envs/airflow_env/lib/python3.8/site-packages/airflow/example_dags/example_branch_labels.py
[2022-03-22 11:03:57,945] {logging_mixin.py:109} INFO - [2022-03-22 11:03:57,945] {dag.py:2398} INFO - Sync 1 DAGs
[2022-03-22 11:03:57,954] {logging_mixin.py:109} INFO - [2022-03-22 11:03:57,954] {dag.py:2937} INFO - Setting next_dagrun for example_branch_labels to 2022-03-21 00:00:00+00:00
[2022-03-22 11:03:57,960] {processor.py:171} INFO - Processing /Users/adebolafagbule/opt/anaconda3/envs/airflow_env/lib/python3.8/site-packages/airflow/example_dags/example_branch_labels.py took 0.075 seconds
[2022-03-22 11:22:52,902] {processor.py:163} INFO - Started process (PID=62597) to work on /Users/adebolafagbule/opt/anaconda3/envs/airflow_env/lib/python3.8/site-packages/airflow/example_dags/example_branch_labels.py
[2022-03-22 11:22:52,905] {processor.py:642} INFO - Processing file /Users/adebolafagbule/opt/anaconda3/envs/airflow_env/lib/python3.8/site-packages/airflow/example_dags/example_branch_labels.py for tasks to queue
[2022-03-22 11:22:52,909] {logging_mixin.py:109} INFO - [2022-03-22 11:22:52,909] {dagbag.py:500} INFO - Filling up the DagBag from /Users/adebolafagbule/opt/anaconda3/envs/airflow_env/lib/python3.8/site-packages/airflow/example_dags/example_branch_labels.py
[2022-03-22 11:22:53,187] {processor.py:654} INFO - DAG(s) dict_keys(['example_branch_labels']) retrieved from /Users/adebolafagbule/opt/anaconda3/envs/airflow_env/lib/python3.8/site-packages/airflow/example_dags/example_branch_labels.py
[2022-03-22 11:22:53,382] {logging_mixin.py:109} INFO - [2022-03-22 11:22:53,381] {dag.py:2398} INFO - Sync 1 DAGs
[2022-03-22 11:22:53,450] {logging_mixin.py:109} INFO - [2022-03-22 11:22:53,448] {dag.py:2937} INFO - Setting next_dagrun for example_branch_labels to 2022-03-21 00:00:00+00:00
[2022-03-22 11:22:53,504] {processor.py:171} INFO - Processing /Users/adebolafagbule/opt/anaconda3/envs/airflow_env/lib/python3.8/site-packages/airflow/example_dags/example_branch_labels.py took 0.611 seconds
[2022-03-22 12:12:16,943] {processor.py:163} INFO - Started process (PID=62779) to work on /Users/adebolafagbule/opt/anaconda3/envs/airflow_env/lib/python3.8/site-packages/airflow/example_dags/example_branch_labels.py
[2022-03-22 12:12:16,945] {processor.py:642} INFO - Processing file /Users/adebolafagbule/opt/anaconda3/envs/airflow_env/lib/python3.8/site-packages/airflow/example_dags/example_branch_labels.py for tasks to queue
[2022-03-22 12:12:16,946] {logging_mixin.py:109} INFO - [2022-03-22 12:12:16,945] {dagbag.py:500} INFO - Filling up the DagBag from /Users/adebolafagbule/opt/anaconda3/envs/airflow_env/lib/python3.8/site-packages/airflow/example_dags/example_branch_labels.py
[2022-03-22 12:12:16,999] {processor.py:654} INFO - DAG(s) dict_keys(['example_branch_labels']) retrieved from /Users/adebolafagbule/opt/anaconda3/envs/airflow_env/lib/python3.8/site-packages/airflow/example_dags/example_branch_labels.py
[2022-03-22 12:12:17,024] {logging_mixin.py:109} INFO - [2022-03-22 12:12:17,024] {dag.py:2398} INFO - Sync 1 DAGs
[2022-03-22 12:12:17,041] {logging_mixin.py:109} INFO - [2022-03-22 12:12:17,041] {dag.py:2937} INFO - Setting next_dagrun for example_branch_labels to 2022-03-21 00:00:00+00:00
[2022-03-22 12:12:17,050] {processor.py:171} INFO - Processing /Users/adebolafagbule/opt/anaconda3/envs/airflow_env/lib/python3.8/site-packages/airflow/example_dags/example_branch_labels.py took 0.108 seconds
[2022-03-22 12:47:01,023] {processor.py:163} INFO - Started process (PID=62866) to work on /Users/adebolafagbule/opt/anaconda3/envs/airflow_env/lib/python3.8/site-packages/airflow/example_dags/example_branch_labels.py
[2022-03-22 12:47:01,025] {processor.py:642} INFO - Processing file /Users/adebolafagbule/opt/anaconda3/envs/airflow_env/lib/python3.8/site-packages/airflow/example_dags/example_branch_labels.py for tasks to queue
[2022-03-22 12:47:01,026] {logging_mixin.py:109} INFO - [2022-03-22 12:47:01,026] {dagbag.py:500} INFO - Filling up the DagBag from /Users/adebolafagbule/opt/anaconda3/envs/airflow_env/lib/python3.8/site-packages/airflow/example_dags/example_branch_labels.py
[2022-03-22 12:47:01,093] {processor.py:654} INFO - DAG(s) dict_keys(['example_branch_labels']) retrieved from /Users/adebolafagbule/opt/anaconda3/envs/airflow_env/lib/python3.8/site-packages/airflow/example_dags/example_branch_labels.py
[2022-03-22 12:47:01,125] {logging_mixin.py:109} INFO - [2022-03-22 12:47:01,125] {dag.py:2398} INFO - Sync 1 DAGs
[2022-03-22 12:47:01,147] {logging_mixin.py:109} INFO - [2022-03-22 12:47:01,147] {dag.py:2937} INFO - Setting next_dagrun for example_branch_labels to 2022-03-21 00:00:00+00:00
[2022-03-22 12:47:01,159] {processor.py:171} INFO - Processing /Users/adebolafagbule/opt/anaconda3/envs/airflow_env/lib/python3.8/site-packages/airflow/example_dags/example_branch_labels.py took 0.137 seconds
[2022-03-22 14:18:27,433] {processor.py:163} INFO - Started process (PID=63019) to work on /Users/adebolafagbule/opt/anaconda3/envs/airflow_env/lib/python3.8/site-packages/airflow/example_dags/example_branch_labels.py
[2022-03-22 14:18:27,435] {processor.py:642} INFO - Processing file /Users/adebolafagbule/opt/anaconda3/envs/airflow_env/lib/python3.8/site-packages/airflow/example_dags/example_branch_labels.py for tasks to queue
[2022-03-22 14:18:27,436] {logging_mixin.py:109} INFO - [2022-03-22 14:18:27,436] {dagbag.py:500} INFO - Filling up the DagBag from /Users/adebolafagbule/opt/anaconda3/envs/airflow_env/lib/python3.8/site-packages/airflow/example_dags/example_branch_labels.py
[2022-03-22 14:18:27,523] {processor.py:654} INFO - DAG(s) dict_keys(['example_branch_labels']) retrieved from /Users/adebolafagbule/opt/anaconda3/envs/airflow_env/lib/python3.8/site-packages/airflow/example_dags/example_branch_labels.py
[2022-03-22 14:18:27,558] {logging_mixin.py:109} INFO - [2022-03-22 14:18:27,558] {dag.py:2398} INFO - Sync 1 DAGs
[2022-03-22 14:18:27,581] {logging_mixin.py:109} INFO - [2022-03-22 14:18:27,581] {dag.py:2937} INFO - Setting next_dagrun for example_branch_labels to 2022-03-21 00:00:00+00:00
[2022-03-22 14:18:27,592] {processor.py:171} INFO - Processing /Users/adebolafagbule/opt/anaconda3/envs/airflow_env/lib/python3.8/site-packages/airflow/example_dags/example_branch_labels.py took 0.162 seconds
[2022-03-22 15:15:22,894] {processor.py:163} INFO - Started process (PID=63207) to work on /Users/adebolafagbule/opt/anaconda3/envs/airflow_env/lib/python3.8/site-packages/airflow/example_dags/example_branch_labels.py
[2022-03-22 15:15:22,896] {processor.py:642} INFO - Processing file /Users/adebolafagbule/opt/anaconda3/envs/airflow_env/lib/python3.8/site-packages/airflow/example_dags/example_branch_labels.py for tasks to queue
[2022-03-22 15:15:22,897] {logging_mixin.py:109} INFO - [2022-03-22 15:15:22,896] {dagbag.py:500} INFO - Filling up the DagBag from /Users/adebolafagbule/opt/anaconda3/envs/airflow_env/lib/python3.8/site-packages/airflow/example_dags/example_branch_labels.py
[2022-03-22 15:15:22,965] {processor.py:654} INFO - DAG(s) dict_keys(['example_branch_labels']) retrieved from /Users/adebolafagbule/opt/anaconda3/envs/airflow_env/lib/python3.8/site-packages/airflow/example_dags/example_branch_labels.py
[2022-03-22 15:15:22,997] {logging_mixin.py:109} INFO - [2022-03-22 15:15:22,997] {dag.py:2398} INFO - Sync 1 DAGs
[2022-03-22 15:15:23,019] {logging_mixin.py:109} INFO - [2022-03-22 15:15:23,019] {dag.py:2937} INFO - Setting next_dagrun for example_branch_labels to 2022-03-21 00:00:00+00:00
[2022-03-22 15:15:23,031] {processor.py:171} INFO - Processing /Users/adebolafagbule/opt/anaconda3/envs/airflow_env/lib/python3.8/site-packages/airflow/example_dags/example_branch_labels.py took 0.138 seconds
[2022-03-22 16:28:43,126] {processor.py:163} INFO - Started process (PID=63336) to work on /Users/adebolafagbule/opt/anaconda3/envs/airflow_env/lib/python3.8/site-packages/airflow/example_dags/example_branch_labels.py
[2022-03-22 16:28:43,163] {processor.py:642} INFO - Processing file /Users/adebolafagbule/opt/anaconda3/envs/airflow_env/lib/python3.8/site-packages/airflow/example_dags/example_branch_labels.py for tasks to queue
[2022-03-22 16:28:43,169] {logging_mixin.py:109} INFO - [2022-03-22 16:28:43,169] {dagbag.py:500} INFO - Filling up the DagBag from /Users/adebolafagbule/opt/anaconda3/envs/airflow_env/lib/python3.8/site-packages/airflow/example_dags/example_branch_labels.py
[2022-03-22 16:28:43,306] {processor.py:654} INFO - DAG(s) dict_keys(['example_branch_labels']) retrieved from /Users/adebolafagbule/opt/anaconda3/envs/airflow_env/lib/python3.8/site-packages/airflow/example_dags/example_branch_labels.py
[2022-03-22 16:28:43,354] {logging_mixin.py:109} INFO - [2022-03-22 16:28:43,353] {dag.py:2398} INFO - Sync 1 DAGs
[2022-03-22 16:28:43,384] {logging_mixin.py:109} INFO - [2022-03-22 16:28:43,384] {dag.py:2937} INFO - Setting next_dagrun for example_branch_labels to 2022-03-21 00:00:00+00:00
[2022-03-22 16:28:43,396] {processor.py:171} INFO - Processing /Users/adebolafagbule/opt/anaconda3/envs/airflow_env/lib/python3.8/site-packages/airflow/example_dags/example_branch_labels.py took 0.272 seconds
[2022-03-22 17:28:31,123] {processor.py:163} INFO - Started process (PID=63418) to work on /Users/adebolafagbule/opt/anaconda3/envs/airflow_env/lib/python3.8/site-packages/airflow/example_dags/example_branch_labels.py
[2022-03-22 17:28:31,974] {processor.py:642} INFO - Processing file /Users/adebolafagbule/opt/anaconda3/envs/airflow_env/lib/python3.8/site-packages/airflow/example_dags/example_branch_labels.py for tasks to queue
[2022-03-22 17:28:32,063] {logging_mixin.py:109} INFO - [2022-03-22 17:28:32,034] {dagbag.py:500} INFO - Filling up the DagBag from /Users/adebolafagbule/opt/anaconda3/envs/airflow_env/lib/python3.8/site-packages/airflow/example_dags/example_branch_labels.py
[2022-03-22 17:28:32,392] {processor.py:654} INFO - DAG(s) dict_keys(['example_branch_labels']) retrieved from /Users/adebolafagbule/opt/anaconda3/envs/airflow_env/lib/python3.8/site-packages/airflow/example_dags/example_branch_labels.py
[2022-03-22 17:28:32,420] {logging_mixin.py:109} INFO - [2022-03-22 17:28:32,420] {dag.py:2398} INFO - Sync 1 DAGs
[2022-03-22 17:28:32,439] {logging_mixin.py:109} INFO - [2022-03-22 17:28:32,439] {dag.py:2937} INFO - Setting next_dagrun for example_branch_labels to 2022-03-21 00:00:00+00:00
[2022-03-22 17:28:32,447] {processor.py:171} INFO - Processing /Users/adebolafagbule/opt/anaconda3/envs/airflow_env/lib/python3.8/site-packages/airflow/example_dags/example_branch_labels.py took 1.325 seconds
[2022-03-22 17:30:54,863] {processor.py:163} INFO - Started process (PID=63532) to work on /Users/adebolafagbule/opt/anaconda3/envs/airflow_env/lib/python3.8/site-packages/airflow/example_dags/example_branch_labels.py
[2022-03-22 17:30:54,864] {processor.py:642} INFO - Processing file /Users/adebolafagbule/opt/anaconda3/envs/airflow_env/lib/python3.8/site-packages/airflow/example_dags/example_branch_labels.py for tasks to queue
[2022-03-22 17:30:54,864] {logging_mixin.py:109} INFO - [2022-03-22 17:30:54,864] {dagbag.py:500} INFO - Filling up the DagBag from /Users/adebolafagbule/opt/anaconda3/envs/airflow_env/lib/python3.8/site-packages/airflow/example_dags/example_branch_labels.py
[2022-03-22 17:30:54,893] {processor.py:654} INFO - DAG(s) dict_keys(['example_branch_labels']) retrieved from /Users/adebolafagbule/opt/anaconda3/envs/airflow_env/lib/python3.8/site-packages/airflow/example_dags/example_branch_labels.py
[2022-03-22 17:30:54,906] {logging_mixin.py:109} INFO - [2022-03-22 17:30:54,906] {dag.py:2398} INFO - Sync 1 DAGs
[2022-03-22 17:30:54,915] {logging_mixin.py:109} INFO - [2022-03-22 17:30:54,915] {dag.py:2937} INFO - Setting next_dagrun for example_branch_labels to 2022-03-21 00:00:00+00:00
[2022-03-22 17:30:54,922] {processor.py:171} INFO - Processing /Users/adebolafagbule/opt/anaconda3/envs/airflow_env/lib/python3.8/site-packages/airflow/example_dags/example_branch_labels.py took 0.059 seconds
[2022-03-22 17:32:30,057] {processor.py:163} INFO - Started process (PID=63621) to work on /Users/adebolafagbule/opt/anaconda3/envs/airflow_env/lib/python3.8/site-packages/airflow/example_dags/example_branch_labels.py
[2022-03-22 17:32:30,058] {processor.py:642} INFO - Processing file /Users/adebolafagbule/opt/anaconda3/envs/airflow_env/lib/python3.8/site-packages/airflow/example_dags/example_branch_labels.py for tasks to queue
[2022-03-22 17:32:30,059] {logging_mixin.py:109} INFO - [2022-03-22 17:32:30,059] {dagbag.py:500} INFO - Filling up the DagBag from /Users/adebolafagbule/opt/anaconda3/envs/airflow_env/lib/python3.8/site-packages/airflow/example_dags/example_branch_labels.py
[2022-03-22 17:32:30,098] {processor.py:654} INFO - DAG(s) dict_keys(['example_branch_labels']) retrieved from /Users/adebolafagbule/opt/anaconda3/envs/airflow_env/lib/python3.8/site-packages/airflow/example_dags/example_branch_labels.py
[2022-03-22 17:32:30,112] {logging_mixin.py:109} INFO - [2022-03-22 17:32:30,112] {dag.py:2398} INFO - Sync 1 DAGs
[2022-03-22 17:32:30,120] {logging_mixin.py:109} INFO - [2022-03-22 17:32:30,120] {dag.py:2937} INFO - Setting next_dagrun for example_branch_labels to 2022-03-21 00:00:00+00:00
[2022-03-22 17:32:30,126] {processor.py:171} INFO - Processing /Users/adebolafagbule/opt/anaconda3/envs/airflow_env/lib/python3.8/site-packages/airflow/example_dags/example_branch_labels.py took 0.069 seconds
[2022-03-22 17:33:47,914] {processor.py:163} INFO - Started process (PID=63698) to work on /Users/adebolafagbule/opt/anaconda3/envs/airflow_env/lib/python3.8/site-packages/airflow/example_dags/example_branch_labels.py
[2022-03-22 17:33:47,915] {processor.py:642} INFO - Processing file /Users/adebolafagbule/opt/anaconda3/envs/airflow_env/lib/python3.8/site-packages/airflow/example_dags/example_branch_labels.py for tasks to queue
[2022-03-22 17:33:47,915] {logging_mixin.py:109} INFO - [2022-03-22 17:33:47,915] {dagbag.py:500} INFO - Filling up the DagBag from /Users/adebolafagbule/opt/anaconda3/envs/airflow_env/lib/python3.8/site-packages/airflow/example_dags/example_branch_labels.py
[2022-03-22 17:33:47,941] {processor.py:654} INFO - DAG(s) dict_keys(['example_branch_labels']) retrieved from /Users/adebolafagbule/opt/anaconda3/envs/airflow_env/lib/python3.8/site-packages/airflow/example_dags/example_branch_labels.py
[2022-03-22 17:33:47,953] {logging_mixin.py:109} INFO - [2022-03-22 17:33:47,953] {dag.py:2398} INFO - Sync 1 DAGs
[2022-03-22 17:33:47,961] {logging_mixin.py:109} INFO - [2022-03-22 17:33:47,961] {dag.py:2937} INFO - Setting next_dagrun for example_branch_labels to 2022-03-21 00:00:00+00:00
[2022-03-22 17:33:47,967] {processor.py:171} INFO - Processing /Users/adebolafagbule/opt/anaconda3/envs/airflow_env/lib/python3.8/site-packages/airflow/example_dags/example_branch_labels.py took 0.053 seconds
[2022-03-22 17:34:59,733] {processor.py:163} INFO - Started process (PID=63769) to work on /Users/adebolafagbule/opt/anaconda3/envs/airflow_env/lib/python3.8/site-packages/airflow/example_dags/example_branch_labels.py
[2022-03-22 17:34:59,734] {processor.py:642} INFO - Processing file /Users/adebolafagbule/opt/anaconda3/envs/airflow_env/lib/python3.8/site-packages/airflow/example_dags/example_branch_labels.py for tasks to queue
[2022-03-22 17:34:59,734] {logging_mixin.py:109} INFO - [2022-03-22 17:34:59,734] {dagbag.py:500} INFO - Filling up the DagBag from /Users/adebolafagbule/opt/anaconda3/envs/airflow_env/lib/python3.8/site-packages/airflow/example_dags/example_branch_labels.py
[2022-03-22 17:34:59,759] {processor.py:654} INFO - DAG(s) dict_keys(['example_branch_labels']) retrieved from /Users/adebolafagbule/opt/anaconda3/envs/airflow_env/lib/python3.8/site-packages/airflow/example_dags/example_branch_labels.py
[2022-03-22 17:34:59,771] {logging_mixin.py:109} INFO - [2022-03-22 17:34:59,771] {dag.py:2398} INFO - Sync 1 DAGs
[2022-03-22 17:34:59,780] {logging_mixin.py:109} INFO - [2022-03-22 17:34:59,780] {dag.py:2937} INFO - Setting next_dagrun for example_branch_labels to 2022-03-21 00:00:00+00:00
[2022-03-22 17:34:59,786] {processor.py:171} INFO - Processing /Users/adebolafagbule/opt/anaconda3/envs/airflow_env/lib/python3.8/site-packages/airflow/example_dags/example_branch_labels.py took 0.053 seconds
[2022-03-22 17:36:15,201] {processor.py:163} INFO - Started process (PID=63843) to work on /Users/adebolafagbule/opt/anaconda3/envs/airflow_env/lib/python3.8/site-packages/airflow/example_dags/example_branch_labels.py
[2022-03-22 17:36:15,202] {processor.py:642} INFO - Processing file /Users/adebolafagbule/opt/anaconda3/envs/airflow_env/lib/python3.8/site-packages/airflow/example_dags/example_branch_labels.py for tasks to queue
[2022-03-22 17:36:15,203] {logging_mixin.py:109} INFO - [2022-03-22 17:36:15,203] {dagbag.py:500} INFO - Filling up the DagBag from /Users/adebolafagbule/opt/anaconda3/envs/airflow_env/lib/python3.8/site-packages/airflow/example_dags/example_branch_labels.py
[2022-03-22 17:36:15,243] {processor.py:654} INFO - DAG(s) dict_keys(['example_branch_labels']) retrieved from /Users/adebolafagbule/opt/anaconda3/envs/airflow_env/lib/python3.8/site-packages/airflow/example_dags/example_branch_labels.py
[2022-03-22 17:36:15,256] {logging_mixin.py:109} INFO - [2022-03-22 17:36:15,256] {dag.py:2398} INFO - Sync 1 DAGs
[2022-03-22 17:36:15,264] {logging_mixin.py:109} INFO - [2022-03-22 17:36:15,264] {dag.py:2937} INFO - Setting next_dagrun for example_branch_labels to 2022-03-21 00:00:00+00:00
[2022-03-22 17:36:15,271] {processor.py:171} INFO - Processing /Users/adebolafagbule/opt/anaconda3/envs/airflow_env/lib/python3.8/site-packages/airflow/example_dags/example_branch_labels.py took 0.071 seconds
[2022-03-22 17:37:30,777] {processor.py:163} INFO - Started process (PID=63916) to work on /Users/adebolafagbule/opt/anaconda3/envs/airflow_env/lib/python3.8/site-packages/airflow/example_dags/example_branch_labels.py
[2022-03-22 17:37:30,778] {processor.py:642} INFO - Processing file /Users/adebolafagbule/opt/anaconda3/envs/airflow_env/lib/python3.8/site-packages/airflow/example_dags/example_branch_labels.py for tasks to queue
[2022-03-22 17:37:30,779] {logging_mixin.py:109} INFO - [2022-03-22 17:37:30,779] {dagbag.py:500} INFO - Filling up the DagBag from /Users/adebolafagbule/opt/anaconda3/envs/airflow_env/lib/python3.8/site-packages/airflow/example_dags/example_branch_labels.py
[2022-03-22 17:37:30,808] {processor.py:654} INFO - DAG(s) dict_keys(['example_branch_labels']) retrieved from /Users/adebolafagbule/opt/anaconda3/envs/airflow_env/lib/python3.8/site-packages/airflow/example_dags/example_branch_labels.py
[2022-03-22 17:37:30,821] {logging_mixin.py:109} INFO - [2022-03-22 17:37:30,821] {dag.py:2398} INFO - Sync 1 DAGs
[2022-03-22 17:37:30,830] {logging_mixin.py:109} INFO - [2022-03-22 17:37:30,830] {dag.py:2937} INFO - Setting next_dagrun for example_branch_labels to 2022-03-21 00:00:00+00:00
[2022-03-22 17:37:30,837] {processor.py:171} INFO - Processing /Users/adebolafagbule/opt/anaconda3/envs/airflow_env/lib/python3.8/site-packages/airflow/example_dags/example_branch_labels.py took 0.060 seconds
[2022-03-22 17:38:56,443] {processor.py:163} INFO - Started process (PID=63991) to work on /Users/adebolafagbule/opt/anaconda3/envs/airflow_env/lib/python3.8/site-packages/airflow/example_dags/example_branch_labels.py
[2022-03-22 17:38:56,445] {processor.py:642} INFO - Processing file /Users/adebolafagbule/opt/anaconda3/envs/airflow_env/lib/python3.8/site-packages/airflow/example_dags/example_branch_labels.py for tasks to queue
[2022-03-22 17:38:56,446] {logging_mixin.py:109} INFO - [2022-03-22 17:38:56,446] {dagbag.py:500} INFO - Filling up the DagBag from /Users/adebolafagbule/opt/anaconda3/envs/airflow_env/lib/python3.8/site-packages/airflow/example_dags/example_branch_labels.py
[2022-03-22 17:38:56,488] {processor.py:654} INFO - DAG(s) dict_keys(['example_branch_labels']) retrieved from /Users/adebolafagbule/opt/anaconda3/envs/airflow_env/lib/python3.8/site-packages/airflow/example_dags/example_branch_labels.py
[2022-03-22 17:38:56,503] {logging_mixin.py:109} INFO - [2022-03-22 17:38:56,502] {dag.py:2398} INFO - Sync 1 DAGs
[2022-03-22 17:38:56,542] {logging_mixin.py:109} INFO - [2022-03-22 17:38:56,542] {dag.py:2937} INFO - Setting next_dagrun for example_branch_labels to 2022-03-21 00:00:00+00:00
[2022-03-22 17:38:56,550] {processor.py:171} INFO - Processing /Users/adebolafagbule/opt/anaconda3/envs/airflow_env/lib/python3.8/site-packages/airflow/example_dags/example_branch_labels.py took 0.107 seconds
[2022-03-22 17:40:26,357] {processor.py:163} INFO - Started process (PID=64070) to work on /Users/adebolafagbule/opt/anaconda3/envs/airflow_env/lib/python3.8/site-packages/airflow/example_dags/example_branch_labels.py
[2022-03-22 17:40:26,358] {processor.py:642} INFO - Processing file /Users/adebolafagbule/opt/anaconda3/envs/airflow_env/lib/python3.8/site-packages/airflow/example_dags/example_branch_labels.py for tasks to queue
[2022-03-22 17:40:26,359] {logging_mixin.py:109} INFO - [2022-03-22 17:40:26,359] {dagbag.py:500} INFO - Filling up the DagBag from /Users/adebolafagbule/opt/anaconda3/envs/airflow_env/lib/python3.8/site-packages/airflow/example_dags/example_branch_labels.py
[2022-03-22 17:40:26,399] {processor.py:654} INFO - DAG(s) dict_keys(['example_branch_labels']) retrieved from /Users/adebolafagbule/opt/anaconda3/envs/airflow_env/lib/python3.8/site-packages/airflow/example_dags/example_branch_labels.py
[2022-03-22 17:40:26,413] {logging_mixin.py:109} INFO - [2022-03-22 17:40:26,412] {dag.py:2398} INFO - Sync 1 DAGs
[2022-03-22 17:40:26,421] {logging_mixin.py:109} INFO - [2022-03-22 17:40:26,421] {dag.py:2937} INFO - Setting next_dagrun for example_branch_labels to 2022-03-21 00:00:00+00:00
[2022-03-22 17:40:26,427] {processor.py:171} INFO - Processing /Users/adebolafagbule/opt/anaconda3/envs/airflow_env/lib/python3.8/site-packages/airflow/example_dags/example_branch_labels.py took 0.071 seconds
[2022-03-22 17:41:57,152] {processor.py:163} INFO - Started process (PID=64149) to work on /Users/adebolafagbule/opt/anaconda3/envs/airflow_env/lib/python3.8/site-packages/airflow/example_dags/example_branch_labels.py
[2022-03-22 17:41:57,153] {processor.py:642} INFO - Processing file /Users/adebolafagbule/opt/anaconda3/envs/airflow_env/lib/python3.8/site-packages/airflow/example_dags/example_branch_labels.py for tasks to queue
[2022-03-22 17:41:57,154] {logging_mixin.py:109} INFO - [2022-03-22 17:41:57,154] {dagbag.py:500} INFO - Filling up the DagBag from /Users/adebolafagbule/opt/anaconda3/envs/airflow_env/lib/python3.8/site-packages/airflow/example_dags/example_branch_labels.py
[2022-03-22 17:41:57,220] {processor.py:654} INFO - DAG(s) dict_keys(['example_branch_labels']) retrieved from /Users/adebolafagbule/opt/anaconda3/envs/airflow_env/lib/python3.8/site-packages/airflow/example_dags/example_branch_labels.py
[2022-03-22 17:41:57,240] {logging_mixin.py:109} INFO - [2022-03-22 17:41:57,240] {dag.py:2398} INFO - Sync 1 DAGs
[2022-03-22 17:41:57,251] {logging_mixin.py:109} INFO - [2022-03-22 17:41:57,251] {dag.py:2937} INFO - Setting next_dagrun for example_branch_labels to 2022-03-21 00:00:00+00:00
[2022-03-22 17:41:57,258] {processor.py:171} INFO - Processing /Users/adebolafagbule/opt/anaconda3/envs/airflow_env/lib/python3.8/site-packages/airflow/example_dags/example_branch_labels.py took 0.107 seconds
[2022-03-22 17:43:38,249] {processor.py:163} INFO - Started process (PID=64230) to work on /Users/adebolafagbule/opt/anaconda3/envs/airflow_env/lib/python3.8/site-packages/airflow/example_dags/example_branch_labels.py
[2022-03-22 17:43:38,250] {processor.py:642} INFO - Processing file /Users/adebolafagbule/opt/anaconda3/envs/airflow_env/lib/python3.8/site-packages/airflow/example_dags/example_branch_labels.py for tasks to queue
[2022-03-22 17:43:38,251] {logging_mixin.py:109} INFO - [2022-03-22 17:43:38,250] {dagbag.py:500} INFO - Filling up the DagBag from /Users/adebolafagbule/opt/anaconda3/envs/airflow_env/lib/python3.8/site-packages/airflow/example_dags/example_branch_labels.py
[2022-03-22 17:43:38,279] {processor.py:654} INFO - DAG(s) dict_keys(['example_branch_labels']) retrieved from /Users/adebolafagbule/opt/anaconda3/envs/airflow_env/lib/python3.8/site-packages/airflow/example_dags/example_branch_labels.py
[2022-03-22 17:43:38,293] {logging_mixin.py:109} INFO - [2022-03-22 17:43:38,293] {dag.py:2398} INFO - Sync 1 DAGs
[2022-03-22 17:43:38,302] {logging_mixin.py:109} INFO - [2022-03-22 17:43:38,302] {dag.py:2937} INFO - Setting next_dagrun for example_branch_labels to 2022-03-21 00:00:00+00:00
[2022-03-22 17:43:38,308] {processor.py:171} INFO - Processing /Users/adebolafagbule/opt/anaconda3/envs/airflow_env/lib/python3.8/site-packages/airflow/example_dags/example_branch_labels.py took 0.059 seconds
[2022-03-22 17:45:07,900] {processor.py:163} INFO - Started process (PID=64307) to work on /Users/adebolafagbule/opt/anaconda3/envs/airflow_env/lib/python3.8/site-packages/airflow/example_dags/example_branch_labels.py
[2022-03-22 17:45:07,902] {processor.py:642} INFO - Processing file /Users/adebolafagbule/opt/anaconda3/envs/airflow_env/lib/python3.8/site-packages/airflow/example_dags/example_branch_labels.py for tasks to queue
[2022-03-22 17:45:07,902] {logging_mixin.py:109} INFO - [2022-03-22 17:45:07,902] {dagbag.py:500} INFO - Filling up the DagBag from /Users/adebolafagbule/opt/anaconda3/envs/airflow_env/lib/python3.8/site-packages/airflow/example_dags/example_branch_labels.py
[2022-03-22 17:45:07,933] {processor.py:654} INFO - DAG(s) dict_keys(['example_branch_labels']) retrieved from /Users/adebolafagbule/opt/anaconda3/envs/airflow_env/lib/python3.8/site-packages/airflow/example_dags/example_branch_labels.py
[2022-03-22 17:45:07,947] {logging_mixin.py:109} INFO - [2022-03-22 17:45:07,947] {dag.py:2398} INFO - Sync 1 DAGs
[2022-03-22 17:45:07,956] {logging_mixin.py:109} INFO - [2022-03-22 17:45:07,956] {dag.py:2937} INFO - Setting next_dagrun for example_branch_labels to 2022-03-21 00:00:00+00:00
[2022-03-22 17:45:07,963] {processor.py:171} INFO - Processing /Users/adebolafagbule/opt/anaconda3/envs/airflow_env/lib/python3.8/site-packages/airflow/example_dags/example_branch_labels.py took 0.064 seconds
[2022-03-22 17:46:42,613] {processor.py:163} INFO - Started process (PID=64395) to work on /Users/adebolafagbule/opt/anaconda3/envs/airflow_env/lib/python3.8/site-packages/airflow/example_dags/example_branch_labels.py
[2022-03-22 17:46:42,614] {processor.py:642} INFO - Processing file /Users/adebolafagbule/opt/anaconda3/envs/airflow_env/lib/python3.8/site-packages/airflow/example_dags/example_branch_labels.py for tasks to queue
[2022-03-22 17:46:42,615] {logging_mixin.py:109} INFO - [2022-03-22 17:46:42,615] {dagbag.py:500} INFO - Filling up the DagBag from /Users/adebolafagbule/opt/anaconda3/envs/airflow_env/lib/python3.8/site-packages/airflow/example_dags/example_branch_labels.py
[2022-03-22 17:46:42,647] {processor.py:654} INFO - DAG(s) dict_keys(['example_branch_labels']) retrieved from /Users/adebolafagbule/opt/anaconda3/envs/airflow_env/lib/python3.8/site-packages/airflow/example_dags/example_branch_labels.py
[2022-03-22 17:46:42,661] {logging_mixin.py:109} INFO - [2022-03-22 17:46:42,661] {dag.py:2398} INFO - Sync 1 DAGs
[2022-03-22 17:46:42,671] {logging_mixin.py:109} INFO - [2022-03-22 17:46:42,671] {dag.py:2937} INFO - Setting next_dagrun for example_branch_labels to 2022-03-21 00:00:00+00:00
[2022-03-22 17:46:42,678] {processor.py:171} INFO - Processing /Users/adebolafagbule/opt/anaconda3/envs/airflow_env/lib/python3.8/site-packages/airflow/example_dags/example_branch_labels.py took 0.065 seconds
[2022-03-22 17:48:03,522] {processor.py:163} INFO - Started process (PID=64468) to work on /Users/adebolafagbule/opt/anaconda3/envs/airflow_env/lib/python3.8/site-packages/airflow/example_dags/example_branch_labels.py
[2022-03-22 17:48:03,523] {processor.py:642} INFO - Processing file /Users/adebolafagbule/opt/anaconda3/envs/airflow_env/lib/python3.8/site-packages/airflow/example_dags/example_branch_labels.py for tasks to queue
[2022-03-22 17:48:03,523] {logging_mixin.py:109} INFO - [2022-03-22 17:48:03,523] {dagbag.py:500} INFO - Filling up the DagBag from /Users/adebolafagbule/opt/anaconda3/envs/airflow_env/lib/python3.8/site-packages/airflow/example_dags/example_branch_labels.py
[2022-03-22 17:48:03,552] {processor.py:654} INFO - DAG(s) dict_keys(['example_branch_labels']) retrieved from /Users/adebolafagbule/opt/anaconda3/envs/airflow_env/lib/python3.8/site-packages/airflow/example_dags/example_branch_labels.py
[2022-03-22 17:48:03,565] {logging_mixin.py:109} INFO - [2022-03-22 17:48:03,565] {dag.py:2398} INFO - Sync 1 DAGs
[2022-03-22 17:48:03,574] {logging_mixin.py:109} INFO - [2022-03-22 17:48:03,574] {dag.py:2937} INFO - Setting next_dagrun for example_branch_labels to 2022-03-21 00:00:00+00:00
[2022-03-22 17:48:03,584] {processor.py:171} INFO - Processing /Users/adebolafagbule/opt/anaconda3/envs/airflow_env/lib/python3.8/site-packages/airflow/example_dags/example_branch_labels.py took 0.063 seconds
[2022-03-22 17:49:27,223] {processor.py:163} INFO - Started process (PID=64546) to work on /Users/adebolafagbule/opt/anaconda3/envs/airflow_env/lib/python3.8/site-packages/airflow/example_dags/example_branch_labels.py
[2022-03-22 17:49:27,224] {processor.py:642} INFO - Processing file /Users/adebolafagbule/opt/anaconda3/envs/airflow_env/lib/python3.8/site-packages/airflow/example_dags/example_branch_labels.py for tasks to queue
[2022-03-22 17:49:27,225] {logging_mixin.py:109} INFO - [2022-03-22 17:49:27,225] {dagbag.py:500} INFO - Filling up the DagBag from /Users/adebolafagbule/opt/anaconda3/envs/airflow_env/lib/python3.8/site-packages/airflow/example_dags/example_branch_labels.py
[2022-03-22 17:49:27,255] {processor.py:654} INFO - DAG(s) dict_keys(['example_branch_labels']) retrieved from /Users/adebolafagbule/opt/anaconda3/envs/airflow_env/lib/python3.8/site-packages/airflow/example_dags/example_branch_labels.py
[2022-03-22 17:49:27,269] {logging_mixin.py:109} INFO - [2022-03-22 17:49:27,269] {dag.py:2398} INFO - Sync 1 DAGs
[2022-03-22 17:49:27,279] {logging_mixin.py:109} INFO - [2022-03-22 17:49:27,279] {dag.py:2937} INFO - Setting next_dagrun for example_branch_labels to 2022-03-21 00:00:00+00:00
[2022-03-22 17:49:27,287] {processor.py:171} INFO - Processing /Users/adebolafagbule/opt/anaconda3/envs/airflow_env/lib/python3.8/site-packages/airflow/example_dags/example_branch_labels.py took 0.064 seconds
[2022-03-22 17:50:59,250] {processor.py:163} INFO - Started process (PID=64629) to work on /Users/adebolafagbule/opt/anaconda3/envs/airflow_env/lib/python3.8/site-packages/airflow/example_dags/example_branch_labels.py
[2022-03-22 17:50:59,251] {processor.py:642} INFO - Processing file /Users/adebolafagbule/opt/anaconda3/envs/airflow_env/lib/python3.8/site-packages/airflow/example_dags/example_branch_labels.py for tasks to queue
[2022-03-22 17:50:59,252] {logging_mixin.py:109} INFO - [2022-03-22 17:50:59,252] {dagbag.py:500} INFO - Filling up the DagBag from /Users/adebolafagbule/opt/anaconda3/envs/airflow_env/lib/python3.8/site-packages/airflow/example_dags/example_branch_labels.py
[2022-03-22 17:50:59,295] {processor.py:654} INFO - DAG(s) dict_keys(['example_branch_labels']) retrieved from /Users/adebolafagbule/opt/anaconda3/envs/airflow_env/lib/python3.8/site-packages/airflow/example_dags/example_branch_labels.py
[2022-03-22 17:50:59,309] {logging_mixin.py:109} INFO - [2022-03-22 17:50:59,309] {dag.py:2398} INFO - Sync 1 DAGs
[2022-03-22 17:50:59,318] {logging_mixin.py:109} INFO - [2022-03-22 17:50:59,318] {dag.py:2937} INFO - Setting next_dagrun for example_branch_labels to 2022-03-21 00:00:00+00:00
[2022-03-22 17:50:59,328] {processor.py:171} INFO - Processing /Users/adebolafagbule/opt/anaconda3/envs/airflow_env/lib/python3.8/site-packages/airflow/example_dags/example_branch_labels.py took 0.079 seconds
[2022-03-22 17:52:28,251] {processor.py:163} INFO - Started process (PID=64706) to work on /Users/adebolafagbule/opt/anaconda3/envs/airflow_env/lib/python3.8/site-packages/airflow/example_dags/example_branch_labels.py
[2022-03-22 17:52:28,251] {processor.py:642} INFO - Processing file /Users/adebolafagbule/opt/anaconda3/envs/airflow_env/lib/python3.8/site-packages/airflow/example_dags/example_branch_labels.py for tasks to queue
[2022-03-22 17:52:28,252] {logging_mixin.py:109} INFO - [2022-03-22 17:52:28,252] {dagbag.py:500} INFO - Filling up the DagBag from /Users/adebolafagbule/opt/anaconda3/envs/airflow_env/lib/python3.8/site-packages/airflow/example_dags/example_branch_labels.py
[2022-03-22 17:52:28,284] {processor.py:654} INFO - DAG(s) dict_keys(['example_branch_labels']) retrieved from /Users/adebolafagbule/opt/anaconda3/envs/airflow_env/lib/python3.8/site-packages/airflow/example_dags/example_branch_labels.py
[2022-03-22 17:52:28,299] {logging_mixin.py:109} INFO - [2022-03-22 17:52:28,298] {dag.py:2398} INFO - Sync 1 DAGs
[2022-03-22 17:52:28,308] {logging_mixin.py:109} INFO - [2022-03-22 17:52:28,308] {dag.py:2937} INFO - Setting next_dagrun for example_branch_labels to 2022-03-21 00:00:00+00:00
[2022-03-22 17:52:28,316] {processor.py:171} INFO - Processing /Users/adebolafagbule/opt/anaconda3/envs/airflow_env/lib/python3.8/site-packages/airflow/example_dags/example_branch_labels.py took 0.066 seconds
[2022-03-22 17:54:11,469] {processor.py:163} INFO - Started process (PID=64785) to work on /Users/adebolafagbule/opt/anaconda3/envs/airflow_env/lib/python3.8/site-packages/airflow/example_dags/example_branch_labels.py
[2022-03-22 17:54:11,470] {processor.py:642} INFO - Processing file /Users/adebolafagbule/opt/anaconda3/envs/airflow_env/lib/python3.8/site-packages/airflow/example_dags/example_branch_labels.py for tasks to queue
[2022-03-22 17:54:11,470] {logging_mixin.py:109} INFO - [2022-03-22 17:54:11,470] {dagbag.py:500} INFO - Filling up the DagBag from /Users/adebolafagbule/opt/anaconda3/envs/airflow_env/lib/python3.8/site-packages/airflow/example_dags/example_branch_labels.py
[2022-03-22 17:54:11,501] {processor.py:654} INFO - DAG(s) dict_keys(['example_branch_labels']) retrieved from /Users/adebolafagbule/opt/anaconda3/envs/airflow_env/lib/python3.8/site-packages/airflow/example_dags/example_branch_labels.py
[2022-03-22 17:54:11,515] {logging_mixin.py:109} INFO - [2022-03-22 17:54:11,515] {dag.py:2398} INFO - Sync 1 DAGs
[2022-03-22 17:54:11,524] {logging_mixin.py:109} INFO - [2022-03-22 17:54:11,524] {dag.py:2937} INFO - Setting next_dagrun for example_branch_labels to 2022-03-21 00:00:00+00:00
[2022-03-22 17:54:11,532] {processor.py:171} INFO - Processing /Users/adebolafagbule/opt/anaconda3/envs/airflow_env/lib/python3.8/site-packages/airflow/example_dags/example_branch_labels.py took 0.064 seconds
[2022-03-22 17:56:27,088] {processor.py:163} INFO - Started process (PID=64873) to work on /Users/adebolafagbule/opt/anaconda3/envs/airflow_env/lib/python3.8/site-packages/airflow/example_dags/example_branch_labels.py
[2022-03-22 17:56:27,090] {processor.py:642} INFO - Processing file /Users/adebolafagbule/opt/anaconda3/envs/airflow_env/lib/python3.8/site-packages/airflow/example_dags/example_branch_labels.py for tasks to queue
[2022-03-22 17:56:27,090] {logging_mixin.py:109} INFO - [2022-03-22 17:56:27,090] {dagbag.py:500} INFO - Filling up the DagBag from /Users/adebolafagbule/opt/anaconda3/envs/airflow_env/lib/python3.8/site-packages/airflow/example_dags/example_branch_labels.py
[2022-03-22 17:56:27,142] {processor.py:654} INFO - DAG(s) dict_keys(['example_branch_labels']) retrieved from /Users/adebolafagbule/opt/anaconda3/envs/airflow_env/lib/python3.8/site-packages/airflow/example_dags/example_branch_labels.py
[2022-03-22 17:56:27,173] {logging_mixin.py:109} INFO - [2022-03-22 17:56:27,172] {dag.py:2398} INFO - Sync 1 DAGs
[2022-03-22 17:56:27,184] {logging_mixin.py:109} INFO - [2022-03-22 17:56:27,184] {dag.py:2937} INFO - Setting next_dagrun for example_branch_labels to 2022-03-21 00:00:00+00:00
[2022-03-22 17:56:27,194] {processor.py:171} INFO - Processing /Users/adebolafagbule/opt/anaconda3/envs/airflow_env/lib/python3.8/site-packages/airflow/example_dags/example_branch_labels.py took 0.109 seconds
[2022-03-22 17:58:54,060] {processor.py:163} INFO - Started process (PID=64970) to work on /Users/adebolafagbule/opt/anaconda3/envs/airflow_env/lib/python3.8/site-packages/airflow/example_dags/example_branch_labels.py
[2022-03-22 17:58:54,062] {processor.py:642} INFO - Processing file /Users/adebolafagbule/opt/anaconda3/envs/airflow_env/lib/python3.8/site-packages/airflow/example_dags/example_branch_labels.py for tasks to queue
[2022-03-22 17:58:54,063] {logging_mixin.py:109} INFO - [2022-03-22 17:58:54,063] {dagbag.py:500} INFO - Filling up the DagBag from /Users/adebolafagbule/opt/anaconda3/envs/airflow_env/lib/python3.8/site-packages/airflow/example_dags/example_branch_labels.py
[2022-03-22 17:58:54,107] {processor.py:654} INFO - DAG(s) dict_keys(['example_branch_labels']) retrieved from /Users/adebolafagbule/opt/anaconda3/envs/airflow_env/lib/python3.8/site-packages/airflow/example_dags/example_branch_labels.py
[2022-03-22 17:58:54,124] {logging_mixin.py:109} INFO - [2022-03-22 17:58:54,124] {dag.py:2398} INFO - Sync 1 DAGs
[2022-03-22 17:58:54,136] {logging_mixin.py:109} INFO - [2022-03-22 17:58:54,136] {dag.py:2937} INFO - Setting next_dagrun for example_branch_labels to 2022-03-21 00:00:00+00:00
[2022-03-22 17:58:54,146] {processor.py:171} INFO - Processing /Users/adebolafagbule/opt/anaconda3/envs/airflow_env/lib/python3.8/site-packages/airflow/example_dags/example_branch_labels.py took 0.087 seconds
[2022-03-22 18:01:25,434] {processor.py:163} INFO - Started process (PID=65061) to work on /Users/adebolafagbule/opt/anaconda3/envs/airflow_env/lib/python3.8/site-packages/airflow/example_dags/example_branch_labels.py
[2022-03-22 18:01:25,436] {processor.py:642} INFO - Processing file /Users/adebolafagbule/opt/anaconda3/envs/airflow_env/lib/python3.8/site-packages/airflow/example_dags/example_branch_labels.py for tasks to queue
[2022-03-22 18:01:25,437] {logging_mixin.py:109} INFO - [2022-03-22 18:01:25,437] {dagbag.py:500} INFO - Filling up the DagBag from /Users/adebolafagbule/opt/anaconda3/envs/airflow_env/lib/python3.8/site-packages/airflow/example_dags/example_branch_labels.py
[2022-03-22 18:01:25,512] {processor.py:654} INFO - DAG(s) dict_keys(['example_branch_labels']) retrieved from /Users/adebolafagbule/opt/anaconda3/envs/airflow_env/lib/python3.8/site-packages/airflow/example_dags/example_branch_labels.py
[2022-03-22 18:01:25,573] {logging_mixin.py:109} INFO - [2022-03-22 18:01:25,571] {dag.py:2398} INFO - Sync 1 DAGs
[2022-03-22 18:01:25,588] {logging_mixin.py:109} INFO - [2022-03-22 18:01:25,588] {dag.py:2937} INFO - Setting next_dagrun for example_branch_labels to 2022-03-21 00:00:00+00:00
[2022-03-22 18:01:25,596] {processor.py:171} INFO - Processing /Users/adebolafagbule/opt/anaconda3/envs/airflow_env/lib/python3.8/site-packages/airflow/example_dags/example_branch_labels.py took 0.163 seconds
[2022-03-22 18:03:43,911] {processor.py:163} INFO - Started process (PID=65152) to work on /Users/adebolafagbule/opt/anaconda3/envs/airflow_env/lib/python3.8/site-packages/airflow/example_dags/example_branch_labels.py
[2022-03-22 18:03:43,913] {processor.py:642} INFO - Processing file /Users/adebolafagbule/opt/anaconda3/envs/airflow_env/lib/python3.8/site-packages/airflow/example_dags/example_branch_labels.py for tasks to queue
[2022-03-22 18:03:43,914] {logging_mixin.py:109} INFO - [2022-03-22 18:03:43,914] {dagbag.py:500} INFO - Filling up the DagBag from /Users/adebolafagbule/opt/anaconda3/envs/airflow_env/lib/python3.8/site-packages/airflow/example_dags/example_branch_labels.py
[2022-03-22 18:03:43,955] {processor.py:654} INFO - DAG(s) dict_keys(['example_branch_labels']) retrieved from /Users/adebolafagbule/opt/anaconda3/envs/airflow_env/lib/python3.8/site-packages/airflow/example_dags/example_branch_labels.py
[2022-03-22 18:03:44,008] {logging_mixin.py:109} INFO - [2022-03-22 18:03:44,008] {dag.py:2398} INFO - Sync 1 DAGs
[2022-03-22 18:03:44,019] {logging_mixin.py:109} INFO - [2022-03-22 18:03:44,019] {dag.py:2937} INFO - Setting next_dagrun for example_branch_labels to 2022-03-21 00:00:00+00:00
[2022-03-22 18:03:44,027] {processor.py:171} INFO - Processing /Users/adebolafagbule/opt/anaconda3/envs/airflow_env/lib/python3.8/site-packages/airflow/example_dags/example_branch_labels.py took 0.119 seconds
[2022-03-22 18:05:55,420] {processor.py:163} INFO - Started process (PID=65247) to work on /Users/adebolafagbule/opt/anaconda3/envs/airflow_env/lib/python3.8/site-packages/airflow/example_dags/example_branch_labels.py
[2022-03-22 18:05:55,423] {processor.py:642} INFO - Processing file /Users/adebolafagbule/opt/anaconda3/envs/airflow_env/lib/python3.8/site-packages/airflow/example_dags/example_branch_labels.py for tasks to queue
[2022-03-22 18:05:55,428] {logging_mixin.py:109} INFO - [2022-03-22 18:05:55,428] {dagbag.py:500} INFO - Filling up the DagBag from /Users/adebolafagbule/opt/anaconda3/envs/airflow_env/lib/python3.8/site-packages/airflow/example_dags/example_branch_labels.py
[2022-03-22 18:05:55,503] {processor.py:654} INFO - DAG(s) dict_keys(['example_branch_labels']) retrieved from /Users/adebolafagbule/opt/anaconda3/envs/airflow_env/lib/python3.8/site-packages/airflow/example_dags/example_branch_labels.py
[2022-03-22 18:05:55,545] {logging_mixin.py:109} INFO - [2022-03-22 18:05:55,540] {dag.py:2398} INFO - Sync 1 DAGs
[2022-03-22 18:05:55,564] {logging_mixin.py:109} INFO - [2022-03-22 18:05:55,564] {dag.py:2937} INFO - Setting next_dagrun for example_branch_labels to 2022-03-21 00:00:00+00:00
[2022-03-22 18:05:55,572] {processor.py:171} INFO - Processing /Users/adebolafagbule/opt/anaconda3/envs/airflow_env/lib/python3.8/site-packages/airflow/example_dags/example_branch_labels.py took 0.153 seconds
[2022-03-22 18:07:43,164] {processor.py:163} INFO - Started process (PID=65328) to work on /Users/adebolafagbule/opt/anaconda3/envs/airflow_env/lib/python3.8/site-packages/airflow/example_dags/example_branch_labels.py
[2022-03-22 18:07:43,165] {processor.py:642} INFO - Processing file /Users/adebolafagbule/opt/anaconda3/envs/airflow_env/lib/python3.8/site-packages/airflow/example_dags/example_branch_labels.py for tasks to queue
[2022-03-22 18:07:43,167] {logging_mixin.py:109} INFO - [2022-03-22 18:07:43,167] {dagbag.py:500} INFO - Filling up the DagBag from /Users/adebolafagbule/opt/anaconda3/envs/airflow_env/lib/python3.8/site-packages/airflow/example_dags/example_branch_labels.py
[2022-03-22 18:07:43,230] {processor.py:654} INFO - DAG(s) dict_keys(['example_branch_labels']) retrieved from /Users/adebolafagbule/opt/anaconda3/envs/airflow_env/lib/python3.8/site-packages/airflow/example_dags/example_branch_labels.py
[2022-03-22 18:07:43,253] {logging_mixin.py:109} INFO - [2022-03-22 18:07:43,253] {dag.py:2398} INFO - Sync 1 DAGs
[2022-03-22 18:07:43,265] {logging_mixin.py:109} INFO - [2022-03-22 18:07:43,265] {dag.py:2937} INFO - Setting next_dagrun for example_branch_labels to 2022-03-21 00:00:00+00:00
[2022-03-22 18:07:43,273] {processor.py:171} INFO - Processing /Users/adebolafagbule/opt/anaconda3/envs/airflow_env/lib/python3.8/site-packages/airflow/example_dags/example_branch_labels.py took 0.117 seconds
[2022-03-22 18:09:34,032] {processor.py:163} INFO - Started process (PID=65415) to work on /Users/adebolafagbule/opt/anaconda3/envs/airflow_env/lib/python3.8/site-packages/airflow/example_dags/example_branch_labels.py
[2022-03-22 18:09:34,035] {processor.py:642} INFO - Processing file /Users/adebolafagbule/opt/anaconda3/envs/airflow_env/lib/python3.8/site-packages/airflow/example_dags/example_branch_labels.py for tasks to queue
[2022-03-22 18:09:34,037] {logging_mixin.py:109} INFO - [2022-03-22 18:09:34,037] {dagbag.py:500} INFO - Filling up the DagBag from /Users/adebolafagbule/opt/anaconda3/envs/airflow_env/lib/python3.8/site-packages/airflow/example_dags/example_branch_labels.py
[2022-03-22 18:09:34,083] {processor.py:654} INFO - DAG(s) dict_keys(['example_branch_labels']) retrieved from /Users/adebolafagbule/opt/anaconda3/envs/airflow_env/lib/python3.8/site-packages/airflow/example_dags/example_branch_labels.py
[2022-03-22 18:09:34,100] {logging_mixin.py:109} INFO - [2022-03-22 18:09:34,100] {dag.py:2398} INFO - Sync 1 DAGs
[2022-03-22 18:09:34,110] {logging_mixin.py:109} INFO - [2022-03-22 18:09:34,110] {dag.py:2937} INFO - Setting next_dagrun for example_branch_labels to 2022-03-21 00:00:00+00:00
[2022-03-22 18:09:34,118] {processor.py:171} INFO - Processing /Users/adebolafagbule/opt/anaconda3/envs/airflow_env/lib/python3.8/site-packages/airflow/example_dags/example_branch_labels.py took 0.090 seconds
[2022-03-22 18:11:27,025] {processor.py:163} INFO - Started process (PID=65497) to work on /Users/adebolafagbule/opt/anaconda3/envs/airflow_env/lib/python3.8/site-packages/airflow/example_dags/example_branch_labels.py
[2022-03-22 18:11:27,027] {processor.py:642} INFO - Processing file /Users/adebolafagbule/opt/anaconda3/envs/airflow_env/lib/python3.8/site-packages/airflow/example_dags/example_branch_labels.py for tasks to queue
[2022-03-22 18:11:27,028] {logging_mixin.py:109} INFO - [2022-03-22 18:11:27,028] {dagbag.py:500} INFO - Filling up the DagBag from /Users/adebolafagbule/opt/anaconda3/envs/airflow_env/lib/python3.8/site-packages/airflow/example_dags/example_branch_labels.py
[2022-03-22 18:11:27,089] {processor.py:654} INFO - DAG(s) dict_keys(['example_branch_labels']) retrieved from /Users/adebolafagbule/opt/anaconda3/envs/airflow_env/lib/python3.8/site-packages/airflow/example_dags/example_branch_labels.py
[2022-03-22 18:11:27,156] {logging_mixin.py:109} INFO - [2022-03-22 18:11:27,156] {dag.py:2398} INFO - Sync 1 DAGs
[2022-03-22 18:11:27,168] {logging_mixin.py:109} INFO - [2022-03-22 18:11:27,168] {dag.py:2937} INFO - Setting next_dagrun for example_branch_labels to 2022-03-21 00:00:00+00:00
[2022-03-22 18:11:27,183] {processor.py:171} INFO - Processing /Users/adebolafagbule/opt/anaconda3/envs/airflow_env/lib/python3.8/site-packages/airflow/example_dags/example_branch_labels.py took 0.160 seconds
[2022-03-22 18:13:10,730] {processor.py:163} INFO - Started process (PID=65584) to work on /Users/adebolafagbule/opt/anaconda3/envs/airflow_env/lib/python3.8/site-packages/airflow/example_dags/example_branch_labels.py
[2022-03-22 18:13:10,730] {processor.py:642} INFO - Processing file /Users/adebolafagbule/opt/anaconda3/envs/airflow_env/lib/python3.8/site-packages/airflow/example_dags/example_branch_labels.py for tasks to queue
[2022-03-22 18:13:10,731] {logging_mixin.py:109} INFO - [2022-03-22 18:13:10,731] {dagbag.py:500} INFO - Filling up the DagBag from /Users/adebolafagbule/opt/anaconda3/envs/airflow_env/lib/python3.8/site-packages/airflow/example_dags/example_branch_labels.py
[2022-03-22 18:13:10,768] {processor.py:654} INFO - DAG(s) dict_keys(['example_branch_labels']) retrieved from /Users/adebolafagbule/opt/anaconda3/envs/airflow_env/lib/python3.8/site-packages/airflow/example_dags/example_branch_labels.py
[2022-03-22 18:13:10,783] {logging_mixin.py:109} INFO - [2022-03-22 18:13:10,783] {dag.py:2398} INFO - Sync 1 DAGs
[2022-03-22 18:13:10,793] {logging_mixin.py:109} INFO - [2022-03-22 18:13:10,793] {dag.py:2937} INFO - Setting next_dagrun for example_branch_labels to 2022-03-21 00:00:00+00:00
[2022-03-22 18:13:10,802] {processor.py:171} INFO - Processing /Users/adebolafagbule/opt/anaconda3/envs/airflow_env/lib/python3.8/site-packages/airflow/example_dags/example_branch_labels.py took 0.073 seconds
[2022-03-22 18:15:13,078] {processor.py:163} INFO - Started process (PID=65677) to work on /Users/adebolafagbule/opt/anaconda3/envs/airflow_env/lib/python3.8/site-packages/airflow/example_dags/example_branch_labels.py
[2022-03-22 18:15:13,080] {processor.py:642} INFO - Processing file /Users/adebolafagbule/opt/anaconda3/envs/airflow_env/lib/python3.8/site-packages/airflow/example_dags/example_branch_labels.py for tasks to queue
[2022-03-22 18:15:13,083] {logging_mixin.py:109} INFO - [2022-03-22 18:15:13,083] {dagbag.py:500} INFO - Filling up the DagBag from /Users/adebolafagbule/opt/anaconda3/envs/airflow_env/lib/python3.8/site-packages/airflow/example_dags/example_branch_labels.py
[2022-03-22 18:15:13,131] {processor.py:654} INFO - DAG(s) dict_keys(['example_branch_labels']) retrieved from /Users/adebolafagbule/opt/anaconda3/envs/airflow_env/lib/python3.8/site-packages/airflow/example_dags/example_branch_labels.py
[2022-03-22 18:15:13,149] {logging_mixin.py:109} INFO - [2022-03-22 18:15:13,149] {dag.py:2398} INFO - Sync 1 DAGs
[2022-03-22 18:15:13,198] {logging_mixin.py:109} INFO - [2022-03-22 18:15:13,197] {dag.py:2937} INFO - Setting next_dagrun for example_branch_labels to 2022-03-21 00:00:00+00:00
[2022-03-22 18:15:13,208] {processor.py:171} INFO - Processing /Users/adebolafagbule/opt/anaconda3/envs/airflow_env/lib/python3.8/site-packages/airflow/example_dags/example_branch_labels.py took 0.133 seconds
[2022-03-22 18:17:09,771] {processor.py:163} INFO - Started process (PID=65769) to work on /Users/adebolafagbule/opt/anaconda3/envs/airflow_env/lib/python3.8/site-packages/airflow/example_dags/example_branch_labels.py
[2022-03-22 18:17:09,773] {processor.py:642} INFO - Processing file /Users/adebolafagbule/opt/anaconda3/envs/airflow_env/lib/python3.8/site-packages/airflow/example_dags/example_branch_labels.py for tasks to queue
[2022-03-22 18:17:09,774] {logging_mixin.py:109} INFO - [2022-03-22 18:17:09,773] {dagbag.py:500} INFO - Filling up the DagBag from /Users/adebolafagbule/opt/anaconda3/envs/airflow_env/lib/python3.8/site-packages/airflow/example_dags/example_branch_labels.py
[2022-03-22 18:17:09,815] {processor.py:654} INFO - DAG(s) dict_keys(['example_branch_labels']) retrieved from /Users/adebolafagbule/opt/anaconda3/envs/airflow_env/lib/python3.8/site-packages/airflow/example_dags/example_branch_labels.py
[2022-03-22 18:17:09,831] {logging_mixin.py:109} INFO - [2022-03-22 18:17:09,831] {dag.py:2398} INFO - Sync 1 DAGs
[2022-03-22 18:17:09,842] {logging_mixin.py:109} INFO - [2022-03-22 18:17:09,842] {dag.py:2937} INFO - Setting next_dagrun for example_branch_labels to 2022-03-21 00:00:00+00:00
[2022-03-22 18:17:09,852] {processor.py:171} INFO - Processing /Users/adebolafagbule/opt/anaconda3/envs/airflow_env/lib/python3.8/site-packages/airflow/example_dags/example_branch_labels.py took 0.081 seconds
[2022-03-22 18:18:46,264] {processor.py:163} INFO - Started process (PID=65847) to work on /Users/adebolafagbule/opt/anaconda3/envs/airflow_env/lib/python3.8/site-packages/airflow/example_dags/example_branch_labels.py
[2022-03-22 18:18:46,266] {processor.py:642} INFO - Processing file /Users/adebolafagbule/opt/anaconda3/envs/airflow_env/lib/python3.8/site-packages/airflow/example_dags/example_branch_labels.py for tasks to queue
[2022-03-22 18:18:46,267] {logging_mixin.py:109} INFO - [2022-03-22 18:18:46,266] {dagbag.py:500} INFO - Filling up the DagBag from /Users/adebolafagbule/opt/anaconda3/envs/airflow_env/lib/python3.8/site-packages/airflow/example_dags/example_branch_labels.py
[2022-03-22 18:18:46,316] {processor.py:654} INFO - DAG(s) dict_keys(['example_branch_labels']) retrieved from /Users/adebolafagbule/opt/anaconda3/envs/airflow_env/lib/python3.8/site-packages/airflow/example_dags/example_branch_labels.py
[2022-03-22 18:18:46,333] {logging_mixin.py:109} INFO - [2022-03-22 18:18:46,333] {dag.py:2398} INFO - Sync 1 DAGs
[2022-03-22 18:18:46,344] {logging_mixin.py:109} INFO - [2022-03-22 18:18:46,343] {dag.py:2937} INFO - Setting next_dagrun for example_branch_labels to 2022-03-21 00:00:00+00:00
[2022-03-22 18:18:46,350] {processor.py:171} INFO - Processing /Users/adebolafagbule/opt/anaconda3/envs/airflow_env/lib/python3.8/site-packages/airflow/example_dags/example_branch_labels.py took 0.086 seconds
[2022-03-22 18:20:24,593] {processor.py:163} INFO - Started process (PID=65926) to work on /Users/adebolafagbule/opt/anaconda3/envs/airflow_env/lib/python3.8/site-packages/airflow/example_dags/example_branch_labels.py
[2022-03-22 18:20:24,595] {processor.py:642} INFO - Processing file /Users/adebolafagbule/opt/anaconda3/envs/airflow_env/lib/python3.8/site-packages/airflow/example_dags/example_branch_labels.py for tasks to queue
[2022-03-22 18:20:24,596] {logging_mixin.py:109} INFO - [2022-03-22 18:20:24,595] {dagbag.py:500} INFO - Filling up the DagBag from /Users/adebolafagbule/opt/anaconda3/envs/airflow_env/lib/python3.8/site-packages/airflow/example_dags/example_branch_labels.py
[2022-03-22 18:20:24,637] {processor.py:654} INFO - DAG(s) dict_keys(['example_branch_labels']) retrieved from /Users/adebolafagbule/opt/anaconda3/envs/airflow_env/lib/python3.8/site-packages/airflow/example_dags/example_branch_labels.py
[2022-03-22 18:20:24,656] {logging_mixin.py:109} INFO - [2022-03-22 18:20:24,655] {dag.py:2398} INFO - Sync 1 DAGs
[2022-03-22 18:20:24,666] {logging_mixin.py:109} INFO - [2022-03-22 18:20:24,666] {dag.py:2937} INFO - Setting next_dagrun for example_branch_labels to 2022-03-21 00:00:00+00:00
[2022-03-22 18:20:24,672] {processor.py:171} INFO - Processing /Users/adebolafagbule/opt/anaconda3/envs/airflow_env/lib/python3.8/site-packages/airflow/example_dags/example_branch_labels.py took 0.080 seconds
[2022-03-22 18:21:54,821] {processor.py:163} INFO - Started process (PID=66007) to work on /Users/adebolafagbule/opt/anaconda3/envs/airflow_env/lib/python3.8/site-packages/airflow/example_dags/example_branch_labels.py
[2022-03-22 18:21:54,823] {processor.py:642} INFO - Processing file /Users/adebolafagbule/opt/anaconda3/envs/airflow_env/lib/python3.8/site-packages/airflow/example_dags/example_branch_labels.py for tasks to queue
[2022-03-22 18:21:54,823] {logging_mixin.py:109} INFO - [2022-03-22 18:21:54,823] {dagbag.py:500} INFO - Filling up the DagBag from /Users/adebolafagbule/opt/anaconda3/envs/airflow_env/lib/python3.8/site-packages/airflow/example_dags/example_branch_labels.py
[2022-03-22 18:21:54,857] {processor.py:654} INFO - DAG(s) dict_keys(['example_branch_labels']) retrieved from /Users/adebolafagbule/opt/anaconda3/envs/airflow_env/lib/python3.8/site-packages/airflow/example_dags/example_branch_labels.py
[2022-03-22 18:21:54,873] {logging_mixin.py:109} INFO - [2022-03-22 18:21:54,873] {dag.py:2398} INFO - Sync 1 DAGs
[2022-03-22 18:21:54,883] {logging_mixin.py:109} INFO - [2022-03-22 18:21:54,883] {dag.py:2937} INFO - Setting next_dagrun for example_branch_labels to 2022-03-21 00:00:00+00:00
[2022-03-22 18:21:54,891] {processor.py:171} INFO - Processing /Users/adebolafagbule/opt/anaconda3/envs/airflow_env/lib/python3.8/site-packages/airflow/example_dags/example_branch_labels.py took 0.070 seconds
[2022-03-22 18:23:20,916] {processor.py:163} INFO - Started process (PID=66083) to work on /Users/adebolafagbule/opt/anaconda3/envs/airflow_env/lib/python3.8/site-packages/airflow/example_dags/example_branch_labels.py
[2022-03-22 18:23:20,917] {processor.py:642} INFO - Processing file /Users/adebolafagbule/opt/anaconda3/envs/airflow_env/lib/python3.8/site-packages/airflow/example_dags/example_branch_labels.py for tasks to queue
[2022-03-22 18:23:20,918] {logging_mixin.py:109} INFO - [2022-03-22 18:23:20,918] {dagbag.py:500} INFO - Filling up the DagBag from /Users/adebolafagbule/opt/anaconda3/envs/airflow_env/lib/python3.8/site-packages/airflow/example_dags/example_branch_labels.py
[2022-03-22 18:23:20,960] {processor.py:654} INFO - DAG(s) dict_keys(['example_branch_labels']) retrieved from /Users/adebolafagbule/opt/anaconda3/envs/airflow_env/lib/python3.8/site-packages/airflow/example_dags/example_branch_labels.py
[2022-03-22 18:23:20,979] {logging_mixin.py:109} INFO - [2022-03-22 18:23:20,979] {dag.py:2398} INFO - Sync 1 DAGs
[2022-03-22 18:23:20,990] {logging_mixin.py:109} INFO - [2022-03-22 18:23:20,990] {dag.py:2937} INFO - Setting next_dagrun for example_branch_labels to 2022-03-21 00:00:00+00:00
[2022-03-22 18:23:20,996] {processor.py:171} INFO - Processing /Users/adebolafagbule/opt/anaconda3/envs/airflow_env/lib/python3.8/site-packages/airflow/example_dags/example_branch_labels.py took 0.080 seconds
[2022-03-22 18:24:50,372] {processor.py:163} INFO - Started process (PID=66159) to work on /Users/adebolafagbule/opt/anaconda3/envs/airflow_env/lib/python3.8/site-packages/airflow/example_dags/example_branch_labels.py
[2022-03-22 18:24:50,373] {processor.py:642} INFO - Processing file /Users/adebolafagbule/opt/anaconda3/envs/airflow_env/lib/python3.8/site-packages/airflow/example_dags/example_branch_labels.py for tasks to queue
[2022-03-22 18:24:50,374] {logging_mixin.py:109} INFO - [2022-03-22 18:24:50,374] {dagbag.py:500} INFO - Filling up the DagBag from /Users/adebolafagbule/opt/anaconda3/envs/airflow_env/lib/python3.8/site-packages/airflow/example_dags/example_branch_labels.py
[2022-03-22 18:24:50,415] {processor.py:654} INFO - DAG(s) dict_keys(['example_branch_labels']) retrieved from /Users/adebolafagbule/opt/anaconda3/envs/airflow_env/lib/python3.8/site-packages/airflow/example_dags/example_branch_labels.py
[2022-03-22 18:24:50,430] {logging_mixin.py:109} INFO - [2022-03-22 18:24:50,430] {dag.py:2398} INFO - Sync 1 DAGs
[2022-03-22 18:24:50,441] {logging_mixin.py:109} INFO - [2022-03-22 18:24:50,441] {dag.py:2937} INFO - Setting next_dagrun for example_branch_labels to 2022-03-21 00:00:00+00:00
[2022-03-22 18:24:50,449] {processor.py:171} INFO - Processing /Users/adebolafagbule/opt/anaconda3/envs/airflow_env/lib/python3.8/site-packages/airflow/example_dags/example_branch_labels.py took 0.077 seconds
[2022-03-22 18:26:30,245] {processor.py:163} INFO - Started process (PID=66238) to work on /Users/adebolafagbule/opt/anaconda3/envs/airflow_env/lib/python3.8/site-packages/airflow/example_dags/example_branch_labels.py
[2022-03-22 18:26:30,246] {processor.py:642} INFO - Processing file /Users/adebolafagbule/opt/anaconda3/envs/airflow_env/lib/python3.8/site-packages/airflow/example_dags/example_branch_labels.py for tasks to queue
[2022-03-22 18:26:30,247] {logging_mixin.py:109} INFO - [2022-03-22 18:26:30,247] {dagbag.py:500} INFO - Filling up the DagBag from /Users/adebolafagbule/opt/anaconda3/envs/airflow_env/lib/python3.8/site-packages/airflow/example_dags/example_branch_labels.py
[2022-03-22 18:26:30,311] {processor.py:654} INFO - DAG(s) dict_keys(['example_branch_labels']) retrieved from /Users/adebolafagbule/opt/anaconda3/envs/airflow_env/lib/python3.8/site-packages/airflow/example_dags/example_branch_labels.py
[2022-03-22 18:26:30,331] {logging_mixin.py:109} INFO - [2022-03-22 18:26:30,331] {dag.py:2398} INFO - Sync 1 DAGs
[2022-03-22 18:26:30,342] {logging_mixin.py:109} INFO - [2022-03-22 18:26:30,341] {dag.py:2937} INFO - Setting next_dagrun for example_branch_labels to 2022-03-21 00:00:00+00:00
[2022-03-22 18:26:30,348] {processor.py:171} INFO - Processing /Users/adebolafagbule/opt/anaconda3/envs/airflow_env/lib/python3.8/site-packages/airflow/example_dags/example_branch_labels.py took 0.103 seconds
[2022-03-22 18:28:07,884] {processor.py:163} INFO - Started process (PID=66323) to work on /Users/adebolafagbule/opt/anaconda3/envs/airflow_env/lib/python3.8/site-packages/airflow/example_dags/example_branch_labels.py
[2022-03-22 18:28:07,885] {processor.py:642} INFO - Processing file /Users/adebolafagbule/opt/anaconda3/envs/airflow_env/lib/python3.8/site-packages/airflow/example_dags/example_branch_labels.py for tasks to queue
[2022-03-22 18:28:07,885] {logging_mixin.py:109} INFO - [2022-03-22 18:28:07,885] {dagbag.py:500} INFO - Filling up the DagBag from /Users/adebolafagbule/opt/anaconda3/envs/airflow_env/lib/python3.8/site-packages/airflow/example_dags/example_branch_labels.py
[2022-03-22 18:28:07,917] {processor.py:654} INFO - DAG(s) dict_keys(['example_branch_labels']) retrieved from /Users/adebolafagbule/opt/anaconda3/envs/airflow_env/lib/python3.8/site-packages/airflow/example_dags/example_branch_labels.py
[2022-03-22 18:28:07,933] {logging_mixin.py:109} INFO - [2022-03-22 18:28:07,932] {dag.py:2398} INFO - Sync 1 DAGs
[2022-03-22 18:28:07,943] {logging_mixin.py:109} INFO - [2022-03-22 18:28:07,943] {dag.py:2937} INFO - Setting next_dagrun for example_branch_labels to 2022-03-21 00:00:00+00:00
[2022-03-22 18:28:07,949] {processor.py:171} INFO - Processing /Users/adebolafagbule/opt/anaconda3/envs/airflow_env/lib/python3.8/site-packages/airflow/example_dags/example_branch_labels.py took 0.066 seconds
