[2022-03-21 21:43:33,026] {processor.py:163} INFO - Started process (PID=61146) to work on /Users/adebolafagbule/opt/anaconda3/envs/airflow_env/lib/python3.8/site-packages/airflow/example_dags/example_python_operator.py
[2022-03-21 21:43:33,027] {processor.py:642} INFO - Processing file /Users/adebolafagbule/opt/anaconda3/envs/airflow_env/lib/python3.8/site-packages/airflow/example_dags/example_python_operator.py for tasks to queue
[2022-03-21 21:43:33,027] {logging_mixin.py:109} INFO - [2022-03-21 21:43:33,027] {dagbag.py:500} INFO - Filling up the DagBag from /Users/adebolafagbule/opt/anaconda3/envs/airflow_env/lib/python3.8/site-packages/airflow/example_dags/example_python_operator.py
[2022-03-21 21:43:33,056] {logging_mixin.py:109} INFO - [2022-03-21 21:43:33,056] {example_python_operator.py:68} WARNING - The virtalenv_python example task requires virtualenv, please install it.
[2022-03-21 21:43:33,099] {processor.py:654} INFO - DAG(s) dict_keys(['example_python_operator']) retrieved from /Users/adebolafagbule/opt/anaconda3/envs/airflow_env/lib/python3.8/site-packages/airflow/example_dags/example_python_operator.py
[2022-03-21 21:43:33,130] {logging_mixin.py:109} INFO - [2022-03-21 21:43:33,130] {dag.py:2398} INFO - Sync 1 DAGs
[2022-03-21 21:43:33,192] {logging_mixin.py:109} INFO - [2022-03-21 21:43:33,192] {dag.py:2937} INFO - Setting next_dagrun for example_python_operator to None
[2022-03-21 21:43:33,204] {processor.py:171} INFO - Processing /Users/adebolafagbule/opt/anaconda3/envs/airflow_env/lib/python3.8/site-packages/airflow/example_dags/example_python_operator.py took 0.178 seconds
[2022-03-22 00:34:57,300] {processor.py:163} INFO - Started process (PID=61245) to work on /Users/adebolafagbule/opt/anaconda3/envs/airflow_env/lib/python3.8/site-packages/airflow/example_dags/example_python_operator.py
[2022-03-22 00:34:57,301] {processor.py:642} INFO - Processing file /Users/adebolafagbule/opt/anaconda3/envs/airflow_env/lib/python3.8/site-packages/airflow/example_dags/example_python_operator.py for tasks to queue
[2022-03-22 00:34:57,301] {logging_mixin.py:109} INFO - [2022-03-22 00:34:57,301] {dagbag.py:500} INFO - Filling up the DagBag from /Users/adebolafagbule/opt/anaconda3/envs/airflow_env/lib/python3.8/site-packages/airflow/example_dags/example_python_operator.py
[2022-03-22 00:34:57,322] {logging_mixin.py:109} INFO - [2022-03-22 00:34:57,322] {example_python_operator.py:68} WARNING - The virtalenv_python example task requires virtualenv, please install it.
[2022-03-22 00:34:57,362] {processor.py:654} INFO - DAG(s) dict_keys(['example_python_operator']) retrieved from /Users/adebolafagbule/opt/anaconda3/envs/airflow_env/lib/python3.8/site-packages/airflow/example_dags/example_python_operator.py
[2022-03-22 00:34:57,386] {logging_mixin.py:109} INFO - [2022-03-22 00:34:57,385] {dag.py:2398} INFO - Sync 1 DAGs
[2022-03-22 00:34:57,398] {logging_mixin.py:109} INFO - [2022-03-22 00:34:57,397] {dag.py:2937} INFO - Setting next_dagrun for example_python_operator to None
[2022-03-22 00:34:57,406] {processor.py:171} INFO - Processing /Users/adebolafagbule/opt/anaconda3/envs/airflow_env/lib/python3.8/site-packages/airflow/example_dags/example_python_operator.py took 0.106 seconds
[2022-03-22 05:36:29,554] {processor.py:163} INFO - Started process (PID=61429) to work on /Users/adebolafagbule/opt/anaconda3/envs/airflow_env/lib/python3.8/site-packages/airflow/example_dags/example_python_operator.py
[2022-03-22 05:36:29,555] {processor.py:642} INFO - Processing file /Users/adebolafagbule/opt/anaconda3/envs/airflow_env/lib/python3.8/site-packages/airflow/example_dags/example_python_operator.py for tasks to queue
[2022-03-22 05:36:29,556] {logging_mixin.py:109} INFO - [2022-03-22 05:36:29,556] {dagbag.py:500} INFO - Filling up the DagBag from /Users/adebolafagbule/opt/anaconda3/envs/airflow_env/lib/python3.8/site-packages/airflow/example_dags/example_python_operator.py
[2022-03-22 05:36:29,604] {logging_mixin.py:109} INFO - [2022-03-22 05:36:29,604] {example_python_operator.py:68} WARNING - The virtalenv_python example task requires virtualenv, please install it.
[2022-03-22 05:36:29,664] {processor.py:654} INFO - DAG(s) dict_keys(['example_python_operator']) retrieved from /Users/adebolafagbule/opt/anaconda3/envs/airflow_env/lib/python3.8/site-packages/airflow/example_dags/example_python_operator.py
[2022-03-22 05:36:29,706] {logging_mixin.py:109} INFO - [2022-03-22 05:36:29,705] {dag.py:2398} INFO - Sync 1 DAGs
[2022-03-22 05:36:29,720] {logging_mixin.py:109} INFO - [2022-03-22 05:36:29,720] {dag.py:2937} INFO - Setting next_dagrun for example_python_operator to None
[2022-03-22 05:36:29,733] {processor.py:171} INFO - Processing /Users/adebolafagbule/opt/anaconda3/envs/airflow_env/lib/python3.8/site-packages/airflow/example_dags/example_python_operator.py took 0.180 seconds
[2022-03-22 06:59:30,527] {processor.py:163} INFO - Started process (PID=61509) to work on /Users/adebolafagbule/opt/anaconda3/envs/airflow_env/lib/python3.8/site-packages/airflow/example_dags/example_python_operator.py
[2022-03-22 06:59:30,529] {processor.py:642} INFO - Processing file /Users/adebolafagbule/opt/anaconda3/envs/airflow_env/lib/python3.8/site-packages/airflow/example_dags/example_python_operator.py for tasks to queue
[2022-03-22 06:59:30,532] {logging_mixin.py:109} INFO - [2022-03-22 06:59:30,532] {dagbag.py:500} INFO - Filling up the DagBag from /Users/adebolafagbule/opt/anaconda3/envs/airflow_env/lib/python3.8/site-packages/airflow/example_dags/example_python_operator.py
[2022-03-22 06:59:30,619] {logging_mixin.py:109} INFO - [2022-03-22 06:59:30,619] {example_python_operator.py:68} WARNING - The virtalenv_python example task requires virtualenv, please install it.
[2022-03-22 06:59:30,661] {processor.py:654} INFO - DAG(s) dict_keys(['example_python_operator']) retrieved from /Users/adebolafagbule/opt/anaconda3/envs/airflow_env/lib/python3.8/site-packages/airflow/example_dags/example_python_operator.py
[2022-03-22 06:59:30,678] {logging_mixin.py:109} INFO - [2022-03-22 06:59:30,678] {dag.py:2398} INFO - Sync 1 DAGs
[2022-03-22 06:59:30,685] {logging_mixin.py:109} INFO - [2022-03-22 06:59:30,685] {dag.py:2937} INFO - Setting next_dagrun for example_python_operator to None
[2022-03-22 06:59:30,696] {processor.py:171} INFO - Processing /Users/adebolafagbule/opt/anaconda3/envs/airflow_env/lib/python3.8/site-packages/airflow/example_dags/example_python_operator.py took 0.193 seconds
[2022-03-22 08:12:18,086] {processor.py:163} INFO - Started process (PID=61622) to work on /Users/adebolafagbule/opt/anaconda3/envs/airflow_env/lib/python3.8/site-packages/airflow/example_dags/example_python_operator.py
[2022-03-22 08:12:18,087] {processor.py:642} INFO - Processing file /Users/adebolafagbule/opt/anaconda3/envs/airflow_env/lib/python3.8/site-packages/airflow/example_dags/example_python_operator.py for tasks to queue
[2022-03-22 08:12:18,088] {logging_mixin.py:109} INFO - [2022-03-22 08:12:18,088] {dagbag.py:500} INFO - Filling up the DagBag from /Users/adebolafagbule/opt/anaconda3/envs/airflow_env/lib/python3.8/site-packages/airflow/example_dags/example_python_operator.py
[2022-03-22 08:12:18,127] {logging_mixin.py:109} INFO - [2022-03-22 08:12:18,127] {example_python_operator.py:68} WARNING - The virtalenv_python example task requires virtualenv, please install it.
[2022-03-22 08:12:18,183] {processor.py:654} INFO - DAG(s) dict_keys(['example_python_operator']) retrieved from /Users/adebolafagbule/opt/anaconda3/envs/airflow_env/lib/python3.8/site-packages/airflow/example_dags/example_python_operator.py
[2022-03-22 08:12:18,215] {logging_mixin.py:109} INFO - [2022-03-22 08:12:18,215] {dag.py:2398} INFO - Sync 1 DAGs
[2022-03-22 08:12:18,232] {logging_mixin.py:109} INFO - [2022-03-22 08:12:18,232] {dag.py:2937} INFO - Setting next_dagrun for example_python_operator to None
[2022-03-22 08:12:18,245] {processor.py:171} INFO - Processing /Users/adebolafagbule/opt/anaconda3/envs/airflow_env/lib/python3.8/site-packages/airflow/example_dags/example_python_operator.py took 0.159 seconds
[2022-03-22 08:41:13,938] {processor.py:163} INFO - Started process (PID=61720) to work on /Users/adebolafagbule/opt/anaconda3/envs/airflow_env/lib/python3.8/site-packages/airflow/example_dags/example_python_operator.py
[2022-03-22 08:41:13,939] {processor.py:642} INFO - Processing file /Users/adebolafagbule/opt/anaconda3/envs/airflow_env/lib/python3.8/site-packages/airflow/example_dags/example_python_operator.py for tasks to queue
[2022-03-22 08:41:13,940] {logging_mixin.py:109} INFO - [2022-03-22 08:41:13,940] {dagbag.py:500} INFO - Filling up the DagBag from /Users/adebolafagbule/opt/anaconda3/envs/airflow_env/lib/python3.8/site-packages/airflow/example_dags/example_python_operator.py
[2022-03-22 08:41:13,978] {logging_mixin.py:109} INFO - [2022-03-22 08:41:13,978] {example_python_operator.py:68} WARNING - The virtalenv_python example task requires virtualenv, please install it.
[2022-03-22 08:41:14,031] {processor.py:654} INFO - DAG(s) dict_keys(['example_python_operator']) retrieved from /Users/adebolafagbule/opt/anaconda3/envs/airflow_env/lib/python3.8/site-packages/airflow/example_dags/example_python_operator.py
[2022-03-22 08:41:14,061] {logging_mixin.py:109} INFO - [2022-03-22 08:41:14,060] {dag.py:2398} INFO - Sync 1 DAGs
[2022-03-22 08:41:14,076] {logging_mixin.py:109} INFO - [2022-03-22 08:41:14,076] {dag.py:2937} INFO - Setting next_dagrun for example_python_operator to None
[2022-03-22 08:41:14,088] {processor.py:171} INFO - Processing /Users/adebolafagbule/opt/anaconda3/envs/airflow_env/lib/python3.8/site-packages/airflow/example_dags/example_python_operator.py took 0.150 seconds
[2022-03-22 09:35:01,264] {processor.py:163} INFO - Started process (PID=61877) to work on /Users/adebolafagbule/opt/anaconda3/envs/airflow_env/lib/python3.8/site-packages/airflow/example_dags/example_python_operator.py
[2022-03-22 09:35:01,265] {processor.py:642} INFO - Processing file /Users/adebolafagbule/opt/anaconda3/envs/airflow_env/lib/python3.8/site-packages/airflow/example_dags/example_python_operator.py for tasks to queue
[2022-03-22 09:35:01,266] {logging_mixin.py:109} INFO - [2022-03-22 09:35:01,266] {dagbag.py:500} INFO - Filling up the DagBag from /Users/adebolafagbule/opt/anaconda3/envs/airflow_env/lib/python3.8/site-packages/airflow/example_dags/example_python_operator.py
[2022-03-22 09:35:01,312] {logging_mixin.py:109} INFO - [2022-03-22 09:35:01,312] {example_python_operator.py:68} WARNING - The virtalenv_python example task requires virtualenv, please install it.
[2022-03-22 09:35:01,378] {processor.py:654} INFO - DAG(s) dict_keys(['example_python_operator']) retrieved from /Users/adebolafagbule/opt/anaconda3/envs/airflow_env/lib/python3.8/site-packages/airflow/example_dags/example_python_operator.py
[2022-03-22 09:35:01,415] {logging_mixin.py:109} INFO - [2022-03-22 09:35:01,415] {dag.py:2398} INFO - Sync 1 DAGs
[2022-03-22 09:35:01,434] {logging_mixin.py:109} INFO - [2022-03-22 09:35:01,434] {dag.py:2937} INFO - Setting next_dagrun for example_python_operator to None
[2022-03-22 09:35:01,448] {processor.py:171} INFO - Processing /Users/adebolafagbule/opt/anaconda3/envs/airflow_env/lib/python3.8/site-packages/airflow/example_dags/example_python_operator.py took 0.186 seconds
[2022-03-22 09:52:32,793] {processor.py:163} INFO - Started process (PID=61948) to work on /Users/adebolafagbule/opt/anaconda3/envs/airflow_env/lib/python3.8/site-packages/airflow/example_dags/example_python_operator.py
[2022-03-22 09:52:32,794] {processor.py:642} INFO - Processing file /Users/adebolafagbule/opt/anaconda3/envs/airflow_env/lib/python3.8/site-packages/airflow/example_dags/example_python_operator.py for tasks to queue
[2022-03-22 09:52:32,795] {logging_mixin.py:109} INFO - [2022-03-22 09:52:32,795] {dagbag.py:500} INFO - Filling up the DagBag from /Users/adebolafagbule/opt/anaconda3/envs/airflow_env/lib/python3.8/site-packages/airflow/example_dags/example_python_operator.py
[2022-03-22 09:52:32,840] {logging_mixin.py:109} INFO - [2022-03-22 09:52:32,840] {example_python_operator.py:68} WARNING - The virtalenv_python example task requires virtualenv, please install it.
[2022-03-22 09:52:32,906] {processor.py:654} INFO - DAG(s) dict_keys(['example_python_operator']) retrieved from /Users/adebolafagbule/opt/anaconda3/envs/airflow_env/lib/python3.8/site-packages/airflow/example_dags/example_python_operator.py
[2022-03-22 09:52:32,943] {logging_mixin.py:109} INFO - [2022-03-22 09:52:32,943] {dag.py:2398} INFO - Sync 1 DAGs
[2022-03-22 09:52:32,962] {logging_mixin.py:109} INFO - [2022-03-22 09:52:32,962] {dag.py:2937} INFO - Setting next_dagrun for example_python_operator to None
[2022-03-22 09:52:32,976] {processor.py:171} INFO - Processing /Users/adebolafagbule/opt/anaconda3/envs/airflow_env/lib/python3.8/site-packages/airflow/example_dags/example_python_operator.py took 0.185 seconds
[2022-03-22 10:10:39,632] {processor.py:163} INFO - Started process (PID=62019) to work on /Users/adebolafagbule/opt/anaconda3/envs/airflow_env/lib/python3.8/site-packages/airflow/example_dags/example_python_operator.py
[2022-03-22 10:10:39,633] {processor.py:642} INFO - Processing file /Users/adebolafagbule/opt/anaconda3/envs/airflow_env/lib/python3.8/site-packages/airflow/example_dags/example_python_operator.py for tasks to queue
[2022-03-22 10:10:39,634] {logging_mixin.py:109} INFO - [2022-03-22 10:10:39,633] {dagbag.py:500} INFO - Filling up the DagBag from /Users/adebolafagbule/opt/anaconda3/envs/airflow_env/lib/python3.8/site-packages/airflow/example_dags/example_python_operator.py
[2022-03-22 10:10:39,686] {logging_mixin.py:109} INFO - [2022-03-22 10:10:39,686] {example_python_operator.py:68} WARNING - The virtalenv_python example task requires virtualenv, please install it.
[2022-03-22 10:10:39,753] {processor.py:654} INFO - DAG(s) dict_keys(['example_python_operator']) retrieved from /Users/adebolafagbule/opt/anaconda3/envs/airflow_env/lib/python3.8/site-packages/airflow/example_dags/example_python_operator.py
[2022-03-22 10:10:39,786] {logging_mixin.py:109} INFO - [2022-03-22 10:10:39,786] {dag.py:2398} INFO - Sync 1 DAGs
[2022-03-22 10:10:39,803] {logging_mixin.py:109} INFO - [2022-03-22 10:10:39,803] {dag.py:2937} INFO - Setting next_dagrun for example_python_operator to None
[2022-03-22 10:10:39,816] {processor.py:171} INFO - Processing /Users/adebolafagbule/opt/anaconda3/envs/airflow_env/lib/python3.8/site-packages/airflow/example_dags/example_python_operator.py took 0.185 seconds
[2022-03-22 10:43:50,073] {processor.py:163} INFO - Started process (PID=62090) to work on /Users/adebolafagbule/opt/anaconda3/envs/airflow_env/lib/python3.8/site-packages/airflow/example_dags/example_python_operator.py
[2022-03-22 10:43:50,074] {processor.py:642} INFO - Processing file /Users/adebolafagbule/opt/anaconda3/envs/airflow_env/lib/python3.8/site-packages/airflow/example_dags/example_python_operator.py for tasks to queue
[2022-03-22 10:43:50,075] {logging_mixin.py:109} INFO - [2022-03-22 10:43:50,075] {dagbag.py:500} INFO - Filling up the DagBag from /Users/adebolafagbule/opt/anaconda3/envs/airflow_env/lib/python3.8/site-packages/airflow/example_dags/example_python_operator.py
[2022-03-22 10:43:50,101] {logging_mixin.py:109} INFO - [2022-03-22 10:43:50,101] {example_python_operator.py:68} WARNING - The virtalenv_python example task requires virtualenv, please install it.
[2022-03-22 10:43:50,126] {processor.py:654} INFO - DAG(s) dict_keys(['example_python_operator']) retrieved from /Users/adebolafagbule/opt/anaconda3/envs/airflow_env/lib/python3.8/site-packages/airflow/example_dags/example_python_operator.py
[2022-03-22 10:43:50,139] {logging_mixin.py:109} INFO - [2022-03-22 10:43:50,139] {dag.py:2398} INFO - Sync 1 DAGs
[2022-03-22 10:43:50,146] {logging_mixin.py:109} INFO - [2022-03-22 10:43:50,145] {dag.py:2937} INFO - Setting next_dagrun for example_python_operator to None
[2022-03-22 10:43:50,151] {processor.py:171} INFO - Processing /Users/adebolafagbule/opt/anaconda3/envs/airflow_env/lib/python3.8/site-packages/airflow/example_dags/example_python_operator.py took 0.078 seconds
[2022-03-22 11:00:29,181] {processor.py:163} INFO - Started process (PID=62182) to work on /Users/adebolafagbule/opt/anaconda3/envs/airflow_env/lib/python3.8/site-packages/airflow/example_dags/example_python_operator.py
[2022-03-22 11:00:29,182] {processor.py:642} INFO - Processing file /Users/adebolafagbule/opt/anaconda3/envs/airflow_env/lib/python3.8/site-packages/airflow/example_dags/example_python_operator.py for tasks to queue
[2022-03-22 11:00:29,183] {logging_mixin.py:109} INFO - [2022-03-22 11:00:29,183] {dagbag.py:500} INFO - Filling up the DagBag from /Users/adebolafagbule/opt/anaconda3/envs/airflow_env/lib/python3.8/site-packages/airflow/example_dags/example_python_operator.py
[2022-03-22 11:00:29,209] {logging_mixin.py:109} INFO - [2022-03-22 11:00:29,209] {example_python_operator.py:68} WARNING - The virtalenv_python example task requires virtualenv, please install it.
[2022-03-22 11:00:29,234] {processor.py:654} INFO - DAG(s) dict_keys(['example_python_operator']) retrieved from /Users/adebolafagbule/opt/anaconda3/envs/airflow_env/lib/python3.8/site-packages/airflow/example_dags/example_python_operator.py
[2022-03-22 11:00:29,246] {logging_mixin.py:109} INFO - [2022-03-22 11:00:29,246] {dag.py:2398} INFO - Sync 1 DAGs
[2022-03-22 11:00:29,253] {logging_mixin.py:109} INFO - [2022-03-22 11:00:29,253] {dag.py:2937} INFO - Setting next_dagrun for example_python_operator to None
[2022-03-22 11:00:29,261] {processor.py:171} INFO - Processing /Users/adebolafagbule/opt/anaconda3/envs/airflow_env/lib/python3.8/site-packages/airflow/example_dags/example_python_operator.py took 0.081 seconds
[2022-03-22 11:01:45,032] {processor.py:163} INFO - Started process (PID=62266) to work on /Users/adebolafagbule/opt/anaconda3/envs/airflow_env/lib/python3.8/site-packages/airflow/example_dags/example_python_operator.py
[2022-03-22 11:01:45,033] {processor.py:642} INFO - Processing file /Users/adebolafagbule/opt/anaconda3/envs/airflow_env/lib/python3.8/site-packages/airflow/example_dags/example_python_operator.py for tasks to queue
[2022-03-22 11:01:45,034] {logging_mixin.py:109} INFO - [2022-03-22 11:01:45,034] {dagbag.py:500} INFO - Filling up the DagBag from /Users/adebolafagbule/opt/anaconda3/envs/airflow_env/lib/python3.8/site-packages/airflow/example_dags/example_python_operator.py
[2022-03-22 11:01:45,051] {logging_mixin.py:109} INFO - [2022-03-22 11:01:45,051] {example_python_operator.py:68} WARNING - The virtalenv_python example task requires virtualenv, please install it.
[2022-03-22 11:01:45,073] {processor.py:654} INFO - DAG(s) dict_keys(['example_python_operator']) retrieved from /Users/adebolafagbule/opt/anaconda3/envs/airflow_env/lib/python3.8/site-packages/airflow/example_dags/example_python_operator.py
[2022-03-22 11:01:45,085] {logging_mixin.py:109} INFO - [2022-03-22 11:01:45,085] {dag.py:2398} INFO - Sync 1 DAGs
[2022-03-22 11:01:45,092] {logging_mixin.py:109} INFO - [2022-03-22 11:01:45,092] {dag.py:2937} INFO - Setting next_dagrun for example_python_operator to None
[2022-03-22 11:01:45,097] {processor.py:171} INFO - Processing /Users/adebolafagbule/opt/anaconda3/envs/airflow_env/lib/python3.8/site-packages/airflow/example_dags/example_python_operator.py took 0.066 seconds
[2022-03-22 11:03:01,056] {processor.py:163} INFO - Started process (PID=62438) to work on /Users/adebolafagbule/opt/anaconda3/envs/airflow_env/lib/python3.8/site-packages/airflow/example_dags/example_python_operator.py
[2022-03-22 11:03:01,057] {processor.py:642} INFO - Processing file /Users/adebolafagbule/opt/anaconda3/envs/airflow_env/lib/python3.8/site-packages/airflow/example_dags/example_python_operator.py for tasks to queue
[2022-03-22 11:03:01,057] {logging_mixin.py:109} INFO - [2022-03-22 11:03:01,057] {dagbag.py:500} INFO - Filling up the DagBag from /Users/adebolafagbule/opt/anaconda3/envs/airflow_env/lib/python3.8/site-packages/airflow/example_dags/example_python_operator.py
[2022-03-22 11:03:01,074] {logging_mixin.py:109} INFO - [2022-03-22 11:03:01,074] {example_python_operator.py:68} WARNING - The virtalenv_python example task requires virtualenv, please install it.
[2022-03-22 11:03:01,099] {processor.py:654} INFO - DAG(s) dict_keys(['example_python_operator']) retrieved from /Users/adebolafagbule/opt/anaconda3/envs/airflow_env/lib/python3.8/site-packages/airflow/example_dags/example_python_operator.py
[2022-03-22 11:03:01,112] {logging_mixin.py:109} INFO - [2022-03-22 11:03:01,112] {dag.py:2398} INFO - Sync 1 DAGs
[2022-03-22 11:03:01,120] {logging_mixin.py:109} INFO - [2022-03-22 11:03:01,120] {dag.py:2937} INFO - Setting next_dagrun for example_python_operator to None
[2022-03-22 11:03:01,125] {processor.py:171} INFO - Processing /Users/adebolafagbule/opt/anaconda3/envs/airflow_env/lib/python3.8/site-packages/airflow/example_dags/example_python_operator.py took 0.069 seconds
[2022-03-22 11:04:16,771] {processor.py:163} INFO - Started process (PID=62520) to work on /Users/adebolafagbule/opt/anaconda3/envs/airflow_env/lib/python3.8/site-packages/airflow/example_dags/example_python_operator.py
[2022-03-22 11:04:16,772] {processor.py:642} INFO - Processing file /Users/adebolafagbule/opt/anaconda3/envs/airflow_env/lib/python3.8/site-packages/airflow/example_dags/example_python_operator.py for tasks to queue
[2022-03-22 11:04:16,772] {logging_mixin.py:109} INFO - [2022-03-22 11:04:16,772] {dagbag.py:500} INFO - Filling up the DagBag from /Users/adebolafagbule/opt/anaconda3/envs/airflow_env/lib/python3.8/site-packages/airflow/example_dags/example_python_operator.py
[2022-03-22 11:04:16,789] {logging_mixin.py:109} INFO - [2022-03-22 11:04:16,789] {example_python_operator.py:68} WARNING - The virtalenv_python example task requires virtualenv, please install it.
[2022-03-22 11:04:16,811] {processor.py:654} INFO - DAG(s) dict_keys(['example_python_operator']) retrieved from /Users/adebolafagbule/opt/anaconda3/envs/airflow_env/lib/python3.8/site-packages/airflow/example_dags/example_python_operator.py
[2022-03-22 11:04:16,825] {logging_mixin.py:109} INFO - [2022-03-22 11:04:16,825] {dag.py:2398} INFO - Sync 1 DAGs
[2022-03-22 11:04:16,831] {logging_mixin.py:109} INFO - [2022-03-22 11:04:16,831] {dag.py:2937} INFO - Setting next_dagrun for example_python_operator to None
[2022-03-22 11:04:16,837] {processor.py:171} INFO - Processing /Users/adebolafagbule/opt/anaconda3/envs/airflow_env/lib/python3.8/site-packages/airflow/example_dags/example_python_operator.py took 0.066 seconds
[2022-03-22 11:24:23,239] {processor.py:163} INFO - Started process (PID=62657) to work on /Users/adebolafagbule/opt/anaconda3/envs/airflow_env/lib/python3.8/site-packages/airflow/example_dags/example_python_operator.py
[2022-03-22 11:24:23,240] {processor.py:642} INFO - Processing file /Users/adebolafagbule/opt/anaconda3/envs/airflow_env/lib/python3.8/site-packages/airflow/example_dags/example_python_operator.py for tasks to queue
[2022-03-22 11:24:23,241] {logging_mixin.py:109} INFO - [2022-03-22 11:24:23,241] {dagbag.py:500} INFO - Filling up the DagBag from /Users/adebolafagbule/opt/anaconda3/envs/airflow_env/lib/python3.8/site-packages/airflow/example_dags/example_python_operator.py
[2022-03-22 11:24:23,274] {logging_mixin.py:109} INFO - [2022-03-22 11:24:23,273] {example_python_operator.py:68} WARNING - The virtalenv_python example task requires virtualenv, please install it.
[2022-03-22 11:24:23,312] {processor.py:654} INFO - DAG(s) dict_keys(['example_python_operator']) retrieved from /Users/adebolafagbule/opt/anaconda3/envs/airflow_env/lib/python3.8/site-packages/airflow/example_dags/example_python_operator.py
[2022-03-22 11:24:23,335] {logging_mixin.py:109} INFO - [2022-03-22 11:24:23,334] {dag.py:2398} INFO - Sync 1 DAGs
[2022-03-22 11:24:23,346] {logging_mixin.py:109} INFO - [2022-03-22 11:24:23,345] {dag.py:2937} INFO - Setting next_dagrun for example_python_operator to None
[2022-03-22 11:24:23,354] {processor.py:171} INFO - Processing /Users/adebolafagbule/opt/anaconda3/envs/airflow_env/lib/python3.8/site-packages/airflow/example_dags/example_python_operator.py took 0.116 seconds
[2022-03-22 12:11:36,330] {processor.py:163} INFO - Started process (PID=62747) to work on /Users/adebolafagbule/opt/anaconda3/envs/airflow_env/lib/python3.8/site-packages/airflow/example_dags/example_python_operator.py
[2022-03-22 12:11:36,330] {processor.py:642} INFO - Processing file /Users/adebolafagbule/opt/anaconda3/envs/airflow_env/lib/python3.8/site-packages/airflow/example_dags/example_python_operator.py for tasks to queue
[2022-03-22 12:11:36,330] {logging_mixin.py:109} INFO - [2022-03-22 12:11:36,330] {dagbag.py:500} INFO - Filling up the DagBag from /Users/adebolafagbule/opt/anaconda3/envs/airflow_env/lib/python3.8/site-packages/airflow/example_dags/example_python_operator.py
[2022-03-22 12:11:36,345] {logging_mixin.py:109} INFO - [2022-03-22 12:11:36,345] {example_python_operator.py:68} WARNING - The virtalenv_python example task requires virtualenv, please install it.
[2022-03-22 12:11:36,367] {processor.py:654} INFO - DAG(s) dict_keys(['example_python_operator']) retrieved from /Users/adebolafagbule/opt/anaconda3/envs/airflow_env/lib/python3.8/site-packages/airflow/example_dags/example_python_operator.py
[2022-03-22 12:11:36,380] {logging_mixin.py:109} INFO - [2022-03-22 12:11:36,380] {dag.py:2398} INFO - Sync 1 DAGs
[2022-03-22 12:11:36,387] {logging_mixin.py:109} INFO - [2022-03-22 12:11:36,387] {dag.py:2937} INFO - Setting next_dagrun for example_python_operator to None
[2022-03-22 12:11:36,395] {processor.py:171} INFO - Processing /Users/adebolafagbule/opt/anaconda3/envs/airflow_env/lib/python3.8/site-packages/airflow/example_dags/example_python_operator.py took 0.066 seconds
[2022-03-22 12:29:20,852] {processor.py:163} INFO - Started process (PID=62831) to work on /Users/adebolafagbule/opt/anaconda3/envs/airflow_env/lib/python3.8/site-packages/airflow/example_dags/example_python_operator.py
[2022-03-22 12:29:20,853] {processor.py:642} INFO - Processing file /Users/adebolafagbule/opt/anaconda3/envs/airflow_env/lib/python3.8/site-packages/airflow/example_dags/example_python_operator.py for tasks to queue
[2022-03-22 12:29:20,853] {logging_mixin.py:109} INFO - [2022-03-22 12:29:20,853] {dagbag.py:500} INFO - Filling up the DagBag from /Users/adebolafagbule/opt/anaconda3/envs/airflow_env/lib/python3.8/site-packages/airflow/example_dags/example_python_operator.py
[2022-03-22 12:29:20,887] {logging_mixin.py:109} INFO - [2022-03-22 12:29:20,887] {example_python_operator.py:68} WARNING - The virtalenv_python example task requires virtualenv, please install it.
[2022-03-22 12:29:20,932] {processor.py:654} INFO - DAG(s) dict_keys(['example_python_operator']) retrieved from /Users/adebolafagbule/opt/anaconda3/envs/airflow_env/lib/python3.8/site-packages/airflow/example_dags/example_python_operator.py
[2022-03-22 12:29:20,957] {logging_mixin.py:109} INFO - [2022-03-22 12:29:20,957] {dag.py:2398} INFO - Sync 1 DAGs
[2022-03-22 12:29:20,970] {logging_mixin.py:109} INFO - [2022-03-22 12:29:20,970] {dag.py:2937} INFO - Setting next_dagrun for example_python_operator to None
[2022-03-22 12:29:20,979] {processor.py:171} INFO - Processing /Users/adebolafagbule/opt/anaconda3/envs/airflow_env/lib/python3.8/site-packages/airflow/example_dags/example_python_operator.py took 0.128 seconds
[2022-03-22 13:48:11,487] {processor.py:163} INFO - Started process (PID=62918) to work on /Users/adebolafagbule/opt/anaconda3/envs/airflow_env/lib/python3.8/site-packages/airflow/example_dags/example_python_operator.py
[2022-03-22 13:48:11,488] {processor.py:642} INFO - Processing file /Users/adebolafagbule/opt/anaconda3/envs/airflow_env/lib/python3.8/site-packages/airflow/example_dags/example_python_operator.py for tasks to queue
[2022-03-22 13:48:11,489] {logging_mixin.py:109} INFO - [2022-03-22 13:48:11,489] {dagbag.py:500} INFO - Filling up the DagBag from /Users/adebolafagbule/opt/anaconda3/envs/airflow_env/lib/python3.8/site-packages/airflow/example_dags/example_python_operator.py
[2022-03-22 13:48:11,532] {logging_mixin.py:109} INFO - [2022-03-22 13:48:11,532] {example_python_operator.py:68} WARNING - The virtalenv_python example task requires virtualenv, please install it.
[2022-03-22 13:48:11,593] {processor.py:654} INFO - DAG(s) dict_keys(['example_python_operator']) retrieved from /Users/adebolafagbule/opt/anaconda3/envs/airflow_env/lib/python3.8/site-packages/airflow/example_dags/example_python_operator.py
[2022-03-22 13:48:11,627] {logging_mixin.py:109} INFO - [2022-03-22 13:48:11,626] {dag.py:2398} INFO - Sync 1 DAGs
[2022-03-22 13:48:11,644] {logging_mixin.py:109} INFO - [2022-03-22 13:48:11,644] {dag.py:2937} INFO - Setting next_dagrun for example_python_operator to None
[2022-03-22 13:48:11,656] {processor.py:171} INFO - Processing /Users/adebolafagbule/opt/anaconda3/envs/airflow_env/lib/python3.8/site-packages/airflow/example_dags/example_python_operator.py took 0.171 seconds
[2022-03-22 14:13:14,692] {processor.py:163} INFO - Started process (PID=62995) to work on /Users/adebolafagbule/opt/anaconda3/envs/airflow_env/lib/python3.8/site-packages/airflow/example_dags/example_python_operator.py
[2022-03-22 14:13:14,693] {processor.py:642} INFO - Processing file /Users/adebolafagbule/opt/anaconda3/envs/airflow_env/lib/python3.8/site-packages/airflow/example_dags/example_python_operator.py for tasks to queue
[2022-03-22 14:13:14,694] {logging_mixin.py:109} INFO - [2022-03-22 14:13:14,694] {dagbag.py:500} INFO - Filling up the DagBag from /Users/adebolafagbule/opt/anaconda3/envs/airflow_env/lib/python3.8/site-packages/airflow/example_dags/example_python_operator.py
[2022-03-22 14:13:14,722] {logging_mixin.py:109} INFO - [2022-03-22 14:13:14,722] {example_python_operator.py:68} WARNING - The virtalenv_python example task requires virtualenv, please install it.
[2022-03-22 14:13:14,764] {processor.py:654} INFO - DAG(s) dict_keys(['example_python_operator']) retrieved from /Users/adebolafagbule/opt/anaconda3/envs/airflow_env/lib/python3.8/site-packages/airflow/example_dags/example_python_operator.py
[2022-03-22 14:13:14,787] {logging_mixin.py:109} INFO - [2022-03-22 14:13:14,786] {dag.py:2398} INFO - Sync 1 DAGs
[2022-03-22 14:13:14,799] {logging_mixin.py:109} INFO - [2022-03-22 14:13:14,799] {dag.py:2937} INFO - Setting next_dagrun for example_python_operator to None
[2022-03-22 14:13:14,808] {processor.py:171} INFO - Processing /Users/adebolafagbule/opt/anaconda3/envs/airflow_env/lib/python3.8/site-packages/airflow/example_dags/example_python_operator.py took 0.117 seconds
[2022-03-22 14:58:24,940] {processor.py:163} INFO - Started process (PID=63108) to work on /Users/adebolafagbule/opt/anaconda3/envs/airflow_env/lib/python3.8/site-packages/airflow/example_dags/example_python_operator.py
[2022-03-22 14:58:24,941] {processor.py:642} INFO - Processing file /Users/adebolafagbule/opt/anaconda3/envs/airflow_env/lib/python3.8/site-packages/airflow/example_dags/example_python_operator.py for tasks to queue
[2022-03-22 14:58:24,941] {logging_mixin.py:109} INFO - [2022-03-22 14:58:24,941] {dagbag.py:500} INFO - Filling up the DagBag from /Users/adebolafagbule/opt/anaconda3/envs/airflow_env/lib/python3.8/site-packages/airflow/example_dags/example_python_operator.py
[2022-03-22 14:58:24,961] {logging_mixin.py:109} INFO - [2022-03-22 14:58:24,961] {example_python_operator.py:68} WARNING - The virtalenv_python example task requires virtualenv, please install it.
[2022-03-22 14:58:24,986] {processor.py:654} INFO - DAG(s) dict_keys(['example_python_operator']) retrieved from /Users/adebolafagbule/opt/anaconda3/envs/airflow_env/lib/python3.8/site-packages/airflow/example_dags/example_python_operator.py
[2022-03-22 14:58:24,999] {logging_mixin.py:109} INFO - [2022-03-22 14:58:24,999] {dag.py:2398} INFO - Sync 1 DAGs
[2022-03-22 14:58:25,006] {logging_mixin.py:109} INFO - [2022-03-22 14:58:25,006] {dag.py:2937} INFO - Setting next_dagrun for example_python_operator to None
[2022-03-22 14:58:25,011] {processor.py:171} INFO - Processing /Users/adebolafagbule/opt/anaconda3/envs/airflow_env/lib/python3.8/site-packages/airflow/example_dags/example_python_operator.py took 0.072 seconds
[2022-03-22 15:31:30,725] {processor.py:163} INFO - Started process (PID=63253) to work on /Users/adebolafagbule/opt/anaconda3/envs/airflow_env/lib/python3.8/site-packages/airflow/example_dags/example_python_operator.py
[2022-03-22 15:31:30,726] {processor.py:642} INFO - Processing file /Users/adebolafagbule/opt/anaconda3/envs/airflow_env/lib/python3.8/site-packages/airflow/example_dags/example_python_operator.py for tasks to queue
[2022-03-22 15:31:30,726] {logging_mixin.py:109} INFO - [2022-03-22 15:31:30,726] {dagbag.py:500} INFO - Filling up the DagBag from /Users/adebolafagbule/opt/anaconda3/envs/airflow_env/lib/python3.8/site-packages/airflow/example_dags/example_python_operator.py
[2022-03-22 15:31:30,763] {logging_mixin.py:109} INFO - [2022-03-22 15:31:30,763] {example_python_operator.py:68} WARNING - The virtalenv_python example task requires virtualenv, please install it.
[2022-03-22 15:31:30,819] {processor.py:654} INFO - DAG(s) dict_keys(['example_python_operator']) retrieved from /Users/adebolafagbule/opt/anaconda3/envs/airflow_env/lib/python3.8/site-packages/airflow/example_dags/example_python_operator.py
[2022-03-22 15:31:30,848] {logging_mixin.py:109} INFO - [2022-03-22 15:31:30,848] {dag.py:2398} INFO - Sync 1 DAGs
[2022-03-22 15:31:30,863] {logging_mixin.py:109} INFO - [2022-03-22 15:31:30,863] {dag.py:2937} INFO - Setting next_dagrun for example_python_operator to None
[2022-03-22 15:31:30,875] {processor.py:171} INFO - Processing /Users/adebolafagbule/opt/anaconda3/envs/airflow_env/lib/python3.8/site-packages/airflow/example_dags/example_python_operator.py took 0.151 seconds
[2022-03-22 16:35:34,965] {processor.py:163} INFO - Started process (PID=63395) to work on /Users/adebolafagbule/opt/anaconda3/envs/airflow_env/lib/python3.8/site-packages/airflow/example_dags/example_python_operator.py
[2022-03-22 16:35:34,966] {processor.py:642} INFO - Processing file /Users/adebolafagbule/opt/anaconda3/envs/airflow_env/lib/python3.8/site-packages/airflow/example_dags/example_python_operator.py for tasks to queue
[2022-03-22 16:35:34,967] {logging_mixin.py:109} INFO - [2022-03-22 16:35:34,967] {dagbag.py:500} INFO - Filling up the DagBag from /Users/adebolafagbule/opt/anaconda3/envs/airflow_env/lib/python3.8/site-packages/airflow/example_dags/example_python_operator.py
[2022-03-22 16:35:34,984] {logging_mixin.py:109} INFO - [2022-03-22 16:35:34,984] {example_python_operator.py:68} WARNING - The virtalenv_python example task requires virtualenv, please install it.
[2022-03-22 16:35:35,006] {processor.py:654} INFO - DAG(s) dict_keys(['example_python_operator']) retrieved from /Users/adebolafagbule/opt/anaconda3/envs/airflow_env/lib/python3.8/site-packages/airflow/example_dags/example_python_operator.py
[2022-03-22 16:35:35,019] {logging_mixin.py:109} INFO - [2022-03-22 16:35:35,019] {dag.py:2398} INFO - Sync 1 DAGs
[2022-03-22 16:35:35,025] {logging_mixin.py:109} INFO - [2022-03-22 16:35:35,025] {dag.py:2937} INFO - Setting next_dagrun for example_python_operator to None
[2022-03-22 16:35:35,034] {processor.py:171} INFO - Processing /Users/adebolafagbule/opt/anaconda3/envs/airflow_env/lib/python3.8/site-packages/airflow/example_dags/example_python_operator.py took 0.069 seconds
[2022-03-22 17:29:46,817] {processor.py:163} INFO - Started process (PID=63472) to work on /Users/adebolafagbule/opt/anaconda3/envs/airflow_env/lib/python3.8/site-packages/airflow/example_dags/example_python_operator.py
[2022-03-22 17:29:46,818] {processor.py:642} INFO - Processing file /Users/adebolafagbule/opt/anaconda3/envs/airflow_env/lib/python3.8/site-packages/airflow/example_dags/example_python_operator.py for tasks to queue
[2022-03-22 17:29:46,819] {logging_mixin.py:109} INFO - [2022-03-22 17:29:46,819] {dagbag.py:500} INFO - Filling up the DagBag from /Users/adebolafagbule/opt/anaconda3/envs/airflow_env/lib/python3.8/site-packages/airflow/example_dags/example_python_operator.py
[2022-03-22 17:29:46,849] {logging_mixin.py:109} INFO - [2022-03-22 17:29:46,849] {example_python_operator.py:68} WARNING - The virtalenv_python example task requires virtualenv, please install it.
[2022-03-22 17:29:46,887] {processor.py:654} INFO - DAG(s) dict_keys(['example_python_operator']) retrieved from /Users/adebolafagbule/opt/anaconda3/envs/airflow_env/lib/python3.8/site-packages/airflow/example_dags/example_python_operator.py
[2022-03-22 17:29:46,908] {logging_mixin.py:109} INFO - [2022-03-22 17:29:46,908] {dag.py:2398} INFO - Sync 1 DAGs
[2022-03-22 17:29:46,918] {logging_mixin.py:109} INFO - [2022-03-22 17:29:46,918] {dag.py:2937} INFO - Setting next_dagrun for example_python_operator to None
[2022-03-22 17:29:46,928] {processor.py:171} INFO - Processing /Users/adebolafagbule/opt/anaconda3/envs/airflow_env/lib/python3.8/site-packages/airflow/example_dags/example_python_operator.py took 0.112 seconds
[2022-03-22 17:31:14,883] {processor.py:163} INFO - Started process (PID=63550) to work on /Users/adebolafagbule/opt/anaconda3/envs/airflow_env/lib/python3.8/site-packages/airflow/example_dags/example_python_operator.py
[2022-03-22 17:31:14,884] {processor.py:642} INFO - Processing file /Users/adebolafagbule/opt/anaconda3/envs/airflow_env/lib/python3.8/site-packages/airflow/example_dags/example_python_operator.py for tasks to queue
[2022-03-22 17:31:14,885] {logging_mixin.py:109} INFO - [2022-03-22 17:31:14,884] {dagbag.py:500} INFO - Filling up the DagBag from /Users/adebolafagbule/opt/anaconda3/envs/airflow_env/lib/python3.8/site-packages/airflow/example_dags/example_python_operator.py
[2022-03-22 17:31:14,943] {logging_mixin.py:109} INFO - [2022-03-22 17:31:14,943] {example_python_operator.py:68} WARNING - The virtalenv_python example task requires virtualenv, please install it.
[2022-03-22 17:31:14,969] {processor.py:654} INFO - DAG(s) dict_keys(['example_python_operator']) retrieved from /Users/adebolafagbule/opt/anaconda3/envs/airflow_env/lib/python3.8/site-packages/airflow/example_dags/example_python_operator.py
[2022-03-22 17:31:15,030] {logging_mixin.py:109} INFO - [2022-03-22 17:31:15,030] {dag.py:2398} INFO - Sync 1 DAGs
[2022-03-22 17:31:15,038] {logging_mixin.py:109} INFO - [2022-03-22 17:31:15,038] {dag.py:2937} INFO - Setting next_dagrun for example_python_operator to None
[2022-03-22 17:31:15,044] {processor.py:171} INFO - Processing /Users/adebolafagbule/opt/anaconda3/envs/airflow_env/lib/python3.8/site-packages/airflow/example_dags/example_python_operator.py took 0.161 seconds
[2022-03-22 17:32:51,470] {processor.py:163} INFO - Started process (PID=63642) to work on /Users/adebolafagbule/opt/anaconda3/envs/airflow_env/lib/python3.8/site-packages/airflow/example_dags/example_python_operator.py
[2022-03-22 17:32:51,471] {processor.py:642} INFO - Processing file /Users/adebolafagbule/opt/anaconda3/envs/airflow_env/lib/python3.8/site-packages/airflow/example_dags/example_python_operator.py for tasks to queue
[2022-03-22 17:32:51,472] {logging_mixin.py:109} INFO - [2022-03-22 17:32:51,472] {dagbag.py:500} INFO - Filling up the DagBag from /Users/adebolafagbule/opt/anaconda3/envs/airflow_env/lib/python3.8/site-packages/airflow/example_dags/example_python_operator.py
[2022-03-22 17:32:51,488] {logging_mixin.py:109} INFO - [2022-03-22 17:32:51,488] {example_python_operator.py:68} WARNING - The virtalenv_python example task requires virtualenv, please install it.
[2022-03-22 17:32:51,510] {processor.py:654} INFO - DAG(s) dict_keys(['example_python_operator']) retrieved from /Users/adebolafagbule/opt/anaconda3/envs/airflow_env/lib/python3.8/site-packages/airflow/example_dags/example_python_operator.py
[2022-03-22 17:32:51,523] {logging_mixin.py:109} INFO - [2022-03-22 17:32:51,523] {dag.py:2398} INFO - Sync 1 DAGs
[2022-03-22 17:32:51,529] {logging_mixin.py:109} INFO - [2022-03-22 17:32:51,529] {dag.py:2937} INFO - Setting next_dagrun for example_python_operator to None
[2022-03-22 17:32:51,537] {processor.py:171} INFO - Processing /Users/adebolafagbule/opt/anaconda3/envs/airflow_env/lib/python3.8/site-packages/airflow/example_dags/example_python_operator.py took 0.068 seconds
[2022-03-22 17:34:06,260] {processor.py:163} INFO - Started process (PID=63716) to work on /Users/adebolafagbule/opt/anaconda3/envs/airflow_env/lib/python3.8/site-packages/airflow/example_dags/example_python_operator.py
[2022-03-22 17:34:06,261] {processor.py:642} INFO - Processing file /Users/adebolafagbule/opt/anaconda3/envs/airflow_env/lib/python3.8/site-packages/airflow/example_dags/example_python_operator.py for tasks to queue
[2022-03-22 17:34:06,261] {logging_mixin.py:109} INFO - [2022-03-22 17:34:06,261] {dagbag.py:500} INFO - Filling up the DagBag from /Users/adebolafagbule/opt/anaconda3/envs/airflow_env/lib/python3.8/site-packages/airflow/example_dags/example_python_operator.py
[2022-03-22 17:34:06,276] {logging_mixin.py:109} INFO - [2022-03-22 17:34:06,276] {example_python_operator.py:68} WARNING - The virtalenv_python example task requires virtualenv, please install it.
[2022-03-22 17:34:06,299] {processor.py:654} INFO - DAG(s) dict_keys(['example_python_operator']) retrieved from /Users/adebolafagbule/opt/anaconda3/envs/airflow_env/lib/python3.8/site-packages/airflow/example_dags/example_python_operator.py
[2022-03-22 17:34:06,311] {logging_mixin.py:109} INFO - [2022-03-22 17:34:06,311] {dag.py:2398} INFO - Sync 1 DAGs
[2022-03-22 17:34:06,318] {logging_mixin.py:109} INFO - [2022-03-22 17:34:06,318] {dag.py:2937} INFO - Setting next_dagrun for example_python_operator to None
[2022-03-22 17:34:06,324] {processor.py:171} INFO - Processing /Users/adebolafagbule/opt/anaconda3/envs/airflow_env/lib/python3.8/site-packages/airflow/example_dags/example_python_operator.py took 0.064 seconds
[2022-03-22 17:35:18,761] {processor.py:163} INFO - Started process (PID=63787) to work on /Users/adebolafagbule/opt/anaconda3/envs/airflow_env/lib/python3.8/site-packages/airflow/example_dags/example_python_operator.py
[2022-03-22 17:35:18,761] {processor.py:642} INFO - Processing file /Users/adebolafagbule/opt/anaconda3/envs/airflow_env/lib/python3.8/site-packages/airflow/example_dags/example_python_operator.py for tasks to queue
[2022-03-22 17:35:18,762] {logging_mixin.py:109} INFO - [2022-03-22 17:35:18,762] {dagbag.py:500} INFO - Filling up the DagBag from /Users/adebolafagbule/opt/anaconda3/envs/airflow_env/lib/python3.8/site-packages/airflow/example_dags/example_python_operator.py
[2022-03-22 17:35:18,777] {logging_mixin.py:109} INFO - [2022-03-22 17:35:18,777] {example_python_operator.py:68} WARNING - The virtalenv_python example task requires virtualenv, please install it.
[2022-03-22 17:35:18,803] {processor.py:654} INFO - DAG(s) dict_keys(['example_python_operator']) retrieved from /Users/adebolafagbule/opt/anaconda3/envs/airflow_env/lib/python3.8/site-packages/airflow/example_dags/example_python_operator.py
[2022-03-22 17:35:18,815] {logging_mixin.py:109} INFO - [2022-03-22 17:35:18,815] {dag.py:2398} INFO - Sync 1 DAGs
[2022-03-22 17:35:18,822] {logging_mixin.py:109} INFO - [2022-03-22 17:35:18,822] {dag.py:2937} INFO - Setting next_dagrun for example_python_operator to None
[2022-03-22 17:35:18,829] {processor.py:171} INFO - Processing /Users/adebolafagbule/opt/anaconda3/envs/airflow_env/lib/python3.8/site-packages/airflow/example_dags/example_python_operator.py took 0.069 seconds
[2022-03-22 17:36:34,032] {processor.py:163} INFO - Started process (PID=63861) to work on /Users/adebolafagbule/opt/anaconda3/envs/airflow_env/lib/python3.8/site-packages/airflow/example_dags/example_python_operator.py
[2022-03-22 17:36:34,033] {processor.py:642} INFO - Processing file /Users/adebolafagbule/opt/anaconda3/envs/airflow_env/lib/python3.8/site-packages/airflow/example_dags/example_python_operator.py for tasks to queue
[2022-03-22 17:36:34,034] {logging_mixin.py:109} INFO - [2022-03-22 17:36:34,034] {dagbag.py:500} INFO - Filling up the DagBag from /Users/adebolafagbule/opt/anaconda3/envs/airflow_env/lib/python3.8/site-packages/airflow/example_dags/example_python_operator.py
[2022-03-22 17:36:34,050] {logging_mixin.py:109} INFO - [2022-03-22 17:36:34,050] {example_python_operator.py:68} WARNING - The virtalenv_python example task requires virtualenv, please install it.
[2022-03-22 17:36:34,072] {processor.py:654} INFO - DAG(s) dict_keys(['example_python_operator']) retrieved from /Users/adebolafagbule/opt/anaconda3/envs/airflow_env/lib/python3.8/site-packages/airflow/example_dags/example_python_operator.py
[2022-03-22 17:36:34,084] {logging_mixin.py:109} INFO - [2022-03-22 17:36:34,084] {dag.py:2398} INFO - Sync 1 DAGs
[2022-03-22 17:36:34,091] {logging_mixin.py:109} INFO - [2022-03-22 17:36:34,091] {dag.py:2937} INFO - Setting next_dagrun for example_python_operator to None
[2022-03-22 17:36:34,097] {processor.py:171} INFO - Processing /Users/adebolafagbule/opt/anaconda3/envs/airflow_env/lib/python3.8/site-packages/airflow/example_dags/example_python_operator.py took 0.065 seconds
[2022-03-22 17:37:52,036] {processor.py:163} INFO - Started process (PID=63934) to work on /Users/adebolafagbule/opt/anaconda3/envs/airflow_env/lib/python3.8/site-packages/airflow/example_dags/example_python_operator.py
[2022-03-22 17:37:52,037] {processor.py:642} INFO - Processing file /Users/adebolafagbule/opt/anaconda3/envs/airflow_env/lib/python3.8/site-packages/airflow/example_dags/example_python_operator.py for tasks to queue
[2022-03-22 17:37:52,038] {logging_mixin.py:109} INFO - [2022-03-22 17:37:52,038] {dagbag.py:500} INFO - Filling up the DagBag from /Users/adebolafagbule/opt/anaconda3/envs/airflow_env/lib/python3.8/site-packages/airflow/example_dags/example_python_operator.py
[2022-03-22 17:37:52,058] {logging_mixin.py:109} INFO - [2022-03-22 17:37:52,058] {example_python_operator.py:68} WARNING - The virtalenv_python example task requires virtualenv, please install it.
[2022-03-22 17:37:52,081] {processor.py:654} INFO - DAG(s) dict_keys(['example_python_operator']) retrieved from /Users/adebolafagbule/opt/anaconda3/envs/airflow_env/lib/python3.8/site-packages/airflow/example_dags/example_python_operator.py
[2022-03-22 17:37:52,093] {logging_mixin.py:109} INFO - [2022-03-22 17:37:52,093] {dag.py:2398} INFO - Sync 1 DAGs
[2022-03-22 17:37:52,100] {logging_mixin.py:109} INFO - [2022-03-22 17:37:52,100] {dag.py:2937} INFO - Setting next_dagrun for example_python_operator to None
[2022-03-22 17:37:52,105] {processor.py:171} INFO - Processing /Users/adebolafagbule/opt/anaconda3/envs/airflow_env/lib/python3.8/site-packages/airflow/example_dags/example_python_operator.py took 0.070 seconds
[2022-03-22 17:39:20,953] {processor.py:163} INFO - Started process (PID=64011) to work on /Users/adebolafagbule/opt/anaconda3/envs/airflow_env/lib/python3.8/site-packages/airflow/example_dags/example_python_operator.py
[2022-03-22 17:39:20,954] {processor.py:642} INFO - Processing file /Users/adebolafagbule/opt/anaconda3/envs/airflow_env/lib/python3.8/site-packages/airflow/example_dags/example_python_operator.py for tasks to queue
[2022-03-22 17:39:20,955] {logging_mixin.py:109} INFO - [2022-03-22 17:39:20,955] {dagbag.py:500} INFO - Filling up the DagBag from /Users/adebolafagbule/opt/anaconda3/envs/airflow_env/lib/python3.8/site-packages/airflow/example_dags/example_python_operator.py
[2022-03-22 17:39:20,972] {logging_mixin.py:109} INFO - [2022-03-22 17:39:20,972] {example_python_operator.py:68} WARNING - The virtalenv_python example task requires virtualenv, please install it.
[2022-03-22 17:39:20,994] {processor.py:654} INFO - DAG(s) dict_keys(['example_python_operator']) retrieved from /Users/adebolafagbule/opt/anaconda3/envs/airflow_env/lib/python3.8/site-packages/airflow/example_dags/example_python_operator.py
[2022-03-22 17:39:21,007] {logging_mixin.py:109} INFO - [2022-03-22 17:39:21,007] {dag.py:2398} INFO - Sync 1 DAGs
[2022-03-22 17:39:21,013] {logging_mixin.py:109} INFO - [2022-03-22 17:39:21,013] {dag.py:2937} INFO - Setting next_dagrun for example_python_operator to None
[2022-03-22 17:39:21,019] {processor.py:171} INFO - Processing /Users/adebolafagbule/opt/anaconda3/envs/airflow_env/lib/python3.8/site-packages/airflow/example_dags/example_python_operator.py took 0.066 seconds
[2022-03-22 17:40:48,426] {processor.py:163} INFO - Started process (PID=64088) to work on /Users/adebolafagbule/opt/anaconda3/envs/airflow_env/lib/python3.8/site-packages/airflow/example_dags/example_python_operator.py
[2022-03-22 17:40:48,427] {processor.py:642} INFO - Processing file /Users/adebolafagbule/opt/anaconda3/envs/airflow_env/lib/python3.8/site-packages/airflow/example_dags/example_python_operator.py for tasks to queue
[2022-03-22 17:40:48,427] {logging_mixin.py:109} INFO - [2022-03-22 17:40:48,427] {dagbag.py:500} INFO - Filling up the DagBag from /Users/adebolafagbule/opt/anaconda3/envs/airflow_env/lib/python3.8/site-packages/airflow/example_dags/example_python_operator.py
[2022-03-22 17:40:48,451] {logging_mixin.py:109} INFO - [2022-03-22 17:40:48,451] {example_python_operator.py:68} WARNING - The virtalenv_python example task requires virtualenv, please install it.
[2022-03-22 17:40:48,474] {processor.py:654} INFO - DAG(s) dict_keys(['example_python_operator']) retrieved from /Users/adebolafagbule/opt/anaconda3/envs/airflow_env/lib/python3.8/site-packages/airflow/example_dags/example_python_operator.py
[2022-03-22 17:40:48,486] {logging_mixin.py:109} INFO - [2022-03-22 17:40:48,486] {dag.py:2398} INFO - Sync 1 DAGs
[2022-03-22 17:40:48,493] {logging_mixin.py:109} INFO - [2022-03-22 17:40:48,493] {dag.py:2937} INFO - Setting next_dagrun for example_python_operator to None
[2022-03-22 17:40:48,498] {processor.py:171} INFO - Processing /Users/adebolafagbule/opt/anaconda3/envs/airflow_env/lib/python3.8/site-packages/airflow/example_dags/example_python_operator.py took 0.073 seconds
[2022-03-22 17:42:25,515] {processor.py:163} INFO - Started process (PID=64171) to work on /Users/adebolafagbule/opt/anaconda3/envs/airflow_env/lib/python3.8/site-packages/airflow/example_dags/example_python_operator.py
[2022-03-22 17:42:25,516] {processor.py:642} INFO - Processing file /Users/adebolafagbule/opt/anaconda3/envs/airflow_env/lib/python3.8/site-packages/airflow/example_dags/example_python_operator.py for tasks to queue
[2022-03-22 17:42:25,517] {logging_mixin.py:109} INFO - [2022-03-22 17:42:25,517] {dagbag.py:500} INFO - Filling up the DagBag from /Users/adebolafagbule/opt/anaconda3/envs/airflow_env/lib/python3.8/site-packages/airflow/example_dags/example_python_operator.py
[2022-03-22 17:42:25,537] {logging_mixin.py:109} INFO - [2022-03-22 17:42:25,537] {example_python_operator.py:68} WARNING - The virtalenv_python example task requires virtualenv, please install it.
[2022-03-22 17:42:25,563] {processor.py:654} INFO - DAG(s) dict_keys(['example_python_operator']) retrieved from /Users/adebolafagbule/opt/anaconda3/envs/airflow_env/lib/python3.8/site-packages/airflow/example_dags/example_python_operator.py
[2022-03-22 17:42:25,577] {logging_mixin.py:109} INFO - [2022-03-22 17:42:25,577] {dag.py:2398} INFO - Sync 1 DAGs
[2022-03-22 17:42:25,585] {logging_mixin.py:109} INFO - [2022-03-22 17:42:25,585] {dag.py:2937} INFO - Setting next_dagrun for example_python_operator to None
[2022-03-22 17:42:25,592] {processor.py:171} INFO - Processing /Users/adebolafagbule/opt/anaconda3/envs/airflow_env/lib/python3.8/site-packages/airflow/example_dags/example_python_operator.py took 0.077 seconds
[2022-03-22 17:43:59,067] {processor.py:163} INFO - Started process (PID=64250) to work on /Users/adebolafagbule/opt/anaconda3/envs/airflow_env/lib/python3.8/site-packages/airflow/example_dags/example_python_operator.py
[2022-03-22 17:43:59,068] {processor.py:642} INFO - Processing file /Users/adebolafagbule/opt/anaconda3/envs/airflow_env/lib/python3.8/site-packages/airflow/example_dags/example_python_operator.py for tasks to queue
[2022-03-22 17:43:59,069] {logging_mixin.py:109} INFO - [2022-03-22 17:43:59,069] {dagbag.py:500} INFO - Filling up the DagBag from /Users/adebolafagbule/opt/anaconda3/envs/airflow_env/lib/python3.8/site-packages/airflow/example_dags/example_python_operator.py
[2022-03-22 17:43:59,092] {logging_mixin.py:109} INFO - [2022-03-22 17:43:59,092] {example_python_operator.py:68} WARNING - The virtalenv_python example task requires virtualenv, please install it.
[2022-03-22 17:43:59,117] {processor.py:654} INFO - DAG(s) dict_keys(['example_python_operator']) retrieved from /Users/adebolafagbule/opt/anaconda3/envs/airflow_env/lib/python3.8/site-packages/airflow/example_dags/example_python_operator.py
[2022-03-22 17:43:59,131] {logging_mixin.py:109} INFO - [2022-03-22 17:43:59,131] {dag.py:2398} INFO - Sync 1 DAGs
[2022-03-22 17:43:59,138] {logging_mixin.py:109} INFO - [2022-03-22 17:43:59,138] {dag.py:2937} INFO - Setting next_dagrun for example_python_operator to None
[2022-03-22 17:43:59,145] {processor.py:171} INFO - Processing /Users/adebolafagbule/opt/anaconda3/envs/airflow_env/lib/python3.8/site-packages/airflow/example_dags/example_python_operator.py took 0.078 seconds
[2022-03-22 17:45:31,136] {processor.py:163} INFO - Started process (PID=64327) to work on /Users/adebolafagbule/opt/anaconda3/envs/airflow_env/lib/python3.8/site-packages/airflow/example_dags/example_python_operator.py
[2022-03-22 17:45:31,137] {processor.py:642} INFO - Processing file /Users/adebolafagbule/opt/anaconda3/envs/airflow_env/lib/python3.8/site-packages/airflow/example_dags/example_python_operator.py for tasks to queue
[2022-03-22 17:45:31,138] {logging_mixin.py:109} INFO - [2022-03-22 17:45:31,138] {dagbag.py:500} INFO - Filling up the DagBag from /Users/adebolafagbule/opt/anaconda3/envs/airflow_env/lib/python3.8/site-packages/airflow/example_dags/example_python_operator.py
[2022-03-22 17:45:31,163] {logging_mixin.py:109} INFO - [2022-03-22 17:45:31,163] {example_python_operator.py:68} WARNING - The virtalenv_python example task requires virtualenv, please install it.
[2022-03-22 17:45:31,196] {processor.py:654} INFO - DAG(s) dict_keys(['example_python_operator']) retrieved from /Users/adebolafagbule/opt/anaconda3/envs/airflow_env/lib/python3.8/site-packages/airflow/example_dags/example_python_operator.py
[2022-03-22 17:45:31,226] {logging_mixin.py:109} INFO - [2022-03-22 17:45:31,226] {dag.py:2398} INFO - Sync 1 DAGs
[2022-03-22 17:45:31,235] {logging_mixin.py:109} INFO - [2022-03-22 17:45:31,235] {dag.py:2937} INFO - Setting next_dagrun for example_python_operator to None
[2022-03-22 17:45:31,241] {processor.py:171} INFO - Processing /Users/adebolafagbule/opt/anaconda3/envs/airflow_env/lib/python3.8/site-packages/airflow/example_dags/example_python_operator.py took 0.105 seconds
[2022-03-22 17:47:01,877] {processor.py:163} INFO - Started process (PID=64414) to work on /Users/adebolafagbule/opt/anaconda3/envs/airflow_env/lib/python3.8/site-packages/airflow/example_dags/example_python_operator.py
[2022-03-22 17:47:01,878] {processor.py:642} INFO - Processing file /Users/adebolafagbule/opt/anaconda3/envs/airflow_env/lib/python3.8/site-packages/airflow/example_dags/example_python_operator.py for tasks to queue
[2022-03-22 17:47:01,878] {logging_mixin.py:109} INFO - [2022-03-22 17:47:01,878] {dagbag.py:500} INFO - Filling up the DagBag from /Users/adebolafagbule/opt/anaconda3/envs/airflow_env/lib/python3.8/site-packages/airflow/example_dags/example_python_operator.py
[2022-03-22 17:47:01,908] {logging_mixin.py:109} INFO - [2022-03-22 17:47:01,908] {example_python_operator.py:68} WARNING - The virtalenv_python example task requires virtualenv, please install it.
[2022-03-22 17:47:01,934] {processor.py:654} INFO - DAG(s) dict_keys(['example_python_operator']) retrieved from /Users/adebolafagbule/opt/anaconda3/envs/airflow_env/lib/python3.8/site-packages/airflow/example_dags/example_python_operator.py
[2022-03-22 17:47:01,948] {logging_mixin.py:109} INFO - [2022-03-22 17:47:01,948] {dag.py:2398} INFO - Sync 1 DAGs
[2022-03-22 17:47:01,956] {logging_mixin.py:109} INFO - [2022-03-22 17:47:01,955] {dag.py:2937} INFO - Setting next_dagrun for example_python_operator to None
[2022-03-22 17:47:01,962] {processor.py:171} INFO - Processing /Users/adebolafagbule/opt/anaconda3/envs/airflow_env/lib/python3.8/site-packages/airflow/example_dags/example_python_operator.py took 0.086 seconds
[2022-03-22 17:48:27,443] {processor.py:163} INFO - Started process (PID=64489) to work on /Users/adebolafagbule/opt/anaconda3/envs/airflow_env/lib/python3.8/site-packages/airflow/example_dags/example_python_operator.py
[2022-03-22 17:48:27,444] {processor.py:642} INFO - Processing file /Users/adebolafagbule/opt/anaconda3/envs/airflow_env/lib/python3.8/site-packages/airflow/example_dags/example_python_operator.py for tasks to queue
[2022-03-22 17:48:27,444] {logging_mixin.py:109} INFO - [2022-03-22 17:48:27,444] {dagbag.py:500} INFO - Filling up the DagBag from /Users/adebolafagbule/opt/anaconda3/envs/airflow_env/lib/python3.8/site-packages/airflow/example_dags/example_python_operator.py
[2022-03-22 17:48:27,463] {logging_mixin.py:109} INFO - [2022-03-22 17:48:27,463] {example_python_operator.py:68} WARNING - The virtalenv_python example task requires virtualenv, please install it.
[2022-03-22 17:48:27,488] {processor.py:654} INFO - DAG(s) dict_keys(['example_python_operator']) retrieved from /Users/adebolafagbule/opt/anaconda3/envs/airflow_env/lib/python3.8/site-packages/airflow/example_dags/example_python_operator.py
[2022-03-22 17:48:27,503] {logging_mixin.py:109} INFO - [2022-03-22 17:48:27,502] {dag.py:2398} INFO - Sync 1 DAGs
[2022-03-22 17:48:27,510] {logging_mixin.py:109} INFO - [2022-03-22 17:48:27,510] {dag.py:2937} INFO - Setting next_dagrun for example_python_operator to None
[2022-03-22 17:48:27,518] {processor.py:171} INFO - Processing /Users/adebolafagbule/opt/anaconda3/envs/airflow_env/lib/python3.8/site-packages/airflow/example_dags/example_python_operator.py took 0.076 seconds
[2022-03-22 17:49:47,348] {processor.py:163} INFO - Started process (PID=64564) to work on /Users/adebolafagbule/opt/anaconda3/envs/airflow_env/lib/python3.8/site-packages/airflow/example_dags/example_python_operator.py
[2022-03-22 17:49:47,349] {processor.py:642} INFO - Processing file /Users/adebolafagbule/opt/anaconda3/envs/airflow_env/lib/python3.8/site-packages/airflow/example_dags/example_python_operator.py for tasks to queue
[2022-03-22 17:49:47,350] {logging_mixin.py:109} INFO - [2022-03-22 17:49:47,350] {dagbag.py:500} INFO - Filling up the DagBag from /Users/adebolafagbule/opt/anaconda3/envs/airflow_env/lib/python3.8/site-packages/airflow/example_dags/example_python_operator.py
[2022-03-22 17:49:47,368] {logging_mixin.py:109} INFO - [2022-03-22 17:49:47,368] {example_python_operator.py:68} WARNING - The virtalenv_python example task requires virtualenv, please install it.
[2022-03-22 17:49:47,394] {processor.py:654} INFO - DAG(s) dict_keys(['example_python_operator']) retrieved from /Users/adebolafagbule/opt/anaconda3/envs/airflow_env/lib/python3.8/site-packages/airflow/example_dags/example_python_operator.py
[2022-03-22 17:49:47,409] {logging_mixin.py:109} INFO - [2022-03-22 17:49:47,409] {dag.py:2398} INFO - Sync 1 DAGs
[2022-03-22 17:49:47,416] {logging_mixin.py:109} INFO - [2022-03-22 17:49:47,416] {dag.py:2937} INFO - Setting next_dagrun for example_python_operator to None
[2022-03-22 17:49:47,424] {processor.py:171} INFO - Processing /Users/adebolafagbule/opt/anaconda3/envs/airflow_env/lib/python3.8/site-packages/airflow/example_dags/example_python_operator.py took 0.076 seconds
[2022-03-22 17:51:21,952] {processor.py:163} INFO - Started process (PID=64649) to work on /Users/adebolafagbule/opt/anaconda3/envs/airflow_env/lib/python3.8/site-packages/airflow/example_dags/example_python_operator.py
[2022-03-22 17:51:21,956] {processor.py:642} INFO - Processing file /Users/adebolafagbule/opt/anaconda3/envs/airflow_env/lib/python3.8/site-packages/airflow/example_dags/example_python_operator.py for tasks to queue
[2022-03-22 17:51:21,957] {logging_mixin.py:109} INFO - [2022-03-22 17:51:21,956] {dagbag.py:500} INFO - Filling up the DagBag from /Users/adebolafagbule/opt/anaconda3/envs/airflow_env/lib/python3.8/site-packages/airflow/example_dags/example_python_operator.py
[2022-03-22 17:51:21,985] {logging_mixin.py:109} INFO - [2022-03-22 17:51:21,985] {example_python_operator.py:68} WARNING - The virtalenv_python example task requires virtualenv, please install it.
[2022-03-22 17:51:22,010] {processor.py:654} INFO - DAG(s) dict_keys(['example_python_operator']) retrieved from /Users/adebolafagbule/opt/anaconda3/envs/airflow_env/lib/python3.8/site-packages/airflow/example_dags/example_python_operator.py
[2022-03-22 17:51:22,024] {logging_mixin.py:109} INFO - [2022-03-22 17:51:22,024] {dag.py:2398} INFO - Sync 1 DAGs
[2022-03-22 17:51:22,031] {logging_mixin.py:109} INFO - [2022-03-22 17:51:22,031] {dag.py:2937} INFO - Setting next_dagrun for example_python_operator to None
[2022-03-22 17:51:22,037] {processor.py:171} INFO - Processing /Users/adebolafagbule/opt/anaconda3/envs/airflow_env/lib/python3.8/site-packages/airflow/example_dags/example_python_operator.py took 0.085 seconds
[2022-03-22 17:52:57,402] {processor.py:163} INFO - Started process (PID=64728) to work on /Users/adebolafagbule/opt/anaconda3/envs/airflow_env/lib/python3.8/site-packages/airflow/example_dags/example_python_operator.py
[2022-03-22 17:52:57,403] {processor.py:642} INFO - Processing file /Users/adebolafagbule/opt/anaconda3/envs/airflow_env/lib/python3.8/site-packages/airflow/example_dags/example_python_operator.py for tasks to queue
[2022-03-22 17:52:57,404] {logging_mixin.py:109} INFO - [2022-03-22 17:52:57,404] {dagbag.py:500} INFO - Filling up the DagBag from /Users/adebolafagbule/opt/anaconda3/envs/airflow_env/lib/python3.8/site-packages/airflow/example_dags/example_python_operator.py
[2022-03-22 17:52:57,423] {logging_mixin.py:109} INFO - [2022-03-22 17:52:57,423] {example_python_operator.py:68} WARNING - The virtalenv_python example task requires virtualenv, please install it.
[2022-03-22 17:52:57,446] {processor.py:654} INFO - DAG(s) dict_keys(['example_python_operator']) retrieved from /Users/adebolafagbule/opt/anaconda3/envs/airflow_env/lib/python3.8/site-packages/airflow/example_dags/example_python_operator.py
[2022-03-22 17:52:57,459] {logging_mixin.py:109} INFO - [2022-03-22 17:52:57,459] {dag.py:2398} INFO - Sync 1 DAGs
[2022-03-22 17:52:57,466] {logging_mixin.py:109} INFO - [2022-03-22 17:52:57,466] {dag.py:2937} INFO - Setting next_dagrun for example_python_operator to None
[2022-03-22 17:52:57,476] {processor.py:171} INFO - Processing /Users/adebolafagbule/opt/anaconda3/envs/airflow_env/lib/python3.8/site-packages/airflow/example_dags/example_python_operator.py took 0.074 seconds
[2022-03-22 17:54:43,301] {processor.py:163} INFO - Started process (PID=64807) to work on /Users/adebolafagbule/opt/anaconda3/envs/airflow_env/lib/python3.8/site-packages/airflow/example_dags/example_python_operator.py
[2022-03-22 17:54:43,302] {processor.py:642} INFO - Processing file /Users/adebolafagbule/opt/anaconda3/envs/airflow_env/lib/python3.8/site-packages/airflow/example_dags/example_python_operator.py for tasks to queue
[2022-03-22 17:54:43,303] {logging_mixin.py:109} INFO - [2022-03-22 17:54:43,303] {dagbag.py:500} INFO - Filling up the DagBag from /Users/adebolafagbule/opt/anaconda3/envs/airflow_env/lib/python3.8/site-packages/airflow/example_dags/example_python_operator.py
[2022-03-22 17:54:43,338] {logging_mixin.py:109} INFO - [2022-03-22 17:54:43,338] {example_python_operator.py:68} WARNING - The virtalenv_python example task requires virtualenv, please install it.
[2022-03-22 17:54:43,366] {processor.py:654} INFO - DAG(s) dict_keys(['example_python_operator']) retrieved from /Users/adebolafagbule/opt/anaconda3/envs/airflow_env/lib/python3.8/site-packages/airflow/example_dags/example_python_operator.py
[2022-03-22 17:54:43,411] {logging_mixin.py:109} INFO - [2022-03-22 17:54:43,410] {dag.py:2398} INFO - Sync 1 DAGs
[2022-03-22 17:54:43,419] {logging_mixin.py:109} INFO - [2022-03-22 17:54:43,419] {dag.py:2937} INFO - Setting next_dagrun for example_python_operator to None
[2022-03-22 17:54:43,427] {processor.py:171} INFO - Processing /Users/adebolafagbule/opt/anaconda3/envs/airflow_env/lib/python3.8/site-packages/airflow/example_dags/example_python_operator.py took 0.126 seconds
[2022-03-22 17:56:18,363] {processor.py:163} INFO - Started process (PID=64868) to work on /Users/adebolafagbule/opt/anaconda3/envs/airflow_env/lib/python3.8/site-packages/airflow/example_dags/example_python_operator.py
[2022-03-22 17:56:18,364] {processor.py:642} INFO - Processing file /Users/adebolafagbule/opt/anaconda3/envs/airflow_env/lib/python3.8/site-packages/airflow/example_dags/example_python_operator.py for tasks to queue
[2022-03-22 17:56:18,365] {logging_mixin.py:109} INFO - [2022-03-22 17:56:18,365] {dagbag.py:500} INFO - Filling up the DagBag from /Users/adebolafagbule/opt/anaconda3/envs/airflow_env/lib/python3.8/site-packages/airflow/example_dags/example_python_operator.py
[2022-03-22 17:56:18,410] {logging_mixin.py:109} INFO - [2022-03-22 17:56:18,410] {example_python_operator.py:68} WARNING - The virtalenv_python example task requires virtualenv, please install it.
[2022-03-22 17:56:18,459] {processor.py:654} INFO - DAG(s) dict_keys(['example_python_operator']) retrieved from /Users/adebolafagbule/opt/anaconda3/envs/airflow_env/lib/python3.8/site-packages/airflow/example_dags/example_python_operator.py
[2022-03-22 17:56:18,479] {logging_mixin.py:109} INFO - [2022-03-22 17:56:18,479] {dag.py:2398} INFO - Sync 1 DAGs
[2022-03-22 17:56:18,510] {logging_mixin.py:109} INFO - [2022-03-22 17:56:18,509] {dag.py:2937} INFO - Setting next_dagrun for example_python_operator to None
[2022-03-22 17:56:18,518] {processor.py:171} INFO - Processing /Users/adebolafagbule/opt/anaconda3/envs/airflow_env/lib/python3.8/site-packages/airflow/example_dags/example_python_operator.py took 0.156 seconds
[2022-03-22 17:58:47,379] {processor.py:163} INFO - Started process (PID=64965) to work on /Users/adebolafagbule/opt/anaconda3/envs/airflow_env/lib/python3.8/site-packages/airflow/example_dags/example_python_operator.py
[2022-03-22 17:58:47,380] {processor.py:642} INFO - Processing file /Users/adebolafagbule/opt/anaconda3/envs/airflow_env/lib/python3.8/site-packages/airflow/example_dags/example_python_operator.py for tasks to queue
[2022-03-22 17:58:47,382] {logging_mixin.py:109} INFO - [2022-03-22 17:58:47,382] {dagbag.py:500} INFO - Filling up the DagBag from /Users/adebolafagbule/opt/anaconda3/envs/airflow_env/lib/python3.8/site-packages/airflow/example_dags/example_python_operator.py
[2022-03-22 17:58:47,423] {logging_mixin.py:109} INFO - [2022-03-22 17:58:47,423] {example_python_operator.py:68} WARNING - The virtalenv_python example task requires virtualenv, please install it.
[2022-03-22 17:58:47,461] {processor.py:654} INFO - DAG(s) dict_keys(['example_python_operator']) retrieved from /Users/adebolafagbule/opt/anaconda3/envs/airflow_env/lib/python3.8/site-packages/airflow/example_dags/example_python_operator.py
[2022-03-22 17:58:47,482] {logging_mixin.py:109} INFO - [2022-03-22 17:58:47,481] {dag.py:2398} INFO - Sync 1 DAGs
[2022-03-22 17:58:47,492] {logging_mixin.py:109} INFO - [2022-03-22 17:58:47,492] {dag.py:2937} INFO - Setting next_dagrun for example_python_operator to None
[2022-03-22 17:58:47,514] {processor.py:171} INFO - Processing /Users/adebolafagbule/opt/anaconda3/envs/airflow_env/lib/python3.8/site-packages/airflow/example_dags/example_python_operator.py took 0.137 seconds
[2022-03-22 18:01:16,713] {processor.py:163} INFO - Started process (PID=65057) to work on /Users/adebolafagbule/opt/anaconda3/envs/airflow_env/lib/python3.8/site-packages/airflow/example_dags/example_python_operator.py
[2022-03-22 18:01:16,714] {processor.py:642} INFO - Processing file /Users/adebolafagbule/opt/anaconda3/envs/airflow_env/lib/python3.8/site-packages/airflow/example_dags/example_python_operator.py for tasks to queue
[2022-03-22 18:01:16,714] {logging_mixin.py:109} INFO - [2022-03-22 18:01:16,714] {dagbag.py:500} INFO - Filling up the DagBag from /Users/adebolafagbule/opt/anaconda3/envs/airflow_env/lib/python3.8/site-packages/airflow/example_dags/example_python_operator.py
[2022-03-22 18:01:16,754] {logging_mixin.py:109} INFO - [2022-03-22 18:01:16,754] {example_python_operator.py:68} WARNING - The virtalenv_python example task requires virtualenv, please install it.
[2022-03-22 18:01:16,843] {processor.py:654} INFO - DAG(s) dict_keys(['example_python_operator']) retrieved from /Users/adebolafagbule/opt/anaconda3/envs/airflow_env/lib/python3.8/site-packages/airflow/example_dags/example_python_operator.py
[2022-03-22 18:01:16,905] {logging_mixin.py:109} INFO - [2022-03-22 18:01:16,905] {dag.py:2398} INFO - Sync 1 DAGs
[2022-03-22 18:01:16,913] {logging_mixin.py:109} INFO - [2022-03-22 18:01:16,913] {dag.py:2937} INFO - Setting next_dagrun for example_python_operator to None
[2022-03-22 18:01:16,948] {processor.py:171} INFO - Processing /Users/adebolafagbule/opt/anaconda3/envs/airflow_env/lib/python3.8/site-packages/airflow/example_dags/example_python_operator.py took 0.234 seconds
[2022-03-22 18:03:35,113] {processor.py:163} INFO - Started process (PID=65148) to work on /Users/adebolafagbule/opt/anaconda3/envs/airflow_env/lib/python3.8/site-packages/airflow/example_dags/example_python_operator.py
[2022-03-22 18:03:35,115] {processor.py:642} INFO - Processing file /Users/adebolafagbule/opt/anaconda3/envs/airflow_env/lib/python3.8/site-packages/airflow/example_dags/example_python_operator.py for tasks to queue
[2022-03-22 18:03:35,116] {logging_mixin.py:109} INFO - [2022-03-22 18:03:35,116] {dagbag.py:500} INFO - Filling up the DagBag from /Users/adebolafagbule/opt/anaconda3/envs/airflow_env/lib/python3.8/site-packages/airflow/example_dags/example_python_operator.py
[2022-03-22 18:03:35,143] {logging_mixin.py:109} INFO - [2022-03-22 18:03:35,143] {example_python_operator.py:68} WARNING - The virtalenv_python example task requires virtualenv, please install it.
[2022-03-22 18:03:35,202] {processor.py:654} INFO - DAG(s) dict_keys(['example_python_operator']) retrieved from /Users/adebolafagbule/opt/anaconda3/envs/airflow_env/lib/python3.8/site-packages/airflow/example_dags/example_python_operator.py
[2022-03-22 18:03:35,225] {logging_mixin.py:109} INFO - [2022-03-22 18:03:35,224] {dag.py:2398} INFO - Sync 1 DAGs
[2022-03-22 18:03:35,233] {logging_mixin.py:109} INFO - [2022-03-22 18:03:35,233] {dag.py:2937} INFO - Setting next_dagrun for example_python_operator to None
[2022-03-22 18:03:35,241] {processor.py:171} INFO - Processing /Users/adebolafagbule/opt/anaconda3/envs/airflow_env/lib/python3.8/site-packages/airflow/example_dags/example_python_operator.py took 0.130 seconds
[2022-03-22 18:05:49,606] {processor.py:163} INFO - Started process (PID=65242) to work on /Users/adebolafagbule/opt/anaconda3/envs/airflow_env/lib/python3.8/site-packages/airflow/example_dags/example_python_operator.py
[2022-03-22 18:05:49,609] {processor.py:642} INFO - Processing file /Users/adebolafagbule/opt/anaconda3/envs/airflow_env/lib/python3.8/site-packages/airflow/example_dags/example_python_operator.py for tasks to queue
[2022-03-22 18:05:49,610] {logging_mixin.py:109} INFO - [2022-03-22 18:05:49,610] {dagbag.py:500} INFO - Filling up the DagBag from /Users/adebolafagbule/opt/anaconda3/envs/airflow_env/lib/python3.8/site-packages/airflow/example_dags/example_python_operator.py
[2022-03-22 18:05:49,652] {logging_mixin.py:109} INFO - [2022-03-22 18:05:49,652] {example_python_operator.py:68} WARNING - The virtalenv_python example task requires virtualenv, please install it.
[2022-03-22 18:05:49,707] {processor.py:654} INFO - DAG(s) dict_keys(['example_python_operator']) retrieved from /Users/adebolafagbule/opt/anaconda3/envs/airflow_env/lib/python3.8/site-packages/airflow/example_dags/example_python_operator.py
[2022-03-22 18:05:49,736] {logging_mixin.py:109} INFO - [2022-03-22 18:05:49,736] {dag.py:2398} INFO - Sync 1 DAGs
[2022-03-22 18:05:49,745] {logging_mixin.py:109} INFO - [2022-03-22 18:05:49,744] {dag.py:2937} INFO - Setting next_dagrun for example_python_operator to None
[2022-03-22 18:05:49,751] {processor.py:171} INFO - Processing /Users/adebolafagbule/opt/anaconda3/envs/airflow_env/lib/python3.8/site-packages/airflow/example_dags/example_python_operator.py took 0.148 seconds
[2022-03-22 18:07:37,568] {processor.py:163} INFO - Started process (PID=65324) to work on /Users/adebolafagbule/opt/anaconda3/envs/airflow_env/lib/python3.8/site-packages/airflow/example_dags/example_python_operator.py
[2022-03-22 18:07:37,569] {processor.py:642} INFO - Processing file /Users/adebolafagbule/opt/anaconda3/envs/airflow_env/lib/python3.8/site-packages/airflow/example_dags/example_python_operator.py for tasks to queue
[2022-03-22 18:07:37,569] {logging_mixin.py:109} INFO - [2022-03-22 18:07:37,569] {dagbag.py:500} INFO - Filling up the DagBag from /Users/adebolafagbule/opt/anaconda3/envs/airflow_env/lib/python3.8/site-packages/airflow/example_dags/example_python_operator.py
[2022-03-22 18:07:37,590] {logging_mixin.py:109} INFO - [2022-03-22 18:07:37,590] {example_python_operator.py:68} WARNING - The virtalenv_python example task requires virtualenv, please install it.
[2022-03-22 18:07:37,618] {processor.py:654} INFO - DAG(s) dict_keys(['example_python_operator']) retrieved from /Users/adebolafagbule/opt/anaconda3/envs/airflow_env/lib/python3.8/site-packages/airflow/example_dags/example_python_operator.py
[2022-03-22 18:07:37,645] {logging_mixin.py:109} INFO - [2022-03-22 18:07:37,645] {dag.py:2398} INFO - Sync 1 DAGs
[2022-03-22 18:07:37,653] {logging_mixin.py:109} INFO - [2022-03-22 18:07:37,653] {dag.py:2937} INFO - Setting next_dagrun for example_python_operator to None
[2022-03-22 18:07:37,660] {processor.py:171} INFO - Processing /Users/adebolafagbule/opt/anaconda3/envs/airflow_env/lib/python3.8/site-packages/airflow/example_dags/example_python_operator.py took 0.093 seconds
[2022-03-22 18:09:28,476] {processor.py:163} INFO - Started process (PID=65410) to work on /Users/adebolafagbule/opt/anaconda3/envs/airflow_env/lib/python3.8/site-packages/airflow/example_dags/example_python_operator.py
[2022-03-22 18:09:28,477] {processor.py:642} INFO - Processing file /Users/adebolafagbule/opt/anaconda3/envs/airflow_env/lib/python3.8/site-packages/airflow/example_dags/example_python_operator.py for tasks to queue
[2022-03-22 18:09:28,478] {logging_mixin.py:109} INFO - [2022-03-22 18:09:28,478] {dagbag.py:500} INFO - Filling up the DagBag from /Users/adebolafagbule/opt/anaconda3/envs/airflow_env/lib/python3.8/site-packages/airflow/example_dags/example_python_operator.py
[2022-03-22 18:09:28,501] {logging_mixin.py:109} INFO - [2022-03-22 18:09:28,501] {example_python_operator.py:68} WARNING - The virtalenv_python example task requires virtualenv, please install it.
[2022-03-22 18:09:28,528] {processor.py:654} INFO - DAG(s) dict_keys(['example_python_operator']) retrieved from /Users/adebolafagbule/opt/anaconda3/envs/airflow_env/lib/python3.8/site-packages/airflow/example_dags/example_python_operator.py
[2022-03-22 18:09:28,542] {logging_mixin.py:109} INFO - [2022-03-22 18:09:28,542] {dag.py:2398} INFO - Sync 1 DAGs
[2022-03-22 18:09:28,549] {logging_mixin.py:109} INFO - [2022-03-22 18:09:28,549] {dag.py:2937} INFO - Setting next_dagrun for example_python_operator to None
[2022-03-22 18:09:28,558] {processor.py:171} INFO - Processing /Users/adebolafagbule/opt/anaconda3/envs/airflow_env/lib/python3.8/site-packages/airflow/example_dags/example_python_operator.py took 0.082 seconds
[2022-03-22 18:11:21,051] {processor.py:163} INFO - Started process (PID=65493) to work on /Users/adebolafagbule/opt/anaconda3/envs/airflow_env/lib/python3.8/site-packages/airflow/example_dags/example_python_operator.py
[2022-03-22 18:11:21,052] {processor.py:642} INFO - Processing file /Users/adebolafagbule/opt/anaconda3/envs/airflow_env/lib/python3.8/site-packages/airflow/example_dags/example_python_operator.py for tasks to queue
[2022-03-22 18:11:21,053] {logging_mixin.py:109} INFO - [2022-03-22 18:11:21,053] {dagbag.py:500} INFO - Filling up the DagBag from /Users/adebolafagbule/opt/anaconda3/envs/airflow_env/lib/python3.8/site-packages/airflow/example_dags/example_python_operator.py
[2022-03-22 18:11:21,133] {logging_mixin.py:109} INFO - [2022-03-22 18:11:21,133] {example_python_operator.py:68} WARNING - The virtalenv_python example task requires virtualenv, please install it.
[2022-03-22 18:11:21,207] {processor.py:654} INFO - DAG(s) dict_keys(['example_python_operator']) retrieved from /Users/adebolafagbule/opt/anaconda3/envs/airflow_env/lib/python3.8/site-packages/airflow/example_dags/example_python_operator.py
[2022-03-22 18:11:21,258] {logging_mixin.py:109} INFO - [2022-03-22 18:11:21,257] {dag.py:2398} INFO - Sync 1 DAGs
[2022-03-22 18:11:21,269] {logging_mixin.py:109} INFO - [2022-03-22 18:11:21,268] {dag.py:2937} INFO - Setting next_dagrun for example_python_operator to None
[2022-03-22 18:11:21,277] {processor.py:171} INFO - Processing /Users/adebolafagbule/opt/anaconda3/envs/airflow_env/lib/python3.8/site-packages/airflow/example_dags/example_python_operator.py took 0.226 seconds
[2022-03-22 18:13:06,740] {processor.py:163} INFO - Started process (PID=65580) to work on /Users/adebolafagbule/opt/anaconda3/envs/airflow_env/lib/python3.8/site-packages/airflow/example_dags/example_python_operator.py
[2022-03-22 18:13:06,742] {processor.py:642} INFO - Processing file /Users/adebolafagbule/opt/anaconda3/envs/airflow_env/lib/python3.8/site-packages/airflow/example_dags/example_python_operator.py for tasks to queue
[2022-03-22 18:13:06,742] {logging_mixin.py:109} INFO - [2022-03-22 18:13:06,742] {dagbag.py:500} INFO - Filling up the DagBag from /Users/adebolafagbule/opt/anaconda3/envs/airflow_env/lib/python3.8/site-packages/airflow/example_dags/example_python_operator.py
[2022-03-22 18:13:06,762] {logging_mixin.py:109} INFO - [2022-03-22 18:13:06,762] {example_python_operator.py:68} WARNING - The virtalenv_python example task requires virtualenv, please install it.
[2022-03-22 18:13:06,788] {processor.py:654} INFO - DAG(s) dict_keys(['example_python_operator']) retrieved from /Users/adebolafagbule/opt/anaconda3/envs/airflow_env/lib/python3.8/site-packages/airflow/example_dags/example_python_operator.py
[2022-03-22 18:13:06,803] {logging_mixin.py:109} INFO - [2022-03-22 18:13:06,803] {dag.py:2398} INFO - Sync 1 DAGs
[2022-03-22 18:13:06,811] {logging_mixin.py:109} INFO - [2022-03-22 18:13:06,811] {dag.py:2937} INFO - Setting next_dagrun for example_python_operator to None
[2022-03-22 18:13:06,818] {processor.py:171} INFO - Processing /Users/adebolafagbule/opt/anaconda3/envs/airflow_env/lib/python3.8/site-packages/airflow/example_dags/example_python_operator.py took 0.078 seconds
[2022-03-22 18:15:06,444] {processor.py:163} INFO - Started process (PID=65673) to work on /Users/adebolafagbule/opt/anaconda3/envs/airflow_env/lib/python3.8/site-packages/airflow/example_dags/example_python_operator.py
[2022-03-22 18:15:06,446] {processor.py:642} INFO - Processing file /Users/adebolafagbule/opt/anaconda3/envs/airflow_env/lib/python3.8/site-packages/airflow/example_dags/example_python_operator.py for tasks to queue
[2022-03-22 18:15:06,447] {logging_mixin.py:109} INFO - [2022-03-22 18:15:06,447] {dagbag.py:500} INFO - Filling up the DagBag from /Users/adebolafagbule/opt/anaconda3/envs/airflow_env/lib/python3.8/site-packages/airflow/example_dags/example_python_operator.py
[2022-03-22 18:15:06,469] {logging_mixin.py:109} INFO - [2022-03-22 18:15:06,469] {example_python_operator.py:68} WARNING - The virtalenv_python example task requires virtualenv, please install it.
[2022-03-22 18:15:06,546] {processor.py:654} INFO - DAG(s) dict_keys(['example_python_operator']) retrieved from /Users/adebolafagbule/opt/anaconda3/envs/airflow_env/lib/python3.8/site-packages/airflow/example_dags/example_python_operator.py
[2022-03-22 18:15:06,597] {logging_mixin.py:109} INFO - [2022-03-22 18:15:06,595] {dag.py:2398} INFO - Sync 1 DAGs
[2022-03-22 18:15:06,611] {logging_mixin.py:109} INFO - [2022-03-22 18:15:06,611] {dag.py:2937} INFO - Setting next_dagrun for example_python_operator to None
[2022-03-22 18:15:06,622] {processor.py:171} INFO - Processing /Users/adebolafagbule/opt/anaconda3/envs/airflow_env/lib/python3.8/site-packages/airflow/example_dags/example_python_operator.py took 0.182 seconds
[2022-03-22 18:17:04,547] {processor.py:163} INFO - Started process (PID=65765) to work on /Users/adebolafagbule/opt/anaconda3/envs/airflow_env/lib/python3.8/site-packages/airflow/example_dags/example_python_operator.py
[2022-03-22 18:17:04,548] {processor.py:642} INFO - Processing file /Users/adebolafagbule/opt/anaconda3/envs/airflow_env/lib/python3.8/site-packages/airflow/example_dags/example_python_operator.py for tasks to queue
[2022-03-22 18:17:04,549] {logging_mixin.py:109} INFO - [2022-03-22 18:17:04,549] {dagbag.py:500} INFO - Filling up the DagBag from /Users/adebolafagbule/opt/anaconda3/envs/airflow_env/lib/python3.8/site-packages/airflow/example_dags/example_python_operator.py
[2022-03-22 18:17:04,571] {logging_mixin.py:109} INFO - [2022-03-22 18:17:04,571] {example_python_operator.py:68} WARNING - The virtalenv_python example task requires virtualenv, please install it.
[2022-03-22 18:17:04,599] {processor.py:654} INFO - DAG(s) dict_keys(['example_python_operator']) retrieved from /Users/adebolafagbule/opt/anaconda3/envs/airflow_env/lib/python3.8/site-packages/airflow/example_dags/example_python_operator.py
[2022-03-22 18:17:04,614] {logging_mixin.py:109} INFO - [2022-03-22 18:17:04,614] {dag.py:2398} INFO - Sync 1 DAGs
[2022-03-22 18:17:04,622] {logging_mixin.py:109} INFO - [2022-03-22 18:17:04,622] {dag.py:2937} INFO - Setting next_dagrun for example_python_operator to None
[2022-03-22 18:17:04,632] {processor.py:171} INFO - Processing /Users/adebolafagbule/opt/anaconda3/envs/airflow_env/lib/python3.8/site-packages/airflow/example_dags/example_python_operator.py took 0.085 seconds
[2022-03-22 18:18:40,559] {processor.py:163} INFO - Started process (PID=65843) to work on /Users/adebolafagbule/opt/anaconda3/envs/airflow_env/lib/python3.8/site-packages/airflow/example_dags/example_python_operator.py
[2022-03-22 18:18:40,561] {processor.py:642} INFO - Processing file /Users/adebolafagbule/opt/anaconda3/envs/airflow_env/lib/python3.8/site-packages/airflow/example_dags/example_python_operator.py for tasks to queue
[2022-03-22 18:18:40,562] {logging_mixin.py:109} INFO - [2022-03-22 18:18:40,562] {dagbag.py:500} INFO - Filling up the DagBag from /Users/adebolafagbule/opt/anaconda3/envs/airflow_env/lib/python3.8/site-packages/airflow/example_dags/example_python_operator.py
[2022-03-22 18:18:40,591] {logging_mixin.py:109} INFO - [2022-03-22 18:18:40,591] {example_python_operator.py:68} WARNING - The virtalenv_python example task requires virtualenv, please install it.
[2022-03-22 18:18:40,665] {processor.py:654} INFO - DAG(s) dict_keys(['example_python_operator']) retrieved from /Users/adebolafagbule/opt/anaconda3/envs/airflow_env/lib/python3.8/site-packages/airflow/example_dags/example_python_operator.py
[2022-03-22 18:18:40,718] {logging_mixin.py:109} INFO - [2022-03-22 18:18:40,717] {dag.py:2398} INFO - Sync 1 DAGs
[2022-03-22 18:18:40,728] {logging_mixin.py:109} INFO - [2022-03-22 18:18:40,728] {dag.py:2937} INFO - Setting next_dagrun for example_python_operator to None
[2022-03-22 18:18:40,738] {processor.py:171} INFO - Processing /Users/adebolafagbule/opt/anaconda3/envs/airflow_env/lib/python3.8/site-packages/airflow/example_dags/example_python_operator.py took 0.184 seconds
[2022-03-22 18:20:19,546] {processor.py:163} INFO - Started process (PID=65922) to work on /Users/adebolafagbule/opt/anaconda3/envs/airflow_env/lib/python3.8/site-packages/airflow/example_dags/example_python_operator.py
[2022-03-22 18:20:19,547] {processor.py:642} INFO - Processing file /Users/adebolafagbule/opt/anaconda3/envs/airflow_env/lib/python3.8/site-packages/airflow/example_dags/example_python_operator.py for tasks to queue
[2022-03-22 18:20:19,547] {logging_mixin.py:109} INFO - [2022-03-22 18:20:19,547] {dagbag.py:500} INFO - Filling up the DagBag from /Users/adebolafagbule/opt/anaconda3/envs/airflow_env/lib/python3.8/site-packages/airflow/example_dags/example_python_operator.py
[2022-03-22 18:20:19,566] {logging_mixin.py:109} INFO - [2022-03-22 18:20:19,566] {example_python_operator.py:68} WARNING - The virtalenv_python example task requires virtualenv, please install it.
[2022-03-22 18:20:19,592] {processor.py:654} INFO - DAG(s) dict_keys(['example_python_operator']) retrieved from /Users/adebolafagbule/opt/anaconda3/envs/airflow_env/lib/python3.8/site-packages/airflow/example_dags/example_python_operator.py
[2022-03-22 18:20:19,607] {logging_mixin.py:109} INFO - [2022-03-22 18:20:19,607] {dag.py:2398} INFO - Sync 1 DAGs
[2022-03-22 18:20:19,614] {logging_mixin.py:109} INFO - [2022-03-22 18:20:19,614] {dag.py:2937} INFO - Setting next_dagrun for example_python_operator to None
[2022-03-22 18:20:19,625] {processor.py:171} INFO - Processing /Users/adebolafagbule/opt/anaconda3/envs/airflow_env/lib/python3.8/site-packages/airflow/example_dags/example_python_operator.py took 0.079 seconds
[2022-03-22 18:21:49,588] {processor.py:163} INFO - Started process (PID=66000) to work on /Users/adebolafagbule/opt/anaconda3/envs/airflow_env/lib/python3.8/site-packages/airflow/example_dags/example_python_operator.py
[2022-03-22 18:21:49,589] {processor.py:642} INFO - Processing file /Users/adebolafagbule/opt/anaconda3/envs/airflow_env/lib/python3.8/site-packages/airflow/example_dags/example_python_operator.py for tasks to queue
[2022-03-22 18:21:49,590] {logging_mixin.py:109} INFO - [2022-03-22 18:21:49,590] {dagbag.py:500} INFO - Filling up the DagBag from /Users/adebolafagbule/opt/anaconda3/envs/airflow_env/lib/python3.8/site-packages/airflow/example_dags/example_python_operator.py
[2022-03-22 18:21:49,618] {logging_mixin.py:109} INFO - [2022-03-22 18:21:49,617] {example_python_operator.py:68} WARNING - The virtalenv_python example task requires virtualenv, please install it.
[2022-03-22 18:21:49,646] {processor.py:654} INFO - DAG(s) dict_keys(['example_python_operator']) retrieved from /Users/adebolafagbule/opt/anaconda3/envs/airflow_env/lib/python3.8/site-packages/airflow/example_dags/example_python_operator.py
[2022-03-22 18:21:49,664] {logging_mixin.py:109} INFO - [2022-03-22 18:21:49,664] {dag.py:2398} INFO - Sync 1 DAGs
[2022-03-22 18:21:49,672] {logging_mixin.py:109} INFO - [2022-03-22 18:21:49,672] {dag.py:2937} INFO - Setting next_dagrun for example_python_operator to None
[2022-03-22 18:21:49,679] {processor.py:171} INFO - Processing /Users/adebolafagbule/opt/anaconda3/envs/airflow_env/lib/python3.8/site-packages/airflow/example_dags/example_python_operator.py took 0.092 seconds
[2022-03-22 18:23:15,727] {processor.py:163} INFO - Started process (PID=66079) to work on /Users/adebolafagbule/opt/anaconda3/envs/airflow_env/lib/python3.8/site-packages/airflow/example_dags/example_python_operator.py
[2022-03-22 18:23:15,728] {processor.py:642} INFO - Processing file /Users/adebolafagbule/opt/anaconda3/envs/airflow_env/lib/python3.8/site-packages/airflow/example_dags/example_python_operator.py for tasks to queue
[2022-03-22 18:23:15,729] {logging_mixin.py:109} INFO - [2022-03-22 18:23:15,729] {dagbag.py:500} INFO - Filling up the DagBag from /Users/adebolafagbule/opt/anaconda3/envs/airflow_env/lib/python3.8/site-packages/airflow/example_dags/example_python_operator.py
[2022-03-22 18:23:15,748] {logging_mixin.py:109} INFO - [2022-03-22 18:23:15,748] {example_python_operator.py:68} WARNING - The virtalenv_python example task requires virtualenv, please install it.
[2022-03-22 18:23:15,777] {processor.py:654} INFO - DAG(s) dict_keys(['example_python_operator']) retrieved from /Users/adebolafagbule/opt/anaconda3/envs/airflow_env/lib/python3.8/site-packages/airflow/example_dags/example_python_operator.py
[2022-03-22 18:23:15,792] {logging_mixin.py:109} INFO - [2022-03-22 18:23:15,792] {dag.py:2398} INFO - Sync 1 DAGs
[2022-03-22 18:23:15,800] {logging_mixin.py:109} INFO - [2022-03-22 18:23:15,800] {dag.py:2937} INFO - Setting next_dagrun for example_python_operator to None
[2022-03-22 18:23:15,809] {processor.py:171} INFO - Processing /Users/adebolafagbule/opt/anaconda3/envs/airflow_env/lib/python3.8/site-packages/airflow/example_dags/example_python_operator.py took 0.082 seconds
[2022-03-22 18:24:45,231] {processor.py:163} INFO - Started process (PID=66155) to work on /Users/adebolafagbule/opt/anaconda3/envs/airflow_env/lib/python3.8/site-packages/airflow/example_dags/example_python_operator.py
[2022-03-22 18:24:45,232] {processor.py:642} INFO - Processing file /Users/adebolafagbule/opt/anaconda3/envs/airflow_env/lib/python3.8/site-packages/airflow/example_dags/example_python_operator.py for tasks to queue
[2022-03-22 18:24:45,233] {logging_mixin.py:109} INFO - [2022-03-22 18:24:45,233] {dagbag.py:500} INFO - Filling up the DagBag from /Users/adebolafagbule/opt/anaconda3/envs/airflow_env/lib/python3.8/site-packages/airflow/example_dags/example_python_operator.py
[2022-03-22 18:24:45,252] {logging_mixin.py:109} INFO - [2022-03-22 18:24:45,252] {example_python_operator.py:68} WARNING - The virtalenv_python example task requires virtualenv, please install it.
[2022-03-22 18:24:45,293] {processor.py:654} INFO - DAG(s) dict_keys(['example_python_operator']) retrieved from /Users/adebolafagbule/opt/anaconda3/envs/airflow_env/lib/python3.8/site-packages/airflow/example_dags/example_python_operator.py
[2022-03-22 18:24:45,311] {logging_mixin.py:109} INFO - [2022-03-22 18:24:45,311] {dag.py:2398} INFO - Sync 1 DAGs
[2022-03-22 18:24:45,318] {logging_mixin.py:109} INFO - [2022-03-22 18:24:45,318] {dag.py:2937} INFO - Setting next_dagrun for example_python_operator to None
[2022-03-22 18:24:45,326] {processor.py:171} INFO - Processing /Users/adebolafagbule/opt/anaconda3/envs/airflow_env/lib/python3.8/site-packages/airflow/example_dags/example_python_operator.py took 0.095 seconds
[2022-03-22 18:26:24,984] {processor.py:163} INFO - Started process (PID=66234) to work on /Users/adebolafagbule/opt/anaconda3/envs/airflow_env/lib/python3.8/site-packages/airflow/example_dags/example_python_operator.py
[2022-03-22 18:26:24,985] {processor.py:642} INFO - Processing file /Users/adebolafagbule/opt/anaconda3/envs/airflow_env/lib/python3.8/site-packages/airflow/example_dags/example_python_operator.py for tasks to queue
[2022-03-22 18:26:24,986] {logging_mixin.py:109} INFO - [2022-03-22 18:26:24,986] {dagbag.py:500} INFO - Filling up the DagBag from /Users/adebolafagbule/opt/anaconda3/envs/airflow_env/lib/python3.8/site-packages/airflow/example_dags/example_python_operator.py
[2022-03-22 18:26:25,056] {logging_mixin.py:109} INFO - [2022-03-22 18:26:25,055] {example_python_operator.py:68} WARNING - The virtalenv_python example task requires virtualenv, please install it.
[2022-03-22 18:26:25,110] {processor.py:654} INFO - DAG(s) dict_keys(['example_python_operator']) retrieved from /Users/adebolafagbule/opt/anaconda3/envs/airflow_env/lib/python3.8/site-packages/airflow/example_dags/example_python_operator.py
[2022-03-22 18:26:25,151] {logging_mixin.py:109} INFO - [2022-03-22 18:26:25,151] {dag.py:2398} INFO - Sync 1 DAGs
[2022-03-22 18:26:25,162] {logging_mixin.py:109} INFO - [2022-03-22 18:26:25,162] {dag.py:2937} INFO - Setting next_dagrun for example_python_operator to None
[2022-03-22 18:26:25,170] {processor.py:171} INFO - Processing /Users/adebolafagbule/opt/anaconda3/envs/airflow_env/lib/python3.8/site-packages/airflow/example_dags/example_python_operator.py took 0.187 seconds
[2022-03-22 18:28:02,901] {processor.py:163} INFO - Started process (PID=66319) to work on /Users/adebolafagbule/opt/anaconda3/envs/airflow_env/lib/python3.8/site-packages/airflow/example_dags/example_python_operator.py
[2022-03-22 18:28:02,902] {processor.py:642} INFO - Processing file /Users/adebolafagbule/opt/anaconda3/envs/airflow_env/lib/python3.8/site-packages/airflow/example_dags/example_python_operator.py for tasks to queue
[2022-03-22 18:28:02,903] {logging_mixin.py:109} INFO - [2022-03-22 18:28:02,903] {dagbag.py:500} INFO - Filling up the DagBag from /Users/adebolafagbule/opt/anaconda3/envs/airflow_env/lib/python3.8/site-packages/airflow/example_dags/example_python_operator.py
[2022-03-22 18:28:02,924] {logging_mixin.py:109} INFO - [2022-03-22 18:28:02,923] {example_python_operator.py:68} WARNING - The virtalenv_python example task requires virtualenv, please install it.
[2022-03-22 18:28:02,952] {processor.py:654} INFO - DAG(s) dict_keys(['example_python_operator']) retrieved from /Users/adebolafagbule/opt/anaconda3/envs/airflow_env/lib/python3.8/site-packages/airflow/example_dags/example_python_operator.py
[2022-03-22 18:28:02,968] {logging_mixin.py:109} INFO - [2022-03-22 18:28:02,968] {dag.py:2398} INFO - Sync 1 DAGs
[2022-03-22 18:28:02,976] {logging_mixin.py:109} INFO - [2022-03-22 18:28:02,976] {dag.py:2937} INFO - Setting next_dagrun for example_python_operator to None
[2022-03-22 18:28:02,985] {processor.py:171} INFO - Processing /Users/adebolafagbule/opt/anaconda3/envs/airflow_env/lib/python3.8/site-packages/airflow/example_dags/example_python_operator.py took 0.084 seconds
