[2022-03-21 21:43:42,728] {processor.py:163} INFO - Started process (PID=61164) to work on /Users/adebolafagbule/opt/anaconda3/envs/airflow_env/lib/python3.8/site-packages/airflow/example_dags/example_latest_only_with_trigger.py
[2022-03-21 21:43:42,729] {processor.py:642} INFO - Processing file /Users/adebolafagbule/opt/anaconda3/envs/airflow_env/lib/python3.8/site-packages/airflow/example_dags/example_latest_only_with_trigger.py for tasks to queue
[2022-03-21 21:43:42,729] {logging_mixin.py:109} INFO - [2022-03-21 21:43:42,729] {dagbag.py:500} INFO - Filling up the DagBag from /Users/adebolafagbule/opt/anaconda3/envs/airflow_env/lib/python3.8/site-packages/airflow/example_dags/example_latest_only_with_trigger.py
[2022-03-21 21:43:42,800] {processor.py:654} INFO - DAG(s) dict_keys(['latest_only_with_trigger']) retrieved from /Users/adebolafagbule/opt/anaconda3/envs/airflow_env/lib/python3.8/site-packages/airflow/example_dags/example_latest_only_with_trigger.py
[2022-03-21 21:43:42,832] {logging_mixin.py:109} INFO - [2022-03-21 21:43:42,832] {dag.py:2398} INFO - Sync 1 DAGs
[2022-03-21 21:43:42,851] {logging_mixin.py:109} INFO - [2022-03-21 21:43:42,851] {dag.py:2937} INFO - Setting next_dagrun for latest_only_with_trigger to 2022-03-21T21:43:42.851499+00:00
[2022-03-21 21:43:42,866] {processor.py:171} INFO - Processing /Users/adebolafagbule/opt/anaconda3/envs/airflow_env/lib/python3.8/site-packages/airflow/example_dags/example_latest_only_with_trigger.py took 0.139 seconds
[2022-03-22 04:36:33,929] {processor.py:163} INFO - Started process (PID=61371) to work on /Users/adebolafagbule/opt/anaconda3/envs/airflow_env/lib/python3.8/site-packages/airflow/example_dags/example_latest_only_with_trigger.py
[2022-03-22 04:36:33,930] {processor.py:642} INFO - Processing file /Users/adebolafagbule/opt/anaconda3/envs/airflow_env/lib/python3.8/site-packages/airflow/example_dags/example_latest_only_with_trigger.py for tasks to queue
[2022-03-22 04:36:33,930] {logging_mixin.py:109} INFO - [2022-03-22 04:36:33,930] {dagbag.py:500} INFO - Filling up the DagBag from /Users/adebolafagbule/opt/anaconda3/envs/airflow_env/lib/python3.8/site-packages/airflow/example_dags/example_latest_only_with_trigger.py
[2022-03-22 04:36:33,959] {processor.py:654} INFO - DAG(s) dict_keys(['latest_only_with_trigger']) retrieved from /Users/adebolafagbule/opt/anaconda3/envs/airflow_env/lib/python3.8/site-packages/airflow/example_dags/example_latest_only_with_trigger.py
[2022-03-22 04:36:33,971] {logging_mixin.py:109} INFO - [2022-03-22 04:36:33,971] {dag.py:2398} INFO - Sync 1 DAGs
[2022-03-22 04:36:33,978] {logging_mixin.py:109} INFO - [2022-03-22 04:36:33,978] {dag.py:2937} INFO - Setting next_dagrun for latest_only_with_trigger to 2022-03-22T04:36:33.978421+00:00
[2022-03-22 04:36:33,983] {processor.py:171} INFO - Processing /Users/adebolafagbule/opt/anaconda3/envs/airflow_env/lib/python3.8/site-packages/airflow/example_dags/example_latest_only_with_trigger.py took 0.055 seconds
[2022-03-22 06:59:46,042] {processor.py:163} INFO - Started process (PID=61515) to work on /Users/adebolafagbule/opt/anaconda3/envs/airflow_env/lib/python3.8/site-packages/airflow/example_dags/example_latest_only_with_trigger.py
[2022-03-22 06:59:46,044] {processor.py:642} INFO - Processing file /Users/adebolafagbule/opt/anaconda3/envs/airflow_env/lib/python3.8/site-packages/airflow/example_dags/example_latest_only_with_trigger.py for tasks to queue
[2022-03-22 06:59:46,045] {logging_mixin.py:109} INFO - [2022-03-22 06:59:46,045] {dagbag.py:500} INFO - Filling up the DagBag from /Users/adebolafagbule/opt/anaconda3/envs/airflow_env/lib/python3.8/site-packages/airflow/example_dags/example_latest_only_with_trigger.py
[2022-03-22 06:59:46,120] {processor.py:654} INFO - DAG(s) dict_keys(['latest_only_with_trigger']) retrieved from /Users/adebolafagbule/opt/anaconda3/envs/airflow_env/lib/python3.8/site-packages/airflow/example_dags/example_latest_only_with_trigger.py
[2022-03-22 06:59:46,154] {logging_mixin.py:109} INFO - [2022-03-22 06:59:46,153] {dag.py:2398} INFO - Sync 1 DAGs
[2022-03-22 06:59:46,173] {logging_mixin.py:109} INFO - [2022-03-22 06:59:46,173] {dag.py:2937} INFO - Setting next_dagrun for latest_only_with_trigger to 2022-03-22T06:59:46.172822+00:00
[2022-03-22 06:59:46,185] {processor.py:171} INFO - Processing /Users/adebolafagbule/opt/anaconda3/envs/airflow_env/lib/python3.8/site-packages/airflow/example_dags/example_latest_only_with_trigger.py took 0.145 seconds
[2022-03-22 08:12:29,321] {processor.py:163} INFO - Started process (PID=61631) to work on /Users/adebolafagbule/opt/anaconda3/envs/airflow_env/lib/python3.8/site-packages/airflow/example_dags/example_latest_only_with_trigger.py
[2022-03-22 08:12:29,322] {processor.py:642} INFO - Processing file /Users/adebolafagbule/opt/anaconda3/envs/airflow_env/lib/python3.8/site-packages/airflow/example_dags/example_latest_only_with_trigger.py for tasks to queue
[2022-03-22 08:12:29,323] {logging_mixin.py:109} INFO - [2022-03-22 08:12:29,323] {dagbag.py:500} INFO - Filling up the DagBag from /Users/adebolafagbule/opt/anaconda3/envs/airflow_env/lib/python3.8/site-packages/airflow/example_dags/example_latest_only_with_trigger.py
[2022-03-22 08:12:29,384] {processor.py:654} INFO - DAG(s) dict_keys(['latest_only_with_trigger']) retrieved from /Users/adebolafagbule/opt/anaconda3/envs/airflow_env/lib/python3.8/site-packages/airflow/example_dags/example_latest_only_with_trigger.py
[2022-03-22 08:12:29,412] {logging_mixin.py:109} INFO - [2022-03-22 08:12:29,412] {dag.py:2398} INFO - Sync 1 DAGs
[2022-03-22 08:12:29,428] {logging_mixin.py:109} INFO - [2022-03-22 08:12:29,428] {dag.py:2937} INFO - Setting next_dagrun for latest_only_with_trigger to 2022-03-22T08:12:29.428394+00:00
[2022-03-22 08:12:29,440] {processor.py:171} INFO - Processing /Users/adebolafagbule/opt/anaconda3/envs/airflow_env/lib/python3.8/site-packages/airflow/example_dags/example_latest_only_with_trigger.py took 0.120 seconds
[2022-03-22 08:41:26,768] {processor.py:163} INFO - Started process (PID=61726) to work on /Users/adebolafagbule/opt/anaconda3/envs/airflow_env/lib/python3.8/site-packages/airflow/example_dags/example_latest_only_with_trigger.py
[2022-03-22 08:41:26,769] {processor.py:642} INFO - Processing file /Users/adebolafagbule/opt/anaconda3/envs/airflow_env/lib/python3.8/site-packages/airflow/example_dags/example_latest_only_with_trigger.py for tasks to queue
[2022-03-22 08:41:26,770] {logging_mixin.py:109} INFO - [2022-03-22 08:41:26,770] {dagbag.py:500} INFO - Filling up the DagBag from /Users/adebolafagbule/opt/anaconda3/envs/airflow_env/lib/python3.8/site-packages/airflow/example_dags/example_latest_only_with_trigger.py
[2022-03-22 08:41:26,847] {processor.py:654} INFO - DAG(s) dict_keys(['latest_only_with_trigger']) retrieved from /Users/adebolafagbule/opt/anaconda3/envs/airflow_env/lib/python3.8/site-packages/airflow/example_dags/example_latest_only_with_trigger.py
[2022-03-22 08:41:26,877] {logging_mixin.py:109} INFO - [2022-03-22 08:41:26,877] {dag.py:2398} INFO - Sync 1 DAGs
[2022-03-22 08:41:26,894] {logging_mixin.py:109} INFO - [2022-03-22 08:41:26,894] {dag.py:2937} INFO - Setting next_dagrun for latest_only_with_trigger to 2022-03-22T08:41:26.893823+00:00
[2022-03-22 08:41:26,906] {processor.py:171} INFO - Processing /Users/adebolafagbule/opt/anaconda3/envs/airflow_env/lib/python3.8/site-packages/airflow/example_dags/example_latest_only_with_trigger.py took 0.140 seconds
[2022-03-22 09:35:37,115] {processor.py:163} INFO - Started process (PID=61886) to work on /Users/adebolafagbule/opt/anaconda3/envs/airflow_env/lib/python3.8/site-packages/airflow/example_dags/example_latest_only_with_trigger.py
[2022-03-22 09:35:37,115] {processor.py:642} INFO - Processing file /Users/adebolafagbule/opt/anaconda3/envs/airflow_env/lib/python3.8/site-packages/airflow/example_dags/example_latest_only_with_trigger.py for tasks to queue
[2022-03-22 09:35:37,116] {logging_mixin.py:109} INFO - [2022-03-22 09:35:37,116] {dagbag.py:500} INFO - Filling up the DagBag from /Users/adebolafagbule/opt/anaconda3/envs/airflow_env/lib/python3.8/site-packages/airflow/example_dags/example_latest_only_with_trigger.py
[2022-03-22 09:35:37,147] {processor.py:654} INFO - DAG(s) dict_keys(['latest_only_with_trigger']) retrieved from /Users/adebolafagbule/opt/anaconda3/envs/airflow_env/lib/python3.8/site-packages/airflow/example_dags/example_latest_only_with_trigger.py
[2022-03-22 09:35:37,161] {logging_mixin.py:109} INFO - [2022-03-22 09:35:37,160] {dag.py:2398} INFO - Sync 1 DAGs
[2022-03-22 09:35:37,168] {logging_mixin.py:109} INFO - [2022-03-22 09:35:37,168] {dag.py:2937} INFO - Setting next_dagrun for latest_only_with_trigger to 2022-03-22T09:35:37.168747+00:00
[2022-03-22 09:35:37,174] {processor.py:171} INFO - Processing /Users/adebolafagbule/opt/anaconda3/envs/airflow_env/lib/python3.8/site-packages/airflow/example_dags/example_latest_only_with_trigger.py took 0.060 seconds
[2022-03-22 10:10:51,811] {processor.py:163} INFO - Started process (PID=62027) to work on /Users/adebolafagbule/opt/anaconda3/envs/airflow_env/lib/python3.8/site-packages/airflow/example_dags/example_latest_only_with_trigger.py
[2022-03-22 10:10:51,813] {processor.py:642} INFO - Processing file /Users/adebolafagbule/opt/anaconda3/envs/airflow_env/lib/python3.8/site-packages/airflow/example_dags/example_latest_only_with_trigger.py for tasks to queue
[2022-03-22 10:10:51,814] {logging_mixin.py:109} INFO - [2022-03-22 10:10:51,814] {dagbag.py:500} INFO - Filling up the DagBag from /Users/adebolafagbule/opt/anaconda3/envs/airflow_env/lib/python3.8/site-packages/airflow/example_dags/example_latest_only_with_trigger.py
[2022-03-22 10:10:51,887] {processor.py:654} INFO - DAG(s) dict_keys(['latest_only_with_trigger']) retrieved from /Users/adebolafagbule/opt/anaconda3/envs/airflow_env/lib/python3.8/site-packages/airflow/example_dags/example_latest_only_with_trigger.py
[2022-03-22 10:10:51,921] {logging_mixin.py:109} INFO - [2022-03-22 10:10:51,921] {dag.py:2398} INFO - Sync 1 DAGs
[2022-03-22 10:10:51,941] {logging_mixin.py:109} INFO - [2022-03-22 10:10:51,941] {dag.py:2937} INFO - Setting next_dagrun for latest_only_with_trigger to 2022-03-22T10:10:51.941493+00:00
[2022-03-22 10:10:51,955] {processor.py:171} INFO - Processing /Users/adebolafagbule/opt/anaconda3/envs/airflow_env/lib/python3.8/site-packages/airflow/example_dags/example_latest_only_with_trigger.py took 0.145 seconds
[2022-03-22 10:44:02,072] {processor.py:163} INFO - Started process (PID=62096) to work on /Users/adebolafagbule/opt/anaconda3/envs/airflow_env/lib/python3.8/site-packages/airflow/example_dags/example_latest_only_with_trigger.py
[2022-03-22 10:44:02,074] {processor.py:642} INFO - Processing file /Users/adebolafagbule/opt/anaconda3/envs/airflow_env/lib/python3.8/site-packages/airflow/example_dags/example_latest_only_with_trigger.py for tasks to queue
[2022-03-22 10:44:02,075] {logging_mixin.py:109} INFO - [2022-03-22 10:44:02,075] {dagbag.py:500} INFO - Filling up the DagBag from /Users/adebolafagbule/opt/anaconda3/envs/airflow_env/lib/python3.8/site-packages/airflow/example_dags/example_latest_only_with_trigger.py
[2022-03-22 10:44:02,145] {processor.py:654} INFO - DAG(s) dict_keys(['latest_only_with_trigger']) retrieved from /Users/adebolafagbule/opt/anaconda3/envs/airflow_env/lib/python3.8/site-packages/airflow/example_dags/example_latest_only_with_trigger.py
[2022-03-22 10:44:02,178] {logging_mixin.py:109} INFO - [2022-03-22 10:44:02,177] {dag.py:2398} INFO - Sync 1 DAGs
[2022-03-22 10:44:02,197] {logging_mixin.py:109} INFO - [2022-03-22 10:44:02,197] {dag.py:2937} INFO - Setting next_dagrun for latest_only_with_trigger to 2022-03-22T10:44:02.197140+00:00
[2022-03-22 10:44:02,211] {processor.py:171} INFO - Processing /Users/adebolafagbule/opt/anaconda3/envs/airflow_env/lib/python3.8/site-packages/airflow/example_dags/example_latest_only_with_trigger.py took 0.139 seconds
[2022-03-22 11:00:35,451] {processor.py:163} INFO - Started process (PID=62194) to work on /Users/adebolafagbule/opt/anaconda3/envs/airflow_env/lib/python3.8/site-packages/airflow/example_dags/example_latest_only_with_trigger.py
[2022-03-22 11:00:35,452] {processor.py:642} INFO - Processing file /Users/adebolafagbule/opt/anaconda3/envs/airflow_env/lib/python3.8/site-packages/airflow/example_dags/example_latest_only_with_trigger.py for tasks to queue
[2022-03-22 11:00:35,453] {logging_mixin.py:109} INFO - [2022-03-22 11:00:35,452] {dagbag.py:500} INFO - Filling up the DagBag from /Users/adebolafagbule/opt/anaconda3/envs/airflow_env/lib/python3.8/site-packages/airflow/example_dags/example_latest_only_with_trigger.py
[2022-03-22 11:00:35,483] {processor.py:654} INFO - DAG(s) dict_keys(['latest_only_with_trigger']) retrieved from /Users/adebolafagbule/opt/anaconda3/envs/airflow_env/lib/python3.8/site-packages/airflow/example_dags/example_latest_only_with_trigger.py
[2022-03-22 11:00:35,497] {logging_mixin.py:109} INFO - [2022-03-22 11:00:35,496] {dag.py:2398} INFO - Sync 1 DAGs
[2022-03-22 11:00:35,504] {logging_mixin.py:109} INFO - [2022-03-22 11:00:35,504] {dag.py:2937} INFO - Setting next_dagrun for latest_only_with_trigger to 2022-03-22T11:00:35.504137+00:00
[2022-03-22 11:00:35,511] {processor.py:171} INFO - Processing /Users/adebolafagbule/opt/anaconda3/envs/airflow_env/lib/python3.8/site-packages/airflow/example_dags/example_latest_only_with_trigger.py took 0.060 seconds
[2022-03-22 11:01:51,413] {processor.py:163} INFO - Started process (PID=62273) to work on /Users/adebolafagbule/opt/anaconda3/envs/airflow_env/lib/python3.8/site-packages/airflow/example_dags/example_latest_only_with_trigger.py
[2022-03-22 11:01:51,413] {processor.py:642} INFO - Processing file /Users/adebolafagbule/opt/anaconda3/envs/airflow_env/lib/python3.8/site-packages/airflow/example_dags/example_latest_only_with_trigger.py for tasks to queue
[2022-03-22 11:01:51,413] {logging_mixin.py:109} INFO - [2022-03-22 11:01:51,413] {dagbag.py:500} INFO - Filling up the DagBag from /Users/adebolafagbule/opt/anaconda3/envs/airflow_env/lib/python3.8/site-packages/airflow/example_dags/example_latest_only_with_trigger.py
[2022-03-22 11:01:51,448] {processor.py:654} INFO - DAG(s) dict_keys(['latest_only_with_trigger']) retrieved from /Users/adebolafagbule/opt/anaconda3/envs/airflow_env/lib/python3.8/site-packages/airflow/example_dags/example_latest_only_with_trigger.py
[2022-03-22 11:01:51,462] {logging_mixin.py:109} INFO - [2022-03-22 11:01:51,461] {dag.py:2398} INFO - Sync 1 DAGs
[2022-03-22 11:01:51,470] {logging_mixin.py:109} INFO - [2022-03-22 11:01:51,469] {dag.py:2937} INFO - Setting next_dagrun for latest_only_with_trigger to 2022-03-22T11:01:51.469849+00:00
[2022-03-22 11:01:51,475] {processor.py:171} INFO - Processing /Users/adebolafagbule/opt/anaconda3/envs/airflow_env/lib/python3.8/site-packages/airflow/example_dags/example_latest_only_with_trigger.py took 0.063 seconds
[2022-03-22 11:03:07,308] {processor.py:163} INFO - Started process (PID=62453) to work on /Users/adebolafagbule/opt/anaconda3/envs/airflow_env/lib/python3.8/site-packages/airflow/example_dags/example_latest_only_with_trigger.py
[2022-03-22 11:03:07,309] {processor.py:642} INFO - Processing file /Users/adebolafagbule/opt/anaconda3/envs/airflow_env/lib/python3.8/site-packages/airflow/example_dags/example_latest_only_with_trigger.py for tasks to queue
[2022-03-22 11:03:07,309] {logging_mixin.py:109} INFO - [2022-03-22 11:03:07,309] {dagbag.py:500} INFO - Filling up the DagBag from /Users/adebolafagbule/opt/anaconda3/envs/airflow_env/lib/python3.8/site-packages/airflow/example_dags/example_latest_only_with_trigger.py
[2022-03-22 11:03:07,341] {processor.py:654} INFO - DAG(s) dict_keys(['latest_only_with_trigger']) retrieved from /Users/adebolafagbule/opt/anaconda3/envs/airflow_env/lib/python3.8/site-packages/airflow/example_dags/example_latest_only_with_trigger.py
[2022-03-22 11:03:07,353] {logging_mixin.py:109} INFO - [2022-03-22 11:03:07,353] {dag.py:2398} INFO - Sync 1 DAGs
[2022-03-22 11:03:07,361] {logging_mixin.py:109} INFO - [2022-03-22 11:03:07,360] {dag.py:2937} INFO - Setting next_dagrun for latest_only_with_trigger to 2022-03-22T11:03:07.360813+00:00
[2022-03-22 11:03:07,369] {processor.py:171} INFO - Processing /Users/adebolafagbule/opt/anaconda3/envs/airflow_env/lib/python3.8/site-packages/airflow/example_dags/example_latest_only_with_trigger.py took 0.062 seconds
[2022-03-22 11:04:23,012] {processor.py:163} INFO - Started process (PID=62526) to work on /Users/adebolafagbule/opt/anaconda3/envs/airflow_env/lib/python3.8/site-packages/airflow/example_dags/example_latest_only_with_trigger.py
[2022-03-22 11:04:23,014] {processor.py:642} INFO - Processing file /Users/adebolafagbule/opt/anaconda3/envs/airflow_env/lib/python3.8/site-packages/airflow/example_dags/example_latest_only_with_trigger.py for tasks to queue
[2022-03-22 11:04:23,014] {logging_mixin.py:109} INFO - [2022-03-22 11:04:23,014] {dagbag.py:500} INFO - Filling up the DagBag from /Users/adebolafagbule/opt/anaconda3/envs/airflow_env/lib/python3.8/site-packages/airflow/example_dags/example_latest_only_with_trigger.py
[2022-03-22 11:04:23,043] {processor.py:654} INFO - DAG(s) dict_keys(['latest_only_with_trigger']) retrieved from /Users/adebolafagbule/opt/anaconda3/envs/airflow_env/lib/python3.8/site-packages/airflow/example_dags/example_latest_only_with_trigger.py
[2022-03-22 11:04:23,056] {logging_mixin.py:109} INFO - [2022-03-22 11:04:23,056] {dag.py:2398} INFO - Sync 1 DAGs
[2022-03-22 11:04:23,064] {logging_mixin.py:109} INFO - [2022-03-22 11:04:23,063] {dag.py:2937} INFO - Setting next_dagrun for latest_only_with_trigger to 2022-03-22T11:04:23.063853+00:00
[2022-03-22 11:04:23,071] {processor.py:171} INFO - Processing /Users/adebolafagbule/opt/anaconda3/envs/airflow_env/lib/python3.8/site-packages/airflow/example_dags/example_latest_only_with_trigger.py took 0.059 seconds
[2022-03-22 11:24:32,270] {processor.py:163} INFO - Started process (PID=62667) to work on /Users/adebolafagbule/opt/anaconda3/envs/airflow_env/lib/python3.8/site-packages/airflow/example_dags/example_latest_only_with_trigger.py
[2022-03-22 11:24:32,270] {processor.py:642} INFO - Processing file /Users/adebolafagbule/opt/anaconda3/envs/airflow_env/lib/python3.8/site-packages/airflow/example_dags/example_latest_only_with_trigger.py for tasks to queue
[2022-03-22 11:24:32,271] {logging_mixin.py:109} INFO - [2022-03-22 11:24:32,271] {dagbag.py:500} INFO - Filling up the DagBag from /Users/adebolafagbule/opt/anaconda3/envs/airflow_env/lib/python3.8/site-packages/airflow/example_dags/example_latest_only_with_trigger.py
[2022-03-22 11:24:32,315] {processor.py:654} INFO - DAG(s) dict_keys(['latest_only_with_trigger']) retrieved from /Users/adebolafagbule/opt/anaconda3/envs/airflow_env/lib/python3.8/site-packages/airflow/example_dags/example_latest_only_with_trigger.py
[2022-03-22 11:24:32,336] {logging_mixin.py:109} INFO - [2022-03-22 11:24:32,335] {dag.py:2398} INFO - Sync 1 DAGs
[2022-03-22 11:24:32,347] {logging_mixin.py:109} INFO - [2022-03-22 11:24:32,347] {dag.py:2937} INFO - Setting next_dagrun for latest_only_with_trigger to 2022-03-22T11:24:32.347522+00:00
[2022-03-22 11:24:32,355] {processor.py:171} INFO - Processing /Users/adebolafagbule/opt/anaconda3/envs/airflow_env/lib/python3.8/site-packages/airflow/example_dags/example_latest_only_with_trigger.py took 0.086 seconds
[2022-03-22 12:11:45,962] {processor.py:163} INFO - Started process (PID=62754) to work on /Users/adebolafagbule/opt/anaconda3/envs/airflow_env/lib/python3.8/site-packages/airflow/example_dags/example_latest_only_with_trigger.py
[2022-03-22 12:11:45,963] {processor.py:642} INFO - Processing file /Users/adebolafagbule/opt/anaconda3/envs/airflow_env/lib/python3.8/site-packages/airflow/example_dags/example_latest_only_with_trigger.py for tasks to queue
[2022-03-22 12:11:45,964] {logging_mixin.py:109} INFO - [2022-03-22 12:11:45,963] {dagbag.py:500} INFO - Filling up the DagBag from /Users/adebolafagbule/opt/anaconda3/envs/airflow_env/lib/python3.8/site-packages/airflow/example_dags/example_latest_only_with_trigger.py
[2022-03-22 12:11:46,031] {processor.py:654} INFO - DAG(s) dict_keys(['latest_only_with_trigger']) retrieved from /Users/adebolafagbule/opt/anaconda3/envs/airflow_env/lib/python3.8/site-packages/airflow/example_dags/example_latest_only_with_trigger.py
[2022-03-22 12:11:46,064] {logging_mixin.py:109} INFO - [2022-03-22 12:11:46,064] {dag.py:2398} INFO - Sync 1 DAGs
[2022-03-22 12:11:46,083] {logging_mixin.py:109} INFO - [2022-03-22 12:11:46,083] {dag.py:2937} INFO - Setting next_dagrun for latest_only_with_trigger to 2022-03-22T12:11:46.083428+00:00
[2022-03-22 12:11:46,097] {processor.py:171} INFO - Processing /Users/adebolafagbule/opt/anaconda3/envs/airflow_env/lib/python3.8/site-packages/airflow/example_dags/example_latest_only_with_trigger.py took 0.136 seconds
[2022-03-22 12:29:30,622] {processor.py:163} INFO - Started process (PID=62837) to work on /Users/adebolafagbule/opt/anaconda3/envs/airflow_env/lib/python3.8/site-packages/airflow/example_dags/example_latest_only_with_trigger.py
[2022-03-22 12:29:30,623] {processor.py:642} INFO - Processing file /Users/adebolafagbule/opt/anaconda3/envs/airflow_env/lib/python3.8/site-packages/airflow/example_dags/example_latest_only_with_trigger.py for tasks to queue
[2022-03-22 12:29:30,623] {logging_mixin.py:109} INFO - [2022-03-22 12:29:30,623] {dagbag.py:500} INFO - Filling up the DagBag from /Users/adebolafagbule/opt/anaconda3/envs/airflow_env/lib/python3.8/site-packages/airflow/example_dags/example_latest_only_with_trigger.py
[2022-03-22 12:29:30,674] {processor.py:654} INFO - DAG(s) dict_keys(['latest_only_with_trigger']) retrieved from /Users/adebolafagbule/opt/anaconda3/envs/airflow_env/lib/python3.8/site-packages/airflow/example_dags/example_latest_only_with_trigger.py
[2022-03-22 12:29:30,697] {logging_mixin.py:109} INFO - [2022-03-22 12:29:30,696] {dag.py:2398} INFO - Sync 1 DAGs
[2022-03-22 12:29:30,710] {logging_mixin.py:109} INFO - [2022-03-22 12:29:30,709] {dag.py:2937} INFO - Setting next_dagrun for latest_only_with_trigger to 2022-03-22T12:29:30.709688+00:00
[2022-03-22 12:29:30,718] {processor.py:171} INFO - Processing /Users/adebolafagbule/opt/anaconda3/envs/airflow_env/lib/python3.8/site-packages/airflow/example_dags/example_latest_only_with_trigger.py took 0.097 seconds
[2022-03-22 13:48:27,866] {processor.py:163} INFO - Started process (PID=62939) to work on /Users/adebolafagbule/opt/anaconda3/envs/airflow_env/lib/python3.8/site-packages/airflow/example_dags/example_latest_only_with_trigger.py
[2022-03-22 13:48:27,868] {processor.py:642} INFO - Processing file /Users/adebolafagbule/opt/anaconda3/envs/airflow_env/lib/python3.8/site-packages/airflow/example_dags/example_latest_only_with_trigger.py for tasks to queue
[2022-03-22 13:48:27,870] {logging_mixin.py:109} INFO - [2022-03-22 13:48:27,870] {dagbag.py:500} INFO - Filling up the DagBag from /Users/adebolafagbule/opt/anaconda3/envs/airflow_env/lib/python3.8/site-packages/airflow/example_dags/example_latest_only_with_trigger.py
[2022-03-22 13:48:28,005] {processor.py:654} INFO - DAG(s) dict_keys(['latest_only_with_trigger']) retrieved from /Users/adebolafagbule/opt/anaconda3/envs/airflow_env/lib/python3.8/site-packages/airflow/example_dags/example_latest_only_with_trigger.py
[2022-03-22 13:48:28,052] {logging_mixin.py:109} INFO - [2022-03-22 13:48:28,052] {dag.py:2398} INFO - Sync 1 DAGs
[2022-03-22 13:48:28,073] {logging_mixin.py:109} INFO - [2022-03-22 13:48:28,073] {dag.py:2937} INFO - Setting next_dagrun for latest_only_with_trigger to 2022-03-22T13:48:28.073180+00:00
[2022-03-22 13:48:28,087] {processor.py:171} INFO - Processing /Users/adebolafagbule/opt/anaconda3/envs/airflow_env/lib/python3.8/site-packages/airflow/example_dags/example_latest_only_with_trigger.py took 0.228 seconds
[2022-03-22 14:58:31,188] {processor.py:163} INFO - Started process (PID=63125) to work on /Users/adebolafagbule/opt/anaconda3/envs/airflow_env/lib/python3.8/site-packages/airflow/example_dags/example_latest_only_with_trigger.py
[2022-03-22 14:58:31,189] {processor.py:642} INFO - Processing file /Users/adebolafagbule/opt/anaconda3/envs/airflow_env/lib/python3.8/site-packages/airflow/example_dags/example_latest_only_with_trigger.py for tasks to queue
[2022-03-22 14:58:31,190] {logging_mixin.py:109} INFO - [2022-03-22 14:58:31,190] {dagbag.py:500} INFO - Filling up the DagBag from /Users/adebolafagbule/opt/anaconda3/envs/airflow_env/lib/python3.8/site-packages/airflow/example_dags/example_latest_only_with_trigger.py
[2022-03-22 14:58:31,225] {processor.py:654} INFO - DAG(s) dict_keys(['latest_only_with_trigger']) retrieved from /Users/adebolafagbule/opt/anaconda3/envs/airflow_env/lib/python3.8/site-packages/airflow/example_dags/example_latest_only_with_trigger.py
[2022-03-22 14:58:31,238] {logging_mixin.py:109} INFO - [2022-03-22 14:58:31,238] {dag.py:2398} INFO - Sync 1 DAGs
[2022-03-22 14:58:31,245] {logging_mixin.py:109} INFO - [2022-03-22 14:58:31,245] {dag.py:2937} INFO - Setting next_dagrun for latest_only_with_trigger to 2022-03-22T14:58:31.245509+00:00
[2022-03-22 14:58:31,251] {processor.py:171} INFO - Processing /Users/adebolafagbule/opt/anaconda3/envs/airflow_env/lib/python3.8/site-packages/airflow/example_dags/example_latest_only_with_trigger.py took 0.063 seconds
[2022-03-22 15:31:41,378] {processor.py:163} INFO - Started process (PID=63259) to work on /Users/adebolafagbule/opt/anaconda3/envs/airflow_env/lib/python3.8/site-packages/airflow/example_dags/example_latest_only_with_trigger.py
[2022-03-22 15:31:41,379] {processor.py:642} INFO - Processing file /Users/adebolafagbule/opt/anaconda3/envs/airflow_env/lib/python3.8/site-packages/airflow/example_dags/example_latest_only_with_trigger.py for tasks to queue
[2022-03-22 15:31:41,379] {logging_mixin.py:109} INFO - [2022-03-22 15:31:41,379] {dagbag.py:500} INFO - Filling up the DagBag from /Users/adebolafagbule/opt/anaconda3/envs/airflow_env/lib/python3.8/site-packages/airflow/example_dags/example_latest_only_with_trigger.py
[2022-03-22 15:31:41,435] {processor.py:654} INFO - DAG(s) dict_keys(['latest_only_with_trigger']) retrieved from /Users/adebolafagbule/opt/anaconda3/envs/airflow_env/lib/python3.8/site-packages/airflow/example_dags/example_latest_only_with_trigger.py
[2022-03-22 15:31:41,461] {logging_mixin.py:109} INFO - [2022-03-22 15:31:41,461] {dag.py:2398} INFO - Sync 1 DAGs
[2022-03-22 15:31:41,477] {logging_mixin.py:109} INFO - [2022-03-22 15:31:41,476] {dag.py:2937} INFO - Setting next_dagrun for latest_only_with_trigger to 2022-03-22T15:31:41.476677+00:00
[2022-03-22 15:31:41,487] {processor.py:171} INFO - Processing /Users/adebolafagbule/opt/anaconda3/envs/airflow_env/lib/python3.8/site-packages/airflow/example_dags/example_latest_only_with_trigger.py took 0.110 seconds
[2022-03-22 16:35:46,019] {processor.py:163} INFO - Started process (PID=63402) to work on /Users/adebolafagbule/opt/anaconda3/envs/airflow_env/lib/python3.8/site-packages/airflow/example_dags/example_latest_only_with_trigger.py
[2022-03-22 16:35:46,020] {processor.py:642} INFO - Processing file /Users/adebolafagbule/opt/anaconda3/envs/airflow_env/lib/python3.8/site-packages/airflow/example_dags/example_latest_only_with_trigger.py for tasks to queue
[2022-03-22 16:35:46,021] {logging_mixin.py:109} INFO - [2022-03-22 16:35:46,021] {dagbag.py:500} INFO - Filling up the DagBag from /Users/adebolafagbule/opt/anaconda3/envs/airflow_env/lib/python3.8/site-packages/airflow/example_dags/example_latest_only_with_trigger.py
[2022-03-22 16:35:46,092] {processor.py:654} INFO - DAG(s) dict_keys(['latest_only_with_trigger']) retrieved from /Users/adebolafagbule/opt/anaconda3/envs/airflow_env/lib/python3.8/site-packages/airflow/example_dags/example_latest_only_with_trigger.py
[2022-03-22 16:35:46,125] {logging_mixin.py:109} INFO - [2022-03-22 16:35:46,125] {dag.py:2398} INFO - Sync 1 DAGs
[2022-03-22 16:35:46,144] {logging_mixin.py:109} INFO - [2022-03-22 16:35:46,144] {dag.py:2937} INFO - Setting next_dagrun for latest_only_with_trigger to 2022-03-22T16:35:46.144485+00:00
[2022-03-22 16:35:46,158] {processor.py:171} INFO - Processing /Users/adebolafagbule/opt/anaconda3/envs/airflow_env/lib/python3.8/site-packages/airflow/example_dags/example_latest_only_with_trigger.py took 0.140 seconds
[2022-03-22 17:29:55,274] {processor.py:163} INFO - Started process (PID=63478) to work on /Users/adebolafagbule/opt/anaconda3/envs/airflow_env/lib/python3.8/site-packages/airflow/example_dags/example_latest_only_with_trigger.py
[2022-03-22 17:29:55,276] {processor.py:642} INFO - Processing file /Users/adebolafagbule/opt/anaconda3/envs/airflow_env/lib/python3.8/site-packages/airflow/example_dags/example_latest_only_with_trigger.py for tasks to queue
[2022-03-22 17:29:55,276] {logging_mixin.py:109} INFO - [2022-03-22 17:29:55,276] {dagbag.py:500} INFO - Filling up the DagBag from /Users/adebolafagbule/opt/anaconda3/envs/airflow_env/lib/python3.8/site-packages/airflow/example_dags/example_latest_only_with_trigger.py
[2022-03-22 17:29:55,317] {processor.py:654} INFO - DAG(s) dict_keys(['latest_only_with_trigger']) retrieved from /Users/adebolafagbule/opt/anaconda3/envs/airflow_env/lib/python3.8/site-packages/airflow/example_dags/example_latest_only_with_trigger.py
[2022-03-22 17:29:55,336] {logging_mixin.py:109} INFO - [2022-03-22 17:29:55,336] {dag.py:2398} INFO - Sync 1 DAGs
[2022-03-22 17:29:55,347] {logging_mixin.py:109} INFO - [2022-03-22 17:29:55,347] {dag.py:2937} INFO - Setting next_dagrun for latest_only_with_trigger to 2022-03-22T17:29:55.347212+00:00
[2022-03-22 17:29:55,356] {processor.py:171} INFO - Processing /Users/adebolafagbule/opt/anaconda3/envs/airflow_env/lib/python3.8/site-packages/airflow/example_dags/example_latest_only_with_trigger.py took 0.082 seconds
[2022-03-22 17:31:23,183] {processor.py:163} INFO - Started process (PID=63557) to work on /Users/adebolafagbule/opt/anaconda3/envs/airflow_env/lib/python3.8/site-packages/airflow/example_dags/example_latest_only_with_trigger.py
[2022-03-22 17:31:23,184] {processor.py:642} INFO - Processing file /Users/adebolafagbule/opt/anaconda3/envs/airflow_env/lib/python3.8/site-packages/airflow/example_dags/example_latest_only_with_trigger.py for tasks to queue
[2022-03-22 17:31:23,184] {logging_mixin.py:109} INFO - [2022-03-22 17:31:23,184] {dagbag.py:500} INFO - Filling up the DagBag from /Users/adebolafagbule/opt/anaconda3/envs/airflow_env/lib/python3.8/site-packages/airflow/example_dags/example_latest_only_with_trigger.py
[2022-03-22 17:31:23,213] {processor.py:654} INFO - DAG(s) dict_keys(['latest_only_with_trigger']) retrieved from /Users/adebolafagbule/opt/anaconda3/envs/airflow_env/lib/python3.8/site-packages/airflow/example_dags/example_latest_only_with_trigger.py
[2022-03-22 17:31:23,227] {logging_mixin.py:109} INFO - [2022-03-22 17:31:23,227] {dag.py:2398} INFO - Sync 1 DAGs
[2022-03-22 17:31:23,235] {logging_mixin.py:109} INFO - [2022-03-22 17:31:23,235] {dag.py:2937} INFO - Setting next_dagrun for latest_only_with_trigger to 2022-03-22T17:31:23.235004+00:00
[2022-03-22 17:31:23,240] {processor.py:171} INFO - Processing /Users/adebolafagbule/opt/anaconda3/envs/airflow_env/lib/python3.8/site-packages/airflow/example_dags/example_latest_only_with_trigger.py took 0.058 seconds
[2022-03-22 17:32:57,707] {processor.py:163} INFO - Started process (PID=63648) to work on /Users/adebolafagbule/opt/anaconda3/envs/airflow_env/lib/python3.8/site-packages/airflow/example_dags/example_latest_only_with_trigger.py
[2022-03-22 17:32:57,708] {processor.py:642} INFO - Processing file /Users/adebolafagbule/opt/anaconda3/envs/airflow_env/lib/python3.8/site-packages/airflow/example_dags/example_latest_only_with_trigger.py for tasks to queue
[2022-03-22 17:32:57,709] {logging_mixin.py:109} INFO - [2022-03-22 17:32:57,709] {dagbag.py:500} INFO - Filling up the DagBag from /Users/adebolafagbule/opt/anaconda3/envs/airflow_env/lib/python3.8/site-packages/airflow/example_dags/example_latest_only_with_trigger.py
[2022-03-22 17:32:57,749] {processor.py:654} INFO - DAG(s) dict_keys(['latest_only_with_trigger']) retrieved from /Users/adebolafagbule/opt/anaconda3/envs/airflow_env/lib/python3.8/site-packages/airflow/example_dags/example_latest_only_with_trigger.py
[2022-03-22 17:32:57,763] {logging_mixin.py:109} INFO - [2022-03-22 17:32:57,762] {dag.py:2398} INFO - Sync 1 DAGs
[2022-03-22 17:32:57,770] {logging_mixin.py:109} INFO - [2022-03-22 17:32:57,770] {dag.py:2937} INFO - Setting next_dagrun for latest_only_with_trigger to 2022-03-22T17:32:57.770567+00:00
[2022-03-22 17:32:57,777] {processor.py:171} INFO - Processing /Users/adebolafagbule/opt/anaconda3/envs/airflow_env/lib/python3.8/site-packages/airflow/example_dags/example_latest_only_with_trigger.py took 0.070 seconds
[2022-03-22 17:34:12,490] {processor.py:163} INFO - Started process (PID=63722) to work on /Users/adebolafagbule/opt/anaconda3/envs/airflow_env/lib/python3.8/site-packages/airflow/example_dags/example_latest_only_with_trigger.py
[2022-03-22 17:34:12,490] {processor.py:642} INFO - Processing file /Users/adebolafagbule/opt/anaconda3/envs/airflow_env/lib/python3.8/site-packages/airflow/example_dags/example_latest_only_with_trigger.py for tasks to queue
[2022-03-22 17:34:12,490] {logging_mixin.py:109} INFO - [2022-03-22 17:34:12,490] {dagbag.py:500} INFO - Filling up the DagBag from /Users/adebolafagbule/opt/anaconda3/envs/airflow_env/lib/python3.8/site-packages/airflow/example_dags/example_latest_only_with_trigger.py
[2022-03-22 17:34:12,515] {processor.py:654} INFO - DAG(s) dict_keys(['latest_only_with_trigger']) retrieved from /Users/adebolafagbule/opt/anaconda3/envs/airflow_env/lib/python3.8/site-packages/airflow/example_dags/example_latest_only_with_trigger.py
[2022-03-22 17:34:12,528] {logging_mixin.py:109} INFO - [2022-03-22 17:34:12,528] {dag.py:2398} INFO - Sync 1 DAGs
[2022-03-22 17:34:12,536] {logging_mixin.py:109} INFO - [2022-03-22 17:34:12,536] {dag.py:2937} INFO - Setting next_dagrun for latest_only_with_trigger to 2022-03-22T17:34:12.535905+00:00
[2022-03-22 17:34:12,541] {processor.py:171} INFO - Processing /Users/adebolafagbule/opt/anaconda3/envs/airflow_env/lib/python3.8/site-packages/airflow/example_dags/example_latest_only_with_trigger.py took 0.052 seconds
[2022-03-22 17:35:25,004] {processor.py:163} INFO - Started process (PID=63793) to work on /Users/adebolafagbule/opt/anaconda3/envs/airflow_env/lib/python3.8/site-packages/airflow/example_dags/example_latest_only_with_trigger.py
[2022-03-22 17:35:25,004] {processor.py:642} INFO - Processing file /Users/adebolafagbule/opt/anaconda3/envs/airflow_env/lib/python3.8/site-packages/airflow/example_dags/example_latest_only_with_trigger.py for tasks to queue
[2022-03-22 17:35:25,004] {logging_mixin.py:109} INFO - [2022-03-22 17:35:25,004] {dagbag.py:500} INFO - Filling up the DagBag from /Users/adebolafagbule/opt/anaconda3/envs/airflow_env/lib/python3.8/site-packages/airflow/example_dags/example_latest_only_with_trigger.py
[2022-03-22 17:35:25,030] {processor.py:654} INFO - DAG(s) dict_keys(['latest_only_with_trigger']) retrieved from /Users/adebolafagbule/opt/anaconda3/envs/airflow_env/lib/python3.8/site-packages/airflow/example_dags/example_latest_only_with_trigger.py
[2022-03-22 17:35:25,042] {logging_mixin.py:109} INFO - [2022-03-22 17:35:25,042] {dag.py:2398} INFO - Sync 1 DAGs
[2022-03-22 17:35:25,049] {logging_mixin.py:109} INFO - [2022-03-22 17:35:25,049] {dag.py:2937} INFO - Setting next_dagrun for latest_only_with_trigger to 2022-03-22T17:35:25.049501+00:00
[2022-03-22 17:35:25,055] {processor.py:171} INFO - Processing /Users/adebolafagbule/opt/anaconda3/envs/airflow_env/lib/python3.8/site-packages/airflow/example_dags/example_latest_only_with_trigger.py took 0.052 seconds
[2022-03-22 17:36:40,278] {processor.py:163} INFO - Started process (PID=63867) to work on /Users/adebolafagbule/opt/anaconda3/envs/airflow_env/lib/python3.8/site-packages/airflow/example_dags/example_latest_only_with_trigger.py
[2022-03-22 17:36:40,279] {processor.py:642} INFO - Processing file /Users/adebolafagbule/opt/anaconda3/envs/airflow_env/lib/python3.8/site-packages/airflow/example_dags/example_latest_only_with_trigger.py for tasks to queue
[2022-03-22 17:36:40,280] {logging_mixin.py:109} INFO - [2022-03-22 17:36:40,280] {dagbag.py:500} INFO - Filling up the DagBag from /Users/adebolafagbule/opt/anaconda3/envs/airflow_env/lib/python3.8/site-packages/airflow/example_dags/example_latest_only_with_trigger.py
[2022-03-22 17:36:40,310] {processor.py:654} INFO - DAG(s) dict_keys(['latest_only_with_trigger']) retrieved from /Users/adebolafagbule/opt/anaconda3/envs/airflow_env/lib/python3.8/site-packages/airflow/example_dags/example_latest_only_with_trigger.py
[2022-03-22 17:36:40,323] {logging_mixin.py:109} INFO - [2022-03-22 17:36:40,323] {dag.py:2398} INFO - Sync 1 DAGs
[2022-03-22 17:36:40,330] {logging_mixin.py:109} INFO - [2022-03-22 17:36:40,330] {dag.py:2937} INFO - Setting next_dagrun for latest_only_with_trigger to 2022-03-22T17:36:40.330205+00:00
[2022-03-22 17:36:40,335] {processor.py:171} INFO - Processing /Users/adebolafagbule/opt/anaconda3/envs/airflow_env/lib/python3.8/site-packages/airflow/example_dags/example_latest_only_with_trigger.py took 0.057 seconds
[2022-03-22 17:37:58,453] {processor.py:163} INFO - Started process (PID=63940) to work on /Users/adebolafagbule/opt/anaconda3/envs/airflow_env/lib/python3.8/site-packages/airflow/example_dags/example_latest_only_with_trigger.py
[2022-03-22 17:37:58,454] {processor.py:642} INFO - Processing file /Users/adebolafagbule/opt/anaconda3/envs/airflow_env/lib/python3.8/site-packages/airflow/example_dags/example_latest_only_with_trigger.py for tasks to queue
[2022-03-22 17:37:58,454] {logging_mixin.py:109} INFO - [2022-03-22 17:37:58,454] {dagbag.py:500} INFO - Filling up the DagBag from /Users/adebolafagbule/opt/anaconda3/envs/airflow_env/lib/python3.8/site-packages/airflow/example_dags/example_latest_only_with_trigger.py
[2022-03-22 17:37:58,485] {processor.py:654} INFO - DAG(s) dict_keys(['latest_only_with_trigger']) retrieved from /Users/adebolafagbule/opt/anaconda3/envs/airflow_env/lib/python3.8/site-packages/airflow/example_dags/example_latest_only_with_trigger.py
[2022-03-22 17:37:58,498] {logging_mixin.py:109} INFO - [2022-03-22 17:37:58,498] {dag.py:2398} INFO - Sync 1 DAGs
[2022-03-22 17:37:58,506] {logging_mixin.py:109} INFO - [2022-03-22 17:37:58,506] {dag.py:2937} INFO - Setting next_dagrun for latest_only_with_trigger to 2022-03-22T17:37:58.506129+00:00
[2022-03-22 17:37:58,514] {processor.py:171} INFO - Processing /Users/adebolafagbule/opt/anaconda3/envs/airflow_env/lib/python3.8/site-packages/airflow/example_dags/example_latest_only_with_trigger.py took 0.061 seconds
[2022-03-22 17:39:29,605] {processor.py:163} INFO - Started process (PID=64019) to work on /Users/adebolafagbule/opt/anaconda3/envs/airflow_env/lib/python3.8/site-packages/airflow/example_dags/example_latest_only_with_trigger.py
[2022-03-22 17:39:29,606] {processor.py:642} INFO - Processing file /Users/adebolafagbule/opt/anaconda3/envs/airflow_env/lib/python3.8/site-packages/airflow/example_dags/example_latest_only_with_trigger.py for tasks to queue
[2022-03-22 17:39:29,607] {logging_mixin.py:109} INFO - [2022-03-22 17:39:29,607] {dagbag.py:500} INFO - Filling up the DagBag from /Users/adebolafagbule/opt/anaconda3/envs/airflow_env/lib/python3.8/site-packages/airflow/example_dags/example_latest_only_with_trigger.py
[2022-03-22 17:39:29,655] {processor.py:654} INFO - DAG(s) dict_keys(['latest_only_with_trigger']) retrieved from /Users/adebolafagbule/opt/anaconda3/envs/airflow_env/lib/python3.8/site-packages/airflow/example_dags/example_latest_only_with_trigger.py
[2022-03-22 17:39:29,669] {logging_mixin.py:109} INFO - [2022-03-22 17:39:29,669] {dag.py:2398} INFO - Sync 1 DAGs
[2022-03-22 17:39:29,678] {logging_mixin.py:109} INFO - [2022-03-22 17:39:29,678] {dag.py:2937} INFO - Setting next_dagrun for latest_only_with_trigger to 2022-03-22T17:39:29.678160+00:00
[2022-03-22 17:39:29,684] {processor.py:171} INFO - Processing /Users/adebolafagbule/opt/anaconda3/envs/airflow_env/lib/python3.8/site-packages/airflow/example_dags/example_latest_only_with_trigger.py took 0.079 seconds
[2022-03-22 17:40:54,723] {processor.py:163} INFO - Started process (PID=64094) to work on /Users/adebolafagbule/opt/anaconda3/envs/airflow_env/lib/python3.8/site-packages/airflow/example_dags/example_latest_only_with_trigger.py
[2022-03-22 17:40:54,725] {processor.py:642} INFO - Processing file /Users/adebolafagbule/opt/anaconda3/envs/airflow_env/lib/python3.8/site-packages/airflow/example_dags/example_latest_only_with_trigger.py for tasks to queue
[2022-03-22 17:40:54,725] {logging_mixin.py:109} INFO - [2022-03-22 17:40:54,725] {dagbag.py:500} INFO - Filling up the DagBag from /Users/adebolafagbule/opt/anaconda3/envs/airflow_env/lib/python3.8/site-packages/airflow/example_dags/example_latest_only_with_trigger.py
[2022-03-22 17:40:54,769] {processor.py:654} INFO - DAG(s) dict_keys(['latest_only_with_trigger']) retrieved from /Users/adebolafagbule/opt/anaconda3/envs/airflow_env/lib/python3.8/site-packages/airflow/example_dags/example_latest_only_with_trigger.py
[2022-03-22 17:40:54,782] {logging_mixin.py:109} INFO - [2022-03-22 17:40:54,782] {dag.py:2398} INFO - Sync 1 DAGs
[2022-03-22 17:40:54,789] {logging_mixin.py:109} INFO - [2022-03-22 17:40:54,789] {dag.py:2937} INFO - Setting next_dagrun for latest_only_with_trigger to 2022-03-22T17:40:54.789808+00:00
[2022-03-22 17:40:54,799] {processor.py:171} INFO - Processing /Users/adebolafagbule/opt/anaconda3/envs/airflow_env/lib/python3.8/site-packages/airflow/example_dags/example_latest_only_with_trigger.py took 0.076 seconds
[2022-03-22 17:42:32,000] {processor.py:163} INFO - Started process (PID=64177) to work on /Users/adebolafagbule/opt/anaconda3/envs/airflow_env/lib/python3.8/site-packages/airflow/example_dags/example_latest_only_with_trigger.py
[2022-03-22 17:42:32,001] {processor.py:642} INFO - Processing file /Users/adebolafagbule/opt/anaconda3/envs/airflow_env/lib/python3.8/site-packages/airflow/example_dags/example_latest_only_with_trigger.py for tasks to queue
[2022-03-22 17:42:32,002] {logging_mixin.py:109} INFO - [2022-03-22 17:42:32,002] {dagbag.py:500} INFO - Filling up the DagBag from /Users/adebolafagbule/opt/anaconda3/envs/airflow_env/lib/python3.8/site-packages/airflow/example_dags/example_latest_only_with_trigger.py
[2022-03-22 17:42:32,082] {processor.py:654} INFO - DAG(s) dict_keys(['latest_only_with_trigger']) retrieved from /Users/adebolafagbule/opt/anaconda3/envs/airflow_env/lib/python3.8/site-packages/airflow/example_dags/example_latest_only_with_trigger.py
[2022-03-22 17:42:32,139] {logging_mixin.py:109} INFO - [2022-03-22 17:42:32,138] {dag.py:2398} INFO - Sync 1 DAGs
[2022-03-22 17:42:32,154] {logging_mixin.py:109} INFO - [2022-03-22 17:42:32,153] {dag.py:2937} INFO - Setting next_dagrun for latest_only_with_trigger to 2022-03-22T17:42:32.153557+00:00
[2022-03-22 17:42:32,162] {processor.py:171} INFO - Processing /Users/adebolafagbule/opt/anaconda3/envs/airflow_env/lib/python3.8/site-packages/airflow/example_dags/example_latest_only_with_trigger.py took 0.162 seconds
[2022-03-22 17:44:05,423] {processor.py:163} INFO - Started process (PID=64256) to work on /Users/adebolafagbule/opt/anaconda3/envs/airflow_env/lib/python3.8/site-packages/airflow/example_dags/example_latest_only_with_trigger.py
[2022-03-22 17:44:05,425] {processor.py:642} INFO - Processing file /Users/adebolafagbule/opt/anaconda3/envs/airflow_env/lib/python3.8/site-packages/airflow/example_dags/example_latest_only_with_trigger.py for tasks to queue
[2022-03-22 17:44:05,425] {logging_mixin.py:109} INFO - [2022-03-22 17:44:05,425] {dagbag.py:500} INFO - Filling up the DagBag from /Users/adebolafagbule/opt/anaconda3/envs/airflow_env/lib/python3.8/site-packages/airflow/example_dags/example_latest_only_with_trigger.py
[2022-03-22 17:44:05,468] {processor.py:654} INFO - DAG(s) dict_keys(['latest_only_with_trigger']) retrieved from /Users/adebolafagbule/opt/anaconda3/envs/airflow_env/lib/python3.8/site-packages/airflow/example_dags/example_latest_only_with_trigger.py
[2022-03-22 17:44:05,481] {logging_mixin.py:109} INFO - [2022-03-22 17:44:05,481] {dag.py:2398} INFO - Sync 1 DAGs
[2022-03-22 17:44:05,490] {logging_mixin.py:109} INFO - [2022-03-22 17:44:05,489] {dag.py:2937} INFO - Setting next_dagrun for latest_only_with_trigger to 2022-03-22T17:44:05.489803+00:00
[2022-03-22 17:44:05,497] {processor.py:171} INFO - Processing /Users/adebolafagbule/opt/anaconda3/envs/airflow_env/lib/python3.8/site-packages/airflow/example_dags/example_latest_only_with_trigger.py took 0.074 seconds
[2022-03-22 17:45:37,607] {processor.py:163} INFO - Started process (PID=64333) to work on /Users/adebolafagbule/opt/anaconda3/envs/airflow_env/lib/python3.8/site-packages/airflow/example_dags/example_latest_only_with_trigger.py
[2022-03-22 17:45:37,608] {processor.py:642} INFO - Processing file /Users/adebolafagbule/opt/anaconda3/envs/airflow_env/lib/python3.8/site-packages/airflow/example_dags/example_latest_only_with_trigger.py for tasks to queue
[2022-03-22 17:45:37,608] {logging_mixin.py:109} INFO - [2022-03-22 17:45:37,608] {dagbag.py:500} INFO - Filling up the DagBag from /Users/adebolafagbule/opt/anaconda3/envs/airflow_env/lib/python3.8/site-packages/airflow/example_dags/example_latest_only_with_trigger.py
[2022-03-22 17:45:37,641] {processor.py:654} INFO - DAG(s) dict_keys(['latest_only_with_trigger']) retrieved from /Users/adebolafagbule/opt/anaconda3/envs/airflow_env/lib/python3.8/site-packages/airflow/example_dags/example_latest_only_with_trigger.py
[2022-03-22 17:45:37,655] {logging_mixin.py:109} INFO - [2022-03-22 17:45:37,655] {dag.py:2398} INFO - Sync 1 DAGs
[2022-03-22 17:45:37,663] {logging_mixin.py:109} INFO - [2022-03-22 17:45:37,663] {dag.py:2937} INFO - Setting next_dagrun for latest_only_with_trigger to 2022-03-22T17:45:37.663546+00:00
[2022-03-22 17:45:37,669] {processor.py:171} INFO - Processing /Users/adebolafagbule/opt/anaconda3/envs/airflow_env/lib/python3.8/site-packages/airflow/example_dags/example_latest_only_with_trigger.py took 0.063 seconds
[2022-03-22 17:47:08,272] {processor.py:163} INFO - Started process (PID=64420) to work on /Users/adebolafagbule/opt/anaconda3/envs/airflow_env/lib/python3.8/site-packages/airflow/example_dags/example_latest_only_with_trigger.py
[2022-03-22 17:47:08,273] {processor.py:642} INFO - Processing file /Users/adebolafagbule/opt/anaconda3/envs/airflow_env/lib/python3.8/site-packages/airflow/example_dags/example_latest_only_with_trigger.py for tasks to queue
[2022-03-22 17:47:08,273] {logging_mixin.py:109} INFO - [2022-03-22 17:47:08,273] {dagbag.py:500} INFO - Filling up the DagBag from /Users/adebolafagbule/opt/anaconda3/envs/airflow_env/lib/python3.8/site-packages/airflow/example_dags/example_latest_only_with_trigger.py
[2022-03-22 17:47:08,309] {processor.py:654} INFO - DAG(s) dict_keys(['latest_only_with_trigger']) retrieved from /Users/adebolafagbule/opt/anaconda3/envs/airflow_env/lib/python3.8/site-packages/airflow/example_dags/example_latest_only_with_trigger.py
[2022-03-22 17:47:08,325] {logging_mixin.py:109} INFO - [2022-03-22 17:47:08,325] {dag.py:2398} INFO - Sync 1 DAGs
[2022-03-22 17:47:08,334] {logging_mixin.py:109} INFO - [2022-03-22 17:47:08,333] {dag.py:2937} INFO - Setting next_dagrun for latest_only_with_trigger to 2022-03-22T17:47:08.333789+00:00
[2022-03-22 17:47:08,341] {processor.py:171} INFO - Processing /Users/adebolafagbule/opt/anaconda3/envs/airflow_env/lib/python3.8/site-packages/airflow/example_dags/example_latest_only_with_trigger.py took 0.070 seconds
[2022-03-22 17:48:33,843] {processor.py:163} INFO - Started process (PID=64495) to work on /Users/adebolafagbule/opt/anaconda3/envs/airflow_env/lib/python3.8/site-packages/airflow/example_dags/example_latest_only_with_trigger.py
[2022-03-22 17:48:33,845] {processor.py:642} INFO - Processing file /Users/adebolafagbule/opt/anaconda3/envs/airflow_env/lib/python3.8/site-packages/airflow/example_dags/example_latest_only_with_trigger.py for tasks to queue
[2022-03-22 17:48:33,846] {logging_mixin.py:109} INFO - [2022-03-22 17:48:33,845] {dagbag.py:500} INFO - Filling up the DagBag from /Users/adebolafagbule/opt/anaconda3/envs/airflow_env/lib/python3.8/site-packages/airflow/example_dags/example_latest_only_with_trigger.py
[2022-03-22 17:48:33,889] {processor.py:654} INFO - DAG(s) dict_keys(['latest_only_with_trigger']) retrieved from /Users/adebolafagbule/opt/anaconda3/envs/airflow_env/lib/python3.8/site-packages/airflow/example_dags/example_latest_only_with_trigger.py
[2022-03-22 17:48:33,904] {logging_mixin.py:109} INFO - [2022-03-22 17:48:33,904] {dag.py:2398} INFO - Sync 1 DAGs
[2022-03-22 17:48:33,912] {logging_mixin.py:109} INFO - [2022-03-22 17:48:33,912] {dag.py:2937} INFO - Setting next_dagrun for latest_only_with_trigger to 2022-03-22T17:48:33.912605+00:00
[2022-03-22 17:48:33,920] {processor.py:171} INFO - Processing /Users/adebolafagbule/opt/anaconda3/envs/airflow_env/lib/python3.8/site-packages/airflow/example_dags/example_latest_only_with_trigger.py took 0.077 seconds
[2022-03-22 17:49:55,614] {processor.py:163} INFO - Started process (PID=64575) to work on /Users/adebolafagbule/opt/anaconda3/envs/airflow_env/lib/python3.8/site-packages/airflow/example_dags/example_latest_only_with_trigger.py
[2022-03-22 17:49:55,615] {processor.py:642} INFO - Processing file /Users/adebolafagbule/opt/anaconda3/envs/airflow_env/lib/python3.8/site-packages/airflow/example_dags/example_latest_only_with_trigger.py for tasks to queue
[2022-03-22 17:49:55,615] {logging_mixin.py:109} INFO - [2022-03-22 17:49:55,615] {dagbag.py:500} INFO - Filling up the DagBag from /Users/adebolafagbule/opt/anaconda3/envs/airflow_env/lib/python3.8/site-packages/airflow/example_dags/example_latest_only_with_trigger.py
[2022-03-22 17:49:55,709] {processor.py:654} INFO - DAG(s) dict_keys(['latest_only_with_trigger']) retrieved from /Users/adebolafagbule/opt/anaconda3/envs/airflow_env/lib/python3.8/site-packages/airflow/example_dags/example_latest_only_with_trigger.py
[2022-03-22 17:49:55,738] {logging_mixin.py:109} INFO - [2022-03-22 17:49:55,738] {dag.py:2398} INFO - Sync 1 DAGs
[2022-03-22 17:49:55,749] {logging_mixin.py:109} INFO - [2022-03-22 17:49:55,748] {dag.py:2937} INFO - Setting next_dagrun for latest_only_with_trigger to 2022-03-22T17:49:55.748587+00:00
[2022-03-22 17:49:55,756] {processor.py:171} INFO - Processing /Users/adebolafagbule/opt/anaconda3/envs/airflow_env/lib/python3.8/site-packages/airflow/example_dags/example_latest_only_with_trigger.py took 0.143 seconds
[2022-03-22 17:51:28,397] {processor.py:163} INFO - Started process (PID=64655) to work on /Users/adebolafagbule/opt/anaconda3/envs/airflow_env/lib/python3.8/site-packages/airflow/example_dags/example_latest_only_with_trigger.py
[2022-03-22 17:51:28,399] {processor.py:642} INFO - Processing file /Users/adebolafagbule/opt/anaconda3/envs/airflow_env/lib/python3.8/site-packages/airflow/example_dags/example_latest_only_with_trigger.py for tasks to queue
[2022-03-22 17:51:28,399] {logging_mixin.py:109} INFO - [2022-03-22 17:51:28,399] {dagbag.py:500} INFO - Filling up the DagBag from /Users/adebolafagbule/opt/anaconda3/envs/airflow_env/lib/python3.8/site-packages/airflow/example_dags/example_latest_only_with_trigger.py
[2022-03-22 17:51:28,434] {processor.py:654} INFO - DAG(s) dict_keys(['latest_only_with_trigger']) retrieved from /Users/adebolafagbule/opt/anaconda3/envs/airflow_env/lib/python3.8/site-packages/airflow/example_dags/example_latest_only_with_trigger.py
[2022-03-22 17:51:28,447] {logging_mixin.py:109} INFO - [2022-03-22 17:51:28,447] {dag.py:2398} INFO - Sync 1 DAGs
[2022-03-22 17:51:28,456] {logging_mixin.py:109} INFO - [2022-03-22 17:51:28,456] {dag.py:2937} INFO - Setting next_dagrun for latest_only_with_trigger to 2022-03-22T17:51:28.455918+00:00
[2022-03-22 17:51:28,462] {processor.py:171} INFO - Processing /Users/adebolafagbule/opt/anaconda3/envs/airflow_env/lib/python3.8/site-packages/airflow/example_dags/example_latest_only_with_trigger.py took 0.065 seconds
[2022-03-22 17:53:03,815] {processor.py:163} INFO - Started process (PID=64734) to work on /Users/adebolafagbule/opt/anaconda3/envs/airflow_env/lib/python3.8/site-packages/airflow/example_dags/example_latest_only_with_trigger.py
[2022-03-22 17:53:03,816] {processor.py:642} INFO - Processing file /Users/adebolafagbule/opt/anaconda3/envs/airflow_env/lib/python3.8/site-packages/airflow/example_dags/example_latest_only_with_trigger.py for tasks to queue
[2022-03-22 17:53:03,816] {logging_mixin.py:109} INFO - [2022-03-22 17:53:03,816] {dagbag.py:500} INFO - Filling up the DagBag from /Users/adebolafagbule/opt/anaconda3/envs/airflow_env/lib/python3.8/site-packages/airflow/example_dags/example_latest_only_with_trigger.py
[2022-03-22 17:53:03,849] {processor.py:654} INFO - DAG(s) dict_keys(['latest_only_with_trigger']) retrieved from /Users/adebolafagbule/opt/anaconda3/envs/airflow_env/lib/python3.8/site-packages/airflow/example_dags/example_latest_only_with_trigger.py
[2022-03-22 17:53:03,863] {logging_mixin.py:109} INFO - [2022-03-22 17:53:03,862] {dag.py:2398} INFO - Sync 1 DAGs
[2022-03-22 17:53:03,871] {logging_mixin.py:109} INFO - [2022-03-22 17:53:03,871] {dag.py:2937} INFO - Setting next_dagrun for latest_only_with_trigger to 2022-03-22T17:53:03.870998+00:00
[2022-03-22 17:53:03,876] {processor.py:171} INFO - Processing /Users/adebolafagbule/opt/anaconda3/envs/airflow_env/lib/python3.8/site-packages/airflow/example_dags/example_latest_only_with_trigger.py took 0.062 seconds
[2022-03-22 17:54:51,879] {processor.py:163} INFO - Started process (PID=64814) to work on /Users/adebolafagbule/opt/anaconda3/envs/airflow_env/lib/python3.8/site-packages/airflow/example_dags/example_latest_only_with_trigger.py
[2022-03-22 17:54:51,881] {processor.py:642} INFO - Processing file /Users/adebolafagbule/opt/anaconda3/envs/airflow_env/lib/python3.8/site-packages/airflow/example_dags/example_latest_only_with_trigger.py for tasks to queue
[2022-03-22 17:54:51,902] {logging_mixin.py:109} INFO - [2022-03-22 17:54:51,901] {dagbag.py:500} INFO - Filling up the DagBag from /Users/adebolafagbule/opt/anaconda3/envs/airflow_env/lib/python3.8/site-packages/airflow/example_dags/example_latest_only_with_trigger.py
[2022-03-22 17:54:51,967] {processor.py:654} INFO - DAG(s) dict_keys(['latest_only_with_trigger']) retrieved from /Users/adebolafagbule/opt/anaconda3/envs/airflow_env/lib/python3.8/site-packages/airflow/example_dags/example_latest_only_with_trigger.py
[2022-03-22 17:54:52,025] {logging_mixin.py:109} INFO - [2022-03-22 17:54:52,025] {dag.py:2398} INFO - Sync 1 DAGs
[2022-03-22 17:54:52,036] {logging_mixin.py:109} INFO - [2022-03-22 17:54:52,036] {dag.py:2937} INFO - Setting next_dagrun for latest_only_with_trigger to 2022-03-22T17:54:52.036454+00:00
[2022-03-22 17:54:52,046] {processor.py:171} INFO - Processing /Users/adebolafagbule/opt/anaconda3/envs/airflow_env/lib/python3.8/site-packages/airflow/example_dags/example_latest_only_with_trigger.py took 0.167 seconds
[2022-03-22 17:57:26,325] {processor.py:163} INFO - Started process (PID=64913) to work on /Users/adebolafagbule/opt/anaconda3/envs/airflow_env/lib/python3.8/site-packages/airflow/example_dags/example_latest_only_with_trigger.py
[2022-03-22 17:57:26,326] {processor.py:642} INFO - Processing file /Users/adebolafagbule/opt/anaconda3/envs/airflow_env/lib/python3.8/site-packages/airflow/example_dags/example_latest_only_with_trigger.py for tasks to queue
[2022-03-22 17:57:26,327] {logging_mixin.py:109} INFO - [2022-03-22 17:57:26,327] {dagbag.py:500} INFO - Filling up the DagBag from /Users/adebolafagbule/opt/anaconda3/envs/airflow_env/lib/python3.8/site-packages/airflow/example_dags/example_latest_only_with_trigger.py
[2022-03-22 17:57:26,413] {processor.py:654} INFO - DAG(s) dict_keys(['latest_only_with_trigger']) retrieved from /Users/adebolafagbule/opt/anaconda3/envs/airflow_env/lib/python3.8/site-packages/airflow/example_dags/example_latest_only_with_trigger.py
[2022-03-22 17:57:26,466] {logging_mixin.py:109} INFO - [2022-03-22 17:57:26,466] {dag.py:2398} INFO - Sync 1 DAGs
[2022-03-22 17:57:26,478] {logging_mixin.py:109} INFO - [2022-03-22 17:57:26,478] {dag.py:2937} INFO - Setting next_dagrun for latest_only_with_trigger to 2022-03-22T17:57:26.477788+00:00
[2022-03-22 17:57:26,491] {processor.py:171} INFO - Processing /Users/adebolafagbule/opt/anaconda3/envs/airflow_env/lib/python3.8/site-packages/airflow/example_dags/example_latest_only_with_trigger.py took 0.166 seconds
[2022-03-22 17:59:53,850] {processor.py:163} INFO - Started process (PID=65004) to work on /Users/adebolafagbule/opt/anaconda3/envs/airflow_env/lib/python3.8/site-packages/airflow/example_dags/example_latest_only_with_trigger.py
[2022-03-22 17:59:53,852] {processor.py:642} INFO - Processing file /Users/adebolafagbule/opt/anaconda3/envs/airflow_env/lib/python3.8/site-packages/airflow/example_dags/example_latest_only_with_trigger.py for tasks to queue
[2022-03-22 17:59:53,853] {logging_mixin.py:109} INFO - [2022-03-22 17:59:53,853] {dagbag.py:500} INFO - Filling up the DagBag from /Users/adebolafagbule/opt/anaconda3/envs/airflow_env/lib/python3.8/site-packages/airflow/example_dags/example_latest_only_with_trigger.py
[2022-03-22 17:59:53,896] {processor.py:654} INFO - DAG(s) dict_keys(['latest_only_with_trigger']) retrieved from /Users/adebolafagbule/opt/anaconda3/envs/airflow_env/lib/python3.8/site-packages/airflow/example_dags/example_latest_only_with_trigger.py
[2022-03-22 17:59:53,910] {logging_mixin.py:109} INFO - [2022-03-22 17:59:53,910] {dag.py:2398} INFO - Sync 1 DAGs
[2022-03-22 17:59:53,918] {logging_mixin.py:109} INFO - [2022-03-22 17:59:53,918] {dag.py:2937} INFO - Setting next_dagrun for latest_only_with_trigger to 2022-03-22T17:59:53.918478+00:00
[2022-03-22 17:59:53,924] {processor.py:171} INFO - Processing /Users/adebolafagbule/opt/anaconda3/envs/airflow_env/lib/python3.8/site-packages/airflow/example_dags/example_latest_only_with_trigger.py took 0.075 seconds
[2022-03-22 18:02:19,691] {processor.py:163} INFO - Started process (PID=65098) to work on /Users/adebolafagbule/opt/anaconda3/envs/airflow_env/lib/python3.8/site-packages/airflow/example_dags/example_latest_only_with_trigger.py
[2022-03-22 18:02:19,692] {processor.py:642} INFO - Processing file /Users/adebolafagbule/opt/anaconda3/envs/airflow_env/lib/python3.8/site-packages/airflow/example_dags/example_latest_only_with_trigger.py for tasks to queue
[2022-03-22 18:02:19,693] {logging_mixin.py:109} INFO - [2022-03-22 18:02:19,693] {dagbag.py:500} INFO - Filling up the DagBag from /Users/adebolafagbule/opt/anaconda3/envs/airflow_env/lib/python3.8/site-packages/airflow/example_dags/example_latest_only_with_trigger.py
[2022-03-22 18:02:19,742] {processor.py:654} INFO - DAG(s) dict_keys(['latest_only_with_trigger']) retrieved from /Users/adebolafagbule/opt/anaconda3/envs/airflow_env/lib/python3.8/site-packages/airflow/example_dags/example_latest_only_with_trigger.py
[2022-03-22 18:02:19,762] {logging_mixin.py:109} INFO - [2022-03-22 18:02:19,762] {dag.py:2398} INFO - Sync 1 DAGs
[2022-03-22 18:02:19,771] {logging_mixin.py:109} INFO - [2022-03-22 18:02:19,771] {dag.py:2937} INFO - Setting next_dagrun for latest_only_with_trigger to 2022-03-22T18:02:19.771157+00:00
[2022-03-22 18:02:19,781] {processor.py:171} INFO - Processing /Users/adebolafagbule/opt/anaconda3/envs/airflow_env/lib/python3.8/site-packages/airflow/example_dags/example_latest_only_with_trigger.py took 0.092 seconds
[2022-03-22 18:04:38,777] {processor.py:163} INFO - Started process (PID=65189) to work on /Users/adebolafagbule/opt/anaconda3/envs/airflow_env/lib/python3.8/site-packages/airflow/example_dags/example_latest_only_with_trigger.py
[2022-03-22 18:04:38,779] {processor.py:642} INFO - Processing file /Users/adebolafagbule/opt/anaconda3/envs/airflow_env/lib/python3.8/site-packages/airflow/example_dags/example_latest_only_with_trigger.py for tasks to queue
[2022-03-22 18:04:38,780] {logging_mixin.py:109} INFO - [2022-03-22 18:04:38,780] {dagbag.py:500} INFO - Filling up the DagBag from /Users/adebolafagbule/opt/anaconda3/envs/airflow_env/lib/python3.8/site-packages/airflow/example_dags/example_latest_only_with_trigger.py
[2022-03-22 18:04:38,820] {processor.py:654} INFO - DAG(s) dict_keys(['latest_only_with_trigger']) retrieved from /Users/adebolafagbule/opt/anaconda3/envs/airflow_env/lib/python3.8/site-packages/airflow/example_dags/example_latest_only_with_trigger.py
[2022-03-22 18:04:38,878] {logging_mixin.py:109} INFO - [2022-03-22 18:04:38,878] {dag.py:2398} INFO - Sync 1 DAGs
[2022-03-22 18:04:38,890] {logging_mixin.py:109} INFO - [2022-03-22 18:04:38,890] {dag.py:2937} INFO - Setting next_dagrun for latest_only_with_trigger to 2022-03-22T18:04:38.890564+00:00
[2022-03-22 18:04:38,899] {processor.py:171} INFO - Processing /Users/adebolafagbule/opt/anaconda3/envs/airflow_env/lib/python3.8/site-packages/airflow/example_dags/example_latest_only_with_trigger.py took 0.126 seconds
[2022-03-22 18:06:35,665] {processor.py:163} INFO - Started process (PID=65275) to work on /Users/adebolafagbule/opt/anaconda3/envs/airflow_env/lib/python3.8/site-packages/airflow/example_dags/example_latest_only_with_trigger.py
[2022-03-22 18:06:35,667] {processor.py:642} INFO - Processing file /Users/adebolafagbule/opt/anaconda3/envs/airflow_env/lib/python3.8/site-packages/airflow/example_dags/example_latest_only_with_trigger.py for tasks to queue
[2022-03-22 18:06:35,668] {logging_mixin.py:109} INFO - [2022-03-22 18:06:35,668] {dagbag.py:500} INFO - Filling up the DagBag from /Users/adebolafagbule/opt/anaconda3/envs/airflow_env/lib/python3.8/site-packages/airflow/example_dags/example_latest_only_with_trigger.py
[2022-03-22 18:06:35,712] {processor.py:654} INFO - DAG(s) dict_keys(['latest_only_with_trigger']) retrieved from /Users/adebolafagbule/opt/anaconda3/envs/airflow_env/lib/python3.8/site-packages/airflow/example_dags/example_latest_only_with_trigger.py
[2022-03-22 18:06:35,728] {logging_mixin.py:109} INFO - [2022-03-22 18:06:35,728] {dag.py:2398} INFO - Sync 1 DAGs
[2022-03-22 18:06:35,738] {logging_mixin.py:109} INFO - [2022-03-22 18:06:35,737] {dag.py:2937} INFO - Setting next_dagrun for latest_only_with_trigger to 2022-03-22T18:06:35.737839+00:00
[2022-03-22 18:06:35,745] {processor.py:171} INFO - Processing /Users/adebolafagbule/opt/anaconda3/envs/airflow_env/lib/python3.8/site-packages/airflow/example_dags/example_latest_only_with_trigger.py took 0.080 seconds
[2022-03-22 18:08:23,741] {processor.py:163} INFO - Started process (PID=65360) to work on /Users/adebolafagbule/opt/anaconda3/envs/airflow_env/lib/python3.8/site-packages/airflow/example_dags/example_latest_only_with_trigger.py
[2022-03-22 18:08:23,742] {processor.py:642} INFO - Processing file /Users/adebolafagbule/opt/anaconda3/envs/airflow_env/lib/python3.8/site-packages/airflow/example_dags/example_latest_only_with_trigger.py for tasks to queue
[2022-03-22 18:08:23,743] {logging_mixin.py:109} INFO - [2022-03-22 18:08:23,743] {dagbag.py:500} INFO - Filling up the DagBag from /Users/adebolafagbule/opt/anaconda3/envs/airflow_env/lib/python3.8/site-packages/airflow/example_dags/example_latest_only_with_trigger.py
[2022-03-22 18:08:23,777] {processor.py:654} INFO - DAG(s) dict_keys(['latest_only_with_trigger']) retrieved from /Users/adebolafagbule/opt/anaconda3/envs/airflow_env/lib/python3.8/site-packages/airflow/example_dags/example_latest_only_with_trigger.py
[2022-03-22 18:08:23,792] {logging_mixin.py:109} INFO - [2022-03-22 18:08:23,792] {dag.py:2398} INFO - Sync 1 DAGs
[2022-03-22 18:08:23,801] {logging_mixin.py:109} INFO - [2022-03-22 18:08:23,801] {dag.py:2937} INFO - Setting next_dagrun for latest_only_with_trigger to 2022-03-22T18:08:23.801610+00:00
[2022-03-22 18:08:23,809] {processor.py:171} INFO - Processing /Users/adebolafagbule/opt/anaconda3/envs/airflow_env/lib/python3.8/site-packages/airflow/example_dags/example_latest_only_with_trigger.py took 0.068 seconds
[2022-03-22 18:10:17,668] {processor.py:163} INFO - Started process (PID=65445) to work on /Users/adebolafagbule/opt/anaconda3/envs/airflow_env/lib/python3.8/site-packages/airflow/example_dags/example_latest_only_with_trigger.py
[2022-03-22 18:10:17,670] {processor.py:642} INFO - Processing file /Users/adebolafagbule/opt/anaconda3/envs/airflow_env/lib/python3.8/site-packages/airflow/example_dags/example_latest_only_with_trigger.py for tasks to queue
[2022-03-22 18:10:17,670] {logging_mixin.py:109} INFO - [2022-03-22 18:10:17,670] {dagbag.py:500} INFO - Filling up the DagBag from /Users/adebolafagbule/opt/anaconda3/envs/airflow_env/lib/python3.8/site-packages/airflow/example_dags/example_latest_only_with_trigger.py
[2022-03-22 18:10:17,712] {processor.py:654} INFO - DAG(s) dict_keys(['latest_only_with_trigger']) retrieved from /Users/adebolafagbule/opt/anaconda3/envs/airflow_env/lib/python3.8/site-packages/airflow/example_dags/example_latest_only_with_trigger.py
[2022-03-22 18:10:17,729] {logging_mixin.py:109} INFO - [2022-03-22 18:10:17,729] {dag.py:2398} INFO - Sync 1 DAGs
[2022-03-22 18:10:17,740] {logging_mixin.py:109} INFO - [2022-03-22 18:10:17,739] {dag.py:2937} INFO - Setting next_dagrun for latest_only_with_trigger to 2022-03-22T18:10:17.739626+00:00
[2022-03-22 18:10:17,759] {processor.py:171} INFO - Processing /Users/adebolafagbule/opt/anaconda3/envs/airflow_env/lib/python3.8/site-packages/airflow/example_dags/example_latest_only_with_trigger.py took 0.093 seconds
[2022-03-22 18:12:09,061] {processor.py:163} INFO - Started process (PID=65532) to work on /Users/adebolafagbule/opt/anaconda3/envs/airflow_env/lib/python3.8/site-packages/airflow/example_dags/example_latest_only_with_trigger.py
[2022-03-22 18:12:09,063] {processor.py:642} INFO - Processing file /Users/adebolafagbule/opt/anaconda3/envs/airflow_env/lib/python3.8/site-packages/airflow/example_dags/example_latest_only_with_trigger.py for tasks to queue
[2022-03-22 18:12:09,063] {logging_mixin.py:109} INFO - [2022-03-22 18:12:09,063] {dagbag.py:500} INFO - Filling up the DagBag from /Users/adebolafagbule/opt/anaconda3/envs/airflow_env/lib/python3.8/site-packages/airflow/example_dags/example_latest_only_with_trigger.py
[2022-03-22 18:12:09,099] {processor.py:654} INFO - DAG(s) dict_keys(['latest_only_with_trigger']) retrieved from /Users/adebolafagbule/opt/anaconda3/envs/airflow_env/lib/python3.8/site-packages/airflow/example_dags/example_latest_only_with_trigger.py
[2022-03-22 18:12:09,115] {logging_mixin.py:109} INFO - [2022-03-22 18:12:09,115] {dag.py:2398} INFO - Sync 1 DAGs
[2022-03-22 18:12:09,124] {logging_mixin.py:109} INFO - [2022-03-22 18:12:09,124] {dag.py:2937} INFO - Setting next_dagrun for latest_only_with_trigger to 2022-03-22T18:12:09.124453+00:00
[2022-03-22 18:12:09,131] {processor.py:171} INFO - Processing /Users/adebolafagbule/opt/anaconda3/envs/airflow_env/lib/python3.8/site-packages/airflow/example_dags/example_latest_only_with_trigger.py took 0.070 seconds
[2022-03-22 18:13:54,917] {processor.py:163} INFO - Started process (PID=65614) to work on /Users/adebolafagbule/opt/anaconda3/envs/airflow_env/lib/python3.8/site-packages/airflow/example_dags/example_latest_only_with_trigger.py
[2022-03-22 18:13:54,918] {processor.py:642} INFO - Processing file /Users/adebolafagbule/opt/anaconda3/envs/airflow_env/lib/python3.8/site-packages/airflow/example_dags/example_latest_only_with_trigger.py for tasks to queue
[2022-03-22 18:13:54,918] {logging_mixin.py:109} INFO - [2022-03-22 18:13:54,918] {dagbag.py:500} INFO - Filling up the DagBag from /Users/adebolafagbule/opt/anaconda3/envs/airflow_env/lib/python3.8/site-packages/airflow/example_dags/example_latest_only_with_trigger.py
[2022-03-22 18:13:54,969] {processor.py:654} INFO - DAG(s) dict_keys(['latest_only_with_trigger']) retrieved from /Users/adebolafagbule/opt/anaconda3/envs/airflow_env/lib/python3.8/site-packages/airflow/example_dags/example_latest_only_with_trigger.py
[2022-03-22 18:13:54,990] {logging_mixin.py:109} INFO - [2022-03-22 18:13:54,990] {dag.py:2398} INFO - Sync 1 DAGs
[2022-03-22 18:13:54,999] {logging_mixin.py:109} INFO - [2022-03-22 18:13:54,999] {dag.py:2937} INFO - Setting next_dagrun for latest_only_with_trigger to 2022-03-22T18:13:54.999420+00:00
[2022-03-22 18:13:55,006] {processor.py:171} INFO - Processing /Users/adebolafagbule/opt/anaconda3/envs/airflow_env/lib/python3.8/site-packages/airflow/example_dags/example_latest_only_with_trigger.py took 0.092 seconds
[2022-03-22 18:16:01,061] {processor.py:163} INFO - Started process (PID=65714) to work on /Users/adebolafagbule/opt/anaconda3/envs/airflow_env/lib/python3.8/site-packages/airflow/example_dags/example_latest_only_with_trigger.py
[2022-03-22 18:16:01,063] {processor.py:642} INFO - Processing file /Users/adebolafagbule/opt/anaconda3/envs/airflow_env/lib/python3.8/site-packages/airflow/example_dags/example_latest_only_with_trigger.py for tasks to queue
[2022-03-22 18:16:01,064] {logging_mixin.py:109} INFO - [2022-03-22 18:16:01,063] {dagbag.py:500} INFO - Filling up the DagBag from /Users/adebolafagbule/opt/anaconda3/envs/airflow_env/lib/python3.8/site-packages/airflow/example_dags/example_latest_only_with_trigger.py
[2022-03-22 18:16:01,102] {processor.py:654} INFO - DAG(s) dict_keys(['latest_only_with_trigger']) retrieved from /Users/adebolafagbule/opt/anaconda3/envs/airflow_env/lib/python3.8/site-packages/airflow/example_dags/example_latest_only_with_trigger.py
[2022-03-22 18:16:01,118] {logging_mixin.py:109} INFO - [2022-03-22 18:16:01,118] {dag.py:2398} INFO - Sync 1 DAGs
[2022-03-22 18:16:01,127] {logging_mixin.py:109} INFO - [2022-03-22 18:16:01,127] {dag.py:2937} INFO - Setting next_dagrun for latest_only_with_trigger to 2022-03-22T18:16:01.127743+00:00
[2022-03-22 18:16:01,137] {processor.py:171} INFO - Processing /Users/adebolafagbule/opt/anaconda3/envs/airflow_env/lib/python3.8/site-packages/airflow/example_dags/example_latest_only_with_trigger.py took 0.076 seconds
[2022-03-22 18:17:44,615] {processor.py:163} INFO - Started process (PID=65795) to work on /Users/adebolafagbule/opt/anaconda3/envs/airflow_env/lib/python3.8/site-packages/airflow/example_dags/example_latest_only_with_trigger.py
[2022-03-22 18:17:44,619] {processor.py:642} INFO - Processing file /Users/adebolafagbule/opt/anaconda3/envs/airflow_env/lib/python3.8/site-packages/airflow/example_dags/example_latest_only_with_trigger.py for tasks to queue
[2022-03-22 18:17:44,624] {logging_mixin.py:109} INFO - [2022-03-22 18:17:44,624] {dagbag.py:500} INFO - Filling up the DagBag from /Users/adebolafagbule/opt/anaconda3/envs/airflow_env/lib/python3.8/site-packages/airflow/example_dags/example_latest_only_with_trigger.py
[2022-03-22 18:17:44,697] {processor.py:654} INFO - DAG(s) dict_keys(['latest_only_with_trigger']) retrieved from /Users/adebolafagbule/opt/anaconda3/envs/airflow_env/lib/python3.8/site-packages/airflow/example_dags/example_latest_only_with_trigger.py
[2022-03-22 18:17:44,747] {logging_mixin.py:109} INFO - [2022-03-22 18:17:44,747] {dag.py:2398} INFO - Sync 1 DAGs
[2022-03-22 18:17:44,758] {logging_mixin.py:109} INFO - [2022-03-22 18:17:44,758] {dag.py:2937} INFO - Setting next_dagrun for latest_only_with_trigger to 2022-03-22T18:17:44.757775+00:00
[2022-03-22 18:17:44,765] {processor.py:171} INFO - Processing /Users/adebolafagbule/opt/anaconda3/envs/airflow_env/lib/python3.8/site-packages/airflow/example_dags/example_latest_only_with_trigger.py took 0.153 seconds
[2022-03-22 18:19:22,252] {processor.py:163} INFO - Started process (PID=65874) to work on /Users/adebolafagbule/opt/anaconda3/envs/airflow_env/lib/python3.8/site-packages/airflow/example_dags/example_latest_only_with_trigger.py
[2022-03-22 18:19:22,254] {processor.py:642} INFO - Processing file /Users/adebolafagbule/opt/anaconda3/envs/airflow_env/lib/python3.8/site-packages/airflow/example_dags/example_latest_only_with_trigger.py for tasks to queue
[2022-03-22 18:19:22,254] {logging_mixin.py:109} INFO - [2022-03-22 18:19:22,254] {dagbag.py:500} INFO - Filling up the DagBag from /Users/adebolafagbule/opt/anaconda3/envs/airflow_env/lib/python3.8/site-packages/airflow/example_dags/example_latest_only_with_trigger.py
[2022-03-22 18:19:22,291] {processor.py:654} INFO - DAG(s) dict_keys(['latest_only_with_trigger']) retrieved from /Users/adebolafagbule/opt/anaconda3/envs/airflow_env/lib/python3.8/site-packages/airflow/example_dags/example_latest_only_with_trigger.py
[2022-03-22 18:19:22,309] {logging_mixin.py:109} INFO - [2022-03-22 18:19:22,309] {dag.py:2398} INFO - Sync 1 DAGs
[2022-03-22 18:19:22,318] {logging_mixin.py:109} INFO - [2022-03-22 18:19:22,318] {dag.py:2937} INFO - Setting next_dagrun for latest_only_with_trigger to 2022-03-22T18:19:22.318364+00:00
[2022-03-22 18:19:22,324] {processor.py:171} INFO - Processing /Users/adebolafagbule/opt/anaconda3/envs/airflow_env/lib/python3.8/site-packages/airflow/example_dags/example_latest_only_with_trigger.py took 0.072 seconds
[2022-03-22 18:20:58,011] {processor.py:163} INFO - Started process (PID=65954) to work on /Users/adebolafagbule/opt/anaconda3/envs/airflow_env/lib/python3.8/site-packages/airflow/example_dags/example_latest_only_with_trigger.py
[2022-03-22 18:20:58,013] {processor.py:642} INFO - Processing file /Users/adebolafagbule/opt/anaconda3/envs/airflow_env/lib/python3.8/site-packages/airflow/example_dags/example_latest_only_with_trigger.py for tasks to queue
[2022-03-22 18:20:58,013] {logging_mixin.py:109} INFO - [2022-03-22 18:20:58,013] {dagbag.py:500} INFO - Filling up the DagBag from /Users/adebolafagbule/opt/anaconda3/envs/airflow_env/lib/python3.8/site-packages/airflow/example_dags/example_latest_only_with_trigger.py
[2022-03-22 18:20:58,048] {processor.py:654} INFO - DAG(s) dict_keys(['latest_only_with_trigger']) retrieved from /Users/adebolafagbule/opt/anaconda3/envs/airflow_env/lib/python3.8/site-packages/airflow/example_dags/example_latest_only_with_trigger.py
[2022-03-22 18:20:58,062] {logging_mixin.py:109} INFO - [2022-03-22 18:20:58,062] {dag.py:2398} INFO - Sync 1 DAGs
[2022-03-22 18:20:58,071] {logging_mixin.py:109} INFO - [2022-03-22 18:20:58,071] {dag.py:2937} INFO - Setting next_dagrun for latest_only_with_trigger to 2022-03-22T18:20:58.071008+00:00
[2022-03-22 18:20:58,078] {processor.py:171} INFO - Processing /Users/adebolafagbule/opt/anaconda3/envs/airflow_env/lib/python3.8/site-packages/airflow/example_dags/example_latest_only_with_trigger.py took 0.068 seconds
[2022-03-22 18:22:24,456] {processor.py:163} INFO - Started process (PID=66031) to work on /Users/adebolafagbule/opt/anaconda3/envs/airflow_env/lib/python3.8/site-packages/airflow/example_dags/example_latest_only_with_trigger.py
[2022-03-22 18:22:24,458] {processor.py:642} INFO - Processing file /Users/adebolafagbule/opt/anaconda3/envs/airflow_env/lib/python3.8/site-packages/airflow/example_dags/example_latest_only_with_trigger.py for tasks to queue
[2022-03-22 18:22:24,459] {logging_mixin.py:109} INFO - [2022-03-22 18:22:24,459] {dagbag.py:500} INFO - Filling up the DagBag from /Users/adebolafagbule/opt/anaconda3/envs/airflow_env/lib/python3.8/site-packages/airflow/example_dags/example_latest_only_with_trigger.py
[2022-03-22 18:22:24,503] {processor.py:654} INFO - DAG(s) dict_keys(['latest_only_with_trigger']) retrieved from /Users/adebolafagbule/opt/anaconda3/envs/airflow_env/lib/python3.8/site-packages/airflow/example_dags/example_latest_only_with_trigger.py
[2022-03-22 18:22:24,517] {logging_mixin.py:109} INFO - [2022-03-22 18:22:24,517] {dag.py:2398} INFO - Sync 1 DAGs
[2022-03-22 18:22:24,526] {logging_mixin.py:109} INFO - [2022-03-22 18:22:24,526] {dag.py:2937} INFO - Setting next_dagrun for latest_only_with_trigger to 2022-03-22T18:22:24.526225+00:00
[2022-03-22 18:22:24,533] {processor.py:171} INFO - Processing /Users/adebolafagbule/opt/anaconda3/envs/airflow_env/lib/python3.8/site-packages/airflow/example_dags/example_latest_only_with_trigger.py took 0.077 seconds
[2022-03-22 18:23:53,076] {processor.py:163} INFO - Started process (PID=66109) to work on /Users/adebolafagbule/opt/anaconda3/envs/airflow_env/lib/python3.8/site-packages/airflow/example_dags/example_latest_only_with_trigger.py
[2022-03-22 18:23:53,078] {processor.py:642} INFO - Processing file /Users/adebolafagbule/opt/anaconda3/envs/airflow_env/lib/python3.8/site-packages/airflow/example_dags/example_latest_only_with_trigger.py for tasks to queue
[2022-03-22 18:23:53,078] {logging_mixin.py:109} INFO - [2022-03-22 18:23:53,078] {dagbag.py:500} INFO - Filling up the DagBag from /Users/adebolafagbule/opt/anaconda3/envs/airflow_env/lib/python3.8/site-packages/airflow/example_dags/example_latest_only_with_trigger.py
[2022-03-22 18:23:53,110] {processor.py:654} INFO - DAG(s) dict_keys(['latest_only_with_trigger']) retrieved from /Users/adebolafagbule/opt/anaconda3/envs/airflow_env/lib/python3.8/site-packages/airflow/example_dags/example_latest_only_with_trigger.py
[2022-03-22 18:23:53,125] {logging_mixin.py:109} INFO - [2022-03-22 18:23:53,125] {dag.py:2398} INFO - Sync 1 DAGs
[2022-03-22 18:23:53,134] {logging_mixin.py:109} INFO - [2022-03-22 18:23:53,134] {dag.py:2937} INFO - Setting next_dagrun for latest_only_with_trigger to 2022-03-22T18:23:53.133909+00:00
[2022-03-22 18:23:53,141] {processor.py:171} INFO - Processing /Users/adebolafagbule/opt/anaconda3/envs/airflow_env/lib/python3.8/site-packages/airflow/example_dags/example_latest_only_with_trigger.py took 0.065 seconds
[2022-03-22 18:25:23,796] {processor.py:163} INFO - Started process (PID=66186) to work on /Users/adebolafagbule/opt/anaconda3/envs/airflow_env/lib/python3.8/site-packages/airflow/example_dags/example_latest_only_with_trigger.py
[2022-03-22 18:25:23,797] {processor.py:642} INFO - Processing file /Users/adebolafagbule/opt/anaconda3/envs/airflow_env/lib/python3.8/site-packages/airflow/example_dags/example_latest_only_with_trigger.py for tasks to queue
[2022-03-22 18:25:23,798] {logging_mixin.py:109} INFO - [2022-03-22 18:25:23,798] {dagbag.py:500} INFO - Filling up the DagBag from /Users/adebolafagbule/opt/anaconda3/envs/airflow_env/lib/python3.8/site-packages/airflow/example_dags/example_latest_only_with_trigger.py
[2022-03-22 18:25:23,831] {processor.py:654} INFO - DAG(s) dict_keys(['latest_only_with_trigger']) retrieved from /Users/adebolafagbule/opt/anaconda3/envs/airflow_env/lib/python3.8/site-packages/airflow/example_dags/example_latest_only_with_trigger.py
[2022-03-22 18:25:23,845] {logging_mixin.py:109} INFO - [2022-03-22 18:25:23,845] {dag.py:2398} INFO - Sync 1 DAGs
[2022-03-22 18:25:23,854] {logging_mixin.py:109} INFO - [2022-03-22 18:25:23,853] {dag.py:2937} INFO - Setting next_dagrun for latest_only_with_trigger to 2022-03-22T18:25:23.853836+00:00
[2022-03-22 18:25:23,861] {processor.py:171} INFO - Processing /Users/adebolafagbule/opt/anaconda3/envs/airflow_env/lib/python3.8/site-packages/airflow/example_dags/example_latest_only_with_trigger.py took 0.066 seconds
[2022-03-22 18:27:07,166] {processor.py:163} INFO - Started process (PID=66271) to work on /Users/adebolafagbule/opt/anaconda3/envs/airflow_env/lib/python3.8/site-packages/airflow/example_dags/example_latest_only_with_trigger.py
[2022-03-22 18:27:07,168] {processor.py:642} INFO - Processing file /Users/adebolafagbule/opt/anaconda3/envs/airflow_env/lib/python3.8/site-packages/airflow/example_dags/example_latest_only_with_trigger.py for tasks to queue
[2022-03-22 18:27:07,168] {logging_mixin.py:109} INFO - [2022-03-22 18:27:07,168] {dagbag.py:500} INFO - Filling up the DagBag from /Users/adebolafagbule/opt/anaconda3/envs/airflow_env/lib/python3.8/site-packages/airflow/example_dags/example_latest_only_with_trigger.py
[2022-03-22 18:27:07,212] {processor.py:654} INFO - DAG(s) dict_keys(['latest_only_with_trigger']) retrieved from /Users/adebolafagbule/opt/anaconda3/envs/airflow_env/lib/python3.8/site-packages/airflow/example_dags/example_latest_only_with_trigger.py
[2022-03-22 18:27:07,226] {logging_mixin.py:109} INFO - [2022-03-22 18:27:07,226] {dag.py:2398} INFO - Sync 1 DAGs
[2022-03-22 18:27:07,235] {logging_mixin.py:109} INFO - [2022-03-22 18:27:07,235] {dag.py:2937} INFO - Setting next_dagrun for latest_only_with_trigger to 2022-03-22T18:27:07.235053+00:00
[2022-03-22 18:27:07,242] {processor.py:171} INFO - Processing /Users/adebolafagbule/opt/anaconda3/envs/airflow_env/lib/python3.8/site-packages/airflow/example_dags/example_latest_only_with_trigger.py took 0.076 seconds
[2022-03-22 19:21:30,436] {processor.py:163} INFO - Started process (PID=66360) to work on /Users/adebolafagbule/opt/anaconda3/envs/airflow_env/lib/python3.8/site-packages/airflow/example_dags/example_latest_only_with_trigger.py
[2022-03-22 19:21:30,438] {processor.py:642} INFO - Processing file /Users/adebolafagbule/opt/anaconda3/envs/airflow_env/lib/python3.8/site-packages/airflow/example_dags/example_latest_only_with_trigger.py for tasks to queue
[2022-03-22 19:21:30,438] {logging_mixin.py:109} INFO - [2022-03-22 19:21:30,438] {dagbag.py:500} INFO - Filling up the DagBag from /Users/adebolafagbule/opt/anaconda3/envs/airflow_env/lib/python3.8/site-packages/airflow/example_dags/example_latest_only_with_trigger.py
[2022-03-22 19:21:30,467] {processor.py:654} INFO - DAG(s) dict_keys(['latest_only_with_trigger']) retrieved from /Users/adebolafagbule/opt/anaconda3/envs/airflow_env/lib/python3.8/site-packages/airflow/example_dags/example_latest_only_with_trigger.py
[2022-03-22 19:21:30,480] {logging_mixin.py:109} INFO - [2022-03-22 19:21:30,479] {dag.py:2398} INFO - Sync 1 DAGs
[2022-03-22 19:21:30,487] {logging_mixin.py:109} INFO - [2022-03-22 19:21:30,487] {dag.py:2937} INFO - Setting next_dagrun for latest_only_with_trigger to 2022-03-22T19:21:30.487273+00:00
[2022-03-22 19:21:30,493] {processor.py:171} INFO - Processing /Users/adebolafagbule/opt/anaconda3/envs/airflow_env/lib/python3.8/site-packages/airflow/example_dags/example_latest_only_with_trigger.py took 0.057 seconds
