[2022-03-22 00:35:03,714] {processor.py:163} INFO - Started process (PID=61250) to work on /Users/adebolafagbule/opt/anaconda3/envs/airflow_env/lib/python3.8/site-packages/airflow/example_dags/example_external_task_marker_dag.py
[2022-03-22 00:35:03,715] {processor.py:642} INFO - Processing file /Users/adebolafagbule/opt/anaconda3/envs/airflow_env/lib/python3.8/site-packages/airflow/example_dags/example_external_task_marker_dag.py for tasks to queue
[2022-03-22 00:35:03,716] {logging_mixin.py:109} INFO - [2022-03-22 00:35:03,715] {dagbag.py:500} INFO - Filling up the DagBag from /Users/adebolafagbule/opt/anaconda3/envs/airflow_env/lib/python3.8/site-packages/airflow/example_dags/example_external_task_marker_dag.py
[2022-03-22 00:35:03,785] {processor.py:654} INFO - DAG(s) dict_keys(['example_external_task_marker_parent', 'example_external_task_marker_child']) retrieved from /Users/adebolafagbule/opt/anaconda3/envs/airflow_env/lib/python3.8/site-packages/airflow/example_dags/example_external_task_marker_dag.py
[2022-03-22 00:35:03,821] {logging_mixin.py:109} INFO - [2022-03-22 00:35:03,821] {dag.py:2398} INFO - Sync 2 DAGs
[2022-03-22 00:35:03,841] {logging_mixin.py:109} INFO - [2022-03-22 00:35:03,841] {dag.py:2937} INFO - Setting next_dagrun for example_external_task_marker_child to None
[2022-03-22 00:35:03,841] {logging_mixin.py:109} INFO - [2022-03-22 00:35:03,841] {dag.py:2937} INFO - Setting next_dagrun for example_external_task_marker_parent to None
[2022-03-22 00:35:03,854] {processor.py:171} INFO - Processing /Users/adebolafagbule/opt/anaconda3/envs/airflow_env/lib/python3.8/site-packages/airflow/example_dags/example_external_task_marker_dag.py took 0.141 seconds
[2022-03-22 05:51:49,512] {processor.py:163} INFO - Started process (PID=61435) to work on /Users/adebolafagbule/opt/anaconda3/envs/airflow_env/lib/python3.8/site-packages/airflow/example_dags/example_external_task_marker_dag.py
[2022-03-22 05:51:49,512] {processor.py:642} INFO - Processing file /Users/adebolafagbule/opt/anaconda3/envs/airflow_env/lib/python3.8/site-packages/airflow/example_dags/example_external_task_marker_dag.py for tasks to queue
[2022-03-22 05:51:49,513] {logging_mixin.py:109} INFO - [2022-03-22 05:51:49,513] {dagbag.py:500} INFO - Filling up the DagBag from /Users/adebolafagbule/opt/anaconda3/envs/airflow_env/lib/python3.8/site-packages/airflow/example_dags/example_external_task_marker_dag.py
[2022-03-22 05:51:50,227] {processor.py:654} INFO - DAG(s) dict_keys(['example_external_task_marker_parent', 'example_external_task_marker_child']) retrieved from /Users/adebolafagbule/opt/anaconda3/envs/airflow_env/lib/python3.8/site-packages/airflow/example_dags/example_external_task_marker_dag.py
[2022-03-22 05:51:50,281] {logging_mixin.py:109} INFO - [2022-03-22 05:51:50,281] {dag.py:2398} INFO - Sync 2 DAGs
[2022-03-22 05:51:50,294] {logging_mixin.py:109} INFO - [2022-03-22 05:51:50,294] {dag.py:2937} INFO - Setting next_dagrun for example_external_task_marker_child to None
[2022-03-22 05:51:50,294] {logging_mixin.py:109} INFO - [2022-03-22 05:51:50,294] {dag.py:2937} INFO - Setting next_dagrun for example_external_task_marker_parent to None
[2022-03-22 05:51:50,302] {processor.py:171} INFO - Processing /Users/adebolafagbule/opt/anaconda3/envs/airflow_env/lib/python3.8/site-packages/airflow/example_dags/example_external_task_marker_dag.py took 0.789 seconds
[2022-03-22 08:28:15,466] {processor.py:163} INFO - Started process (PID=61647) to work on /Users/adebolafagbule/opt/anaconda3/envs/airflow_env/lib/python3.8/site-packages/airflow/example_dags/example_external_task_marker_dag.py
[2022-03-22 08:28:15,467] {processor.py:642} INFO - Processing file /Users/adebolafagbule/opt/anaconda3/envs/airflow_env/lib/python3.8/site-packages/airflow/example_dags/example_external_task_marker_dag.py for tasks to queue
[2022-03-22 08:28:15,467] {logging_mixin.py:109} INFO - [2022-03-22 08:28:15,467] {dagbag.py:500} INFO - Filling up the DagBag from /Users/adebolafagbule/opt/anaconda3/envs/airflow_env/lib/python3.8/site-packages/airflow/example_dags/example_external_task_marker_dag.py
[2022-03-22 08:28:15,497] {processor.py:654} INFO - DAG(s) dict_keys(['example_external_task_marker_parent', 'example_external_task_marker_child']) retrieved from /Users/adebolafagbule/opt/anaconda3/envs/airflow_env/lib/python3.8/site-packages/airflow/example_dags/example_external_task_marker_dag.py
[2022-03-22 08:28:15,511] {logging_mixin.py:109} INFO - [2022-03-22 08:28:15,511] {dag.py:2398} INFO - Sync 2 DAGs
[2022-03-22 08:28:15,519] {logging_mixin.py:109} INFO - [2022-03-22 08:28:15,519] {dag.py:2937} INFO - Setting next_dagrun for example_external_task_marker_child to None
[2022-03-22 08:28:15,519] {logging_mixin.py:109} INFO - [2022-03-22 08:28:15,519] {dag.py:2937} INFO - Setting next_dagrun for example_external_task_marker_parent to None
[2022-03-22 08:28:15,526] {processor.py:171} INFO - Processing /Users/adebolafagbule/opt/anaconda3/envs/airflow_env/lib/python3.8/site-packages/airflow/example_dags/example_external_task_marker_dag.py took 0.060 seconds
[2022-03-22 09:15:46,003] {processor.py:163} INFO - Started process (PID=61788) to work on /Users/adebolafagbule/opt/anaconda3/envs/airflow_env/lib/python3.8/site-packages/airflow/example_dags/example_external_task_marker_dag.py
[2022-03-22 09:15:46,005] {processor.py:642} INFO - Processing file /Users/adebolafagbule/opt/anaconda3/envs/airflow_env/lib/python3.8/site-packages/airflow/example_dags/example_external_task_marker_dag.py for tasks to queue
[2022-03-22 09:15:46,005] {logging_mixin.py:109} INFO - [2022-03-22 09:15:46,005] {dagbag.py:500} INFO - Filling up the DagBag from /Users/adebolafagbule/opt/anaconda3/envs/airflow_env/lib/python3.8/site-packages/airflow/example_dags/example_external_task_marker_dag.py
[2022-03-22 09:15:46,034] {processor.py:654} INFO - DAG(s) dict_keys(['example_external_task_marker_parent', 'example_external_task_marker_child']) retrieved from /Users/adebolafagbule/opt/anaconda3/envs/airflow_env/lib/python3.8/site-packages/airflow/example_dags/example_external_task_marker_dag.py
[2022-03-22 09:15:46,049] {logging_mixin.py:109} INFO - [2022-03-22 09:15:46,049] {dag.py:2398} INFO - Sync 2 DAGs
[2022-03-22 09:15:46,057] {logging_mixin.py:109} INFO - [2022-03-22 09:15:46,057] {dag.py:2937} INFO - Setting next_dagrun for example_external_task_marker_child to None
[2022-03-22 09:15:46,057] {logging_mixin.py:109} INFO - [2022-03-22 09:15:46,057] {dag.py:2937} INFO - Setting next_dagrun for example_external_task_marker_parent to None
[2022-03-22 09:15:46,066] {processor.py:171} INFO - Processing /Users/adebolafagbule/opt/anaconda3/envs/airflow_env/lib/python3.8/site-packages/airflow/example_dags/example_external_task_marker_dag.py took 0.063 seconds
[2022-03-22 09:52:45,245] {processor.py:163} INFO - Started process (PID=61955) to work on /Users/adebolafagbule/opt/anaconda3/envs/airflow_env/lib/python3.8/site-packages/airflow/example_dags/example_external_task_marker_dag.py
[2022-03-22 09:52:45,246] {processor.py:642} INFO - Processing file /Users/adebolafagbule/opt/anaconda3/envs/airflow_env/lib/python3.8/site-packages/airflow/example_dags/example_external_task_marker_dag.py for tasks to queue
[2022-03-22 09:52:45,247] {logging_mixin.py:109} INFO - [2022-03-22 09:52:45,247] {dagbag.py:500} INFO - Filling up the DagBag from /Users/adebolafagbule/opt/anaconda3/envs/airflow_env/lib/python3.8/site-packages/airflow/example_dags/example_external_task_marker_dag.py
[2022-03-22 09:52:45,322] {processor.py:654} INFO - DAG(s) dict_keys(['example_external_task_marker_parent', 'example_external_task_marker_child']) retrieved from /Users/adebolafagbule/opt/anaconda3/envs/airflow_env/lib/python3.8/site-packages/airflow/example_dags/example_external_task_marker_dag.py
[2022-03-22 09:52:45,363] {logging_mixin.py:109} INFO - [2022-03-22 09:52:45,362] {dag.py:2398} INFO - Sync 2 DAGs
[2022-03-22 09:52:45,384] {logging_mixin.py:109} INFO - [2022-03-22 09:52:45,384] {dag.py:2937} INFO - Setting next_dagrun for example_external_task_marker_child to None
[2022-03-22 09:52:45,385] {logging_mixin.py:109} INFO - [2022-03-22 09:52:45,385] {dag.py:2937} INFO - Setting next_dagrun for example_external_task_marker_parent to None
[2022-03-22 09:52:45,399] {processor.py:171} INFO - Processing /Users/adebolafagbule/opt/anaconda3/envs/airflow_env/lib/python3.8/site-packages/airflow/example_dags/example_external_task_marker_dag.py took 0.156 seconds
[2022-03-22 10:44:13,757] {processor.py:163} INFO - Started process (PID=62102) to work on /Users/adebolafagbule/opt/anaconda3/envs/airflow_env/lib/python3.8/site-packages/airflow/example_dags/example_external_task_marker_dag.py
[2022-03-22 10:44:13,758] {processor.py:642} INFO - Processing file /Users/adebolafagbule/opt/anaconda3/envs/airflow_env/lib/python3.8/site-packages/airflow/example_dags/example_external_task_marker_dag.py for tasks to queue
[2022-03-22 10:44:13,759] {logging_mixin.py:109} INFO - [2022-03-22 10:44:13,759] {dagbag.py:500} INFO - Filling up the DagBag from /Users/adebolafagbule/opt/anaconda3/envs/airflow_env/lib/python3.8/site-packages/airflow/example_dags/example_external_task_marker_dag.py
[2022-03-22 10:44:13,831] {processor.py:654} INFO - DAG(s) dict_keys(['example_external_task_marker_parent', 'example_external_task_marker_child']) retrieved from /Users/adebolafagbule/opt/anaconda3/envs/airflow_env/lib/python3.8/site-packages/airflow/example_dags/example_external_task_marker_dag.py
[2022-03-22 10:44:13,867] {logging_mixin.py:109} INFO - [2022-03-22 10:44:13,867] {dag.py:2398} INFO - Sync 2 DAGs
[2022-03-22 10:44:13,886] {logging_mixin.py:109} INFO - [2022-03-22 10:44:13,886] {dag.py:2937} INFO - Setting next_dagrun for example_external_task_marker_child to None
[2022-03-22 10:44:13,887] {logging_mixin.py:109} INFO - [2022-03-22 10:44:13,887] {dag.py:2937} INFO - Setting next_dagrun for example_external_task_marker_parent to None
[2022-03-22 10:44:13,900] {processor.py:171} INFO - Processing /Users/adebolafagbule/opt/anaconda3/envs/airflow_env/lib/python3.8/site-packages/airflow/example_dags/example_external_task_marker_dag.py took 0.143 seconds
[2022-03-22 11:00:41,722] {processor.py:163} INFO - Started process (PID=62201) to work on /Users/adebolafagbule/opt/anaconda3/envs/airflow_env/lib/python3.8/site-packages/airflow/example_dags/example_external_task_marker_dag.py
[2022-03-22 11:00:41,723] {processor.py:642} INFO - Processing file /Users/adebolafagbule/opt/anaconda3/envs/airflow_env/lib/python3.8/site-packages/airflow/example_dags/example_external_task_marker_dag.py for tasks to queue
[2022-03-22 11:00:41,723] {logging_mixin.py:109} INFO - [2022-03-22 11:00:41,723] {dagbag.py:500} INFO - Filling up the DagBag from /Users/adebolafagbule/opt/anaconda3/envs/airflow_env/lib/python3.8/site-packages/airflow/example_dags/example_external_task_marker_dag.py
[2022-03-22 11:00:41,764] {processor.py:654} INFO - DAG(s) dict_keys(['example_external_task_marker_parent', 'example_external_task_marker_child']) retrieved from /Users/adebolafagbule/opt/anaconda3/envs/airflow_env/lib/python3.8/site-packages/airflow/example_dags/example_external_task_marker_dag.py
[2022-03-22 11:00:41,780] {logging_mixin.py:109} INFO - [2022-03-22 11:00:41,780] {dag.py:2398} INFO - Sync 2 DAGs
[2022-03-22 11:00:41,788] {logging_mixin.py:109} INFO - [2022-03-22 11:00:41,788] {dag.py:2937} INFO - Setting next_dagrun for example_external_task_marker_child to None
[2022-03-22 11:00:41,788] {logging_mixin.py:109} INFO - [2022-03-22 11:00:41,788] {dag.py:2937} INFO - Setting next_dagrun for example_external_task_marker_parent to None
[2022-03-22 11:00:41,794] {processor.py:171} INFO - Processing /Users/adebolafagbule/opt/anaconda3/envs/airflow_env/lib/python3.8/site-packages/airflow/example_dags/example_external_task_marker_dag.py took 0.073 seconds
[2022-03-22 11:01:57,613] {processor.py:163} INFO - Started process (PID=62281) to work on /Users/adebolafagbule/opt/anaconda3/envs/airflow_env/lib/python3.8/site-packages/airflow/example_dags/example_external_task_marker_dag.py
[2022-03-22 11:01:57,614] {processor.py:642} INFO - Processing file /Users/adebolafagbule/opt/anaconda3/envs/airflow_env/lib/python3.8/site-packages/airflow/example_dags/example_external_task_marker_dag.py for tasks to queue
[2022-03-22 11:01:57,614] {logging_mixin.py:109} INFO - [2022-03-22 11:01:57,614] {dagbag.py:500} INFO - Filling up the DagBag from /Users/adebolafagbule/opt/anaconda3/envs/airflow_env/lib/python3.8/site-packages/airflow/example_dags/example_external_task_marker_dag.py
[2022-03-22 11:01:57,642] {processor.py:654} INFO - DAG(s) dict_keys(['example_external_task_marker_parent', 'example_external_task_marker_child']) retrieved from /Users/adebolafagbule/opt/anaconda3/envs/airflow_env/lib/python3.8/site-packages/airflow/example_dags/example_external_task_marker_dag.py
[2022-03-22 11:01:57,657] {logging_mixin.py:109} INFO - [2022-03-22 11:01:57,656] {dag.py:2398} INFO - Sync 2 DAGs
[2022-03-22 11:01:57,664] {logging_mixin.py:109} INFO - [2022-03-22 11:01:57,664] {dag.py:2937} INFO - Setting next_dagrun for example_external_task_marker_child to None
[2022-03-22 11:01:57,664] {logging_mixin.py:109} INFO - [2022-03-22 11:01:57,664] {dag.py:2937} INFO - Setting next_dagrun for example_external_task_marker_parent to None
[2022-03-22 11:01:57,670] {processor.py:171} INFO - Processing /Users/adebolafagbule/opt/anaconda3/envs/airflow_env/lib/python3.8/site-packages/airflow/example_dags/example_external_task_marker_dag.py took 0.057 seconds
[2022-03-22 11:03:13,576] {processor.py:163} INFO - Started process (PID=62459) to work on /Users/adebolafagbule/opt/anaconda3/envs/airflow_env/lib/python3.8/site-packages/airflow/example_dags/example_external_task_marker_dag.py
[2022-03-22 11:03:13,578] {processor.py:642} INFO - Processing file /Users/adebolafagbule/opt/anaconda3/envs/airflow_env/lib/python3.8/site-packages/airflow/example_dags/example_external_task_marker_dag.py for tasks to queue
[2022-03-22 11:03:13,578] {logging_mixin.py:109} INFO - [2022-03-22 11:03:13,578] {dagbag.py:500} INFO - Filling up the DagBag from /Users/adebolafagbule/opt/anaconda3/envs/airflow_env/lib/python3.8/site-packages/airflow/example_dags/example_external_task_marker_dag.py
[2022-03-22 11:03:13,620] {processor.py:654} INFO - DAG(s) dict_keys(['example_external_task_marker_parent', 'example_external_task_marker_child']) retrieved from /Users/adebolafagbule/opt/anaconda3/envs/airflow_env/lib/python3.8/site-packages/airflow/example_dags/example_external_task_marker_dag.py
[2022-03-22 11:03:13,635] {logging_mixin.py:109} INFO - [2022-03-22 11:03:13,635] {dag.py:2398} INFO - Sync 2 DAGs
[2022-03-22 11:03:13,642] {logging_mixin.py:109} INFO - [2022-03-22 11:03:13,642] {dag.py:2937} INFO - Setting next_dagrun for example_external_task_marker_child to None
[2022-03-22 11:03:13,642] {logging_mixin.py:109} INFO - [2022-03-22 11:03:13,642] {dag.py:2937} INFO - Setting next_dagrun for example_external_task_marker_parent to None
[2022-03-22 11:03:13,647] {processor.py:171} INFO - Processing /Users/adebolafagbule/opt/anaconda3/envs/airflow_env/lib/python3.8/site-packages/airflow/example_dags/example_external_task_marker_dag.py took 0.071 seconds
[2022-03-22 11:04:29,292] {processor.py:163} INFO - Started process (PID=62532) to work on /Users/adebolafagbule/opt/anaconda3/envs/airflow_env/lib/python3.8/site-packages/airflow/example_dags/example_external_task_marker_dag.py
[2022-03-22 11:04:29,293] {processor.py:642} INFO - Processing file /Users/adebolafagbule/opt/anaconda3/envs/airflow_env/lib/python3.8/site-packages/airflow/example_dags/example_external_task_marker_dag.py for tasks to queue
[2022-03-22 11:04:29,293] {logging_mixin.py:109} INFO - [2022-03-22 11:04:29,293] {dagbag.py:500} INFO - Filling up the DagBag from /Users/adebolafagbule/opt/anaconda3/envs/airflow_env/lib/python3.8/site-packages/airflow/example_dags/example_external_task_marker_dag.py
[2022-03-22 11:04:29,325] {processor.py:654} INFO - DAG(s) dict_keys(['example_external_task_marker_parent', 'example_external_task_marker_child']) retrieved from /Users/adebolafagbule/opt/anaconda3/envs/airflow_env/lib/python3.8/site-packages/airflow/example_dags/example_external_task_marker_dag.py
[2022-03-22 11:04:29,341] {logging_mixin.py:109} INFO - [2022-03-22 11:04:29,341] {dag.py:2398} INFO - Sync 2 DAGs
[2022-03-22 11:04:29,349] {logging_mixin.py:109} INFO - [2022-03-22 11:04:29,349] {dag.py:2937} INFO - Setting next_dagrun for example_external_task_marker_child to None
[2022-03-22 11:04:29,350] {logging_mixin.py:109} INFO - [2022-03-22 11:04:29,350] {dag.py:2937} INFO - Setting next_dagrun for example_external_task_marker_parent to None
[2022-03-22 11:04:29,355] {processor.py:171} INFO - Processing /Users/adebolafagbule/opt/anaconda3/envs/airflow_env/lib/python3.8/site-packages/airflow/example_dags/example_external_task_marker_dag.py took 0.064 seconds
[2022-03-22 11:24:40,146] {processor.py:163} INFO - Started process (PID=62677) to work on /Users/adebolafagbule/opt/anaconda3/envs/airflow_env/lib/python3.8/site-packages/airflow/example_dags/example_external_task_marker_dag.py
[2022-03-22 11:24:40,146] {processor.py:642} INFO - Processing file /Users/adebolafagbule/opt/anaconda3/envs/airflow_env/lib/python3.8/site-packages/airflow/example_dags/example_external_task_marker_dag.py for tasks to queue
[2022-03-22 11:24:40,147] {logging_mixin.py:109} INFO - [2022-03-22 11:24:40,147] {dagbag.py:500} INFO - Filling up the DagBag from /Users/adebolafagbule/opt/anaconda3/envs/airflow_env/lib/python3.8/site-packages/airflow/example_dags/example_external_task_marker_dag.py
[2022-03-22 11:24:40,189] {processor.py:654} INFO - DAG(s) dict_keys(['example_external_task_marker_parent', 'example_external_task_marker_child']) retrieved from /Users/adebolafagbule/opt/anaconda3/envs/airflow_env/lib/python3.8/site-packages/airflow/example_dags/example_external_task_marker_dag.py
[2022-03-22 11:24:40,210] {logging_mixin.py:109} INFO - [2022-03-22 11:24:40,210] {dag.py:2398} INFO - Sync 2 DAGs
[2022-03-22 11:24:40,222] {logging_mixin.py:109} INFO - [2022-03-22 11:24:40,222] {dag.py:2937} INFO - Setting next_dagrun for example_external_task_marker_child to None
[2022-03-22 11:24:40,222] {logging_mixin.py:109} INFO - [2022-03-22 11:24:40,222] {dag.py:2937} INFO - Setting next_dagrun for example_external_task_marker_parent to None
[2022-03-22 11:24:40,230] {processor.py:171} INFO - Processing /Users/adebolafagbule/opt/anaconda3/envs/airflow_env/lib/python3.8/site-packages/airflow/example_dags/example_external_task_marker_dag.py took 0.085 seconds
[2022-03-22 12:11:57,370] {processor.py:163} INFO - Started process (PID=62760) to work on /Users/adebolafagbule/opt/anaconda3/envs/airflow_env/lib/python3.8/site-packages/airflow/example_dags/example_external_task_marker_dag.py
[2022-03-22 12:11:57,370] {processor.py:642} INFO - Processing file /Users/adebolafagbule/opt/anaconda3/envs/airflow_env/lib/python3.8/site-packages/airflow/example_dags/example_external_task_marker_dag.py for tasks to queue
[2022-03-22 12:11:57,371] {logging_mixin.py:109} INFO - [2022-03-22 12:11:57,371] {dagbag.py:500} INFO - Filling up the DagBag from /Users/adebolafagbule/opt/anaconda3/envs/airflow_env/lib/python3.8/site-packages/airflow/example_dags/example_external_task_marker_dag.py
[2022-03-22 12:11:57,441] {processor.py:654} INFO - DAG(s) dict_keys(['example_external_task_marker_parent', 'example_external_task_marker_child']) retrieved from /Users/adebolafagbule/opt/anaconda3/envs/airflow_env/lib/python3.8/site-packages/airflow/example_dags/example_external_task_marker_dag.py
[2022-03-22 12:11:57,478] {logging_mixin.py:109} INFO - [2022-03-22 12:11:57,477] {dag.py:2398} INFO - Sync 2 DAGs
[2022-03-22 12:11:57,497] {logging_mixin.py:109} INFO - [2022-03-22 12:11:57,497] {dag.py:2937} INFO - Setting next_dagrun for example_external_task_marker_child to None
[2022-03-22 12:11:57,497] {logging_mixin.py:109} INFO - [2022-03-22 12:11:57,497] {dag.py:2937} INFO - Setting next_dagrun for example_external_task_marker_parent to None
[2022-03-22 12:11:57,510] {processor.py:171} INFO - Processing /Users/adebolafagbule/opt/anaconda3/envs/airflow_env/lib/python3.8/site-packages/airflow/example_dags/example_external_task_marker_dag.py took 0.142 seconds
[2022-03-22 12:46:46,790] {processor.py:163} INFO - Started process (PID=62851) to work on /Users/adebolafagbule/opt/anaconda3/envs/airflow_env/lib/python3.8/site-packages/airflow/example_dags/example_external_task_marker_dag.py
[2022-03-22 12:46:46,791] {processor.py:642} INFO - Processing file /Users/adebolafagbule/opt/anaconda3/envs/airflow_env/lib/python3.8/site-packages/airflow/example_dags/example_external_task_marker_dag.py for tasks to queue
[2022-03-22 12:46:46,791] {logging_mixin.py:109} INFO - [2022-03-22 12:46:46,791] {dagbag.py:500} INFO - Filling up the DagBag from /Users/adebolafagbule/opt/anaconda3/envs/airflow_env/lib/python3.8/site-packages/airflow/example_dags/example_external_task_marker_dag.py
[2022-03-22 12:46:46,835] {processor.py:654} INFO - DAG(s) dict_keys(['example_external_task_marker_parent', 'example_external_task_marker_child']) retrieved from /Users/adebolafagbule/opt/anaconda3/envs/airflow_env/lib/python3.8/site-packages/airflow/example_dags/example_external_task_marker_dag.py
[2022-03-22 12:46:46,856] {logging_mixin.py:109} INFO - [2022-03-22 12:46:46,856] {dag.py:2398} INFO - Sync 2 DAGs
[2022-03-22 12:46:46,865] {logging_mixin.py:109} INFO - [2022-03-22 12:46:46,865] {dag.py:2937} INFO - Setting next_dagrun for example_external_task_marker_child to None
[2022-03-22 12:46:46,866] {logging_mixin.py:109} INFO - [2022-03-22 12:46:46,866] {dag.py:2937} INFO - Setting next_dagrun for example_external_task_marker_parent to None
[2022-03-22 12:46:46,872] {processor.py:171} INFO - Processing /Users/adebolafagbule/opt/anaconda3/envs/airflow_env/lib/python3.8/site-packages/airflow/example_dags/example_external_task_marker_dag.py took 0.083 seconds
[2022-03-22 14:17:57,694] {processor.py:163} INFO - Started process (PID=63005) to work on /Users/adebolafagbule/opt/anaconda3/envs/airflow_env/lib/python3.8/site-packages/airflow/example_dags/example_external_task_marker_dag.py
[2022-03-22 14:17:57,695] {processor.py:642} INFO - Processing file /Users/adebolafagbule/opt/anaconda3/envs/airflow_env/lib/python3.8/site-packages/airflow/example_dags/example_external_task_marker_dag.py for tasks to queue
[2022-03-22 14:17:57,696] {logging_mixin.py:109} INFO - [2022-03-22 14:17:57,696] {dagbag.py:500} INFO - Filling up the DagBag from /Users/adebolafagbule/opt/anaconda3/envs/airflow_env/lib/python3.8/site-packages/airflow/example_dags/example_external_task_marker_dag.py
[2022-03-22 14:17:57,728] {processor.py:654} INFO - DAG(s) dict_keys(['example_external_task_marker_parent', 'example_external_task_marker_child']) retrieved from /Users/adebolafagbule/opt/anaconda3/envs/airflow_env/lib/python3.8/site-packages/airflow/example_dags/example_external_task_marker_dag.py
[2022-03-22 14:17:57,746] {logging_mixin.py:109} INFO - [2022-03-22 14:17:57,745] {dag.py:2398} INFO - Sync 2 DAGs
[2022-03-22 14:17:57,765] {logging_mixin.py:109} INFO - [2022-03-22 14:17:57,765] {dag.py:2937} INFO - Setting next_dagrun for example_external_task_marker_child to None
[2022-03-22 14:17:57,765] {logging_mixin.py:109} INFO - [2022-03-22 14:17:57,765] {dag.py:2937} INFO - Setting next_dagrun for example_external_task_marker_parent to None
[2022-03-22 14:17:57,778] {processor.py:171} INFO - Processing /Users/adebolafagbule/opt/anaconda3/envs/airflow_env/lib/python3.8/site-packages/airflow/example_dags/example_external_task_marker_dag.py took 0.085 seconds
[2022-03-22 14:58:37,011] {processor.py:163} INFO - Started process (PID=63137) to work on /Users/adebolafagbule/opt/anaconda3/envs/airflow_env/lib/python3.8/site-packages/airflow/example_dags/example_external_task_marker_dag.py
[2022-03-22 14:58:37,012] {processor.py:642} INFO - Processing file /Users/adebolafagbule/opt/anaconda3/envs/airflow_env/lib/python3.8/site-packages/airflow/example_dags/example_external_task_marker_dag.py for tasks to queue
[2022-03-22 14:58:37,012] {logging_mixin.py:109} INFO - [2022-03-22 14:58:37,012] {dagbag.py:500} INFO - Filling up the DagBag from /Users/adebolafagbule/opt/anaconda3/envs/airflow_env/lib/python3.8/site-packages/airflow/example_dags/example_external_task_marker_dag.py
[2022-03-22 14:58:37,044] {processor.py:654} INFO - DAG(s) dict_keys(['example_external_task_marker_parent', 'example_external_task_marker_child']) retrieved from /Users/adebolafagbule/opt/anaconda3/envs/airflow_env/lib/python3.8/site-packages/airflow/example_dags/example_external_task_marker_dag.py
[2022-03-22 14:58:37,058] {logging_mixin.py:109} INFO - [2022-03-22 14:58:37,058] {dag.py:2398} INFO - Sync 2 DAGs
[2022-03-22 14:58:37,066] {logging_mixin.py:109} INFO - [2022-03-22 14:58:37,065] {dag.py:2937} INFO - Setting next_dagrun for example_external_task_marker_child to None
[2022-03-22 14:58:37,066] {logging_mixin.py:109} INFO - [2022-03-22 14:58:37,066] {dag.py:2937} INFO - Setting next_dagrun for example_external_task_marker_parent to None
[2022-03-22 14:58:37,072] {processor.py:171} INFO - Processing /Users/adebolafagbule/opt/anaconda3/envs/airflow_env/lib/python3.8/site-packages/airflow/example_dags/example_external_task_marker_dag.py took 0.062 seconds
[2022-03-22 15:31:51,095] {processor.py:163} INFO - Started process (PID=63265) to work on /Users/adebolafagbule/opt/anaconda3/envs/airflow_env/lib/python3.8/site-packages/airflow/example_dags/example_external_task_marker_dag.py
[2022-03-22 15:31:51,096] {processor.py:642} INFO - Processing file /Users/adebolafagbule/opt/anaconda3/envs/airflow_env/lib/python3.8/site-packages/airflow/example_dags/example_external_task_marker_dag.py for tasks to queue
[2022-03-22 15:31:51,097] {logging_mixin.py:109} INFO - [2022-03-22 15:31:51,097] {dagbag.py:500} INFO - Filling up the DagBag from /Users/adebolafagbule/opt/anaconda3/envs/airflow_env/lib/python3.8/site-packages/airflow/example_dags/example_external_task_marker_dag.py
[2022-03-22 15:31:51,151] {processor.py:654} INFO - DAG(s) dict_keys(['example_external_task_marker_parent', 'example_external_task_marker_child']) retrieved from /Users/adebolafagbule/opt/anaconda3/envs/airflow_env/lib/python3.8/site-packages/airflow/example_dags/example_external_task_marker_dag.py
[2022-03-22 15:31:51,177] {logging_mixin.py:109} INFO - [2022-03-22 15:31:51,177] {dag.py:2398} INFO - Sync 2 DAGs
[2022-03-22 15:31:51,191] {logging_mixin.py:109} INFO - [2022-03-22 15:31:51,191] {dag.py:2937} INFO - Setting next_dagrun for example_external_task_marker_child to None
[2022-03-22 15:31:51,192] {logging_mixin.py:109} INFO - [2022-03-22 15:31:51,192] {dag.py:2937} INFO - Setting next_dagrun for example_external_task_marker_parent to None
[2022-03-22 15:31:51,201] {processor.py:171} INFO - Processing /Users/adebolafagbule/opt/anaconda3/envs/airflow_env/lib/python3.8/site-packages/airflow/example_dags/example_external_task_marker_dag.py took 0.107 seconds
[2022-03-22 16:35:58,065] {processor.py:163} INFO - Started process (PID=63408) to work on /Users/adebolafagbule/opt/anaconda3/envs/airflow_env/lib/python3.8/site-packages/airflow/example_dags/example_external_task_marker_dag.py
[2022-03-22 16:35:58,066] {processor.py:642} INFO - Processing file /Users/adebolafagbule/opt/anaconda3/envs/airflow_env/lib/python3.8/site-packages/airflow/example_dags/example_external_task_marker_dag.py for tasks to queue
[2022-03-22 16:35:58,067] {logging_mixin.py:109} INFO - [2022-03-22 16:35:58,067] {dagbag.py:500} INFO - Filling up the DagBag from /Users/adebolafagbule/opt/anaconda3/envs/airflow_env/lib/python3.8/site-packages/airflow/example_dags/example_external_task_marker_dag.py
[2022-03-22 16:35:58,132] {processor.py:654} INFO - DAG(s) dict_keys(['example_external_task_marker_parent', 'example_external_task_marker_child']) retrieved from /Users/adebolafagbule/opt/anaconda3/envs/airflow_env/lib/python3.8/site-packages/airflow/example_dags/example_external_task_marker_dag.py
[2022-03-22 16:35:58,166] {logging_mixin.py:109} INFO - [2022-03-22 16:35:58,166] {dag.py:2398} INFO - Sync 2 DAGs
[2022-03-22 16:35:58,184] {logging_mixin.py:109} INFO - [2022-03-22 16:35:58,184] {dag.py:2937} INFO - Setting next_dagrun for example_external_task_marker_child to None
[2022-03-22 16:35:58,184] {logging_mixin.py:109} INFO - [2022-03-22 16:35:58,184] {dag.py:2937} INFO - Setting next_dagrun for example_external_task_marker_parent to None
[2022-03-22 16:35:58,196] {processor.py:171} INFO - Processing /Users/adebolafagbule/opt/anaconda3/envs/airflow_env/lib/python3.8/site-packages/airflow/example_dags/example_external_task_marker_dag.py took 0.133 seconds
[2022-03-22 17:30:02,849] {processor.py:163} INFO - Started process (PID=63485) to work on /Users/adebolafagbule/opt/anaconda3/envs/airflow_env/lib/python3.8/site-packages/airflow/example_dags/example_external_task_marker_dag.py
[2022-03-22 17:30:02,850] {processor.py:642} INFO - Processing file /Users/adebolafagbule/opt/anaconda3/envs/airflow_env/lib/python3.8/site-packages/airflow/example_dags/example_external_task_marker_dag.py for tasks to queue
[2022-03-22 17:30:02,850] {logging_mixin.py:109} INFO - [2022-03-22 17:30:02,850] {dagbag.py:500} INFO - Filling up the DagBag from /Users/adebolafagbule/opt/anaconda3/envs/airflow_env/lib/python3.8/site-packages/airflow/example_dags/example_external_task_marker_dag.py
[2022-03-22 17:30:02,889] {processor.py:654} INFO - DAG(s) dict_keys(['example_external_task_marker_parent', 'example_external_task_marker_child']) retrieved from /Users/adebolafagbule/opt/anaconda3/envs/airflow_env/lib/python3.8/site-packages/airflow/example_dags/example_external_task_marker_dag.py
[2022-03-22 17:30:02,908] {logging_mixin.py:109} INFO - [2022-03-22 17:30:02,908] {dag.py:2398} INFO - Sync 2 DAGs
[2022-03-22 17:30:02,919] {logging_mixin.py:109} INFO - [2022-03-22 17:30:02,919] {dag.py:2937} INFO - Setting next_dagrun for example_external_task_marker_child to None
[2022-03-22 17:30:02,920] {logging_mixin.py:109} INFO - [2022-03-22 17:30:02,919] {dag.py:2937} INFO - Setting next_dagrun for example_external_task_marker_parent to None
[2022-03-22 17:30:02,931] {processor.py:171} INFO - Processing /Users/adebolafagbule/opt/anaconda3/envs/airflow_env/lib/python3.8/site-packages/airflow/example_dags/example_external_task_marker_dag.py took 0.083 seconds
[2022-03-22 17:31:31,355] {processor.py:163} INFO - Started process (PID=63572) to work on /Users/adebolafagbule/opt/anaconda3/envs/airflow_env/lib/python3.8/site-packages/airflow/example_dags/example_external_task_marker_dag.py
[2022-03-22 17:31:31,356] {processor.py:642} INFO - Processing file /Users/adebolafagbule/opt/anaconda3/envs/airflow_env/lib/python3.8/site-packages/airflow/example_dags/example_external_task_marker_dag.py for tasks to queue
[2022-03-22 17:31:31,357] {logging_mixin.py:109} INFO - [2022-03-22 17:31:31,357] {dagbag.py:500} INFO - Filling up the DagBag from /Users/adebolafagbule/opt/anaconda3/envs/airflow_env/lib/python3.8/site-packages/airflow/example_dags/example_external_task_marker_dag.py
[2022-03-22 17:31:31,402] {processor.py:654} INFO - DAG(s) dict_keys(['example_external_task_marker_parent', 'example_external_task_marker_child']) retrieved from /Users/adebolafagbule/opt/anaconda3/envs/airflow_env/lib/python3.8/site-packages/airflow/example_dags/example_external_task_marker_dag.py
[2022-03-22 17:31:31,418] {logging_mixin.py:109} INFO - [2022-03-22 17:31:31,417] {dag.py:2398} INFO - Sync 2 DAGs
[2022-03-22 17:31:31,426] {logging_mixin.py:109} INFO - [2022-03-22 17:31:31,425] {dag.py:2937} INFO - Setting next_dagrun for example_external_task_marker_child to None
[2022-03-22 17:31:31,426] {logging_mixin.py:109} INFO - [2022-03-22 17:31:31,426] {dag.py:2937} INFO - Setting next_dagrun for example_external_task_marker_parent to None
[2022-03-22 17:31:31,432] {processor.py:171} INFO - Processing /Users/adebolafagbule/opt/anaconda3/envs/airflow_env/lib/python3.8/site-packages/airflow/example_dags/example_external_task_marker_dag.py took 0.077 seconds
[2022-03-22 17:33:03,980] {processor.py:163} INFO - Started process (PID=63654) to work on /Users/adebolafagbule/opt/anaconda3/envs/airflow_env/lib/python3.8/site-packages/airflow/example_dags/example_external_task_marker_dag.py
[2022-03-22 17:33:03,982] {processor.py:642} INFO - Processing file /Users/adebolafagbule/opt/anaconda3/envs/airflow_env/lib/python3.8/site-packages/airflow/example_dags/example_external_task_marker_dag.py for tasks to queue
[2022-03-22 17:33:03,982] {logging_mixin.py:109} INFO - [2022-03-22 17:33:03,982] {dagbag.py:500} INFO - Filling up the DagBag from /Users/adebolafagbule/opt/anaconda3/envs/airflow_env/lib/python3.8/site-packages/airflow/example_dags/example_external_task_marker_dag.py
[2022-03-22 17:33:04,023] {processor.py:654} INFO - DAG(s) dict_keys(['example_external_task_marker_parent', 'example_external_task_marker_child']) retrieved from /Users/adebolafagbule/opt/anaconda3/envs/airflow_env/lib/python3.8/site-packages/airflow/example_dags/example_external_task_marker_dag.py
[2022-03-22 17:33:04,038] {logging_mixin.py:109} INFO - [2022-03-22 17:33:04,038] {dag.py:2398} INFO - Sync 2 DAGs
[2022-03-22 17:33:04,045] {logging_mixin.py:109} INFO - [2022-03-22 17:33:04,045] {dag.py:2937} INFO - Setting next_dagrun for example_external_task_marker_child to None
[2022-03-22 17:33:04,045] {logging_mixin.py:109} INFO - [2022-03-22 17:33:04,045] {dag.py:2937} INFO - Setting next_dagrun for example_external_task_marker_parent to None
[2022-03-22 17:33:04,052] {processor.py:171} INFO - Processing /Users/adebolafagbule/opt/anaconda3/envs/airflow_env/lib/python3.8/site-packages/airflow/example_dags/example_external_task_marker_dag.py took 0.072 seconds
[2022-03-22 17:34:18,282] {processor.py:163} INFO - Started process (PID=63728) to work on /Users/adebolafagbule/opt/anaconda3/envs/airflow_env/lib/python3.8/site-packages/airflow/example_dags/example_external_task_marker_dag.py
[2022-03-22 17:34:18,283] {processor.py:642} INFO - Processing file /Users/adebolafagbule/opt/anaconda3/envs/airflow_env/lib/python3.8/site-packages/airflow/example_dags/example_external_task_marker_dag.py for tasks to queue
[2022-03-22 17:34:18,283] {logging_mixin.py:109} INFO - [2022-03-22 17:34:18,283] {dagbag.py:500} INFO - Filling up the DagBag from /Users/adebolafagbule/opt/anaconda3/envs/airflow_env/lib/python3.8/site-packages/airflow/example_dags/example_external_task_marker_dag.py
[2022-03-22 17:34:18,323] {processor.py:654} INFO - DAG(s) dict_keys(['example_external_task_marker_parent', 'example_external_task_marker_child']) retrieved from /Users/adebolafagbule/opt/anaconda3/envs/airflow_env/lib/python3.8/site-packages/airflow/example_dags/example_external_task_marker_dag.py
[2022-03-22 17:34:18,338] {logging_mixin.py:109} INFO - [2022-03-22 17:34:18,338] {dag.py:2398} INFO - Sync 2 DAGs
[2022-03-22 17:34:18,345] {logging_mixin.py:109} INFO - [2022-03-22 17:34:18,345] {dag.py:2937} INFO - Setting next_dagrun for example_external_task_marker_child to None
[2022-03-22 17:34:18,345] {logging_mixin.py:109} INFO - [2022-03-22 17:34:18,345] {dag.py:2937} INFO - Setting next_dagrun for example_external_task_marker_parent to None
[2022-03-22 17:34:18,351] {processor.py:171} INFO - Processing /Users/adebolafagbule/opt/anaconda3/envs/airflow_env/lib/python3.8/site-packages/airflow/example_dags/example_external_task_marker_dag.py took 0.069 seconds
[2022-03-22 17:35:31,298] {processor.py:163} INFO - Started process (PID=63801) to work on /Users/adebolafagbule/opt/anaconda3/envs/airflow_env/lib/python3.8/site-packages/airflow/example_dags/example_external_task_marker_dag.py
[2022-03-22 17:35:31,299] {processor.py:642} INFO - Processing file /Users/adebolafagbule/opt/anaconda3/envs/airflow_env/lib/python3.8/site-packages/airflow/example_dags/example_external_task_marker_dag.py for tasks to queue
[2022-03-22 17:35:31,299] {logging_mixin.py:109} INFO - [2022-03-22 17:35:31,299] {dagbag.py:500} INFO - Filling up the DagBag from /Users/adebolafagbule/opt/anaconda3/envs/airflow_env/lib/python3.8/site-packages/airflow/example_dags/example_external_task_marker_dag.py
[2022-03-22 17:35:31,332] {processor.py:654} INFO - DAG(s) dict_keys(['example_external_task_marker_parent', 'example_external_task_marker_child']) retrieved from /Users/adebolafagbule/opt/anaconda3/envs/airflow_env/lib/python3.8/site-packages/airflow/example_dags/example_external_task_marker_dag.py
[2022-03-22 17:35:31,345] {logging_mixin.py:109} INFO - [2022-03-22 17:35:31,345] {dag.py:2398} INFO - Sync 2 DAGs
[2022-03-22 17:35:31,354] {logging_mixin.py:109} INFO - [2022-03-22 17:35:31,353] {dag.py:2937} INFO - Setting next_dagrun for example_external_task_marker_child to None
[2022-03-22 17:35:31,354] {logging_mixin.py:109} INFO - [2022-03-22 17:35:31,354] {dag.py:2937} INFO - Setting next_dagrun for example_external_task_marker_parent to None
[2022-03-22 17:35:31,362] {processor.py:171} INFO - Processing /Users/adebolafagbule/opt/anaconda3/envs/airflow_env/lib/python3.8/site-packages/airflow/example_dags/example_external_task_marker_dag.py took 0.064 seconds
[2022-03-22 17:36:46,617] {processor.py:163} INFO - Started process (PID=63873) to work on /Users/adebolafagbule/opt/anaconda3/envs/airflow_env/lib/python3.8/site-packages/airflow/example_dags/example_external_task_marker_dag.py
[2022-03-22 17:36:46,618] {processor.py:642} INFO - Processing file /Users/adebolafagbule/opt/anaconda3/envs/airflow_env/lib/python3.8/site-packages/airflow/example_dags/example_external_task_marker_dag.py for tasks to queue
[2022-03-22 17:36:46,619] {logging_mixin.py:109} INFO - [2022-03-22 17:36:46,619] {dagbag.py:500} INFO - Filling up the DagBag from /Users/adebolafagbule/opt/anaconda3/envs/airflow_env/lib/python3.8/site-packages/airflow/example_dags/example_external_task_marker_dag.py
[2022-03-22 17:36:46,647] {processor.py:654} INFO - DAG(s) dict_keys(['example_external_task_marker_parent', 'example_external_task_marker_child']) retrieved from /Users/adebolafagbule/opt/anaconda3/envs/airflow_env/lib/python3.8/site-packages/airflow/example_dags/example_external_task_marker_dag.py
[2022-03-22 17:36:46,661] {logging_mixin.py:109} INFO - [2022-03-22 17:36:46,661] {dag.py:2398} INFO - Sync 2 DAGs
[2022-03-22 17:36:46,668] {logging_mixin.py:109} INFO - [2022-03-22 17:36:46,668] {dag.py:2937} INFO - Setting next_dagrun for example_external_task_marker_child to None
[2022-03-22 17:36:46,669] {logging_mixin.py:109} INFO - [2022-03-22 17:36:46,669] {dag.py:2937} INFO - Setting next_dagrun for example_external_task_marker_parent to None
[2022-03-22 17:36:46,674] {processor.py:171} INFO - Processing /Users/adebolafagbule/opt/anaconda3/envs/airflow_env/lib/python3.8/site-packages/airflow/example_dags/example_external_task_marker_dag.py took 0.057 seconds
[2022-03-22 17:38:04,671] {processor.py:163} INFO - Started process (PID=63946) to work on /Users/adebolafagbule/opt/anaconda3/envs/airflow_env/lib/python3.8/site-packages/airflow/example_dags/example_external_task_marker_dag.py
[2022-03-22 17:38:04,672] {processor.py:642} INFO - Processing file /Users/adebolafagbule/opt/anaconda3/envs/airflow_env/lib/python3.8/site-packages/airflow/example_dags/example_external_task_marker_dag.py for tasks to queue
[2022-03-22 17:38:04,673] {logging_mixin.py:109} INFO - [2022-03-22 17:38:04,673] {dagbag.py:500} INFO - Filling up the DagBag from /Users/adebolafagbule/opt/anaconda3/envs/airflow_env/lib/python3.8/site-packages/airflow/example_dags/example_external_task_marker_dag.py
[2022-03-22 17:38:04,717] {processor.py:654} INFO - DAG(s) dict_keys(['example_external_task_marker_parent', 'example_external_task_marker_child']) retrieved from /Users/adebolafagbule/opt/anaconda3/envs/airflow_env/lib/python3.8/site-packages/airflow/example_dags/example_external_task_marker_dag.py
[2022-03-22 17:38:04,732] {logging_mixin.py:109} INFO - [2022-03-22 17:38:04,732] {dag.py:2398} INFO - Sync 2 DAGs
[2022-03-22 17:38:04,740] {logging_mixin.py:109} INFO - [2022-03-22 17:38:04,740] {dag.py:2937} INFO - Setting next_dagrun for example_external_task_marker_child to None
[2022-03-22 17:38:04,740] {logging_mixin.py:109} INFO - [2022-03-22 17:38:04,740] {dag.py:2937} INFO - Setting next_dagrun for example_external_task_marker_parent to None
[2022-03-22 17:38:04,747] {processor.py:171} INFO - Processing /Users/adebolafagbule/opt/anaconda3/envs/airflow_env/lib/python3.8/site-packages/airflow/example_dags/example_external_task_marker_dag.py took 0.077 seconds
[2022-03-22 17:39:35,886] {processor.py:163} INFO - Started process (PID=64026) to work on /Users/adebolafagbule/opt/anaconda3/envs/airflow_env/lib/python3.8/site-packages/airflow/example_dags/example_external_task_marker_dag.py
[2022-03-22 17:39:35,887] {processor.py:642} INFO - Processing file /Users/adebolafagbule/opt/anaconda3/envs/airflow_env/lib/python3.8/site-packages/airflow/example_dags/example_external_task_marker_dag.py for tasks to queue
[2022-03-22 17:39:35,887] {logging_mixin.py:109} INFO - [2022-03-22 17:39:35,887] {dagbag.py:500} INFO - Filling up the DagBag from /Users/adebolafagbule/opt/anaconda3/envs/airflow_env/lib/python3.8/site-packages/airflow/example_dags/example_external_task_marker_dag.py
[2022-03-22 17:39:35,917] {processor.py:654} INFO - DAG(s) dict_keys(['example_external_task_marker_parent', 'example_external_task_marker_child']) retrieved from /Users/adebolafagbule/opt/anaconda3/envs/airflow_env/lib/python3.8/site-packages/airflow/example_dags/example_external_task_marker_dag.py
[2022-03-22 17:39:35,931] {logging_mixin.py:109} INFO - [2022-03-22 17:39:35,931] {dag.py:2398} INFO - Sync 2 DAGs
[2022-03-22 17:39:35,940] {logging_mixin.py:109} INFO - [2022-03-22 17:39:35,940] {dag.py:2937} INFO - Setting next_dagrun for example_external_task_marker_child to None
[2022-03-22 17:39:35,940] {logging_mixin.py:109} INFO - [2022-03-22 17:39:35,940] {dag.py:2937} INFO - Setting next_dagrun for example_external_task_marker_parent to None
[2022-03-22 17:39:35,952] {processor.py:171} INFO - Processing /Users/adebolafagbule/opt/anaconda3/envs/airflow_env/lib/python3.8/site-packages/airflow/example_dags/example_external_task_marker_dag.py took 0.067 seconds
[2022-03-22 17:41:01,255] {processor.py:163} INFO - Started process (PID=64100) to work on /Users/adebolafagbule/opt/anaconda3/envs/airflow_env/lib/python3.8/site-packages/airflow/example_dags/example_external_task_marker_dag.py
[2022-03-22 17:41:01,256] {processor.py:642} INFO - Processing file /Users/adebolafagbule/opt/anaconda3/envs/airflow_env/lib/python3.8/site-packages/airflow/example_dags/example_external_task_marker_dag.py for tasks to queue
[2022-03-22 17:41:01,257] {logging_mixin.py:109} INFO - [2022-03-22 17:41:01,257] {dagbag.py:500} INFO - Filling up the DagBag from /Users/adebolafagbule/opt/anaconda3/envs/airflow_env/lib/python3.8/site-packages/airflow/example_dags/example_external_task_marker_dag.py
[2022-03-22 17:41:01,290] {processor.py:654} INFO - DAG(s) dict_keys(['example_external_task_marker_parent', 'example_external_task_marker_child']) retrieved from /Users/adebolafagbule/opt/anaconda3/envs/airflow_env/lib/python3.8/site-packages/airflow/example_dags/example_external_task_marker_dag.py
[2022-03-22 17:41:01,348] {logging_mixin.py:109} INFO - [2022-03-22 17:41:01,345] {dag.py:2398} INFO - Sync 2 DAGs
[2022-03-22 17:41:01,374] {logging_mixin.py:109} INFO - [2022-03-22 17:41:01,373] {dag.py:2937} INFO - Setting next_dagrun for example_external_task_marker_child to None
[2022-03-22 17:41:01,374] {logging_mixin.py:109} INFO - [2022-03-22 17:41:01,374] {dag.py:2937} INFO - Setting next_dagrun for example_external_task_marker_parent to None
[2022-03-22 17:41:01,387] {processor.py:171} INFO - Processing /Users/adebolafagbule/opt/anaconda3/envs/airflow_env/lib/python3.8/site-packages/airflow/example_dags/example_external_task_marker_dag.py took 0.132 seconds
[2022-03-22 17:42:38,606] {processor.py:163} INFO - Started process (PID=64183) to work on /Users/adebolafagbule/opt/anaconda3/envs/airflow_env/lib/python3.8/site-packages/airflow/example_dags/example_external_task_marker_dag.py
[2022-03-22 17:42:38,607] {processor.py:642} INFO - Processing file /Users/adebolafagbule/opt/anaconda3/envs/airflow_env/lib/python3.8/site-packages/airflow/example_dags/example_external_task_marker_dag.py for tasks to queue
[2022-03-22 17:42:38,608] {logging_mixin.py:109} INFO - [2022-03-22 17:42:38,607] {dagbag.py:500} INFO - Filling up the DagBag from /Users/adebolafagbule/opt/anaconda3/envs/airflow_env/lib/python3.8/site-packages/airflow/example_dags/example_external_task_marker_dag.py
[2022-03-22 17:42:38,676] {processor.py:654} INFO - DAG(s) dict_keys(['example_external_task_marker_parent', 'example_external_task_marker_child']) retrieved from /Users/adebolafagbule/opt/anaconda3/envs/airflow_env/lib/python3.8/site-packages/airflow/example_dags/example_external_task_marker_dag.py
[2022-03-22 17:42:38,692] {logging_mixin.py:109} INFO - [2022-03-22 17:42:38,691] {dag.py:2398} INFO - Sync 2 DAGs
[2022-03-22 17:42:38,700] {logging_mixin.py:109} INFO - [2022-03-22 17:42:38,700] {dag.py:2937} INFO - Setting next_dagrun for example_external_task_marker_child to None
[2022-03-22 17:42:38,701] {logging_mixin.py:109} INFO - [2022-03-22 17:42:38,700] {dag.py:2937} INFO - Setting next_dagrun for example_external_task_marker_parent to None
[2022-03-22 17:42:38,706] {processor.py:171} INFO - Processing /Users/adebolafagbule/opt/anaconda3/envs/airflow_env/lib/python3.8/site-packages/airflow/example_dags/example_external_task_marker_dag.py took 0.101 seconds
[2022-03-22 17:44:11,771] {processor.py:163} INFO - Started process (PID=64262) to work on /Users/adebolafagbule/opt/anaconda3/envs/airflow_env/lib/python3.8/site-packages/airflow/example_dags/example_external_task_marker_dag.py
[2022-03-22 17:44:11,773] {processor.py:642} INFO - Processing file /Users/adebolafagbule/opt/anaconda3/envs/airflow_env/lib/python3.8/site-packages/airflow/example_dags/example_external_task_marker_dag.py for tasks to queue
[2022-03-22 17:44:11,773] {logging_mixin.py:109} INFO - [2022-03-22 17:44:11,773] {dagbag.py:500} INFO - Filling up the DagBag from /Users/adebolafagbule/opt/anaconda3/envs/airflow_env/lib/python3.8/site-packages/airflow/example_dags/example_external_task_marker_dag.py
[2022-03-22 17:44:11,805] {processor.py:654} INFO - DAG(s) dict_keys(['example_external_task_marker_parent', 'example_external_task_marker_child']) retrieved from /Users/adebolafagbule/opt/anaconda3/envs/airflow_env/lib/python3.8/site-packages/airflow/example_dags/example_external_task_marker_dag.py
[2022-03-22 17:44:11,820] {logging_mixin.py:109} INFO - [2022-03-22 17:44:11,820] {dag.py:2398} INFO - Sync 2 DAGs
[2022-03-22 17:44:11,828] {logging_mixin.py:109} INFO - [2022-03-22 17:44:11,828] {dag.py:2937} INFO - Setting next_dagrun for example_external_task_marker_child to None
[2022-03-22 17:44:11,829] {logging_mixin.py:109} INFO - [2022-03-22 17:44:11,829] {dag.py:2937} INFO - Setting next_dagrun for example_external_task_marker_parent to None
[2022-03-22 17:44:11,835] {processor.py:171} INFO - Processing /Users/adebolafagbule/opt/anaconda3/envs/airflow_env/lib/python3.8/site-packages/airflow/example_dags/example_external_task_marker_dag.py took 0.064 seconds
[2022-03-22 17:45:44,690] {processor.py:163} INFO - Started process (PID=64339) to work on /Users/adebolafagbule/opt/anaconda3/envs/airflow_env/lib/python3.8/site-packages/airflow/example_dags/example_external_task_marker_dag.py
[2022-03-22 17:45:44,691] {processor.py:642} INFO - Processing file /Users/adebolafagbule/opt/anaconda3/envs/airflow_env/lib/python3.8/site-packages/airflow/example_dags/example_external_task_marker_dag.py for tasks to queue
[2022-03-22 17:45:44,692] {logging_mixin.py:109} INFO - [2022-03-22 17:45:44,692] {dagbag.py:500} INFO - Filling up the DagBag from /Users/adebolafagbule/opt/anaconda3/envs/airflow_env/lib/python3.8/site-packages/airflow/example_dags/example_external_task_marker_dag.py
[2022-03-22 17:45:44,737] {processor.py:654} INFO - DAG(s) dict_keys(['example_external_task_marker_parent', 'example_external_task_marker_child']) retrieved from /Users/adebolafagbule/opt/anaconda3/envs/airflow_env/lib/python3.8/site-packages/airflow/example_dags/example_external_task_marker_dag.py
[2022-03-22 17:45:44,753] {logging_mixin.py:109} INFO - [2022-03-22 17:45:44,753] {dag.py:2398} INFO - Sync 2 DAGs
[2022-03-22 17:45:44,763] {logging_mixin.py:109} INFO - [2022-03-22 17:45:44,763] {dag.py:2937} INFO - Setting next_dagrun for example_external_task_marker_child to None
[2022-03-22 17:45:44,763] {logging_mixin.py:109} INFO - [2022-03-22 17:45:44,763] {dag.py:2937} INFO - Setting next_dagrun for example_external_task_marker_parent to None
[2022-03-22 17:45:44,770] {processor.py:171} INFO - Processing /Users/adebolafagbule/opt/anaconda3/envs/airflow_env/lib/python3.8/site-packages/airflow/example_dags/example_external_task_marker_dag.py took 0.081 seconds
[2022-03-22 17:47:14,839] {processor.py:163} INFO - Started process (PID=64426) to work on /Users/adebolafagbule/opt/anaconda3/envs/airflow_env/lib/python3.8/site-packages/airflow/example_dags/example_external_task_marker_dag.py
[2022-03-22 17:47:14,840] {processor.py:642} INFO - Processing file /Users/adebolafagbule/opt/anaconda3/envs/airflow_env/lib/python3.8/site-packages/airflow/example_dags/example_external_task_marker_dag.py for tasks to queue
[2022-03-22 17:47:14,841] {logging_mixin.py:109} INFO - [2022-03-22 17:47:14,841] {dagbag.py:500} INFO - Filling up the DagBag from /Users/adebolafagbule/opt/anaconda3/envs/airflow_env/lib/python3.8/site-packages/airflow/example_dags/example_external_task_marker_dag.py
[2022-03-22 17:47:14,886] {processor.py:654} INFO - DAG(s) dict_keys(['example_external_task_marker_parent', 'example_external_task_marker_child']) retrieved from /Users/adebolafagbule/opt/anaconda3/envs/airflow_env/lib/python3.8/site-packages/airflow/example_dags/example_external_task_marker_dag.py
[2022-03-22 17:47:14,903] {logging_mixin.py:109} INFO - [2022-03-22 17:47:14,903] {dag.py:2398} INFO - Sync 2 DAGs
[2022-03-22 17:47:14,914] {logging_mixin.py:109} INFO - [2022-03-22 17:47:14,914] {dag.py:2937} INFO - Setting next_dagrun for example_external_task_marker_child to None
[2022-03-22 17:47:14,914] {logging_mixin.py:109} INFO - [2022-03-22 17:47:14,914] {dag.py:2937} INFO - Setting next_dagrun for example_external_task_marker_parent to None
[2022-03-22 17:47:14,922] {processor.py:171} INFO - Processing /Users/adebolafagbule/opt/anaconda3/envs/airflow_env/lib/python3.8/site-packages/airflow/example_dags/example_external_task_marker_dag.py took 0.084 seconds
[2022-03-22 17:48:40,275] {processor.py:163} INFO - Started process (PID=64503) to work on /Users/adebolafagbule/opt/anaconda3/envs/airflow_env/lib/python3.8/site-packages/airflow/example_dags/example_external_task_marker_dag.py
[2022-03-22 17:48:40,276] {processor.py:642} INFO - Processing file /Users/adebolafagbule/opt/anaconda3/envs/airflow_env/lib/python3.8/site-packages/airflow/example_dags/example_external_task_marker_dag.py for tasks to queue
[2022-03-22 17:48:40,277] {logging_mixin.py:109} INFO - [2022-03-22 17:48:40,277] {dagbag.py:500} INFO - Filling up the DagBag from /Users/adebolafagbule/opt/anaconda3/envs/airflow_env/lib/python3.8/site-packages/airflow/example_dags/example_external_task_marker_dag.py
[2022-03-22 17:48:40,308] {processor.py:654} INFO - DAG(s) dict_keys(['example_external_task_marker_parent', 'example_external_task_marker_child']) retrieved from /Users/adebolafagbule/opt/anaconda3/envs/airflow_env/lib/python3.8/site-packages/airflow/example_dags/example_external_task_marker_dag.py
[2022-03-22 17:48:40,324] {logging_mixin.py:109} INFO - [2022-03-22 17:48:40,324] {dag.py:2398} INFO - Sync 2 DAGs
[2022-03-22 17:48:40,333] {logging_mixin.py:109} INFO - [2022-03-22 17:48:40,333] {dag.py:2937} INFO - Setting next_dagrun for example_external_task_marker_child to None
[2022-03-22 17:48:40,333] {logging_mixin.py:109} INFO - [2022-03-22 17:48:40,333] {dag.py:2937} INFO - Setting next_dagrun for example_external_task_marker_parent to None
[2022-03-22 17:48:40,341] {processor.py:171} INFO - Processing /Users/adebolafagbule/opt/anaconda3/envs/airflow_env/lib/python3.8/site-packages/airflow/example_dags/example_external_task_marker_dag.py took 0.067 seconds
[2022-03-22 17:50:04,082] {processor.py:163} INFO - Started process (PID=64582) to work on /Users/adebolafagbule/opt/anaconda3/envs/airflow_env/lib/python3.8/site-packages/airflow/example_dags/example_external_task_marker_dag.py
[2022-03-22 17:50:04,084] {processor.py:642} INFO - Processing file /Users/adebolafagbule/opt/anaconda3/envs/airflow_env/lib/python3.8/site-packages/airflow/example_dags/example_external_task_marker_dag.py for tasks to queue
[2022-03-22 17:50:04,084] {logging_mixin.py:109} INFO - [2022-03-22 17:50:04,084] {dagbag.py:500} INFO - Filling up the DagBag from /Users/adebolafagbule/opt/anaconda3/envs/airflow_env/lib/python3.8/site-packages/airflow/example_dags/example_external_task_marker_dag.py
[2022-03-22 17:50:04,131] {processor.py:654} INFO - DAG(s) dict_keys(['example_external_task_marker_parent', 'example_external_task_marker_child']) retrieved from /Users/adebolafagbule/opt/anaconda3/envs/airflow_env/lib/python3.8/site-packages/airflow/example_dags/example_external_task_marker_dag.py
[2022-03-22 17:50:04,147] {logging_mixin.py:109} INFO - [2022-03-22 17:50:04,147] {dag.py:2398} INFO - Sync 2 DAGs
[2022-03-22 17:50:04,157] {logging_mixin.py:109} INFO - [2022-03-22 17:50:04,157] {dag.py:2937} INFO - Setting next_dagrun for example_external_task_marker_child to None
[2022-03-22 17:50:04,157] {logging_mixin.py:109} INFO - [2022-03-22 17:50:04,157] {dag.py:2937} INFO - Setting next_dagrun for example_external_task_marker_parent to None
[2022-03-22 17:50:04,163] {processor.py:171} INFO - Processing /Users/adebolafagbule/opt/anaconda3/envs/airflow_env/lib/python3.8/site-packages/airflow/example_dags/example_external_task_marker_dag.py took 0.082 seconds
[2022-03-22 17:51:34,804] {processor.py:163} INFO - Started process (PID=64661) to work on /Users/adebolafagbule/opt/anaconda3/envs/airflow_env/lib/python3.8/site-packages/airflow/example_dags/example_external_task_marker_dag.py
[2022-03-22 17:51:34,805] {processor.py:642} INFO - Processing file /Users/adebolafagbule/opt/anaconda3/envs/airflow_env/lib/python3.8/site-packages/airflow/example_dags/example_external_task_marker_dag.py for tasks to queue
[2022-03-22 17:51:34,805] {logging_mixin.py:109} INFO - [2022-03-22 17:51:34,805] {dagbag.py:500} INFO - Filling up the DagBag from /Users/adebolafagbule/opt/anaconda3/envs/airflow_env/lib/python3.8/site-packages/airflow/example_dags/example_external_task_marker_dag.py
[2022-03-22 17:51:34,843] {processor.py:654} INFO - DAG(s) dict_keys(['example_external_task_marker_parent', 'example_external_task_marker_child']) retrieved from /Users/adebolafagbule/opt/anaconda3/envs/airflow_env/lib/python3.8/site-packages/airflow/example_dags/example_external_task_marker_dag.py
[2022-03-22 17:51:34,859] {logging_mixin.py:109} INFO - [2022-03-22 17:51:34,859] {dag.py:2398} INFO - Sync 2 DAGs
[2022-03-22 17:51:34,868] {logging_mixin.py:109} INFO - [2022-03-22 17:51:34,868] {dag.py:2937} INFO - Setting next_dagrun for example_external_task_marker_child to None
[2022-03-22 17:51:34,869] {logging_mixin.py:109} INFO - [2022-03-22 17:51:34,869] {dag.py:2937} INFO - Setting next_dagrun for example_external_task_marker_parent to None
[2022-03-22 17:51:34,876] {processor.py:171} INFO - Processing /Users/adebolafagbule/opt/anaconda3/envs/airflow_env/lib/python3.8/site-packages/airflow/example_dags/example_external_task_marker_dag.py took 0.072 seconds
[2022-03-22 17:53:10,261] {processor.py:163} INFO - Started process (PID=64740) to work on /Users/adebolafagbule/opt/anaconda3/envs/airflow_env/lib/python3.8/site-packages/airflow/example_dags/example_external_task_marker_dag.py
[2022-03-22 17:53:10,262] {processor.py:642} INFO - Processing file /Users/adebolafagbule/opt/anaconda3/envs/airflow_env/lib/python3.8/site-packages/airflow/example_dags/example_external_task_marker_dag.py for tasks to queue
[2022-03-22 17:53:10,263] {logging_mixin.py:109} INFO - [2022-03-22 17:53:10,263] {dagbag.py:500} INFO - Filling up the DagBag from /Users/adebolafagbule/opt/anaconda3/envs/airflow_env/lib/python3.8/site-packages/airflow/example_dags/example_external_task_marker_dag.py
[2022-03-22 17:53:10,297] {processor.py:654} INFO - DAG(s) dict_keys(['example_external_task_marker_parent', 'example_external_task_marker_child']) retrieved from /Users/adebolafagbule/opt/anaconda3/envs/airflow_env/lib/python3.8/site-packages/airflow/example_dags/example_external_task_marker_dag.py
[2022-03-22 17:53:10,314] {logging_mixin.py:109} INFO - [2022-03-22 17:53:10,314] {dag.py:2398} INFO - Sync 2 DAGs
[2022-03-22 17:53:10,324] {logging_mixin.py:109} INFO - [2022-03-22 17:53:10,324] {dag.py:2937} INFO - Setting next_dagrun for example_external_task_marker_child to None
[2022-03-22 17:53:10,324] {logging_mixin.py:109} INFO - [2022-03-22 17:53:10,324] {dag.py:2937} INFO - Setting next_dagrun for example_external_task_marker_parent to None
[2022-03-22 17:53:10,336] {processor.py:171} INFO - Processing /Users/adebolafagbule/opt/anaconda3/envs/airflow_env/lib/python3.8/site-packages/airflow/example_dags/example_external_task_marker_dag.py took 0.076 seconds
[2022-03-22 17:55:00,870] {processor.py:163} INFO - Started process (PID=64820) to work on /Users/adebolafagbule/opt/anaconda3/envs/airflow_env/lib/python3.8/site-packages/airflow/example_dags/example_external_task_marker_dag.py
[2022-03-22 17:55:00,872] {processor.py:642} INFO - Processing file /Users/adebolafagbule/opt/anaconda3/envs/airflow_env/lib/python3.8/site-packages/airflow/example_dags/example_external_task_marker_dag.py for tasks to queue
[2022-03-22 17:55:00,873] {logging_mixin.py:109} INFO - [2022-03-22 17:55:00,873] {dagbag.py:500} INFO - Filling up the DagBag from /Users/adebolafagbule/opt/anaconda3/envs/airflow_env/lib/python3.8/site-packages/airflow/example_dags/example_external_task_marker_dag.py
[2022-03-22 17:55:00,969] {processor.py:654} INFO - DAG(s) dict_keys(['example_external_task_marker_parent', 'example_external_task_marker_child']) retrieved from /Users/adebolafagbule/opt/anaconda3/envs/airflow_env/lib/python3.8/site-packages/airflow/example_dags/example_external_task_marker_dag.py
[2022-03-22 17:55:01,000] {logging_mixin.py:109} INFO - [2022-03-22 17:55:01,000] {dag.py:2398} INFO - Sync 2 DAGs
[2022-03-22 17:55:01,025] {logging_mixin.py:109} INFO - [2022-03-22 17:55:01,025] {dag.py:2937} INFO - Setting next_dagrun for example_external_task_marker_child to None
[2022-03-22 17:55:01,025] {logging_mixin.py:109} INFO - [2022-03-22 17:55:01,025] {dag.py:2937} INFO - Setting next_dagrun for example_external_task_marker_parent to None
[2022-03-22 17:55:01,037] {processor.py:171} INFO - Processing /Users/adebolafagbule/opt/anaconda3/envs/airflow_env/lib/python3.8/site-packages/airflow/example_dags/example_external_task_marker_dag.py took 0.168 seconds
[2022-03-22 17:57:37,956] {processor.py:163} INFO - Started process (PID=64919) to work on /Users/adebolafagbule/opt/anaconda3/envs/airflow_env/lib/python3.8/site-packages/airflow/example_dags/example_external_task_marker_dag.py
[2022-03-22 17:57:37,958] {processor.py:642} INFO - Processing file /Users/adebolafagbule/opt/anaconda3/envs/airflow_env/lib/python3.8/site-packages/airflow/example_dags/example_external_task_marker_dag.py for tasks to queue
[2022-03-22 17:57:37,958] {logging_mixin.py:109} INFO - [2022-03-22 17:57:37,958] {dagbag.py:500} INFO - Filling up the DagBag from /Users/adebolafagbule/opt/anaconda3/envs/airflow_env/lib/python3.8/site-packages/airflow/example_dags/example_external_task_marker_dag.py
[2022-03-22 17:57:38,020] {processor.py:654} INFO - DAG(s) dict_keys(['example_external_task_marker_parent', 'example_external_task_marker_child']) retrieved from /Users/adebolafagbule/opt/anaconda3/envs/airflow_env/lib/python3.8/site-packages/airflow/example_dags/example_external_task_marker_dag.py
[2022-03-22 17:57:38,082] {logging_mixin.py:109} INFO - [2022-03-22 17:57:38,081] {dag.py:2398} INFO - Sync 2 DAGs
[2022-03-22 17:57:38,093] {logging_mixin.py:109} INFO - [2022-03-22 17:57:38,093] {dag.py:2937} INFO - Setting next_dagrun for example_external_task_marker_child to None
[2022-03-22 17:57:38,093] {logging_mixin.py:109} INFO - [2022-03-22 17:57:38,093] {dag.py:2937} INFO - Setting next_dagrun for example_external_task_marker_parent to None
[2022-03-22 17:57:38,144] {processor.py:171} INFO - Processing /Users/adebolafagbule/opt/anaconda3/envs/airflow_env/lib/python3.8/site-packages/airflow/example_dags/example_external_task_marker_dag.py took 0.189 seconds
[2022-03-22 18:00:00,470] {processor.py:163} INFO - Started process (PID=65010) to work on /Users/adebolafagbule/opt/anaconda3/envs/airflow_env/lib/python3.8/site-packages/airflow/example_dags/example_external_task_marker_dag.py
[2022-03-22 18:00:00,473] {processor.py:642} INFO - Processing file /Users/adebolafagbule/opt/anaconda3/envs/airflow_env/lib/python3.8/site-packages/airflow/example_dags/example_external_task_marker_dag.py for tasks to queue
[2022-03-22 18:00:00,475] {logging_mixin.py:109} INFO - [2022-03-22 18:00:00,474] {dagbag.py:500} INFO - Filling up the DagBag from /Users/adebolafagbule/opt/anaconda3/envs/airflow_env/lib/python3.8/site-packages/airflow/example_dags/example_external_task_marker_dag.py
[2022-03-22 18:00:00,525] {processor.py:654} INFO - DAG(s) dict_keys(['example_external_task_marker_parent', 'example_external_task_marker_child']) retrieved from /Users/adebolafagbule/opt/anaconda3/envs/airflow_env/lib/python3.8/site-packages/airflow/example_dags/example_external_task_marker_dag.py
[2022-03-22 18:00:00,579] {logging_mixin.py:109} INFO - [2022-03-22 18:00:00,579] {dag.py:2398} INFO - Sync 2 DAGs
[2022-03-22 18:00:00,590] {logging_mixin.py:109} INFO - [2022-03-22 18:00:00,589] {dag.py:2937} INFO - Setting next_dagrun for example_external_task_marker_child to None
[2022-03-22 18:00:00,590] {logging_mixin.py:109} INFO - [2022-03-22 18:00:00,590] {dag.py:2937} INFO - Setting next_dagrun for example_external_task_marker_parent to None
[2022-03-22 18:00:00,598] {processor.py:171} INFO - Processing /Users/adebolafagbule/opt/anaconda3/envs/airflow_env/lib/python3.8/site-packages/airflow/example_dags/example_external_task_marker_dag.py took 0.136 seconds
[2022-03-22 18:02:26,138] {processor.py:163} INFO - Started process (PID=65104) to work on /Users/adebolafagbule/opt/anaconda3/envs/airflow_env/lib/python3.8/site-packages/airflow/example_dags/example_external_task_marker_dag.py
[2022-03-22 18:02:26,139] {processor.py:642} INFO - Processing file /Users/adebolafagbule/opt/anaconda3/envs/airflow_env/lib/python3.8/site-packages/airflow/example_dags/example_external_task_marker_dag.py for tasks to queue
[2022-03-22 18:02:26,140] {logging_mixin.py:109} INFO - [2022-03-22 18:02:26,140] {dagbag.py:500} INFO - Filling up the DagBag from /Users/adebolafagbule/opt/anaconda3/envs/airflow_env/lib/python3.8/site-packages/airflow/example_dags/example_external_task_marker_dag.py
[2022-03-22 18:02:26,231] {processor.py:654} INFO - DAG(s) dict_keys(['example_external_task_marker_parent', 'example_external_task_marker_child']) retrieved from /Users/adebolafagbule/opt/anaconda3/envs/airflow_env/lib/python3.8/site-packages/airflow/example_dags/example_external_task_marker_dag.py
[2022-03-22 18:02:26,265] {logging_mixin.py:109} INFO - [2022-03-22 18:02:26,265] {dag.py:2398} INFO - Sync 2 DAGs
[2022-03-22 18:02:26,275] {logging_mixin.py:109} INFO - [2022-03-22 18:02:26,275] {dag.py:2937} INFO - Setting next_dagrun for example_external_task_marker_child to None
[2022-03-22 18:02:26,276] {logging_mixin.py:109} INFO - [2022-03-22 18:02:26,275] {dag.py:2937} INFO - Setting next_dagrun for example_external_task_marker_parent to None
[2022-03-22 18:02:26,283] {processor.py:171} INFO - Processing /Users/adebolafagbule/opt/anaconda3/envs/airflow_env/lib/python3.8/site-packages/airflow/example_dags/example_external_task_marker_dag.py took 0.146 seconds
[2022-03-22 18:04:49,544] {processor.py:163} INFO - Started process (PID=65195) to work on /Users/adebolafagbule/opt/anaconda3/envs/airflow_env/lib/python3.8/site-packages/airflow/example_dags/example_external_task_marker_dag.py
[2022-03-22 18:04:49,545] {processor.py:642} INFO - Processing file /Users/adebolafagbule/opt/anaconda3/envs/airflow_env/lib/python3.8/site-packages/airflow/example_dags/example_external_task_marker_dag.py for tasks to queue
[2022-03-22 18:04:49,546] {logging_mixin.py:109} INFO - [2022-03-22 18:04:49,546] {dagbag.py:500} INFO - Filling up the DagBag from /Users/adebolafagbule/opt/anaconda3/envs/airflow_env/lib/python3.8/site-packages/airflow/example_dags/example_external_task_marker_dag.py
[2022-03-22 18:04:49,645] {processor.py:654} INFO - DAG(s) dict_keys(['example_external_task_marker_parent', 'example_external_task_marker_child']) retrieved from /Users/adebolafagbule/opt/anaconda3/envs/airflow_env/lib/python3.8/site-packages/airflow/example_dags/example_external_task_marker_dag.py
[2022-03-22 18:04:49,677] {logging_mixin.py:109} INFO - [2022-03-22 18:04:49,677] {dag.py:2398} INFO - Sync 2 DAGs
[2022-03-22 18:04:49,706] {logging_mixin.py:109} INFO - [2022-03-22 18:04:49,706] {dag.py:2937} INFO - Setting next_dagrun for example_external_task_marker_child to None
[2022-03-22 18:04:49,706] {logging_mixin.py:109} INFO - [2022-03-22 18:04:49,706] {dag.py:2937} INFO - Setting next_dagrun for example_external_task_marker_parent to None
[2022-03-22 18:04:49,722] {processor.py:171} INFO - Processing /Users/adebolafagbule/opt/anaconda3/envs/airflow_env/lib/python3.8/site-packages/airflow/example_dags/example_external_task_marker_dag.py took 0.179 seconds
[2022-03-22 18:06:43,381] {processor.py:163} INFO - Started process (PID=65281) to work on /Users/adebolafagbule/opt/anaconda3/envs/airflow_env/lib/python3.8/site-packages/airflow/example_dags/example_external_task_marker_dag.py
[2022-03-22 18:06:43,382] {processor.py:642} INFO - Processing file /Users/adebolafagbule/opt/anaconda3/envs/airflow_env/lib/python3.8/site-packages/airflow/example_dags/example_external_task_marker_dag.py for tasks to queue
[2022-03-22 18:06:43,383] {logging_mixin.py:109} INFO - [2022-03-22 18:06:43,383] {dagbag.py:500} INFO - Filling up the DagBag from /Users/adebolafagbule/opt/anaconda3/envs/airflow_env/lib/python3.8/site-packages/airflow/example_dags/example_external_task_marker_dag.py
[2022-03-22 18:06:43,423] {processor.py:654} INFO - DAG(s) dict_keys(['example_external_task_marker_parent', 'example_external_task_marker_child']) retrieved from /Users/adebolafagbule/opt/anaconda3/envs/airflow_env/lib/python3.8/site-packages/airflow/example_dags/example_external_task_marker_dag.py
[2022-03-22 18:06:43,440] {logging_mixin.py:109} INFO - [2022-03-22 18:06:43,440] {dag.py:2398} INFO - Sync 2 DAGs
[2022-03-22 18:06:43,449] {logging_mixin.py:109} INFO - [2022-03-22 18:06:43,449] {dag.py:2937} INFO - Setting next_dagrun for example_external_task_marker_child to None
[2022-03-22 18:06:43,449] {logging_mixin.py:109} INFO - [2022-03-22 18:06:43,449] {dag.py:2937} INFO - Setting next_dagrun for example_external_task_marker_parent to None
[2022-03-22 18:06:43,456] {processor.py:171} INFO - Processing /Users/adebolafagbule/opt/anaconda3/envs/airflow_env/lib/python3.8/site-packages/airflow/example_dags/example_external_task_marker_dag.py took 0.075 seconds
[2022-03-22 18:08:31,412] {processor.py:163} INFO - Started process (PID=65367) to work on /Users/adebolafagbule/opt/anaconda3/envs/airflow_env/lib/python3.8/site-packages/airflow/example_dags/example_external_task_marker_dag.py
[2022-03-22 18:08:31,413] {processor.py:642} INFO - Processing file /Users/adebolafagbule/opt/anaconda3/envs/airflow_env/lib/python3.8/site-packages/airflow/example_dags/example_external_task_marker_dag.py for tasks to queue
[2022-03-22 18:08:31,414] {logging_mixin.py:109} INFO - [2022-03-22 18:08:31,414] {dagbag.py:500} INFO - Filling up the DagBag from /Users/adebolafagbule/opt/anaconda3/envs/airflow_env/lib/python3.8/site-packages/airflow/example_dags/example_external_task_marker_dag.py
[2022-03-22 18:08:31,462] {processor.py:654} INFO - DAG(s) dict_keys(['example_external_task_marker_parent', 'example_external_task_marker_child']) retrieved from /Users/adebolafagbule/opt/anaconda3/envs/airflow_env/lib/python3.8/site-packages/airflow/example_dags/example_external_task_marker_dag.py
[2022-03-22 18:08:31,482] {logging_mixin.py:109} INFO - [2022-03-22 18:08:31,481] {dag.py:2398} INFO - Sync 2 DAGs
[2022-03-22 18:08:31,491] {logging_mixin.py:109} INFO - [2022-03-22 18:08:31,491] {dag.py:2937} INFO - Setting next_dagrun for example_external_task_marker_child to None
[2022-03-22 18:08:31,491] {logging_mixin.py:109} INFO - [2022-03-22 18:08:31,491] {dag.py:2937} INFO - Setting next_dagrun for example_external_task_marker_parent to None
[2022-03-22 18:08:31,500] {processor.py:171} INFO - Processing /Users/adebolafagbule/opt/anaconda3/envs/airflow_env/lib/python3.8/site-packages/airflow/example_dags/example_external_task_marker_dag.py took 0.088 seconds
[2022-03-22 18:10:25,972] {processor.py:163} INFO - Started process (PID=65451) to work on /Users/adebolafagbule/opt/anaconda3/envs/airflow_env/lib/python3.8/site-packages/airflow/example_dags/example_external_task_marker_dag.py
[2022-03-22 18:10:25,974] {processor.py:642} INFO - Processing file /Users/adebolafagbule/opt/anaconda3/envs/airflow_env/lib/python3.8/site-packages/airflow/example_dags/example_external_task_marker_dag.py for tasks to queue
[2022-03-22 18:10:25,974] {logging_mixin.py:109} INFO - [2022-03-22 18:10:25,974] {dagbag.py:500} INFO - Filling up the DagBag from /Users/adebolafagbule/opt/anaconda3/envs/airflow_env/lib/python3.8/site-packages/airflow/example_dags/example_external_task_marker_dag.py
[2022-03-22 18:10:26,022] {processor.py:654} INFO - DAG(s) dict_keys(['example_external_task_marker_parent', 'example_external_task_marker_child']) retrieved from /Users/adebolafagbule/opt/anaconda3/envs/airflow_env/lib/python3.8/site-packages/airflow/example_dags/example_external_task_marker_dag.py
[2022-03-22 18:10:26,074] {logging_mixin.py:109} INFO - [2022-03-22 18:10:26,073] {dag.py:2398} INFO - Sync 2 DAGs
[2022-03-22 18:10:26,086] {logging_mixin.py:109} INFO - [2022-03-22 18:10:26,086] {dag.py:2937} INFO - Setting next_dagrun for example_external_task_marker_child to None
[2022-03-22 18:10:26,087] {logging_mixin.py:109} INFO - [2022-03-22 18:10:26,086] {dag.py:2937} INFO - Setting next_dagrun for example_external_task_marker_parent to None
[2022-03-22 18:10:26,095] {processor.py:171} INFO - Processing /Users/adebolafagbule/opt/anaconda3/envs/airflow_env/lib/python3.8/site-packages/airflow/example_dags/example_external_task_marker_dag.py took 0.123 seconds
[2022-03-22 18:12:16,358] {processor.py:163} INFO - Started process (PID=65538) to work on /Users/adebolafagbule/opt/anaconda3/envs/airflow_env/lib/python3.8/site-packages/airflow/example_dags/example_external_task_marker_dag.py
[2022-03-22 18:12:16,359] {processor.py:642} INFO - Processing file /Users/adebolafagbule/opt/anaconda3/envs/airflow_env/lib/python3.8/site-packages/airflow/example_dags/example_external_task_marker_dag.py for tasks to queue
[2022-03-22 18:12:16,360] {logging_mixin.py:109} INFO - [2022-03-22 18:12:16,360] {dagbag.py:500} INFO - Filling up the DagBag from /Users/adebolafagbule/opt/anaconda3/envs/airflow_env/lib/python3.8/site-packages/airflow/example_dags/example_external_task_marker_dag.py
[2022-03-22 18:12:16,403] {processor.py:654} INFO - DAG(s) dict_keys(['example_external_task_marker_parent', 'example_external_task_marker_child']) retrieved from /Users/adebolafagbule/opt/anaconda3/envs/airflow_env/lib/python3.8/site-packages/airflow/example_dags/example_external_task_marker_dag.py
[2022-03-22 18:12:16,421] {logging_mixin.py:109} INFO - [2022-03-22 18:12:16,421] {dag.py:2398} INFO - Sync 2 DAGs
[2022-03-22 18:12:16,430] {logging_mixin.py:109} INFO - [2022-03-22 18:12:16,430] {dag.py:2937} INFO - Setting next_dagrun for example_external_task_marker_child to None
[2022-03-22 18:12:16,430] {logging_mixin.py:109} INFO - [2022-03-22 18:12:16,430] {dag.py:2937} INFO - Setting next_dagrun for example_external_task_marker_parent to None
[2022-03-22 18:12:16,437] {processor.py:171} INFO - Processing /Users/adebolafagbule/opt/anaconda3/envs/airflow_env/lib/python3.8/site-packages/airflow/example_dags/example_external_task_marker_dag.py took 0.080 seconds
[2022-03-22 18:14:04,721] {processor.py:163} INFO - Started process (PID=65620) to work on /Users/adebolafagbule/opt/anaconda3/envs/airflow_env/lib/python3.8/site-packages/airflow/example_dags/example_external_task_marker_dag.py
[2022-03-22 18:14:04,731] {processor.py:642} INFO - Processing file /Users/adebolafagbule/opt/anaconda3/envs/airflow_env/lib/python3.8/site-packages/airflow/example_dags/example_external_task_marker_dag.py for tasks to queue
[2022-03-22 18:14:04,741] {logging_mixin.py:109} INFO - [2022-03-22 18:14:04,740] {dagbag.py:500} INFO - Filling up the DagBag from /Users/adebolafagbule/opt/anaconda3/envs/airflow_env/lib/python3.8/site-packages/airflow/example_dags/example_external_task_marker_dag.py
[2022-03-22 18:14:04,807] {processor.py:654} INFO - DAG(s) dict_keys(['example_external_task_marker_parent', 'example_external_task_marker_child']) retrieved from /Users/adebolafagbule/opt/anaconda3/envs/airflow_env/lib/python3.8/site-packages/airflow/example_dags/example_external_task_marker_dag.py
[2022-03-22 18:14:04,865] {logging_mixin.py:109} INFO - [2022-03-22 18:14:04,864] {dag.py:2398} INFO - Sync 2 DAGs
[2022-03-22 18:14:04,875] {logging_mixin.py:109} INFO - [2022-03-22 18:14:04,875] {dag.py:2937} INFO - Setting next_dagrun for example_external_task_marker_child to None
[2022-03-22 18:14:04,875] {logging_mixin.py:109} INFO - [2022-03-22 18:14:04,875] {dag.py:2937} INFO - Setting next_dagrun for example_external_task_marker_parent to None
[2022-03-22 18:14:04,883] {processor.py:171} INFO - Processing /Users/adebolafagbule/opt/anaconda3/envs/airflow_env/lib/python3.8/site-packages/airflow/example_dags/example_external_task_marker_dag.py took 0.174 seconds
[2022-03-22 18:16:07,747] {processor.py:163} INFO - Started process (PID=65720) to work on /Users/adebolafagbule/opt/anaconda3/envs/airflow_env/lib/python3.8/site-packages/airflow/example_dags/example_external_task_marker_dag.py
[2022-03-22 18:16:07,748] {processor.py:642} INFO - Processing file /Users/adebolafagbule/opt/anaconda3/envs/airflow_env/lib/python3.8/site-packages/airflow/example_dags/example_external_task_marker_dag.py for tasks to queue
[2022-03-22 18:16:07,749] {logging_mixin.py:109} INFO - [2022-03-22 18:16:07,749] {dagbag.py:500} INFO - Filling up the DagBag from /Users/adebolafagbule/opt/anaconda3/envs/airflow_env/lib/python3.8/site-packages/airflow/example_dags/example_external_task_marker_dag.py
[2022-03-22 18:16:07,782] {processor.py:654} INFO - DAG(s) dict_keys(['example_external_task_marker_parent', 'example_external_task_marker_child']) retrieved from /Users/adebolafagbule/opt/anaconda3/envs/airflow_env/lib/python3.8/site-packages/airflow/example_dags/example_external_task_marker_dag.py
[2022-03-22 18:16:07,800] {logging_mixin.py:109} INFO - [2022-03-22 18:16:07,799] {dag.py:2398} INFO - Sync 2 DAGs
[2022-03-22 18:16:07,810] {logging_mixin.py:109} INFO - [2022-03-22 18:16:07,810] {dag.py:2937} INFO - Setting next_dagrun for example_external_task_marker_child to None
[2022-03-22 18:16:07,810] {logging_mixin.py:109} INFO - [2022-03-22 18:16:07,810] {dag.py:2937} INFO - Setting next_dagrun for example_external_task_marker_parent to None
[2022-03-22 18:16:07,817] {processor.py:171} INFO - Processing /Users/adebolafagbule/opt/anaconda3/envs/airflow_env/lib/python3.8/site-packages/airflow/example_dags/example_external_task_marker_dag.py took 0.071 seconds
[2022-03-22 18:17:51,992] {processor.py:163} INFO - Started process (PID=65801) to work on /Users/adebolafagbule/opt/anaconda3/envs/airflow_env/lib/python3.8/site-packages/airflow/example_dags/example_external_task_marker_dag.py
[2022-03-22 18:17:51,994] {processor.py:642} INFO - Processing file /Users/adebolafagbule/opt/anaconda3/envs/airflow_env/lib/python3.8/site-packages/airflow/example_dags/example_external_task_marker_dag.py for tasks to queue
[2022-03-22 18:17:51,995] {logging_mixin.py:109} INFO - [2022-03-22 18:17:51,995] {dagbag.py:500} INFO - Filling up the DagBag from /Users/adebolafagbule/opt/anaconda3/envs/airflow_env/lib/python3.8/site-packages/airflow/example_dags/example_external_task_marker_dag.py
[2022-03-22 18:17:52,082] {processor.py:654} INFO - DAG(s) dict_keys(['example_external_task_marker_parent', 'example_external_task_marker_child']) retrieved from /Users/adebolafagbule/opt/anaconda3/envs/airflow_env/lib/python3.8/site-packages/airflow/example_dags/example_external_task_marker_dag.py
[2022-03-22 18:17:52,114] {logging_mixin.py:109} INFO - [2022-03-22 18:17:52,114] {dag.py:2398} INFO - Sync 2 DAGs
[2022-03-22 18:17:52,124] {logging_mixin.py:109} INFO - [2022-03-22 18:17:52,124] {dag.py:2937} INFO - Setting next_dagrun for example_external_task_marker_child to None
[2022-03-22 18:17:52,124] {logging_mixin.py:109} INFO - [2022-03-22 18:17:52,124] {dag.py:2937} INFO - Setting next_dagrun for example_external_task_marker_parent to None
[2022-03-22 18:17:52,131] {processor.py:171} INFO - Processing /Users/adebolafagbule/opt/anaconda3/envs/airflow_env/lib/python3.8/site-packages/airflow/example_dags/example_external_task_marker_dag.py took 0.142 seconds
[2022-03-22 18:19:28,656] {processor.py:163} INFO - Started process (PID=65880) to work on /Users/adebolafagbule/opt/anaconda3/envs/airflow_env/lib/python3.8/site-packages/airflow/example_dags/example_external_task_marker_dag.py
[2022-03-22 18:19:28,657] {processor.py:642} INFO - Processing file /Users/adebolafagbule/opt/anaconda3/envs/airflow_env/lib/python3.8/site-packages/airflow/example_dags/example_external_task_marker_dag.py for tasks to queue
[2022-03-22 18:19:28,657] {logging_mixin.py:109} INFO - [2022-03-22 18:19:28,657] {dagbag.py:500} INFO - Filling up the DagBag from /Users/adebolafagbule/opt/anaconda3/envs/airflow_env/lib/python3.8/site-packages/airflow/example_dags/example_external_task_marker_dag.py
[2022-03-22 18:19:28,695] {processor.py:654} INFO - DAG(s) dict_keys(['example_external_task_marker_parent', 'example_external_task_marker_child']) retrieved from /Users/adebolafagbule/opt/anaconda3/envs/airflow_env/lib/python3.8/site-packages/airflow/example_dags/example_external_task_marker_dag.py
[2022-03-22 18:19:28,712] {logging_mixin.py:109} INFO - [2022-03-22 18:19:28,712] {dag.py:2398} INFO - Sync 2 DAGs
[2022-03-22 18:19:28,721] {logging_mixin.py:109} INFO - [2022-03-22 18:19:28,721] {dag.py:2937} INFO - Setting next_dagrun for example_external_task_marker_child to None
[2022-03-22 18:19:28,721] {logging_mixin.py:109} INFO - [2022-03-22 18:19:28,721] {dag.py:2937} INFO - Setting next_dagrun for example_external_task_marker_parent to None
[2022-03-22 18:19:28,728] {processor.py:171} INFO - Processing /Users/adebolafagbule/opt/anaconda3/envs/airflow_env/lib/python3.8/site-packages/airflow/example_dags/example_external_task_marker_dag.py took 0.073 seconds
[2022-03-22 18:21:03,472] {processor.py:163} INFO - Started process (PID=65960) to work on /Users/adebolafagbule/opt/anaconda3/envs/airflow_env/lib/python3.8/site-packages/airflow/example_dags/example_external_task_marker_dag.py
[2022-03-22 18:21:03,473] {processor.py:642} INFO - Processing file /Users/adebolafagbule/opt/anaconda3/envs/airflow_env/lib/python3.8/site-packages/airflow/example_dags/example_external_task_marker_dag.py for tasks to queue
[2022-03-22 18:21:03,473] {logging_mixin.py:109} INFO - [2022-03-22 18:21:03,473] {dagbag.py:500} INFO - Filling up the DagBag from /Users/adebolafagbule/opt/anaconda3/envs/airflow_env/lib/python3.8/site-packages/airflow/example_dags/example_external_task_marker_dag.py
[2022-03-22 18:21:03,515] {processor.py:654} INFO - DAG(s) dict_keys(['example_external_task_marker_parent', 'example_external_task_marker_child']) retrieved from /Users/adebolafagbule/opt/anaconda3/envs/airflow_env/lib/python3.8/site-packages/airflow/example_dags/example_external_task_marker_dag.py
[2022-03-22 18:21:03,532] {logging_mixin.py:109} INFO - [2022-03-22 18:21:03,532] {dag.py:2398} INFO - Sync 2 DAGs
[2022-03-22 18:21:03,542] {logging_mixin.py:109} INFO - [2022-03-22 18:21:03,542] {dag.py:2937} INFO - Setting next_dagrun for example_external_task_marker_child to None
[2022-03-22 18:21:03,542] {logging_mixin.py:109} INFO - [2022-03-22 18:21:03,542] {dag.py:2937} INFO - Setting next_dagrun for example_external_task_marker_parent to None
[2022-03-22 18:21:03,549] {processor.py:171} INFO - Processing /Users/adebolafagbule/opt/anaconda3/envs/airflow_env/lib/python3.8/site-packages/airflow/example_dags/example_external_task_marker_dag.py took 0.078 seconds
[2022-03-22 18:22:30,911] {processor.py:163} INFO - Started process (PID=66037) to work on /Users/adebolafagbule/opt/anaconda3/envs/airflow_env/lib/python3.8/site-packages/airflow/example_dags/example_external_task_marker_dag.py
[2022-03-22 18:22:30,912] {processor.py:642} INFO - Processing file /Users/adebolafagbule/opt/anaconda3/envs/airflow_env/lib/python3.8/site-packages/airflow/example_dags/example_external_task_marker_dag.py for tasks to queue
[2022-03-22 18:22:30,913] {logging_mixin.py:109} INFO - [2022-03-22 18:22:30,913] {dagbag.py:500} INFO - Filling up the DagBag from /Users/adebolafagbule/opt/anaconda3/envs/airflow_env/lib/python3.8/site-packages/airflow/example_dags/example_external_task_marker_dag.py
[2022-03-22 18:22:30,954] {processor.py:654} INFO - DAG(s) dict_keys(['example_external_task_marker_parent', 'example_external_task_marker_child']) retrieved from /Users/adebolafagbule/opt/anaconda3/envs/airflow_env/lib/python3.8/site-packages/airflow/example_dags/example_external_task_marker_dag.py
[2022-03-22 18:22:30,971] {logging_mixin.py:109} INFO - [2022-03-22 18:22:30,971] {dag.py:2398} INFO - Sync 2 DAGs
[2022-03-22 18:22:30,980] {logging_mixin.py:109} INFO - [2022-03-22 18:22:30,980] {dag.py:2937} INFO - Setting next_dagrun for example_external_task_marker_child to None
[2022-03-22 18:22:30,980] {logging_mixin.py:109} INFO - [2022-03-22 18:22:30,980] {dag.py:2937} INFO - Setting next_dagrun for example_external_task_marker_parent to None
[2022-03-22 18:22:30,989] {processor.py:171} INFO - Processing /Users/adebolafagbule/opt/anaconda3/envs/airflow_env/lib/python3.8/site-packages/airflow/example_dags/example_external_task_marker_dag.py took 0.079 seconds
[2022-03-22 18:23:59,543] {processor.py:163} INFO - Started process (PID=66115) to work on /Users/adebolafagbule/opt/anaconda3/envs/airflow_env/lib/python3.8/site-packages/airflow/example_dags/example_external_task_marker_dag.py
[2022-03-22 18:23:59,545] {processor.py:642} INFO - Processing file /Users/adebolafagbule/opt/anaconda3/envs/airflow_env/lib/python3.8/site-packages/airflow/example_dags/example_external_task_marker_dag.py for tasks to queue
[2022-03-22 18:23:59,545] {logging_mixin.py:109} INFO - [2022-03-22 18:23:59,545] {dagbag.py:500} INFO - Filling up the DagBag from /Users/adebolafagbule/opt/anaconda3/envs/airflow_env/lib/python3.8/site-packages/airflow/example_dags/example_external_task_marker_dag.py
[2022-03-22 18:23:59,586] {processor.py:654} INFO - DAG(s) dict_keys(['example_external_task_marker_parent', 'example_external_task_marker_child']) retrieved from /Users/adebolafagbule/opt/anaconda3/envs/airflow_env/lib/python3.8/site-packages/airflow/example_dags/example_external_task_marker_dag.py
[2022-03-22 18:23:59,605] {logging_mixin.py:109} INFO - [2022-03-22 18:23:59,605] {dag.py:2398} INFO - Sync 2 DAGs
[2022-03-22 18:23:59,615] {logging_mixin.py:109} INFO - [2022-03-22 18:23:59,614] {dag.py:2937} INFO - Setting next_dagrun for example_external_task_marker_child to None
[2022-03-22 18:23:59,615] {logging_mixin.py:109} INFO - [2022-03-22 18:23:59,615] {dag.py:2937} INFO - Setting next_dagrun for example_external_task_marker_parent to None
[2022-03-22 18:23:59,622] {processor.py:171} INFO - Processing /Users/adebolafagbule/opt/anaconda3/envs/airflow_env/lib/python3.8/site-packages/airflow/example_dags/example_external_task_marker_dag.py took 0.079 seconds
[2022-03-22 18:25:30,436] {processor.py:163} INFO - Started process (PID=66192) to work on /Users/adebolafagbule/opt/anaconda3/envs/airflow_env/lib/python3.8/site-packages/airflow/example_dags/example_external_task_marker_dag.py
[2022-03-22 18:25:30,437] {processor.py:642} INFO - Processing file /Users/adebolafagbule/opt/anaconda3/envs/airflow_env/lib/python3.8/site-packages/airflow/example_dags/example_external_task_marker_dag.py for tasks to queue
[2022-03-22 18:25:30,438] {logging_mixin.py:109} INFO - [2022-03-22 18:25:30,438] {dagbag.py:500} INFO - Filling up the DagBag from /Users/adebolafagbule/opt/anaconda3/envs/airflow_env/lib/python3.8/site-packages/airflow/example_dags/example_external_task_marker_dag.py
[2022-03-22 18:25:30,487] {processor.py:654} INFO - DAG(s) dict_keys(['example_external_task_marker_parent', 'example_external_task_marker_child']) retrieved from /Users/adebolafagbule/opt/anaconda3/envs/airflow_env/lib/python3.8/site-packages/airflow/example_dags/example_external_task_marker_dag.py
[2022-03-22 18:25:30,506] {logging_mixin.py:109} INFO - [2022-03-22 18:25:30,506] {dag.py:2398} INFO - Sync 2 DAGs
[2022-03-22 18:25:30,516] {logging_mixin.py:109} INFO - [2022-03-22 18:25:30,516] {dag.py:2937} INFO - Setting next_dagrun for example_external_task_marker_child to None
[2022-03-22 18:25:30,516] {logging_mixin.py:109} INFO - [2022-03-22 18:25:30,516] {dag.py:2937} INFO - Setting next_dagrun for example_external_task_marker_parent to None
[2022-03-22 18:25:30,523] {processor.py:171} INFO - Processing /Users/adebolafagbule/opt/anaconda3/envs/airflow_env/lib/python3.8/site-packages/airflow/example_dags/example_external_task_marker_dag.py took 0.088 seconds
[2022-03-22 18:27:13,743] {processor.py:163} INFO - Started process (PID=66277) to work on /Users/adebolafagbule/opt/anaconda3/envs/airflow_env/lib/python3.8/site-packages/airflow/example_dags/example_external_task_marker_dag.py
[2022-03-22 18:27:13,744] {processor.py:642} INFO - Processing file /Users/adebolafagbule/opt/anaconda3/envs/airflow_env/lib/python3.8/site-packages/airflow/example_dags/example_external_task_marker_dag.py for tasks to queue
[2022-03-22 18:27:13,745] {logging_mixin.py:109} INFO - [2022-03-22 18:27:13,745] {dagbag.py:500} INFO - Filling up the DagBag from /Users/adebolafagbule/opt/anaconda3/envs/airflow_env/lib/python3.8/site-packages/airflow/example_dags/example_external_task_marker_dag.py
[2022-03-22 18:27:13,803] {processor.py:654} INFO - DAG(s) dict_keys(['example_external_task_marker_parent', 'example_external_task_marker_child']) retrieved from /Users/adebolafagbule/opt/anaconda3/envs/airflow_env/lib/python3.8/site-packages/airflow/example_dags/example_external_task_marker_dag.py
[2022-03-22 18:27:13,832] {logging_mixin.py:109} INFO - [2022-03-22 18:27:13,832] {dag.py:2398} INFO - Sync 2 DAGs
[2022-03-22 18:27:13,842] {logging_mixin.py:109} INFO - [2022-03-22 18:27:13,842] {dag.py:2937} INFO - Setting next_dagrun for example_external_task_marker_child to None
[2022-03-22 18:27:13,842] {logging_mixin.py:109} INFO - [2022-03-22 18:27:13,842] {dag.py:2937} INFO - Setting next_dagrun for example_external_task_marker_parent to None
[2022-03-22 18:27:13,849] {processor.py:171} INFO - Processing /Users/adebolafagbule/opt/anaconda3/envs/airflow_env/lib/python3.8/site-packages/airflow/example_dags/example_external_task_marker_dag.py took 0.107 seconds
[2022-03-22 19:21:37,838] {processor.py:163} INFO - Started process (PID=66367) to work on /Users/adebolafagbule/opt/anaconda3/envs/airflow_env/lib/python3.8/site-packages/airflow/example_dags/example_external_task_marker_dag.py
[2022-03-22 19:21:37,840] {processor.py:642} INFO - Processing file /Users/adebolafagbule/opt/anaconda3/envs/airflow_env/lib/python3.8/site-packages/airflow/example_dags/example_external_task_marker_dag.py for tasks to queue
[2022-03-22 19:21:37,840] {logging_mixin.py:109} INFO - [2022-03-22 19:21:37,840] {dagbag.py:500} INFO - Filling up the DagBag from /Users/adebolafagbule/opt/anaconda3/envs/airflow_env/lib/python3.8/site-packages/airflow/example_dags/example_external_task_marker_dag.py
[2022-03-22 19:21:37,910] {processor.py:654} INFO - DAG(s) dict_keys(['example_external_task_marker_parent', 'example_external_task_marker_child']) retrieved from /Users/adebolafagbule/opt/anaconda3/envs/airflow_env/lib/python3.8/site-packages/airflow/example_dags/example_external_task_marker_dag.py
[2022-03-22 19:21:37,945] {logging_mixin.py:109} INFO - [2022-03-22 19:21:37,945] {dag.py:2398} INFO - Sync 2 DAGs
[2022-03-22 19:21:37,965] {logging_mixin.py:109} INFO - [2022-03-22 19:21:37,965] {dag.py:2937} INFO - Setting next_dagrun for example_external_task_marker_child to None
[2022-03-22 19:21:37,966] {logging_mixin.py:109} INFO - [2022-03-22 19:21:37,966] {dag.py:2937} INFO - Setting next_dagrun for example_external_task_marker_parent to None
[2022-03-22 19:21:37,979] {processor.py:171} INFO - Processing /Users/adebolafagbule/opt/anaconda3/envs/airflow_env/lib/python3.8/site-packages/airflow/example_dags/example_external_task_marker_dag.py took 0.142 seconds
