[2022-03-21 21:44:07,108] {processor.py:163} INFO - Started process (PID=61176) to work on /Users/adebolafagbule/opt/anaconda3/envs/airflow_env/lib/python3.8/site-packages/airflow/example_dags/example_bash_operator.py
[2022-03-21 21:44:07,109] {processor.py:642} INFO - Processing file /Users/adebolafagbule/opt/anaconda3/envs/airflow_env/lib/python3.8/site-packages/airflow/example_dags/example_bash_operator.py for tasks to queue
[2022-03-21 21:44:07,109] {logging_mixin.py:109} INFO - [2022-03-21 21:44:07,109] {dagbag.py:500} INFO - Filling up the DagBag from /Users/adebolafagbule/opt/anaconda3/envs/airflow_env/lib/python3.8/site-packages/airflow/example_dags/example_bash_operator.py
[2022-03-21 21:44:07,187] {processor.py:654} INFO - DAG(s) dict_keys(['example_bash_operator']) retrieved from /Users/adebolafagbule/opt/anaconda3/envs/airflow_env/lib/python3.8/site-packages/airflow/example_dags/example_bash_operator.py
[2022-03-21 21:44:07,218] {logging_mixin.py:109} INFO - [2022-03-21 21:44:07,218] {dag.py:2398} INFO - Sync 1 DAGs
[2022-03-21 21:44:07,239] {logging_mixin.py:109} INFO - [2022-03-21 21:44:07,239] {dag.py:2937} INFO - Setting next_dagrun for example_bash_operator to 2022-03-21 00:00:00+00:00
[2022-03-21 21:44:07,251] {processor.py:171} INFO - Processing /Users/adebolafagbule/opt/anaconda3/envs/airflow_env/lib/python3.8/site-packages/airflow/example_dags/example_bash_operator.py took 0.144 seconds
[2022-03-22 04:36:55,270] {processor.py:163} INFO - Started process (PID=61383) to work on /Users/adebolafagbule/opt/anaconda3/envs/airflow_env/lib/python3.8/site-packages/airflow/example_dags/example_bash_operator.py
[2022-03-22 04:36:55,272] {processor.py:642} INFO - Processing file /Users/adebolafagbule/opt/anaconda3/envs/airflow_env/lib/python3.8/site-packages/airflow/example_dags/example_bash_operator.py for tasks to queue
[2022-03-22 04:36:55,272] {logging_mixin.py:109} INFO - [2022-03-22 04:36:55,272] {dagbag.py:500} INFO - Filling up the DagBag from /Users/adebolafagbule/opt/anaconda3/envs/airflow_env/lib/python3.8/site-packages/airflow/example_dags/example_bash_operator.py
[2022-03-22 04:36:55,346] {processor.py:654} INFO - DAG(s) dict_keys(['example_bash_operator']) retrieved from /Users/adebolafagbule/opt/anaconda3/envs/airflow_env/lib/python3.8/site-packages/airflow/example_dags/example_bash_operator.py
[2022-03-22 04:36:55,380] {logging_mixin.py:109} INFO - [2022-03-22 04:36:55,380] {dag.py:2398} INFO - Sync 1 DAGs
[2022-03-22 04:36:55,403] {logging_mixin.py:109} INFO - [2022-03-22 04:36:55,403] {dag.py:2937} INFO - Setting next_dagrun for example_bash_operator to 2022-03-21 00:00:00+00:00
[2022-03-22 04:36:55,416] {processor.py:171} INFO - Processing /Users/adebolafagbule/opt/anaconda3/envs/airflow_env/lib/python3.8/site-packages/airflow/example_dags/example_bash_operator.py took 0.147 seconds
[2022-03-22 08:10:32,672] {processor.py:163} INFO - Started process (PID=61546) to work on /Users/adebolafagbule/opt/anaconda3/envs/airflow_env/lib/python3.8/site-packages/airflow/example_dags/example_bash_operator.py
[2022-03-22 08:10:32,673] {processor.py:642} INFO - Processing file /Users/adebolafagbule/opt/anaconda3/envs/airflow_env/lib/python3.8/site-packages/airflow/example_dags/example_bash_operator.py for tasks to queue
[2022-03-22 08:10:32,673] {logging_mixin.py:109} INFO - [2022-03-22 08:10:32,673] {dagbag.py:500} INFO - Filling up the DagBag from /Users/adebolafagbule/opt/anaconda3/envs/airflow_env/lib/python3.8/site-packages/airflow/example_dags/example_bash_operator.py
[2022-03-22 08:10:32,713] {processor.py:654} INFO - DAG(s) dict_keys(['example_bash_operator']) retrieved from /Users/adebolafagbule/opt/anaconda3/envs/airflow_env/lib/python3.8/site-packages/airflow/example_dags/example_bash_operator.py
[2022-03-22 08:10:32,729] {logging_mixin.py:109} INFO - [2022-03-22 08:10:32,729] {dag.py:2398} INFO - Sync 1 DAGs
[2022-03-22 08:10:32,742] {logging_mixin.py:109} INFO - [2022-03-22 08:10:32,742] {dag.py:2937} INFO - Setting next_dagrun for example_bash_operator to 2022-03-21 00:00:00+00:00
[2022-03-22 08:10:32,749] {processor.py:171} INFO - Processing /Users/adebolafagbule/opt/anaconda3/envs/airflow_env/lib/python3.8/site-packages/airflow/example_dags/example_bash_operator.py took 0.077 seconds
[2022-03-22 08:41:38,307] {processor.py:163} INFO - Started process (PID=61732) to work on /Users/adebolafagbule/opt/anaconda3/envs/airflow_env/lib/python3.8/site-packages/airflow/example_dags/example_bash_operator.py
[2022-03-22 08:41:38,309] {processor.py:642} INFO - Processing file /Users/adebolafagbule/opt/anaconda3/envs/airflow_env/lib/python3.8/site-packages/airflow/example_dags/example_bash_operator.py for tasks to queue
[2022-03-22 08:41:38,310] {logging_mixin.py:109} INFO - [2022-03-22 08:41:38,310] {dagbag.py:500} INFO - Filling up the DagBag from /Users/adebolafagbule/opt/anaconda3/envs/airflow_env/lib/python3.8/site-packages/airflow/example_dags/example_bash_operator.py
[2022-03-22 08:41:38,377] {processor.py:654} INFO - DAG(s) dict_keys(['example_bash_operator']) retrieved from /Users/adebolafagbule/opt/anaconda3/envs/airflow_env/lib/python3.8/site-packages/airflow/example_dags/example_bash_operator.py
[2022-03-22 08:41:38,407] {logging_mixin.py:109} INFO - [2022-03-22 08:41:38,407] {dag.py:2398} INFO - Sync 1 DAGs
[2022-03-22 08:41:38,424] {logging_mixin.py:109} INFO - [2022-03-22 08:41:38,423] {dag.py:2937} INFO - Setting next_dagrun for example_bash_operator to 2022-03-21 00:00:00+00:00
[2022-03-22 08:41:38,433] {processor.py:171} INFO - Processing /Users/adebolafagbule/opt/anaconda3/envs/airflow_env/lib/python3.8/site-packages/airflow/example_dags/example_bash_operator.py took 0.154 seconds
[2022-03-22 09:35:43,392] {processor.py:163} INFO - Started process (PID=61894) to work on /Users/adebolafagbule/opt/anaconda3/envs/airflow_env/lib/python3.8/site-packages/airflow/example_dags/example_bash_operator.py
[2022-03-22 09:35:43,393] {processor.py:642} INFO - Processing file /Users/adebolafagbule/opt/anaconda3/envs/airflow_env/lib/python3.8/site-packages/airflow/example_dags/example_bash_operator.py for tasks to queue
[2022-03-22 09:35:43,394] {logging_mixin.py:109} INFO - [2022-03-22 09:35:43,394] {dagbag.py:500} INFO - Filling up the DagBag from /Users/adebolafagbule/opt/anaconda3/envs/airflow_env/lib/python3.8/site-packages/airflow/example_dags/example_bash_operator.py
[2022-03-22 09:35:43,469] {processor.py:654} INFO - DAG(s) dict_keys(['example_bash_operator']) retrieved from /Users/adebolafagbule/opt/anaconda3/envs/airflow_env/lib/python3.8/site-packages/airflow/example_dags/example_bash_operator.py
[2022-03-22 09:35:43,502] {logging_mixin.py:109} INFO - [2022-03-22 09:35:43,502] {dag.py:2398} INFO - Sync 1 DAGs
[2022-03-22 09:35:43,524] {logging_mixin.py:109} INFO - [2022-03-22 09:35:43,524] {dag.py:2937} INFO - Setting next_dagrun for example_bash_operator to 2022-03-21 00:00:00+00:00
[2022-03-22 09:35:43,537] {processor.py:171} INFO - Processing /Users/adebolafagbule/opt/anaconda3/envs/airflow_env/lib/python3.8/site-packages/airflow/example_dags/example_bash_operator.py took 0.147 seconds
[2022-03-22 10:11:06,441] {processor.py:163} INFO - Started process (PID=62035) to work on /Users/adebolafagbule/opt/anaconda3/envs/airflow_env/lib/python3.8/site-packages/airflow/example_dags/example_bash_operator.py
[2022-03-22 10:11:06,442] {processor.py:642} INFO - Processing file /Users/adebolafagbule/opt/anaconda3/envs/airflow_env/lib/python3.8/site-packages/airflow/example_dags/example_bash_operator.py for tasks to queue
[2022-03-22 10:11:06,443] {logging_mixin.py:109} INFO - [2022-03-22 10:11:06,443] {dagbag.py:500} INFO - Filling up the DagBag from /Users/adebolafagbule/opt/anaconda3/envs/airflow_env/lib/python3.8/site-packages/airflow/example_dags/example_bash_operator.py
[2022-03-22 10:11:06,499] {processor.py:654} INFO - DAG(s) dict_keys(['example_bash_operator']) retrieved from /Users/adebolafagbule/opt/anaconda3/envs/airflow_env/lib/python3.8/site-packages/airflow/example_dags/example_bash_operator.py
[2022-03-22 10:11:06,527] {logging_mixin.py:109} INFO - [2022-03-22 10:11:06,527] {dag.py:2398} INFO - Sync 1 DAGs
[2022-03-22 10:11:06,544] {logging_mixin.py:109} INFO - [2022-03-22 10:11:06,544] {dag.py:2937} INFO - Setting next_dagrun for example_bash_operator to 2022-03-21 00:00:00+00:00
[2022-03-22 10:11:06,554] {processor.py:171} INFO - Processing /Users/adebolafagbule/opt/anaconda3/envs/airflow_env/lib/python3.8/site-packages/airflow/example_dags/example_bash_operator.py took 0.114 seconds
[2022-03-22 11:00:52,303] {processor.py:163} INFO - Started process (PID=62212) to work on /Users/adebolafagbule/opt/anaconda3/envs/airflow_env/lib/python3.8/site-packages/airflow/example_dags/example_bash_operator.py
[2022-03-22 11:00:52,306] {processor.py:642} INFO - Processing file /Users/adebolafagbule/opt/anaconda3/envs/airflow_env/lib/python3.8/site-packages/airflow/example_dags/example_bash_operator.py for tasks to queue
[2022-03-22 11:00:52,307] {logging_mixin.py:109} INFO - [2022-03-22 11:00:52,307] {dagbag.py:500} INFO - Filling up the DagBag from /Users/adebolafagbule/opt/anaconda3/envs/airflow_env/lib/python3.8/site-packages/airflow/example_dags/example_bash_operator.py
[2022-03-22 11:00:52,352] {processor.py:654} INFO - DAG(s) dict_keys(['example_bash_operator']) retrieved from /Users/adebolafagbule/opt/anaconda3/envs/airflow_env/lib/python3.8/site-packages/airflow/example_dags/example_bash_operator.py
[2022-03-22 11:00:52,374] {logging_mixin.py:109} INFO - [2022-03-22 11:00:52,374] {dag.py:2398} INFO - Sync 1 DAGs
[2022-03-22 11:00:52,384] {logging_mixin.py:109} INFO - [2022-03-22 11:00:52,384] {dag.py:2937} INFO - Setting next_dagrun for example_bash_operator to 2022-03-21 00:00:00+00:00
[2022-03-22 11:00:52,389] {processor.py:171} INFO - Processing /Users/adebolafagbule/opt/anaconda3/envs/airflow_env/lib/python3.8/site-packages/airflow/example_dags/example_bash_operator.py took 0.087 seconds
[2022-03-22 11:02:08,383] {processor.py:163} INFO - Started process (PID=62296) to work on /Users/adebolafagbule/opt/anaconda3/envs/airflow_env/lib/python3.8/site-packages/airflow/example_dags/example_bash_operator.py
[2022-03-22 11:02:08,383] {processor.py:642} INFO - Processing file /Users/adebolafagbule/opt/anaconda3/envs/airflow_env/lib/python3.8/site-packages/airflow/example_dags/example_bash_operator.py for tasks to queue
[2022-03-22 11:02:08,384] {logging_mixin.py:109} INFO - [2022-03-22 11:02:08,384] {dagbag.py:500} INFO - Filling up the DagBag from /Users/adebolafagbule/opt/anaconda3/envs/airflow_env/lib/python3.8/site-packages/airflow/example_dags/example_bash_operator.py
[2022-03-22 11:02:08,418] {processor.py:654} INFO - DAG(s) dict_keys(['example_bash_operator']) retrieved from /Users/adebolafagbule/opt/anaconda3/envs/airflow_env/lib/python3.8/site-packages/airflow/example_dags/example_bash_operator.py
[2022-03-22 11:02:08,437] {logging_mixin.py:109} INFO - [2022-03-22 11:02:08,437] {dag.py:2398} INFO - Sync 1 DAGs
[2022-03-22 11:02:08,446] {logging_mixin.py:109} INFO - [2022-03-22 11:02:08,446] {dag.py:2937} INFO - Setting next_dagrun for example_bash_operator to 2022-03-21 00:00:00+00:00
[2022-03-22 11:02:08,451] {processor.py:171} INFO - Processing /Users/adebolafagbule/opt/anaconda3/envs/airflow_env/lib/python3.8/site-packages/airflow/example_dags/example_bash_operator.py took 0.069 seconds
[2022-03-22 11:03:24,334] {processor.py:163} INFO - Started process (PID=62470) to work on /Users/adebolafagbule/opt/anaconda3/envs/airflow_env/lib/python3.8/site-packages/airflow/example_dags/example_bash_operator.py
[2022-03-22 11:03:24,335] {processor.py:642} INFO - Processing file /Users/adebolafagbule/opt/anaconda3/envs/airflow_env/lib/python3.8/site-packages/airflow/example_dags/example_bash_operator.py for tasks to queue
[2022-03-22 11:03:24,336] {logging_mixin.py:109} INFO - [2022-03-22 11:03:24,336] {dagbag.py:500} INFO - Filling up the DagBag from /Users/adebolafagbule/opt/anaconda3/envs/airflow_env/lib/python3.8/site-packages/airflow/example_dags/example_bash_operator.py
[2022-03-22 11:03:24,365] {processor.py:654} INFO - DAG(s) dict_keys(['example_bash_operator']) retrieved from /Users/adebolafagbule/opt/anaconda3/envs/airflow_env/lib/python3.8/site-packages/airflow/example_dags/example_bash_operator.py
[2022-03-22 11:03:24,381] {logging_mixin.py:109} INFO - [2022-03-22 11:03:24,381] {dag.py:2398} INFO - Sync 1 DAGs
[2022-03-22 11:03:24,395] {logging_mixin.py:109} INFO - [2022-03-22 11:03:24,395] {dag.py:2937} INFO - Setting next_dagrun for example_bash_operator to 2022-03-21 00:00:00+00:00
[2022-03-22 11:03:24,402] {processor.py:171} INFO - Processing /Users/adebolafagbule/opt/anaconda3/envs/airflow_env/lib/python3.8/site-packages/airflow/example_dags/example_bash_operator.py took 0.068 seconds
[2022-03-22 11:04:43,403] {processor.py:163} INFO - Started process (PID=62545) to work on /Users/adebolafagbule/opt/anaconda3/envs/airflow_env/lib/python3.8/site-packages/airflow/example_dags/example_bash_operator.py
[2022-03-22 11:04:43,404] {processor.py:642} INFO - Processing file /Users/adebolafagbule/opt/anaconda3/envs/airflow_env/lib/python3.8/site-packages/airflow/example_dags/example_bash_operator.py for tasks to queue
[2022-03-22 11:04:43,404] {logging_mixin.py:109} INFO - [2022-03-22 11:04:43,404] {dagbag.py:500} INFO - Filling up the DagBag from /Users/adebolafagbule/opt/anaconda3/envs/airflow_env/lib/python3.8/site-packages/airflow/example_dags/example_bash_operator.py
[2022-03-22 11:04:43,434] {processor.py:654} INFO - DAG(s) dict_keys(['example_bash_operator']) retrieved from /Users/adebolafagbule/opt/anaconda3/envs/airflow_env/lib/python3.8/site-packages/airflow/example_dags/example_bash_operator.py
[2022-03-22 11:04:43,448] {logging_mixin.py:109} INFO - [2022-03-22 11:04:43,448] {dag.py:2398} INFO - Sync 1 DAGs
[2022-03-22 11:04:43,457] {logging_mixin.py:109} INFO - [2022-03-22 11:04:43,457] {dag.py:2937} INFO - Setting next_dagrun for example_bash_operator to 2022-03-21 00:00:00+00:00
[2022-03-22 11:04:43,462] {processor.py:171} INFO - Processing /Users/adebolafagbule/opt/anaconda3/envs/airflow_env/lib/python3.8/site-packages/airflow/example_dags/example_bash_operator.py took 0.059 seconds
[2022-03-22 11:40:45,199] {processor.py:163} INFO - Started process (PID=62689) to work on /Users/adebolafagbule/opt/anaconda3/envs/airflow_env/lib/python3.8/site-packages/airflow/example_dags/example_bash_operator.py
[2022-03-22 11:40:45,820] {processor.py:642} INFO - Processing file /Users/adebolafagbule/opt/anaconda3/envs/airflow_env/lib/python3.8/site-packages/airflow/example_dags/example_bash_operator.py for tasks to queue
[2022-03-22 11:40:45,822] {logging_mixin.py:109} INFO - [2022-03-22 11:40:45,821] {dagbag.py:500} INFO - Filling up the DagBag from /Users/adebolafagbule/opt/anaconda3/envs/airflow_env/lib/python3.8/site-packages/airflow/example_dags/example_bash_operator.py
[2022-03-22 11:40:45,961] {processor.py:654} INFO - DAG(s) dict_keys(['example_bash_operator']) retrieved from /Users/adebolafagbule/opt/anaconda3/envs/airflow_env/lib/python3.8/site-packages/airflow/example_dags/example_bash_operator.py
[2022-03-22 11:40:45,992] {logging_mixin.py:109} INFO - [2022-03-22 11:40:45,992] {dag.py:2398} INFO - Sync 1 DAGs
[2022-03-22 11:40:46,009] {logging_mixin.py:109} INFO - [2022-03-22 11:40:46,009] {dag.py:2937} INFO - Setting next_dagrun for example_bash_operator to 2022-03-21 00:00:00+00:00
[2022-03-22 11:40:46,022] {processor.py:171} INFO - Processing /Users/adebolafagbule/opt/anaconda3/envs/airflow_env/lib/python3.8/site-packages/airflow/example_dags/example_bash_operator.py took 0.823 seconds
[2022-03-22 12:47:05,075] {processor.py:163} INFO - Started process (PID=62868) to work on /Users/adebolafagbule/opt/anaconda3/envs/airflow_env/lib/python3.8/site-packages/airflow/example_dags/example_bash_operator.py
[2022-03-22 12:47:05,077] {processor.py:642} INFO - Processing file /Users/adebolafagbule/opt/anaconda3/envs/airflow_env/lib/python3.8/site-packages/airflow/example_dags/example_bash_operator.py for tasks to queue
[2022-03-22 12:47:05,078] {logging_mixin.py:109} INFO - [2022-03-22 12:47:05,077] {dagbag.py:500} INFO - Filling up the DagBag from /Users/adebolafagbule/opt/anaconda3/envs/airflow_env/lib/python3.8/site-packages/airflow/example_dags/example_bash_operator.py
[2022-03-22 12:47:05,150] {processor.py:654} INFO - DAG(s) dict_keys(['example_bash_operator']) retrieved from /Users/adebolafagbule/opt/anaconda3/envs/airflow_env/lib/python3.8/site-packages/airflow/example_dags/example_bash_operator.py
[2022-03-22 12:47:05,185] {logging_mixin.py:109} INFO - [2022-03-22 12:47:05,185] {dag.py:2398} INFO - Sync 1 DAGs
[2022-03-22 12:47:05,207] {logging_mixin.py:109} INFO - [2022-03-22 12:47:05,207] {dag.py:2937} INFO - Setting next_dagrun for example_bash_operator to 2022-03-21 00:00:00+00:00
[2022-03-22 12:47:05,220] {processor.py:171} INFO - Processing /Users/adebolafagbule/opt/anaconda3/envs/airflow_env/lib/python3.8/site-packages/airflow/example_dags/example_bash_operator.py took 0.146 seconds
[2022-03-22 14:18:31,434] {processor.py:163} INFO - Started process (PID=63021) to work on /Users/adebolafagbule/opt/anaconda3/envs/airflow_env/lib/python3.8/site-packages/airflow/example_dags/example_bash_operator.py
[2022-03-22 14:18:31,436] {processor.py:642} INFO - Processing file /Users/adebolafagbule/opt/anaconda3/envs/airflow_env/lib/python3.8/site-packages/airflow/example_dags/example_bash_operator.py for tasks to queue
[2022-03-22 14:18:31,437] {logging_mixin.py:109} INFO - [2022-03-22 14:18:31,437] {dagbag.py:500} INFO - Filling up the DagBag from /Users/adebolafagbule/opt/anaconda3/envs/airflow_env/lib/python3.8/site-packages/airflow/example_dags/example_bash_operator.py
[2022-03-22 14:18:31,508] {processor.py:654} INFO - DAG(s) dict_keys(['example_bash_operator']) retrieved from /Users/adebolafagbule/opt/anaconda3/envs/airflow_env/lib/python3.8/site-packages/airflow/example_dags/example_bash_operator.py
[2022-03-22 14:18:31,562] {logging_mixin.py:109} INFO - [2022-03-22 14:18:31,561] {dag.py:2398} INFO - Sync 1 DAGs
[2022-03-22 14:18:31,584] {logging_mixin.py:109} INFO - [2022-03-22 14:18:31,584] {dag.py:2937} INFO - Setting next_dagrun for example_bash_operator to 2022-03-21 00:00:00+00:00
[2022-03-22 14:18:31,596] {processor.py:171} INFO - Processing /Users/adebolafagbule/opt/anaconda3/envs/airflow_env/lib/python3.8/site-packages/airflow/example_dags/example_bash_operator.py took 0.163 seconds
[2022-03-22 15:15:26,891] {processor.py:163} INFO - Started process (PID=63209) to work on /Users/adebolafagbule/opt/anaconda3/envs/airflow_env/lib/python3.8/site-packages/airflow/example_dags/example_bash_operator.py
[2022-03-22 15:15:26,893] {processor.py:642} INFO - Processing file /Users/adebolafagbule/opt/anaconda3/envs/airflow_env/lib/python3.8/site-packages/airflow/example_dags/example_bash_operator.py for tasks to queue
[2022-03-22 15:15:26,894] {logging_mixin.py:109} INFO - [2022-03-22 15:15:26,893] {dagbag.py:500} INFO - Filling up the DagBag from /Users/adebolafagbule/opt/anaconda3/envs/airflow_env/lib/python3.8/site-packages/airflow/example_dags/example_bash_operator.py
[2022-03-22 15:15:26,967] {processor.py:654} INFO - DAG(s) dict_keys(['example_bash_operator']) retrieved from /Users/adebolafagbule/opt/anaconda3/envs/airflow_env/lib/python3.8/site-packages/airflow/example_dags/example_bash_operator.py
[2022-03-22 15:15:27,002] {logging_mixin.py:109} INFO - [2022-03-22 15:15:27,001] {dag.py:2398} INFO - Sync 1 DAGs
[2022-03-22 15:15:27,024] {logging_mixin.py:109} INFO - [2022-03-22 15:15:27,024] {dag.py:2937} INFO - Setting next_dagrun for example_bash_operator to 2022-03-21 00:00:00+00:00
[2022-03-22 15:15:27,037] {processor.py:171} INFO - Processing /Users/adebolafagbule/opt/anaconda3/envs/airflow_env/lib/python3.8/site-packages/airflow/example_dags/example_bash_operator.py took 0.147 seconds
[2022-03-22 16:28:49,134] {processor.py:163} INFO - Started process (PID=63338) to work on /Users/adebolafagbule/opt/anaconda3/envs/airflow_env/lib/python3.8/site-packages/airflow/example_dags/example_bash_operator.py
[2022-03-22 16:28:49,136] {processor.py:642} INFO - Processing file /Users/adebolafagbule/opt/anaconda3/envs/airflow_env/lib/python3.8/site-packages/airflow/example_dags/example_bash_operator.py for tasks to queue
[2022-03-22 16:28:49,157] {logging_mixin.py:109} INFO - [2022-03-22 16:28:49,157] {dagbag.py:500} INFO - Filling up the DagBag from /Users/adebolafagbule/opt/anaconda3/envs/airflow_env/lib/python3.8/site-packages/airflow/example_dags/example_bash_operator.py
[2022-03-22 16:28:49,244] {processor.py:654} INFO - DAG(s) dict_keys(['example_bash_operator']) retrieved from /Users/adebolafagbule/opt/anaconda3/envs/airflow_env/lib/python3.8/site-packages/airflow/example_dags/example_bash_operator.py
[2022-03-22 16:28:49,278] {logging_mixin.py:109} INFO - [2022-03-22 16:28:49,278] {dag.py:2398} INFO - Sync 1 DAGs
[2022-03-22 16:28:49,334] {logging_mixin.py:109} INFO - [2022-03-22 16:28:49,333] {dag.py:2937} INFO - Setting next_dagrun for example_bash_operator to 2022-03-21 00:00:00+00:00
[2022-03-22 16:28:49,354] {processor.py:171} INFO - Processing /Users/adebolafagbule/opt/anaconda3/envs/airflow_env/lib/python3.8/site-packages/airflow/example_dags/example_bash_operator.py took 0.223 seconds
[2022-03-22 17:30:15,820] {processor.py:163} INFO - Started process (PID=63495) to work on /Users/adebolafagbule/opt/anaconda3/envs/airflow_env/lib/python3.8/site-packages/airflow/example_dags/example_bash_operator.py
[2022-03-22 17:30:15,821] {processor.py:642} INFO - Processing file /Users/adebolafagbule/opt/anaconda3/envs/airflow_env/lib/python3.8/site-packages/airflow/example_dags/example_bash_operator.py for tasks to queue
[2022-03-22 17:30:15,822] {logging_mixin.py:109} INFO - [2022-03-22 17:30:15,822] {dagbag.py:500} INFO - Filling up the DagBag from /Users/adebolafagbule/opt/anaconda3/envs/airflow_env/lib/python3.8/site-packages/airflow/example_dags/example_bash_operator.py
[2022-03-22 17:30:15,856] {processor.py:654} INFO - DAG(s) dict_keys(['example_bash_operator']) retrieved from /Users/adebolafagbule/opt/anaconda3/envs/airflow_env/lib/python3.8/site-packages/airflow/example_dags/example_bash_operator.py
[2022-03-22 17:30:15,873] {logging_mixin.py:109} INFO - [2022-03-22 17:30:15,873] {dag.py:2398} INFO - Sync 1 DAGs
[2022-03-22 17:30:15,883] {logging_mixin.py:109} INFO - [2022-03-22 17:30:15,883] {dag.py:2937} INFO - Setting next_dagrun for example_bash_operator to 2022-03-21 00:00:00+00:00
[2022-03-22 17:30:15,889] {processor.py:171} INFO - Processing /Users/adebolafagbule/opt/anaconda3/envs/airflow_env/lib/python3.8/site-packages/airflow/example_dags/example_bash_operator.py took 0.070 seconds
[2022-03-22 17:31:42,616] {processor.py:163} INFO - Started process (PID=63582) to work on /Users/adebolafagbule/opt/anaconda3/envs/airflow_env/lib/python3.8/site-packages/airflow/example_dags/example_bash_operator.py
[2022-03-22 17:31:42,617] {processor.py:642} INFO - Processing file /Users/adebolafagbule/opt/anaconda3/envs/airflow_env/lib/python3.8/site-packages/airflow/example_dags/example_bash_operator.py for tasks to queue
[2022-03-22 17:31:42,617] {logging_mixin.py:109} INFO - [2022-03-22 17:31:42,617] {dagbag.py:500} INFO - Filling up the DagBag from /Users/adebolafagbule/opt/anaconda3/envs/airflow_env/lib/python3.8/site-packages/airflow/example_dags/example_bash_operator.py
[2022-03-22 17:31:42,653] {processor.py:654} INFO - DAG(s) dict_keys(['example_bash_operator']) retrieved from /Users/adebolafagbule/opt/anaconda3/envs/airflow_env/lib/python3.8/site-packages/airflow/example_dags/example_bash_operator.py
[2022-03-22 17:31:42,666] {logging_mixin.py:109} INFO - [2022-03-22 17:31:42,666] {dag.py:2398} INFO - Sync 1 DAGs
[2022-03-22 17:31:42,675] {logging_mixin.py:109} INFO - [2022-03-22 17:31:42,675] {dag.py:2937} INFO - Setting next_dagrun for example_bash_operator to 2022-03-21 00:00:00+00:00
[2022-03-22 17:31:42,682] {processor.py:171} INFO - Processing /Users/adebolafagbule/opt/anaconda3/envs/airflow_env/lib/python3.8/site-packages/airflow/example_dags/example_bash_operator.py took 0.066 seconds
[2022-03-22 17:33:14,227] {processor.py:163} INFO - Started process (PID=63664) to work on /Users/adebolafagbule/opt/anaconda3/envs/airflow_env/lib/python3.8/site-packages/airflow/example_dags/example_bash_operator.py
[2022-03-22 17:33:14,228] {processor.py:642} INFO - Processing file /Users/adebolafagbule/opt/anaconda3/envs/airflow_env/lib/python3.8/site-packages/airflow/example_dags/example_bash_operator.py for tasks to queue
[2022-03-22 17:33:14,229] {logging_mixin.py:109} INFO - [2022-03-22 17:33:14,229] {dagbag.py:500} INFO - Filling up the DagBag from /Users/adebolafagbule/opt/anaconda3/envs/airflow_env/lib/python3.8/site-packages/airflow/example_dags/example_bash_operator.py
[2022-03-22 17:33:14,270] {processor.py:654} INFO - DAG(s) dict_keys(['example_bash_operator']) retrieved from /Users/adebolafagbule/opt/anaconda3/envs/airflow_env/lib/python3.8/site-packages/airflow/example_dags/example_bash_operator.py
[2022-03-22 17:33:14,284] {logging_mixin.py:109} INFO - [2022-03-22 17:33:14,284] {dag.py:2398} INFO - Sync 1 DAGs
[2022-03-22 17:33:14,293] {logging_mixin.py:109} INFO - [2022-03-22 17:33:14,292] {dag.py:2937} INFO - Setting next_dagrun for example_bash_operator to 2022-03-21 00:00:00+00:00
[2022-03-22 17:33:14,298] {processor.py:171} INFO - Processing /Users/adebolafagbule/opt/anaconda3/envs/airflow_env/lib/python3.8/site-packages/airflow/example_dags/example_bash_operator.py took 0.072 seconds
[2022-03-22 17:34:28,555] {processor.py:163} INFO - Started process (PID=63738) to work on /Users/adebolafagbule/opt/anaconda3/envs/airflow_env/lib/python3.8/site-packages/airflow/example_dags/example_bash_operator.py
[2022-03-22 17:34:28,555] {processor.py:642} INFO - Processing file /Users/adebolafagbule/opt/anaconda3/envs/airflow_env/lib/python3.8/site-packages/airflow/example_dags/example_bash_operator.py for tasks to queue
[2022-03-22 17:34:28,556] {logging_mixin.py:109} INFO - [2022-03-22 17:34:28,556] {dagbag.py:500} INFO - Filling up the DagBag from /Users/adebolafagbule/opt/anaconda3/envs/airflow_env/lib/python3.8/site-packages/airflow/example_dags/example_bash_operator.py
[2022-03-22 17:34:28,583] {processor.py:654} INFO - DAG(s) dict_keys(['example_bash_operator']) retrieved from /Users/adebolafagbule/opt/anaconda3/envs/airflow_env/lib/python3.8/site-packages/airflow/example_dags/example_bash_operator.py
[2022-03-22 17:34:28,596] {logging_mixin.py:109} INFO - [2022-03-22 17:34:28,596] {dag.py:2398} INFO - Sync 1 DAGs
[2022-03-22 17:34:28,605] {logging_mixin.py:109} INFO - [2022-03-22 17:34:28,605] {dag.py:2937} INFO - Setting next_dagrun for example_bash_operator to 2022-03-21 00:00:00+00:00
[2022-03-22 17:34:28,611] {processor.py:171} INFO - Processing /Users/adebolafagbule/opt/anaconda3/envs/airflow_env/lib/python3.8/site-packages/airflow/example_dags/example_bash_operator.py took 0.056 seconds
[2022-03-22 17:35:42,027] {processor.py:163} INFO - Started process (PID=63811) to work on /Users/adebolafagbule/opt/anaconda3/envs/airflow_env/lib/python3.8/site-packages/airflow/example_dags/example_bash_operator.py
[2022-03-22 17:35:42,029] {processor.py:642} INFO - Processing file /Users/adebolafagbule/opt/anaconda3/envs/airflow_env/lib/python3.8/site-packages/airflow/example_dags/example_bash_operator.py for tasks to queue
[2022-03-22 17:35:42,029] {logging_mixin.py:109} INFO - [2022-03-22 17:35:42,029] {dagbag.py:500} INFO - Filling up the DagBag from /Users/adebolafagbule/opt/anaconda3/envs/airflow_env/lib/python3.8/site-packages/airflow/example_dags/example_bash_operator.py
[2022-03-22 17:35:42,070] {processor.py:654} INFO - DAG(s) dict_keys(['example_bash_operator']) retrieved from /Users/adebolafagbule/opt/anaconda3/envs/airflow_env/lib/python3.8/site-packages/airflow/example_dags/example_bash_operator.py
[2022-03-22 17:35:42,084] {logging_mixin.py:109} INFO - [2022-03-22 17:35:42,084] {dag.py:2398} INFO - Sync 1 DAGs
[2022-03-22 17:35:42,092] {logging_mixin.py:109} INFO - [2022-03-22 17:35:42,092] {dag.py:2937} INFO - Setting next_dagrun for example_bash_operator to 2022-03-21 00:00:00+00:00
[2022-03-22 17:35:42,100] {processor.py:171} INFO - Processing /Users/adebolafagbule/opt/anaconda3/envs/airflow_env/lib/python3.8/site-packages/airflow/example_dags/example_bash_operator.py took 0.073 seconds
[2022-03-22 17:36:57,338] {processor.py:163} INFO - Started process (PID=63884) to work on /Users/adebolafagbule/opt/anaconda3/envs/airflow_env/lib/python3.8/site-packages/airflow/example_dags/example_bash_operator.py
[2022-03-22 17:36:57,339] {processor.py:642} INFO - Processing file /Users/adebolafagbule/opt/anaconda3/envs/airflow_env/lib/python3.8/site-packages/airflow/example_dags/example_bash_operator.py for tasks to queue
[2022-03-22 17:36:57,340] {logging_mixin.py:109} INFO - [2022-03-22 17:36:57,340] {dagbag.py:500} INFO - Filling up the DagBag from /Users/adebolafagbule/opt/anaconda3/envs/airflow_env/lib/python3.8/site-packages/airflow/example_dags/example_bash_operator.py
[2022-03-22 17:36:57,381] {processor.py:654} INFO - DAG(s) dict_keys(['example_bash_operator']) retrieved from /Users/adebolafagbule/opt/anaconda3/envs/airflow_env/lib/python3.8/site-packages/airflow/example_dags/example_bash_operator.py
[2022-03-22 17:36:57,397] {logging_mixin.py:109} INFO - [2022-03-22 17:36:57,397] {dag.py:2398} INFO - Sync 1 DAGs
[2022-03-22 17:36:57,407] {logging_mixin.py:109} INFO - [2022-03-22 17:36:57,407] {dag.py:2937} INFO - Setting next_dagrun for example_bash_operator to 2022-03-21 00:00:00+00:00
[2022-03-22 17:36:57,412] {processor.py:171} INFO - Processing /Users/adebolafagbule/opt/anaconda3/envs/airflow_env/lib/python3.8/site-packages/airflow/example_dags/example_bash_operator.py took 0.075 seconds
[2022-03-22 17:38:16,412] {processor.py:163} INFO - Started process (PID=63956) to work on /Users/adebolafagbule/opt/anaconda3/envs/airflow_env/lib/python3.8/site-packages/airflow/example_dags/example_bash_operator.py
[2022-03-22 17:38:16,413] {processor.py:642} INFO - Processing file /Users/adebolafagbule/opt/anaconda3/envs/airflow_env/lib/python3.8/site-packages/airflow/example_dags/example_bash_operator.py for tasks to queue
[2022-03-22 17:38:16,414] {logging_mixin.py:109} INFO - [2022-03-22 17:38:16,414] {dagbag.py:500} INFO - Filling up the DagBag from /Users/adebolafagbule/opt/anaconda3/envs/airflow_env/lib/python3.8/site-packages/airflow/example_dags/example_bash_operator.py
[2022-03-22 17:38:16,445] {processor.py:654} INFO - DAG(s) dict_keys(['example_bash_operator']) retrieved from /Users/adebolafagbule/opt/anaconda3/envs/airflow_env/lib/python3.8/site-packages/airflow/example_dags/example_bash_operator.py
[2022-03-22 17:38:16,460] {logging_mixin.py:109} INFO - [2022-03-22 17:38:16,460] {dag.py:2398} INFO - Sync 1 DAGs
[2022-03-22 17:38:16,470] {logging_mixin.py:109} INFO - [2022-03-22 17:38:16,469] {dag.py:2937} INFO - Setting next_dagrun for example_bash_operator to 2022-03-21 00:00:00+00:00
[2022-03-22 17:38:16,476] {processor.py:171} INFO - Processing /Users/adebolafagbule/opt/anaconda3/envs/airflow_env/lib/python3.8/site-packages/airflow/example_dags/example_bash_operator.py took 0.064 seconds
[2022-03-22 17:39:47,647] {processor.py:163} INFO - Started process (PID=64036) to work on /Users/adebolafagbule/opt/anaconda3/envs/airflow_env/lib/python3.8/site-packages/airflow/example_dags/example_bash_operator.py
[2022-03-22 17:39:47,649] {processor.py:642} INFO - Processing file /Users/adebolafagbule/opt/anaconda3/envs/airflow_env/lib/python3.8/site-packages/airflow/example_dags/example_bash_operator.py for tasks to queue
[2022-03-22 17:39:47,649] {logging_mixin.py:109} INFO - [2022-03-22 17:39:47,649] {dagbag.py:500} INFO - Filling up the DagBag from /Users/adebolafagbule/opt/anaconda3/envs/airflow_env/lib/python3.8/site-packages/airflow/example_dags/example_bash_operator.py
[2022-03-22 17:39:47,690] {processor.py:654} INFO - DAG(s) dict_keys(['example_bash_operator']) retrieved from /Users/adebolafagbule/opt/anaconda3/envs/airflow_env/lib/python3.8/site-packages/airflow/example_dags/example_bash_operator.py
[2022-03-22 17:39:47,718] {logging_mixin.py:109} INFO - [2022-03-22 17:39:47,718] {dag.py:2398} INFO - Sync 1 DAGs
[2022-03-22 17:39:47,729] {logging_mixin.py:109} INFO - [2022-03-22 17:39:47,728] {dag.py:2937} INFO - Setting next_dagrun for example_bash_operator to 2022-03-21 00:00:00+00:00
[2022-03-22 17:39:47,736] {processor.py:171} INFO - Processing /Users/adebolafagbule/opt/anaconda3/envs/airflow_env/lib/python3.8/site-packages/airflow/example_dags/example_bash_operator.py took 0.089 seconds
[2022-03-22 17:41:13,197] {processor.py:163} INFO - Started process (PID=64110) to work on /Users/adebolafagbule/opt/anaconda3/envs/airflow_env/lib/python3.8/site-packages/airflow/example_dags/example_bash_operator.py
[2022-03-22 17:41:13,199] {processor.py:642} INFO - Processing file /Users/adebolafagbule/opt/anaconda3/envs/airflow_env/lib/python3.8/site-packages/airflow/example_dags/example_bash_operator.py for tasks to queue
[2022-03-22 17:41:13,199] {logging_mixin.py:109} INFO - [2022-03-22 17:41:13,199] {dagbag.py:500} INFO - Filling up the DagBag from /Users/adebolafagbule/opt/anaconda3/envs/airflow_env/lib/python3.8/site-packages/airflow/example_dags/example_bash_operator.py
[2022-03-22 17:41:13,241] {processor.py:654} INFO - DAG(s) dict_keys(['example_bash_operator']) retrieved from /Users/adebolafagbule/opt/anaconda3/envs/airflow_env/lib/python3.8/site-packages/airflow/example_dags/example_bash_operator.py
[2022-03-22 17:41:13,255] {logging_mixin.py:109} INFO - [2022-03-22 17:41:13,255] {dag.py:2398} INFO - Sync 1 DAGs
[2022-03-22 17:41:13,264] {logging_mixin.py:109} INFO - [2022-03-22 17:41:13,264] {dag.py:2937} INFO - Setting next_dagrun for example_bash_operator to 2022-03-21 00:00:00+00:00
[2022-03-22 17:41:13,269] {processor.py:171} INFO - Processing /Users/adebolafagbule/opt/anaconda3/envs/airflow_env/lib/python3.8/site-packages/airflow/example_dags/example_bash_operator.py took 0.072 seconds
[2022-03-22 17:42:53,727] {processor.py:163} INFO - Started process (PID=64194) to work on /Users/adebolafagbule/opt/anaconda3/envs/airflow_env/lib/python3.8/site-packages/airflow/example_dags/example_bash_operator.py
[2022-03-22 17:42:53,729] {processor.py:642} INFO - Processing file /Users/adebolafagbule/opt/anaconda3/envs/airflow_env/lib/python3.8/site-packages/airflow/example_dags/example_bash_operator.py for tasks to queue
[2022-03-22 17:42:53,730] {logging_mixin.py:109} INFO - [2022-03-22 17:42:53,730] {dagbag.py:500} INFO - Filling up the DagBag from /Users/adebolafagbule/opt/anaconda3/envs/airflow_env/lib/python3.8/site-packages/airflow/example_dags/example_bash_operator.py
[2022-03-22 17:42:53,819] {processor.py:654} INFO - DAG(s) dict_keys(['example_bash_operator']) retrieved from /Users/adebolafagbule/opt/anaconda3/envs/airflow_env/lib/python3.8/site-packages/airflow/example_dags/example_bash_operator.py
[2022-03-22 17:42:53,867] {logging_mixin.py:109} INFO - [2022-03-22 17:42:53,866] {dag.py:2398} INFO - Sync 1 DAGs
[2022-03-22 17:42:53,881] {logging_mixin.py:109} INFO - [2022-03-22 17:42:53,881] {dag.py:2937} INFO - Setting next_dagrun for example_bash_operator to 2022-03-21 00:00:00+00:00
[2022-03-22 17:42:53,888] {processor.py:171} INFO - Processing /Users/adebolafagbule/opt/anaconda3/envs/airflow_env/lib/python3.8/site-packages/airflow/example_dags/example_bash_operator.py took 0.162 seconds
[2022-03-22 17:44:23,685] {processor.py:163} INFO - Started process (PID=64272) to work on /Users/adebolafagbule/opt/anaconda3/envs/airflow_env/lib/python3.8/site-packages/airflow/example_dags/example_bash_operator.py
[2022-03-22 17:44:23,686] {processor.py:642} INFO - Processing file /Users/adebolafagbule/opt/anaconda3/envs/airflow_env/lib/python3.8/site-packages/airflow/example_dags/example_bash_operator.py for tasks to queue
[2022-03-22 17:44:23,688] {logging_mixin.py:109} INFO - [2022-03-22 17:44:23,688] {dagbag.py:500} INFO - Filling up the DagBag from /Users/adebolafagbule/opt/anaconda3/envs/airflow_env/lib/python3.8/site-packages/airflow/example_dags/example_bash_operator.py
[2022-03-22 17:44:23,814] {processor.py:654} INFO - DAG(s) dict_keys(['example_bash_operator']) retrieved from /Users/adebolafagbule/opt/anaconda3/envs/airflow_env/lib/python3.8/site-packages/airflow/example_dags/example_bash_operator.py
[2022-03-22 17:44:23,886] {logging_mixin.py:109} INFO - [2022-03-22 17:44:23,880] {dag.py:2398} INFO - Sync 1 DAGs
[2022-03-22 17:44:23,906] {logging_mixin.py:109} INFO - [2022-03-22 17:44:23,906] {dag.py:2937} INFO - Setting next_dagrun for example_bash_operator to 2022-03-21 00:00:00+00:00
[2022-03-22 17:44:23,915] {processor.py:171} INFO - Processing /Users/adebolafagbule/opt/anaconda3/envs/airflow_env/lib/python3.8/site-packages/airflow/example_dags/example_bash_operator.py took 0.231 seconds
[2022-03-22 17:45:58,278] {processor.py:163} INFO - Started process (PID=64358) to work on /Users/adebolafagbule/opt/anaconda3/envs/airflow_env/lib/python3.8/site-packages/airflow/example_dags/example_bash_operator.py
[2022-03-22 17:45:58,280] {processor.py:642} INFO - Processing file /Users/adebolafagbule/opt/anaconda3/envs/airflow_env/lib/python3.8/site-packages/airflow/example_dags/example_bash_operator.py for tasks to queue
[2022-03-22 17:45:58,280] {logging_mixin.py:109} INFO - [2022-03-22 17:45:58,280] {dagbag.py:500} INFO - Filling up the DagBag from /Users/adebolafagbule/opt/anaconda3/envs/airflow_env/lib/python3.8/site-packages/airflow/example_dags/example_bash_operator.py
[2022-03-22 17:45:58,331] {processor.py:654} INFO - DAG(s) dict_keys(['example_bash_operator']) retrieved from /Users/adebolafagbule/opt/anaconda3/envs/airflow_env/lib/python3.8/site-packages/airflow/example_dags/example_bash_operator.py
[2022-03-22 17:45:58,350] {logging_mixin.py:109} INFO - [2022-03-22 17:45:58,350] {dag.py:2398} INFO - Sync 1 DAGs
[2022-03-22 17:45:58,360] {logging_mixin.py:109} INFO - [2022-03-22 17:45:58,360] {dag.py:2937} INFO - Setting next_dagrun for example_bash_operator to 2022-03-21 00:00:00+00:00
[2022-03-22 17:45:58,367] {processor.py:171} INFO - Processing /Users/adebolafagbule/opt/anaconda3/envs/airflow_env/lib/python3.8/site-packages/airflow/example_dags/example_bash_operator.py took 0.090 seconds
[2022-03-22 17:47:26,766] {processor.py:163} INFO - Started process (PID=64436) to work on /Users/adebolafagbule/opt/anaconda3/envs/airflow_env/lib/python3.8/site-packages/airflow/example_dags/example_bash_operator.py
[2022-03-22 17:47:26,767] {processor.py:642} INFO - Processing file /Users/adebolafagbule/opt/anaconda3/envs/airflow_env/lib/python3.8/site-packages/airflow/example_dags/example_bash_operator.py for tasks to queue
[2022-03-22 17:47:26,767] {logging_mixin.py:109} INFO - [2022-03-22 17:47:26,767] {dagbag.py:500} INFO - Filling up the DagBag from /Users/adebolafagbule/opt/anaconda3/envs/airflow_env/lib/python3.8/site-packages/airflow/example_dags/example_bash_operator.py
[2022-03-22 17:47:26,800] {processor.py:654} INFO - DAG(s) dict_keys(['example_bash_operator']) retrieved from /Users/adebolafagbule/opt/anaconda3/envs/airflow_env/lib/python3.8/site-packages/airflow/example_dags/example_bash_operator.py
[2022-03-22 17:47:26,821] {logging_mixin.py:109} INFO - [2022-03-22 17:47:26,821] {dag.py:2398} INFO - Sync 1 DAGs
[2022-03-22 17:47:26,834] {logging_mixin.py:109} INFO - [2022-03-22 17:47:26,834] {dag.py:2937} INFO - Setting next_dagrun for example_bash_operator to 2022-03-21 00:00:00+00:00
[2022-03-22 17:47:26,841] {processor.py:171} INFO - Processing /Users/adebolafagbule/opt/anaconda3/envs/airflow_env/lib/python3.8/site-packages/airflow/example_dags/example_bash_operator.py took 0.075 seconds
[2022-03-22 17:48:51,884] {processor.py:163} INFO - Started process (PID=64514) to work on /Users/adebolafagbule/opt/anaconda3/envs/airflow_env/lib/python3.8/site-packages/airflow/example_dags/example_bash_operator.py
[2022-03-22 17:48:51,886] {processor.py:642} INFO - Processing file /Users/adebolafagbule/opt/anaconda3/envs/airflow_env/lib/python3.8/site-packages/airflow/example_dags/example_bash_operator.py for tasks to queue
[2022-03-22 17:48:51,886] {logging_mixin.py:109} INFO - [2022-03-22 17:48:51,886] {dagbag.py:500} INFO - Filling up the DagBag from /Users/adebolafagbule/opt/anaconda3/envs/airflow_env/lib/python3.8/site-packages/airflow/example_dags/example_bash_operator.py
[2022-03-22 17:48:51,918] {processor.py:654} INFO - DAG(s) dict_keys(['example_bash_operator']) retrieved from /Users/adebolafagbule/opt/anaconda3/envs/airflow_env/lib/python3.8/site-packages/airflow/example_dags/example_bash_operator.py
[2022-03-22 17:48:51,932] {logging_mixin.py:109} INFO - [2022-03-22 17:48:51,932] {dag.py:2398} INFO - Sync 1 DAGs
[2022-03-22 17:48:51,942] {logging_mixin.py:109} INFO - [2022-03-22 17:48:51,942] {dag.py:2937} INFO - Setting next_dagrun for example_bash_operator to 2022-03-21 00:00:00+00:00
[2022-03-22 17:48:51,948] {processor.py:171} INFO - Processing /Users/adebolafagbule/opt/anaconda3/envs/airflow_env/lib/python3.8/site-packages/airflow/example_dags/example_bash_operator.py took 0.064 seconds
[2022-03-22 17:50:16,449] {processor.py:163} INFO - Started process (PID=64592) to work on /Users/adebolafagbule/opt/anaconda3/envs/airflow_env/lib/python3.8/site-packages/airflow/example_dags/example_bash_operator.py
[2022-03-22 17:50:16,450] {processor.py:642} INFO - Processing file /Users/adebolafagbule/opt/anaconda3/envs/airflow_env/lib/python3.8/site-packages/airflow/example_dags/example_bash_operator.py for tasks to queue
[2022-03-22 17:50:16,450] {logging_mixin.py:109} INFO - [2022-03-22 17:50:16,450] {dagbag.py:500} INFO - Filling up the DagBag from /Users/adebolafagbule/opt/anaconda3/envs/airflow_env/lib/python3.8/site-packages/airflow/example_dags/example_bash_operator.py
[2022-03-22 17:50:16,484] {processor.py:654} INFO - DAG(s) dict_keys(['example_bash_operator']) retrieved from /Users/adebolafagbule/opt/anaconda3/envs/airflow_env/lib/python3.8/site-packages/airflow/example_dags/example_bash_operator.py
[2022-03-22 17:50:16,504] {logging_mixin.py:109} INFO - [2022-03-22 17:50:16,504] {dag.py:2398} INFO - Sync 1 DAGs
[2022-03-22 17:50:16,517] {logging_mixin.py:109} INFO - [2022-03-22 17:50:16,517] {dag.py:2937} INFO - Setting next_dagrun for example_bash_operator to 2022-03-21 00:00:00+00:00
[2022-03-22 17:50:16,523] {processor.py:171} INFO - Processing /Users/adebolafagbule/opt/anaconda3/envs/airflow_env/lib/python3.8/site-packages/airflow/example_dags/example_bash_operator.py took 0.075 seconds
[2022-03-22 17:51:47,919] {processor.py:163} INFO - Started process (PID=64671) to work on /Users/adebolafagbule/opt/anaconda3/envs/airflow_env/lib/python3.8/site-packages/airflow/example_dags/example_bash_operator.py
[2022-03-22 17:51:47,920] {processor.py:642} INFO - Processing file /Users/adebolafagbule/opt/anaconda3/envs/airflow_env/lib/python3.8/site-packages/airflow/example_dags/example_bash_operator.py for tasks to queue
[2022-03-22 17:51:47,920] {logging_mixin.py:109} INFO - [2022-03-22 17:51:47,920] {dagbag.py:500} INFO - Filling up the DagBag from /Users/adebolafagbule/opt/anaconda3/envs/airflow_env/lib/python3.8/site-packages/airflow/example_dags/example_bash_operator.py
[2022-03-22 17:51:47,962] {processor.py:654} INFO - DAG(s) dict_keys(['example_bash_operator']) retrieved from /Users/adebolafagbule/opt/anaconda3/envs/airflow_env/lib/python3.8/site-packages/airflow/example_dags/example_bash_operator.py
[2022-03-22 17:51:47,983] {logging_mixin.py:109} INFO - [2022-03-22 17:51:47,983] {dag.py:2398} INFO - Sync 1 DAGs
[2022-03-22 17:51:47,996] {logging_mixin.py:109} INFO - [2022-03-22 17:51:47,996] {dag.py:2937} INFO - Setting next_dagrun for example_bash_operator to 2022-03-21 00:00:00+00:00
[2022-03-22 17:51:48,003] {processor.py:171} INFO - Processing /Users/adebolafagbule/opt/anaconda3/envs/airflow_env/lib/python3.8/site-packages/airflow/example_dags/example_bash_operator.py took 0.084 seconds
[2022-03-22 17:53:22,669] {processor.py:163} INFO - Started process (PID=64750) to work on /Users/adebolafagbule/opt/anaconda3/envs/airflow_env/lib/python3.8/site-packages/airflow/example_dags/example_bash_operator.py
[2022-03-22 17:53:22,669] {processor.py:642} INFO - Processing file /Users/adebolafagbule/opt/anaconda3/envs/airflow_env/lib/python3.8/site-packages/airflow/example_dags/example_bash_operator.py for tasks to queue
[2022-03-22 17:53:22,670] {logging_mixin.py:109} INFO - [2022-03-22 17:53:22,670] {dagbag.py:500} INFO - Filling up the DagBag from /Users/adebolafagbule/opt/anaconda3/envs/airflow_env/lib/python3.8/site-packages/airflow/example_dags/example_bash_operator.py
[2022-03-22 17:53:22,748] {processor.py:654} INFO - DAG(s) dict_keys(['example_bash_operator']) retrieved from /Users/adebolafagbule/opt/anaconda3/envs/airflow_env/lib/python3.8/site-packages/airflow/example_dags/example_bash_operator.py
[2022-03-22 17:53:22,767] {logging_mixin.py:109} INFO - [2022-03-22 17:53:22,766] {dag.py:2398} INFO - Sync 1 DAGs
[2022-03-22 17:53:22,817] {logging_mixin.py:109} INFO - [2022-03-22 17:53:22,817] {dag.py:2937} INFO - Setting next_dagrun for example_bash_operator to 2022-03-21 00:00:00+00:00
[2022-03-22 17:53:22,827] {processor.py:171} INFO - Processing /Users/adebolafagbule/opt/anaconda3/envs/airflow_env/lib/python3.8/site-packages/airflow/example_dags/example_bash_operator.py took 0.159 seconds
[2022-03-22 17:55:16,031] {processor.py:163} INFO - Started process (PID=64830) to work on /Users/adebolafagbule/opt/anaconda3/envs/airflow_env/lib/python3.8/site-packages/airflow/example_dags/example_bash_operator.py
[2022-03-22 17:55:16,032] {processor.py:642} INFO - Processing file /Users/adebolafagbule/opt/anaconda3/envs/airflow_env/lib/python3.8/site-packages/airflow/example_dags/example_bash_operator.py for tasks to queue
[2022-03-22 17:55:16,033] {logging_mixin.py:109} INFO - [2022-03-22 17:55:16,033] {dagbag.py:500} INFO - Filling up the DagBag from /Users/adebolafagbule/opt/anaconda3/envs/airflow_env/lib/python3.8/site-packages/airflow/example_dags/example_bash_operator.py
[2022-03-22 17:55:16,071] {processor.py:654} INFO - DAG(s) dict_keys(['example_bash_operator']) retrieved from /Users/adebolafagbule/opt/anaconda3/envs/airflow_env/lib/python3.8/site-packages/airflow/example_dags/example_bash_operator.py
[2022-03-22 17:55:16,087] {logging_mixin.py:109} INFO - [2022-03-22 17:55:16,087] {dag.py:2398} INFO - Sync 1 DAGs
[2022-03-22 17:55:16,098] {logging_mixin.py:109} INFO - [2022-03-22 17:55:16,097] {dag.py:2937} INFO - Setting next_dagrun for example_bash_operator to 2022-03-21 00:00:00+00:00
[2022-03-22 17:55:16,104] {processor.py:171} INFO - Processing /Users/adebolafagbule/opt/anaconda3/envs/airflow_env/lib/python3.8/site-packages/airflow/example_dags/example_bash_operator.py took 0.073 seconds
[2022-03-22 17:57:51,606] {processor.py:163} INFO - Started process (PID=64929) to work on /Users/adebolafagbule/opt/anaconda3/envs/airflow_env/lib/python3.8/site-packages/airflow/example_dags/example_bash_operator.py
[2022-03-22 17:57:51,608] {processor.py:642} INFO - Processing file /Users/adebolafagbule/opt/anaconda3/envs/airflow_env/lib/python3.8/site-packages/airflow/example_dags/example_bash_operator.py for tasks to queue
[2022-03-22 17:57:51,608] {logging_mixin.py:109} INFO - [2022-03-22 17:57:51,608] {dagbag.py:500} INFO - Filling up the DagBag from /Users/adebolafagbule/opt/anaconda3/envs/airflow_env/lib/python3.8/site-packages/airflow/example_dags/example_bash_operator.py
[2022-03-22 17:57:51,694] {processor.py:654} INFO - DAG(s) dict_keys(['example_bash_operator']) retrieved from /Users/adebolafagbule/opt/anaconda3/envs/airflow_env/lib/python3.8/site-packages/airflow/example_dags/example_bash_operator.py
[2022-03-22 17:57:51,715] {logging_mixin.py:109} INFO - [2022-03-22 17:57:51,715] {dag.py:2398} INFO - Sync 1 DAGs
[2022-03-22 17:57:51,752] {logging_mixin.py:109} INFO - [2022-03-22 17:57:51,750] {dag.py:2937} INFO - Setting next_dagrun for example_bash_operator to 2022-03-21 00:00:00+00:00
[2022-03-22 17:57:51,763] {processor.py:171} INFO - Processing /Users/adebolafagbule/opt/anaconda3/envs/airflow_env/lib/python3.8/site-packages/airflow/example_dags/example_bash_operator.py took 0.158 seconds
[2022-03-22 18:00:18,193] {processor.py:163} INFO - Started process (PID=65020) to work on /Users/adebolafagbule/opt/anaconda3/envs/airflow_env/lib/python3.8/site-packages/airflow/example_dags/example_bash_operator.py
[2022-03-22 18:00:18,194] {processor.py:642} INFO - Processing file /Users/adebolafagbule/opt/anaconda3/envs/airflow_env/lib/python3.8/site-packages/airflow/example_dags/example_bash_operator.py for tasks to queue
[2022-03-22 18:00:18,195] {logging_mixin.py:109} INFO - [2022-03-22 18:00:18,195] {dagbag.py:500} INFO - Filling up the DagBag from /Users/adebolafagbule/opt/anaconda3/envs/airflow_env/lib/python3.8/site-packages/airflow/example_dags/example_bash_operator.py
[2022-03-22 18:00:18,261] {processor.py:654} INFO - DAG(s) dict_keys(['example_bash_operator']) retrieved from /Users/adebolafagbule/opt/anaconda3/envs/airflow_env/lib/python3.8/site-packages/airflow/example_dags/example_bash_operator.py
[2022-03-22 18:00:18,275] {logging_mixin.py:109} INFO - [2022-03-22 18:00:18,275] {dag.py:2398} INFO - Sync 1 DAGs
[2022-03-22 18:00:18,316] {logging_mixin.py:109} INFO - [2022-03-22 18:00:18,315] {dag.py:2937} INFO - Setting next_dagrun for example_bash_operator to 2022-03-21 00:00:00+00:00
[2022-03-22 18:00:18,324] {processor.py:171} INFO - Processing /Users/adebolafagbule/opt/anaconda3/envs/airflow_env/lib/python3.8/site-packages/airflow/example_dags/example_bash_operator.py took 0.132 seconds
[2022-03-22 18:02:40,687] {processor.py:163} INFO - Started process (PID=65114) to work on /Users/adebolafagbule/opt/anaconda3/envs/airflow_env/lib/python3.8/site-packages/airflow/example_dags/example_bash_operator.py
[2022-03-22 18:02:40,688] {processor.py:642} INFO - Processing file /Users/adebolafagbule/opt/anaconda3/envs/airflow_env/lib/python3.8/site-packages/airflow/example_dags/example_bash_operator.py for tasks to queue
[2022-03-22 18:02:40,688] {logging_mixin.py:109} INFO - [2022-03-22 18:02:40,688] {dagbag.py:500} INFO - Filling up the DagBag from /Users/adebolafagbule/opt/anaconda3/envs/airflow_env/lib/python3.8/site-packages/airflow/example_dags/example_bash_operator.py
[2022-03-22 18:02:40,727] {processor.py:654} INFO - DAG(s) dict_keys(['example_bash_operator']) retrieved from /Users/adebolafagbule/opt/anaconda3/envs/airflow_env/lib/python3.8/site-packages/airflow/example_dags/example_bash_operator.py
[2022-03-22 18:02:40,768] {logging_mixin.py:109} INFO - [2022-03-22 18:02:40,768] {dag.py:2398} INFO - Sync 1 DAGs
[2022-03-22 18:02:40,779] {logging_mixin.py:109} INFO - [2022-03-22 18:02:40,779] {dag.py:2937} INFO - Setting next_dagrun for example_bash_operator to 2022-03-21 00:00:00+00:00
[2022-03-22 18:02:40,786] {processor.py:171} INFO - Processing /Users/adebolafagbule/opt/anaconda3/envs/airflow_env/lib/python3.8/site-packages/airflow/example_dags/example_bash_operator.py took 0.099 seconds
[2022-03-22 18:05:03,760] {processor.py:163} INFO - Started process (PID=65206) to work on /Users/adebolafagbule/opt/anaconda3/envs/airflow_env/lib/python3.8/site-packages/airflow/example_dags/example_bash_operator.py
[2022-03-22 18:05:03,762] {processor.py:642} INFO - Processing file /Users/adebolafagbule/opt/anaconda3/envs/airflow_env/lib/python3.8/site-packages/airflow/example_dags/example_bash_operator.py for tasks to queue
[2022-03-22 18:05:03,762] {logging_mixin.py:109} INFO - [2022-03-22 18:05:03,762] {dagbag.py:500} INFO - Filling up the DagBag from /Users/adebolafagbule/opt/anaconda3/envs/airflow_env/lib/python3.8/site-packages/airflow/example_dags/example_bash_operator.py
[2022-03-22 18:05:03,795] {processor.py:654} INFO - DAG(s) dict_keys(['example_bash_operator']) retrieved from /Users/adebolafagbule/opt/anaconda3/envs/airflow_env/lib/python3.8/site-packages/airflow/example_dags/example_bash_operator.py
[2022-03-22 18:05:03,810] {logging_mixin.py:109} INFO - [2022-03-22 18:05:03,810] {dag.py:2398} INFO - Sync 1 DAGs
[2022-03-22 18:05:03,820] {logging_mixin.py:109} INFO - [2022-03-22 18:05:03,820] {dag.py:2937} INFO - Setting next_dagrun for example_bash_operator to 2022-03-21 00:00:00+00:00
[2022-03-22 18:05:03,830] {processor.py:171} INFO - Processing /Users/adebolafagbule/opt/anaconda3/envs/airflow_env/lib/python3.8/site-packages/airflow/example_dags/example_bash_operator.py took 0.071 seconds
[2022-03-22 18:06:55,188] {processor.py:163} INFO - Started process (PID=65292) to work on /Users/adebolafagbule/opt/anaconda3/envs/airflow_env/lib/python3.8/site-packages/airflow/example_dags/example_bash_operator.py
[2022-03-22 18:06:55,189] {processor.py:642} INFO - Processing file /Users/adebolafagbule/opt/anaconda3/envs/airflow_env/lib/python3.8/site-packages/airflow/example_dags/example_bash_operator.py for tasks to queue
[2022-03-22 18:06:55,190] {logging_mixin.py:109} INFO - [2022-03-22 18:06:55,190] {dagbag.py:500} INFO - Filling up the DagBag from /Users/adebolafagbule/opt/anaconda3/envs/airflow_env/lib/python3.8/site-packages/airflow/example_dags/example_bash_operator.py
[2022-03-22 18:06:55,225] {processor.py:654} INFO - DAG(s) dict_keys(['example_bash_operator']) retrieved from /Users/adebolafagbule/opt/anaconda3/envs/airflow_env/lib/python3.8/site-packages/airflow/example_dags/example_bash_operator.py
[2022-03-22 18:06:55,240] {logging_mixin.py:109} INFO - [2022-03-22 18:06:55,240] {dag.py:2398} INFO - Sync 1 DAGs
[2022-03-22 18:06:55,250] {logging_mixin.py:109} INFO - [2022-03-22 18:06:55,250] {dag.py:2937} INFO - Setting next_dagrun for example_bash_operator to 2022-03-21 00:00:00+00:00
[2022-03-22 18:06:55,260] {processor.py:171} INFO - Processing /Users/adebolafagbule/opt/anaconda3/envs/airflow_env/lib/python3.8/site-packages/airflow/example_dags/example_bash_operator.py took 0.072 seconds
[2022-03-22 18:08:44,340] {processor.py:163} INFO - Started process (PID=65377) to work on /Users/adebolafagbule/opt/anaconda3/envs/airflow_env/lib/python3.8/site-packages/airflow/example_dags/example_bash_operator.py
[2022-03-22 18:08:44,341] {processor.py:642} INFO - Processing file /Users/adebolafagbule/opt/anaconda3/envs/airflow_env/lib/python3.8/site-packages/airflow/example_dags/example_bash_operator.py for tasks to queue
[2022-03-22 18:08:44,341] {logging_mixin.py:109} INFO - [2022-03-22 18:08:44,341] {dagbag.py:500} INFO - Filling up the DagBag from /Users/adebolafagbule/opt/anaconda3/envs/airflow_env/lib/python3.8/site-packages/airflow/example_dags/example_bash_operator.py
[2022-03-22 18:08:44,377] {processor.py:654} INFO - DAG(s) dict_keys(['example_bash_operator']) retrieved from /Users/adebolafagbule/opt/anaconda3/envs/airflow_env/lib/python3.8/site-packages/airflow/example_dags/example_bash_operator.py
[2022-03-22 18:08:44,392] {logging_mixin.py:109} INFO - [2022-03-22 18:08:44,392] {dag.py:2398} INFO - Sync 1 DAGs
[2022-03-22 18:08:44,402] {logging_mixin.py:109} INFO - [2022-03-22 18:08:44,402] {dag.py:2937} INFO - Setting next_dagrun for example_bash_operator to 2022-03-21 00:00:00+00:00
[2022-03-22 18:08:44,410] {processor.py:171} INFO - Processing /Users/adebolafagbule/opt/anaconda3/envs/airflow_env/lib/python3.8/site-packages/airflow/example_dags/example_bash_operator.py took 0.071 seconds
[2022-03-22 18:10:38,189] {processor.py:163} INFO - Started process (PID=65461) to work on /Users/adebolafagbule/opt/anaconda3/envs/airflow_env/lib/python3.8/site-packages/airflow/example_dags/example_bash_operator.py
[2022-03-22 18:10:38,191] {processor.py:642} INFO - Processing file /Users/adebolafagbule/opt/anaconda3/envs/airflow_env/lib/python3.8/site-packages/airflow/example_dags/example_bash_operator.py for tasks to queue
[2022-03-22 18:10:38,191] {logging_mixin.py:109} INFO - [2022-03-22 18:10:38,191] {dagbag.py:500} INFO - Filling up the DagBag from /Users/adebolafagbule/opt/anaconda3/envs/airflow_env/lib/python3.8/site-packages/airflow/example_dags/example_bash_operator.py
[2022-03-22 18:10:38,231] {processor.py:654} INFO - DAG(s) dict_keys(['example_bash_operator']) retrieved from /Users/adebolafagbule/opt/anaconda3/envs/airflow_env/lib/python3.8/site-packages/airflow/example_dags/example_bash_operator.py
[2022-03-22 18:10:38,250] {logging_mixin.py:109} INFO - [2022-03-22 18:10:38,250] {dag.py:2398} INFO - Sync 1 DAGs
[2022-03-22 18:10:38,261] {logging_mixin.py:109} INFO - [2022-03-22 18:10:38,261] {dag.py:2937} INFO - Setting next_dagrun for example_bash_operator to 2022-03-21 00:00:00+00:00
[2022-03-22 18:10:38,268] {processor.py:171} INFO - Processing /Users/adebolafagbule/opt/anaconda3/envs/airflow_env/lib/python3.8/site-packages/airflow/example_dags/example_bash_operator.py took 0.079 seconds
[2022-03-22 18:12:28,773] {processor.py:163} INFO - Started process (PID=65548) to work on /Users/adebolafagbule/opt/anaconda3/envs/airflow_env/lib/python3.8/site-packages/airflow/example_dags/example_bash_operator.py
[2022-03-22 18:12:28,774] {processor.py:642} INFO - Processing file /Users/adebolafagbule/opt/anaconda3/envs/airflow_env/lib/python3.8/site-packages/airflow/example_dags/example_bash_operator.py for tasks to queue
[2022-03-22 18:12:28,774] {logging_mixin.py:109} INFO - [2022-03-22 18:12:28,774] {dagbag.py:500} INFO - Filling up the DagBag from /Users/adebolafagbule/opt/anaconda3/envs/airflow_env/lib/python3.8/site-packages/airflow/example_dags/example_bash_operator.py
[2022-03-22 18:12:28,809] {processor.py:654} INFO - DAG(s) dict_keys(['example_bash_operator']) retrieved from /Users/adebolafagbule/opt/anaconda3/envs/airflow_env/lib/python3.8/site-packages/airflow/example_dags/example_bash_operator.py
[2022-03-22 18:12:28,824] {logging_mixin.py:109} INFO - [2022-03-22 18:12:28,824] {dag.py:2398} INFO - Sync 1 DAGs
[2022-03-22 18:12:28,834] {logging_mixin.py:109} INFO - [2022-03-22 18:12:28,834] {dag.py:2937} INFO - Setting next_dagrun for example_bash_operator to 2022-03-21 00:00:00+00:00
[2022-03-22 18:12:28,841] {processor.py:171} INFO - Processing /Users/adebolafagbule/opt/anaconda3/envs/airflow_env/lib/python3.8/site-packages/airflow/example_dags/example_bash_operator.py took 0.068 seconds
[2022-03-22 18:14:18,434] {processor.py:163} INFO - Started process (PID=65630) to work on /Users/adebolafagbule/opt/anaconda3/envs/airflow_env/lib/python3.8/site-packages/airflow/example_dags/example_bash_operator.py
[2022-03-22 18:14:18,435] {processor.py:642} INFO - Processing file /Users/adebolafagbule/opt/anaconda3/envs/airflow_env/lib/python3.8/site-packages/airflow/example_dags/example_bash_operator.py for tasks to queue
[2022-03-22 18:14:18,438] {logging_mixin.py:109} INFO - [2022-03-22 18:14:18,438] {dagbag.py:500} INFO - Filling up the DagBag from /Users/adebolafagbule/opt/anaconda3/envs/airflow_env/lib/python3.8/site-packages/airflow/example_dags/example_bash_operator.py
[2022-03-22 18:14:18,474] {processor.py:654} INFO - DAG(s) dict_keys(['example_bash_operator']) retrieved from /Users/adebolafagbule/opt/anaconda3/envs/airflow_env/lib/python3.8/site-packages/airflow/example_dags/example_bash_operator.py
[2022-03-22 18:14:18,491] {logging_mixin.py:109} INFO - [2022-03-22 18:14:18,490] {dag.py:2398} INFO - Sync 1 DAGs
[2022-03-22 18:14:18,501] {logging_mixin.py:109} INFO - [2022-03-22 18:14:18,501] {dag.py:2937} INFO - Setting next_dagrun for example_bash_operator to 2022-03-21 00:00:00+00:00
[2022-03-22 18:14:18,512] {processor.py:171} INFO - Processing /Users/adebolafagbule/opt/anaconda3/envs/airflow_env/lib/python3.8/site-packages/airflow/example_dags/example_bash_operator.py took 0.078 seconds
[2022-03-22 18:16:22,361] {processor.py:163} INFO - Started process (PID=65730) to work on /Users/adebolafagbule/opt/anaconda3/envs/airflow_env/lib/python3.8/site-packages/airflow/example_dags/example_bash_operator.py
[2022-03-22 18:16:22,362] {processor.py:642} INFO - Processing file /Users/adebolafagbule/opt/anaconda3/envs/airflow_env/lib/python3.8/site-packages/airflow/example_dags/example_bash_operator.py for tasks to queue
[2022-03-22 18:16:22,362] {logging_mixin.py:109} INFO - [2022-03-22 18:16:22,362] {dagbag.py:500} INFO - Filling up the DagBag from /Users/adebolafagbule/opt/anaconda3/envs/airflow_env/lib/python3.8/site-packages/airflow/example_dags/example_bash_operator.py
[2022-03-22 18:16:22,410] {processor.py:654} INFO - DAG(s) dict_keys(['example_bash_operator']) retrieved from /Users/adebolafagbule/opt/anaconda3/envs/airflow_env/lib/python3.8/site-packages/airflow/example_dags/example_bash_operator.py
[2022-03-22 18:16:22,429] {logging_mixin.py:109} INFO - [2022-03-22 18:16:22,429] {dag.py:2398} INFO - Sync 1 DAGs
[2022-03-22 18:16:22,439] {logging_mixin.py:109} INFO - [2022-03-22 18:16:22,439] {dag.py:2937} INFO - Setting next_dagrun for example_bash_operator to 2022-03-21 00:00:00+00:00
[2022-03-22 18:16:22,446] {processor.py:171} INFO - Processing /Users/adebolafagbule/opt/anaconda3/envs/airflow_env/lib/python3.8/site-packages/airflow/example_dags/example_bash_operator.py took 0.088 seconds
[2022-03-22 18:18:04,077] {processor.py:163} INFO - Started process (PID=65811) to work on /Users/adebolafagbule/opt/anaconda3/envs/airflow_env/lib/python3.8/site-packages/airflow/example_dags/example_bash_operator.py
[2022-03-22 18:18:04,078] {processor.py:642} INFO - Processing file /Users/adebolafagbule/opt/anaconda3/envs/airflow_env/lib/python3.8/site-packages/airflow/example_dags/example_bash_operator.py for tasks to queue
[2022-03-22 18:18:04,079] {logging_mixin.py:109} INFO - [2022-03-22 18:18:04,079] {dagbag.py:500} INFO - Filling up the DagBag from /Users/adebolafagbule/opt/anaconda3/envs/airflow_env/lib/python3.8/site-packages/airflow/example_dags/example_bash_operator.py
[2022-03-22 18:18:04,111] {processor.py:654} INFO - DAG(s) dict_keys(['example_bash_operator']) retrieved from /Users/adebolafagbule/opt/anaconda3/envs/airflow_env/lib/python3.8/site-packages/airflow/example_dags/example_bash_operator.py
[2022-03-22 18:18:04,126] {logging_mixin.py:109} INFO - [2022-03-22 18:18:04,126] {dag.py:2398} INFO - Sync 1 DAGs
[2022-03-22 18:18:04,136] {logging_mixin.py:109} INFO - [2022-03-22 18:18:04,136] {dag.py:2937} INFO - Setting next_dagrun for example_bash_operator to 2022-03-21 00:00:00+00:00
[2022-03-22 18:18:04,147] {processor.py:171} INFO - Processing /Users/adebolafagbule/opt/anaconda3/envs/airflow_env/lib/python3.8/site-packages/airflow/example_dags/example_bash_operator.py took 0.070 seconds
[2022-03-22 18:19:42,096] {processor.py:163} INFO - Started process (PID=65890) to work on /Users/adebolafagbule/opt/anaconda3/envs/airflow_env/lib/python3.8/site-packages/airflow/example_dags/example_bash_operator.py
[2022-03-22 18:19:42,097] {processor.py:642} INFO - Processing file /Users/adebolafagbule/opt/anaconda3/envs/airflow_env/lib/python3.8/site-packages/airflow/example_dags/example_bash_operator.py for tasks to queue
[2022-03-22 18:19:42,098] {logging_mixin.py:109} INFO - [2022-03-22 18:19:42,097] {dagbag.py:500} INFO - Filling up the DagBag from /Users/adebolafagbule/opt/anaconda3/envs/airflow_env/lib/python3.8/site-packages/airflow/example_dags/example_bash_operator.py
[2022-03-22 18:19:42,145] {processor.py:654} INFO - DAG(s) dict_keys(['example_bash_operator']) retrieved from /Users/adebolafagbule/opt/anaconda3/envs/airflow_env/lib/python3.8/site-packages/airflow/example_dags/example_bash_operator.py
[2022-03-22 18:19:42,160] {logging_mixin.py:109} INFO - [2022-03-22 18:19:42,160] {dag.py:2398} INFO - Sync 1 DAGs
[2022-03-22 18:19:42,169] {logging_mixin.py:109} INFO - [2022-03-22 18:19:42,169] {dag.py:2937} INFO - Setting next_dagrun for example_bash_operator to 2022-03-21 00:00:00+00:00
[2022-03-22 18:19:42,178] {processor.py:171} INFO - Processing /Users/adebolafagbule/opt/anaconda3/envs/airflow_env/lib/python3.8/site-packages/airflow/example_dags/example_bash_operator.py took 0.082 seconds
[2022-03-22 18:21:16,281] {processor.py:163} INFO - Started process (PID=65970) to work on /Users/adebolafagbule/opt/anaconda3/envs/airflow_env/lib/python3.8/site-packages/airflow/example_dags/example_bash_operator.py
[2022-03-22 18:21:16,281] {processor.py:642} INFO - Processing file /Users/adebolafagbule/opt/anaconda3/envs/airflow_env/lib/python3.8/site-packages/airflow/example_dags/example_bash_operator.py for tasks to queue
[2022-03-22 18:21:16,282] {logging_mixin.py:109} INFO - [2022-03-22 18:21:16,281] {dagbag.py:500} INFO - Filling up the DagBag from /Users/adebolafagbule/opt/anaconda3/envs/airflow_env/lib/python3.8/site-packages/airflow/example_dags/example_bash_operator.py
[2022-03-22 18:21:16,317] {processor.py:654} INFO - DAG(s) dict_keys(['example_bash_operator']) retrieved from /Users/adebolafagbule/opt/anaconda3/envs/airflow_env/lib/python3.8/site-packages/airflow/example_dags/example_bash_operator.py
[2022-03-22 18:21:16,332] {logging_mixin.py:109} INFO - [2022-03-22 18:21:16,332] {dag.py:2398} INFO - Sync 1 DAGs
[2022-03-22 18:21:16,342] {logging_mixin.py:109} INFO - [2022-03-22 18:21:16,342] {dag.py:2937} INFO - Setting next_dagrun for example_bash_operator to 2022-03-21 00:00:00+00:00
[2022-03-22 18:21:16,351] {processor.py:171} INFO - Processing /Users/adebolafagbule/opt/anaconda3/envs/airflow_env/lib/python3.8/site-packages/airflow/example_dags/example_bash_operator.py took 0.072 seconds
[2022-03-22 18:22:42,754] {processor.py:163} INFO - Started process (PID=66047) to work on /Users/adebolafagbule/opt/anaconda3/envs/airflow_env/lib/python3.8/site-packages/airflow/example_dags/example_bash_operator.py
[2022-03-22 18:22:42,756] {processor.py:642} INFO - Processing file /Users/adebolafagbule/opt/anaconda3/envs/airflow_env/lib/python3.8/site-packages/airflow/example_dags/example_bash_operator.py for tasks to queue
[2022-03-22 18:22:42,756] {logging_mixin.py:109} INFO - [2022-03-22 18:22:42,756] {dagbag.py:500} INFO - Filling up the DagBag from /Users/adebolafagbule/opt/anaconda3/envs/airflow_env/lib/python3.8/site-packages/airflow/example_dags/example_bash_operator.py
[2022-03-22 18:22:42,799] {processor.py:654} INFO - DAG(s) dict_keys(['example_bash_operator']) retrieved from /Users/adebolafagbule/opt/anaconda3/envs/airflow_env/lib/python3.8/site-packages/airflow/example_dags/example_bash_operator.py
[2022-03-22 18:22:42,814] {logging_mixin.py:109} INFO - [2022-03-22 18:22:42,814] {dag.py:2398} INFO - Sync 1 DAGs
[2022-03-22 18:22:42,824] {logging_mixin.py:109} INFO - [2022-03-22 18:22:42,824] {dag.py:2937} INFO - Setting next_dagrun for example_bash_operator to 2022-03-21 00:00:00+00:00
[2022-03-22 18:22:42,833] {processor.py:171} INFO - Processing /Users/adebolafagbule/opt/anaconda3/envs/airflow_env/lib/python3.8/site-packages/airflow/example_dags/example_bash_operator.py took 0.079 seconds
[2022-03-22 18:24:11,122] {processor.py:163} INFO - Started process (PID=66125) to work on /Users/adebolafagbule/opt/anaconda3/envs/airflow_env/lib/python3.8/site-packages/airflow/example_dags/example_bash_operator.py
[2022-03-22 18:24:11,124] {processor.py:642} INFO - Processing file /Users/adebolafagbule/opt/anaconda3/envs/airflow_env/lib/python3.8/site-packages/airflow/example_dags/example_bash_operator.py for tasks to queue
[2022-03-22 18:24:11,125] {logging_mixin.py:109} INFO - [2022-03-22 18:24:11,124] {dagbag.py:500} INFO - Filling up the DagBag from /Users/adebolafagbule/opt/anaconda3/envs/airflow_env/lib/python3.8/site-packages/airflow/example_dags/example_bash_operator.py
[2022-03-22 18:24:11,167] {processor.py:654} INFO - DAG(s) dict_keys(['example_bash_operator']) retrieved from /Users/adebolafagbule/opt/anaconda3/envs/airflow_env/lib/python3.8/site-packages/airflow/example_dags/example_bash_operator.py
[2022-03-22 18:24:11,181] {logging_mixin.py:109} INFO - [2022-03-22 18:24:11,181] {dag.py:2398} INFO - Sync 1 DAGs
[2022-03-22 18:24:11,191] {logging_mixin.py:109} INFO - [2022-03-22 18:24:11,191] {dag.py:2937} INFO - Setting next_dagrun for example_bash_operator to 2022-03-21 00:00:00+00:00
[2022-03-22 18:24:11,198] {processor.py:171} INFO - Processing /Users/adebolafagbule/opt/anaconda3/envs/airflow_env/lib/python3.8/site-packages/airflow/example_dags/example_bash_operator.py took 0.076 seconds
[2022-03-22 18:25:43,659] {processor.py:163} INFO - Started process (PID=66202) to work on /Users/adebolafagbule/opt/anaconda3/envs/airflow_env/lib/python3.8/site-packages/airflow/example_dags/example_bash_operator.py
[2022-03-22 18:25:43,659] {processor.py:642} INFO - Processing file /Users/adebolafagbule/opt/anaconda3/envs/airflow_env/lib/python3.8/site-packages/airflow/example_dags/example_bash_operator.py for tasks to queue
[2022-03-22 18:25:43,660] {logging_mixin.py:109} INFO - [2022-03-22 18:25:43,660] {dagbag.py:500} INFO - Filling up the DagBag from /Users/adebolafagbule/opt/anaconda3/envs/airflow_env/lib/python3.8/site-packages/airflow/example_dags/example_bash_operator.py
[2022-03-22 18:25:43,697] {processor.py:654} INFO - DAG(s) dict_keys(['example_bash_operator']) retrieved from /Users/adebolafagbule/opt/anaconda3/envs/airflow_env/lib/python3.8/site-packages/airflow/example_dags/example_bash_operator.py
[2022-03-22 18:25:43,714] {logging_mixin.py:109} INFO - [2022-03-22 18:25:43,714] {dag.py:2398} INFO - Sync 1 DAGs
[2022-03-22 18:25:43,725] {logging_mixin.py:109} INFO - [2022-03-22 18:25:43,725] {dag.py:2937} INFO - Setting next_dagrun for example_bash_operator to 2022-03-21 00:00:00+00:00
[2022-03-22 18:25:43,733] {processor.py:171} INFO - Processing /Users/adebolafagbule/opt/anaconda3/envs/airflow_env/lib/python3.8/site-packages/airflow/example_dags/example_bash_operator.py took 0.075 seconds
[2022-03-22 18:27:26,144] {processor.py:163} INFO - Started process (PID=66287) to work on /Users/adebolafagbule/opt/anaconda3/envs/airflow_env/lib/python3.8/site-packages/airflow/example_dags/example_bash_operator.py
[2022-03-22 18:27:26,145] {processor.py:642} INFO - Processing file /Users/adebolafagbule/opt/anaconda3/envs/airflow_env/lib/python3.8/site-packages/airflow/example_dags/example_bash_operator.py for tasks to queue
[2022-03-22 18:27:26,146] {logging_mixin.py:109} INFO - [2022-03-22 18:27:26,146] {dagbag.py:500} INFO - Filling up the DagBag from /Users/adebolafagbule/opt/anaconda3/envs/airflow_env/lib/python3.8/site-packages/airflow/example_dags/example_bash_operator.py
[2022-03-22 18:27:26,189] {processor.py:654} INFO - DAG(s) dict_keys(['example_bash_operator']) retrieved from /Users/adebolafagbule/opt/anaconda3/envs/airflow_env/lib/python3.8/site-packages/airflow/example_dags/example_bash_operator.py
[2022-03-22 18:27:26,205] {logging_mixin.py:109} INFO - [2022-03-22 18:27:26,205] {dag.py:2398} INFO - Sync 1 DAGs
[2022-03-22 18:27:26,216] {logging_mixin.py:109} INFO - [2022-03-22 18:27:26,216] {dag.py:2937} INFO - Setting next_dagrun for example_bash_operator to 2022-03-21 00:00:00+00:00
[2022-03-22 18:27:26,223] {processor.py:171} INFO - Processing /Users/adebolafagbule/opt/anaconda3/envs/airflow_env/lib/python3.8/site-packages/airflow/example_dags/example_bash_operator.py took 0.080 seconds
[2022-03-22 19:21:58,535] {processor.py:163} INFO - Started process (PID=66378) to work on /Users/adebolafagbule/opt/anaconda3/envs/airflow_env/lib/python3.8/site-packages/airflow/example_dags/example_bash_operator.py
[2022-03-22 19:21:58,537] {processor.py:642} INFO - Processing file /Users/adebolafagbule/opt/anaconda3/envs/airflow_env/lib/python3.8/site-packages/airflow/example_dags/example_bash_operator.py for tasks to queue
[2022-03-22 19:21:58,538] {logging_mixin.py:109} INFO - [2022-03-22 19:21:58,538] {dagbag.py:500} INFO - Filling up the DagBag from /Users/adebolafagbule/opt/anaconda3/envs/airflow_env/lib/python3.8/site-packages/airflow/example_dags/example_bash_operator.py
[2022-03-22 19:21:58,611] {processor.py:654} INFO - DAG(s) dict_keys(['example_bash_operator']) retrieved from /Users/adebolafagbule/opt/anaconda3/envs/airflow_env/lib/python3.8/site-packages/airflow/example_dags/example_bash_operator.py
[2022-03-22 19:21:58,645] {logging_mixin.py:109} INFO - [2022-03-22 19:21:58,644] {dag.py:2398} INFO - Sync 1 DAGs
[2022-03-22 19:21:58,666] {logging_mixin.py:109} INFO - [2022-03-22 19:21:58,666] {dag.py:2937} INFO - Setting next_dagrun for example_bash_operator to 2022-03-21 00:00:00+00:00
[2022-03-22 19:21:58,679] {processor.py:171} INFO - Processing /Users/adebolafagbule/opt/anaconda3/envs/airflow_env/lib/python3.8/site-packages/airflow/example_dags/example_bash_operator.py took 0.145 seconds
