[2022-03-21 21:43:39,820] {processor.py:163} INFO - Started process (PID=61162) to work on /Users/adebolafagbule/opt/anaconda3/envs/airflow_env/lib/python3.8/site-packages/airflow/example_dags/example_nested_branch_dag.py
[2022-03-21 21:43:39,820] {processor.py:642} INFO - Processing file /Users/adebolafagbule/opt/anaconda3/envs/airflow_env/lib/python3.8/site-packages/airflow/example_dags/example_nested_branch_dag.py for tasks to queue
[2022-03-21 21:43:39,820] {logging_mixin.py:109} INFO - [2022-03-21 21:43:39,820] {dagbag.py:500} INFO - Filling up the DagBag from /Users/adebolafagbule/opt/anaconda3/envs/airflow_env/lib/python3.8/site-packages/airflow/example_dags/example_nested_branch_dag.py
[2022-03-21 21:43:39,860] {processor.py:654} INFO - DAG(s) dict_keys(['example_nested_branch_dag']) retrieved from /Users/adebolafagbule/opt/anaconda3/envs/airflow_env/lib/python3.8/site-packages/airflow/example_dags/example_nested_branch_dag.py
[2022-03-21 21:43:39,874] {logging_mixin.py:109} INFO - [2022-03-21 21:43:39,874] {dag.py:2398} INFO - Sync 1 DAGs
[2022-03-21 21:43:39,881] {logging_mixin.py:109} INFO - [2022-03-21 21:43:39,881] {dag.py:2937} INFO - Setting next_dagrun for example_nested_branch_dag to 2022-03-21 00:00:00+00:00
[2022-03-21 21:43:39,888] {processor.py:171} INFO - Processing /Users/adebolafagbule/opt/anaconda3/envs/airflow_env/lib/python3.8/site-packages/airflow/example_dags/example_nested_branch_dag.py took 0.068 seconds
[2022-03-22 04:36:31,685] {processor.py:163} INFO - Started process (PID=61369) to work on /Users/adebolafagbule/opt/anaconda3/envs/airflow_env/lib/python3.8/site-packages/airflow/example_dags/example_nested_branch_dag.py
[2022-03-22 04:36:31,686] {processor.py:642} INFO - Processing file /Users/adebolafagbule/opt/anaconda3/envs/airflow_env/lib/python3.8/site-packages/airflow/example_dags/example_nested_branch_dag.py for tasks to queue
[2022-03-22 04:36:31,687] {logging_mixin.py:109} INFO - [2022-03-22 04:36:31,686] {dagbag.py:500} INFO - Filling up the DagBag from /Users/adebolafagbule/opt/anaconda3/envs/airflow_env/lib/python3.8/site-packages/airflow/example_dags/example_nested_branch_dag.py
[2022-03-22 04:36:31,732] {processor.py:654} INFO - DAG(s) dict_keys(['example_nested_branch_dag']) retrieved from /Users/adebolafagbule/opt/anaconda3/envs/airflow_env/lib/python3.8/site-packages/airflow/example_dags/example_nested_branch_dag.py
[2022-03-22 04:36:31,746] {logging_mixin.py:109} INFO - [2022-03-22 04:36:31,746] {dag.py:2398} INFO - Sync 1 DAGs
[2022-03-22 04:36:31,754] {logging_mixin.py:109} INFO - [2022-03-22 04:36:31,753] {dag.py:2937} INFO - Setting next_dagrun for example_nested_branch_dag to 2022-03-21 00:00:00+00:00
[2022-03-22 04:36:31,759] {processor.py:171} INFO - Processing /Users/adebolafagbule/opt/anaconda3/envs/airflow_env/lib/python3.8/site-packages/airflow/example_dags/example_nested_branch_dag.py took 0.074 seconds
[2022-03-22 06:59:41,603] {processor.py:163} INFO - Started process (PID=61513) to work on /Users/adebolafagbule/opt/anaconda3/envs/airflow_env/lib/python3.8/site-packages/airflow/example_dags/example_nested_branch_dag.py
[2022-03-22 06:59:41,605] {processor.py:642} INFO - Processing file /Users/adebolafagbule/opt/anaconda3/envs/airflow_env/lib/python3.8/site-packages/airflow/example_dags/example_nested_branch_dag.py for tasks to queue
[2022-03-22 06:59:41,606] {logging_mixin.py:109} INFO - [2022-03-22 06:59:41,606] {dagbag.py:500} INFO - Filling up the DagBag from /Users/adebolafagbule/opt/anaconda3/envs/airflow_env/lib/python3.8/site-packages/airflow/example_dags/example_nested_branch_dag.py
[2022-03-22 06:59:41,747] {processor.py:654} INFO - DAG(s) dict_keys(['example_nested_branch_dag']) retrieved from /Users/adebolafagbule/opt/anaconda3/envs/airflow_env/lib/python3.8/site-packages/airflow/example_dags/example_nested_branch_dag.py
[2022-03-22 06:59:41,784] {logging_mixin.py:109} INFO - [2022-03-22 06:59:41,784] {dag.py:2398} INFO - Sync 1 DAGs
[2022-03-22 06:59:41,806] {logging_mixin.py:109} INFO - [2022-03-22 06:59:41,805] {dag.py:2937} INFO - Setting next_dagrun for example_nested_branch_dag to 2022-03-21 00:00:00+00:00
[2022-03-22 06:59:41,818] {processor.py:171} INFO - Processing /Users/adebolafagbule/opt/anaconda3/envs/airflow_env/lib/python3.8/site-packages/airflow/example_dags/example_nested_branch_dag.py took 0.216 seconds
[2022-03-22 08:12:25,676] {processor.py:163} INFO - Started process (PID=61629) to work on /Users/adebolafagbule/opt/anaconda3/envs/airflow_env/lib/python3.8/site-packages/airflow/example_dags/example_nested_branch_dag.py
[2022-03-22 08:12:25,676] {processor.py:642} INFO - Processing file /Users/adebolafagbule/opt/anaconda3/envs/airflow_env/lib/python3.8/site-packages/airflow/example_dags/example_nested_branch_dag.py for tasks to queue
[2022-03-22 08:12:25,677] {logging_mixin.py:109} INFO - [2022-03-22 08:12:25,677] {dagbag.py:500} INFO - Filling up the DagBag from /Users/adebolafagbule/opt/anaconda3/envs/airflow_env/lib/python3.8/site-packages/airflow/example_dags/example_nested_branch_dag.py
[2022-03-22 08:12:25,761] {processor.py:654} INFO - DAG(s) dict_keys(['example_nested_branch_dag']) retrieved from /Users/adebolafagbule/opt/anaconda3/envs/airflow_env/lib/python3.8/site-packages/airflow/example_dags/example_nested_branch_dag.py
[2022-03-22 08:12:25,791] {logging_mixin.py:109} INFO - [2022-03-22 08:12:25,791] {dag.py:2398} INFO - Sync 1 DAGs
[2022-03-22 08:12:25,810] {logging_mixin.py:109} INFO - [2022-03-22 08:12:25,810] {dag.py:2937} INFO - Setting next_dagrun for example_nested_branch_dag to 2022-03-21 00:00:00+00:00
[2022-03-22 08:12:25,821] {processor.py:171} INFO - Processing /Users/adebolafagbule/opt/anaconda3/envs/airflow_env/lib/python3.8/site-packages/airflow/example_dags/example_nested_branch_dag.py took 0.147 seconds
[2022-03-22 08:41:22,766] {processor.py:163} INFO - Started process (PID=61724) to work on /Users/adebolafagbule/opt/anaconda3/envs/airflow_env/lib/python3.8/site-packages/airflow/example_dags/example_nested_branch_dag.py
[2022-03-22 08:41:22,767] {processor.py:642} INFO - Processing file /Users/adebolafagbule/opt/anaconda3/envs/airflow_env/lib/python3.8/site-packages/airflow/example_dags/example_nested_branch_dag.py for tasks to queue
[2022-03-22 08:41:22,767] {logging_mixin.py:109} INFO - [2022-03-22 08:41:22,767] {dagbag.py:500} INFO - Filling up the DagBag from /Users/adebolafagbule/opt/anaconda3/envs/airflow_env/lib/python3.8/site-packages/airflow/example_dags/example_nested_branch_dag.py
[2022-03-22 08:41:22,847] {processor.py:654} INFO - DAG(s) dict_keys(['example_nested_branch_dag']) retrieved from /Users/adebolafagbule/opt/anaconda3/envs/airflow_env/lib/python3.8/site-packages/airflow/example_dags/example_nested_branch_dag.py
[2022-03-22 08:41:22,874] {logging_mixin.py:109} INFO - [2022-03-22 08:41:22,874] {dag.py:2398} INFO - Sync 1 DAGs
[2022-03-22 08:41:22,891] {logging_mixin.py:109} INFO - [2022-03-22 08:41:22,891] {dag.py:2937} INFO - Setting next_dagrun for example_nested_branch_dag to 2022-03-21 00:00:00+00:00
[2022-03-22 08:41:22,911] {processor.py:171} INFO - Processing /Users/adebolafagbule/opt/anaconda3/envs/airflow_env/lib/python3.8/site-packages/airflow/example_dags/example_nested_branch_dag.py took 0.146 seconds
[2022-03-22 09:35:34,762] {processor.py:163} INFO - Started process (PID=61881) to work on /Users/adebolafagbule/opt/anaconda3/envs/airflow_env/lib/python3.8/site-packages/airflow/example_dags/example_nested_branch_dag.py
[2022-03-22 09:35:34,763] {processor.py:642} INFO - Processing file /Users/adebolafagbule/opt/anaconda3/envs/airflow_env/lib/python3.8/site-packages/airflow/example_dags/example_nested_branch_dag.py for tasks to queue
[2022-03-22 09:35:34,763] {logging_mixin.py:109} INFO - [2022-03-22 09:35:34,763] {dagbag.py:500} INFO - Filling up the DagBag from /Users/adebolafagbule/opt/anaconda3/envs/airflow_env/lib/python3.8/site-packages/airflow/example_dags/example_nested_branch_dag.py
[2022-03-22 09:35:34,804] {processor.py:654} INFO - DAG(s) dict_keys(['example_nested_branch_dag']) retrieved from /Users/adebolafagbule/opt/anaconda3/envs/airflow_env/lib/python3.8/site-packages/airflow/example_dags/example_nested_branch_dag.py
[2022-03-22 09:35:34,818] {logging_mixin.py:109} INFO - [2022-03-22 09:35:34,818] {dag.py:2398} INFO - Sync 1 DAGs
[2022-03-22 09:35:34,826] {logging_mixin.py:109} INFO - [2022-03-22 09:35:34,826] {dag.py:2937} INFO - Setting next_dagrun for example_nested_branch_dag to 2022-03-21 00:00:00+00:00
[2022-03-22 09:35:34,831] {processor.py:171} INFO - Processing /Users/adebolafagbule/opt/anaconda3/envs/airflow_env/lib/python3.8/site-packages/airflow/example_dags/example_nested_branch_dag.py took 0.069 seconds
[2022-03-22 10:10:47,821] {processor.py:163} INFO - Started process (PID=62025) to work on /Users/adebolafagbule/opt/anaconda3/envs/airflow_env/lib/python3.8/site-packages/airflow/example_dags/example_nested_branch_dag.py
[2022-03-22 10:10:47,822] {processor.py:642} INFO - Processing file /Users/adebolafagbule/opt/anaconda3/envs/airflow_env/lib/python3.8/site-packages/airflow/example_dags/example_nested_branch_dag.py for tasks to queue
[2022-03-22 10:10:47,823] {logging_mixin.py:109} INFO - [2022-03-22 10:10:47,823] {dagbag.py:500} INFO - Filling up the DagBag from /Users/adebolafagbule/opt/anaconda3/envs/airflow_env/lib/python3.8/site-packages/airflow/example_dags/example_nested_branch_dag.py
[2022-03-22 10:10:47,918] {processor.py:654} INFO - DAG(s) dict_keys(['example_nested_branch_dag']) retrieved from /Users/adebolafagbule/opt/anaconda3/envs/airflow_env/lib/python3.8/site-packages/airflow/example_dags/example_nested_branch_dag.py
[2022-03-22 10:10:47,953] {logging_mixin.py:109} INFO - [2022-03-22 10:10:47,953] {dag.py:2398} INFO - Sync 1 DAGs
[2022-03-22 10:10:47,973] {logging_mixin.py:109} INFO - [2022-03-22 10:10:47,973] {dag.py:2937} INFO - Setting next_dagrun for example_nested_branch_dag to 2022-03-21 00:00:00+00:00
[2022-03-22 10:10:47,986] {processor.py:171} INFO - Processing /Users/adebolafagbule/opt/anaconda3/envs/airflow_env/lib/python3.8/site-packages/airflow/example_dags/example_nested_branch_dag.py took 0.167 seconds
[2022-03-22 10:43:58,086] {processor.py:163} INFO - Started process (PID=62094) to work on /Users/adebolafagbule/opt/anaconda3/envs/airflow_env/lib/python3.8/site-packages/airflow/example_dags/example_nested_branch_dag.py
[2022-03-22 10:43:58,088] {processor.py:642} INFO - Processing file /Users/adebolafagbule/opt/anaconda3/envs/airflow_env/lib/python3.8/site-packages/airflow/example_dags/example_nested_branch_dag.py for tasks to queue
[2022-03-22 10:43:58,089] {logging_mixin.py:109} INFO - [2022-03-22 10:43:58,089] {dagbag.py:500} INFO - Filling up the DagBag from /Users/adebolafagbule/opt/anaconda3/envs/airflow_env/lib/python3.8/site-packages/airflow/example_dags/example_nested_branch_dag.py
[2022-03-22 10:43:58,183] {processor.py:654} INFO - DAG(s) dict_keys(['example_nested_branch_dag']) retrieved from /Users/adebolafagbule/opt/anaconda3/envs/airflow_env/lib/python3.8/site-packages/airflow/example_dags/example_nested_branch_dag.py
[2022-03-22 10:43:58,217] {logging_mixin.py:109} INFO - [2022-03-22 10:43:58,216] {dag.py:2398} INFO - Sync 1 DAGs
[2022-03-22 10:43:58,237] {logging_mixin.py:109} INFO - [2022-03-22 10:43:58,236] {dag.py:2937} INFO - Setting next_dagrun for example_nested_branch_dag to 2022-03-21 00:00:00+00:00
[2022-03-22 10:43:58,249] {processor.py:171} INFO - Processing /Users/adebolafagbule/opt/anaconda3/envs/airflow_env/lib/python3.8/site-packages/airflow/example_dags/example_nested_branch_dag.py took 0.164 seconds
[2022-03-22 11:00:33,753] {processor.py:163} INFO - Started process (PID=62191) to work on /Users/adebolafagbule/opt/anaconda3/envs/airflow_env/lib/python3.8/site-packages/airflow/example_dags/example_nested_branch_dag.py
[2022-03-22 11:00:33,754] {processor.py:642} INFO - Processing file /Users/adebolafagbule/opt/anaconda3/envs/airflow_env/lib/python3.8/site-packages/airflow/example_dags/example_nested_branch_dag.py for tasks to queue
[2022-03-22 11:00:33,754] {logging_mixin.py:109} INFO - [2022-03-22 11:00:33,754] {dagbag.py:500} INFO - Filling up the DagBag from /Users/adebolafagbule/opt/anaconda3/envs/airflow_env/lib/python3.8/site-packages/airflow/example_dags/example_nested_branch_dag.py
[2022-03-22 11:00:33,790] {processor.py:654} INFO - DAG(s) dict_keys(['example_nested_branch_dag']) retrieved from /Users/adebolafagbule/opt/anaconda3/envs/airflow_env/lib/python3.8/site-packages/airflow/example_dags/example_nested_branch_dag.py
[2022-03-22 11:00:33,803] {logging_mixin.py:109} INFO - [2022-03-22 11:00:33,803] {dag.py:2398} INFO - Sync 1 DAGs
[2022-03-22 11:00:33,811] {logging_mixin.py:109} INFO - [2022-03-22 11:00:33,810] {dag.py:2937} INFO - Setting next_dagrun for example_nested_branch_dag to 2022-03-21 00:00:00+00:00
[2022-03-22 11:00:33,816] {processor.py:171} INFO - Processing /Users/adebolafagbule/opt/anaconda3/envs/airflow_env/lib/python3.8/site-packages/airflow/example_dags/example_nested_branch_dag.py took 0.063 seconds
[2022-03-22 11:01:49,530] {processor.py:163} INFO - Started process (PID=62270) to work on /Users/adebolafagbule/opt/anaconda3/envs/airflow_env/lib/python3.8/site-packages/airflow/example_dags/example_nested_branch_dag.py
[2022-03-22 11:01:49,531] {processor.py:642} INFO - Processing file /Users/adebolafagbule/opt/anaconda3/envs/airflow_env/lib/python3.8/site-packages/airflow/example_dags/example_nested_branch_dag.py for tasks to queue
[2022-03-22 11:01:49,532] {logging_mixin.py:109} INFO - [2022-03-22 11:01:49,532] {dagbag.py:500} INFO - Filling up the DagBag from /Users/adebolafagbule/opt/anaconda3/envs/airflow_env/lib/python3.8/site-packages/airflow/example_dags/example_nested_branch_dag.py
[2022-03-22 11:01:49,569] {processor.py:654} INFO - DAG(s) dict_keys(['example_nested_branch_dag']) retrieved from /Users/adebolafagbule/opt/anaconda3/envs/airflow_env/lib/python3.8/site-packages/airflow/example_dags/example_nested_branch_dag.py
[2022-03-22 11:01:49,582] {logging_mixin.py:109} INFO - [2022-03-22 11:01:49,582] {dag.py:2398} INFO - Sync 1 DAGs
[2022-03-22 11:01:49,589] {logging_mixin.py:109} INFO - [2022-03-22 11:01:49,589] {dag.py:2937} INFO - Setting next_dagrun for example_nested_branch_dag to 2022-03-21 00:00:00+00:00
[2022-03-22 11:01:49,594] {processor.py:171} INFO - Processing /Users/adebolafagbule/opt/anaconda3/envs/airflow_env/lib/python3.8/site-packages/airflow/example_dags/example_nested_branch_dag.py took 0.064 seconds
[2022-03-22 11:03:05,766] {processor.py:163} INFO - Started process (PID=62451) to work on /Users/adebolafagbule/opt/anaconda3/envs/airflow_env/lib/python3.8/site-packages/airflow/example_dags/example_nested_branch_dag.py
[2022-03-22 11:03:05,767] {processor.py:642} INFO - Processing file /Users/adebolafagbule/opt/anaconda3/envs/airflow_env/lib/python3.8/site-packages/airflow/example_dags/example_nested_branch_dag.py for tasks to queue
[2022-03-22 11:03:05,768] {logging_mixin.py:109} INFO - [2022-03-22 11:03:05,768] {dagbag.py:500} INFO - Filling up the DagBag from /Users/adebolafagbule/opt/anaconda3/envs/airflow_env/lib/python3.8/site-packages/airflow/example_dags/example_nested_branch_dag.py
[2022-03-22 11:03:05,819] {processor.py:654} INFO - DAG(s) dict_keys(['example_nested_branch_dag']) retrieved from /Users/adebolafagbule/opt/anaconda3/envs/airflow_env/lib/python3.8/site-packages/airflow/example_dags/example_nested_branch_dag.py
[2022-03-22 11:03:05,831] {logging_mixin.py:109} INFO - [2022-03-22 11:03:05,831] {dag.py:2398} INFO - Sync 1 DAGs
[2022-03-22 11:03:05,839] {logging_mixin.py:109} INFO - [2022-03-22 11:03:05,839] {dag.py:2937} INFO - Setting next_dagrun for example_nested_branch_dag to 2022-03-21 00:00:00+00:00
[2022-03-22 11:03:05,844] {processor.py:171} INFO - Processing /Users/adebolafagbule/opt/anaconda3/envs/airflow_env/lib/python3.8/site-packages/airflow/example_dags/example_nested_branch_dag.py took 0.079 seconds
[2022-03-22 11:04:21,271] {processor.py:163} INFO - Started process (PID=62524) to work on /Users/adebolafagbule/opt/anaconda3/envs/airflow_env/lib/python3.8/site-packages/airflow/example_dags/example_nested_branch_dag.py
[2022-03-22 11:04:21,273] {processor.py:642} INFO - Processing file /Users/adebolafagbule/opt/anaconda3/envs/airflow_env/lib/python3.8/site-packages/airflow/example_dags/example_nested_branch_dag.py for tasks to queue
[2022-03-22 11:04:21,273] {logging_mixin.py:109} INFO - [2022-03-22 11:04:21,273] {dagbag.py:500} INFO - Filling up the DagBag from /Users/adebolafagbule/opt/anaconda3/envs/airflow_env/lib/python3.8/site-packages/airflow/example_dags/example_nested_branch_dag.py
[2022-03-22 11:04:21,324] {processor.py:654} INFO - DAG(s) dict_keys(['example_nested_branch_dag']) retrieved from /Users/adebolafagbule/opt/anaconda3/envs/airflow_env/lib/python3.8/site-packages/airflow/example_dags/example_nested_branch_dag.py
[2022-03-22 11:04:21,337] {logging_mixin.py:109} INFO - [2022-03-22 11:04:21,337] {dag.py:2398} INFO - Sync 1 DAGs
[2022-03-22 11:04:21,345] {logging_mixin.py:109} INFO - [2022-03-22 11:04:21,345] {dag.py:2937} INFO - Setting next_dagrun for example_nested_branch_dag to 2022-03-21 00:00:00+00:00
[2022-03-22 11:04:21,350] {processor.py:171} INFO - Processing /Users/adebolafagbule/opt/anaconda3/envs/airflow_env/lib/python3.8/site-packages/airflow/example_dags/example_nested_branch_dag.py took 0.079 seconds
[2022-03-22 11:24:29,307] {processor.py:163} INFO - Started process (PID=62664) to work on /Users/adebolafagbule/opt/anaconda3/envs/airflow_env/lib/python3.8/site-packages/airflow/example_dags/example_nested_branch_dag.py
[2022-03-22 11:24:29,307] {processor.py:642} INFO - Processing file /Users/adebolafagbule/opt/anaconda3/envs/airflow_env/lib/python3.8/site-packages/airflow/example_dags/example_nested_branch_dag.py for tasks to queue
[2022-03-22 11:24:29,308] {logging_mixin.py:109} INFO - [2022-03-22 11:24:29,308] {dagbag.py:500} INFO - Filling up the DagBag from /Users/adebolafagbule/opt/anaconda3/envs/airflow_env/lib/python3.8/site-packages/airflow/example_dags/example_nested_branch_dag.py
[2022-03-22 11:24:29,367] {processor.py:654} INFO - DAG(s) dict_keys(['example_nested_branch_dag']) retrieved from /Users/adebolafagbule/opt/anaconda3/envs/airflow_env/lib/python3.8/site-packages/airflow/example_dags/example_nested_branch_dag.py
[2022-03-22 11:24:29,388] {logging_mixin.py:109} INFO - [2022-03-22 11:24:29,388] {dag.py:2398} INFO - Sync 1 DAGs
[2022-03-22 11:24:29,401] {logging_mixin.py:109} INFO - [2022-03-22 11:24:29,400] {dag.py:2937} INFO - Setting next_dagrun for example_nested_branch_dag to 2022-03-21 00:00:00+00:00
[2022-03-22 11:24:29,408] {processor.py:171} INFO - Processing /Users/adebolafagbule/opt/anaconda3/envs/airflow_env/lib/python3.8/site-packages/airflow/example_dags/example_nested_branch_dag.py took 0.102 seconds
[2022-03-22 12:11:42,007] {processor.py:163} INFO - Started process (PID=62751) to work on /Users/adebolafagbule/opt/anaconda3/envs/airflow_env/lib/python3.8/site-packages/airflow/example_dags/example_nested_branch_dag.py
[2022-03-22 12:11:42,008] {processor.py:642} INFO - Processing file /Users/adebolafagbule/opt/anaconda3/envs/airflow_env/lib/python3.8/site-packages/airflow/example_dags/example_nested_branch_dag.py for tasks to queue
[2022-03-22 12:11:42,008] {logging_mixin.py:109} INFO - [2022-03-22 12:11:42,008] {dagbag.py:500} INFO - Filling up the DagBag from /Users/adebolafagbule/opt/anaconda3/envs/airflow_env/lib/python3.8/site-packages/airflow/example_dags/example_nested_branch_dag.py
[2022-03-22 12:11:42,104] {processor.py:654} INFO - DAG(s) dict_keys(['example_nested_branch_dag']) retrieved from /Users/adebolafagbule/opt/anaconda3/envs/airflow_env/lib/python3.8/site-packages/airflow/example_dags/example_nested_branch_dag.py
[2022-03-22 12:11:42,138] {logging_mixin.py:109} INFO - [2022-03-22 12:11:42,138] {dag.py:2398} INFO - Sync 1 DAGs
[2022-03-22 12:11:42,159] {logging_mixin.py:109} INFO - [2022-03-22 12:11:42,158] {dag.py:2937} INFO - Setting next_dagrun for example_nested_branch_dag to 2022-03-21 00:00:00+00:00
[2022-03-22 12:11:42,172] {processor.py:171} INFO - Processing /Users/adebolafagbule/opt/anaconda3/envs/airflow_env/lib/python3.8/site-packages/airflow/example_dags/example_nested_branch_dag.py took 0.166 seconds
[2022-03-22 12:29:27,405] {processor.py:163} INFO - Started process (PID=62835) to work on /Users/adebolafagbule/opt/anaconda3/envs/airflow_env/lib/python3.8/site-packages/airflow/example_dags/example_nested_branch_dag.py
[2022-03-22 12:29:27,406] {processor.py:642} INFO - Processing file /Users/adebolafagbule/opt/anaconda3/envs/airflow_env/lib/python3.8/site-packages/airflow/example_dags/example_nested_branch_dag.py for tasks to queue
[2022-03-22 12:29:27,406] {logging_mixin.py:109} INFO - [2022-03-22 12:29:27,406] {dagbag.py:500} INFO - Filling up the DagBag from /Users/adebolafagbule/opt/anaconda3/envs/airflow_env/lib/python3.8/site-packages/airflow/example_dags/example_nested_branch_dag.py
[2022-03-22 12:29:27,477] {processor.py:654} INFO - DAG(s) dict_keys(['example_nested_branch_dag']) retrieved from /Users/adebolafagbule/opt/anaconda3/envs/airflow_env/lib/python3.8/site-packages/airflow/example_dags/example_nested_branch_dag.py
[2022-03-22 12:29:27,501] {logging_mixin.py:109} INFO - [2022-03-22 12:29:27,501] {dag.py:2398} INFO - Sync 1 DAGs
[2022-03-22 12:29:27,515] {logging_mixin.py:109} INFO - [2022-03-22 12:29:27,515] {dag.py:2937} INFO - Setting next_dagrun for example_nested_branch_dag to 2022-03-21 00:00:00+00:00
[2022-03-22 12:29:27,524] {processor.py:171} INFO - Processing /Users/adebolafagbule/opt/anaconda3/envs/airflow_env/lib/python3.8/site-packages/airflow/example_dags/example_nested_branch_dag.py took 0.120 seconds
[2022-03-22 13:48:22,060] {processor.py:163} INFO - Started process (PID=62922) to work on /Users/adebolafagbule/opt/anaconda3/envs/airflow_env/lib/python3.8/site-packages/airflow/example_dags/example_nested_branch_dag.py
[2022-03-22 13:48:22,063] {processor.py:642} INFO - Processing file /Users/adebolafagbule/opt/anaconda3/envs/airflow_env/lib/python3.8/site-packages/airflow/example_dags/example_nested_branch_dag.py for tasks to queue
[2022-03-22 13:48:22,064] {logging_mixin.py:109} INFO - [2022-03-22 13:48:22,064] {dagbag.py:500} INFO - Filling up the DagBag from /Users/adebolafagbule/opt/anaconda3/envs/airflow_env/lib/python3.8/site-packages/airflow/example_dags/example_nested_branch_dag.py
[2022-03-22 13:48:22,182] {processor.py:654} INFO - DAG(s) dict_keys(['example_nested_branch_dag']) retrieved from /Users/adebolafagbule/opt/anaconda3/envs/airflow_env/lib/python3.8/site-packages/airflow/example_dags/example_nested_branch_dag.py
[2022-03-22 13:48:22,250] {logging_mixin.py:109} INFO - [2022-03-22 13:48:22,249] {dag.py:2398} INFO - Sync 1 DAGs
[2022-03-22 13:48:22,274] {logging_mixin.py:109} INFO - [2022-03-22 13:48:22,274] {dag.py:2937} INFO - Setting next_dagrun for example_nested_branch_dag to 2022-03-21 00:00:00+00:00
[2022-03-22 13:48:22,289] {processor.py:171} INFO - Processing /Users/adebolafagbule/opt/anaconda3/envs/airflow_env/lib/python3.8/site-packages/airflow/example_dags/example_nested_branch_dag.py took 0.230 seconds
[2022-03-22 14:58:28,861] {processor.py:163} INFO - Started process (PID=63119) to work on /Users/adebolafagbule/opt/anaconda3/envs/airflow_env/lib/python3.8/site-packages/airflow/example_dags/example_nested_branch_dag.py
[2022-03-22 14:58:28,863] {processor.py:642} INFO - Processing file /Users/adebolafagbule/opt/anaconda3/envs/airflow_env/lib/python3.8/site-packages/airflow/example_dags/example_nested_branch_dag.py for tasks to queue
[2022-03-22 14:58:28,863] {logging_mixin.py:109} INFO - [2022-03-22 14:58:28,863] {dagbag.py:500} INFO - Filling up the DagBag from /Users/adebolafagbule/opt/anaconda3/envs/airflow_env/lib/python3.8/site-packages/airflow/example_dags/example_nested_branch_dag.py
[2022-03-22 14:58:28,903] {processor.py:654} INFO - DAG(s) dict_keys(['example_nested_branch_dag']) retrieved from /Users/adebolafagbule/opt/anaconda3/envs/airflow_env/lib/python3.8/site-packages/airflow/example_dags/example_nested_branch_dag.py
[2022-03-22 14:58:28,916] {logging_mixin.py:109} INFO - [2022-03-22 14:58:28,916] {dag.py:2398} INFO - Sync 1 DAGs
[2022-03-22 14:58:28,924] {logging_mixin.py:109} INFO - [2022-03-22 14:58:28,924] {dag.py:2937} INFO - Setting next_dagrun for example_nested_branch_dag to 2022-03-21 00:00:00+00:00
[2022-03-22 14:58:28,929] {processor.py:171} INFO - Processing /Users/adebolafagbule/opt/anaconda3/envs/airflow_env/lib/python3.8/site-packages/airflow/example_dags/example_nested_branch_dag.py took 0.069 seconds
[2022-03-22 15:31:37,873] {processor.py:163} INFO - Started process (PID=63257) to work on /Users/adebolafagbule/opt/anaconda3/envs/airflow_env/lib/python3.8/site-packages/airflow/example_dags/example_nested_branch_dag.py
[2022-03-22 15:31:37,874] {processor.py:642} INFO - Processing file /Users/adebolafagbule/opt/anaconda3/envs/airflow_env/lib/python3.8/site-packages/airflow/example_dags/example_nested_branch_dag.py for tasks to queue
[2022-03-22 15:31:37,874] {logging_mixin.py:109} INFO - [2022-03-22 15:31:37,874] {dagbag.py:500} INFO - Filling up the DagBag from /Users/adebolafagbule/opt/anaconda3/envs/airflow_env/lib/python3.8/site-packages/airflow/example_dags/example_nested_branch_dag.py
[2022-03-22 15:31:37,951] {processor.py:654} INFO - DAG(s) dict_keys(['example_nested_branch_dag']) retrieved from /Users/adebolafagbule/opt/anaconda3/envs/airflow_env/lib/python3.8/site-packages/airflow/example_dags/example_nested_branch_dag.py
[2022-03-22 15:31:37,978] {logging_mixin.py:109} INFO - [2022-03-22 15:31:37,978] {dag.py:2398} INFO - Sync 1 DAGs
[2022-03-22 15:31:37,994] {logging_mixin.py:109} INFO - [2022-03-22 15:31:37,994] {dag.py:2937} INFO - Setting next_dagrun for example_nested_branch_dag to 2022-03-21 00:00:00+00:00
[2022-03-22 15:31:38,004] {processor.py:171} INFO - Processing /Users/adebolafagbule/opt/anaconda3/envs/airflow_env/lib/python3.8/site-packages/airflow/example_dags/example_nested_branch_dag.py took 0.132 seconds
[2022-03-22 16:35:41,943] {processor.py:163} INFO - Started process (PID=63400) to work on /Users/adebolafagbule/opt/anaconda3/envs/airflow_env/lib/python3.8/site-packages/airflow/example_dags/example_nested_branch_dag.py
[2022-03-22 16:35:41,944] {processor.py:642} INFO - Processing file /Users/adebolafagbule/opt/anaconda3/envs/airflow_env/lib/python3.8/site-packages/airflow/example_dags/example_nested_branch_dag.py for tasks to queue
[2022-03-22 16:35:41,945] {logging_mixin.py:109} INFO - [2022-03-22 16:35:41,945] {dagbag.py:500} INFO - Filling up the DagBag from /Users/adebolafagbule/opt/anaconda3/envs/airflow_env/lib/python3.8/site-packages/airflow/example_dags/example_nested_branch_dag.py
[2022-03-22 16:35:42,039] {processor.py:654} INFO - DAG(s) dict_keys(['example_nested_branch_dag']) retrieved from /Users/adebolafagbule/opt/anaconda3/envs/airflow_env/lib/python3.8/site-packages/airflow/example_dags/example_nested_branch_dag.py
[2022-03-22 16:35:42,073] {logging_mixin.py:109} INFO - [2022-03-22 16:35:42,072] {dag.py:2398} INFO - Sync 1 DAGs
[2022-03-22 16:35:42,092] {logging_mixin.py:109} INFO - [2022-03-22 16:35:42,092] {dag.py:2937} INFO - Setting next_dagrun for example_nested_branch_dag to 2022-03-21 00:00:00+00:00
[2022-03-22 16:35:42,105] {processor.py:171} INFO - Processing /Users/adebolafagbule/opt/anaconda3/envs/airflow_env/lib/python3.8/site-packages/airflow/example_dags/example_nested_branch_dag.py took 0.164 seconds
[2022-03-22 17:29:52,490] {processor.py:163} INFO - Started process (PID=63476) to work on /Users/adebolafagbule/opt/anaconda3/envs/airflow_env/lib/python3.8/site-packages/airflow/example_dags/example_nested_branch_dag.py
[2022-03-22 17:29:52,491] {processor.py:642} INFO - Processing file /Users/adebolafagbule/opt/anaconda3/envs/airflow_env/lib/python3.8/site-packages/airflow/example_dags/example_nested_branch_dag.py for tasks to queue
[2022-03-22 17:29:52,492] {logging_mixin.py:109} INFO - [2022-03-22 17:29:52,492] {dagbag.py:500} INFO - Filling up the DagBag from /Users/adebolafagbule/opt/anaconda3/envs/airflow_env/lib/python3.8/site-packages/airflow/example_dags/example_nested_branch_dag.py
[2022-03-22 17:29:52,551] {processor.py:654} INFO - DAG(s) dict_keys(['example_nested_branch_dag']) retrieved from /Users/adebolafagbule/opt/anaconda3/envs/airflow_env/lib/python3.8/site-packages/airflow/example_dags/example_nested_branch_dag.py
[2022-03-22 17:29:52,570] {logging_mixin.py:109} INFO - [2022-03-22 17:29:52,570] {dag.py:2398} INFO - Sync 1 DAGs
[2022-03-22 17:29:52,581] {logging_mixin.py:109} INFO - [2022-03-22 17:29:52,581] {dag.py:2937} INFO - Setting next_dagrun for example_nested_branch_dag to 2022-03-21 00:00:00+00:00
[2022-03-22 17:29:52,588] {processor.py:171} INFO - Processing /Users/adebolafagbule/opt/anaconda3/envs/airflow_env/lib/python3.8/site-packages/airflow/example_dags/example_nested_branch_dag.py took 0.099 seconds
[2022-03-22 17:31:20,899] {processor.py:163} INFO - Started process (PID=63555) to work on /Users/adebolafagbule/opt/anaconda3/envs/airflow_env/lib/python3.8/site-packages/airflow/example_dags/example_nested_branch_dag.py
[2022-03-22 17:31:20,900] {processor.py:642} INFO - Processing file /Users/adebolafagbule/opt/anaconda3/envs/airflow_env/lib/python3.8/site-packages/airflow/example_dags/example_nested_branch_dag.py for tasks to queue
[2022-03-22 17:31:20,901] {logging_mixin.py:109} INFO - [2022-03-22 17:31:20,901] {dagbag.py:500} INFO - Filling up the DagBag from /Users/adebolafagbule/opt/anaconda3/envs/airflow_env/lib/python3.8/site-packages/airflow/example_dags/example_nested_branch_dag.py
[2022-03-22 17:31:20,968] {processor.py:654} INFO - DAG(s) dict_keys(['example_nested_branch_dag']) retrieved from /Users/adebolafagbule/opt/anaconda3/envs/airflow_env/lib/python3.8/site-packages/airflow/example_dags/example_nested_branch_dag.py
[2022-03-22 17:31:20,981] {logging_mixin.py:109} INFO - [2022-03-22 17:31:20,981] {dag.py:2398} INFO - Sync 1 DAGs
[2022-03-22 17:31:20,989] {logging_mixin.py:109} INFO - [2022-03-22 17:31:20,989] {dag.py:2937} INFO - Setting next_dagrun for example_nested_branch_dag to 2022-03-21 00:00:00+00:00
[2022-03-22 17:31:20,994] {processor.py:171} INFO - Processing /Users/adebolafagbule/opt/anaconda3/envs/airflow_env/lib/python3.8/site-packages/airflow/example_dags/example_nested_branch_dag.py took 0.095 seconds
[2022-03-22 17:32:55,444] {processor.py:163} INFO - Started process (PID=63646) to work on /Users/adebolafagbule/opt/anaconda3/envs/airflow_env/lib/python3.8/site-packages/airflow/example_dags/example_nested_branch_dag.py
[2022-03-22 17:32:55,445] {processor.py:642} INFO - Processing file /Users/adebolafagbule/opt/anaconda3/envs/airflow_env/lib/python3.8/site-packages/airflow/example_dags/example_nested_branch_dag.py for tasks to queue
[2022-03-22 17:32:55,446] {logging_mixin.py:109} INFO - [2022-03-22 17:32:55,445] {dagbag.py:500} INFO - Filling up the DagBag from /Users/adebolafagbule/opt/anaconda3/envs/airflow_env/lib/python3.8/site-packages/airflow/example_dags/example_nested_branch_dag.py
[2022-03-22 17:32:55,483] {processor.py:654} INFO - DAG(s) dict_keys(['example_nested_branch_dag']) retrieved from /Users/adebolafagbule/opt/anaconda3/envs/airflow_env/lib/python3.8/site-packages/airflow/example_dags/example_nested_branch_dag.py
[2022-03-22 17:32:55,496] {logging_mixin.py:109} INFO - [2022-03-22 17:32:55,496] {dag.py:2398} INFO - Sync 1 DAGs
[2022-03-22 17:32:55,503] {logging_mixin.py:109} INFO - [2022-03-22 17:32:55,503] {dag.py:2937} INFO - Setting next_dagrun for example_nested_branch_dag to 2022-03-21 00:00:00+00:00
[2022-03-22 17:32:55,512] {processor.py:171} INFO - Processing /Users/adebolafagbule/opt/anaconda3/envs/airflow_env/lib/python3.8/site-packages/airflow/example_dags/example_nested_branch_dag.py took 0.068 seconds
[2022-03-22 17:34:10,250] {processor.py:163} INFO - Started process (PID=63720) to work on /Users/adebolafagbule/opt/anaconda3/envs/airflow_env/lib/python3.8/site-packages/airflow/example_dags/example_nested_branch_dag.py
[2022-03-22 17:34:10,251] {processor.py:642} INFO - Processing file /Users/adebolafagbule/opt/anaconda3/envs/airflow_env/lib/python3.8/site-packages/airflow/example_dags/example_nested_branch_dag.py for tasks to queue
[2022-03-22 17:34:10,251] {logging_mixin.py:109} INFO - [2022-03-22 17:34:10,251] {dagbag.py:500} INFO - Filling up the DagBag from /Users/adebolafagbule/opt/anaconda3/envs/airflow_env/lib/python3.8/site-packages/airflow/example_dags/example_nested_branch_dag.py
[2022-03-22 17:34:10,286] {processor.py:654} INFO - DAG(s) dict_keys(['example_nested_branch_dag']) retrieved from /Users/adebolafagbule/opt/anaconda3/envs/airflow_env/lib/python3.8/site-packages/airflow/example_dags/example_nested_branch_dag.py
[2022-03-22 17:34:10,299] {logging_mixin.py:109} INFO - [2022-03-22 17:34:10,299] {dag.py:2398} INFO - Sync 1 DAGs
[2022-03-22 17:34:10,307] {logging_mixin.py:109} INFO - [2022-03-22 17:34:10,307] {dag.py:2937} INFO - Setting next_dagrun for example_nested_branch_dag to 2022-03-21 00:00:00+00:00
[2022-03-22 17:34:10,313] {processor.py:171} INFO - Processing /Users/adebolafagbule/opt/anaconda3/envs/airflow_env/lib/python3.8/site-packages/airflow/example_dags/example_nested_branch_dag.py took 0.063 seconds
[2022-03-22 17:35:23,246] {processor.py:163} INFO - Started process (PID=63791) to work on /Users/adebolafagbule/opt/anaconda3/envs/airflow_env/lib/python3.8/site-packages/airflow/example_dags/example_nested_branch_dag.py
[2022-03-22 17:35:23,247] {processor.py:642} INFO - Processing file /Users/adebolafagbule/opt/anaconda3/envs/airflow_env/lib/python3.8/site-packages/airflow/example_dags/example_nested_branch_dag.py for tasks to queue
[2022-03-22 17:35:23,247] {logging_mixin.py:109} INFO - [2022-03-22 17:35:23,247] {dagbag.py:500} INFO - Filling up the DagBag from /Users/adebolafagbule/opt/anaconda3/envs/airflow_env/lib/python3.8/site-packages/airflow/example_dags/example_nested_branch_dag.py
[2022-03-22 17:35:23,283] {processor.py:654} INFO - DAG(s) dict_keys(['example_nested_branch_dag']) retrieved from /Users/adebolafagbule/opt/anaconda3/envs/airflow_env/lib/python3.8/site-packages/airflow/example_dags/example_nested_branch_dag.py
[2022-03-22 17:35:23,296] {logging_mixin.py:109} INFO - [2022-03-22 17:35:23,296] {dag.py:2398} INFO - Sync 1 DAGs
[2022-03-22 17:35:23,303] {logging_mixin.py:109} INFO - [2022-03-22 17:35:23,303] {dag.py:2937} INFO - Setting next_dagrun for example_nested_branch_dag to 2022-03-21 00:00:00+00:00
[2022-03-22 17:35:23,312] {processor.py:171} INFO - Processing /Users/adebolafagbule/opt/anaconda3/envs/airflow_env/lib/python3.8/site-packages/airflow/example_dags/example_nested_branch_dag.py took 0.066 seconds
[2022-03-22 17:36:38,526] {processor.py:163} INFO - Started process (PID=63865) to work on /Users/adebolafagbule/opt/anaconda3/envs/airflow_env/lib/python3.8/site-packages/airflow/example_dags/example_nested_branch_dag.py
[2022-03-22 17:36:38,528] {processor.py:642} INFO - Processing file /Users/adebolafagbule/opt/anaconda3/envs/airflow_env/lib/python3.8/site-packages/airflow/example_dags/example_nested_branch_dag.py for tasks to queue
[2022-03-22 17:36:38,529] {logging_mixin.py:109} INFO - [2022-03-22 17:36:38,528] {dagbag.py:500} INFO - Filling up the DagBag from /Users/adebolafagbule/opt/anaconda3/envs/airflow_env/lib/python3.8/site-packages/airflow/example_dags/example_nested_branch_dag.py
[2022-03-22 17:36:38,579] {processor.py:654} INFO - DAG(s) dict_keys(['example_nested_branch_dag']) retrieved from /Users/adebolafagbule/opt/anaconda3/envs/airflow_env/lib/python3.8/site-packages/airflow/example_dags/example_nested_branch_dag.py
[2022-03-22 17:36:38,593] {logging_mixin.py:109} INFO - [2022-03-22 17:36:38,592] {dag.py:2398} INFO - Sync 1 DAGs
[2022-03-22 17:36:38,600] {logging_mixin.py:109} INFO - [2022-03-22 17:36:38,600] {dag.py:2937} INFO - Setting next_dagrun for example_nested_branch_dag to 2022-03-21 00:00:00+00:00
[2022-03-22 17:36:38,608] {processor.py:171} INFO - Processing /Users/adebolafagbule/opt/anaconda3/envs/airflow_env/lib/python3.8/site-packages/airflow/example_dags/example_nested_branch_dag.py took 0.082 seconds
[2022-03-22 17:37:56,112] {processor.py:163} INFO - Started process (PID=63938) to work on /Users/adebolafagbule/opt/anaconda3/envs/airflow_env/lib/python3.8/site-packages/airflow/example_dags/example_nested_branch_dag.py
[2022-03-22 17:37:56,113] {processor.py:642} INFO - Processing file /Users/adebolafagbule/opt/anaconda3/envs/airflow_env/lib/python3.8/site-packages/airflow/example_dags/example_nested_branch_dag.py for tasks to queue
[2022-03-22 17:37:56,114] {logging_mixin.py:109} INFO - [2022-03-22 17:37:56,114] {dagbag.py:500} INFO - Filling up the DagBag from /Users/adebolafagbule/opt/anaconda3/envs/airflow_env/lib/python3.8/site-packages/airflow/example_dags/example_nested_branch_dag.py
[2022-03-22 17:37:56,167] {processor.py:654} INFO - DAG(s) dict_keys(['example_nested_branch_dag']) retrieved from /Users/adebolafagbule/opt/anaconda3/envs/airflow_env/lib/python3.8/site-packages/airflow/example_dags/example_nested_branch_dag.py
[2022-03-22 17:37:56,180] {logging_mixin.py:109} INFO - [2022-03-22 17:37:56,180] {dag.py:2398} INFO - Sync 1 DAGs
[2022-03-22 17:37:56,187] {logging_mixin.py:109} INFO - [2022-03-22 17:37:56,187] {dag.py:2937} INFO - Setting next_dagrun for example_nested_branch_dag to 2022-03-21 00:00:00+00:00
[2022-03-22 17:37:56,193] {processor.py:171} INFO - Processing /Users/adebolafagbule/opt/anaconda3/envs/airflow_env/lib/python3.8/site-packages/airflow/example_dags/example_nested_branch_dag.py took 0.082 seconds
[2022-03-22 17:39:27,205] {processor.py:163} INFO - Started process (PID=64017) to work on /Users/adebolafagbule/opt/anaconda3/envs/airflow_env/lib/python3.8/site-packages/airflow/example_dags/example_nested_branch_dag.py
[2022-03-22 17:39:27,206] {processor.py:642} INFO - Processing file /Users/adebolafagbule/opt/anaconda3/envs/airflow_env/lib/python3.8/site-packages/airflow/example_dags/example_nested_branch_dag.py for tasks to queue
[2022-03-22 17:39:27,207] {logging_mixin.py:109} INFO - [2022-03-22 17:39:27,207] {dagbag.py:500} INFO - Filling up the DagBag from /Users/adebolafagbule/opt/anaconda3/envs/airflow_env/lib/python3.8/site-packages/airflow/example_dags/example_nested_branch_dag.py
[2022-03-22 17:39:27,252] {processor.py:654} INFO - DAG(s) dict_keys(['example_nested_branch_dag']) retrieved from /Users/adebolafagbule/opt/anaconda3/envs/airflow_env/lib/python3.8/site-packages/airflow/example_dags/example_nested_branch_dag.py
[2022-03-22 17:39:27,267] {logging_mixin.py:109} INFO - [2022-03-22 17:39:27,266] {dag.py:2398} INFO - Sync 1 DAGs
[2022-03-22 17:39:27,275] {logging_mixin.py:109} INFO - [2022-03-22 17:39:27,275] {dag.py:2937} INFO - Setting next_dagrun for example_nested_branch_dag to 2022-03-21 00:00:00+00:00
[2022-03-22 17:39:27,282] {processor.py:171} INFO - Processing /Users/adebolafagbule/opt/anaconda3/envs/airflow_env/lib/python3.8/site-packages/airflow/example_dags/example_nested_branch_dag.py took 0.077 seconds
[2022-03-22 17:40:52,352] {processor.py:163} INFO - Started process (PID=64092) to work on /Users/adebolafagbule/opt/anaconda3/envs/airflow_env/lib/python3.8/site-packages/airflow/example_dags/example_nested_branch_dag.py
[2022-03-22 17:40:52,353] {processor.py:642} INFO - Processing file /Users/adebolafagbule/opt/anaconda3/envs/airflow_env/lib/python3.8/site-packages/airflow/example_dags/example_nested_branch_dag.py for tasks to queue
[2022-03-22 17:40:52,354] {logging_mixin.py:109} INFO - [2022-03-22 17:40:52,354] {dagbag.py:500} INFO - Filling up the DagBag from /Users/adebolafagbule/opt/anaconda3/envs/airflow_env/lib/python3.8/site-packages/airflow/example_dags/example_nested_branch_dag.py
[2022-03-22 17:40:52,398] {processor.py:654} INFO - DAG(s) dict_keys(['example_nested_branch_dag']) retrieved from /Users/adebolafagbule/opt/anaconda3/envs/airflow_env/lib/python3.8/site-packages/airflow/example_dags/example_nested_branch_dag.py
[2022-03-22 17:40:52,415] {logging_mixin.py:109} INFO - [2022-03-22 17:40:52,415] {dag.py:2398} INFO - Sync 1 DAGs
[2022-03-22 17:40:52,423] {logging_mixin.py:109} INFO - [2022-03-22 17:40:52,423] {dag.py:2937} INFO - Setting next_dagrun for example_nested_branch_dag to 2022-03-21 00:00:00+00:00
[2022-03-22 17:40:52,432] {processor.py:171} INFO - Processing /Users/adebolafagbule/opt/anaconda3/envs/airflow_env/lib/python3.8/site-packages/airflow/example_dags/example_nested_branch_dag.py took 0.081 seconds
[2022-03-22 17:42:30,215] {processor.py:163} INFO - Started process (PID=64175) to work on /Users/adebolafagbule/opt/anaconda3/envs/airflow_env/lib/python3.8/site-packages/airflow/example_dags/example_nested_branch_dag.py
[2022-03-22 17:42:30,217] {processor.py:642} INFO - Processing file /Users/adebolafagbule/opt/anaconda3/envs/airflow_env/lib/python3.8/site-packages/airflow/example_dags/example_nested_branch_dag.py for tasks to queue
[2022-03-22 17:42:30,217] {logging_mixin.py:109} INFO - [2022-03-22 17:42:30,217] {dagbag.py:500} INFO - Filling up the DagBag from /Users/adebolafagbule/opt/anaconda3/envs/airflow_env/lib/python3.8/site-packages/airflow/example_dags/example_nested_branch_dag.py
[2022-03-22 17:42:30,300] {processor.py:654} INFO - DAG(s) dict_keys(['example_nested_branch_dag']) retrieved from /Users/adebolafagbule/opt/anaconda3/envs/airflow_env/lib/python3.8/site-packages/airflow/example_dags/example_nested_branch_dag.py
[2022-03-22 17:42:30,328] {logging_mixin.py:109} INFO - [2022-03-22 17:42:30,327] {dag.py:2398} INFO - Sync 1 DAGs
[2022-03-22 17:42:30,348] {logging_mixin.py:109} INFO - [2022-03-22 17:42:30,348] {dag.py:2937} INFO - Setting next_dagrun for example_nested_branch_dag to 2022-03-21 00:00:00+00:00
[2022-03-22 17:42:30,360] {processor.py:171} INFO - Processing /Users/adebolafagbule/opt/anaconda3/envs/airflow_env/lib/python3.8/site-packages/airflow/example_dags/example_nested_branch_dag.py took 0.145 seconds
[2022-03-22 17:44:03,821] {processor.py:163} INFO - Started process (PID=64254) to work on /Users/adebolafagbule/opt/anaconda3/envs/airflow_env/lib/python3.8/site-packages/airflow/example_dags/example_nested_branch_dag.py
[2022-03-22 17:44:03,822] {processor.py:642} INFO - Processing file /Users/adebolafagbule/opt/anaconda3/envs/airflow_env/lib/python3.8/site-packages/airflow/example_dags/example_nested_branch_dag.py for tasks to queue
[2022-03-22 17:44:03,823] {logging_mixin.py:109} INFO - [2022-03-22 17:44:03,823] {dagbag.py:500} INFO - Filling up the DagBag from /Users/adebolafagbule/opt/anaconda3/envs/airflow_env/lib/python3.8/site-packages/airflow/example_dags/example_nested_branch_dag.py
[2022-03-22 17:44:03,873] {processor.py:654} INFO - DAG(s) dict_keys(['example_nested_branch_dag']) retrieved from /Users/adebolafagbule/opt/anaconda3/envs/airflow_env/lib/python3.8/site-packages/airflow/example_dags/example_nested_branch_dag.py
[2022-03-22 17:44:03,887] {logging_mixin.py:109} INFO - [2022-03-22 17:44:03,887] {dag.py:2398} INFO - Sync 1 DAGs
[2022-03-22 17:44:03,896] {logging_mixin.py:109} INFO - [2022-03-22 17:44:03,896] {dag.py:2937} INFO - Setting next_dagrun for example_nested_branch_dag to 2022-03-21 00:00:00+00:00
[2022-03-22 17:44:03,902] {processor.py:171} INFO - Processing /Users/adebolafagbule/opt/anaconda3/envs/airflow_env/lib/python3.8/site-packages/airflow/example_dags/example_nested_branch_dag.py took 0.082 seconds
[2022-03-22 17:45:35,095] {processor.py:163} INFO - Started process (PID=64331) to work on /Users/adebolafagbule/opt/anaconda3/envs/airflow_env/lib/python3.8/site-packages/airflow/example_dags/example_nested_branch_dag.py
[2022-03-22 17:45:35,096] {processor.py:642} INFO - Processing file /Users/adebolafagbule/opt/anaconda3/envs/airflow_env/lib/python3.8/site-packages/airflow/example_dags/example_nested_branch_dag.py for tasks to queue
[2022-03-22 17:45:35,096] {logging_mixin.py:109} INFO - [2022-03-22 17:45:35,096] {dagbag.py:500} INFO - Filling up the DagBag from /Users/adebolafagbule/opt/anaconda3/envs/airflow_env/lib/python3.8/site-packages/airflow/example_dags/example_nested_branch_dag.py
[2022-03-22 17:45:35,150] {processor.py:654} INFO - DAG(s) dict_keys(['example_nested_branch_dag']) retrieved from /Users/adebolafagbule/opt/anaconda3/envs/airflow_env/lib/python3.8/site-packages/airflow/example_dags/example_nested_branch_dag.py
[2022-03-22 17:45:35,165] {logging_mixin.py:109} INFO - [2022-03-22 17:45:35,164] {dag.py:2398} INFO - Sync 1 DAGs
[2022-03-22 17:45:35,173] {logging_mixin.py:109} INFO - [2022-03-22 17:45:35,173] {dag.py:2937} INFO - Setting next_dagrun for example_nested_branch_dag to 2022-03-21 00:00:00+00:00
[2022-03-22 17:45:35,180] {processor.py:171} INFO - Processing /Users/adebolafagbule/opt/anaconda3/envs/airflow_env/lib/python3.8/site-packages/airflow/example_dags/example_nested_branch_dag.py took 0.086 seconds
[2022-03-22 17:47:06,697] {processor.py:163} INFO - Started process (PID=64418) to work on /Users/adebolafagbule/opt/anaconda3/envs/airflow_env/lib/python3.8/site-packages/airflow/example_dags/example_nested_branch_dag.py
[2022-03-22 17:47:06,698] {processor.py:642} INFO - Processing file /Users/adebolafagbule/opt/anaconda3/envs/airflow_env/lib/python3.8/site-packages/airflow/example_dags/example_nested_branch_dag.py for tasks to queue
[2022-03-22 17:47:06,699] {logging_mixin.py:109} INFO - [2022-03-22 17:47:06,699] {dagbag.py:500} INFO - Filling up the DagBag from /Users/adebolafagbule/opt/anaconda3/envs/airflow_env/lib/python3.8/site-packages/airflow/example_dags/example_nested_branch_dag.py
[2022-03-22 17:47:06,752] {processor.py:654} INFO - DAG(s) dict_keys(['example_nested_branch_dag']) retrieved from /Users/adebolafagbule/opt/anaconda3/envs/airflow_env/lib/python3.8/site-packages/airflow/example_dags/example_nested_branch_dag.py
[2022-03-22 17:47:06,766] {logging_mixin.py:109} INFO - [2022-03-22 17:47:06,766] {dag.py:2398} INFO - Sync 1 DAGs
[2022-03-22 17:47:06,774] {logging_mixin.py:109} INFO - [2022-03-22 17:47:06,774] {dag.py:2937} INFO - Setting next_dagrun for example_nested_branch_dag to 2022-03-21 00:00:00+00:00
[2022-03-22 17:47:06,781] {processor.py:171} INFO - Processing /Users/adebolafagbule/opt/anaconda3/envs/airflow_env/lib/python3.8/site-packages/airflow/example_dags/example_nested_branch_dag.py took 0.085 seconds
[2022-03-22 17:48:32,204] {processor.py:163} INFO - Started process (PID=64493) to work on /Users/adebolafagbule/opt/anaconda3/envs/airflow_env/lib/python3.8/site-packages/airflow/example_dags/example_nested_branch_dag.py
[2022-03-22 17:48:32,205] {processor.py:642} INFO - Processing file /Users/adebolafagbule/opt/anaconda3/envs/airflow_env/lib/python3.8/site-packages/airflow/example_dags/example_nested_branch_dag.py for tasks to queue
[2022-03-22 17:48:32,205] {logging_mixin.py:109} INFO - [2022-03-22 17:48:32,205] {dagbag.py:500} INFO - Filling up the DagBag from /Users/adebolafagbule/opt/anaconda3/envs/airflow_env/lib/python3.8/site-packages/airflow/example_dags/example_nested_branch_dag.py
[2022-03-22 17:48:32,246] {processor.py:654} INFO - DAG(s) dict_keys(['example_nested_branch_dag']) retrieved from /Users/adebolafagbule/opt/anaconda3/envs/airflow_env/lib/python3.8/site-packages/airflow/example_dags/example_nested_branch_dag.py
[2022-03-22 17:48:32,261] {logging_mixin.py:109} INFO - [2022-03-22 17:48:32,260] {dag.py:2398} INFO - Sync 1 DAGs
[2022-03-22 17:48:32,269] {logging_mixin.py:109} INFO - [2022-03-22 17:48:32,269] {dag.py:2937} INFO - Setting next_dagrun for example_nested_branch_dag to 2022-03-21 00:00:00+00:00
[2022-03-22 17:48:32,275] {processor.py:171} INFO - Processing /Users/adebolafagbule/opt/anaconda3/envs/airflow_env/lib/python3.8/site-packages/airflow/example_dags/example_nested_branch_dag.py took 0.072 seconds
[2022-03-22 17:49:52,190] {processor.py:163} INFO - Started process (PID=64570) to work on /Users/adebolafagbule/opt/anaconda3/envs/airflow_env/lib/python3.8/site-packages/airflow/example_dags/example_nested_branch_dag.py
[2022-03-22 17:49:52,191] {processor.py:642} INFO - Processing file /Users/adebolafagbule/opt/anaconda3/envs/airflow_env/lib/python3.8/site-packages/airflow/example_dags/example_nested_branch_dag.py for tasks to queue
[2022-03-22 17:49:52,192] {logging_mixin.py:109} INFO - [2022-03-22 17:49:52,191] {dagbag.py:500} INFO - Filling up the DagBag from /Users/adebolafagbule/opt/anaconda3/envs/airflow_env/lib/python3.8/site-packages/airflow/example_dags/example_nested_branch_dag.py
[2022-03-22 17:49:52,282] {processor.py:654} INFO - DAG(s) dict_keys(['example_nested_branch_dag']) retrieved from /Users/adebolafagbule/opt/anaconda3/envs/airflow_env/lib/python3.8/site-packages/airflow/example_dags/example_nested_branch_dag.py
[2022-03-22 17:49:52,377] {logging_mixin.py:109} INFO - [2022-03-22 17:49:52,376] {dag.py:2398} INFO - Sync 1 DAGs
[2022-03-22 17:49:52,746] {logging_mixin.py:109} INFO - [2022-03-22 17:49:52,729] {dag.py:2937} INFO - Setting next_dagrun for example_nested_branch_dag to 2022-03-21 00:00:00+00:00
[2022-03-22 17:49:52,917] {processor.py:171} INFO - Processing /Users/adebolafagbule/opt/anaconda3/envs/airflow_env/lib/python3.8/site-packages/airflow/example_dags/example_nested_branch_dag.py took 0.725 seconds
[2022-03-22 17:51:25,965] {processor.py:163} INFO - Started process (PID=64653) to work on /Users/adebolafagbule/opt/anaconda3/envs/airflow_env/lib/python3.8/site-packages/airflow/example_dags/example_nested_branch_dag.py
[2022-03-22 17:51:25,966] {processor.py:642} INFO - Processing file /Users/adebolafagbule/opt/anaconda3/envs/airflow_env/lib/python3.8/site-packages/airflow/example_dags/example_nested_branch_dag.py for tasks to queue
[2022-03-22 17:51:25,967] {logging_mixin.py:109} INFO - [2022-03-22 17:51:25,967] {dagbag.py:500} INFO - Filling up the DagBag from /Users/adebolafagbule/opt/anaconda3/envs/airflow_env/lib/python3.8/site-packages/airflow/example_dags/example_nested_branch_dag.py
[2022-03-22 17:51:26,009] {processor.py:654} INFO - DAG(s) dict_keys(['example_nested_branch_dag']) retrieved from /Users/adebolafagbule/opt/anaconda3/envs/airflow_env/lib/python3.8/site-packages/airflow/example_dags/example_nested_branch_dag.py
[2022-03-22 17:51:26,023] {logging_mixin.py:109} INFO - [2022-03-22 17:51:26,023] {dag.py:2398} INFO - Sync 1 DAGs
[2022-03-22 17:51:26,031] {logging_mixin.py:109} INFO - [2022-03-22 17:51:26,031] {dag.py:2937} INFO - Setting next_dagrun for example_nested_branch_dag to 2022-03-21 00:00:00+00:00
[2022-03-22 17:51:26,041] {processor.py:171} INFO - Processing /Users/adebolafagbule/opt/anaconda3/envs/airflow_env/lib/python3.8/site-packages/airflow/example_dags/example_nested_branch_dag.py took 0.076 seconds
[2022-03-22 17:53:02,118] {processor.py:163} INFO - Started process (PID=64732) to work on /Users/adebolafagbule/opt/anaconda3/envs/airflow_env/lib/python3.8/site-packages/airflow/example_dags/example_nested_branch_dag.py
[2022-03-22 17:53:02,119] {processor.py:642} INFO - Processing file /Users/adebolafagbule/opt/anaconda3/envs/airflow_env/lib/python3.8/site-packages/airflow/example_dags/example_nested_branch_dag.py for tasks to queue
[2022-03-22 17:53:02,120] {logging_mixin.py:109} INFO - [2022-03-22 17:53:02,120] {dagbag.py:500} INFO - Filling up the DagBag from /Users/adebolafagbule/opt/anaconda3/envs/airflow_env/lib/python3.8/site-packages/airflow/example_dags/example_nested_branch_dag.py
[2022-03-22 17:53:02,173] {processor.py:654} INFO - DAG(s) dict_keys(['example_nested_branch_dag']) retrieved from /Users/adebolafagbule/opt/anaconda3/envs/airflow_env/lib/python3.8/site-packages/airflow/example_dags/example_nested_branch_dag.py
[2022-03-22 17:53:02,188] {logging_mixin.py:109} INFO - [2022-03-22 17:53:02,188] {dag.py:2398} INFO - Sync 1 DAGs
[2022-03-22 17:53:02,196] {logging_mixin.py:109} INFO - [2022-03-22 17:53:02,196] {dag.py:2937} INFO - Setting next_dagrun for example_nested_branch_dag to 2022-03-21 00:00:00+00:00
[2022-03-22 17:53:02,205] {processor.py:171} INFO - Processing /Users/adebolafagbule/opt/anaconda3/envs/airflow_env/lib/python3.8/site-packages/airflow/example_dags/example_nested_branch_dag.py took 0.087 seconds
[2022-03-22 17:54:48,317] {processor.py:163} INFO - Started process (PID=64811) to work on /Users/adebolafagbule/opt/anaconda3/envs/airflow_env/lib/python3.8/site-packages/airflow/example_dags/example_nested_branch_dag.py
[2022-03-22 17:54:48,319] {processor.py:642} INFO - Processing file /Users/adebolafagbule/opt/anaconda3/envs/airflow_env/lib/python3.8/site-packages/airflow/example_dags/example_nested_branch_dag.py for tasks to queue
[2022-03-22 17:54:48,321] {logging_mixin.py:109} INFO - [2022-03-22 17:54:48,321] {dagbag.py:500} INFO - Filling up the DagBag from /Users/adebolafagbule/opt/anaconda3/envs/airflow_env/lib/python3.8/site-packages/airflow/example_dags/example_nested_branch_dag.py
[2022-03-22 17:54:48,410] {processor.py:654} INFO - DAG(s) dict_keys(['example_nested_branch_dag']) retrieved from /Users/adebolafagbule/opt/anaconda3/envs/airflow_env/lib/python3.8/site-packages/airflow/example_dags/example_nested_branch_dag.py
[2022-03-22 17:54:48,477] {logging_mixin.py:109} INFO - [2022-03-22 17:54:48,475] {dag.py:2398} INFO - Sync 1 DAGs
[2022-03-22 17:54:48,492] {logging_mixin.py:109} INFO - [2022-03-22 17:54:48,492] {dag.py:2937} INFO - Setting next_dagrun for example_nested_branch_dag to 2022-03-21 00:00:00+00:00
[2022-03-22 17:54:48,503] {processor.py:171} INFO - Processing /Users/adebolafagbule/opt/anaconda3/envs/airflow_env/lib/python3.8/site-packages/airflow/example_dags/example_nested_branch_dag.py took 0.188 seconds
[2022-03-22 17:57:23,359] {processor.py:163} INFO - Started process (PID=64911) to work on /Users/adebolafagbule/opt/anaconda3/envs/airflow_env/lib/python3.8/site-packages/airflow/example_dags/example_nested_branch_dag.py
[2022-03-22 17:57:23,361] {processor.py:642} INFO - Processing file /Users/adebolafagbule/opt/anaconda3/envs/airflow_env/lib/python3.8/site-packages/airflow/example_dags/example_nested_branch_dag.py for tasks to queue
[2022-03-22 17:57:23,361] {logging_mixin.py:109} INFO - [2022-03-22 17:57:23,361] {dagbag.py:500} INFO - Filling up the DagBag from /Users/adebolafagbule/opt/anaconda3/envs/airflow_env/lib/python3.8/site-packages/airflow/example_dags/example_nested_branch_dag.py
[2022-03-22 17:57:23,426] {processor.py:654} INFO - DAG(s) dict_keys(['example_nested_branch_dag']) retrieved from /Users/adebolafagbule/opt/anaconda3/envs/airflow_env/lib/python3.8/site-packages/airflow/example_dags/example_nested_branch_dag.py
[2022-03-22 17:57:23,441] {logging_mixin.py:109} INFO - [2022-03-22 17:57:23,441] {dag.py:2398} INFO - Sync 1 DAGs
[2022-03-22 17:57:23,450] {logging_mixin.py:109} INFO - [2022-03-22 17:57:23,450] {dag.py:2937} INFO - Setting next_dagrun for example_nested_branch_dag to 2022-03-21 00:00:00+00:00
[2022-03-22 17:57:23,456] {processor.py:171} INFO - Processing /Users/adebolafagbule/opt/anaconda3/envs/airflow_env/lib/python3.8/site-packages/airflow/example_dags/example_nested_branch_dag.py took 0.098 seconds
[2022-03-22 17:59:50,826] {processor.py:163} INFO - Started process (PID=65002) to work on /Users/adebolafagbule/opt/anaconda3/envs/airflow_env/lib/python3.8/site-packages/airflow/example_dags/example_nested_branch_dag.py
[2022-03-22 17:59:50,849] {processor.py:642} INFO - Processing file /Users/adebolafagbule/opt/anaconda3/envs/airflow_env/lib/python3.8/site-packages/airflow/example_dags/example_nested_branch_dag.py for tasks to queue
[2022-03-22 17:59:50,854] {logging_mixin.py:109} INFO - [2022-03-22 17:59:50,854] {dagbag.py:500} INFO - Filling up the DagBag from /Users/adebolafagbule/opt/anaconda3/envs/airflow_env/lib/python3.8/site-packages/airflow/example_dags/example_nested_branch_dag.py
[2022-03-22 17:59:50,989] {processor.py:654} INFO - DAG(s) dict_keys(['example_nested_branch_dag']) retrieved from /Users/adebolafagbule/opt/anaconda3/envs/airflow_env/lib/python3.8/site-packages/airflow/example_dags/example_nested_branch_dag.py
[2022-03-22 17:59:51,052] {logging_mixin.py:109} INFO - [2022-03-22 17:59:51,051] {dag.py:2398} INFO - Sync 1 DAGs
[2022-03-22 17:59:51,062] {logging_mixin.py:109} INFO - [2022-03-22 17:59:51,062] {dag.py:2937} INFO - Setting next_dagrun for example_nested_branch_dag to 2022-03-21 00:00:00+00:00
[2022-03-22 17:59:51,071] {processor.py:171} INFO - Processing /Users/adebolafagbule/opt/anaconda3/envs/airflow_env/lib/python3.8/site-packages/airflow/example_dags/example_nested_branch_dag.py took 0.246 seconds
[2022-03-22 18:02:16,996] {processor.py:163} INFO - Started process (PID=65096) to work on /Users/adebolafagbule/opt/anaconda3/envs/airflow_env/lib/python3.8/site-packages/airflow/example_dags/example_nested_branch_dag.py
[2022-03-22 18:02:17,020] {processor.py:642} INFO - Processing file /Users/adebolafagbule/opt/anaconda3/envs/airflow_env/lib/python3.8/site-packages/airflow/example_dags/example_nested_branch_dag.py for tasks to queue
[2022-03-22 18:02:17,022] {logging_mixin.py:109} INFO - [2022-03-22 18:02:17,022] {dagbag.py:500} INFO - Filling up the DagBag from /Users/adebolafagbule/opt/anaconda3/envs/airflow_env/lib/python3.8/site-packages/airflow/example_dags/example_nested_branch_dag.py
[2022-03-22 18:02:17,101] {processor.py:654} INFO - DAG(s) dict_keys(['example_nested_branch_dag']) retrieved from /Users/adebolafagbule/opt/anaconda3/envs/airflow_env/lib/python3.8/site-packages/airflow/example_dags/example_nested_branch_dag.py
[2022-03-22 18:02:17,124] {logging_mixin.py:109} INFO - [2022-03-22 18:02:17,124] {dag.py:2398} INFO - Sync 1 DAGs
[2022-03-22 18:02:17,133] {logging_mixin.py:109} INFO - [2022-03-22 18:02:17,133] {dag.py:2937} INFO - Setting next_dagrun for example_nested_branch_dag to 2022-03-21 00:00:00+00:00
[2022-03-22 18:02:17,140] {processor.py:171} INFO - Processing /Users/adebolafagbule/opt/anaconda3/envs/airflow_env/lib/python3.8/site-packages/airflow/example_dags/example_nested_branch_dag.py took 0.145 seconds
[2022-03-22 18:04:35,225] {processor.py:163} INFO - Started process (PID=65187) to work on /Users/adebolafagbule/opt/anaconda3/envs/airflow_env/lib/python3.8/site-packages/airflow/example_dags/example_nested_branch_dag.py
[2022-03-22 18:04:35,227] {processor.py:642} INFO - Processing file /Users/adebolafagbule/opt/anaconda3/envs/airflow_env/lib/python3.8/site-packages/airflow/example_dags/example_nested_branch_dag.py for tasks to queue
[2022-03-22 18:04:35,228] {logging_mixin.py:109} INFO - [2022-03-22 18:04:35,228] {dagbag.py:500} INFO - Filling up the DagBag from /Users/adebolafagbule/opt/anaconda3/envs/airflow_env/lib/python3.8/site-packages/airflow/example_dags/example_nested_branch_dag.py
[2022-03-22 18:04:35,332] {processor.py:654} INFO - DAG(s) dict_keys(['example_nested_branch_dag']) retrieved from /Users/adebolafagbule/opt/anaconda3/envs/airflow_env/lib/python3.8/site-packages/airflow/example_dags/example_nested_branch_dag.py
[2022-03-22 18:04:35,388] {logging_mixin.py:109} INFO - [2022-03-22 18:04:35,388] {dag.py:2398} INFO - Sync 1 DAGs
[2022-03-22 18:04:35,404] {logging_mixin.py:109} INFO - [2022-03-22 18:04:35,404] {dag.py:2937} INFO - Setting next_dagrun for example_nested_branch_dag to 2022-03-21 00:00:00+00:00
[2022-03-22 18:04:35,412] {processor.py:171} INFO - Processing /Users/adebolafagbule/opt/anaconda3/envs/airflow_env/lib/python3.8/site-packages/airflow/example_dags/example_nested_branch_dag.py took 0.192 seconds
[2022-03-22 18:06:33,109] {processor.py:163} INFO - Started process (PID=65273) to work on /Users/adebolafagbule/opt/anaconda3/envs/airflow_env/lib/python3.8/site-packages/airflow/example_dags/example_nested_branch_dag.py
[2022-03-22 18:06:33,111] {processor.py:642} INFO - Processing file /Users/adebolafagbule/opt/anaconda3/envs/airflow_env/lib/python3.8/site-packages/airflow/example_dags/example_nested_branch_dag.py for tasks to queue
[2022-03-22 18:06:33,112] {logging_mixin.py:109} INFO - [2022-03-22 18:06:33,112] {dagbag.py:500} INFO - Filling up the DagBag from /Users/adebolafagbule/opt/anaconda3/envs/airflow_env/lib/python3.8/site-packages/airflow/example_dags/example_nested_branch_dag.py
[2022-03-22 18:06:33,168] {processor.py:654} INFO - DAG(s) dict_keys(['example_nested_branch_dag']) retrieved from /Users/adebolafagbule/opt/anaconda3/envs/airflow_env/lib/python3.8/site-packages/airflow/example_dags/example_nested_branch_dag.py
[2022-03-22 18:06:33,185] {logging_mixin.py:109} INFO - [2022-03-22 18:06:33,185] {dag.py:2398} INFO - Sync 1 DAGs
[2022-03-22 18:06:33,195] {logging_mixin.py:109} INFO - [2022-03-22 18:06:33,194] {dag.py:2937} INFO - Setting next_dagrun for example_nested_branch_dag to 2022-03-21 00:00:00+00:00
[2022-03-22 18:06:33,205] {processor.py:171} INFO - Processing /Users/adebolafagbule/opt/anaconda3/envs/airflow_env/lib/python3.8/site-packages/airflow/example_dags/example_nested_branch_dag.py took 0.097 seconds
[2022-03-22 18:08:21,202] {processor.py:163} INFO - Started process (PID=65358) to work on /Users/adebolafagbule/opt/anaconda3/envs/airflow_env/lib/python3.8/site-packages/airflow/example_dags/example_nested_branch_dag.py
[2022-03-22 18:08:21,204] {processor.py:642} INFO - Processing file /Users/adebolafagbule/opt/anaconda3/envs/airflow_env/lib/python3.8/site-packages/airflow/example_dags/example_nested_branch_dag.py for tasks to queue
[2022-03-22 18:08:21,204] {logging_mixin.py:109} INFO - [2022-03-22 18:08:21,204] {dagbag.py:500} INFO - Filling up the DagBag from /Users/adebolafagbule/opt/anaconda3/envs/airflow_env/lib/python3.8/site-packages/airflow/example_dags/example_nested_branch_dag.py
[2022-03-22 18:08:21,271] {processor.py:654} INFO - DAG(s) dict_keys(['example_nested_branch_dag']) retrieved from /Users/adebolafagbule/opt/anaconda3/envs/airflow_env/lib/python3.8/site-packages/airflow/example_dags/example_nested_branch_dag.py
[2022-03-22 18:08:21,289] {logging_mixin.py:109} INFO - [2022-03-22 18:08:21,289] {dag.py:2398} INFO - Sync 1 DAGs
[2022-03-22 18:08:21,298] {logging_mixin.py:109} INFO - [2022-03-22 18:08:21,298] {dag.py:2937} INFO - Setting next_dagrun for example_nested_branch_dag to 2022-03-21 00:00:00+00:00
[2022-03-22 18:08:21,305] {processor.py:171} INFO - Processing /Users/adebolafagbule/opt/anaconda3/envs/airflow_env/lib/python3.8/site-packages/airflow/example_dags/example_nested_branch_dag.py took 0.103 seconds
[2022-03-22 18:10:15,329] {processor.py:163} INFO - Started process (PID=65443) to work on /Users/adebolafagbule/opt/anaconda3/envs/airflow_env/lib/python3.8/site-packages/airflow/example_dags/example_nested_branch_dag.py
[2022-03-22 18:10:15,331] {processor.py:642} INFO - Processing file /Users/adebolafagbule/opt/anaconda3/envs/airflow_env/lib/python3.8/site-packages/airflow/example_dags/example_nested_branch_dag.py for tasks to queue
[2022-03-22 18:10:15,332] {logging_mixin.py:109} INFO - [2022-03-22 18:10:15,331] {dagbag.py:500} INFO - Filling up the DagBag from /Users/adebolafagbule/opt/anaconda3/envs/airflow_env/lib/python3.8/site-packages/airflow/example_dags/example_nested_branch_dag.py
[2022-03-22 18:10:15,412] {processor.py:654} INFO - DAG(s) dict_keys(['example_nested_branch_dag']) retrieved from /Users/adebolafagbule/opt/anaconda3/envs/airflow_env/lib/python3.8/site-packages/airflow/example_dags/example_nested_branch_dag.py
[2022-03-22 18:10:15,482] {logging_mixin.py:109} INFO - [2022-03-22 18:10:15,482] {dag.py:2398} INFO - Sync 1 DAGs
[2022-03-22 18:10:15,494] {logging_mixin.py:109} INFO - [2022-03-22 18:10:15,493] {dag.py:2937} INFO - Setting next_dagrun for example_nested_branch_dag to 2022-03-21 00:00:00+00:00
[2022-03-22 18:10:15,500] {processor.py:171} INFO - Processing /Users/adebolafagbule/opt/anaconda3/envs/airflow_env/lib/python3.8/site-packages/airflow/example_dags/example_nested_branch_dag.py took 0.172 seconds
[2022-03-22 18:12:07,403] {processor.py:163} INFO - Started process (PID=65530) to work on /Users/adebolafagbule/opt/anaconda3/envs/airflow_env/lib/python3.8/site-packages/airflow/example_dags/example_nested_branch_dag.py
[2022-03-22 18:12:07,405] {processor.py:642} INFO - Processing file /Users/adebolafagbule/opt/anaconda3/envs/airflow_env/lib/python3.8/site-packages/airflow/example_dags/example_nested_branch_dag.py for tasks to queue
[2022-03-22 18:12:07,406] {logging_mixin.py:109} INFO - [2022-03-22 18:12:07,406] {dagbag.py:500} INFO - Filling up the DagBag from /Users/adebolafagbule/opt/anaconda3/envs/airflow_env/lib/python3.8/site-packages/airflow/example_dags/example_nested_branch_dag.py
[2022-03-22 18:12:07,455] {processor.py:654} INFO - DAG(s) dict_keys(['example_nested_branch_dag']) retrieved from /Users/adebolafagbule/opt/anaconda3/envs/airflow_env/lib/python3.8/site-packages/airflow/example_dags/example_nested_branch_dag.py
[2022-03-22 18:12:07,471] {logging_mixin.py:109} INFO - [2022-03-22 18:12:07,470] {dag.py:2398} INFO - Sync 1 DAGs
[2022-03-22 18:12:07,480] {logging_mixin.py:109} INFO - [2022-03-22 18:12:07,480] {dag.py:2937} INFO - Setting next_dagrun for example_nested_branch_dag to 2022-03-21 00:00:00+00:00
[2022-03-22 18:12:07,486] {processor.py:171} INFO - Processing /Users/adebolafagbule/opt/anaconda3/envs/airflow_env/lib/python3.8/site-packages/airflow/example_dags/example_nested_branch_dag.py took 0.084 seconds
[2022-03-22 18:13:52,104] {processor.py:163} INFO - Started process (PID=65612) to work on /Users/adebolafagbule/opt/anaconda3/envs/airflow_env/lib/python3.8/site-packages/airflow/example_dags/example_nested_branch_dag.py
[2022-03-22 18:13:52,105] {processor.py:642} INFO - Processing file /Users/adebolafagbule/opt/anaconda3/envs/airflow_env/lib/python3.8/site-packages/airflow/example_dags/example_nested_branch_dag.py for tasks to queue
[2022-03-22 18:13:52,106] {logging_mixin.py:109} INFO - [2022-03-22 18:13:52,106] {dagbag.py:500} INFO - Filling up the DagBag from /Users/adebolafagbule/opt/anaconda3/envs/airflow_env/lib/python3.8/site-packages/airflow/example_dags/example_nested_branch_dag.py
[2022-03-22 18:13:52,210] {processor.py:654} INFO - DAG(s) dict_keys(['example_nested_branch_dag']) retrieved from /Users/adebolafagbule/opt/anaconda3/envs/airflow_env/lib/python3.8/site-packages/airflow/example_dags/example_nested_branch_dag.py
[2022-03-22 18:13:52,278] {logging_mixin.py:109} INFO - [2022-03-22 18:13:52,278] {dag.py:2398} INFO - Sync 1 DAGs
[2022-03-22 18:13:52,289] {logging_mixin.py:109} INFO - [2022-03-22 18:13:52,289] {dag.py:2937} INFO - Setting next_dagrun for example_nested_branch_dag to 2022-03-21 00:00:00+00:00
[2022-03-22 18:13:52,299] {processor.py:171} INFO - Processing /Users/adebolafagbule/opt/anaconda3/envs/airflow_env/lib/python3.8/site-packages/airflow/example_dags/example_nested_branch_dag.py took 0.195 seconds
[2022-03-22 18:15:58,453] {processor.py:163} INFO - Started process (PID=65711) to work on /Users/adebolafagbule/opt/anaconda3/envs/airflow_env/lib/python3.8/site-packages/airflow/example_dags/example_nested_branch_dag.py
[2022-03-22 18:15:58,454] {processor.py:642} INFO - Processing file /Users/adebolafagbule/opt/anaconda3/envs/airflow_env/lib/python3.8/site-packages/airflow/example_dags/example_nested_branch_dag.py for tasks to queue
[2022-03-22 18:15:58,455] {logging_mixin.py:109} INFO - [2022-03-22 18:15:58,455] {dagbag.py:500} INFO - Filling up the DagBag from /Users/adebolafagbule/opt/anaconda3/envs/airflow_env/lib/python3.8/site-packages/airflow/example_dags/example_nested_branch_dag.py
[2022-03-22 18:15:58,502] {processor.py:654} INFO - DAG(s) dict_keys(['example_nested_branch_dag']) retrieved from /Users/adebolafagbule/opt/anaconda3/envs/airflow_env/lib/python3.8/site-packages/airflow/example_dags/example_nested_branch_dag.py
[2022-03-22 18:15:58,518] {logging_mixin.py:109} INFO - [2022-03-22 18:15:58,518] {dag.py:2398} INFO - Sync 1 DAGs
[2022-03-22 18:15:58,548] {logging_mixin.py:109} INFO - [2022-03-22 18:15:58,548] {dag.py:2937} INFO - Setting next_dagrun for example_nested_branch_dag to 2022-03-21 00:00:00+00:00
[2022-03-22 18:15:58,557] {processor.py:171} INFO - Processing /Users/adebolafagbule/opt/anaconda3/envs/airflow_env/lib/python3.8/site-packages/airflow/example_dags/example_nested_branch_dag.py took 0.105 seconds
[2022-03-22 18:17:41,665] {processor.py:163} INFO - Started process (PID=65793) to work on /Users/adebolafagbule/opt/anaconda3/envs/airflow_env/lib/python3.8/site-packages/airflow/example_dags/example_nested_branch_dag.py
[2022-03-22 18:17:41,667] {processor.py:642} INFO - Processing file /Users/adebolafagbule/opt/anaconda3/envs/airflow_env/lib/python3.8/site-packages/airflow/example_dags/example_nested_branch_dag.py for tasks to queue
[2022-03-22 18:17:41,667] {logging_mixin.py:109} INFO - [2022-03-22 18:17:41,667] {dagbag.py:500} INFO - Filling up the DagBag from /Users/adebolafagbule/opt/anaconda3/envs/airflow_env/lib/python3.8/site-packages/airflow/example_dags/example_nested_branch_dag.py
[2022-03-22 18:17:41,741] {processor.py:654} INFO - DAG(s) dict_keys(['example_nested_branch_dag']) retrieved from /Users/adebolafagbule/opt/anaconda3/envs/airflow_env/lib/python3.8/site-packages/airflow/example_dags/example_nested_branch_dag.py
[2022-03-22 18:17:41,770] {logging_mixin.py:109} INFO - [2022-03-22 18:17:41,770] {dag.py:2398} INFO - Sync 1 DAGs
[2022-03-22 18:17:41,780] {logging_mixin.py:109} INFO - [2022-03-22 18:17:41,780] {dag.py:2937} INFO - Setting next_dagrun for example_nested_branch_dag to 2022-03-21 00:00:00+00:00
[2022-03-22 18:17:41,790] {processor.py:171} INFO - Processing /Users/adebolafagbule/opt/anaconda3/envs/airflow_env/lib/python3.8/site-packages/airflow/example_dags/example_nested_branch_dag.py took 0.126 seconds
[2022-03-22 18:19:19,749] {processor.py:163} INFO - Started process (PID=65872) to work on /Users/adebolafagbule/opt/anaconda3/envs/airflow_env/lib/python3.8/site-packages/airflow/example_dags/example_nested_branch_dag.py
[2022-03-22 18:19:19,751] {processor.py:642} INFO - Processing file /Users/adebolafagbule/opt/anaconda3/envs/airflow_env/lib/python3.8/site-packages/airflow/example_dags/example_nested_branch_dag.py for tasks to queue
[2022-03-22 18:19:19,751] {logging_mixin.py:109} INFO - [2022-03-22 18:19:19,751] {dagbag.py:500} INFO - Filling up the DagBag from /Users/adebolafagbule/opt/anaconda3/envs/airflow_env/lib/python3.8/site-packages/airflow/example_dags/example_nested_branch_dag.py
[2022-03-22 18:19:19,799] {processor.py:654} INFO - DAG(s) dict_keys(['example_nested_branch_dag']) retrieved from /Users/adebolafagbule/opt/anaconda3/envs/airflow_env/lib/python3.8/site-packages/airflow/example_dags/example_nested_branch_dag.py
[2022-03-22 18:19:19,815] {logging_mixin.py:109} INFO - [2022-03-22 18:19:19,815] {dag.py:2398} INFO - Sync 1 DAGs
[2022-03-22 18:19:19,824] {logging_mixin.py:109} INFO - [2022-03-22 18:19:19,824] {dag.py:2937} INFO - Setting next_dagrun for example_nested_branch_dag to 2022-03-21 00:00:00+00:00
[2022-03-22 18:19:19,832] {processor.py:171} INFO - Processing /Users/adebolafagbule/opt/anaconda3/envs/airflow_env/lib/python3.8/site-packages/airflow/example_dags/example_nested_branch_dag.py took 0.083 seconds
[2022-03-22 18:20:55,612] {processor.py:163} INFO - Started process (PID=65952) to work on /Users/adebolafagbule/opt/anaconda3/envs/airflow_env/lib/python3.8/site-packages/airflow/example_dags/example_nested_branch_dag.py
[2022-03-22 18:20:55,613] {processor.py:642} INFO - Processing file /Users/adebolafagbule/opt/anaconda3/envs/airflow_env/lib/python3.8/site-packages/airflow/example_dags/example_nested_branch_dag.py for tasks to queue
[2022-03-22 18:20:55,613] {logging_mixin.py:109} INFO - [2022-03-22 18:20:55,613] {dagbag.py:500} INFO - Filling up the DagBag from /Users/adebolafagbule/opt/anaconda3/envs/airflow_env/lib/python3.8/site-packages/airflow/example_dags/example_nested_branch_dag.py
[2022-03-22 18:20:55,669] {processor.py:654} INFO - DAG(s) dict_keys(['example_nested_branch_dag']) retrieved from /Users/adebolafagbule/opt/anaconda3/envs/airflow_env/lib/python3.8/site-packages/airflow/example_dags/example_nested_branch_dag.py
[2022-03-22 18:20:55,684] {logging_mixin.py:109} INFO - [2022-03-22 18:20:55,684] {dag.py:2398} INFO - Sync 1 DAGs
[2022-03-22 18:20:55,692] {logging_mixin.py:109} INFO - [2022-03-22 18:20:55,692] {dag.py:2937} INFO - Setting next_dagrun for example_nested_branch_dag to 2022-03-21 00:00:00+00:00
[2022-03-22 18:20:55,704] {processor.py:171} INFO - Processing /Users/adebolafagbule/opt/anaconda3/envs/airflow_env/lib/python3.8/site-packages/airflow/example_dags/example_nested_branch_dag.py took 0.092 seconds
[2022-03-22 18:22:22,039] {processor.py:163} INFO - Started process (PID=66029) to work on /Users/adebolafagbule/opt/anaconda3/envs/airflow_env/lib/python3.8/site-packages/airflow/example_dags/example_nested_branch_dag.py
[2022-03-22 18:22:22,040] {processor.py:642} INFO - Processing file /Users/adebolafagbule/opt/anaconda3/envs/airflow_env/lib/python3.8/site-packages/airflow/example_dags/example_nested_branch_dag.py for tasks to queue
[2022-03-22 18:22:22,040] {logging_mixin.py:109} INFO - [2022-03-22 18:22:22,040] {dagbag.py:500} INFO - Filling up the DagBag from /Users/adebolafagbule/opt/anaconda3/envs/airflow_env/lib/python3.8/site-packages/airflow/example_dags/example_nested_branch_dag.py
[2022-03-22 18:22:22,083] {processor.py:654} INFO - DAG(s) dict_keys(['example_nested_branch_dag']) retrieved from /Users/adebolafagbule/opt/anaconda3/envs/airflow_env/lib/python3.8/site-packages/airflow/example_dags/example_nested_branch_dag.py
[2022-03-22 18:22:22,099] {logging_mixin.py:109} INFO - [2022-03-22 18:22:22,098] {dag.py:2398} INFO - Sync 1 DAGs
[2022-03-22 18:22:22,107] {logging_mixin.py:109} INFO - [2022-03-22 18:22:22,107] {dag.py:2937} INFO - Setting next_dagrun for example_nested_branch_dag to 2022-03-21 00:00:00+00:00
[2022-03-22 18:22:22,116] {processor.py:171} INFO - Processing /Users/adebolafagbule/opt/anaconda3/envs/airflow_env/lib/python3.8/site-packages/airflow/example_dags/example_nested_branch_dag.py took 0.078 seconds
[2022-03-22 18:23:50,645] {processor.py:163} INFO - Started process (PID=66107) to work on /Users/adebolafagbule/opt/anaconda3/envs/airflow_env/lib/python3.8/site-packages/airflow/example_dags/example_nested_branch_dag.py
[2022-03-22 18:23:50,646] {processor.py:642} INFO - Processing file /Users/adebolafagbule/opt/anaconda3/envs/airflow_env/lib/python3.8/site-packages/airflow/example_dags/example_nested_branch_dag.py for tasks to queue
[2022-03-22 18:23:50,646] {logging_mixin.py:109} INFO - [2022-03-22 18:23:50,646] {dagbag.py:500} INFO - Filling up the DagBag from /Users/adebolafagbule/opt/anaconda3/envs/airflow_env/lib/python3.8/site-packages/airflow/example_dags/example_nested_branch_dag.py
[2022-03-22 18:23:50,692] {processor.py:654} INFO - DAG(s) dict_keys(['example_nested_branch_dag']) retrieved from /Users/adebolafagbule/opt/anaconda3/envs/airflow_env/lib/python3.8/site-packages/airflow/example_dags/example_nested_branch_dag.py
[2022-03-22 18:23:50,707] {logging_mixin.py:109} INFO - [2022-03-22 18:23:50,707] {dag.py:2398} INFO - Sync 1 DAGs
[2022-03-22 18:23:50,716] {logging_mixin.py:109} INFO - [2022-03-22 18:23:50,716] {dag.py:2937} INFO - Setting next_dagrun for example_nested_branch_dag to 2022-03-21 00:00:00+00:00
[2022-03-22 18:23:50,728] {processor.py:171} INFO - Processing /Users/adebolafagbule/opt/anaconda3/envs/airflow_env/lib/python3.8/site-packages/airflow/example_dags/example_nested_branch_dag.py took 0.083 seconds
[2022-03-22 18:25:21,330] {processor.py:163} INFO - Started process (PID=66184) to work on /Users/adebolafagbule/opt/anaconda3/envs/airflow_env/lib/python3.8/site-packages/airflow/example_dags/example_nested_branch_dag.py
[2022-03-22 18:25:21,331] {processor.py:642} INFO - Processing file /Users/adebolafagbule/opt/anaconda3/envs/airflow_env/lib/python3.8/site-packages/airflow/example_dags/example_nested_branch_dag.py for tasks to queue
[2022-03-22 18:25:21,332] {logging_mixin.py:109} INFO - [2022-03-22 18:25:21,332] {dagbag.py:500} INFO - Filling up the DagBag from /Users/adebolafagbule/opt/anaconda3/envs/airflow_env/lib/python3.8/site-packages/airflow/example_dags/example_nested_branch_dag.py
[2022-03-22 18:25:21,378] {processor.py:654} INFO - DAG(s) dict_keys(['example_nested_branch_dag']) retrieved from /Users/adebolafagbule/opt/anaconda3/envs/airflow_env/lib/python3.8/site-packages/airflow/example_dags/example_nested_branch_dag.py
[2022-03-22 18:25:21,393] {logging_mixin.py:109} INFO - [2022-03-22 18:25:21,393] {dag.py:2398} INFO - Sync 1 DAGs
[2022-03-22 18:25:21,402] {logging_mixin.py:109} INFO - [2022-03-22 18:25:21,402] {dag.py:2937} INFO - Setting next_dagrun for example_nested_branch_dag to 2022-03-21 00:00:00+00:00
[2022-03-22 18:25:21,410] {processor.py:171} INFO - Processing /Users/adebolafagbule/opt/anaconda3/envs/airflow_env/lib/python3.8/site-packages/airflow/example_dags/example_nested_branch_dag.py took 0.081 seconds
[2022-03-22 18:27:04,759] {processor.py:163} INFO - Started process (PID=66269) to work on /Users/adebolafagbule/opt/anaconda3/envs/airflow_env/lib/python3.8/site-packages/airflow/example_dags/example_nested_branch_dag.py
[2022-03-22 18:27:04,761] {processor.py:642} INFO - Processing file /Users/adebolafagbule/opt/anaconda3/envs/airflow_env/lib/python3.8/site-packages/airflow/example_dags/example_nested_branch_dag.py for tasks to queue
[2022-03-22 18:27:04,761] {logging_mixin.py:109} INFO - [2022-03-22 18:27:04,761] {dagbag.py:500} INFO - Filling up the DagBag from /Users/adebolafagbule/opt/anaconda3/envs/airflow_env/lib/python3.8/site-packages/airflow/example_dags/example_nested_branch_dag.py
[2022-03-22 18:27:04,816] {processor.py:654} INFO - DAG(s) dict_keys(['example_nested_branch_dag']) retrieved from /Users/adebolafagbule/opt/anaconda3/envs/airflow_env/lib/python3.8/site-packages/airflow/example_dags/example_nested_branch_dag.py
[2022-03-22 18:27:04,830] {logging_mixin.py:109} INFO - [2022-03-22 18:27:04,830] {dag.py:2398} INFO - Sync 1 DAGs
[2022-03-22 18:27:04,839] {logging_mixin.py:109} INFO - [2022-03-22 18:27:04,839] {dag.py:2937} INFO - Setting next_dagrun for example_nested_branch_dag to 2022-03-21 00:00:00+00:00
[2022-03-22 18:27:04,848] {processor.py:171} INFO - Processing /Users/adebolafagbule/opt/anaconda3/envs/airflow_env/lib/python3.8/site-packages/airflow/example_dags/example_nested_branch_dag.py took 0.089 seconds
[2022-03-22 19:21:28,017] {processor.py:163} INFO - Started process (PID=66348) to work on /Users/adebolafagbule/opt/anaconda3/envs/airflow_env/lib/python3.8/site-packages/airflow/example_dags/example_nested_branch_dag.py
[2022-03-22 19:21:28,018] {processor.py:642} INFO - Processing file /Users/adebolafagbule/opt/anaconda3/envs/airflow_env/lib/python3.8/site-packages/airflow/example_dags/example_nested_branch_dag.py for tasks to queue
[2022-03-22 19:21:28,018] {logging_mixin.py:109} INFO - [2022-03-22 19:21:28,018] {dagbag.py:500} INFO - Filling up the DagBag from /Users/adebolafagbule/opt/anaconda3/envs/airflow_env/lib/python3.8/site-packages/airflow/example_dags/example_nested_branch_dag.py
[2022-03-22 19:21:28,070] {processor.py:654} INFO - DAG(s) dict_keys(['example_nested_branch_dag']) retrieved from /Users/adebolafagbule/opt/anaconda3/envs/airflow_env/lib/python3.8/site-packages/airflow/example_dags/example_nested_branch_dag.py
[2022-03-22 19:21:28,089] {logging_mixin.py:109} INFO - [2022-03-22 19:21:28,089] {dag.py:2398} INFO - Sync 1 DAGs
[2022-03-22 19:21:28,103] {logging_mixin.py:109} INFO - [2022-03-22 19:21:28,103] {dag.py:2937} INFO - Setting next_dagrun for example_nested_branch_dag to 2022-03-21 00:00:00+00:00
[2022-03-22 19:21:28,114] {processor.py:171} INFO - Processing /Users/adebolafagbule/opt/anaconda3/envs/airflow_env/lib/python3.8/site-packages/airflow/example_dags/example_nested_branch_dag.py took 0.098 seconds
