[2022-03-22 00:34:50,318] {processor.py:163} INFO - Started process (PID=61229) to work on /Users/adebolafagbule/opt/anaconda3/envs/airflow_env/lib/python3.8/site-packages/airflow/example_dags/example_short_circuit_operator.py
[2022-03-22 00:34:50,318] {processor.py:642} INFO - Processing file /Users/adebolafagbule/opt/anaconda3/envs/airflow_env/lib/python3.8/site-packages/airflow/example_dags/example_short_circuit_operator.py for tasks to queue
[2022-03-22 00:34:50,319] {logging_mixin.py:109} INFO - [2022-03-22 00:34:50,319] {dagbag.py:500} INFO - Filling up the DagBag from /Users/adebolafagbule/opt/anaconda3/envs/airflow_env/lib/python3.8/site-packages/airflow/example_dags/example_short_circuit_operator.py
[2022-03-22 00:34:50,386] {processor.py:654} INFO - DAG(s) dict_keys(['example_short_circuit_operator']) retrieved from /Users/adebolafagbule/opt/anaconda3/envs/airflow_env/lib/python3.8/site-packages/airflow/example_dags/example_short_circuit_operator.py
[2022-03-22 00:34:50,425] {logging_mixin.py:109} INFO - [2022-03-22 00:34:50,425] {dag.py:2398} INFO - Sync 1 DAGs
[2022-03-22 00:34:50,442] {logging_mixin.py:109} INFO - [2022-03-22 00:34:50,442] {dag.py:2937} INFO - Setting next_dagrun for example_short_circuit_operator to 2022-03-21T04:34:50.442009+00:00
[2022-03-22 00:34:50,459] {processor.py:171} INFO - Processing /Users/adebolafagbule/opt/anaconda3/envs/airflow_env/lib/python3.8/site-packages/airflow/example_dags/example_short_circuit_operator.py took 0.142 seconds
[2022-03-22 05:36:26,119] {processor.py:163} INFO - Started process (PID=61427) to work on /Users/adebolafagbule/opt/anaconda3/envs/airflow_env/lib/python3.8/site-packages/airflow/example_dags/example_short_circuit_operator.py
[2022-03-22 05:36:26,122] {processor.py:642} INFO - Processing file /Users/adebolafagbule/opt/anaconda3/envs/airflow_env/lib/python3.8/site-packages/airflow/example_dags/example_short_circuit_operator.py for tasks to queue
[2022-03-22 05:36:26,123] {logging_mixin.py:109} INFO - [2022-03-22 05:36:26,122] {dagbag.py:500} INFO - Filling up the DagBag from /Users/adebolafagbule/opt/anaconda3/envs/airflow_env/lib/python3.8/site-packages/airflow/example_dags/example_short_circuit_operator.py
[2022-03-22 05:36:26,241] {processor.py:654} INFO - DAG(s) dict_keys(['example_short_circuit_operator']) retrieved from /Users/adebolafagbule/opt/anaconda3/envs/airflow_env/lib/python3.8/site-packages/airflow/example_dags/example_short_circuit_operator.py
[2022-03-22 05:36:26,277] {logging_mixin.py:109} INFO - [2022-03-22 05:36:26,277] {dag.py:2398} INFO - Sync 1 DAGs
[2022-03-22 05:36:26,315] {logging_mixin.py:109} INFO - [2022-03-22 05:36:26,314] {dag.py:2937} INFO - Setting next_dagrun for example_short_circuit_operator to 2022-03-21T09:36:26.313946+00:00
[2022-03-22 05:36:26,331] {processor.py:171} INFO - Processing /Users/adebolafagbule/opt/anaconda3/envs/airflow_env/lib/python3.8/site-packages/airflow/example_dags/example_short_circuit_operator.py took 0.214 seconds
[2022-03-22 06:59:26,122] {processor.py:163} INFO - Started process (PID=61498) to work on /Users/adebolafagbule/opt/anaconda3/envs/airflow_env/lib/python3.8/site-packages/airflow/example_dags/example_short_circuit_operator.py
[2022-03-22 06:59:26,123] {processor.py:642} INFO - Processing file /Users/adebolafagbule/opt/anaconda3/envs/airflow_env/lib/python3.8/site-packages/airflow/example_dags/example_short_circuit_operator.py for tasks to queue
[2022-03-22 06:59:26,124] {logging_mixin.py:109} INFO - [2022-03-22 06:59:26,124] {dagbag.py:500} INFO - Filling up the DagBag from /Users/adebolafagbule/opt/anaconda3/envs/airflow_env/lib/python3.8/site-packages/airflow/example_dags/example_short_circuit_operator.py
[2022-03-22 06:59:26,176] {processor.py:654} INFO - DAG(s) dict_keys(['example_short_circuit_operator']) retrieved from /Users/adebolafagbule/opt/anaconda3/envs/airflow_env/lib/python3.8/site-packages/airflow/example_dags/example_short_circuit_operator.py
[2022-03-22 06:59:26,197] {logging_mixin.py:109} INFO - [2022-03-22 06:59:26,197] {dag.py:2398} INFO - Sync 1 DAGs
[2022-03-22 06:59:26,206] {logging_mixin.py:109} INFO - [2022-03-22 06:59:26,206] {dag.py:2937} INFO - Setting next_dagrun for example_short_circuit_operator to 2022-03-21T10:59:26.205902+00:00
[2022-03-22 06:59:26,215] {processor.py:171} INFO - Processing /Users/adebolafagbule/opt/anaconda3/envs/airflow_env/lib/python3.8/site-packages/airflow/example_dags/example_short_circuit_operator.py took 0.093 seconds
[2022-03-22 08:12:14,301] {processor.py:163} INFO - Started process (PID=61620) to work on /Users/adebolafagbule/opt/anaconda3/envs/airflow_env/lib/python3.8/site-packages/airflow/example_dags/example_short_circuit_operator.py
[2022-03-22 08:12:14,302] {processor.py:642} INFO - Processing file /Users/adebolafagbule/opt/anaconda3/envs/airflow_env/lib/python3.8/site-packages/airflow/example_dags/example_short_circuit_operator.py for tasks to queue
[2022-03-22 08:12:14,302] {logging_mixin.py:109} INFO - [2022-03-22 08:12:14,302] {dagbag.py:500} INFO - Filling up the DagBag from /Users/adebolafagbule/opt/anaconda3/envs/airflow_env/lib/python3.8/site-packages/airflow/example_dags/example_short_circuit_operator.py
[2022-03-22 08:12:14,395] {processor.py:654} INFO - DAG(s) dict_keys(['example_short_circuit_operator']) retrieved from /Users/adebolafagbule/opt/anaconda3/envs/airflow_env/lib/python3.8/site-packages/airflow/example_dags/example_short_circuit_operator.py
[2022-03-22 08:12:14,433] {logging_mixin.py:109} INFO - [2022-03-22 08:12:14,433] {dag.py:2398} INFO - Sync 1 DAGs
[2022-03-22 08:12:14,450] {logging_mixin.py:109} INFO - [2022-03-22 08:12:14,450] {dag.py:2937} INFO - Setting next_dagrun for example_short_circuit_operator to 2022-03-21T12:12:14.450118+00:00
[2022-03-22 08:12:14,464] {processor.py:171} INFO - Processing /Users/adebolafagbule/opt/anaconda3/envs/airflow_env/lib/python3.8/site-packages/airflow/example_dags/example_short_circuit_operator.py took 0.164 seconds
[2022-03-22 08:41:10,098] {processor.py:163} INFO - Started process (PID=61718) to work on /Users/adebolafagbule/opt/anaconda3/envs/airflow_env/lib/python3.8/site-packages/airflow/example_dags/example_short_circuit_operator.py
[2022-03-22 08:41:10,100] {processor.py:642} INFO - Processing file /Users/adebolafagbule/opt/anaconda3/envs/airflow_env/lib/python3.8/site-packages/airflow/example_dags/example_short_circuit_operator.py for tasks to queue
[2022-03-22 08:41:10,101] {logging_mixin.py:109} INFO - [2022-03-22 08:41:10,100] {dagbag.py:500} INFO - Filling up the DagBag from /Users/adebolafagbule/opt/anaconda3/envs/airflow_env/lib/python3.8/site-packages/airflow/example_dags/example_short_circuit_operator.py
[2022-03-22 08:41:10,201] {processor.py:654} INFO - DAG(s) dict_keys(['example_short_circuit_operator']) retrieved from /Users/adebolafagbule/opt/anaconda3/envs/airflow_env/lib/python3.8/site-packages/airflow/example_dags/example_short_circuit_operator.py
[2022-03-22 08:41:10,235] {logging_mixin.py:109} INFO - [2022-03-22 08:41:10,235] {dag.py:2398} INFO - Sync 1 DAGs
[2022-03-22 08:41:10,252] {logging_mixin.py:109} INFO - [2022-03-22 08:41:10,252] {dag.py:2937} INFO - Setting next_dagrun for example_short_circuit_operator to 2022-03-21T12:41:10.251798+00:00
[2022-03-22 08:41:10,264] {processor.py:171} INFO - Processing /Users/adebolafagbule/opt/anaconda3/envs/airflow_env/lib/python3.8/site-packages/airflow/example_dags/example_short_circuit_operator.py took 0.167 seconds
[2022-03-22 09:34:56,820] {processor.py:163} INFO - Started process (PID=61870) to work on /Users/adebolafagbule/opt/anaconda3/envs/airflow_env/lib/python3.8/site-packages/airflow/example_dags/example_short_circuit_operator.py
[2022-03-22 09:34:56,821] {processor.py:642} INFO - Processing file /Users/adebolafagbule/opt/anaconda3/envs/airflow_env/lib/python3.8/site-packages/airflow/example_dags/example_short_circuit_operator.py for tasks to queue
[2022-03-22 09:34:56,822] {logging_mixin.py:109} INFO - [2022-03-22 09:34:56,822] {dagbag.py:500} INFO - Filling up the DagBag from /Users/adebolafagbule/opt/anaconda3/envs/airflow_env/lib/python3.8/site-packages/airflow/example_dags/example_short_circuit_operator.py
[2022-03-22 09:34:56,924] {processor.py:654} INFO - DAG(s) dict_keys(['example_short_circuit_operator']) retrieved from /Users/adebolafagbule/opt/anaconda3/envs/airflow_env/lib/python3.8/site-packages/airflow/example_dags/example_short_circuit_operator.py
[2022-03-22 09:34:56,962] {logging_mixin.py:109} INFO - [2022-03-22 09:34:56,962] {dag.py:2398} INFO - Sync 1 DAGs
[2022-03-22 09:34:56,981] {logging_mixin.py:109} INFO - [2022-03-22 09:34:56,981] {dag.py:2937} INFO - Setting next_dagrun for example_short_circuit_operator to 2022-03-21T13:34:56.981250+00:00
[2022-03-22 09:34:56,995] {processor.py:171} INFO - Processing /Users/adebolafagbule/opt/anaconda3/envs/airflow_env/lib/python3.8/site-packages/airflow/example_dags/example_short_circuit_operator.py took 0.177 seconds
[2022-03-22 09:52:28,282] {processor.py:163} INFO - Started process (PID=61946) to work on /Users/adebolafagbule/opt/anaconda3/envs/airflow_env/lib/python3.8/site-packages/airflow/example_dags/example_short_circuit_operator.py
[2022-03-22 09:52:28,283] {processor.py:642} INFO - Processing file /Users/adebolafagbule/opt/anaconda3/envs/airflow_env/lib/python3.8/site-packages/airflow/example_dags/example_short_circuit_operator.py for tasks to queue
[2022-03-22 09:52:28,284] {logging_mixin.py:109} INFO - [2022-03-22 09:52:28,284] {dagbag.py:500} INFO - Filling up the DagBag from /Users/adebolafagbule/opt/anaconda3/envs/airflow_env/lib/python3.8/site-packages/airflow/example_dags/example_short_circuit_operator.py
[2022-03-22 09:52:28,391] {processor.py:654} INFO - DAG(s) dict_keys(['example_short_circuit_operator']) retrieved from /Users/adebolafagbule/opt/anaconda3/envs/airflow_env/lib/python3.8/site-packages/airflow/example_dags/example_short_circuit_operator.py
[2022-03-22 09:52:28,430] {logging_mixin.py:109} INFO - [2022-03-22 09:52:28,430] {dag.py:2398} INFO - Sync 1 DAGs
[2022-03-22 09:52:28,449] {logging_mixin.py:109} INFO - [2022-03-22 09:52:28,449] {dag.py:2937} INFO - Setting next_dagrun for example_short_circuit_operator to 2022-03-21T13:52:28.449303+00:00
[2022-03-22 09:52:28,463] {processor.py:171} INFO - Processing /Users/adebolafagbule/opt/anaconda3/envs/airflow_env/lib/python3.8/site-packages/airflow/example_dags/example_short_circuit_operator.py took 0.183 seconds
[2022-03-22 10:10:35,544] {processor.py:163} INFO - Started process (PID=62017) to work on /Users/adebolafagbule/opt/anaconda3/envs/airflow_env/lib/python3.8/site-packages/airflow/example_dags/example_short_circuit_operator.py
[2022-03-22 10:10:35,545] {processor.py:642} INFO - Processing file /Users/adebolafagbule/opt/anaconda3/envs/airflow_env/lib/python3.8/site-packages/airflow/example_dags/example_short_circuit_operator.py for tasks to queue
[2022-03-22 10:10:35,546] {logging_mixin.py:109} INFO - [2022-03-22 10:10:35,545] {dagbag.py:500} INFO - Filling up the DagBag from /Users/adebolafagbule/opt/anaconda3/envs/airflow_env/lib/python3.8/site-packages/airflow/example_dags/example_short_circuit_operator.py
[2022-03-22 10:10:35,636] {processor.py:654} INFO - DAG(s) dict_keys(['example_short_circuit_operator']) retrieved from /Users/adebolafagbule/opt/anaconda3/envs/airflow_env/lib/python3.8/site-packages/airflow/example_dags/example_short_circuit_operator.py
[2022-03-22 10:10:35,671] {logging_mixin.py:109} INFO - [2022-03-22 10:10:35,670] {dag.py:2398} INFO - Sync 1 DAGs
[2022-03-22 10:10:35,687] {logging_mixin.py:109} INFO - [2022-03-22 10:10:35,687] {dag.py:2937} INFO - Setting next_dagrun for example_short_circuit_operator to 2022-03-21T14:10:35.687523+00:00
[2022-03-22 10:10:35,701] {processor.py:171} INFO - Processing /Users/adebolafagbule/opt/anaconda3/envs/airflow_env/lib/python3.8/site-packages/airflow/example_dags/example_short_circuit_operator.py took 0.159 seconds
[2022-03-22 10:43:47,809] {processor.py:163} INFO - Started process (PID=62087) to work on /Users/adebolafagbule/opt/anaconda3/envs/airflow_env/lib/python3.8/site-packages/airflow/example_dags/example_short_circuit_operator.py
[2022-03-22 10:43:47,810] {processor.py:642} INFO - Processing file /Users/adebolafagbule/opt/anaconda3/envs/airflow_env/lib/python3.8/site-packages/airflow/example_dags/example_short_circuit_operator.py for tasks to queue
[2022-03-22 10:43:47,810] {logging_mixin.py:109} INFO - [2022-03-22 10:43:47,810] {dagbag.py:500} INFO - Filling up the DagBag from /Users/adebolafagbule/opt/anaconda3/envs/airflow_env/lib/python3.8/site-packages/airflow/example_dags/example_short_circuit_operator.py
[2022-03-22 10:43:47,846] {processor.py:654} INFO - DAG(s) dict_keys(['example_short_circuit_operator']) retrieved from /Users/adebolafagbule/opt/anaconda3/envs/airflow_env/lib/python3.8/site-packages/airflow/example_dags/example_short_circuit_operator.py
[2022-03-22 10:43:47,860] {logging_mixin.py:109} INFO - [2022-03-22 10:43:47,860] {dag.py:2398} INFO - Sync 1 DAGs
[2022-03-22 10:43:47,867] {logging_mixin.py:109} INFO - [2022-03-22 10:43:47,867] {dag.py:2937} INFO - Setting next_dagrun for example_short_circuit_operator to 2022-03-21T14:43:47.867060+00:00
[2022-03-22 10:43:47,873] {processor.py:171} INFO - Processing /Users/adebolafagbule/opt/anaconda3/envs/airflow_env/lib/python3.8/site-packages/airflow/example_dags/example_short_circuit_operator.py took 0.065 seconds
[2022-03-22 11:00:27,421] {processor.py:163} INFO - Started process (PID=62180) to work on /Users/adebolafagbule/opt/anaconda3/envs/airflow_env/lib/python3.8/site-packages/airflow/example_dags/example_short_circuit_operator.py
[2022-03-22 11:00:27,421] {processor.py:642} INFO - Processing file /Users/adebolafagbule/opt/anaconda3/envs/airflow_env/lib/python3.8/site-packages/airflow/example_dags/example_short_circuit_operator.py for tasks to queue
[2022-03-22 11:00:27,422] {logging_mixin.py:109} INFO - [2022-03-22 11:00:27,422] {dagbag.py:500} INFO - Filling up the DagBag from /Users/adebolafagbule/opt/anaconda3/envs/airflow_env/lib/python3.8/site-packages/airflow/example_dags/example_short_circuit_operator.py
[2022-03-22 11:00:27,455] {processor.py:654} INFO - DAG(s) dict_keys(['example_short_circuit_operator']) retrieved from /Users/adebolafagbule/opt/anaconda3/envs/airflow_env/lib/python3.8/site-packages/airflow/example_dags/example_short_circuit_operator.py
[2022-03-22 11:00:27,470] {logging_mixin.py:109} INFO - [2022-03-22 11:00:27,469] {dag.py:2398} INFO - Sync 1 DAGs
[2022-03-22 11:00:27,476] {logging_mixin.py:109} INFO - [2022-03-22 11:00:27,476] {dag.py:2937} INFO - Setting next_dagrun for example_short_circuit_operator to 2022-03-21T15:00:27.476269+00:00
[2022-03-22 11:00:27,485] {processor.py:171} INFO - Processing /Users/adebolafagbule/opt/anaconda3/envs/airflow_env/lib/python3.8/site-packages/airflow/example_dags/example_short_circuit_operator.py took 0.064 seconds
[2022-03-22 11:01:43,262] {processor.py:163} INFO - Started process (PID=62264) to work on /Users/adebolafagbule/opt/anaconda3/envs/airflow_env/lib/python3.8/site-packages/airflow/example_dags/example_short_circuit_operator.py
[2022-03-22 11:01:43,263] {processor.py:642} INFO - Processing file /Users/adebolafagbule/opt/anaconda3/envs/airflow_env/lib/python3.8/site-packages/airflow/example_dags/example_short_circuit_operator.py for tasks to queue
[2022-03-22 11:01:43,263] {logging_mixin.py:109} INFO - [2022-03-22 11:01:43,263] {dagbag.py:500} INFO - Filling up the DagBag from /Users/adebolafagbule/opt/anaconda3/envs/airflow_env/lib/python3.8/site-packages/airflow/example_dags/example_short_circuit_operator.py
[2022-03-22 11:01:43,302] {processor.py:654} INFO - DAG(s) dict_keys(['example_short_circuit_operator']) retrieved from /Users/adebolafagbule/opt/anaconda3/envs/airflow_env/lib/python3.8/site-packages/airflow/example_dags/example_short_circuit_operator.py
[2022-03-22 11:01:43,315] {logging_mixin.py:109} INFO - [2022-03-22 11:01:43,315] {dag.py:2398} INFO - Sync 1 DAGs
[2022-03-22 11:01:43,322] {logging_mixin.py:109} INFO - [2022-03-22 11:01:43,322] {dag.py:2937} INFO - Setting next_dagrun for example_short_circuit_operator to 2022-03-21T15:01:43.321904+00:00
[2022-03-22 11:01:43,327] {processor.py:171} INFO - Processing /Users/adebolafagbule/opt/anaconda3/envs/airflow_env/lib/python3.8/site-packages/airflow/example_dags/example_short_circuit_operator.py took 0.066 seconds
[2022-03-22 11:02:59,005] {processor.py:163} INFO - Started process (PID=62434) to work on /Users/adebolafagbule/opt/anaconda3/envs/airflow_env/lib/python3.8/site-packages/airflow/example_dags/example_short_circuit_operator.py
[2022-03-22 11:02:59,005] {processor.py:642} INFO - Processing file /Users/adebolafagbule/opt/anaconda3/envs/airflow_env/lib/python3.8/site-packages/airflow/example_dags/example_short_circuit_operator.py for tasks to queue
[2022-03-22 11:02:59,005] {logging_mixin.py:109} INFO - [2022-03-22 11:02:59,005] {dagbag.py:500} INFO - Filling up the DagBag from /Users/adebolafagbule/opt/anaconda3/envs/airflow_env/lib/python3.8/site-packages/airflow/example_dags/example_short_circuit_operator.py
[2022-03-22 11:02:59,042] {processor.py:654} INFO - DAG(s) dict_keys(['example_short_circuit_operator']) retrieved from /Users/adebolafagbule/opt/anaconda3/envs/airflow_env/lib/python3.8/site-packages/airflow/example_dags/example_short_circuit_operator.py
[2022-03-22 11:02:59,056] {logging_mixin.py:109} INFO - [2022-03-22 11:02:59,056] {dag.py:2398} INFO - Sync 1 DAGs
[2022-03-22 11:02:59,063] {logging_mixin.py:109} INFO - [2022-03-22 11:02:59,063] {dag.py:2937} INFO - Setting next_dagrun for example_short_circuit_operator to 2022-03-21T15:02:59.063416+00:00
[2022-03-22 11:02:59,071] {processor.py:171} INFO - Processing /Users/adebolafagbule/opt/anaconda3/envs/airflow_env/lib/python3.8/site-packages/airflow/example_dags/example_short_circuit_operator.py took 0.067 seconds
[2022-03-22 11:04:15,239] {processor.py:163} INFO - Started process (PID=62518) to work on /Users/adebolafagbule/opt/anaconda3/envs/airflow_env/lib/python3.8/site-packages/airflow/example_dags/example_short_circuit_operator.py
[2022-03-22 11:04:15,241] {processor.py:642} INFO - Processing file /Users/adebolafagbule/opt/anaconda3/envs/airflow_env/lib/python3.8/site-packages/airflow/example_dags/example_short_circuit_operator.py for tasks to queue
[2022-03-22 11:04:15,241] {logging_mixin.py:109} INFO - [2022-03-22 11:04:15,241] {dagbag.py:500} INFO - Filling up the DagBag from /Users/adebolafagbule/opt/anaconda3/envs/airflow_env/lib/python3.8/site-packages/airflow/example_dags/example_short_circuit_operator.py
[2022-03-22 11:04:15,290] {processor.py:654} INFO - DAG(s) dict_keys(['example_short_circuit_operator']) retrieved from /Users/adebolafagbule/opt/anaconda3/envs/airflow_env/lib/python3.8/site-packages/airflow/example_dags/example_short_circuit_operator.py
[2022-03-22 11:04:15,304] {logging_mixin.py:109} INFO - [2022-03-22 11:04:15,303] {dag.py:2398} INFO - Sync 1 DAGs
[2022-03-22 11:04:15,310] {logging_mixin.py:109} INFO - [2022-03-22 11:04:15,310] {dag.py:2937} INFO - Setting next_dagrun for example_short_circuit_operator to 2022-03-21T15:04:15.310254+00:00
[2022-03-22 11:04:15,316] {processor.py:171} INFO - Processing /Users/adebolafagbule/opt/anaconda3/envs/airflow_env/lib/python3.8/site-packages/airflow/example_dags/example_short_circuit_operator.py took 0.078 seconds
[2022-03-22 11:24:20,202] {processor.py:163} INFO - Started process (PID=62654) to work on /Users/adebolafagbule/opt/anaconda3/envs/airflow_env/lib/python3.8/site-packages/airflow/example_dags/example_short_circuit_operator.py
[2022-03-22 11:24:20,203] {processor.py:642} INFO - Processing file /Users/adebolafagbule/opt/anaconda3/envs/airflow_env/lib/python3.8/site-packages/airflow/example_dags/example_short_circuit_operator.py for tasks to queue
[2022-03-22 11:24:20,203] {logging_mixin.py:109} INFO - [2022-03-22 11:24:20,203] {dagbag.py:500} INFO - Filling up the DagBag from /Users/adebolafagbule/opt/anaconda3/envs/airflow_env/lib/python3.8/site-packages/airflow/example_dags/example_short_circuit_operator.py
[2022-03-22 11:24:20,266] {processor.py:654} INFO - DAG(s) dict_keys(['example_short_circuit_operator']) retrieved from /Users/adebolafagbule/opt/anaconda3/envs/airflow_env/lib/python3.8/site-packages/airflow/example_dags/example_short_circuit_operator.py
[2022-03-22 11:24:20,289] {logging_mixin.py:109} INFO - [2022-03-22 11:24:20,289] {dag.py:2398} INFO - Sync 1 DAGs
[2022-03-22 11:24:20,300] {logging_mixin.py:109} INFO - [2022-03-22 11:24:20,300] {dag.py:2937} INFO - Setting next_dagrun for example_short_circuit_operator to 2022-03-21T15:24:20.300546+00:00
[2022-03-22 11:24:20,309] {processor.py:171} INFO - Processing /Users/adebolafagbule/opt/anaconda3/envs/airflow_env/lib/python3.8/site-packages/airflow/example_dags/example_short_circuit_operator.py took 0.107 seconds
[2022-03-22 12:11:34,078] {processor.py:163} INFO - Started process (PID=62744) to work on /Users/adebolafagbule/opt/anaconda3/envs/airflow_env/lib/python3.8/site-packages/airflow/example_dags/example_short_circuit_operator.py
[2022-03-22 12:11:34,080] {processor.py:642} INFO - Processing file /Users/adebolafagbule/opt/anaconda3/envs/airflow_env/lib/python3.8/site-packages/airflow/example_dags/example_short_circuit_operator.py for tasks to queue
[2022-03-22 12:11:34,080] {logging_mixin.py:109} INFO - [2022-03-22 12:11:34,080] {dagbag.py:500} INFO - Filling up the DagBag from /Users/adebolafagbule/opt/anaconda3/envs/airflow_env/lib/python3.8/site-packages/airflow/example_dags/example_short_circuit_operator.py
[2022-03-22 12:11:34,115] {processor.py:654} INFO - DAG(s) dict_keys(['example_short_circuit_operator']) retrieved from /Users/adebolafagbule/opt/anaconda3/envs/airflow_env/lib/python3.8/site-packages/airflow/example_dags/example_short_circuit_operator.py
[2022-03-22 12:11:34,130] {logging_mixin.py:109} INFO - [2022-03-22 12:11:34,130] {dag.py:2398} INFO - Sync 1 DAGs
[2022-03-22 12:11:34,136] {logging_mixin.py:109} INFO - [2022-03-22 12:11:34,136] {dag.py:2937} INFO - Setting next_dagrun for example_short_circuit_operator to 2022-03-21T16:11:34.136650+00:00
[2022-03-22 12:11:34,142] {processor.py:171} INFO - Processing /Users/adebolafagbule/opt/anaconda3/envs/airflow_env/lib/python3.8/site-packages/airflow/example_dags/example_short_circuit_operator.py took 0.064 seconds
[2022-03-22 12:29:17,866] {processor.py:163} INFO - Started process (PID=62829) to work on /Users/adebolafagbule/opt/anaconda3/envs/airflow_env/lib/python3.8/site-packages/airflow/example_dags/example_short_circuit_operator.py
[2022-03-22 12:29:17,867] {processor.py:642} INFO - Processing file /Users/adebolafagbule/opt/anaconda3/envs/airflow_env/lib/python3.8/site-packages/airflow/example_dags/example_short_circuit_operator.py for tasks to queue
[2022-03-22 12:29:17,868] {logging_mixin.py:109} INFO - [2022-03-22 12:29:17,868] {dagbag.py:500} INFO - Filling up the DagBag from /Users/adebolafagbule/opt/anaconda3/envs/airflow_env/lib/python3.8/site-packages/airflow/example_dags/example_short_circuit_operator.py
[2022-03-22 12:29:17,941] {processor.py:654} INFO - DAG(s) dict_keys(['example_short_circuit_operator']) retrieved from /Users/adebolafagbule/opt/anaconda3/envs/airflow_env/lib/python3.8/site-packages/airflow/example_dags/example_short_circuit_operator.py
[2022-03-22 12:29:17,968] {logging_mixin.py:109} INFO - [2022-03-22 12:29:17,968] {dag.py:2398} INFO - Sync 1 DAGs
[2022-03-22 12:29:17,982] {logging_mixin.py:109} INFO - [2022-03-22 12:29:17,982] {dag.py:2937} INFO - Setting next_dagrun for example_short_circuit_operator to 2022-03-21T16:29:17.981904+00:00
[2022-03-22 12:29:17,992] {processor.py:171} INFO - Processing /Users/adebolafagbule/opt/anaconda3/envs/airflow_env/lib/python3.8/site-packages/airflow/example_dags/example_short_circuit_operator.py took 0.127 seconds
[2022-03-22 13:48:07,335] {processor.py:163} INFO - Started process (PID=62916) to work on /Users/adebolafagbule/opt/anaconda3/envs/airflow_env/lib/python3.8/site-packages/airflow/example_dags/example_short_circuit_operator.py
[2022-03-22 13:48:07,336] {processor.py:642} INFO - Processing file /Users/adebolafagbule/opt/anaconda3/envs/airflow_env/lib/python3.8/site-packages/airflow/example_dags/example_short_circuit_operator.py for tasks to queue
[2022-03-22 13:48:07,337] {logging_mixin.py:109} INFO - [2022-03-22 13:48:07,337] {dagbag.py:500} INFO - Filling up the DagBag from /Users/adebolafagbule/opt/anaconda3/envs/airflow_env/lib/python3.8/site-packages/airflow/example_dags/example_short_circuit_operator.py
[2022-03-22 13:48:07,431] {processor.py:654} INFO - DAG(s) dict_keys(['example_short_circuit_operator']) retrieved from /Users/adebolafagbule/opt/anaconda3/envs/airflow_env/lib/python3.8/site-packages/airflow/example_dags/example_short_circuit_operator.py
[2022-03-22 13:48:07,467] {logging_mixin.py:109} INFO - [2022-03-22 13:48:07,467] {dag.py:2398} INFO - Sync 1 DAGs
[2022-03-22 13:48:07,484] {logging_mixin.py:109} INFO - [2022-03-22 13:48:07,484] {dag.py:2937} INFO - Setting next_dagrun for example_short_circuit_operator to 2022-03-21T17:48:07.484477+00:00
[2022-03-22 13:48:07,498] {processor.py:171} INFO - Processing /Users/adebolafagbule/opt/anaconda3/envs/airflow_env/lib/python3.8/site-packages/airflow/example_dags/example_short_circuit_operator.py took 0.163 seconds
[2022-03-22 14:13:11,884] {processor.py:163} INFO - Started process (PID=62993) to work on /Users/adebolafagbule/opt/anaconda3/envs/airflow_env/lib/python3.8/site-packages/airflow/example_dags/example_short_circuit_operator.py
[2022-03-22 14:13:11,885] {processor.py:642} INFO - Processing file /Users/adebolafagbule/opt/anaconda3/envs/airflow_env/lib/python3.8/site-packages/airflow/example_dags/example_short_circuit_operator.py for tasks to queue
[2022-03-22 14:13:11,886] {logging_mixin.py:109} INFO - [2022-03-22 14:13:11,886] {dagbag.py:500} INFO - Filling up the DagBag from /Users/adebolafagbule/opt/anaconda3/envs/airflow_env/lib/python3.8/site-packages/airflow/example_dags/example_short_circuit_operator.py
[2022-03-22 14:13:11,954] {processor.py:654} INFO - DAG(s) dict_keys(['example_short_circuit_operator']) retrieved from /Users/adebolafagbule/opt/anaconda3/envs/airflow_env/lib/python3.8/site-packages/airflow/example_dags/example_short_circuit_operator.py
[2022-03-22 14:13:11,980] {logging_mixin.py:109} INFO - [2022-03-22 14:13:11,980] {dag.py:2398} INFO - Sync 1 DAGs
[2022-03-22 14:13:11,992] {logging_mixin.py:109} INFO - [2022-03-22 14:13:11,992] {dag.py:2937} INFO - Setting next_dagrun for example_short_circuit_operator to 2022-03-21T18:13:11.992620+00:00
[2022-03-22 14:13:12,002] {processor.py:171} INFO - Processing /Users/adebolafagbule/opt/anaconda3/envs/airflow_env/lib/python3.8/site-packages/airflow/example_dags/example_short_circuit_operator.py took 0.119 seconds
[2022-03-22 14:58:22,545] {processor.py:163} INFO - Started process (PID=63105) to work on /Users/adebolafagbule/opt/anaconda3/envs/airflow_env/lib/python3.8/site-packages/airflow/example_dags/example_short_circuit_operator.py
[2022-03-22 14:58:22,547] {processor.py:642} INFO - Processing file /Users/adebolafagbule/opt/anaconda3/envs/airflow_env/lib/python3.8/site-packages/airflow/example_dags/example_short_circuit_operator.py for tasks to queue
[2022-03-22 14:58:22,548] {logging_mixin.py:109} INFO - [2022-03-22 14:58:22,548] {dagbag.py:500} INFO - Filling up the DagBag from /Users/adebolafagbule/opt/anaconda3/envs/airflow_env/lib/python3.8/site-packages/airflow/example_dags/example_short_circuit_operator.py
[2022-03-22 14:58:22,607] {processor.py:654} INFO - DAG(s) dict_keys(['example_short_circuit_operator']) retrieved from /Users/adebolafagbule/opt/anaconda3/envs/airflow_env/lib/python3.8/site-packages/airflow/example_dags/example_short_circuit_operator.py
[2022-03-22 14:58:22,622] {logging_mixin.py:109} INFO - [2022-03-22 14:58:22,622] {dag.py:2398} INFO - Sync 1 DAGs
[2022-03-22 14:58:22,630] {logging_mixin.py:109} INFO - [2022-03-22 14:58:22,630] {dag.py:2937} INFO - Setting next_dagrun for example_short_circuit_operator to 2022-03-21T18:58:22.629879+00:00
[2022-03-22 14:58:22,636] {processor.py:171} INFO - Processing /Users/adebolafagbule/opt/anaconda3/envs/airflow_env/lib/python3.8/site-packages/airflow/example_dags/example_short_circuit_operator.py took 0.092 seconds
[2022-03-22 15:31:26,959] {processor.py:163} INFO - Started process (PID=63251) to work on /Users/adebolafagbule/opt/anaconda3/envs/airflow_env/lib/python3.8/site-packages/airflow/example_dags/example_short_circuit_operator.py
[2022-03-22 15:31:26,960] {processor.py:642} INFO - Processing file /Users/adebolafagbule/opt/anaconda3/envs/airflow_env/lib/python3.8/site-packages/airflow/example_dags/example_short_circuit_operator.py for tasks to queue
[2022-03-22 15:31:26,961] {logging_mixin.py:109} INFO - [2022-03-22 15:31:26,961] {dagbag.py:500} INFO - Filling up the DagBag from /Users/adebolafagbule/opt/anaconda3/envs/airflow_env/lib/python3.8/site-packages/airflow/example_dags/example_short_circuit_operator.py
[2022-03-22 15:31:27,044] {processor.py:654} INFO - DAG(s) dict_keys(['example_short_circuit_operator']) retrieved from /Users/adebolafagbule/opt/anaconda3/envs/airflow_env/lib/python3.8/site-packages/airflow/example_dags/example_short_circuit_operator.py
[2022-03-22 15:31:27,075] {logging_mixin.py:109} INFO - [2022-03-22 15:31:27,075] {dag.py:2398} INFO - Sync 1 DAGs
[2022-03-22 15:31:27,090] {logging_mixin.py:109} INFO - [2022-03-22 15:31:27,090] {dag.py:2937} INFO - Setting next_dagrun for example_short_circuit_operator to 2022-03-21T19:31:27.090394+00:00
[2022-03-22 15:31:27,102] {processor.py:171} INFO - Processing /Users/adebolafagbule/opt/anaconda3/envs/airflow_env/lib/python3.8/site-packages/airflow/example_dags/example_short_circuit_operator.py took 0.144 seconds
[2022-03-22 16:28:15,947] {processor.py:163} INFO - Started process (PID=63322) to work on /Users/adebolafagbule/opt/anaconda3/envs/airflow_env/lib/python3.8/site-packages/airflow/example_dags/example_short_circuit_operator.py
[2022-03-22 16:28:15,949] {processor.py:642} INFO - Processing file /Users/adebolafagbule/opt/anaconda3/envs/airflow_env/lib/python3.8/site-packages/airflow/example_dags/example_short_circuit_operator.py for tasks to queue
[2022-03-22 16:28:15,950] {logging_mixin.py:109} INFO - [2022-03-22 16:28:15,950] {dagbag.py:500} INFO - Filling up the DagBag from /Users/adebolafagbule/opt/anaconda3/envs/airflow_env/lib/python3.8/site-packages/airflow/example_dags/example_short_circuit_operator.py
[2022-03-22 16:28:16,083] {processor.py:654} INFO - DAG(s) dict_keys(['example_short_circuit_operator']) retrieved from /Users/adebolafagbule/opt/anaconda3/envs/airflow_env/lib/python3.8/site-packages/airflow/example_dags/example_short_circuit_operator.py
[2022-03-22 16:28:16,122] {logging_mixin.py:109} INFO - [2022-03-22 16:28:16,122] {dag.py:2398} INFO - Sync 1 DAGs
[2022-03-22 16:28:16,140] {logging_mixin.py:109} INFO - [2022-03-22 16:28:16,140] {dag.py:2937} INFO - Setting next_dagrun for example_short_circuit_operator to 2022-03-21T20:28:16.139925+00:00
[2022-03-22 16:28:16,154] {processor.py:171} INFO - Processing /Users/adebolafagbule/opt/anaconda3/envs/airflow_env/lib/python3.8/site-packages/airflow/example_dags/example_short_circuit_operator.py took 0.209 seconds
[2022-03-22 16:35:33,229] {processor.py:163} INFO - Started process (PID=63392) to work on /Users/adebolafagbule/opt/anaconda3/envs/airflow_env/lib/python3.8/site-packages/airflow/example_dags/example_short_circuit_operator.py
[2022-03-22 16:35:33,230] {processor.py:642} INFO - Processing file /Users/adebolafagbule/opt/anaconda3/envs/airflow_env/lib/python3.8/site-packages/airflow/example_dags/example_short_circuit_operator.py for tasks to queue
[2022-03-22 16:35:33,231] {logging_mixin.py:109} INFO - [2022-03-22 16:35:33,231] {dagbag.py:500} INFO - Filling up the DagBag from /Users/adebolafagbule/opt/anaconda3/envs/airflow_env/lib/python3.8/site-packages/airflow/example_dags/example_short_circuit_operator.py
[2022-03-22 16:35:33,268] {processor.py:654} INFO - DAG(s) dict_keys(['example_short_circuit_operator']) retrieved from /Users/adebolafagbule/opt/anaconda3/envs/airflow_env/lib/python3.8/site-packages/airflow/example_dags/example_short_circuit_operator.py
[2022-03-22 16:35:33,282] {logging_mixin.py:109} INFO - [2022-03-22 16:35:33,282] {dag.py:2398} INFO - Sync 1 DAGs
[2022-03-22 16:35:33,289] {logging_mixin.py:109} INFO - [2022-03-22 16:35:33,289] {dag.py:2937} INFO - Setting next_dagrun for example_short_circuit_operator to 2022-03-21T20:35:33.289233+00:00
[2022-03-22 16:35:33,295] {processor.py:171} INFO - Processing /Users/adebolafagbule/opt/anaconda3/envs/airflow_env/lib/python3.8/site-packages/airflow/example_dags/example_short_circuit_operator.py took 0.066 seconds
[2022-03-22 17:29:43,836] {processor.py:163} INFO - Started process (PID=63470) to work on /Users/adebolafagbule/opt/anaconda3/envs/airflow_env/lib/python3.8/site-packages/airflow/example_dags/example_short_circuit_operator.py
[2022-03-22 17:29:43,837] {processor.py:642} INFO - Processing file /Users/adebolafagbule/opt/anaconda3/envs/airflow_env/lib/python3.8/site-packages/airflow/example_dags/example_short_circuit_operator.py for tasks to queue
[2022-03-22 17:29:43,837] {logging_mixin.py:109} INFO - [2022-03-22 17:29:43,837] {dagbag.py:500} INFO - Filling up the DagBag from /Users/adebolafagbule/opt/anaconda3/envs/airflow_env/lib/python3.8/site-packages/airflow/example_dags/example_short_circuit_operator.py
[2022-03-22 17:29:43,899] {processor.py:654} INFO - DAG(s) dict_keys(['example_short_circuit_operator']) retrieved from /Users/adebolafagbule/opt/anaconda3/envs/airflow_env/lib/python3.8/site-packages/airflow/example_dags/example_short_circuit_operator.py
[2022-03-22 17:29:43,921] {logging_mixin.py:109} INFO - [2022-03-22 17:29:43,921] {dag.py:2398} INFO - Sync 1 DAGs
[2022-03-22 17:29:43,932] {logging_mixin.py:109} INFO - [2022-03-22 17:29:43,932] {dag.py:2937} INFO - Setting next_dagrun for example_short_circuit_operator to 2022-03-21T21:29:43.932687+00:00
[2022-03-22 17:29:43,941] {processor.py:171} INFO - Processing /Users/adebolafagbule/opt/anaconda3/envs/airflow_env/lib/python3.8/site-packages/airflow/example_dags/example_short_circuit_operator.py took 0.106 seconds
[2022-03-22 17:30:52,572] {processor.py:163} INFO - Started process (PID=63530) to work on /Users/adebolafagbule/opt/anaconda3/envs/airflow_env/lib/python3.8/site-packages/airflow/example_dags/example_short_circuit_operator.py
[2022-03-22 17:30:52,573] {processor.py:642} INFO - Processing file /Users/adebolafagbule/opt/anaconda3/envs/airflow_env/lib/python3.8/site-packages/airflow/example_dags/example_short_circuit_operator.py for tasks to queue
[2022-03-22 17:30:52,573] {logging_mixin.py:109} INFO - [2022-03-22 17:30:52,573] {dagbag.py:500} INFO - Filling up the DagBag from /Users/adebolafagbule/opt/anaconda3/envs/airflow_env/lib/python3.8/site-packages/airflow/example_dags/example_short_circuit_operator.py
[2022-03-22 17:30:52,611] {processor.py:654} INFO - DAG(s) dict_keys(['example_short_circuit_operator']) retrieved from /Users/adebolafagbule/opt/anaconda3/envs/airflow_env/lib/python3.8/site-packages/airflow/example_dags/example_short_circuit_operator.py
[2022-03-22 17:30:52,625] {logging_mixin.py:109} INFO - [2022-03-22 17:30:52,625] {dag.py:2398} INFO - Sync 1 DAGs
[2022-03-22 17:30:52,632] {logging_mixin.py:109} INFO - [2022-03-22 17:30:52,632] {dag.py:2937} INFO - Setting next_dagrun for example_short_circuit_operator to 2022-03-21T21:30:52.632086+00:00
[2022-03-22 17:30:52,638] {processor.py:171} INFO - Processing /Users/adebolafagbule/opt/anaconda3/envs/airflow_env/lib/python3.8/site-packages/airflow/example_dags/example_short_circuit_operator.py took 0.067 seconds
[2022-03-22 17:32:28,284] {processor.py:163} INFO - Started process (PID=63618) to work on /Users/adebolafagbule/opt/anaconda3/envs/airflow_env/lib/python3.8/site-packages/airflow/example_dags/example_short_circuit_operator.py
[2022-03-22 17:32:28,285] {processor.py:642} INFO - Processing file /Users/adebolafagbule/opt/anaconda3/envs/airflow_env/lib/python3.8/site-packages/airflow/example_dags/example_short_circuit_operator.py for tasks to queue
[2022-03-22 17:32:28,286] {logging_mixin.py:109} INFO - [2022-03-22 17:32:28,286] {dagbag.py:500} INFO - Filling up the DagBag from /Users/adebolafagbule/opt/anaconda3/envs/airflow_env/lib/python3.8/site-packages/airflow/example_dags/example_short_circuit_operator.py
[2022-03-22 17:32:28,321] {processor.py:654} INFO - DAG(s) dict_keys(['example_short_circuit_operator']) retrieved from /Users/adebolafagbule/opt/anaconda3/envs/airflow_env/lib/python3.8/site-packages/airflow/example_dags/example_short_circuit_operator.py
[2022-03-22 17:32:28,335] {logging_mixin.py:109} INFO - [2022-03-22 17:32:28,335] {dag.py:2398} INFO - Sync 1 DAGs
[2022-03-22 17:32:28,341] {logging_mixin.py:109} INFO - [2022-03-22 17:32:28,341] {dag.py:2937} INFO - Setting next_dagrun for example_short_circuit_operator to 2022-03-21T21:32:28.341706+00:00
[2022-03-22 17:32:28,347] {processor.py:171} INFO - Processing /Users/adebolafagbule/opt/anaconda3/envs/airflow_env/lib/python3.8/site-packages/airflow/example_dags/example_short_circuit_operator.py took 0.064 seconds
[2022-03-22 17:33:45,671] {processor.py:163} INFO - Started process (PID=63696) to work on /Users/adebolafagbule/opt/anaconda3/envs/airflow_env/lib/python3.8/site-packages/airflow/example_dags/example_short_circuit_operator.py
[2022-03-22 17:33:45,671] {processor.py:642} INFO - Processing file /Users/adebolafagbule/opt/anaconda3/envs/airflow_env/lib/python3.8/site-packages/airflow/example_dags/example_short_circuit_operator.py for tasks to queue
[2022-03-22 17:33:45,671] {logging_mixin.py:109} INFO - [2022-03-22 17:33:45,671] {dagbag.py:500} INFO - Filling up the DagBag from /Users/adebolafagbule/opt/anaconda3/envs/airflow_env/lib/python3.8/site-packages/airflow/example_dags/example_short_circuit_operator.py
[2022-03-22 17:33:45,705] {processor.py:654} INFO - DAG(s) dict_keys(['example_short_circuit_operator']) retrieved from /Users/adebolafagbule/opt/anaconda3/envs/airflow_env/lib/python3.8/site-packages/airflow/example_dags/example_short_circuit_operator.py
[2022-03-22 17:33:45,718] {logging_mixin.py:109} INFO - [2022-03-22 17:33:45,718] {dag.py:2398} INFO - Sync 1 DAGs
[2022-03-22 17:33:45,725] {logging_mixin.py:109} INFO - [2022-03-22 17:33:45,724] {dag.py:2937} INFO - Setting next_dagrun for example_short_circuit_operator to 2022-03-21T21:33:45.724834+00:00
[2022-03-22 17:33:45,730] {processor.py:171} INFO - Processing /Users/adebolafagbule/opt/anaconda3/envs/airflow_env/lib/python3.8/site-packages/airflow/example_dags/example_short_circuit_operator.py took 0.060 seconds
[2022-03-22 17:34:57,937] {processor.py:163} INFO - Started process (PID=63767) to work on /Users/adebolafagbule/opt/anaconda3/envs/airflow_env/lib/python3.8/site-packages/airflow/example_dags/example_short_circuit_operator.py
[2022-03-22 17:34:57,937] {processor.py:642} INFO - Processing file /Users/adebolafagbule/opt/anaconda3/envs/airflow_env/lib/python3.8/site-packages/airflow/example_dags/example_short_circuit_operator.py for tasks to queue
[2022-03-22 17:34:57,938] {logging_mixin.py:109} INFO - [2022-03-22 17:34:57,938] {dagbag.py:500} INFO - Filling up the DagBag from /Users/adebolafagbule/opt/anaconda3/envs/airflow_env/lib/python3.8/site-packages/airflow/example_dags/example_short_circuit_operator.py
[2022-03-22 17:34:57,971] {processor.py:654} INFO - DAG(s) dict_keys(['example_short_circuit_operator']) retrieved from /Users/adebolafagbule/opt/anaconda3/envs/airflow_env/lib/python3.8/site-packages/airflow/example_dags/example_short_circuit_operator.py
[2022-03-22 17:34:57,984] {logging_mixin.py:109} INFO - [2022-03-22 17:34:57,984] {dag.py:2398} INFO - Sync 1 DAGs
[2022-03-22 17:34:57,991] {logging_mixin.py:109} INFO - [2022-03-22 17:34:57,991] {dag.py:2937} INFO - Setting next_dagrun for example_short_circuit_operator to 2022-03-21T21:34:57.991083+00:00
[2022-03-22 17:34:57,997] {processor.py:171} INFO - Processing /Users/adebolafagbule/opt/anaconda3/envs/airflow_env/lib/python3.8/site-packages/airflow/example_dags/example_short_circuit_operator.py took 0.061 seconds
[2022-03-22 17:36:13,456] {processor.py:163} INFO - Started process (PID=63841) to work on /Users/adebolafagbule/opt/anaconda3/envs/airflow_env/lib/python3.8/site-packages/airflow/example_dags/example_short_circuit_operator.py
[2022-03-22 17:36:13,457] {processor.py:642} INFO - Processing file /Users/adebolafagbule/opt/anaconda3/envs/airflow_env/lib/python3.8/site-packages/airflow/example_dags/example_short_circuit_operator.py for tasks to queue
[2022-03-22 17:36:13,457] {logging_mixin.py:109} INFO - [2022-03-22 17:36:13,457] {dagbag.py:500} INFO - Filling up the DagBag from /Users/adebolafagbule/opt/anaconda3/envs/airflow_env/lib/python3.8/site-packages/airflow/example_dags/example_short_circuit_operator.py
[2022-03-22 17:36:13,496] {processor.py:654} INFO - DAG(s) dict_keys(['example_short_circuit_operator']) retrieved from /Users/adebolafagbule/opt/anaconda3/envs/airflow_env/lib/python3.8/site-packages/airflow/example_dags/example_short_circuit_operator.py
[2022-03-22 17:36:13,509] {logging_mixin.py:109} INFO - [2022-03-22 17:36:13,509] {dag.py:2398} INFO - Sync 1 DAGs
[2022-03-22 17:36:13,515] {logging_mixin.py:109} INFO - [2022-03-22 17:36:13,515] {dag.py:2937} INFO - Setting next_dagrun for example_short_circuit_operator to 2022-03-21T21:36:13.515726+00:00
[2022-03-22 17:36:13,525] {processor.py:171} INFO - Processing /Users/adebolafagbule/opt/anaconda3/envs/airflow_env/lib/python3.8/site-packages/airflow/example_dags/example_short_circuit_operator.py took 0.069 seconds
[2022-03-22 17:37:29,015] {processor.py:163} INFO - Started process (PID=63914) to work on /Users/adebolafagbule/opt/anaconda3/envs/airflow_env/lib/python3.8/site-packages/airflow/example_dags/example_short_circuit_operator.py
[2022-03-22 17:37:29,017] {processor.py:642} INFO - Processing file /Users/adebolafagbule/opt/anaconda3/envs/airflow_env/lib/python3.8/site-packages/airflow/example_dags/example_short_circuit_operator.py for tasks to queue
[2022-03-22 17:37:29,017] {logging_mixin.py:109} INFO - [2022-03-22 17:37:29,017] {dagbag.py:500} INFO - Filling up the DagBag from /Users/adebolafagbule/opt/anaconda3/envs/airflow_env/lib/python3.8/site-packages/airflow/example_dags/example_short_circuit_operator.py
[2022-03-22 17:37:29,066] {processor.py:654} INFO - DAG(s) dict_keys(['example_short_circuit_operator']) retrieved from /Users/adebolafagbule/opt/anaconda3/envs/airflow_env/lib/python3.8/site-packages/airflow/example_dags/example_short_circuit_operator.py
[2022-03-22 17:37:29,080] {logging_mixin.py:109} INFO - [2022-03-22 17:37:29,080] {dag.py:2398} INFO - Sync 1 DAGs
[2022-03-22 17:37:29,087] {logging_mixin.py:109} INFO - [2022-03-22 17:37:29,086] {dag.py:2937} INFO - Setting next_dagrun for example_short_circuit_operator to 2022-03-21T21:37:29.086837+00:00
[2022-03-22 17:37:29,092] {processor.py:171} INFO - Processing /Users/adebolafagbule/opt/anaconda3/envs/airflow_env/lib/python3.8/site-packages/airflow/example_dags/example_short_circuit_operator.py took 0.077 seconds
[2022-03-22 17:38:54,132] {processor.py:163} INFO - Started process (PID=63989) to work on /Users/adebolafagbule/opt/anaconda3/envs/airflow_env/lib/python3.8/site-packages/airflow/example_dags/example_short_circuit_operator.py
[2022-03-22 17:38:54,133] {processor.py:642} INFO - Processing file /Users/adebolafagbule/opt/anaconda3/envs/airflow_env/lib/python3.8/site-packages/airflow/example_dags/example_short_circuit_operator.py for tasks to queue
[2022-03-22 17:38:54,133] {logging_mixin.py:109} INFO - [2022-03-22 17:38:54,133] {dagbag.py:500} INFO - Filling up the DagBag from /Users/adebolafagbule/opt/anaconda3/envs/airflow_env/lib/python3.8/site-packages/airflow/example_dags/example_short_circuit_operator.py
[2022-03-22 17:38:54,192] {processor.py:654} INFO - DAG(s) dict_keys(['example_short_circuit_operator']) retrieved from /Users/adebolafagbule/opt/anaconda3/envs/airflow_env/lib/python3.8/site-packages/airflow/example_dags/example_short_circuit_operator.py
[2022-03-22 17:38:54,212] {logging_mixin.py:109} INFO - [2022-03-22 17:38:54,212] {dag.py:2398} INFO - Sync 1 DAGs
[2022-03-22 17:38:54,219] {logging_mixin.py:109} INFO - [2022-03-22 17:38:54,219] {dag.py:2937} INFO - Setting next_dagrun for example_short_circuit_operator to 2022-03-21T21:38:54.219237+00:00
[2022-03-22 17:38:54,224] {processor.py:171} INFO - Processing /Users/adebolafagbule/opt/anaconda3/envs/airflow_env/lib/python3.8/site-packages/airflow/example_dags/example_short_circuit_operator.py took 0.093 seconds
[2022-03-22 17:40:24,063] {processor.py:163} INFO - Started process (PID=64068) to work on /Users/adebolafagbule/opt/anaconda3/envs/airflow_env/lib/python3.8/site-packages/airflow/example_dags/example_short_circuit_operator.py
[2022-03-22 17:40:24,064] {processor.py:642} INFO - Processing file /Users/adebolafagbule/opt/anaconda3/envs/airflow_env/lib/python3.8/site-packages/airflow/example_dags/example_short_circuit_operator.py for tasks to queue
[2022-03-22 17:40:24,065] {logging_mixin.py:109} INFO - [2022-03-22 17:40:24,065] {dagbag.py:500} INFO - Filling up the DagBag from /Users/adebolafagbule/opt/anaconda3/envs/airflow_env/lib/python3.8/site-packages/airflow/example_dags/example_short_circuit_operator.py
[2022-03-22 17:40:24,127] {processor.py:654} INFO - DAG(s) dict_keys(['example_short_circuit_operator']) retrieved from /Users/adebolafagbule/opt/anaconda3/envs/airflow_env/lib/python3.8/site-packages/airflow/example_dags/example_short_circuit_operator.py
[2022-03-22 17:40:24,143] {logging_mixin.py:109} INFO - [2022-03-22 17:40:24,143] {dag.py:2398} INFO - Sync 1 DAGs
[2022-03-22 17:40:24,150] {logging_mixin.py:109} INFO - [2022-03-22 17:40:24,150] {dag.py:2937} INFO - Setting next_dagrun for example_short_circuit_operator to 2022-03-21T21:40:24.150004+00:00
[2022-03-22 17:40:24,158] {processor.py:171} INFO - Processing /Users/adebolafagbule/opt/anaconda3/envs/airflow_env/lib/python3.8/site-packages/airflow/example_dags/example_short_circuit_operator.py took 0.095 seconds
[2022-03-22 17:41:54,547] {processor.py:163} INFO - Started process (PID=64147) to work on /Users/adebolafagbule/opt/anaconda3/envs/airflow_env/lib/python3.8/site-packages/airflow/example_dags/example_short_circuit_operator.py
[2022-03-22 17:41:54,548] {processor.py:642} INFO - Processing file /Users/adebolafagbule/opt/anaconda3/envs/airflow_env/lib/python3.8/site-packages/airflow/example_dags/example_short_circuit_operator.py for tasks to queue
[2022-03-22 17:41:54,548] {logging_mixin.py:109} INFO - [2022-03-22 17:41:54,548] {dagbag.py:500} INFO - Filling up the DagBag from /Users/adebolafagbule/opt/anaconda3/envs/airflow_env/lib/python3.8/site-packages/airflow/example_dags/example_short_circuit_operator.py
[2022-03-22 17:41:54,606] {processor.py:654} INFO - DAG(s) dict_keys(['example_short_circuit_operator']) retrieved from /Users/adebolafagbule/opt/anaconda3/envs/airflow_env/lib/python3.8/site-packages/airflow/example_dags/example_short_circuit_operator.py
[2022-03-22 17:41:54,635] {logging_mixin.py:109} INFO - [2022-03-22 17:41:54,635] {dag.py:2398} INFO - Sync 1 DAGs
[2022-03-22 17:41:54,644] {logging_mixin.py:109} INFO - [2022-03-22 17:41:54,644] {dag.py:2937} INFO - Setting next_dagrun for example_short_circuit_operator to 2022-03-21T21:41:54.643895+00:00
[2022-03-22 17:41:54,651] {processor.py:171} INFO - Processing /Users/adebolafagbule/opt/anaconda3/envs/airflow_env/lib/python3.8/site-packages/airflow/example_dags/example_short_circuit_operator.py took 0.105 seconds
[2022-03-22 17:43:35,881] {processor.py:163} INFO - Started process (PID=64228) to work on /Users/adebolafagbule/opt/anaconda3/envs/airflow_env/lib/python3.8/site-packages/airflow/example_dags/example_short_circuit_operator.py
[2022-03-22 17:43:35,882] {processor.py:642} INFO - Processing file /Users/adebolafagbule/opt/anaconda3/envs/airflow_env/lib/python3.8/site-packages/airflow/example_dags/example_short_circuit_operator.py for tasks to queue
[2022-03-22 17:43:35,882] {logging_mixin.py:109} INFO - [2022-03-22 17:43:35,882] {dagbag.py:500} INFO - Filling up the DagBag from /Users/adebolafagbule/opt/anaconda3/envs/airflow_env/lib/python3.8/site-packages/airflow/example_dags/example_short_circuit_operator.py
[2022-03-22 17:43:35,932] {processor.py:654} INFO - DAG(s) dict_keys(['example_short_circuit_operator']) retrieved from /Users/adebolafagbule/opt/anaconda3/envs/airflow_env/lib/python3.8/site-packages/airflow/example_dags/example_short_circuit_operator.py
[2022-03-22 17:43:35,947] {logging_mixin.py:109} INFO - [2022-03-22 17:43:35,947] {dag.py:2398} INFO - Sync 1 DAGs
[2022-03-22 17:43:35,954] {logging_mixin.py:109} INFO - [2022-03-22 17:43:35,954] {dag.py:2937} INFO - Setting next_dagrun for example_short_circuit_operator to 2022-03-21T21:43:35.954492+00:00
[2022-03-22 17:43:35,961] {processor.py:171} INFO - Processing /Users/adebolafagbule/opt/anaconda3/envs/airflow_env/lib/python3.8/site-packages/airflow/example_dags/example_short_circuit_operator.py took 0.080 seconds
[2022-03-22 17:45:06,324] {processor.py:163} INFO - Started process (PID=64305) to work on /Users/adebolafagbule/opt/anaconda3/envs/airflow_env/lib/python3.8/site-packages/airflow/example_dags/example_short_circuit_operator.py
[2022-03-22 17:45:06,326] {processor.py:642} INFO - Processing file /Users/adebolafagbule/opt/anaconda3/envs/airflow_env/lib/python3.8/site-packages/airflow/example_dags/example_short_circuit_operator.py for tasks to queue
[2022-03-22 17:45:06,326] {logging_mixin.py:109} INFO - [2022-03-22 17:45:06,326] {dagbag.py:500} INFO - Filling up the DagBag from /Users/adebolafagbule/opt/anaconda3/envs/airflow_env/lib/python3.8/site-packages/airflow/example_dags/example_short_circuit_operator.py
[2022-03-22 17:45:06,378] {processor.py:654} INFO - DAG(s) dict_keys(['example_short_circuit_operator']) retrieved from /Users/adebolafagbule/opt/anaconda3/envs/airflow_env/lib/python3.8/site-packages/airflow/example_dags/example_short_circuit_operator.py
[2022-03-22 17:45:06,393] {logging_mixin.py:109} INFO - [2022-03-22 17:45:06,393] {dag.py:2398} INFO - Sync 1 DAGs
[2022-03-22 17:45:06,400] {logging_mixin.py:109} INFO - [2022-03-22 17:45:06,400] {dag.py:2937} INFO - Setting next_dagrun for example_short_circuit_operator to 2022-03-21T21:45:06.400499+00:00
[2022-03-22 17:45:06,408] {processor.py:171} INFO - Processing /Users/adebolafagbule/opt/anaconda3/envs/airflow_env/lib/python3.8/site-packages/airflow/example_dags/example_short_circuit_operator.py took 0.084 seconds
[2022-03-22 17:46:41,083] {processor.py:163} INFO - Started process (PID=64393) to work on /Users/adebolafagbule/opt/anaconda3/envs/airflow_env/lib/python3.8/site-packages/airflow/example_dags/example_short_circuit_operator.py
[2022-03-22 17:46:41,085] {processor.py:642} INFO - Processing file /Users/adebolafagbule/opt/anaconda3/envs/airflow_env/lib/python3.8/site-packages/airflow/example_dags/example_short_circuit_operator.py for tasks to queue
[2022-03-22 17:46:41,085] {logging_mixin.py:109} INFO - [2022-03-22 17:46:41,085] {dagbag.py:500} INFO - Filling up the DagBag from /Users/adebolafagbule/opt/anaconda3/envs/airflow_env/lib/python3.8/site-packages/airflow/example_dags/example_short_circuit_operator.py
[2022-03-22 17:46:41,127] {processor.py:654} INFO - DAG(s) dict_keys(['example_short_circuit_operator']) retrieved from /Users/adebolafagbule/opt/anaconda3/envs/airflow_env/lib/python3.8/site-packages/airflow/example_dags/example_short_circuit_operator.py
[2022-03-22 17:46:41,142] {logging_mixin.py:109} INFO - [2022-03-22 17:46:41,142] {dag.py:2398} INFO - Sync 1 DAGs
[2022-03-22 17:46:41,150] {logging_mixin.py:109} INFO - [2022-03-22 17:46:41,150] {dag.py:2937} INFO - Setting next_dagrun for example_short_circuit_operator to 2022-03-21T21:46:41.149986+00:00
[2022-03-22 17:46:41,157] {processor.py:171} INFO - Processing /Users/adebolafagbule/opt/anaconda3/envs/airflow_env/lib/python3.8/site-packages/airflow/example_dags/example_short_circuit_operator.py took 0.075 seconds
[2022-03-22 17:48:01,842] {processor.py:163} INFO - Started process (PID=64466) to work on /Users/adebolafagbule/opt/anaconda3/envs/airflow_env/lib/python3.8/site-packages/airflow/example_dags/example_short_circuit_operator.py
[2022-03-22 17:48:01,844] {processor.py:642} INFO - Processing file /Users/adebolafagbule/opt/anaconda3/envs/airflow_env/lib/python3.8/site-packages/airflow/example_dags/example_short_circuit_operator.py for tasks to queue
[2022-03-22 17:48:01,844] {logging_mixin.py:109} INFO - [2022-03-22 17:48:01,844] {dagbag.py:500} INFO - Filling up the DagBag from /Users/adebolafagbule/opt/anaconda3/envs/airflow_env/lib/python3.8/site-packages/airflow/example_dags/example_short_circuit_operator.py
[2022-03-22 17:48:01,883] {processor.py:654} INFO - DAG(s) dict_keys(['example_short_circuit_operator']) retrieved from /Users/adebolafagbule/opt/anaconda3/envs/airflow_env/lib/python3.8/site-packages/airflow/example_dags/example_short_circuit_operator.py
[2022-03-22 17:48:01,897] {logging_mixin.py:109} INFO - [2022-03-22 17:48:01,897] {dag.py:2398} INFO - Sync 1 DAGs
[2022-03-22 17:48:01,904] {logging_mixin.py:109} INFO - [2022-03-22 17:48:01,904] {dag.py:2937} INFO - Setting next_dagrun for example_short_circuit_operator to 2022-03-21T21:48:01.904251+00:00
[2022-03-22 17:48:01,910] {processor.py:171} INFO - Processing /Users/adebolafagbule/opt/anaconda3/envs/airflow_env/lib/python3.8/site-packages/airflow/example_dags/example_short_circuit_operator.py took 0.068 seconds
[2022-03-22 17:49:24,883] {processor.py:163} INFO - Started process (PID=64544) to work on /Users/adebolafagbule/opt/anaconda3/envs/airflow_env/lib/python3.8/site-packages/airflow/example_dags/example_short_circuit_operator.py
[2022-03-22 17:49:24,884] {processor.py:642} INFO - Processing file /Users/adebolafagbule/opt/anaconda3/envs/airflow_env/lib/python3.8/site-packages/airflow/example_dags/example_short_circuit_operator.py for tasks to queue
[2022-03-22 17:49:24,885] {logging_mixin.py:109} INFO - [2022-03-22 17:49:24,885] {dagbag.py:500} INFO - Filling up the DagBag from /Users/adebolafagbule/opt/anaconda3/envs/airflow_env/lib/python3.8/site-packages/airflow/example_dags/example_short_circuit_operator.py
[2022-03-22 17:49:24,925] {processor.py:654} INFO - DAG(s) dict_keys(['example_short_circuit_operator']) retrieved from /Users/adebolafagbule/opt/anaconda3/envs/airflow_env/lib/python3.8/site-packages/airflow/example_dags/example_short_circuit_operator.py
[2022-03-22 17:49:24,940] {logging_mixin.py:109} INFO - [2022-03-22 17:49:24,940] {dag.py:2398} INFO - Sync 1 DAGs
[2022-03-22 17:49:24,948] {logging_mixin.py:109} INFO - [2022-03-22 17:49:24,947] {dag.py:2937} INFO - Setting next_dagrun for example_short_circuit_operator to 2022-03-21T21:49:24.947841+00:00
[2022-03-22 17:49:24,954] {processor.py:171} INFO - Processing /Users/adebolafagbule/opt/anaconda3/envs/airflow_env/lib/python3.8/site-packages/airflow/example_dags/example_short_circuit_operator.py took 0.071 seconds
[2022-03-22 17:50:56,726] {processor.py:163} INFO - Started process (PID=64627) to work on /Users/adebolafagbule/opt/anaconda3/envs/airflow_env/lib/python3.8/site-packages/airflow/example_dags/example_short_circuit_operator.py
[2022-03-22 17:50:56,728] {processor.py:642} INFO - Processing file /Users/adebolafagbule/opt/anaconda3/envs/airflow_env/lib/python3.8/site-packages/airflow/example_dags/example_short_circuit_operator.py for tasks to queue
[2022-03-22 17:50:56,729] {logging_mixin.py:109} INFO - [2022-03-22 17:50:56,729] {dagbag.py:500} INFO - Filling up the DagBag from /Users/adebolafagbule/opt/anaconda3/envs/airflow_env/lib/python3.8/site-packages/airflow/example_dags/example_short_circuit_operator.py
[2022-03-22 17:50:56,779] {processor.py:654} INFO - DAG(s) dict_keys(['example_short_circuit_operator']) retrieved from /Users/adebolafagbule/opt/anaconda3/envs/airflow_env/lib/python3.8/site-packages/airflow/example_dags/example_short_circuit_operator.py
[2022-03-22 17:50:56,794] {logging_mixin.py:109} INFO - [2022-03-22 17:50:56,794] {dag.py:2398} INFO - Sync 1 DAGs
[2022-03-22 17:50:56,802] {logging_mixin.py:109} INFO - [2022-03-22 17:50:56,801] {dag.py:2937} INFO - Setting next_dagrun for example_short_circuit_operator to 2022-03-21T21:50:56.801809+00:00
[2022-03-22 17:50:56,808] {processor.py:171} INFO - Processing /Users/adebolafagbule/opt/anaconda3/envs/airflow_env/lib/python3.8/site-packages/airflow/example_dags/example_short_circuit_operator.py took 0.082 seconds
[2022-03-22 17:52:26,665] {processor.py:163} INFO - Started process (PID=64704) to work on /Users/adebolafagbule/opt/anaconda3/envs/airflow_env/lib/python3.8/site-packages/airflow/example_dags/example_short_circuit_operator.py
[2022-03-22 17:52:26,666] {processor.py:642} INFO - Processing file /Users/adebolafagbule/opt/anaconda3/envs/airflow_env/lib/python3.8/site-packages/airflow/example_dags/example_short_circuit_operator.py for tasks to queue
[2022-03-22 17:52:26,666] {logging_mixin.py:109} INFO - [2022-03-22 17:52:26,666] {dagbag.py:500} INFO - Filling up the DagBag from /Users/adebolafagbule/opt/anaconda3/envs/airflow_env/lib/python3.8/site-packages/airflow/example_dags/example_short_circuit_operator.py
[2022-03-22 17:52:26,717] {processor.py:654} INFO - DAG(s) dict_keys(['example_short_circuit_operator']) retrieved from /Users/adebolafagbule/opt/anaconda3/envs/airflow_env/lib/python3.8/site-packages/airflow/example_dags/example_short_circuit_operator.py
[2022-03-22 17:52:26,733] {logging_mixin.py:109} INFO - [2022-03-22 17:52:26,733] {dag.py:2398} INFO - Sync 1 DAGs
[2022-03-22 17:52:26,740] {logging_mixin.py:109} INFO - [2022-03-22 17:52:26,740] {dag.py:2937} INFO - Setting next_dagrun for example_short_circuit_operator to 2022-03-21T21:52:26.740422+00:00
[2022-03-22 17:52:26,748] {processor.py:171} INFO - Processing /Users/adebolafagbule/opt/anaconda3/envs/airflow_env/lib/python3.8/site-packages/airflow/example_dags/example_short_circuit_operator.py took 0.084 seconds
[2022-03-22 17:54:08,990] {processor.py:163} INFO - Started process (PID=64783) to work on /Users/adebolafagbule/opt/anaconda3/envs/airflow_env/lib/python3.8/site-packages/airflow/example_dags/example_short_circuit_operator.py
[2022-03-22 17:54:08,992] {processor.py:642} INFO - Processing file /Users/adebolafagbule/opt/anaconda3/envs/airflow_env/lib/python3.8/site-packages/airflow/example_dags/example_short_circuit_operator.py for tasks to queue
[2022-03-22 17:54:08,992] {logging_mixin.py:109} INFO - [2022-03-22 17:54:08,992] {dagbag.py:500} INFO - Filling up the DagBag from /Users/adebolafagbule/opt/anaconda3/envs/airflow_env/lib/python3.8/site-packages/airflow/example_dags/example_short_circuit_operator.py
[2022-03-22 17:54:09,041] {processor.py:654} INFO - DAG(s) dict_keys(['example_short_circuit_operator']) retrieved from /Users/adebolafagbule/opt/anaconda3/envs/airflow_env/lib/python3.8/site-packages/airflow/example_dags/example_short_circuit_operator.py
[2022-03-22 17:54:09,056] {logging_mixin.py:109} INFO - [2022-03-22 17:54:09,056] {dag.py:2398} INFO - Sync 1 DAGs
[2022-03-22 17:54:09,064] {logging_mixin.py:109} INFO - [2022-03-22 17:54:09,064] {dag.py:2937} INFO - Setting next_dagrun for example_short_circuit_operator to 2022-03-21T21:54:09.064062+00:00
[2022-03-22 17:54:09,073] {processor.py:171} INFO - Processing /Users/adebolafagbule/opt/anaconda3/envs/airflow_env/lib/python3.8/site-packages/airflow/example_dags/example_short_circuit_operator.py took 0.083 seconds
[2022-03-22 17:56:14,315] {processor.py:163} INFO - Started process (PID=64866) to work on /Users/adebolafagbule/opt/anaconda3/envs/airflow_env/lib/python3.8/site-packages/airflow/example_dags/example_short_circuit_operator.py
[2022-03-22 17:56:14,316] {processor.py:642} INFO - Processing file /Users/adebolafagbule/opt/anaconda3/envs/airflow_env/lib/python3.8/site-packages/airflow/example_dags/example_short_circuit_operator.py for tasks to queue
[2022-03-22 17:56:14,317] {logging_mixin.py:109} INFO - [2022-03-22 17:56:14,317] {dagbag.py:500} INFO - Filling up the DagBag from /Users/adebolafagbule/opt/anaconda3/envs/airflow_env/lib/python3.8/site-packages/airflow/example_dags/example_short_circuit_operator.py
[2022-03-22 17:56:14,399] {processor.py:654} INFO - DAG(s) dict_keys(['example_short_circuit_operator']) retrieved from /Users/adebolafagbule/opt/anaconda3/envs/airflow_env/lib/python3.8/site-packages/airflow/example_dags/example_short_circuit_operator.py
[2022-03-22 17:56:14,423] {logging_mixin.py:109} INFO - [2022-03-22 17:56:14,423] {dag.py:2398} INFO - Sync 1 DAGs
[2022-03-22 17:56:14,433] {logging_mixin.py:109} INFO - [2022-03-22 17:56:14,433] {dag.py:2937} INFO - Setting next_dagrun for example_short_circuit_operator to 2022-03-21T21:56:14.432728+00:00
[2022-03-22 17:56:14,440] {processor.py:171} INFO - Processing /Users/adebolafagbule/opt/anaconda3/envs/airflow_env/lib/python3.8/site-packages/airflow/example_dags/example_short_circuit_operator.py took 0.128 seconds
[2022-03-22 17:58:45,217] {processor.py:163} INFO - Started process (PID=64963) to work on /Users/adebolafagbule/opt/anaconda3/envs/airflow_env/lib/python3.8/site-packages/airflow/example_dags/example_short_circuit_operator.py
[2022-03-22 17:58:45,219] {processor.py:642} INFO - Processing file /Users/adebolafagbule/opt/anaconda3/envs/airflow_env/lib/python3.8/site-packages/airflow/example_dags/example_short_circuit_operator.py for tasks to queue
[2022-03-22 17:58:45,219] {logging_mixin.py:109} INFO - [2022-03-22 17:58:45,219] {dagbag.py:500} INFO - Filling up the DagBag from /Users/adebolafagbule/opt/anaconda3/envs/airflow_env/lib/python3.8/site-packages/airflow/example_dags/example_short_circuit_operator.py
[2022-03-22 17:58:45,358] {processor.py:654} INFO - DAG(s) dict_keys(['example_short_circuit_operator']) retrieved from /Users/adebolafagbule/opt/anaconda3/envs/airflow_env/lib/python3.8/site-packages/airflow/example_dags/example_short_circuit_operator.py
[2022-03-22 17:58:45,391] {logging_mixin.py:109} INFO - [2022-03-22 17:58:45,391] {dag.py:2398} INFO - Sync 1 DAGs
[2022-03-22 17:58:45,402] {logging_mixin.py:109} INFO - [2022-03-22 17:58:45,402] {dag.py:2937} INFO - Setting next_dagrun for example_short_circuit_operator to 2022-03-21T21:58:45.401761+00:00
[2022-03-22 17:58:45,410] {processor.py:171} INFO - Processing /Users/adebolafagbule/opt/anaconda3/envs/airflow_env/lib/python3.8/site-packages/airflow/example_dags/example_short_circuit_operator.py took 0.194 seconds
[2022-03-22 18:01:14,021] {processor.py:163} INFO - Started process (PID=65055) to work on /Users/adebolafagbule/opt/anaconda3/envs/airflow_env/lib/python3.8/site-packages/airflow/example_dags/example_short_circuit_operator.py
[2022-03-22 18:01:14,022] {processor.py:642} INFO - Processing file /Users/adebolafagbule/opt/anaconda3/envs/airflow_env/lib/python3.8/site-packages/airflow/example_dags/example_short_circuit_operator.py for tasks to queue
[2022-03-22 18:01:14,023] {logging_mixin.py:109} INFO - [2022-03-22 18:01:14,023] {dagbag.py:500} INFO - Filling up the DagBag from /Users/adebolafagbule/opt/anaconda3/envs/airflow_env/lib/python3.8/site-packages/airflow/example_dags/example_short_circuit_operator.py
[2022-03-22 18:01:14,103] {processor.py:654} INFO - DAG(s) dict_keys(['example_short_circuit_operator']) retrieved from /Users/adebolafagbule/opt/anaconda3/envs/airflow_env/lib/python3.8/site-packages/airflow/example_dags/example_short_circuit_operator.py
[2022-03-22 18:01:14,121] {logging_mixin.py:109} INFO - [2022-03-22 18:01:14,121] {dag.py:2398} INFO - Sync 1 DAGs
[2022-03-22 18:01:14,129] {logging_mixin.py:109} INFO - [2022-03-22 18:01:14,129] {dag.py:2937} INFO - Setting next_dagrun for example_short_circuit_operator to 2022-03-21T22:01:14.128877+00:00
[2022-03-22 18:01:14,135] {processor.py:171} INFO - Processing /Users/adebolafagbule/opt/anaconda3/envs/airflow_env/lib/python3.8/site-packages/airflow/example_dags/example_short_circuit_operator.py took 0.114 seconds
[2022-03-22 18:03:31,104] {processor.py:163} INFO - Started process (PID=65146) to work on /Users/adebolafagbule/opt/anaconda3/envs/airflow_env/lib/python3.8/site-packages/airflow/example_dags/example_short_circuit_operator.py
[2022-03-22 18:03:31,105] {processor.py:642} INFO - Processing file /Users/adebolafagbule/opt/anaconda3/envs/airflow_env/lib/python3.8/site-packages/airflow/example_dags/example_short_circuit_operator.py for tasks to queue
[2022-03-22 18:03:31,107] {logging_mixin.py:109} INFO - [2022-03-22 18:03:31,107] {dagbag.py:500} INFO - Filling up the DagBag from /Users/adebolafagbule/opt/anaconda3/envs/airflow_env/lib/python3.8/site-packages/airflow/example_dags/example_short_circuit_operator.py
[2022-03-22 18:03:31,179] {processor.py:654} INFO - DAG(s) dict_keys(['example_short_circuit_operator']) retrieved from /Users/adebolafagbule/opt/anaconda3/envs/airflow_env/lib/python3.8/site-packages/airflow/example_dags/example_short_circuit_operator.py
[2022-03-22 18:03:31,252] {logging_mixin.py:109} INFO - [2022-03-22 18:03:31,252] {dag.py:2398} INFO - Sync 1 DAGs
[2022-03-22 18:03:31,261] {logging_mixin.py:109} INFO - [2022-03-22 18:03:31,261] {dag.py:2937} INFO - Setting next_dagrun for example_short_circuit_operator to 2022-03-21T22:03:31.261704+00:00
[2022-03-22 18:03:31,269] {processor.py:171} INFO - Processing /Users/adebolafagbule/opt/anaconda3/envs/airflow_env/lib/python3.8/site-packages/airflow/example_dags/example_short_circuit_operator.py took 0.167 seconds
[2022-03-22 18:05:47,805] {processor.py:163} INFO - Started process (PID=65240) to work on /Users/adebolafagbule/opt/anaconda3/envs/airflow_env/lib/python3.8/site-packages/airflow/example_dags/example_short_circuit_operator.py
[2022-03-22 18:05:47,806] {processor.py:642} INFO - Processing file /Users/adebolafagbule/opt/anaconda3/envs/airflow_env/lib/python3.8/site-packages/airflow/example_dags/example_short_circuit_operator.py for tasks to queue
[2022-03-22 18:05:47,806] {logging_mixin.py:109} INFO - [2022-03-22 18:05:47,806] {dagbag.py:500} INFO - Filling up the DagBag from /Users/adebolafagbule/opt/anaconda3/envs/airflow_env/lib/python3.8/site-packages/airflow/example_dags/example_short_circuit_operator.py
[2022-03-22 18:05:47,901] {processor.py:654} INFO - DAG(s) dict_keys(['example_short_circuit_operator']) retrieved from /Users/adebolafagbule/opt/anaconda3/envs/airflow_env/lib/python3.8/site-packages/airflow/example_dags/example_short_circuit_operator.py
[2022-03-22 18:05:47,919] {logging_mixin.py:109} INFO - [2022-03-22 18:05:47,919] {dag.py:2398} INFO - Sync 1 DAGs
[2022-03-22 18:05:47,927] {logging_mixin.py:109} INFO - [2022-03-22 18:05:47,927] {dag.py:2937} INFO - Setting next_dagrun for example_short_circuit_operator to 2022-03-21T22:05:47.927120+00:00
[2022-03-22 18:05:47,937] {processor.py:171} INFO - Processing /Users/adebolafagbule/opt/anaconda3/envs/airflow_env/lib/python3.8/site-packages/airflow/example_dags/example_short_circuit_operator.py took 0.132 seconds
[2022-03-22 18:07:35,040] {processor.py:163} INFO - Started process (PID=65322) to work on /Users/adebolafagbule/opt/anaconda3/envs/airflow_env/lib/python3.8/site-packages/airflow/example_dags/example_short_circuit_operator.py
[2022-03-22 18:07:35,040] {processor.py:642} INFO - Processing file /Users/adebolafagbule/opt/anaconda3/envs/airflow_env/lib/python3.8/site-packages/airflow/example_dags/example_short_circuit_operator.py for tasks to queue
[2022-03-22 18:07:35,041] {logging_mixin.py:109} INFO - [2022-03-22 18:07:35,041] {dagbag.py:500} INFO - Filling up the DagBag from /Users/adebolafagbule/opt/anaconda3/envs/airflow_env/lib/python3.8/site-packages/airflow/example_dags/example_short_circuit_operator.py
[2022-03-22 18:07:35,112] {processor.py:654} INFO - DAG(s) dict_keys(['example_short_circuit_operator']) retrieved from /Users/adebolafagbule/opt/anaconda3/envs/airflow_env/lib/python3.8/site-packages/airflow/example_dags/example_short_circuit_operator.py
[2022-03-22 18:07:35,129] {logging_mixin.py:109} INFO - [2022-03-22 18:07:35,129] {dag.py:2398} INFO - Sync 1 DAGs
[2022-03-22 18:07:35,137] {logging_mixin.py:109} INFO - [2022-03-22 18:07:35,136] {dag.py:2937} INFO - Setting next_dagrun for example_short_circuit_operator to 2022-03-21T22:07:35.136789+00:00
[2022-03-22 18:07:35,144] {processor.py:171} INFO - Processing /Users/adebolafagbule/opt/anaconda3/envs/airflow_env/lib/python3.8/site-packages/airflow/example_dags/example_short_circuit_operator.py took 0.105 seconds
[2022-03-22 18:09:25,528] {processor.py:163} INFO - Started process (PID=65408) to work on /Users/adebolafagbule/opt/anaconda3/envs/airflow_env/lib/python3.8/site-packages/airflow/example_dags/example_short_circuit_operator.py
[2022-03-22 18:09:25,532] {processor.py:642} INFO - Processing file /Users/adebolafagbule/opt/anaconda3/envs/airflow_env/lib/python3.8/site-packages/airflow/example_dags/example_short_circuit_operator.py for tasks to queue
[2022-03-22 18:09:25,533] {logging_mixin.py:109} INFO - [2022-03-22 18:09:25,533] {dagbag.py:500} INFO - Filling up the DagBag from /Users/adebolafagbule/opt/anaconda3/envs/airflow_env/lib/python3.8/site-packages/airflow/example_dags/example_short_circuit_operator.py
[2022-03-22 18:09:25,621] {processor.py:654} INFO - DAG(s) dict_keys(['example_short_circuit_operator']) retrieved from /Users/adebolafagbule/opt/anaconda3/envs/airflow_env/lib/python3.8/site-packages/airflow/example_dags/example_short_circuit_operator.py
[2022-03-22 18:09:25,673] {logging_mixin.py:109} INFO - [2022-03-22 18:09:25,673] {dag.py:2398} INFO - Sync 1 DAGs
[2022-03-22 18:09:25,682] {logging_mixin.py:109} INFO - [2022-03-22 18:09:25,682] {dag.py:2937} INFO - Setting next_dagrun for example_short_circuit_operator to 2022-03-21T22:09:25.682402+00:00
[2022-03-22 18:09:25,689] {processor.py:171} INFO - Processing /Users/adebolafagbule/opt/anaconda3/envs/airflow_env/lib/python3.8/site-packages/airflow/example_dags/example_short_circuit_operator.py took 0.179 seconds
[2022-03-22 18:11:18,005] {processor.py:163} INFO - Started process (PID=65491) to work on /Users/adebolafagbule/opt/anaconda3/envs/airflow_env/lib/python3.8/site-packages/airflow/example_dags/example_short_circuit_operator.py
[2022-03-22 18:11:18,006] {processor.py:642} INFO - Processing file /Users/adebolafagbule/opt/anaconda3/envs/airflow_env/lib/python3.8/site-packages/airflow/example_dags/example_short_circuit_operator.py for tasks to queue
[2022-03-22 18:11:18,007] {logging_mixin.py:109} INFO - [2022-03-22 18:11:18,007] {dagbag.py:500} INFO - Filling up the DagBag from /Users/adebolafagbule/opt/anaconda3/envs/airflow_env/lib/python3.8/site-packages/airflow/example_dags/example_short_circuit_operator.py
[2022-03-22 18:11:18,085] {processor.py:654} INFO - DAG(s) dict_keys(['example_short_circuit_operator']) retrieved from /Users/adebolafagbule/opt/anaconda3/envs/airflow_env/lib/python3.8/site-packages/airflow/example_dags/example_short_circuit_operator.py
[2022-03-22 18:11:18,114] {logging_mixin.py:109} INFO - [2022-03-22 18:11:18,114] {dag.py:2398} INFO - Sync 1 DAGs
[2022-03-22 18:11:18,123] {logging_mixin.py:109} INFO - [2022-03-22 18:11:18,122] {dag.py:2937} INFO - Setting next_dagrun for example_short_circuit_operator to 2022-03-21T22:11:18.122677+00:00
[2022-03-22 18:11:18,140] {processor.py:171} INFO - Processing /Users/adebolafagbule/opt/anaconda3/envs/airflow_env/lib/python3.8/site-packages/airflow/example_dags/example_short_circuit_operator.py took 0.136 seconds
[2022-03-22 18:13:04,245] {processor.py:163} INFO - Started process (PID=65578) to work on /Users/adebolafagbule/opt/anaconda3/envs/airflow_env/lib/python3.8/site-packages/airflow/example_dags/example_short_circuit_operator.py
[2022-03-22 18:13:04,247] {processor.py:642} INFO - Processing file /Users/adebolafagbule/opt/anaconda3/envs/airflow_env/lib/python3.8/site-packages/airflow/example_dags/example_short_circuit_operator.py for tasks to queue
[2022-03-22 18:13:04,248] {logging_mixin.py:109} INFO - [2022-03-22 18:13:04,248] {dagbag.py:500} INFO - Filling up the DagBag from /Users/adebolafagbule/opt/anaconda3/envs/airflow_env/lib/python3.8/site-packages/airflow/example_dags/example_short_circuit_operator.py
[2022-03-22 18:13:04,302] {processor.py:654} INFO - DAG(s) dict_keys(['example_short_circuit_operator']) retrieved from /Users/adebolafagbule/opt/anaconda3/envs/airflow_env/lib/python3.8/site-packages/airflow/example_dags/example_short_circuit_operator.py
[2022-03-22 18:13:04,326] {logging_mixin.py:109} INFO - [2022-03-22 18:13:04,326] {dag.py:2398} INFO - Sync 1 DAGs
[2022-03-22 18:13:04,334] {logging_mixin.py:109} INFO - [2022-03-22 18:13:04,334] {dag.py:2937} INFO - Setting next_dagrun for example_short_circuit_operator to 2022-03-21T22:13:04.334273+00:00
[2022-03-22 18:13:04,341] {processor.py:171} INFO - Processing /Users/adebolafagbule/opt/anaconda3/envs/airflow_env/lib/python3.8/site-packages/airflow/example_dags/example_short_circuit_operator.py took 0.096 seconds
[2022-03-22 18:15:03,368] {processor.py:163} INFO - Started process (PID=65669) to work on /Users/adebolafagbule/opt/anaconda3/envs/airflow_env/lib/python3.8/site-packages/airflow/example_dags/example_short_circuit_operator.py
[2022-03-22 18:15:03,369] {processor.py:642} INFO - Processing file /Users/adebolafagbule/opt/anaconda3/envs/airflow_env/lib/python3.8/site-packages/airflow/example_dags/example_short_circuit_operator.py for tasks to queue
[2022-03-22 18:15:03,370] {logging_mixin.py:109} INFO - [2022-03-22 18:15:03,370] {dagbag.py:500} INFO - Filling up the DagBag from /Users/adebolafagbule/opt/anaconda3/envs/airflow_env/lib/python3.8/site-packages/airflow/example_dags/example_short_circuit_operator.py
[2022-03-22 18:15:03,458] {processor.py:654} INFO - DAG(s) dict_keys(['example_short_circuit_operator']) retrieved from /Users/adebolafagbule/opt/anaconda3/envs/airflow_env/lib/python3.8/site-packages/airflow/example_dags/example_short_circuit_operator.py
[2022-03-22 18:15:03,479] {logging_mixin.py:109} INFO - [2022-03-22 18:15:03,479] {dag.py:2398} INFO - Sync 1 DAGs
[2022-03-22 18:15:03,500] {logging_mixin.py:109} INFO - [2022-03-22 18:15:03,495] {dag.py:2937} INFO - Setting next_dagrun for example_short_circuit_operator to 2022-03-21T22:15:03.494879+00:00
[2022-03-22 18:15:03,522] {processor.py:171} INFO - Processing /Users/adebolafagbule/opt/anaconda3/envs/airflow_env/lib/python3.8/site-packages/airflow/example_dags/example_short_circuit_operator.py took 0.155 seconds
[2022-03-22 18:17:02,806] {processor.py:163} INFO - Started process (PID=65763) to work on /Users/adebolafagbule/opt/anaconda3/envs/airflow_env/lib/python3.8/site-packages/airflow/example_dags/example_short_circuit_operator.py
[2022-03-22 18:17:02,807] {processor.py:642} INFO - Processing file /Users/adebolafagbule/opt/anaconda3/envs/airflow_env/lib/python3.8/site-packages/airflow/example_dags/example_short_circuit_operator.py for tasks to queue
[2022-03-22 18:17:02,808] {logging_mixin.py:109} INFO - [2022-03-22 18:17:02,808] {dagbag.py:500} INFO - Filling up the DagBag from /Users/adebolafagbule/opt/anaconda3/envs/airflow_env/lib/python3.8/site-packages/airflow/example_dags/example_short_circuit_operator.py
[2022-03-22 18:17:02,866] {processor.py:654} INFO - DAG(s) dict_keys(['example_short_circuit_operator']) retrieved from /Users/adebolafagbule/opt/anaconda3/envs/airflow_env/lib/python3.8/site-packages/airflow/example_dags/example_short_circuit_operator.py
[2022-03-22 18:17:02,884] {logging_mixin.py:109} INFO - [2022-03-22 18:17:02,883] {dag.py:2398} INFO - Sync 1 DAGs
[2022-03-22 18:17:02,892] {logging_mixin.py:109} INFO - [2022-03-22 18:17:02,892] {dag.py:2937} INFO - Setting next_dagrun for example_short_circuit_operator to 2022-03-21T22:17:02.891922+00:00
[2022-03-22 18:17:02,901] {processor.py:171} INFO - Processing /Users/adebolafagbule/opt/anaconda3/envs/airflow_env/lib/python3.8/site-packages/airflow/example_dags/example_short_circuit_operator.py took 0.095 seconds
[2022-03-22 18:18:38,884] {processor.py:163} INFO - Started process (PID=65841) to work on /Users/adebolafagbule/opt/anaconda3/envs/airflow_env/lib/python3.8/site-packages/airflow/example_dags/example_short_circuit_operator.py
[2022-03-22 18:18:38,885] {processor.py:642} INFO - Processing file /Users/adebolafagbule/opt/anaconda3/envs/airflow_env/lib/python3.8/site-packages/airflow/example_dags/example_short_circuit_operator.py for tasks to queue
[2022-03-22 18:18:38,886] {logging_mixin.py:109} INFO - [2022-03-22 18:18:38,885] {dagbag.py:500} INFO - Filling up the DagBag from /Users/adebolafagbule/opt/anaconda3/envs/airflow_env/lib/python3.8/site-packages/airflow/example_dags/example_short_circuit_operator.py
[2022-03-22 18:18:38,943] {processor.py:654} INFO - DAG(s) dict_keys(['example_short_circuit_operator']) retrieved from /Users/adebolafagbule/opt/anaconda3/envs/airflow_env/lib/python3.8/site-packages/airflow/example_dags/example_short_circuit_operator.py
[2022-03-22 18:18:38,972] {logging_mixin.py:109} INFO - [2022-03-22 18:18:38,971] {dag.py:2398} INFO - Sync 1 DAGs
[2022-03-22 18:18:38,993] {logging_mixin.py:109} INFO - [2022-03-22 18:18:38,992] {dag.py:2937} INFO - Setting next_dagrun for example_short_circuit_operator to 2022-03-21T22:18:38.992552+00:00
[2022-03-22 18:18:39,000] {processor.py:171} INFO - Processing /Users/adebolafagbule/opt/anaconda3/envs/airflow_env/lib/python3.8/site-packages/airflow/example_dags/example_short_circuit_operator.py took 0.117 seconds
[2022-03-22 18:20:16,745] {processor.py:163} INFO - Started process (PID=65920) to work on /Users/adebolafagbule/opt/anaconda3/envs/airflow_env/lib/python3.8/site-packages/airflow/example_dags/example_short_circuit_operator.py
[2022-03-22 18:20:16,746] {processor.py:642} INFO - Processing file /Users/adebolafagbule/opt/anaconda3/envs/airflow_env/lib/python3.8/site-packages/airflow/example_dags/example_short_circuit_operator.py for tasks to queue
[2022-03-22 18:20:16,747] {logging_mixin.py:109} INFO - [2022-03-22 18:20:16,747] {dagbag.py:500} INFO - Filling up the DagBag from /Users/adebolafagbule/opt/anaconda3/envs/airflow_env/lib/python3.8/site-packages/airflow/example_dags/example_short_circuit_operator.py
[2022-03-22 18:20:16,849] {processor.py:654} INFO - DAG(s) dict_keys(['example_short_circuit_operator']) retrieved from /Users/adebolafagbule/opt/anaconda3/envs/airflow_env/lib/python3.8/site-packages/airflow/example_dags/example_short_circuit_operator.py
[2022-03-22 18:20:16,898] {logging_mixin.py:109} INFO - [2022-03-22 18:20:16,898] {dag.py:2398} INFO - Sync 1 DAGs
[2022-03-22 18:20:16,907] {logging_mixin.py:109} INFO - [2022-03-22 18:20:16,907] {dag.py:2937} INFO - Setting next_dagrun for example_short_circuit_operator to 2022-03-21T22:20:16.907274+00:00
[2022-03-22 18:20:16,915] {processor.py:171} INFO - Processing /Users/adebolafagbule/opt/anaconda3/envs/airflow_env/lib/python3.8/site-packages/airflow/example_dags/example_short_circuit_operator.py took 0.171 seconds
[2022-03-22 18:21:47,956] {processor.py:163} INFO - Started process (PID=65998) to work on /Users/adebolafagbule/opt/anaconda3/envs/airflow_env/lib/python3.8/site-packages/airflow/example_dags/example_short_circuit_operator.py
[2022-03-22 18:21:47,957] {processor.py:642} INFO - Processing file /Users/adebolafagbule/opt/anaconda3/envs/airflow_env/lib/python3.8/site-packages/airflow/example_dags/example_short_circuit_operator.py for tasks to queue
[2022-03-22 18:21:47,958] {logging_mixin.py:109} INFO - [2022-03-22 18:21:47,958] {dagbag.py:500} INFO - Filling up the DagBag from /Users/adebolafagbule/opt/anaconda3/envs/airflow_env/lib/python3.8/site-packages/airflow/example_dags/example_short_circuit_operator.py
[2022-03-22 18:21:47,999] {processor.py:654} INFO - DAG(s) dict_keys(['example_short_circuit_operator']) retrieved from /Users/adebolafagbule/opt/anaconda3/envs/airflow_env/lib/python3.8/site-packages/airflow/example_dags/example_short_circuit_operator.py
[2022-03-22 18:21:48,015] {logging_mixin.py:109} INFO - [2022-03-22 18:21:48,015] {dag.py:2398} INFO - Sync 1 DAGs
[2022-03-22 18:21:48,022] {logging_mixin.py:109} INFO - [2022-03-22 18:21:48,022] {dag.py:2937} INFO - Setting next_dagrun for example_short_circuit_operator to 2022-03-21T22:21:48.022519+00:00
[2022-03-22 18:21:48,028] {processor.py:171} INFO - Processing /Users/adebolafagbule/opt/anaconda3/envs/airflow_env/lib/python3.8/site-packages/airflow/example_dags/example_short_circuit_operator.py took 0.073 seconds
[2022-03-22 18:23:14,204] {processor.py:163} INFO - Started process (PID=66077) to work on /Users/adebolafagbule/opt/anaconda3/envs/airflow_env/lib/python3.8/site-packages/airflow/example_dags/example_short_circuit_operator.py
[2022-03-22 18:23:14,205] {processor.py:642} INFO - Processing file /Users/adebolafagbule/opt/anaconda3/envs/airflow_env/lib/python3.8/site-packages/airflow/example_dags/example_short_circuit_operator.py for tasks to queue
[2022-03-22 18:23:14,206] {logging_mixin.py:109} INFO - [2022-03-22 18:23:14,206] {dagbag.py:500} INFO - Filling up the DagBag from /Users/adebolafagbule/opt/anaconda3/envs/airflow_env/lib/python3.8/site-packages/airflow/example_dags/example_short_circuit_operator.py
[2022-03-22 18:23:14,250] {processor.py:654} INFO - DAG(s) dict_keys(['example_short_circuit_operator']) retrieved from /Users/adebolafagbule/opt/anaconda3/envs/airflow_env/lib/python3.8/site-packages/airflow/example_dags/example_short_circuit_operator.py
[2022-03-22 18:23:14,267] {logging_mixin.py:109} INFO - [2022-03-22 18:23:14,267] {dag.py:2398} INFO - Sync 1 DAGs
[2022-03-22 18:23:14,275] {logging_mixin.py:109} INFO - [2022-03-22 18:23:14,275] {dag.py:2937} INFO - Setting next_dagrun for example_short_circuit_operator to 2022-03-21T22:23:14.275108+00:00
[2022-03-22 18:23:14,284] {processor.py:171} INFO - Processing /Users/adebolafagbule/opt/anaconda3/envs/airflow_env/lib/python3.8/site-packages/airflow/example_dags/example_short_circuit_operator.py took 0.081 seconds
[2022-03-22 18:24:43,584] {processor.py:163} INFO - Started process (PID=66153) to work on /Users/adebolafagbule/opt/anaconda3/envs/airflow_env/lib/python3.8/site-packages/airflow/example_dags/example_short_circuit_operator.py
[2022-03-22 18:24:43,585] {processor.py:642} INFO - Processing file /Users/adebolafagbule/opt/anaconda3/envs/airflow_env/lib/python3.8/site-packages/airflow/example_dags/example_short_circuit_operator.py for tasks to queue
[2022-03-22 18:24:43,585] {logging_mixin.py:109} INFO - [2022-03-22 18:24:43,585] {dagbag.py:500} INFO - Filling up the DagBag from /Users/adebolafagbule/opt/anaconda3/envs/airflow_env/lib/python3.8/site-packages/airflow/example_dags/example_short_circuit_operator.py
[2022-03-22 18:24:43,639] {processor.py:654} INFO - DAG(s) dict_keys(['example_short_circuit_operator']) retrieved from /Users/adebolafagbule/opt/anaconda3/envs/airflow_env/lib/python3.8/site-packages/airflow/example_dags/example_short_circuit_operator.py
[2022-03-22 18:24:43,659] {logging_mixin.py:109} INFO - [2022-03-22 18:24:43,659] {dag.py:2398} INFO - Sync 1 DAGs
[2022-03-22 18:24:43,667] {logging_mixin.py:109} INFO - [2022-03-22 18:24:43,667] {dag.py:2937} INFO - Setting next_dagrun for example_short_circuit_operator to 2022-03-21T22:24:43.667034+00:00
[2022-03-22 18:24:43,673] {processor.py:171} INFO - Processing /Users/adebolafagbule/opt/anaconda3/envs/airflow_env/lib/python3.8/site-packages/airflow/example_dags/example_short_circuit_operator.py took 0.090 seconds
[2022-03-22 18:26:22,276] {processor.py:163} INFO - Started process (PID=66232) to work on /Users/adebolafagbule/opt/anaconda3/envs/airflow_env/lib/python3.8/site-packages/airflow/example_dags/example_short_circuit_operator.py
[2022-03-22 18:26:22,277] {processor.py:642} INFO - Processing file /Users/adebolafagbule/opt/anaconda3/envs/airflow_env/lib/python3.8/site-packages/airflow/example_dags/example_short_circuit_operator.py for tasks to queue
[2022-03-22 18:26:22,278] {logging_mixin.py:109} INFO - [2022-03-22 18:26:22,278] {dagbag.py:500} INFO - Filling up the DagBag from /Users/adebolafagbule/opt/anaconda3/envs/airflow_env/lib/python3.8/site-packages/airflow/example_dags/example_short_circuit_operator.py
[2022-03-22 18:26:22,356] {processor.py:654} INFO - DAG(s) dict_keys(['example_short_circuit_operator']) retrieved from /Users/adebolafagbule/opt/anaconda3/envs/airflow_env/lib/python3.8/site-packages/airflow/example_dags/example_short_circuit_operator.py
[2022-03-22 18:26:22,378] {logging_mixin.py:109} INFO - [2022-03-22 18:26:22,378] {dag.py:2398} INFO - Sync 1 DAGs
[2022-03-22 18:26:22,385] {logging_mixin.py:109} INFO - [2022-03-22 18:26:22,385] {dag.py:2937} INFO - Setting next_dagrun for example_short_circuit_operator to 2022-03-21T22:26:22.385693+00:00
[2022-03-22 18:26:22,393] {processor.py:171} INFO - Processing /Users/adebolafagbule/opt/anaconda3/envs/airflow_env/lib/python3.8/site-packages/airflow/example_dags/example_short_circuit_operator.py took 0.118 seconds
[2022-03-22 18:28:00,302] {processor.py:163} INFO - Started process (PID=66317) to work on /Users/adebolafagbule/opt/anaconda3/envs/airflow_env/lib/python3.8/site-packages/airflow/example_dags/example_short_circuit_operator.py
[2022-03-22 18:28:00,303] {processor.py:642} INFO - Processing file /Users/adebolafagbule/opt/anaconda3/envs/airflow_env/lib/python3.8/site-packages/airflow/example_dags/example_short_circuit_operator.py for tasks to queue
[2022-03-22 18:28:00,304] {logging_mixin.py:109} INFO - [2022-03-22 18:28:00,304] {dagbag.py:500} INFO - Filling up the DagBag from /Users/adebolafagbule/opt/anaconda3/envs/airflow_env/lib/python3.8/site-packages/airflow/example_dags/example_short_circuit_operator.py
[2022-03-22 18:28:00,346] {processor.py:654} INFO - DAG(s) dict_keys(['example_short_circuit_operator']) retrieved from /Users/adebolafagbule/opt/anaconda3/envs/airflow_env/lib/python3.8/site-packages/airflow/example_dags/example_short_circuit_operator.py
[2022-03-22 18:28:00,362] {logging_mixin.py:109} INFO - [2022-03-22 18:28:00,362] {dag.py:2398} INFO - Sync 1 DAGs
[2022-03-22 18:28:00,370] {logging_mixin.py:109} INFO - [2022-03-22 18:28:00,370] {dag.py:2937} INFO - Setting next_dagrun for example_short_circuit_operator to 2022-03-21T22:28:00.370444+00:00
[2022-03-22 18:28:00,377] {processor.py:171} INFO - Processing /Users/adebolafagbule/opt/anaconda3/envs/airflow_env/lib/python3.8/site-packages/airflow/example_dags/example_short_circuit_operator.py took 0.075 seconds
