[2022-03-22 00:35:07,751] {processor.py:163} INFO - Started process (PID=61252) to work on /Users/adebolafagbule/opt/anaconda3/envs/airflow_env/lib/python3.8/site-packages/airflow/example_dags/example_dag_decorator.py
[2022-03-22 00:35:07,752] {processor.py:642} INFO - Processing file /Users/adebolafagbule/opt/anaconda3/envs/airflow_env/lib/python3.8/site-packages/airflow/example_dags/example_dag_decorator.py for tasks to queue
[2022-03-22 00:35:07,753] {logging_mixin.py:109} INFO - [2022-03-22 00:35:07,753] {dagbag.py:500} INFO - Filling up the DagBag from /Users/adebolafagbule/opt/anaconda3/envs/airflow_env/lib/python3.8/site-packages/airflow/example_dags/example_dag_decorator.py
[2022-03-22 00:35:07,857] {processor.py:654} INFO - DAG(s) dict_keys(['example_dag_decorator']) retrieved from /Users/adebolafagbule/opt/anaconda3/envs/airflow_env/lib/python3.8/site-packages/airflow/example_dags/example_dag_decorator.py
[2022-03-22 00:35:08,411] {logging_mixin.py:109} INFO - [2022-03-22 00:35:08,411] {dag.py:2398} INFO - Sync 1 DAGs
[2022-03-22 00:35:08,428] {logging_mixin.py:109} INFO - [2022-03-22 00:35:08,428] {dag.py:2937} INFO - Setting next_dagrun for example_dag_decorator to None
[2022-03-22 00:35:08,444] {processor.py:171} INFO - Processing /Users/adebolafagbule/opt/anaconda3/envs/airflow_env/lib/python3.8/site-packages/airflow/example_dags/example_dag_decorator.py took 0.694 seconds
[2022-03-22 05:51:52,796] {processor.py:163} INFO - Started process (PID=61448) to work on /Users/adebolafagbule/opt/anaconda3/envs/airflow_env/lib/python3.8/site-packages/airflow/example_dags/example_dag_decorator.py
[2022-03-22 05:51:52,797] {processor.py:642} INFO - Processing file /Users/adebolafagbule/opt/anaconda3/envs/airflow_env/lib/python3.8/site-packages/airflow/example_dags/example_dag_decorator.py for tasks to queue
[2022-03-22 05:51:52,798] {logging_mixin.py:109} INFO - [2022-03-22 05:51:52,798] {dagbag.py:500} INFO - Filling up the DagBag from /Users/adebolafagbule/opt/anaconda3/envs/airflow_env/lib/python3.8/site-packages/airflow/example_dags/example_dag_decorator.py
[2022-03-22 05:51:52,844] {processor.py:654} INFO - DAG(s) dict_keys(['example_dag_decorator']) retrieved from /Users/adebolafagbule/opt/anaconda3/envs/airflow_env/lib/python3.8/site-packages/airflow/example_dags/example_dag_decorator.py
[2022-03-22 05:51:53,006] {logging_mixin.py:109} INFO - [2022-03-22 05:51:53,006] {dag.py:2398} INFO - Sync 1 DAGs
[2022-03-22 05:51:53,012] {logging_mixin.py:109} INFO - [2022-03-22 05:51:53,012] {dag.py:2937} INFO - Setting next_dagrun for example_dag_decorator to None
[2022-03-22 05:51:53,020] {processor.py:171} INFO - Processing /Users/adebolafagbule/opt/anaconda3/envs/airflow_env/lib/python3.8/site-packages/airflow/example_dags/example_dag_decorator.py took 0.224 seconds
[2022-03-22 08:28:17,730] {processor.py:163} INFO - Started process (PID=61649) to work on /Users/adebolafagbule/opt/anaconda3/envs/airflow_env/lib/python3.8/site-packages/airflow/example_dags/example_dag_decorator.py
[2022-03-22 08:28:17,731] {processor.py:642} INFO - Processing file /Users/adebolafagbule/opt/anaconda3/envs/airflow_env/lib/python3.8/site-packages/airflow/example_dags/example_dag_decorator.py for tasks to queue
[2022-03-22 08:28:17,731] {logging_mixin.py:109} INFO - [2022-03-22 08:28:17,731] {dagbag.py:500} INFO - Filling up the DagBag from /Users/adebolafagbule/opt/anaconda3/envs/airflow_env/lib/python3.8/site-packages/airflow/example_dags/example_dag_decorator.py
[2022-03-22 08:28:17,819] {processor.py:654} INFO - DAG(s) dict_keys(['example_dag_decorator']) retrieved from /Users/adebolafagbule/opt/anaconda3/envs/airflow_env/lib/python3.8/site-packages/airflow/example_dags/example_dag_decorator.py
[2022-03-22 08:28:18,330] {logging_mixin.py:109} INFO - [2022-03-22 08:28:18,329] {dag.py:2398} INFO - Sync 1 DAGs
[2022-03-22 08:28:18,346] {logging_mixin.py:109} INFO - [2022-03-22 08:28:18,346] {dag.py:2937} INFO - Setting next_dagrun for example_dag_decorator to None
[2022-03-22 08:28:18,361] {processor.py:171} INFO - Processing /Users/adebolafagbule/opt/anaconda3/envs/airflow_env/lib/python3.8/site-packages/airflow/example_dags/example_dag_decorator.py took 0.632 seconds
[2022-03-22 09:15:48,223] {processor.py:163} INFO - Started process (PID=61792) to work on /Users/adebolafagbule/opt/anaconda3/envs/airflow_env/lib/python3.8/site-packages/airflow/example_dags/example_dag_decorator.py
[2022-03-22 09:15:48,224] {processor.py:642} INFO - Processing file /Users/adebolafagbule/opt/anaconda3/envs/airflow_env/lib/python3.8/site-packages/airflow/example_dags/example_dag_decorator.py for tasks to queue
[2022-03-22 09:15:48,224] {logging_mixin.py:109} INFO - [2022-03-22 09:15:48,224] {dagbag.py:500} INFO - Filling up the DagBag from /Users/adebolafagbule/opt/anaconda3/envs/airflow_env/lib/python3.8/site-packages/airflow/example_dags/example_dag_decorator.py
[2022-03-22 09:15:48,270] {processor.py:654} INFO - DAG(s) dict_keys(['example_dag_decorator']) retrieved from /Users/adebolafagbule/opt/anaconda3/envs/airflow_env/lib/python3.8/site-packages/airflow/example_dags/example_dag_decorator.py
[2022-03-22 09:15:48,428] {logging_mixin.py:109} INFO - [2022-03-22 09:15:48,428] {dag.py:2398} INFO - Sync 1 DAGs
[2022-03-22 09:15:48,434] {logging_mixin.py:109} INFO - [2022-03-22 09:15:48,434] {dag.py:2937} INFO - Setting next_dagrun for example_dag_decorator to None
[2022-03-22 09:15:48,441] {processor.py:171} INFO - Processing /Users/adebolafagbule/opt/anaconda3/envs/airflow_env/lib/python3.8/site-packages/airflow/example_dags/example_dag_decorator.py took 0.218 seconds
[2022-03-22 09:52:49,639] {processor.py:163} INFO - Started process (PID=61957) to work on /Users/adebolafagbule/opt/anaconda3/envs/airflow_env/lib/python3.8/site-packages/airflow/example_dags/example_dag_decorator.py
[2022-03-22 09:52:49,640] {processor.py:642} INFO - Processing file /Users/adebolafagbule/opt/anaconda3/envs/airflow_env/lib/python3.8/site-packages/airflow/example_dags/example_dag_decorator.py for tasks to queue
[2022-03-22 09:52:49,641] {logging_mixin.py:109} INFO - [2022-03-22 09:52:49,641] {dagbag.py:500} INFO - Filling up the DagBag from /Users/adebolafagbule/opt/anaconda3/envs/airflow_env/lib/python3.8/site-packages/airflow/example_dags/example_dag_decorator.py
[2022-03-22 09:52:49,754] {processor.py:654} INFO - DAG(s) dict_keys(['example_dag_decorator']) retrieved from /Users/adebolafagbule/opt/anaconda3/envs/airflow_env/lib/python3.8/site-packages/airflow/example_dags/example_dag_decorator.py
[2022-03-22 09:52:50,208] {logging_mixin.py:109} INFO - [2022-03-22 09:52:50,208] {dag.py:2398} INFO - Sync 1 DAGs
[2022-03-22 09:52:50,227] {logging_mixin.py:109} INFO - [2022-03-22 09:52:50,227] {dag.py:2937} INFO - Setting next_dagrun for example_dag_decorator to None
[2022-03-22 09:52:50,242] {processor.py:171} INFO - Processing /Users/adebolafagbule/opt/anaconda3/envs/airflow_env/lib/python3.8/site-packages/airflow/example_dags/example_dag_decorator.py took 0.605 seconds
[2022-03-22 10:44:17,489] {processor.py:163} INFO - Started process (PID=62104) to work on /Users/adebolafagbule/opt/anaconda3/envs/airflow_env/lib/python3.8/site-packages/airflow/example_dags/example_dag_decorator.py
[2022-03-22 10:44:17,491] {processor.py:642} INFO - Processing file /Users/adebolafagbule/opt/anaconda3/envs/airflow_env/lib/python3.8/site-packages/airflow/example_dags/example_dag_decorator.py for tasks to queue
[2022-03-22 10:44:17,491] {logging_mixin.py:109} INFO - [2022-03-22 10:44:17,491] {dagbag.py:500} INFO - Filling up the DagBag from /Users/adebolafagbule/opt/anaconda3/envs/airflow_env/lib/python3.8/site-packages/airflow/example_dags/example_dag_decorator.py
[2022-03-22 10:44:17,581] {processor.py:654} INFO - DAG(s) dict_keys(['example_dag_decorator']) retrieved from /Users/adebolafagbule/opt/anaconda3/envs/airflow_env/lib/python3.8/site-packages/airflow/example_dags/example_dag_decorator.py
[2022-03-22 10:44:17,940] {logging_mixin.py:109} INFO - [2022-03-22 10:44:17,940] {dag.py:2398} INFO - Sync 1 DAGs
[2022-03-22 10:44:17,954] {logging_mixin.py:109} INFO - [2022-03-22 10:44:17,954] {dag.py:2937} INFO - Setting next_dagrun for example_dag_decorator to None
[2022-03-22 10:44:17,967] {processor.py:171} INFO - Processing /Users/adebolafagbule/opt/anaconda3/envs/airflow_env/lib/python3.8/site-packages/airflow/example_dags/example_dag_decorator.py took 0.479 seconds
[2022-03-22 11:00:43,982] {processor.py:163} INFO - Started process (PID=62203) to work on /Users/adebolafagbule/opt/anaconda3/envs/airflow_env/lib/python3.8/site-packages/airflow/example_dags/example_dag_decorator.py
[2022-03-22 11:00:43,983] {processor.py:642} INFO - Processing file /Users/adebolafagbule/opt/anaconda3/envs/airflow_env/lib/python3.8/site-packages/airflow/example_dags/example_dag_decorator.py for tasks to queue
[2022-03-22 11:00:43,983] {logging_mixin.py:109} INFO - [2022-03-22 11:00:43,983] {dagbag.py:500} INFO - Filling up the DagBag from /Users/adebolafagbule/opt/anaconda3/envs/airflow_env/lib/python3.8/site-packages/airflow/example_dags/example_dag_decorator.py
[2022-03-22 11:00:44,028] {processor.py:654} INFO - DAG(s) dict_keys(['example_dag_decorator']) retrieved from /Users/adebolafagbule/opt/anaconda3/envs/airflow_env/lib/python3.8/site-packages/airflow/example_dags/example_dag_decorator.py
[2022-03-22 11:00:44,269] {logging_mixin.py:109} INFO - [2022-03-22 11:00:44,268] {dag.py:2398} INFO - Sync 1 DAGs
[2022-03-22 11:00:44,276] {logging_mixin.py:109} INFO - [2022-03-22 11:00:44,276] {dag.py:2937} INFO - Setting next_dagrun for example_dag_decorator to None
[2022-03-22 11:00:44,282] {processor.py:171} INFO - Processing /Users/adebolafagbule/opt/anaconda3/envs/airflow_env/lib/python3.8/site-packages/airflow/example_dags/example_dag_decorator.py took 0.301 seconds
[2022-03-22 11:01:59,888] {processor.py:163} INFO - Started process (PID=62284) to work on /Users/adebolafagbule/opt/anaconda3/envs/airflow_env/lib/python3.8/site-packages/airflow/example_dags/example_dag_decorator.py
[2022-03-22 11:01:59,890] {processor.py:642} INFO - Processing file /Users/adebolafagbule/opt/anaconda3/envs/airflow_env/lib/python3.8/site-packages/airflow/example_dags/example_dag_decorator.py for tasks to queue
[2022-03-22 11:01:59,890] {logging_mixin.py:109} INFO - [2022-03-22 11:01:59,890] {dagbag.py:500} INFO - Filling up the DagBag from /Users/adebolafagbule/opt/anaconda3/envs/airflow_env/lib/python3.8/site-packages/airflow/example_dags/example_dag_decorator.py
[2022-03-22 11:01:59,963] {processor.py:654} INFO - DAG(s) dict_keys(['example_dag_decorator']) retrieved from /Users/adebolafagbule/opt/anaconda3/envs/airflow_env/lib/python3.8/site-packages/airflow/example_dags/example_dag_decorator.py
[2022-03-22 11:02:00,233] {logging_mixin.py:109} INFO - [2022-03-22 11:02:00,233] {dag.py:2398} INFO - Sync 1 DAGs
[2022-03-22 11:02:00,239] {logging_mixin.py:109} INFO - [2022-03-22 11:02:00,239] {dag.py:2937} INFO - Setting next_dagrun for example_dag_decorator to None
[2022-03-22 11:02:00,245] {processor.py:171} INFO - Processing /Users/adebolafagbule/opt/anaconda3/envs/airflow_env/lib/python3.8/site-packages/airflow/example_dags/example_dag_decorator.py took 0.357 seconds
[2022-03-22 11:03:15,924] {processor.py:163} INFO - Started process (PID=62461) to work on /Users/adebolafagbule/opt/anaconda3/envs/airflow_env/lib/python3.8/site-packages/airflow/example_dags/example_dag_decorator.py
[2022-03-22 11:03:15,925] {processor.py:642} INFO - Processing file /Users/adebolafagbule/opt/anaconda3/envs/airflow_env/lib/python3.8/site-packages/airflow/example_dags/example_dag_decorator.py for tasks to queue
[2022-03-22 11:03:15,926] {logging_mixin.py:109} INFO - [2022-03-22 11:03:15,926] {dagbag.py:500} INFO - Filling up the DagBag from /Users/adebolafagbule/opt/anaconda3/envs/airflow_env/lib/python3.8/site-packages/airflow/example_dags/example_dag_decorator.py
[2022-03-22 11:03:15,969] {processor.py:654} INFO - DAG(s) dict_keys(['example_dag_decorator']) retrieved from /Users/adebolafagbule/opt/anaconda3/envs/airflow_env/lib/python3.8/site-packages/airflow/example_dags/example_dag_decorator.py
[2022-03-22 11:03:16,316] {logging_mixin.py:109} INFO - [2022-03-22 11:03:16,316] {dag.py:2398} INFO - Sync 1 DAGs
[2022-03-22 11:03:16,323] {logging_mixin.py:109} INFO - [2022-03-22 11:03:16,323] {dag.py:2937} INFO - Setting next_dagrun for example_dag_decorator to None
[2022-03-22 11:03:16,329] {processor.py:171} INFO - Processing /Users/adebolafagbule/opt/anaconda3/envs/airflow_env/lib/python3.8/site-packages/airflow/example_dags/example_dag_decorator.py took 0.405 seconds
[2022-03-22 11:04:35,412] {processor.py:163} INFO - Started process (PID=62534) to work on /Users/adebolafagbule/opt/anaconda3/envs/airflow_env/lib/python3.8/site-packages/airflow/example_dags/example_dag_decorator.py
[2022-03-22 11:04:35,413] {processor.py:642} INFO - Processing file /Users/adebolafagbule/opt/anaconda3/envs/airflow_env/lib/python3.8/site-packages/airflow/example_dags/example_dag_decorator.py for tasks to queue
[2022-03-22 11:04:35,414] {logging_mixin.py:109} INFO - [2022-03-22 11:04:35,414] {dagbag.py:500} INFO - Filling up the DagBag from /Users/adebolafagbule/opt/anaconda3/envs/airflow_env/lib/python3.8/site-packages/airflow/example_dags/example_dag_decorator.py
[2022-03-22 11:04:35,460] {processor.py:654} INFO - DAG(s) dict_keys(['example_dag_decorator']) retrieved from /Users/adebolafagbule/opt/anaconda3/envs/airflow_env/lib/python3.8/site-packages/airflow/example_dags/example_dag_decorator.py
[2022-03-22 11:04:35,704] {logging_mixin.py:109} INFO - [2022-03-22 11:04:35,704] {dag.py:2398} INFO - Sync 1 DAGs
[2022-03-22 11:04:35,711] {logging_mixin.py:109} INFO - [2022-03-22 11:04:35,711] {dag.py:2937} INFO - Setting next_dagrun for example_dag_decorator to None
[2022-03-22 11:04:35,718] {processor.py:171} INFO - Processing /Users/adebolafagbule/opt/anaconda3/envs/airflow_env/lib/python3.8/site-packages/airflow/example_dags/example_dag_decorator.py took 0.306 seconds
[2022-03-22 11:24:42,966] {processor.py:163} INFO - Started process (PID=62679) to work on /Users/adebolafagbule/opt/anaconda3/envs/airflow_env/lib/python3.8/site-packages/airflow/example_dags/example_dag_decorator.py
[2022-03-22 11:24:42,967] {processor.py:642} INFO - Processing file /Users/adebolafagbule/opt/anaconda3/envs/airflow_env/lib/python3.8/site-packages/airflow/example_dags/example_dag_decorator.py for tasks to queue
[2022-03-22 11:24:42,967] {logging_mixin.py:109} INFO - [2022-03-22 11:24:42,967] {dagbag.py:500} INFO - Filling up the DagBag from /Users/adebolafagbule/opt/anaconda3/envs/airflow_env/lib/python3.8/site-packages/airflow/example_dags/example_dag_decorator.py
[2022-03-22 11:24:43,030] {processor.py:654} INFO - DAG(s) dict_keys(['example_dag_decorator']) retrieved from /Users/adebolafagbule/opt/anaconda3/envs/airflow_env/lib/python3.8/site-packages/airflow/example_dags/example_dag_decorator.py
[2022-03-22 11:24:43,386] {logging_mixin.py:109} INFO - [2022-03-22 11:24:43,386] {dag.py:2398} INFO - Sync 1 DAGs
[2022-03-22 11:24:43,398] {logging_mixin.py:109} INFO - [2022-03-22 11:24:43,398] {dag.py:2937} INFO - Setting next_dagrun for example_dag_decorator to None
[2022-03-22 11:24:43,408] {processor.py:171} INFO - Processing /Users/adebolafagbule/opt/anaconda3/envs/airflow_env/lib/python3.8/site-packages/airflow/example_dags/example_dag_decorator.py took 0.443 seconds
[2022-03-22 12:12:01,494] {processor.py:163} INFO - Started process (PID=62763) to work on /Users/adebolafagbule/opt/anaconda3/envs/airflow_env/lib/python3.8/site-packages/airflow/example_dags/example_dag_decorator.py
[2022-03-22 12:12:01,495] {processor.py:642} INFO - Processing file /Users/adebolafagbule/opt/anaconda3/envs/airflow_env/lib/python3.8/site-packages/airflow/example_dags/example_dag_decorator.py for tasks to queue
[2022-03-22 12:12:01,496] {logging_mixin.py:109} INFO - [2022-03-22 12:12:01,495] {dagbag.py:500} INFO - Filling up the DagBag from /Users/adebolafagbule/opt/anaconda3/envs/airflow_env/lib/python3.8/site-packages/airflow/example_dags/example_dag_decorator.py
[2022-03-22 12:12:01,599] {processor.py:654} INFO - DAG(s) dict_keys(['example_dag_decorator']) retrieved from /Users/adebolafagbule/opt/anaconda3/envs/airflow_env/lib/python3.8/site-packages/airflow/example_dags/example_dag_decorator.py
[2022-03-22 12:12:02,012] {logging_mixin.py:109} INFO - [2022-03-22 12:12:02,012] {dag.py:2398} INFO - Sync 1 DAGs
[2022-03-22 12:12:02,028] {logging_mixin.py:109} INFO - [2022-03-22 12:12:02,028] {dag.py:2937} INFO - Setting next_dagrun for example_dag_decorator to None
[2022-03-22 12:12:02,043] {processor.py:171} INFO - Processing /Users/adebolafagbule/opt/anaconda3/envs/airflow_env/lib/python3.8/site-packages/airflow/example_dags/example_dag_decorator.py took 0.550 seconds
[2022-03-22 12:46:49,142] {processor.py:163} INFO - Started process (PID=62857) to work on /Users/adebolafagbule/opt/anaconda3/envs/airflow_env/lib/python3.8/site-packages/airflow/example_dags/example_dag_decorator.py
[2022-03-22 12:46:49,142] {processor.py:642} INFO - Processing file /Users/adebolafagbule/opt/anaconda3/envs/airflow_env/lib/python3.8/site-packages/airflow/example_dags/example_dag_decorator.py for tasks to queue
[2022-03-22 12:46:49,143] {logging_mixin.py:109} INFO - [2022-03-22 12:46:49,143] {dagbag.py:500} INFO - Filling up the DagBag from /Users/adebolafagbule/opt/anaconda3/envs/airflow_env/lib/python3.8/site-packages/airflow/example_dags/example_dag_decorator.py
[2022-03-22 12:46:49,185] {processor.py:654} INFO - DAG(s) dict_keys(['example_dag_decorator']) retrieved from /Users/adebolafagbule/opt/anaconda3/envs/airflow_env/lib/python3.8/site-packages/airflow/example_dags/example_dag_decorator.py
[2022-03-22 12:46:49,352] {logging_mixin.py:109} INFO - [2022-03-22 12:46:49,352] {dag.py:2398} INFO - Sync 1 DAGs
[2022-03-22 12:46:49,359] {logging_mixin.py:109} INFO - [2022-03-22 12:46:49,359] {dag.py:2937} INFO - Setting next_dagrun for example_dag_decorator to None
[2022-03-22 12:46:49,365] {processor.py:171} INFO - Processing /Users/adebolafagbule/opt/anaconda3/envs/airflow_env/lib/python3.8/site-packages/airflow/example_dags/example_dag_decorator.py took 0.224 seconds
[2022-03-22 14:18:04,759] {processor.py:163} INFO - Started process (PID=63009) to work on /Users/adebolafagbule/opt/anaconda3/envs/airflow_env/lib/python3.8/site-packages/airflow/example_dags/example_dag_decorator.py
[2022-03-22 14:18:04,760] {processor.py:642} INFO - Processing file /Users/adebolafagbule/opt/anaconda3/envs/airflow_env/lib/python3.8/site-packages/airflow/example_dags/example_dag_decorator.py for tasks to queue
[2022-03-22 14:18:04,762] {logging_mixin.py:109} INFO - [2022-03-22 14:18:04,762] {dagbag.py:500} INFO - Filling up the DagBag from /Users/adebolafagbule/opt/anaconda3/envs/airflow_env/lib/python3.8/site-packages/airflow/example_dags/example_dag_decorator.py
[2022-03-22 14:18:04,966] {processor.py:654} INFO - DAG(s) dict_keys(['example_dag_decorator']) retrieved from /Users/adebolafagbule/opt/anaconda3/envs/airflow_env/lib/python3.8/site-packages/airflow/example_dags/example_dag_decorator.py
[2022-03-22 14:18:05,903] {logging_mixin.py:109} INFO - [2022-03-22 14:18:05,898] {dag.py:2398} INFO - Sync 1 DAGs
[2022-03-22 14:18:05,973] {logging_mixin.py:109} INFO - [2022-03-22 14:18:05,971] {dag.py:2937} INFO - Setting next_dagrun for example_dag_decorator to None
[2022-03-22 14:18:06,002] {processor.py:171} INFO - Processing /Users/adebolafagbule/opt/anaconda3/envs/airflow_env/lib/python3.8/site-packages/airflow/example_dags/example_dag_decorator.py took 1.244 seconds
[2022-03-22 15:15:06,745] {processor.py:163} INFO - Started process (PID=63198) to work on /Users/adebolafagbule/opt/anaconda3/envs/airflow_env/lib/python3.8/site-packages/airflow/example_dags/example_dag_decorator.py
[2022-03-22 15:15:06,747] {processor.py:642} INFO - Processing file /Users/adebolafagbule/opt/anaconda3/envs/airflow_env/lib/python3.8/site-packages/airflow/example_dags/example_dag_decorator.py for tasks to queue
[2022-03-22 15:15:06,748] {logging_mixin.py:109} INFO - [2022-03-22 15:15:06,748] {dagbag.py:500} INFO - Filling up the DagBag from /Users/adebolafagbule/opt/anaconda3/envs/airflow_env/lib/python3.8/site-packages/airflow/example_dags/example_dag_decorator.py
[2022-03-22 15:15:06,851] {processor.py:654} INFO - DAG(s) dict_keys(['example_dag_decorator']) retrieved from /Users/adebolafagbule/opt/anaconda3/envs/airflow_env/lib/python3.8/site-packages/airflow/example_dags/example_dag_decorator.py
[2022-03-22 15:15:07,259] {logging_mixin.py:109} INFO - [2022-03-22 15:15:07,258] {dag.py:2398} INFO - Sync 1 DAGs
[2022-03-22 15:15:07,275] {logging_mixin.py:109} INFO - [2022-03-22 15:15:07,275] {dag.py:2937} INFO - Setting next_dagrun for example_dag_decorator to None
[2022-03-22 15:15:07,290] {processor.py:171} INFO - Processing /Users/adebolafagbule/opt/anaconda3/envs/airflow_env/lib/python3.8/site-packages/airflow/example_dags/example_dag_decorator.py took 0.546 seconds
[2022-03-22 16:28:20,218] {processor.py:163} INFO - Started process (PID=63324) to work on /Users/adebolafagbule/opt/anaconda3/envs/airflow_env/lib/python3.8/site-packages/airflow/example_dags/example_dag_decorator.py
[2022-03-22 16:28:20,220] {processor.py:642} INFO - Processing file /Users/adebolafagbule/opt/anaconda3/envs/airflow_env/lib/python3.8/site-packages/airflow/example_dags/example_dag_decorator.py for tasks to queue
[2022-03-22 16:28:20,221] {logging_mixin.py:109} INFO - [2022-03-22 16:28:20,221] {dagbag.py:500} INFO - Filling up the DagBag from /Users/adebolafagbule/opt/anaconda3/envs/airflow_env/lib/python3.8/site-packages/airflow/example_dags/example_dag_decorator.py
[2022-03-22 16:28:20,340] {processor.py:654} INFO - DAG(s) dict_keys(['example_dag_decorator']) retrieved from /Users/adebolafagbule/opt/anaconda3/envs/airflow_env/lib/python3.8/site-packages/airflow/example_dags/example_dag_decorator.py
[2022-03-22 16:28:21,024] {logging_mixin.py:109} INFO - [2022-03-22 16:28:21,019] {dag.py:2398} INFO - Sync 1 DAGs
[2022-03-22 16:28:21,065] {logging_mixin.py:109} INFO - [2022-03-22 16:28:21,065] {dag.py:2937} INFO - Setting next_dagrun for example_dag_decorator to None
[2022-03-22 16:28:21,086] {processor.py:171} INFO - Processing /Users/adebolafagbule/opt/anaconda3/envs/airflow_env/lib/python3.8/site-packages/airflow/example_dags/example_dag_decorator.py took 0.878 seconds
[2022-03-22 16:36:01,823] {processor.py:163} INFO - Started process (PID=63410) to work on /Users/adebolafagbule/opt/anaconda3/envs/airflow_env/lib/python3.8/site-packages/airflow/example_dags/example_dag_decorator.py
[2022-03-22 16:36:01,824] {processor.py:642} INFO - Processing file /Users/adebolafagbule/opt/anaconda3/envs/airflow_env/lib/python3.8/site-packages/airflow/example_dags/example_dag_decorator.py for tasks to queue
[2022-03-22 16:36:01,825] {logging_mixin.py:109} INFO - [2022-03-22 16:36:01,825] {dagbag.py:500} INFO - Filling up the DagBag from /Users/adebolafagbule/opt/anaconda3/envs/airflow_env/lib/python3.8/site-packages/airflow/example_dags/example_dag_decorator.py
[2022-03-22 16:36:01,916] {processor.py:654} INFO - DAG(s) dict_keys(['example_dag_decorator']) retrieved from /Users/adebolafagbule/opt/anaconda3/envs/airflow_env/lib/python3.8/site-packages/airflow/example_dags/example_dag_decorator.py
[2022-03-22 16:36:02,296] {logging_mixin.py:109} INFO - [2022-03-22 16:36:02,296] {dag.py:2398} INFO - Sync 1 DAGs
[2022-03-22 16:36:02,311] {logging_mixin.py:109} INFO - [2022-03-22 16:36:02,311] {dag.py:2937} INFO - Setting next_dagrun for example_dag_decorator to None
[2022-03-22 16:36:02,324] {processor.py:171} INFO - Processing /Users/adebolafagbule/opt/anaconda3/envs/airflow_env/lib/python3.8/site-packages/airflow/example_dags/example_dag_decorator.py took 0.502 seconds
[2022-03-22 17:30:05,456] {processor.py:163} INFO - Started process (PID=63487) to work on /Users/adebolafagbule/opt/anaconda3/envs/airflow_env/lib/python3.8/site-packages/airflow/example_dags/example_dag_decorator.py
[2022-03-22 17:30:05,458] {processor.py:642} INFO - Processing file /Users/adebolafagbule/opt/anaconda3/envs/airflow_env/lib/python3.8/site-packages/airflow/example_dags/example_dag_decorator.py for tasks to queue
[2022-03-22 17:30:05,458] {logging_mixin.py:109} INFO - [2022-03-22 17:30:05,458] {dagbag.py:500} INFO - Filling up the DagBag from /Users/adebolafagbule/opt/anaconda3/envs/airflow_env/lib/python3.8/site-packages/airflow/example_dags/example_dag_decorator.py
[2022-03-22 17:30:05,523] {processor.py:654} INFO - DAG(s) dict_keys(['example_dag_decorator']) retrieved from /Users/adebolafagbule/opt/anaconda3/envs/airflow_env/lib/python3.8/site-packages/airflow/example_dags/example_dag_decorator.py
[2022-03-22 17:30:05,797] {logging_mixin.py:109} INFO - [2022-03-22 17:30:05,797] {dag.py:2398} INFO - Sync 1 DAGs
[2022-03-22 17:30:05,806] {logging_mixin.py:109} INFO - [2022-03-22 17:30:05,806] {dag.py:2937} INFO - Setting next_dagrun for example_dag_decorator to None
[2022-03-22 17:30:05,813] {processor.py:171} INFO - Processing /Users/adebolafagbule/opt/anaconda3/envs/airflow_env/lib/python3.8/site-packages/airflow/example_dags/example_dag_decorator.py took 0.358 seconds
[2022-03-22 17:31:32,645] {processor.py:163} INFO - Started process (PID=63574) to work on /Users/adebolafagbule/opt/anaconda3/envs/airflow_env/lib/python3.8/site-packages/airflow/example_dags/example_dag_decorator.py
[2022-03-22 17:31:32,646] {processor.py:642} INFO - Processing file /Users/adebolafagbule/opt/anaconda3/envs/airflow_env/lib/python3.8/site-packages/airflow/example_dags/example_dag_decorator.py for tasks to queue
[2022-03-22 17:31:32,647] {logging_mixin.py:109} INFO - [2022-03-22 17:31:32,647] {dagbag.py:500} INFO - Filling up the DagBag from /Users/adebolafagbule/opt/anaconda3/envs/airflow_env/lib/python3.8/site-packages/airflow/example_dags/example_dag_decorator.py
[2022-03-22 17:31:32,730] {processor.py:654} INFO - DAG(s) dict_keys(['example_dag_decorator']) retrieved from /Users/adebolafagbule/opt/anaconda3/envs/airflow_env/lib/python3.8/site-packages/airflow/example_dags/example_dag_decorator.py
[2022-03-22 17:31:33,296] {logging_mixin.py:109} INFO - [2022-03-22 17:31:33,294] {dag.py:2398} INFO - Sync 1 DAGs
[2022-03-22 17:31:33,333] {logging_mixin.py:109} INFO - [2022-03-22 17:31:33,333] {dag.py:2937} INFO - Setting next_dagrun for example_dag_decorator to None
[2022-03-22 17:31:33,346] {processor.py:171} INFO - Processing /Users/adebolafagbule/opt/anaconda3/envs/airflow_env/lib/python3.8/site-packages/airflow/example_dags/example_dag_decorator.py took 0.701 seconds
[2022-03-22 17:33:06,211] {processor.py:163} INFO - Started process (PID=63656) to work on /Users/adebolafagbule/opt/anaconda3/envs/airflow_env/lib/python3.8/site-packages/airflow/example_dags/example_dag_decorator.py
[2022-03-22 17:33:06,213] {processor.py:642} INFO - Processing file /Users/adebolafagbule/opt/anaconda3/envs/airflow_env/lib/python3.8/site-packages/airflow/example_dags/example_dag_decorator.py for tasks to queue
[2022-03-22 17:33:06,214] {logging_mixin.py:109} INFO - [2022-03-22 17:33:06,214] {dagbag.py:500} INFO - Filling up the DagBag from /Users/adebolafagbule/opt/anaconda3/envs/airflow_env/lib/python3.8/site-packages/airflow/example_dags/example_dag_decorator.py
[2022-03-22 17:33:06,271] {processor.py:654} INFO - DAG(s) dict_keys(['example_dag_decorator']) retrieved from /Users/adebolafagbule/opt/anaconda3/envs/airflow_env/lib/python3.8/site-packages/airflow/example_dags/example_dag_decorator.py
[2022-03-22 17:33:06,425] {logging_mixin.py:109} INFO - [2022-03-22 17:33:06,425] {dag.py:2398} INFO - Sync 1 DAGs
[2022-03-22 17:33:06,432] {logging_mixin.py:109} INFO - [2022-03-22 17:33:06,432] {dag.py:2937} INFO - Setting next_dagrun for example_dag_decorator to None
[2022-03-22 17:33:06,438] {processor.py:171} INFO - Processing /Users/adebolafagbule/opt/anaconda3/envs/airflow_env/lib/python3.8/site-packages/airflow/example_dags/example_dag_decorator.py took 0.227 seconds
[2022-03-22 17:34:20,506] {processor.py:163} INFO - Started process (PID=63730) to work on /Users/adebolafagbule/opt/anaconda3/envs/airflow_env/lib/python3.8/site-packages/airflow/example_dags/example_dag_decorator.py
[2022-03-22 17:34:20,506] {processor.py:642} INFO - Processing file /Users/adebolafagbule/opt/anaconda3/envs/airflow_env/lib/python3.8/site-packages/airflow/example_dags/example_dag_decorator.py for tasks to queue
[2022-03-22 17:34:20,507] {logging_mixin.py:109} INFO - [2022-03-22 17:34:20,507] {dagbag.py:500} INFO - Filling up the DagBag from /Users/adebolafagbule/opt/anaconda3/envs/airflow_env/lib/python3.8/site-packages/airflow/example_dags/example_dag_decorator.py
[2022-03-22 17:34:20,560] {processor.py:654} INFO - DAG(s) dict_keys(['example_dag_decorator']) retrieved from /Users/adebolafagbule/opt/anaconda3/envs/airflow_env/lib/python3.8/site-packages/airflow/example_dags/example_dag_decorator.py
[2022-03-22 17:34:20,712] {logging_mixin.py:109} INFO - [2022-03-22 17:34:20,712] {dag.py:2398} INFO - Sync 1 DAGs
[2022-03-22 17:34:20,718] {logging_mixin.py:109} INFO - [2022-03-22 17:34:20,718] {dag.py:2937} INFO - Setting next_dagrun for example_dag_decorator to None
[2022-03-22 17:34:20,725] {processor.py:171} INFO - Processing /Users/adebolafagbule/opt/anaconda3/envs/airflow_env/lib/python3.8/site-packages/airflow/example_dags/example_dag_decorator.py took 0.219 seconds
[2022-03-22 17:35:33,387] {processor.py:163} INFO - Started process (PID=63803) to work on /Users/adebolafagbule/opt/anaconda3/envs/airflow_env/lib/python3.8/site-packages/airflow/example_dags/example_dag_decorator.py
[2022-03-22 17:35:33,387] {processor.py:642} INFO - Processing file /Users/adebolafagbule/opt/anaconda3/envs/airflow_env/lib/python3.8/site-packages/airflow/example_dags/example_dag_decorator.py for tasks to queue
[2022-03-22 17:35:33,388] {logging_mixin.py:109} INFO - [2022-03-22 17:35:33,388] {dagbag.py:500} INFO - Filling up the DagBag from /Users/adebolafagbule/opt/anaconda3/envs/airflow_env/lib/python3.8/site-packages/airflow/example_dags/example_dag_decorator.py
[2022-03-22 17:35:33,431] {processor.py:654} INFO - DAG(s) dict_keys(['example_dag_decorator']) retrieved from /Users/adebolafagbule/opt/anaconda3/envs/airflow_env/lib/python3.8/site-packages/airflow/example_dags/example_dag_decorator.py
[2022-03-22 17:35:33,639] {logging_mixin.py:109} INFO - [2022-03-22 17:35:33,639] {dag.py:2398} INFO - Sync 1 DAGs
[2022-03-22 17:35:33,646] {logging_mixin.py:109} INFO - [2022-03-22 17:35:33,645] {dag.py:2937} INFO - Setting next_dagrun for example_dag_decorator to None
[2022-03-22 17:35:33,652] {processor.py:171} INFO - Processing /Users/adebolafagbule/opt/anaconda3/envs/airflow_env/lib/python3.8/site-packages/airflow/example_dags/example_dag_decorator.py took 0.265 seconds
[2022-03-22 17:36:48,849] {processor.py:163} INFO - Started process (PID=63875) to work on /Users/adebolafagbule/opt/anaconda3/envs/airflow_env/lib/python3.8/site-packages/airflow/example_dags/example_dag_decorator.py
[2022-03-22 17:36:48,851] {processor.py:642} INFO - Processing file /Users/adebolafagbule/opt/anaconda3/envs/airflow_env/lib/python3.8/site-packages/airflow/example_dags/example_dag_decorator.py for tasks to queue
[2022-03-22 17:36:48,851] {logging_mixin.py:109} INFO - [2022-03-22 17:36:48,851] {dagbag.py:500} INFO - Filling up the DagBag from /Users/adebolafagbule/opt/anaconda3/envs/airflow_env/lib/python3.8/site-packages/airflow/example_dags/example_dag_decorator.py
[2022-03-22 17:36:48,896] {processor.py:654} INFO - DAG(s) dict_keys(['example_dag_decorator']) retrieved from /Users/adebolafagbule/opt/anaconda3/envs/airflow_env/lib/python3.8/site-packages/airflow/example_dags/example_dag_decorator.py
[2022-03-22 17:36:49,109] {logging_mixin.py:109} INFO - [2022-03-22 17:36:49,108] {dag.py:2398} INFO - Sync 1 DAGs
[2022-03-22 17:36:49,115] {logging_mixin.py:109} INFO - [2022-03-22 17:36:49,115] {dag.py:2937} INFO - Setting next_dagrun for example_dag_decorator to None
[2022-03-22 17:36:49,121] {processor.py:171} INFO - Processing /Users/adebolafagbule/opt/anaconda3/envs/airflow_env/lib/python3.8/site-packages/airflow/example_dags/example_dag_decorator.py took 0.272 seconds
[2022-03-22 17:38:06,938] {processor.py:163} INFO - Started process (PID=63948) to work on /Users/adebolafagbule/opt/anaconda3/envs/airflow_env/lib/python3.8/site-packages/airflow/example_dags/example_dag_decorator.py
[2022-03-22 17:38:06,939] {processor.py:642} INFO - Processing file /Users/adebolafagbule/opt/anaconda3/envs/airflow_env/lib/python3.8/site-packages/airflow/example_dags/example_dag_decorator.py for tasks to queue
[2022-03-22 17:38:06,939] {logging_mixin.py:109} INFO - [2022-03-22 17:38:06,939] {dagbag.py:500} INFO - Filling up the DagBag from /Users/adebolafagbule/opt/anaconda3/envs/airflow_env/lib/python3.8/site-packages/airflow/example_dags/example_dag_decorator.py
[2022-03-22 17:38:06,986] {processor.py:654} INFO - DAG(s) dict_keys(['example_dag_decorator']) retrieved from /Users/adebolafagbule/opt/anaconda3/envs/airflow_env/lib/python3.8/site-packages/airflow/example_dags/example_dag_decorator.py
[2022-03-22 17:38:07,375] {logging_mixin.py:109} INFO - [2022-03-22 17:38:07,372] {dag.py:2398} INFO - Sync 1 DAGs
[2022-03-22 17:38:07,391] {logging_mixin.py:109} INFO - [2022-03-22 17:38:07,391] {dag.py:2937} INFO - Setting next_dagrun for example_dag_decorator to None
[2022-03-22 17:38:07,401] {processor.py:171} INFO - Processing /Users/adebolafagbule/opt/anaconda3/envs/airflow_env/lib/python3.8/site-packages/airflow/example_dags/example_dag_decorator.py took 0.463 seconds
[2022-03-22 17:39:38,265] {processor.py:163} INFO - Started process (PID=64028) to work on /Users/adebolafagbule/opt/anaconda3/envs/airflow_env/lib/python3.8/site-packages/airflow/example_dags/example_dag_decorator.py
[2022-03-22 17:39:38,266] {processor.py:642} INFO - Processing file /Users/adebolafagbule/opt/anaconda3/envs/airflow_env/lib/python3.8/site-packages/airflow/example_dags/example_dag_decorator.py for tasks to queue
[2022-03-22 17:39:38,267] {logging_mixin.py:109} INFO - [2022-03-22 17:39:38,267] {dagbag.py:500} INFO - Filling up the DagBag from /Users/adebolafagbule/opt/anaconda3/envs/airflow_env/lib/python3.8/site-packages/airflow/example_dags/example_dag_decorator.py
[2022-03-22 17:39:38,314] {processor.py:654} INFO - DAG(s) dict_keys(['example_dag_decorator']) retrieved from /Users/adebolafagbule/opt/anaconda3/envs/airflow_env/lib/python3.8/site-packages/airflow/example_dags/example_dag_decorator.py
[2022-03-22 17:39:38,806] {logging_mixin.py:109} INFO - [2022-03-22 17:39:38,804] {dag.py:2398} INFO - Sync 1 DAGs
[2022-03-22 17:39:38,815] {logging_mixin.py:109} INFO - [2022-03-22 17:39:38,815] {dag.py:2937} INFO - Setting next_dagrun for example_dag_decorator to None
[2022-03-22 17:39:38,824] {processor.py:171} INFO - Processing /Users/adebolafagbule/opt/anaconda3/envs/airflow_env/lib/python3.8/site-packages/airflow/example_dags/example_dag_decorator.py took 0.559 seconds
[2022-03-22 17:41:03,674] {processor.py:163} INFO - Started process (PID=64102) to work on /Users/adebolafagbule/opt/anaconda3/envs/airflow_env/lib/python3.8/site-packages/airflow/example_dags/example_dag_decorator.py
[2022-03-22 17:41:03,675] {processor.py:642} INFO - Processing file /Users/adebolafagbule/opt/anaconda3/envs/airflow_env/lib/python3.8/site-packages/airflow/example_dags/example_dag_decorator.py for tasks to queue
[2022-03-22 17:41:03,676] {logging_mixin.py:109} INFO - [2022-03-22 17:41:03,676] {dagbag.py:500} INFO - Filling up the DagBag from /Users/adebolafagbule/opt/anaconda3/envs/airflow_env/lib/python3.8/site-packages/airflow/example_dags/example_dag_decorator.py
[2022-03-22 17:41:03,818] {processor.py:654} INFO - DAG(s) dict_keys(['example_dag_decorator']) retrieved from /Users/adebolafagbule/opt/anaconda3/envs/airflow_env/lib/python3.8/site-packages/airflow/example_dags/example_dag_decorator.py
[2022-03-22 17:41:04,149] {logging_mixin.py:109} INFO - [2022-03-22 17:41:04,148] {dag.py:2398} INFO - Sync 1 DAGs
[2022-03-22 17:41:04,157] {logging_mixin.py:109} INFO - [2022-03-22 17:41:04,157] {dag.py:2937} INFO - Setting next_dagrun for example_dag_decorator to None
[2022-03-22 17:41:04,164] {processor.py:171} INFO - Processing /Users/adebolafagbule/opt/anaconda3/envs/airflow_env/lib/python3.8/site-packages/airflow/example_dags/example_dag_decorator.py took 0.490 seconds
[2022-03-22 17:42:41,104] {processor.py:163} INFO - Started process (PID=64185) to work on /Users/adebolafagbule/opt/anaconda3/envs/airflow_env/lib/python3.8/site-packages/airflow/example_dags/example_dag_decorator.py
[2022-03-22 17:42:41,105] {processor.py:642} INFO - Processing file /Users/adebolafagbule/opt/anaconda3/envs/airflow_env/lib/python3.8/site-packages/airflow/example_dags/example_dag_decorator.py for tasks to queue
[2022-03-22 17:42:41,106] {logging_mixin.py:109} INFO - [2022-03-22 17:42:41,106] {dagbag.py:500} INFO - Filling up the DagBag from /Users/adebolafagbule/opt/anaconda3/envs/airflow_env/lib/python3.8/site-packages/airflow/example_dags/example_dag_decorator.py
[2022-03-22 17:42:41,199] {processor.py:654} INFO - DAG(s) dict_keys(['example_dag_decorator']) retrieved from /Users/adebolafagbule/opt/anaconda3/envs/airflow_env/lib/python3.8/site-packages/airflow/example_dags/example_dag_decorator.py
[2022-03-22 17:42:41,612] {logging_mixin.py:109} INFO - [2022-03-22 17:42:41,612] {dag.py:2398} INFO - Sync 1 DAGs
[2022-03-22 17:42:41,650] {logging_mixin.py:109} INFO - [2022-03-22 17:42:41,650] {dag.py:2937} INFO - Setting next_dagrun for example_dag_decorator to None
[2022-03-22 17:42:41,660] {processor.py:171} INFO - Processing /Users/adebolafagbule/opt/anaconda3/envs/airflow_env/lib/python3.8/site-packages/airflow/example_dags/example_dag_decorator.py took 0.557 seconds
[2022-03-22 17:44:14,135] {processor.py:163} INFO - Started process (PID=64264) to work on /Users/adebolafagbule/opt/anaconda3/envs/airflow_env/lib/python3.8/site-packages/airflow/example_dags/example_dag_decorator.py
[2022-03-22 17:44:14,136] {processor.py:642} INFO - Processing file /Users/adebolafagbule/opt/anaconda3/envs/airflow_env/lib/python3.8/site-packages/airflow/example_dags/example_dag_decorator.py for tasks to queue
[2022-03-22 17:44:14,137] {logging_mixin.py:109} INFO - [2022-03-22 17:44:14,137] {dagbag.py:500} INFO - Filling up the DagBag from /Users/adebolafagbule/opt/anaconda3/envs/airflow_env/lib/python3.8/site-packages/airflow/example_dags/example_dag_decorator.py
[2022-03-22 17:44:14,202] {processor.py:654} INFO - DAG(s) dict_keys(['example_dag_decorator']) retrieved from /Users/adebolafagbule/opt/anaconda3/envs/airflow_env/lib/python3.8/site-packages/airflow/example_dags/example_dag_decorator.py
[2022-03-22 17:44:14,431] {logging_mixin.py:109} INFO - [2022-03-22 17:44:14,431] {dag.py:2398} INFO - Sync 1 DAGs
[2022-03-22 17:44:14,438] {logging_mixin.py:109} INFO - [2022-03-22 17:44:14,438] {dag.py:2937} INFO - Setting next_dagrun for example_dag_decorator to None
[2022-03-22 17:44:14,446] {processor.py:171} INFO - Processing /Users/adebolafagbule/opt/anaconda3/envs/airflow_env/lib/python3.8/site-packages/airflow/example_dags/example_dag_decorator.py took 0.312 seconds
[2022-03-22 17:45:47,102] {processor.py:163} INFO - Started process (PID=64350) to work on /Users/adebolafagbule/opt/anaconda3/envs/airflow_env/lib/python3.8/site-packages/airflow/example_dags/example_dag_decorator.py
[2022-03-22 17:45:47,103] {processor.py:642} INFO - Processing file /Users/adebolafagbule/opt/anaconda3/envs/airflow_env/lib/python3.8/site-packages/airflow/example_dags/example_dag_decorator.py for tasks to queue
[2022-03-22 17:45:47,104] {logging_mixin.py:109} INFO - [2022-03-22 17:45:47,103] {dagbag.py:500} INFO - Filling up the DagBag from /Users/adebolafagbule/opt/anaconda3/envs/airflow_env/lib/python3.8/site-packages/airflow/example_dags/example_dag_decorator.py
[2022-03-22 17:45:47,162] {processor.py:654} INFO - DAG(s) dict_keys(['example_dag_decorator']) retrieved from /Users/adebolafagbule/opt/anaconda3/envs/airflow_env/lib/python3.8/site-packages/airflow/example_dags/example_dag_decorator.py
[2022-03-22 17:45:47,414] {logging_mixin.py:109} INFO - [2022-03-22 17:45:47,414] {dag.py:2398} INFO - Sync 1 DAGs
[2022-03-22 17:45:47,421] {logging_mixin.py:109} INFO - [2022-03-22 17:45:47,421] {dag.py:2937} INFO - Setting next_dagrun for example_dag_decorator to None
[2022-03-22 17:45:47,431] {processor.py:171} INFO - Processing /Users/adebolafagbule/opt/anaconda3/envs/airflow_env/lib/python3.8/site-packages/airflow/example_dags/example_dag_decorator.py took 0.330 seconds
[2022-03-22 17:47:17,385] {processor.py:163} INFO - Started process (PID=64428) to work on /Users/adebolafagbule/opt/anaconda3/envs/airflow_env/lib/python3.8/site-packages/airflow/example_dags/example_dag_decorator.py
[2022-03-22 17:47:17,386] {processor.py:642} INFO - Processing file /Users/adebolafagbule/opt/anaconda3/envs/airflow_env/lib/python3.8/site-packages/airflow/example_dags/example_dag_decorator.py for tasks to queue
[2022-03-22 17:47:17,387] {logging_mixin.py:109} INFO - [2022-03-22 17:47:17,386] {dagbag.py:500} INFO - Filling up the DagBag from /Users/adebolafagbule/opt/anaconda3/envs/airflow_env/lib/python3.8/site-packages/airflow/example_dags/example_dag_decorator.py
[2022-03-22 17:47:17,446] {processor.py:654} INFO - DAG(s) dict_keys(['example_dag_decorator']) retrieved from /Users/adebolafagbule/opt/anaconda3/envs/airflow_env/lib/python3.8/site-packages/airflow/example_dags/example_dag_decorator.py
[2022-03-22 17:47:17,733] {logging_mixin.py:109} INFO - [2022-03-22 17:47:17,733] {dag.py:2398} INFO - Sync 1 DAGs
[2022-03-22 17:47:17,741] {logging_mixin.py:109} INFO - [2022-03-22 17:47:17,741] {dag.py:2937} INFO - Setting next_dagrun for example_dag_decorator to None
[2022-03-22 17:47:17,751] {processor.py:171} INFO - Processing /Users/adebolafagbule/opt/anaconda3/envs/airflow_env/lib/python3.8/site-packages/airflow/example_dags/example_dag_decorator.py took 0.366 seconds
[2022-03-22 17:48:42,716] {processor.py:163} INFO - Started process (PID=64505) to work on /Users/adebolafagbule/opt/anaconda3/envs/airflow_env/lib/python3.8/site-packages/airflow/example_dags/example_dag_decorator.py
[2022-03-22 17:48:42,718] {processor.py:642} INFO - Processing file /Users/adebolafagbule/opt/anaconda3/envs/airflow_env/lib/python3.8/site-packages/airflow/example_dags/example_dag_decorator.py for tasks to queue
[2022-03-22 17:48:42,718] {logging_mixin.py:109} INFO - [2022-03-22 17:48:42,718] {dagbag.py:500} INFO - Filling up the DagBag from /Users/adebolafagbule/opt/anaconda3/envs/airflow_env/lib/python3.8/site-packages/airflow/example_dags/example_dag_decorator.py
[2022-03-22 17:48:42,766] {processor.py:654} INFO - DAG(s) dict_keys(['example_dag_decorator']) retrieved from /Users/adebolafagbule/opt/anaconda3/envs/airflow_env/lib/python3.8/site-packages/airflow/example_dags/example_dag_decorator.py
[2022-03-22 17:48:42,960] {logging_mixin.py:109} INFO - [2022-03-22 17:48:42,960] {dag.py:2398} INFO - Sync 1 DAGs
[2022-03-22 17:48:42,967] {logging_mixin.py:109} INFO - [2022-03-22 17:48:42,967] {dag.py:2937} INFO - Setting next_dagrun for example_dag_decorator to None
[2022-03-22 17:48:42,977] {processor.py:171} INFO - Processing /Users/adebolafagbule/opt/anaconda3/envs/airflow_env/lib/python3.8/site-packages/airflow/example_dags/example_dag_decorator.py took 0.261 seconds
[2022-03-22 17:50:06,529] {processor.py:163} INFO - Started process (PID=64584) to work on /Users/adebolafagbule/opt/anaconda3/envs/airflow_env/lib/python3.8/site-packages/airflow/example_dags/example_dag_decorator.py
[2022-03-22 17:50:06,530] {processor.py:642} INFO - Processing file /Users/adebolafagbule/opt/anaconda3/envs/airflow_env/lib/python3.8/site-packages/airflow/example_dags/example_dag_decorator.py for tasks to queue
[2022-03-22 17:50:06,530] {logging_mixin.py:109} INFO - [2022-03-22 17:50:06,530] {dagbag.py:500} INFO - Filling up the DagBag from /Users/adebolafagbule/opt/anaconda3/envs/airflow_env/lib/python3.8/site-packages/airflow/example_dags/example_dag_decorator.py
[2022-03-22 17:50:06,579] {processor.py:654} INFO - DAG(s) dict_keys(['example_dag_decorator']) retrieved from /Users/adebolafagbule/opt/anaconda3/envs/airflow_env/lib/python3.8/site-packages/airflow/example_dags/example_dag_decorator.py
[2022-03-22 17:50:07,007] {logging_mixin.py:109} INFO - [2022-03-22 17:50:07,004] {dag.py:2398} INFO - Sync 1 DAGs
[2022-03-22 17:50:07,021] {logging_mixin.py:109} INFO - [2022-03-22 17:50:07,021] {dag.py:2937} INFO - Setting next_dagrun for example_dag_decorator to None
[2022-03-22 17:50:07,031] {processor.py:171} INFO - Processing /Users/adebolafagbule/opt/anaconda3/envs/airflow_env/lib/python3.8/site-packages/airflow/example_dags/example_dag_decorator.py took 0.502 seconds
[2022-03-22 17:51:37,232] {processor.py:163} INFO - Started process (PID=64663) to work on /Users/adebolafagbule/opt/anaconda3/envs/airflow_env/lib/python3.8/site-packages/airflow/example_dags/example_dag_decorator.py
[2022-03-22 17:51:37,233] {processor.py:642} INFO - Processing file /Users/adebolafagbule/opt/anaconda3/envs/airflow_env/lib/python3.8/site-packages/airflow/example_dags/example_dag_decorator.py for tasks to queue
[2022-03-22 17:51:37,233] {logging_mixin.py:109} INFO - [2022-03-22 17:51:37,233] {dagbag.py:500} INFO - Filling up the DagBag from /Users/adebolafagbule/opt/anaconda3/envs/airflow_env/lib/python3.8/site-packages/airflow/example_dags/example_dag_decorator.py
[2022-03-22 17:51:37,292] {processor.py:654} INFO - DAG(s) dict_keys(['example_dag_decorator']) retrieved from /Users/adebolafagbule/opt/anaconda3/envs/airflow_env/lib/python3.8/site-packages/airflow/example_dags/example_dag_decorator.py
[2022-03-22 17:51:37,701] {logging_mixin.py:109} INFO - [2022-03-22 17:51:37,700] {dag.py:2398} INFO - Sync 1 DAGs
[2022-03-22 17:51:37,710] {logging_mixin.py:109} INFO - [2022-03-22 17:51:37,710] {dag.py:2937} INFO - Setting next_dagrun for example_dag_decorator to None
[2022-03-22 17:51:37,725] {processor.py:171} INFO - Processing /Users/adebolafagbule/opt/anaconda3/envs/airflow_env/lib/python3.8/site-packages/airflow/example_dags/example_dag_decorator.py took 0.494 seconds
[2022-03-22 17:53:12,757] {processor.py:163} INFO - Started process (PID=64742) to work on /Users/adebolafagbule/opt/anaconda3/envs/airflow_env/lib/python3.8/site-packages/airflow/example_dags/example_dag_decorator.py
[2022-03-22 17:53:12,758] {processor.py:642} INFO - Processing file /Users/adebolafagbule/opt/anaconda3/envs/airflow_env/lib/python3.8/site-packages/airflow/example_dags/example_dag_decorator.py for tasks to queue
[2022-03-22 17:53:12,759] {logging_mixin.py:109} INFO - [2022-03-22 17:53:12,759] {dagbag.py:500} INFO - Filling up the DagBag from /Users/adebolafagbule/opt/anaconda3/envs/airflow_env/lib/python3.8/site-packages/airflow/example_dags/example_dag_decorator.py
[2022-03-22 17:53:12,858] {processor.py:654} INFO - DAG(s) dict_keys(['example_dag_decorator']) retrieved from /Users/adebolafagbule/opt/anaconda3/envs/airflow_env/lib/python3.8/site-packages/airflow/example_dags/example_dag_decorator.py
[2022-03-22 17:53:13,253] {logging_mixin.py:109} INFO - [2022-03-22 17:53:13,251] {dag.py:2398} INFO - Sync 1 DAGs
[2022-03-22 17:53:13,261] {logging_mixin.py:109} INFO - [2022-03-22 17:53:13,261] {dag.py:2937} INFO - Setting next_dagrun for example_dag_decorator to None
[2022-03-22 17:53:13,288] {processor.py:171} INFO - Processing /Users/adebolafagbule/opt/anaconda3/envs/airflow_env/lib/python3.8/site-packages/airflow/example_dags/example_dag_decorator.py took 0.531 seconds
[2022-03-22 17:55:04,619] {processor.py:163} INFO - Started process (PID=64822) to work on /Users/adebolafagbule/opt/anaconda3/envs/airflow_env/lib/python3.8/site-packages/airflow/example_dags/example_dag_decorator.py
[2022-03-22 17:55:04,621] {processor.py:642} INFO - Processing file /Users/adebolafagbule/opt/anaconda3/envs/airflow_env/lib/python3.8/site-packages/airflow/example_dags/example_dag_decorator.py for tasks to queue
[2022-03-22 17:55:04,622] {logging_mixin.py:109} INFO - [2022-03-22 17:55:04,622] {dagbag.py:500} INFO - Filling up the DagBag from /Users/adebolafagbule/opt/anaconda3/envs/airflow_env/lib/python3.8/site-packages/airflow/example_dags/example_dag_decorator.py
[2022-03-22 17:55:04,715] {processor.py:654} INFO - DAG(s) dict_keys(['example_dag_decorator']) retrieved from /Users/adebolafagbule/opt/anaconda3/envs/airflow_env/lib/python3.8/site-packages/airflow/example_dags/example_dag_decorator.py
[2022-03-22 17:55:05,363] {logging_mixin.py:109} INFO - [2022-03-22 17:55:05,336] {dag.py:2398} INFO - Sync 1 DAGs
[2022-03-22 17:55:05,397] {logging_mixin.py:109} INFO - [2022-03-22 17:55:05,397] {dag.py:2937} INFO - Setting next_dagrun for example_dag_decorator to None
[2022-03-22 17:55:05,439] {processor.py:171} INFO - Processing /Users/adebolafagbule/opt/anaconda3/envs/airflow_env/lib/python3.8/site-packages/airflow/example_dags/example_dag_decorator.py took 0.821 seconds
[2022-03-22 17:57:41,244] {processor.py:163} INFO - Started process (PID=64921) to work on /Users/adebolafagbule/opt/anaconda3/envs/airflow_env/lib/python3.8/site-packages/airflow/example_dags/example_dag_decorator.py
[2022-03-22 17:57:41,245] {processor.py:642} INFO - Processing file /Users/adebolafagbule/opt/anaconda3/envs/airflow_env/lib/python3.8/site-packages/airflow/example_dags/example_dag_decorator.py for tasks to queue
[2022-03-22 17:57:41,246] {logging_mixin.py:109} INFO - [2022-03-22 17:57:41,246] {dagbag.py:500} INFO - Filling up the DagBag from /Users/adebolafagbule/opt/anaconda3/envs/airflow_env/lib/python3.8/site-packages/airflow/example_dags/example_dag_decorator.py
[2022-03-22 17:57:41,358] {processor.py:654} INFO - DAG(s) dict_keys(['example_dag_decorator']) retrieved from /Users/adebolafagbule/opt/anaconda3/envs/airflow_env/lib/python3.8/site-packages/airflow/example_dags/example_dag_decorator.py
[2022-03-22 17:57:41,853] {logging_mixin.py:109} INFO - [2022-03-22 17:57:41,852] {dag.py:2398} INFO - Sync 1 DAGs
[2022-03-22 17:57:41,906] {logging_mixin.py:109} INFO - [2022-03-22 17:57:41,906] {dag.py:2937} INFO - Setting next_dagrun for example_dag_decorator to None
[2022-03-22 17:57:41,926] {processor.py:171} INFO - Processing /Users/adebolafagbule/opt/anaconda3/envs/airflow_env/lib/python3.8/site-packages/airflow/example_dags/example_dag_decorator.py took 0.683 seconds
[2022-03-22 18:00:03,212] {processor.py:163} INFO - Started process (PID=65012) to work on /Users/adebolafagbule/opt/anaconda3/envs/airflow_env/lib/python3.8/site-packages/airflow/example_dags/example_dag_decorator.py
[2022-03-22 18:00:03,213] {processor.py:642} INFO - Processing file /Users/adebolafagbule/opt/anaconda3/envs/airflow_env/lib/python3.8/site-packages/airflow/example_dags/example_dag_decorator.py for tasks to queue
[2022-03-22 18:00:03,214] {logging_mixin.py:109} INFO - [2022-03-22 18:00:03,214] {dagbag.py:500} INFO - Filling up the DagBag from /Users/adebolafagbule/opt/anaconda3/envs/airflow_env/lib/python3.8/site-packages/airflow/example_dags/example_dag_decorator.py
[2022-03-22 18:00:03,289] {processor.py:654} INFO - DAG(s) dict_keys(['example_dag_decorator']) retrieved from /Users/adebolafagbule/opt/anaconda3/envs/airflow_env/lib/python3.8/site-packages/airflow/example_dags/example_dag_decorator.py
[2022-03-22 18:00:03,793] {logging_mixin.py:109} INFO - [2022-03-22 18:00:03,791] {dag.py:2398} INFO - Sync 1 DAGs
[2022-03-22 18:00:03,802] {logging_mixin.py:109} INFO - [2022-03-22 18:00:03,802] {dag.py:2937} INFO - Setting next_dagrun for example_dag_decorator to None
[2022-03-22 18:00:03,810] {processor.py:171} INFO - Processing /Users/adebolafagbule/opt/anaconda3/envs/airflow_env/lib/python3.8/site-packages/airflow/example_dags/example_dag_decorator.py took 0.602 seconds
[2022-03-22 18:02:29,016] {processor.py:163} INFO - Started process (PID=65106) to work on /Users/adebolafagbule/opt/anaconda3/envs/airflow_env/lib/python3.8/site-packages/airflow/example_dags/example_dag_decorator.py
[2022-03-22 18:02:29,017] {processor.py:642} INFO - Processing file /Users/adebolafagbule/opt/anaconda3/envs/airflow_env/lib/python3.8/site-packages/airflow/example_dags/example_dag_decorator.py for tasks to queue
[2022-03-22 18:02:29,018] {logging_mixin.py:109} INFO - [2022-03-22 18:02:29,018] {dagbag.py:500} INFO - Filling up the DagBag from /Users/adebolafagbule/opt/anaconda3/envs/airflow_env/lib/python3.8/site-packages/airflow/example_dags/example_dag_decorator.py
[2022-03-22 18:02:29,138] {processor.py:654} INFO - DAG(s) dict_keys(['example_dag_decorator']) retrieved from /Users/adebolafagbule/opt/anaconda3/envs/airflow_env/lib/python3.8/site-packages/airflow/example_dags/example_dag_decorator.py
[2022-03-22 18:02:29,608] {logging_mixin.py:109} INFO - [2022-03-22 18:02:29,607] {dag.py:2398} INFO - Sync 1 DAGs
[2022-03-22 18:02:29,655] {logging_mixin.py:109} INFO - [2022-03-22 18:02:29,655] {dag.py:2937} INFO - Setting next_dagrun for example_dag_decorator to None
[2022-03-22 18:02:29,670] {processor.py:171} INFO - Processing /Users/adebolafagbule/opt/anaconda3/envs/airflow_env/lib/python3.8/site-packages/airflow/example_dags/example_dag_decorator.py took 0.655 seconds
[2022-03-22 18:04:52,736] {processor.py:163} INFO - Started process (PID=65198) to work on /Users/adebolafagbule/opt/anaconda3/envs/airflow_env/lib/python3.8/site-packages/airflow/example_dags/example_dag_decorator.py
[2022-03-22 18:04:52,737] {processor.py:642} INFO - Processing file /Users/adebolafagbule/opt/anaconda3/envs/airflow_env/lib/python3.8/site-packages/airflow/example_dags/example_dag_decorator.py for tasks to queue
[2022-03-22 18:04:52,737] {logging_mixin.py:109} INFO - [2022-03-22 18:04:52,737] {dagbag.py:500} INFO - Filling up the DagBag from /Users/adebolafagbule/opt/anaconda3/envs/airflow_env/lib/python3.8/site-packages/airflow/example_dags/example_dag_decorator.py
[2022-03-22 18:04:52,835] {processor.py:654} INFO - DAG(s) dict_keys(['example_dag_decorator']) retrieved from /Users/adebolafagbule/opt/anaconda3/envs/airflow_env/lib/python3.8/site-packages/airflow/example_dags/example_dag_decorator.py
[2022-03-22 18:04:53,386] {logging_mixin.py:109} INFO - [2022-03-22 18:04:53,382] {dag.py:2398} INFO - Sync 1 DAGs
[2022-03-22 18:04:53,405] {logging_mixin.py:109} INFO - [2022-03-22 18:04:53,405] {dag.py:2937} INFO - Setting next_dagrun for example_dag_decorator to None
[2022-03-22 18:04:53,417] {processor.py:171} INFO - Processing /Users/adebolafagbule/opt/anaconda3/envs/airflow_env/lib/python3.8/site-packages/airflow/example_dags/example_dag_decorator.py took 0.681 seconds
[2022-03-22 18:06:45,899] {processor.py:163} INFO - Started process (PID=65283) to work on /Users/adebolafagbule/opt/anaconda3/envs/airflow_env/lib/python3.8/site-packages/airflow/example_dags/example_dag_decorator.py
[2022-03-22 18:06:45,900] {processor.py:642} INFO - Processing file /Users/adebolafagbule/opt/anaconda3/envs/airflow_env/lib/python3.8/site-packages/airflow/example_dags/example_dag_decorator.py for tasks to queue
[2022-03-22 18:06:45,901] {logging_mixin.py:109} INFO - [2022-03-22 18:06:45,901] {dagbag.py:500} INFO - Filling up the DagBag from /Users/adebolafagbule/opt/anaconda3/envs/airflow_env/lib/python3.8/site-packages/airflow/example_dags/example_dag_decorator.py
[2022-03-22 18:06:45,961] {processor.py:654} INFO - DAG(s) dict_keys(['example_dag_decorator']) retrieved from /Users/adebolafagbule/opt/anaconda3/envs/airflow_env/lib/python3.8/site-packages/airflow/example_dags/example_dag_decorator.py
[2022-03-22 18:06:46,205] {logging_mixin.py:109} INFO - [2022-03-22 18:06:46,205] {dag.py:2398} INFO - Sync 1 DAGs
[2022-03-22 18:06:46,213] {logging_mixin.py:109} INFO - [2022-03-22 18:06:46,213] {dag.py:2937} INFO - Setting next_dagrun for example_dag_decorator to None
[2022-03-22 18:06:46,220] {processor.py:171} INFO - Processing /Users/adebolafagbule/opt/anaconda3/envs/airflow_env/lib/python3.8/site-packages/airflow/example_dags/example_dag_decorator.py took 0.322 seconds
[2022-03-22 18:08:34,136] {processor.py:163} INFO - Started process (PID=65369) to work on /Users/adebolafagbule/opt/anaconda3/envs/airflow_env/lib/python3.8/site-packages/airflow/example_dags/example_dag_decorator.py
[2022-03-22 18:08:34,137] {processor.py:642} INFO - Processing file /Users/adebolafagbule/opt/anaconda3/envs/airflow_env/lib/python3.8/site-packages/airflow/example_dags/example_dag_decorator.py for tasks to queue
[2022-03-22 18:08:34,138] {logging_mixin.py:109} INFO - [2022-03-22 18:08:34,138] {dagbag.py:500} INFO - Filling up the DagBag from /Users/adebolafagbule/opt/anaconda3/envs/airflow_env/lib/python3.8/site-packages/airflow/example_dags/example_dag_decorator.py
[2022-03-22 18:08:34,232] {processor.py:654} INFO - DAG(s) dict_keys(['example_dag_decorator']) retrieved from /Users/adebolafagbule/opt/anaconda3/envs/airflow_env/lib/python3.8/site-packages/airflow/example_dags/example_dag_decorator.py
[2022-03-22 18:08:34,921] {logging_mixin.py:109} INFO - [2022-03-22 18:08:34,910] {dag.py:2398} INFO - Sync 1 DAGs
[2022-03-22 18:08:34,940] {logging_mixin.py:109} INFO - [2022-03-22 18:08:34,940] {dag.py:2937} INFO - Setting next_dagrun for example_dag_decorator to None
[2022-03-22 18:08:34,985] {processor.py:171} INFO - Processing /Users/adebolafagbule/opt/anaconda3/envs/airflow_env/lib/python3.8/site-packages/airflow/example_dags/example_dag_decorator.py took 0.851 seconds
[2022-03-22 18:10:28,593] {processor.py:163} INFO - Started process (PID=65453) to work on /Users/adebolafagbule/opt/anaconda3/envs/airflow_env/lib/python3.8/site-packages/airflow/example_dags/example_dag_decorator.py
[2022-03-22 18:10:28,594] {processor.py:642} INFO - Processing file /Users/adebolafagbule/opt/anaconda3/envs/airflow_env/lib/python3.8/site-packages/airflow/example_dags/example_dag_decorator.py for tasks to queue
[2022-03-22 18:10:28,594] {logging_mixin.py:109} INFO - [2022-03-22 18:10:28,594] {dagbag.py:500} INFO - Filling up the DagBag from /Users/adebolafagbule/opt/anaconda3/envs/airflow_env/lib/python3.8/site-packages/airflow/example_dags/example_dag_decorator.py
[2022-03-22 18:10:28,702] {processor.py:654} INFO - DAG(s) dict_keys(['example_dag_decorator']) retrieved from /Users/adebolafagbule/opt/anaconda3/envs/airflow_env/lib/python3.8/site-packages/airflow/example_dags/example_dag_decorator.py
[2022-03-22 18:10:29,239] {logging_mixin.py:109} INFO - [2022-03-22 18:10:29,235] {dag.py:2398} INFO - Sync 1 DAGs
[2022-03-22 18:10:29,256] {logging_mixin.py:109} INFO - [2022-03-22 18:10:29,256] {dag.py:2937} INFO - Setting next_dagrun for example_dag_decorator to None
[2022-03-22 18:10:29,267] {processor.py:171} INFO - Processing /Users/adebolafagbule/opt/anaconda3/envs/airflow_env/lib/python3.8/site-packages/airflow/example_dags/example_dag_decorator.py took 0.674 seconds
[2022-03-22 18:12:18,858] {processor.py:163} INFO - Started process (PID=65540) to work on /Users/adebolafagbule/opt/anaconda3/envs/airflow_env/lib/python3.8/site-packages/airflow/example_dags/example_dag_decorator.py
[2022-03-22 18:12:18,859] {processor.py:642} INFO - Processing file /Users/adebolafagbule/opt/anaconda3/envs/airflow_env/lib/python3.8/site-packages/airflow/example_dags/example_dag_decorator.py for tasks to queue
[2022-03-22 18:12:18,859] {logging_mixin.py:109} INFO - [2022-03-22 18:12:18,859] {dagbag.py:500} INFO - Filling up the DagBag from /Users/adebolafagbule/opt/anaconda3/envs/airflow_env/lib/python3.8/site-packages/airflow/example_dags/example_dag_decorator.py
[2022-03-22 18:12:18,930] {processor.py:654} INFO - DAG(s) dict_keys(['example_dag_decorator']) retrieved from /Users/adebolafagbule/opt/anaconda3/envs/airflow_env/lib/python3.8/site-packages/airflow/example_dags/example_dag_decorator.py
[2022-03-22 18:12:19,378] {logging_mixin.py:109} INFO - [2022-03-22 18:12:19,378] {dag.py:2398} INFO - Sync 1 DAGs
[2022-03-22 18:12:19,387] {logging_mixin.py:109} INFO - [2022-03-22 18:12:19,387] {dag.py:2937} INFO - Setting next_dagrun for example_dag_decorator to None
[2022-03-22 18:12:19,423] {processor.py:171} INFO - Processing /Users/adebolafagbule/opt/anaconda3/envs/airflow_env/lib/python3.8/site-packages/airflow/example_dags/example_dag_decorator.py took 0.566 seconds
[2022-03-22 18:14:08,119] {processor.py:163} INFO - Started process (PID=65622) to work on /Users/adebolafagbule/opt/anaconda3/envs/airflow_env/lib/python3.8/site-packages/airflow/example_dags/example_dag_decorator.py
[2022-03-22 18:14:08,120] {processor.py:642} INFO - Processing file /Users/adebolafagbule/opt/anaconda3/envs/airflow_env/lib/python3.8/site-packages/airflow/example_dags/example_dag_decorator.py for tasks to queue
[2022-03-22 18:14:08,120] {logging_mixin.py:109} INFO - [2022-03-22 18:14:08,120] {dagbag.py:500} INFO - Filling up the DagBag from /Users/adebolafagbule/opt/anaconda3/envs/airflow_env/lib/python3.8/site-packages/airflow/example_dags/example_dag_decorator.py
[2022-03-22 18:14:08,193] {processor.py:654} INFO - DAG(s) dict_keys(['example_dag_decorator']) retrieved from /Users/adebolafagbule/opt/anaconda3/envs/airflow_env/lib/python3.8/site-packages/airflow/example_dags/example_dag_decorator.py
[2022-03-22 18:14:08,737] {logging_mixin.py:109} INFO - [2022-03-22 18:14:08,733] {dag.py:2398} INFO - Sync 1 DAGs
[2022-03-22 18:14:08,748] {logging_mixin.py:109} INFO - [2022-03-22 18:14:08,748] {dag.py:2937} INFO - Setting next_dagrun for example_dag_decorator to None
[2022-03-22 18:14:08,757] {processor.py:171} INFO - Processing /Users/adebolafagbule/opt/anaconda3/envs/airflow_env/lib/python3.8/site-packages/airflow/example_dags/example_dag_decorator.py took 0.639 seconds
[2022-03-22 18:16:09,298] {processor.py:163} INFO - Started process (PID=65722) to work on /Users/adebolafagbule/opt/anaconda3/envs/airflow_env/lib/python3.8/site-packages/airflow/example_dags/example_dag_decorator.py
[2022-03-22 18:16:09,300] {processor.py:642} INFO - Processing file /Users/adebolafagbule/opt/anaconda3/envs/airflow_env/lib/python3.8/site-packages/airflow/example_dags/example_dag_decorator.py for tasks to queue
[2022-03-22 18:16:09,300] {logging_mixin.py:109} INFO - [2022-03-22 18:16:09,300] {dagbag.py:500} INFO - Filling up the DagBag from /Users/adebolafagbule/opt/anaconda3/envs/airflow_env/lib/python3.8/site-packages/airflow/example_dags/example_dag_decorator.py
[2022-03-22 18:16:09,406] {processor.py:654} INFO - DAG(s) dict_keys(['example_dag_decorator']) retrieved from /Users/adebolafagbule/opt/anaconda3/envs/airflow_env/lib/python3.8/site-packages/airflow/example_dags/example_dag_decorator.py
[2022-03-22 18:16:09,966] {logging_mixin.py:109} INFO - [2022-03-22 18:16:09,964] {dag.py:2398} INFO - Sync 1 DAGs
[2022-03-22 18:16:09,976] {logging_mixin.py:109} INFO - [2022-03-22 18:16:09,976] {dag.py:2937} INFO - Setting next_dagrun for example_dag_decorator to None
[2022-03-22 18:16:10,013] {processor.py:171} INFO - Processing /Users/adebolafagbule/opt/anaconda3/envs/airflow_env/lib/python3.8/site-packages/airflow/example_dags/example_dag_decorator.py took 0.715 seconds
[2022-03-22 18:17:54,536] {processor.py:163} INFO - Started process (PID=65803) to work on /Users/adebolafagbule/opt/anaconda3/envs/airflow_env/lib/python3.8/site-packages/airflow/example_dags/example_dag_decorator.py
[2022-03-22 18:17:54,537] {processor.py:642} INFO - Processing file /Users/adebolafagbule/opt/anaconda3/envs/airflow_env/lib/python3.8/site-packages/airflow/example_dags/example_dag_decorator.py for tasks to queue
[2022-03-22 18:17:54,538] {logging_mixin.py:109} INFO - [2022-03-22 18:17:54,538] {dagbag.py:500} INFO - Filling up the DagBag from /Users/adebolafagbule/opt/anaconda3/envs/airflow_env/lib/python3.8/site-packages/airflow/example_dags/example_dag_decorator.py
[2022-03-22 18:17:54,599] {processor.py:654} INFO - DAG(s) dict_keys(['example_dag_decorator']) retrieved from /Users/adebolafagbule/opt/anaconda3/envs/airflow_env/lib/python3.8/site-packages/airflow/example_dags/example_dag_decorator.py
[2022-03-22 18:17:55,085] {logging_mixin.py:109} INFO - [2022-03-22 18:17:55,083] {dag.py:2398} INFO - Sync 1 DAGs
[2022-03-22 18:17:55,098] {logging_mixin.py:109} INFO - [2022-03-22 18:17:55,098] {dag.py:2937} INFO - Setting next_dagrun for example_dag_decorator to None
[2022-03-22 18:17:55,111] {processor.py:171} INFO - Processing /Users/adebolafagbule/opt/anaconda3/envs/airflow_env/lib/python3.8/site-packages/airflow/example_dags/example_dag_decorator.py took 0.576 seconds
[2022-03-22 18:19:31,142] {processor.py:163} INFO - Started process (PID=65882) to work on /Users/adebolafagbule/opt/anaconda3/envs/airflow_env/lib/python3.8/site-packages/airflow/example_dags/example_dag_decorator.py
[2022-03-22 18:19:31,143] {processor.py:642} INFO - Processing file /Users/adebolafagbule/opt/anaconda3/envs/airflow_env/lib/python3.8/site-packages/airflow/example_dags/example_dag_decorator.py for tasks to queue
[2022-03-22 18:19:31,143] {logging_mixin.py:109} INFO - [2022-03-22 18:19:31,143] {dagbag.py:500} INFO - Filling up the DagBag from /Users/adebolafagbule/opt/anaconda3/envs/airflow_env/lib/python3.8/site-packages/airflow/example_dags/example_dag_decorator.py
[2022-03-22 18:19:31,205] {processor.py:654} INFO - DAG(s) dict_keys(['example_dag_decorator']) retrieved from /Users/adebolafagbule/opt/anaconda3/envs/airflow_env/lib/python3.8/site-packages/airflow/example_dags/example_dag_decorator.py
[2022-03-22 18:19:31,647] {logging_mixin.py:109} INFO - [2022-03-22 18:19:31,646] {dag.py:2398} INFO - Sync 1 DAGs
[2022-03-22 18:19:31,658] {logging_mixin.py:109} INFO - [2022-03-22 18:19:31,658] {dag.py:2937} INFO - Setting next_dagrun for example_dag_decorator to None
[2022-03-22 18:19:31,667] {processor.py:171} INFO - Processing /Users/adebolafagbule/opt/anaconda3/envs/airflow_env/lib/python3.8/site-packages/airflow/example_dags/example_dag_decorator.py took 0.525 seconds
[2022-03-22 18:21:06,051] {processor.py:163} INFO - Started process (PID=65962) to work on /Users/adebolafagbule/opt/anaconda3/envs/airflow_env/lib/python3.8/site-packages/airflow/example_dags/example_dag_decorator.py
[2022-03-22 18:21:06,052] {processor.py:642} INFO - Processing file /Users/adebolafagbule/opt/anaconda3/envs/airflow_env/lib/python3.8/site-packages/airflow/example_dags/example_dag_decorator.py for tasks to queue
[2022-03-22 18:21:06,053] {logging_mixin.py:109} INFO - [2022-03-22 18:21:06,053] {dagbag.py:500} INFO - Filling up the DagBag from /Users/adebolafagbule/opt/anaconda3/envs/airflow_env/lib/python3.8/site-packages/airflow/example_dags/example_dag_decorator.py
[2022-03-22 18:21:06,104] {processor.py:654} INFO - DAG(s) dict_keys(['example_dag_decorator']) retrieved from /Users/adebolafagbule/opt/anaconda3/envs/airflow_env/lib/python3.8/site-packages/airflow/example_dags/example_dag_decorator.py
[2022-03-22 18:21:06,362] {logging_mixin.py:109} INFO - [2022-03-22 18:21:06,361] {dag.py:2398} INFO - Sync 1 DAGs
[2022-03-22 18:21:06,370] {logging_mixin.py:109} INFO - [2022-03-22 18:21:06,370] {dag.py:2937} INFO - Setting next_dagrun for example_dag_decorator to None
[2022-03-22 18:21:06,378] {processor.py:171} INFO - Processing /Users/adebolafagbule/opt/anaconda3/envs/airflow_env/lib/python3.8/site-packages/airflow/example_dags/example_dag_decorator.py took 0.327 seconds
[2022-03-22 18:22:32,501] {processor.py:163} INFO - Started process (PID=66039) to work on /Users/adebolafagbule/opt/anaconda3/envs/airflow_env/lib/python3.8/site-packages/airflow/example_dags/example_dag_decorator.py
[2022-03-22 18:22:32,502] {processor.py:642} INFO - Processing file /Users/adebolafagbule/opt/anaconda3/envs/airflow_env/lib/python3.8/site-packages/airflow/example_dags/example_dag_decorator.py for tasks to queue
[2022-03-22 18:22:32,502] {logging_mixin.py:109} INFO - [2022-03-22 18:22:32,502] {dagbag.py:500} INFO - Filling up the DagBag from /Users/adebolafagbule/opt/anaconda3/envs/airflow_env/lib/python3.8/site-packages/airflow/example_dags/example_dag_decorator.py
[2022-03-22 18:22:32,554] {processor.py:654} INFO - DAG(s) dict_keys(['example_dag_decorator']) retrieved from /Users/adebolafagbule/opt/anaconda3/envs/airflow_env/lib/python3.8/site-packages/airflow/example_dags/example_dag_decorator.py
[2022-03-22 18:22:32,745] {logging_mixin.py:109} INFO - [2022-03-22 18:22:32,745] {dag.py:2398} INFO - Sync 1 DAGs
[2022-03-22 18:22:32,753] {logging_mixin.py:109} INFO - [2022-03-22 18:22:32,753] {dag.py:2937} INFO - Setting next_dagrun for example_dag_decorator to None
[2022-03-22 18:22:32,762] {processor.py:171} INFO - Processing /Users/adebolafagbule/opt/anaconda3/envs/airflow_env/lib/python3.8/site-packages/airflow/example_dags/example_dag_decorator.py took 0.262 seconds
[2022-03-22 18:24:01,914] {processor.py:163} INFO - Started process (PID=66117) to work on /Users/adebolafagbule/opt/anaconda3/envs/airflow_env/lib/python3.8/site-packages/airflow/example_dags/example_dag_decorator.py
[2022-03-22 18:24:01,915] {processor.py:642} INFO - Processing file /Users/adebolafagbule/opt/anaconda3/envs/airflow_env/lib/python3.8/site-packages/airflow/example_dags/example_dag_decorator.py for tasks to queue
[2022-03-22 18:24:01,916] {logging_mixin.py:109} INFO - [2022-03-22 18:24:01,916] {dagbag.py:500} INFO - Filling up the DagBag from /Users/adebolafagbule/opt/anaconda3/envs/airflow_env/lib/python3.8/site-packages/airflow/example_dags/example_dag_decorator.py
[2022-03-22 18:24:01,973] {processor.py:654} INFO - DAG(s) dict_keys(['example_dag_decorator']) retrieved from /Users/adebolafagbule/opt/anaconda3/envs/airflow_env/lib/python3.8/site-packages/airflow/example_dags/example_dag_decorator.py
[2022-03-22 18:24:02,203] {logging_mixin.py:109} INFO - [2022-03-22 18:24:02,203] {dag.py:2398} INFO - Sync 1 DAGs
[2022-03-22 18:24:02,210] {logging_mixin.py:109} INFO - [2022-03-22 18:24:02,210] {dag.py:2937} INFO - Setting next_dagrun for example_dag_decorator to None
[2022-03-22 18:24:02,219] {processor.py:171} INFO - Processing /Users/adebolafagbule/opt/anaconda3/envs/airflow_env/lib/python3.8/site-packages/airflow/example_dags/example_dag_decorator.py took 0.305 seconds
[2022-03-22 18:25:32,439] {processor.py:163} INFO - Started process (PID=66194) to work on /Users/adebolafagbule/opt/anaconda3/envs/airflow_env/lib/python3.8/site-packages/airflow/example_dags/example_dag_decorator.py
[2022-03-22 18:25:32,440] {processor.py:642} INFO - Processing file /Users/adebolafagbule/opt/anaconda3/envs/airflow_env/lib/python3.8/site-packages/airflow/example_dags/example_dag_decorator.py for tasks to queue
[2022-03-22 18:25:32,441] {logging_mixin.py:109} INFO - [2022-03-22 18:25:32,441] {dagbag.py:500} INFO - Filling up the DagBag from /Users/adebolafagbule/opt/anaconda3/envs/airflow_env/lib/python3.8/site-packages/airflow/example_dags/example_dag_decorator.py
[2022-03-22 18:25:32,493] {processor.py:654} INFO - DAG(s) dict_keys(['example_dag_decorator']) retrieved from /Users/adebolafagbule/opt/anaconda3/envs/airflow_env/lib/python3.8/site-packages/airflow/example_dags/example_dag_decorator.py
[2022-03-22 18:25:32,972] {logging_mixin.py:109} INFO - [2022-03-22 18:25:32,968] {dag.py:2398} INFO - Sync 1 DAGs
[2022-03-22 18:25:32,985] {logging_mixin.py:109} INFO - [2022-03-22 18:25:32,985] {dag.py:2937} INFO - Setting next_dagrun for example_dag_decorator to None
[2022-03-22 18:25:33,001] {processor.py:171} INFO - Processing /Users/adebolafagbule/opt/anaconda3/envs/airflow_env/lib/python3.8/site-packages/airflow/example_dags/example_dag_decorator.py took 0.563 seconds
[2022-03-22 18:27:16,325] {processor.py:163} INFO - Started process (PID=66279) to work on /Users/adebolafagbule/opt/anaconda3/envs/airflow_env/lib/python3.8/site-packages/airflow/example_dags/example_dag_decorator.py
[2022-03-22 18:27:16,326] {processor.py:642} INFO - Processing file /Users/adebolafagbule/opt/anaconda3/envs/airflow_env/lib/python3.8/site-packages/airflow/example_dags/example_dag_decorator.py for tasks to queue
[2022-03-22 18:27:16,327] {logging_mixin.py:109} INFO - [2022-03-22 18:27:16,327] {dagbag.py:500} INFO - Filling up the DagBag from /Users/adebolafagbule/opt/anaconda3/envs/airflow_env/lib/python3.8/site-packages/airflow/example_dags/example_dag_decorator.py
[2022-03-22 18:27:16,408] {processor.py:654} INFO - DAG(s) dict_keys(['example_dag_decorator']) retrieved from /Users/adebolafagbule/opt/anaconda3/envs/airflow_env/lib/python3.8/site-packages/airflow/example_dags/example_dag_decorator.py
[2022-03-22 18:27:16,792] {logging_mixin.py:109} INFO - [2022-03-22 18:27:16,791] {dag.py:2398} INFO - Sync 1 DAGs
[2022-03-22 18:27:16,801] {logging_mixin.py:109} INFO - [2022-03-22 18:27:16,801] {dag.py:2937} INFO - Setting next_dagrun for example_dag_decorator to None
[2022-03-22 18:27:16,812] {processor.py:171} INFO - Processing /Users/adebolafagbule/opt/anaconda3/envs/airflow_env/lib/python3.8/site-packages/airflow/example_dags/example_dag_decorator.py took 0.487 seconds
[2022-03-22 19:21:41,893] {processor.py:163} INFO - Started process (PID=66370) to work on /Users/adebolafagbule/opt/anaconda3/envs/airflow_env/lib/python3.8/site-packages/airflow/example_dags/example_dag_decorator.py
[2022-03-22 19:21:41,895] {processor.py:642} INFO - Processing file /Users/adebolafagbule/opt/anaconda3/envs/airflow_env/lib/python3.8/site-packages/airflow/example_dags/example_dag_decorator.py for tasks to queue
[2022-03-22 19:21:41,896] {logging_mixin.py:109} INFO - [2022-03-22 19:21:41,896] {dagbag.py:500} INFO - Filling up the DagBag from /Users/adebolafagbule/opt/anaconda3/envs/airflow_env/lib/python3.8/site-packages/airflow/example_dags/example_dag_decorator.py
[2022-03-22 19:21:41,999] {processor.py:654} INFO - DAG(s) dict_keys(['example_dag_decorator']) retrieved from /Users/adebolafagbule/opt/anaconda3/envs/airflow_env/lib/python3.8/site-packages/airflow/example_dags/example_dag_decorator.py
[2022-03-22 19:21:42,415] {logging_mixin.py:109} INFO - [2022-03-22 19:21:42,414] {dag.py:2398} INFO - Sync 1 DAGs
[2022-03-22 19:21:42,431] {logging_mixin.py:109} INFO - [2022-03-22 19:21:42,431] {dag.py:2937} INFO - Setting next_dagrun for example_dag_decorator to None
[2022-03-22 19:21:42,446] {processor.py:171} INFO - Processing /Users/adebolafagbule/opt/anaconda3/envs/airflow_env/lib/python3.8/site-packages/airflow/example_dags/example_dag_decorator.py took 0.554 seconds
