[2022-03-22 00:35:12,386] {processor.py:163} INFO - Started process (PID=61254) to work on /Users/adebolafagbule/opt/anaconda3/envs/airflow_env/lib/python3.8/site-packages/airflow/example_dags/example_complex.py
[2022-03-22 00:35:12,387] {processor.py:642} INFO - Processing file /Users/adebolafagbule/opt/anaconda3/envs/airflow_env/lib/python3.8/site-packages/airflow/example_dags/example_complex.py for tasks to queue
[2022-03-22 00:35:12,388] {logging_mixin.py:109} INFO - [2022-03-22 00:35:12,387] {dagbag.py:500} INFO - Filling up the DagBag from /Users/adebolafagbule/opt/anaconda3/envs/airflow_env/lib/python3.8/site-packages/airflow/example_dags/example_complex.py
[2022-03-22 00:35:12,472] {processor.py:654} INFO - DAG(s) dict_keys(['example_complex']) retrieved from /Users/adebolafagbule/opt/anaconda3/envs/airflow_env/lib/python3.8/site-packages/airflow/example_dags/example_complex.py
[2022-03-22 00:35:12,516] {logging_mixin.py:109} INFO - [2022-03-22 00:35:12,515] {dag.py:2398} INFO - Sync 1 DAGs
[2022-03-22 00:35:12,533] {logging_mixin.py:109} INFO - [2022-03-22 00:35:12,533] {dag.py:2937} INFO - Setting next_dagrun for example_complex to None
[2022-03-22 00:35:12,547] {processor.py:171} INFO - Processing /Users/adebolafagbule/opt/anaconda3/envs/airflow_env/lib/python3.8/site-packages/airflow/example_dags/example_complex.py took 0.162 seconds
[2022-03-22 05:51:55,268] {processor.py:163} INFO - Started process (PID=61450) to work on /Users/adebolafagbule/opt/anaconda3/envs/airflow_env/lib/python3.8/site-packages/airflow/example_dags/example_complex.py
[2022-03-22 05:51:55,269] {processor.py:642} INFO - Processing file /Users/adebolafagbule/opt/anaconda3/envs/airflow_env/lib/python3.8/site-packages/airflow/example_dags/example_complex.py for tasks to queue
[2022-03-22 05:51:55,269] {logging_mixin.py:109} INFO - [2022-03-22 05:51:55,269] {dagbag.py:500} INFO - Filling up the DagBag from /Users/adebolafagbule/opt/anaconda3/envs/airflow_env/lib/python3.8/site-packages/airflow/example_dags/example_complex.py
[2022-03-22 05:51:55,303] {processor.py:654} INFO - DAG(s) dict_keys(['example_complex']) retrieved from /Users/adebolafagbule/opt/anaconda3/envs/airflow_env/lib/python3.8/site-packages/airflow/example_dags/example_complex.py
[2022-03-22 05:51:55,321] {logging_mixin.py:109} INFO - [2022-03-22 05:51:55,320] {dag.py:2398} INFO - Sync 1 DAGs
[2022-03-22 05:51:55,327] {logging_mixin.py:109} INFO - [2022-03-22 05:51:55,327] {dag.py:2937} INFO - Setting next_dagrun for example_complex to None
[2022-03-22 05:51:55,333] {processor.py:171} INFO - Processing /Users/adebolafagbule/opt/anaconda3/envs/airflow_env/lib/python3.8/site-packages/airflow/example_dags/example_complex.py took 0.066 seconds
[2022-03-22 08:28:22,477] {processor.py:163} INFO - Started process (PID=61651) to work on /Users/adebolafagbule/opt/anaconda3/envs/airflow_env/lib/python3.8/site-packages/airflow/example_dags/example_complex.py
[2022-03-22 08:28:22,478] {processor.py:642} INFO - Processing file /Users/adebolafagbule/opt/anaconda3/envs/airflow_env/lib/python3.8/site-packages/airflow/example_dags/example_complex.py for tasks to queue
[2022-03-22 08:28:22,479] {logging_mixin.py:109} INFO - [2022-03-22 08:28:22,479] {dagbag.py:500} INFO - Filling up the DagBag from /Users/adebolafagbule/opt/anaconda3/envs/airflow_env/lib/python3.8/site-packages/airflow/example_dags/example_complex.py
[2022-03-22 08:28:22,562] {processor.py:654} INFO - DAG(s) dict_keys(['example_complex']) retrieved from /Users/adebolafagbule/opt/anaconda3/envs/airflow_env/lib/python3.8/site-packages/airflow/example_dags/example_complex.py
[2022-03-22 08:28:22,607] {logging_mixin.py:109} INFO - [2022-03-22 08:28:22,607] {dag.py:2398} INFO - Sync 1 DAGs
[2022-03-22 08:28:22,623] {logging_mixin.py:109} INFO - [2022-03-22 08:28:22,623] {dag.py:2937} INFO - Setting next_dagrun for example_complex to None
[2022-03-22 08:28:22,637] {processor.py:171} INFO - Processing /Users/adebolafagbule/opt/anaconda3/envs/airflow_env/lib/python3.8/site-packages/airflow/example_dags/example_complex.py took 0.161 seconds
[2022-03-22 09:15:50,640] {processor.py:163} INFO - Started process (PID=61794) to work on /Users/adebolafagbule/opt/anaconda3/envs/airflow_env/lib/python3.8/site-packages/airflow/example_dags/example_complex.py
[2022-03-22 09:15:50,641] {processor.py:642} INFO - Processing file /Users/adebolafagbule/opt/anaconda3/envs/airflow_env/lib/python3.8/site-packages/airflow/example_dags/example_complex.py for tasks to queue
[2022-03-22 09:15:50,641] {logging_mixin.py:109} INFO - [2022-03-22 09:15:50,641] {dagbag.py:500} INFO - Filling up the DagBag from /Users/adebolafagbule/opt/anaconda3/envs/airflow_env/lib/python3.8/site-packages/airflow/example_dags/example_complex.py
[2022-03-22 09:15:50,672] {processor.py:654} INFO - DAG(s) dict_keys(['example_complex']) retrieved from /Users/adebolafagbule/opt/anaconda3/envs/airflow_env/lib/python3.8/site-packages/airflow/example_dags/example_complex.py
[2022-03-22 09:15:50,689] {logging_mixin.py:109} INFO - [2022-03-22 09:15:50,689] {dag.py:2398} INFO - Sync 1 DAGs
[2022-03-22 09:15:50,695] {logging_mixin.py:109} INFO - [2022-03-22 09:15:50,695] {dag.py:2937} INFO - Setting next_dagrun for example_complex to None
[2022-03-22 09:15:50,701] {processor.py:171} INFO - Processing /Users/adebolafagbule/opt/anaconda3/envs/airflow_env/lib/python3.8/site-packages/airflow/example_dags/example_complex.py took 0.061 seconds
[2022-03-22 09:52:53,693] {processor.py:163} INFO - Started process (PID=61959) to work on /Users/adebolafagbule/opt/anaconda3/envs/airflow_env/lib/python3.8/site-packages/airflow/example_dags/example_complex.py
[2022-03-22 09:52:53,694] {processor.py:642} INFO - Processing file /Users/adebolafagbule/opt/anaconda3/envs/airflow_env/lib/python3.8/site-packages/airflow/example_dags/example_complex.py for tasks to queue
[2022-03-22 09:52:53,695] {logging_mixin.py:109} INFO - [2022-03-22 09:52:53,695] {dagbag.py:500} INFO - Filling up the DagBag from /Users/adebolafagbule/opt/anaconda3/envs/airflow_env/lib/python3.8/site-packages/airflow/example_dags/example_complex.py
[2022-03-22 09:52:53,777] {processor.py:654} INFO - DAG(s) dict_keys(['example_complex']) retrieved from /Users/adebolafagbule/opt/anaconda3/envs/airflow_env/lib/python3.8/site-packages/airflow/example_dags/example_complex.py
[2022-03-22 09:52:53,822] {logging_mixin.py:109} INFO - [2022-03-22 09:52:53,821] {dag.py:2398} INFO - Sync 1 DAGs
[2022-03-22 09:52:53,838] {logging_mixin.py:109} INFO - [2022-03-22 09:52:53,838] {dag.py:2937} INFO - Setting next_dagrun for example_complex to None
[2022-03-22 09:52:53,851] {processor.py:171} INFO - Processing /Users/adebolafagbule/opt/anaconda3/envs/airflow_env/lib/python3.8/site-packages/airflow/example_dags/example_complex.py took 0.159 seconds
[2022-03-22 10:44:21,621] {processor.py:163} INFO - Started process (PID=62106) to work on /Users/adebolafagbule/opt/anaconda3/envs/airflow_env/lib/python3.8/site-packages/airflow/example_dags/example_complex.py
[2022-03-22 10:44:21,623] {processor.py:642} INFO - Processing file /Users/adebolafagbule/opt/anaconda3/envs/airflow_env/lib/python3.8/site-packages/airflow/example_dags/example_complex.py for tasks to queue
[2022-03-22 10:44:21,624] {logging_mixin.py:109} INFO - [2022-03-22 10:44:21,623] {dagbag.py:500} INFO - Filling up the DagBag from /Users/adebolafagbule/opt/anaconda3/envs/airflow_env/lib/python3.8/site-packages/airflow/example_dags/example_complex.py
[2022-03-22 10:44:21,689] {processor.py:654} INFO - DAG(s) dict_keys(['example_complex']) retrieved from /Users/adebolafagbule/opt/anaconda3/envs/airflow_env/lib/python3.8/site-packages/airflow/example_dags/example_complex.py
[2022-03-22 10:44:21,725] {logging_mixin.py:109} INFO - [2022-03-22 10:44:21,725] {dag.py:2398} INFO - Sync 1 DAGs
[2022-03-22 10:44:21,739] {logging_mixin.py:109} INFO - [2022-03-22 10:44:21,739] {dag.py:2937} INFO - Setting next_dagrun for example_complex to None
[2022-03-22 10:44:21,750] {processor.py:171} INFO - Processing /Users/adebolafagbule/opt/anaconda3/envs/airflow_env/lib/python3.8/site-packages/airflow/example_dags/example_complex.py took 0.129 seconds
[2022-03-22 11:00:46,583] {processor.py:163} INFO - Started process (PID=62205) to work on /Users/adebolafagbule/opt/anaconda3/envs/airflow_env/lib/python3.8/site-packages/airflow/example_dags/example_complex.py
[2022-03-22 11:00:46,583] {processor.py:642} INFO - Processing file /Users/adebolafagbule/opt/anaconda3/envs/airflow_env/lib/python3.8/site-packages/airflow/example_dags/example_complex.py for tasks to queue
[2022-03-22 11:00:46,584] {logging_mixin.py:109} INFO - [2022-03-22 11:00:46,583] {dagbag.py:500} INFO - Filling up the DagBag from /Users/adebolafagbule/opt/anaconda3/envs/airflow_env/lib/python3.8/site-packages/airflow/example_dags/example_complex.py
[2022-03-22 11:00:46,624] {processor.py:654} INFO - DAG(s) dict_keys(['example_complex']) retrieved from /Users/adebolafagbule/opt/anaconda3/envs/airflow_env/lib/python3.8/site-packages/airflow/example_dags/example_complex.py
[2022-03-22 11:00:46,646] {logging_mixin.py:109} INFO - [2022-03-22 11:00:46,646] {dag.py:2398} INFO - Sync 1 DAGs
[2022-03-22 11:00:46,656] {logging_mixin.py:109} INFO - [2022-03-22 11:00:46,656] {dag.py:2937} INFO - Setting next_dagrun for example_complex to None
[2022-03-22 11:00:46,662] {processor.py:171} INFO - Processing /Users/adebolafagbule/opt/anaconda3/envs/airflow_env/lib/python3.8/site-packages/airflow/example_dags/example_complex.py took 0.080 seconds
[2022-03-22 11:02:02,476] {processor.py:163} INFO - Started process (PID=62287) to work on /Users/adebolafagbule/opt/anaconda3/envs/airflow_env/lib/python3.8/site-packages/airflow/example_dags/example_complex.py
[2022-03-22 11:02:02,477] {processor.py:642} INFO - Processing file /Users/adebolafagbule/opt/anaconda3/envs/airflow_env/lib/python3.8/site-packages/airflow/example_dags/example_complex.py for tasks to queue
[2022-03-22 11:02:02,478] {logging_mixin.py:109} INFO - [2022-03-22 11:02:02,478] {dagbag.py:500} INFO - Filling up the DagBag from /Users/adebolafagbule/opt/anaconda3/envs/airflow_env/lib/python3.8/site-packages/airflow/example_dags/example_complex.py
[2022-03-22 11:02:02,528] {processor.py:654} INFO - DAG(s) dict_keys(['example_complex']) retrieved from /Users/adebolafagbule/opt/anaconda3/envs/airflow_env/lib/python3.8/site-packages/airflow/example_dags/example_complex.py
[2022-03-22 11:02:02,555] {logging_mixin.py:109} INFO - [2022-03-22 11:02:02,555] {dag.py:2398} INFO - Sync 1 DAGs
[2022-03-22 11:02:02,563] {logging_mixin.py:109} INFO - [2022-03-22 11:02:02,563] {dag.py:2937} INFO - Setting next_dagrun for example_complex to None
[2022-03-22 11:02:02,569] {processor.py:171} INFO - Processing /Users/adebolafagbule/opt/anaconda3/envs/airflow_env/lib/python3.8/site-packages/airflow/example_dags/example_complex.py took 0.094 seconds
[2022-03-22 11:03:18,536] {processor.py:163} INFO - Started process (PID=62463) to work on /Users/adebolafagbule/opt/anaconda3/envs/airflow_env/lib/python3.8/site-packages/airflow/example_dags/example_complex.py
[2022-03-22 11:03:18,538] {processor.py:642} INFO - Processing file /Users/adebolafagbule/opt/anaconda3/envs/airflow_env/lib/python3.8/site-packages/airflow/example_dags/example_complex.py for tasks to queue
[2022-03-22 11:03:18,538] {logging_mixin.py:109} INFO - [2022-03-22 11:03:18,538] {dagbag.py:500} INFO - Filling up the DagBag from /Users/adebolafagbule/opt/anaconda3/envs/airflow_env/lib/python3.8/site-packages/airflow/example_dags/example_complex.py
[2022-03-22 11:03:18,587] {processor.py:654} INFO - DAG(s) dict_keys(['example_complex']) retrieved from /Users/adebolafagbule/opt/anaconda3/envs/airflow_env/lib/python3.8/site-packages/airflow/example_dags/example_complex.py
[2022-03-22 11:03:18,614] {logging_mixin.py:109} INFO - [2022-03-22 11:03:18,614] {dag.py:2398} INFO - Sync 1 DAGs
[2022-03-22 11:03:18,623] {logging_mixin.py:109} INFO - [2022-03-22 11:03:18,623] {dag.py:2937} INFO - Setting next_dagrun for example_complex to None
[2022-03-22 11:03:18,632] {processor.py:171} INFO - Processing /Users/adebolafagbule/opt/anaconda3/envs/airflow_env/lib/python3.8/site-packages/airflow/example_dags/example_complex.py took 0.096 seconds
[2022-03-22 11:04:37,182] {processor.py:163} INFO - Started process (PID=62538) to work on /Users/adebolafagbule/opt/anaconda3/envs/airflow_env/lib/python3.8/site-packages/airflow/example_dags/example_complex.py
[2022-03-22 11:04:37,183] {processor.py:642} INFO - Processing file /Users/adebolafagbule/opt/anaconda3/envs/airflow_env/lib/python3.8/site-packages/airflow/example_dags/example_complex.py for tasks to queue
[2022-03-22 11:04:37,183] {logging_mixin.py:109} INFO - [2022-03-22 11:04:37,183] {dagbag.py:500} INFO - Filling up the DagBag from /Users/adebolafagbule/opt/anaconda3/envs/airflow_env/lib/python3.8/site-packages/airflow/example_dags/example_complex.py
[2022-03-22 11:04:37,218] {processor.py:654} INFO - DAG(s) dict_keys(['example_complex']) retrieved from /Users/adebolafagbule/opt/anaconda3/envs/airflow_env/lib/python3.8/site-packages/airflow/example_dags/example_complex.py
[2022-03-22 11:04:37,234] {logging_mixin.py:109} INFO - [2022-03-22 11:04:37,234] {dag.py:2398} INFO - Sync 1 DAGs
[2022-03-22 11:04:37,241] {logging_mixin.py:109} INFO - [2022-03-22 11:04:37,241] {dag.py:2937} INFO - Setting next_dagrun for example_complex to None
[2022-03-22 11:04:37,246] {processor.py:171} INFO - Processing /Users/adebolafagbule/opt/anaconda3/envs/airflow_env/lib/python3.8/site-packages/airflow/example_dags/example_complex.py took 0.065 seconds
[2022-03-22 11:24:46,258] {processor.py:163} INFO - Started process (PID=62683) to work on /Users/adebolafagbule/opt/anaconda3/envs/airflow_env/lib/python3.8/site-packages/airflow/example_dags/example_complex.py
[2022-03-22 11:24:46,259] {processor.py:642} INFO - Processing file /Users/adebolafagbule/opt/anaconda3/envs/airflow_env/lib/python3.8/site-packages/airflow/example_dags/example_complex.py for tasks to queue
[2022-03-22 11:24:46,260] {logging_mixin.py:109} INFO - [2022-03-22 11:24:46,259] {dagbag.py:500} INFO - Filling up the DagBag from /Users/adebolafagbule/opt/anaconda3/envs/airflow_env/lib/python3.8/site-packages/airflow/example_dags/example_complex.py
[2022-03-22 11:24:46,308] {processor.py:654} INFO - DAG(s) dict_keys(['example_complex']) retrieved from /Users/adebolafagbule/opt/anaconda3/envs/airflow_env/lib/python3.8/site-packages/airflow/example_dags/example_complex.py
[2022-03-22 11:24:46,340] {logging_mixin.py:109} INFO - [2022-03-22 11:24:46,340] {dag.py:2398} INFO - Sync 1 DAGs
[2022-03-22 11:24:46,349] {logging_mixin.py:109} INFO - [2022-03-22 11:24:46,349] {dag.py:2937} INFO - Setting next_dagrun for example_complex to None
[2022-03-22 11:24:46,357] {processor.py:171} INFO - Processing /Users/adebolafagbule/opt/anaconda3/envs/airflow_env/lib/python3.8/site-packages/airflow/example_dags/example_complex.py took 0.100 seconds
[2022-03-22 12:12:05,961] {processor.py:163} INFO - Started process (PID=62771) to work on /Users/adebolafagbule/opt/anaconda3/envs/airflow_env/lib/python3.8/site-packages/airflow/example_dags/example_complex.py
[2022-03-22 12:12:05,962] {processor.py:642} INFO - Processing file /Users/adebolafagbule/opt/anaconda3/envs/airflow_env/lib/python3.8/site-packages/airflow/example_dags/example_complex.py for tasks to queue
[2022-03-22 12:12:05,962] {logging_mixin.py:109} INFO - [2022-03-22 12:12:05,962] {dagbag.py:500} INFO - Filling up the DagBag from /Users/adebolafagbule/opt/anaconda3/envs/airflow_env/lib/python3.8/site-packages/airflow/example_dags/example_complex.py
[2022-03-22 12:12:06,035] {processor.py:654} INFO - DAG(s) dict_keys(['example_complex']) retrieved from /Users/adebolafagbule/opt/anaconda3/envs/airflow_env/lib/python3.8/site-packages/airflow/example_dags/example_complex.py
[2022-03-22 12:12:06,076] {logging_mixin.py:109} INFO - [2022-03-22 12:12:06,076] {dag.py:2398} INFO - Sync 1 DAGs
[2022-03-22 12:12:06,091] {logging_mixin.py:109} INFO - [2022-03-22 12:12:06,091] {dag.py:2937} INFO - Setting next_dagrun for example_complex to None
[2022-03-22 12:12:06,103] {processor.py:171} INFO - Processing /Users/adebolafagbule/opt/anaconda3/envs/airflow_env/lib/python3.8/site-packages/airflow/example_dags/example_complex.py took 0.143 seconds
[2022-03-22 12:46:51,633] {processor.py:163} INFO - Started process (PID=62860) to work on /Users/adebolafagbule/opt/anaconda3/envs/airflow_env/lib/python3.8/site-packages/airflow/example_dags/example_complex.py
[2022-03-22 12:46:51,634] {processor.py:642} INFO - Processing file /Users/adebolafagbule/opt/anaconda3/envs/airflow_env/lib/python3.8/site-packages/airflow/example_dags/example_complex.py for tasks to queue
[2022-03-22 12:46:51,634] {logging_mixin.py:109} INFO - [2022-03-22 12:46:51,634] {dagbag.py:500} INFO - Filling up the DagBag from /Users/adebolafagbule/opt/anaconda3/envs/airflow_env/lib/python3.8/site-packages/airflow/example_dags/example_complex.py
[2022-03-22 12:46:51,666] {processor.py:654} INFO - DAG(s) dict_keys(['example_complex']) retrieved from /Users/adebolafagbule/opt/anaconda3/envs/airflow_env/lib/python3.8/site-packages/airflow/example_dags/example_complex.py
[2022-03-22 12:46:51,684] {logging_mixin.py:109} INFO - [2022-03-22 12:46:51,684] {dag.py:2398} INFO - Sync 1 DAGs
[2022-03-22 12:46:51,691] {logging_mixin.py:109} INFO - [2022-03-22 12:46:51,691] {dag.py:2937} INFO - Setting next_dagrun for example_complex to None
[2022-03-22 12:46:51,696] {processor.py:171} INFO - Processing /Users/adebolafagbule/opt/anaconda3/envs/airflow_env/lib/python3.8/site-packages/airflow/example_dags/example_complex.py took 0.063 seconds
[2022-03-22 14:18:13,165] {processor.py:163} INFO - Started process (PID=63011) to work on /Users/adebolafagbule/opt/anaconda3/envs/airflow_env/lib/python3.8/site-packages/airflow/example_dags/example_complex.py
[2022-03-22 14:18:13,181] {processor.py:642} INFO - Processing file /Users/adebolafagbule/opt/anaconda3/envs/airflow_env/lib/python3.8/site-packages/airflow/example_dags/example_complex.py for tasks to queue
[2022-03-22 14:18:13,194] {logging_mixin.py:109} INFO - [2022-03-22 14:18:13,194] {dagbag.py:500} INFO - Filling up the DagBag from /Users/adebolafagbule/opt/anaconda3/envs/airflow_env/lib/python3.8/site-packages/airflow/example_dags/example_complex.py
[2022-03-22 14:18:13,299] {processor.py:654} INFO - DAG(s) dict_keys(['example_complex']) retrieved from /Users/adebolafagbule/opt/anaconda3/envs/airflow_env/lib/python3.8/site-packages/airflow/example_dags/example_complex.py
[2022-03-22 14:18:13,380] {logging_mixin.py:109} INFO - [2022-03-22 14:18:13,379] {dag.py:2398} INFO - Sync 1 DAGs
[2022-03-22 14:18:13,402] {logging_mixin.py:109} INFO - [2022-03-22 14:18:13,402] {dag.py:2937} INFO - Setting next_dagrun for example_complex to None
[2022-03-22 14:18:13,417] {processor.py:171} INFO - Processing /Users/adebolafagbule/opt/anaconda3/envs/airflow_env/lib/python3.8/site-packages/airflow/example_dags/example_complex.py took 0.255 seconds
[2022-03-22 15:15:10,559] {processor.py:163} INFO - Started process (PID=63200) to work on /Users/adebolafagbule/opt/anaconda3/envs/airflow_env/lib/python3.8/site-packages/airflow/example_dags/example_complex.py
[2022-03-22 15:15:10,561] {processor.py:642} INFO - Processing file /Users/adebolafagbule/opt/anaconda3/envs/airflow_env/lib/python3.8/site-packages/airflow/example_dags/example_complex.py for tasks to queue
[2022-03-22 15:15:10,562] {logging_mixin.py:109} INFO - [2022-03-22 15:15:10,562] {dagbag.py:500} INFO - Filling up the DagBag from /Users/adebolafagbule/opt/anaconda3/envs/airflow_env/lib/python3.8/site-packages/airflow/example_dags/example_complex.py
[2022-03-22 15:15:10,640] {processor.py:654} INFO - DAG(s) dict_keys(['example_complex']) retrieved from /Users/adebolafagbule/opt/anaconda3/envs/airflow_env/lib/python3.8/site-packages/airflow/example_dags/example_complex.py
[2022-03-22 15:15:10,684] {logging_mixin.py:109} INFO - [2022-03-22 15:15:10,683] {dag.py:2398} INFO - Sync 1 DAGs
[2022-03-22 15:15:10,701] {logging_mixin.py:109} INFO - [2022-03-22 15:15:10,701] {dag.py:2937} INFO - Setting next_dagrun for example_complex to None
[2022-03-22 15:15:10,713] {processor.py:171} INFO - Processing /Users/adebolafagbule/opt/anaconda3/envs/airflow_env/lib/python3.8/site-packages/airflow/example_dags/example_complex.py took 0.155 seconds
[2022-03-22 16:28:26,052] {processor.py:163} INFO - Started process (PID=63326) to work on /Users/adebolafagbule/opt/anaconda3/envs/airflow_env/lib/python3.8/site-packages/airflow/example_dags/example_complex.py
[2022-03-22 16:28:26,054] {processor.py:642} INFO - Processing file /Users/adebolafagbule/opt/anaconda3/envs/airflow_env/lib/python3.8/site-packages/airflow/example_dags/example_complex.py for tasks to queue
[2022-03-22 16:28:26,054] {logging_mixin.py:109} INFO - [2022-03-22 16:28:26,054] {dagbag.py:500} INFO - Filling up the DagBag from /Users/adebolafagbule/opt/anaconda3/envs/airflow_env/lib/python3.8/site-packages/airflow/example_dags/example_complex.py
[2022-03-22 16:28:26,137] {processor.py:654} INFO - DAG(s) dict_keys(['example_complex']) retrieved from /Users/adebolafagbule/opt/anaconda3/envs/airflow_env/lib/python3.8/site-packages/airflow/example_dags/example_complex.py
[2022-03-22 16:28:26,222] {logging_mixin.py:109} INFO - [2022-03-22 16:28:26,222] {dag.py:2398} INFO - Sync 1 DAGs
[2022-03-22 16:28:26,239] {logging_mixin.py:109} INFO - [2022-03-22 16:28:26,239] {dag.py:2937} INFO - Setting next_dagrun for example_complex to None
[2022-03-22 16:28:26,253] {processor.py:171} INFO - Processing /Users/adebolafagbule/opt/anaconda3/envs/airflow_env/lib/python3.8/site-packages/airflow/example_dags/example_complex.py took 0.202 seconds
[2022-03-22 16:36:05,768] {processor.py:163} INFO - Started process (PID=63412) to work on /Users/adebolafagbule/opt/anaconda3/envs/airflow_env/lib/python3.8/site-packages/airflow/example_dags/example_complex.py
[2022-03-22 16:36:05,769] {processor.py:642} INFO - Processing file /Users/adebolafagbule/opt/anaconda3/envs/airflow_env/lib/python3.8/site-packages/airflow/example_dags/example_complex.py for tasks to queue
[2022-03-22 16:36:05,769] {logging_mixin.py:109} INFO - [2022-03-22 16:36:05,769] {dagbag.py:500} INFO - Filling up the DagBag from /Users/adebolafagbule/opt/anaconda3/envs/airflow_env/lib/python3.8/site-packages/airflow/example_dags/example_complex.py
[2022-03-22 16:36:05,836] {processor.py:654} INFO - DAG(s) dict_keys(['example_complex']) retrieved from /Users/adebolafagbule/opt/anaconda3/envs/airflow_env/lib/python3.8/site-packages/airflow/example_dags/example_complex.py
[2022-03-22 16:36:05,870] {logging_mixin.py:109} INFO - [2022-03-22 16:36:05,870] {dag.py:2398} INFO - Sync 1 DAGs
[2022-03-22 16:36:05,884] {logging_mixin.py:109} INFO - [2022-03-22 16:36:05,883] {dag.py:2937} INFO - Setting next_dagrun for example_complex to None
[2022-03-22 16:36:05,894] {processor.py:171} INFO - Processing /Users/adebolafagbule/opt/anaconda3/envs/airflow_env/lib/python3.8/site-packages/airflow/example_dags/example_complex.py took 0.128 seconds
[2022-03-22 17:30:08,298] {processor.py:163} INFO - Started process (PID=63489) to work on /Users/adebolafagbule/opt/anaconda3/envs/airflow_env/lib/python3.8/site-packages/airflow/example_dags/example_complex.py
[2022-03-22 17:30:08,300] {processor.py:642} INFO - Processing file /Users/adebolafagbule/opt/anaconda3/envs/airflow_env/lib/python3.8/site-packages/airflow/example_dags/example_complex.py for tasks to queue
[2022-03-22 17:30:08,300] {logging_mixin.py:109} INFO - [2022-03-22 17:30:08,300] {dagbag.py:500} INFO - Filling up the DagBag from /Users/adebolafagbule/opt/anaconda3/envs/airflow_env/lib/python3.8/site-packages/airflow/example_dags/example_complex.py
[2022-03-22 17:30:08,339] {processor.py:654} INFO - DAG(s) dict_keys(['example_complex']) retrieved from /Users/adebolafagbule/opt/anaconda3/envs/airflow_env/lib/python3.8/site-packages/airflow/example_dags/example_complex.py
[2022-03-22 17:30:08,361] {logging_mixin.py:109} INFO - [2022-03-22 17:30:08,360] {dag.py:2398} INFO - Sync 1 DAGs
[2022-03-22 17:30:08,369] {logging_mixin.py:109} INFO - [2022-03-22 17:30:08,369] {dag.py:2937} INFO - Setting next_dagrun for example_complex to None
[2022-03-22 17:30:08,375] {processor.py:171} INFO - Processing /Users/adebolafagbule/opt/anaconda3/envs/airflow_env/lib/python3.8/site-packages/airflow/example_dags/example_complex.py took 0.077 seconds
[2022-03-22 17:31:36,214] {processor.py:163} INFO - Started process (PID=63576) to work on /Users/adebolafagbule/opt/anaconda3/envs/airflow_env/lib/python3.8/site-packages/airflow/example_dags/example_complex.py
[2022-03-22 17:31:36,215] {processor.py:642} INFO - Processing file /Users/adebolafagbule/opt/anaconda3/envs/airflow_env/lib/python3.8/site-packages/airflow/example_dags/example_complex.py for tasks to queue
[2022-03-22 17:31:36,215] {logging_mixin.py:109} INFO - [2022-03-22 17:31:36,215] {dagbag.py:500} INFO - Filling up the DagBag from /Users/adebolafagbule/opt/anaconda3/envs/airflow_env/lib/python3.8/site-packages/airflow/example_dags/example_complex.py
[2022-03-22 17:31:36,253] {processor.py:654} INFO - DAG(s) dict_keys(['example_complex']) retrieved from /Users/adebolafagbule/opt/anaconda3/envs/airflow_env/lib/python3.8/site-packages/airflow/example_dags/example_complex.py
[2022-03-22 17:31:36,270] {logging_mixin.py:109} INFO - [2022-03-22 17:31:36,270] {dag.py:2398} INFO - Sync 1 DAGs
[2022-03-22 17:31:36,276] {logging_mixin.py:109} INFO - [2022-03-22 17:31:36,276] {dag.py:2937} INFO - Setting next_dagrun for example_complex to None
[2022-03-22 17:31:36,282] {processor.py:171} INFO - Processing /Users/adebolafagbule/opt/anaconda3/envs/airflow_env/lib/python3.8/site-packages/airflow/example_dags/example_complex.py took 0.069 seconds
[2022-03-22 17:33:07,981] {processor.py:163} INFO - Started process (PID=63658) to work on /Users/adebolafagbule/opt/anaconda3/envs/airflow_env/lib/python3.8/site-packages/airflow/example_dags/example_complex.py
[2022-03-22 17:33:07,982] {processor.py:642} INFO - Processing file /Users/adebolafagbule/opt/anaconda3/envs/airflow_env/lib/python3.8/site-packages/airflow/example_dags/example_complex.py for tasks to queue
[2022-03-22 17:33:07,983] {logging_mixin.py:109} INFO - [2022-03-22 17:33:07,983] {dagbag.py:500} INFO - Filling up the DagBag from /Users/adebolafagbule/opt/anaconda3/envs/airflow_env/lib/python3.8/site-packages/airflow/example_dags/example_complex.py
[2022-03-22 17:33:08,027] {processor.py:654} INFO - DAG(s) dict_keys(['example_complex']) retrieved from /Users/adebolafagbule/opt/anaconda3/envs/airflow_env/lib/python3.8/site-packages/airflow/example_dags/example_complex.py
[2022-03-22 17:33:08,045] {logging_mixin.py:109} INFO - [2022-03-22 17:33:08,045] {dag.py:2398} INFO - Sync 1 DAGs
[2022-03-22 17:33:08,052] {logging_mixin.py:109} INFO - [2022-03-22 17:33:08,052] {dag.py:2937} INFO - Setting next_dagrun for example_complex to None
[2022-03-22 17:33:08,057] {processor.py:171} INFO - Processing /Users/adebolafagbule/opt/anaconda3/envs/airflow_env/lib/python3.8/site-packages/airflow/example_dags/example_complex.py took 0.076 seconds
[2022-03-22 17:34:22,310] {processor.py:163} INFO - Started process (PID=63732) to work on /Users/adebolafagbule/opt/anaconda3/envs/airflow_env/lib/python3.8/site-packages/airflow/example_dags/example_complex.py
[2022-03-22 17:34:22,310] {processor.py:642} INFO - Processing file /Users/adebolafagbule/opt/anaconda3/envs/airflow_env/lib/python3.8/site-packages/airflow/example_dags/example_complex.py for tasks to queue
[2022-03-22 17:34:22,310] {logging_mixin.py:109} INFO - [2022-03-22 17:34:22,310] {dagbag.py:500} INFO - Filling up the DagBag from /Users/adebolafagbule/opt/anaconda3/envs/airflow_env/lib/python3.8/site-packages/airflow/example_dags/example_complex.py
[2022-03-22 17:34:22,339] {processor.py:654} INFO - DAG(s) dict_keys(['example_complex']) retrieved from /Users/adebolafagbule/opt/anaconda3/envs/airflow_env/lib/python3.8/site-packages/airflow/example_dags/example_complex.py
[2022-03-22 17:34:22,355] {logging_mixin.py:109} INFO - [2022-03-22 17:34:22,355] {dag.py:2398} INFO - Sync 1 DAGs
[2022-03-22 17:34:22,361] {logging_mixin.py:109} INFO - [2022-03-22 17:34:22,361] {dag.py:2937} INFO - Setting next_dagrun for example_complex to None
[2022-03-22 17:34:22,369] {processor.py:171} INFO - Processing /Users/adebolafagbule/opt/anaconda3/envs/airflow_env/lib/python3.8/site-packages/airflow/example_dags/example_complex.py took 0.060 seconds
[2022-03-22 17:35:35,960] {processor.py:163} INFO - Started process (PID=63805) to work on /Users/adebolafagbule/opt/anaconda3/envs/airflow_env/lib/python3.8/site-packages/airflow/example_dags/example_complex.py
[2022-03-22 17:35:35,961] {processor.py:642} INFO - Processing file /Users/adebolafagbule/opt/anaconda3/envs/airflow_env/lib/python3.8/site-packages/airflow/example_dags/example_complex.py for tasks to queue
[2022-03-22 17:35:35,961] {logging_mixin.py:109} INFO - [2022-03-22 17:35:35,961] {dagbag.py:500} INFO - Filling up the DagBag from /Users/adebolafagbule/opt/anaconda3/envs/airflow_env/lib/python3.8/site-packages/airflow/example_dags/example_complex.py
[2022-03-22 17:35:36,013] {processor.py:654} INFO - DAG(s) dict_keys(['example_complex']) retrieved from /Users/adebolafagbule/opt/anaconda3/envs/airflow_env/lib/python3.8/site-packages/airflow/example_dags/example_complex.py
[2022-03-22 17:35:36,029] {logging_mixin.py:109} INFO - [2022-03-22 17:35:36,029] {dag.py:2398} INFO - Sync 1 DAGs
[2022-03-22 17:35:36,036] {logging_mixin.py:109} INFO - [2022-03-22 17:35:36,036] {dag.py:2937} INFO - Setting next_dagrun for example_complex to None
[2022-03-22 17:35:36,044] {processor.py:171} INFO - Processing /Users/adebolafagbule/opt/anaconda3/envs/airflow_env/lib/python3.8/site-packages/airflow/example_dags/example_complex.py took 0.085 seconds
[2022-03-22 17:36:51,311] {processor.py:163} INFO - Started process (PID=63878) to work on /Users/adebolafagbule/opt/anaconda3/envs/airflow_env/lib/python3.8/site-packages/airflow/example_dags/example_complex.py
[2022-03-22 17:36:51,312] {processor.py:642} INFO - Processing file /Users/adebolafagbule/opt/anaconda3/envs/airflow_env/lib/python3.8/site-packages/airflow/example_dags/example_complex.py for tasks to queue
[2022-03-22 17:36:51,313] {logging_mixin.py:109} INFO - [2022-03-22 17:36:51,313] {dagbag.py:500} INFO - Filling up the DagBag from /Users/adebolafagbule/opt/anaconda3/envs/airflow_env/lib/python3.8/site-packages/airflow/example_dags/example_complex.py
[2022-03-22 17:36:51,358] {processor.py:654} INFO - DAG(s) dict_keys(['example_complex']) retrieved from /Users/adebolafagbule/opt/anaconda3/envs/airflow_env/lib/python3.8/site-packages/airflow/example_dags/example_complex.py
[2022-03-22 17:36:51,377] {logging_mixin.py:109} INFO - [2022-03-22 17:36:51,377] {dag.py:2398} INFO - Sync 1 DAGs
[2022-03-22 17:36:51,384] {logging_mixin.py:109} INFO - [2022-03-22 17:36:51,384] {dag.py:2937} INFO - Setting next_dagrun for example_complex to None
[2022-03-22 17:36:51,390] {processor.py:171} INFO - Processing /Users/adebolafagbule/opt/anaconda3/envs/airflow_env/lib/python3.8/site-packages/airflow/example_dags/example_complex.py took 0.079 seconds
[2022-03-22 17:38:10,183] {processor.py:163} INFO - Started process (PID=63950) to work on /Users/adebolafagbule/opt/anaconda3/envs/airflow_env/lib/python3.8/site-packages/airflow/example_dags/example_complex.py
[2022-03-22 17:38:10,186] {processor.py:642} INFO - Processing file /Users/adebolafagbule/opt/anaconda3/envs/airflow_env/lib/python3.8/site-packages/airflow/example_dags/example_complex.py for tasks to queue
[2022-03-22 17:38:10,187] {logging_mixin.py:109} INFO - [2022-03-22 17:38:10,186] {dagbag.py:500} INFO - Filling up the DagBag from /Users/adebolafagbule/opt/anaconda3/envs/airflow_env/lib/python3.8/site-packages/airflow/example_dags/example_complex.py
[2022-03-22 17:38:10,224] {processor.py:654} INFO - DAG(s) dict_keys(['example_complex']) retrieved from /Users/adebolafagbule/opt/anaconda3/envs/airflow_env/lib/python3.8/site-packages/airflow/example_dags/example_complex.py
[2022-03-22 17:38:10,242] {logging_mixin.py:109} INFO - [2022-03-22 17:38:10,242] {dag.py:2398} INFO - Sync 1 DAGs
[2022-03-22 17:38:10,277] {logging_mixin.py:109} INFO - [2022-03-22 17:38:10,276] {dag.py:2937} INFO - Setting next_dagrun for example_complex to None
[2022-03-22 17:38:10,291] {processor.py:171} INFO - Processing /Users/adebolafagbule/opt/anaconda3/envs/airflow_env/lib/python3.8/site-packages/airflow/example_dags/example_complex.py took 0.109 seconds
[2022-03-22 17:39:41,343] {processor.py:163} INFO - Started process (PID=64030) to work on /Users/adebolafagbule/opt/anaconda3/envs/airflow_env/lib/python3.8/site-packages/airflow/example_dags/example_complex.py
[2022-03-22 17:39:41,344] {processor.py:642} INFO - Processing file /Users/adebolafagbule/opt/anaconda3/envs/airflow_env/lib/python3.8/site-packages/airflow/example_dags/example_complex.py for tasks to queue
[2022-03-22 17:39:41,344] {logging_mixin.py:109} INFO - [2022-03-22 17:39:41,344] {dagbag.py:500} INFO - Filling up the DagBag from /Users/adebolafagbule/opt/anaconda3/envs/airflow_env/lib/python3.8/site-packages/airflow/example_dags/example_complex.py
[2022-03-22 17:39:41,396] {processor.py:654} INFO - DAG(s) dict_keys(['example_complex']) retrieved from /Users/adebolafagbule/opt/anaconda3/envs/airflow_env/lib/python3.8/site-packages/airflow/example_dags/example_complex.py
[2022-03-22 17:39:41,427] {logging_mixin.py:109} INFO - [2022-03-22 17:39:41,427] {dag.py:2398} INFO - Sync 1 DAGs
[2022-03-22 17:39:41,435] {logging_mixin.py:109} INFO - [2022-03-22 17:39:41,435] {dag.py:2937} INFO - Setting next_dagrun for example_complex to None
[2022-03-22 17:39:41,441] {processor.py:171} INFO - Processing /Users/adebolafagbule/opt/anaconda3/envs/airflow_env/lib/python3.8/site-packages/airflow/example_dags/example_complex.py took 0.099 seconds
[2022-03-22 17:41:07,022] {processor.py:163} INFO - Started process (PID=64104) to work on /Users/adebolafagbule/opt/anaconda3/envs/airflow_env/lib/python3.8/site-packages/airflow/example_dags/example_complex.py
[2022-03-22 17:41:07,024] {processor.py:642} INFO - Processing file /Users/adebolafagbule/opt/anaconda3/envs/airflow_env/lib/python3.8/site-packages/airflow/example_dags/example_complex.py for tasks to queue
[2022-03-22 17:41:07,024] {logging_mixin.py:109} INFO - [2022-03-22 17:41:07,024] {dagbag.py:500} INFO - Filling up the DagBag from /Users/adebolafagbule/opt/anaconda3/envs/airflow_env/lib/python3.8/site-packages/airflow/example_dags/example_complex.py
[2022-03-22 17:41:07,072] {processor.py:654} INFO - DAG(s) dict_keys(['example_complex']) retrieved from /Users/adebolafagbule/opt/anaconda3/envs/airflow_env/lib/python3.8/site-packages/airflow/example_dags/example_complex.py
[2022-03-22 17:41:07,090] {logging_mixin.py:109} INFO - [2022-03-22 17:41:07,090] {dag.py:2398} INFO - Sync 1 DAGs
[2022-03-22 17:41:07,097] {logging_mixin.py:109} INFO - [2022-03-22 17:41:07,097] {dag.py:2937} INFO - Setting next_dagrun for example_complex to None
[2022-03-22 17:41:07,103] {processor.py:171} INFO - Processing /Users/adebolafagbule/opt/anaconda3/envs/airflow_env/lib/python3.8/site-packages/airflow/example_dags/example_complex.py took 0.081 seconds
[2022-03-22 17:42:44,529] {processor.py:163} INFO - Started process (PID=64187) to work on /Users/adebolafagbule/opt/anaconda3/envs/airflow_env/lib/python3.8/site-packages/airflow/example_dags/example_complex.py
[2022-03-22 17:42:44,531] {processor.py:642} INFO - Processing file /Users/adebolafagbule/opt/anaconda3/envs/airflow_env/lib/python3.8/site-packages/airflow/example_dags/example_complex.py for tasks to queue
[2022-03-22 17:42:44,532] {logging_mixin.py:109} INFO - [2022-03-22 17:42:44,532] {dagbag.py:500} INFO - Filling up the DagBag from /Users/adebolafagbule/opt/anaconda3/envs/airflow_env/lib/python3.8/site-packages/airflow/example_dags/example_complex.py
[2022-03-22 17:42:44,603] {processor.py:654} INFO - DAG(s) dict_keys(['example_complex']) retrieved from /Users/adebolafagbule/opt/anaconda3/envs/airflow_env/lib/python3.8/site-packages/airflow/example_dags/example_complex.py
[2022-03-22 17:42:44,653] {logging_mixin.py:109} INFO - [2022-03-22 17:42:44,653] {dag.py:2398} INFO - Sync 1 DAGs
[2022-03-22 17:42:44,662] {logging_mixin.py:109} INFO - [2022-03-22 17:42:44,662] {dag.py:2937} INFO - Setting next_dagrun for example_complex to None
[2022-03-22 17:42:44,671] {processor.py:171} INFO - Processing /Users/adebolafagbule/opt/anaconda3/envs/airflow_env/lib/python3.8/site-packages/airflow/example_dags/example_complex.py took 0.145 seconds
[2022-03-22 17:44:16,786] {processor.py:163} INFO - Started process (PID=64266) to work on /Users/adebolafagbule/opt/anaconda3/envs/airflow_env/lib/python3.8/site-packages/airflow/example_dags/example_complex.py
[2022-03-22 17:44:16,787] {processor.py:642} INFO - Processing file /Users/adebolafagbule/opt/anaconda3/envs/airflow_env/lib/python3.8/site-packages/airflow/example_dags/example_complex.py for tasks to queue
[2022-03-22 17:44:16,788] {logging_mixin.py:109} INFO - [2022-03-22 17:44:16,788] {dagbag.py:500} INFO - Filling up the DagBag from /Users/adebolafagbule/opt/anaconda3/envs/airflow_env/lib/python3.8/site-packages/airflow/example_dags/example_complex.py
[2022-03-22 17:44:16,833] {processor.py:654} INFO - DAG(s) dict_keys(['example_complex']) retrieved from /Users/adebolafagbule/opt/anaconda3/envs/airflow_env/lib/python3.8/site-packages/airflow/example_dags/example_complex.py
[2022-03-22 17:44:16,856] {logging_mixin.py:109} INFO - [2022-03-22 17:44:16,855] {dag.py:2398} INFO - Sync 1 DAGs
[2022-03-22 17:44:16,862] {logging_mixin.py:109} INFO - [2022-03-22 17:44:16,862] {dag.py:2937} INFO - Setting next_dagrun for example_complex to None
[2022-03-22 17:44:16,868] {processor.py:171} INFO - Processing /Users/adebolafagbule/opt/anaconda3/envs/airflow_env/lib/python3.8/site-packages/airflow/example_dags/example_complex.py took 0.082 seconds
[2022-03-22 17:45:49,805] {processor.py:163} INFO - Started process (PID=64352) to work on /Users/adebolafagbule/opt/anaconda3/envs/airflow_env/lib/python3.8/site-packages/airflow/example_dags/example_complex.py
[2022-03-22 17:45:49,806] {processor.py:642} INFO - Processing file /Users/adebolafagbule/opt/anaconda3/envs/airflow_env/lib/python3.8/site-packages/airflow/example_dags/example_complex.py for tasks to queue
[2022-03-22 17:45:49,806] {logging_mixin.py:109} INFO - [2022-03-22 17:45:49,806] {dagbag.py:500} INFO - Filling up the DagBag from /Users/adebolafagbule/opt/anaconda3/envs/airflow_env/lib/python3.8/site-packages/airflow/example_dags/example_complex.py
[2022-03-22 17:45:49,841] {processor.py:654} INFO - DAG(s) dict_keys(['example_complex']) retrieved from /Users/adebolafagbule/opt/anaconda3/envs/airflow_env/lib/python3.8/site-packages/airflow/example_dags/example_complex.py
[2022-03-22 17:45:49,860] {logging_mixin.py:109} INFO - [2022-03-22 17:45:49,860] {dag.py:2398} INFO - Sync 1 DAGs
[2022-03-22 17:45:49,867] {logging_mixin.py:109} INFO - [2022-03-22 17:45:49,867] {dag.py:2937} INFO - Setting next_dagrun for example_complex to None
[2022-03-22 17:45:49,875] {processor.py:171} INFO - Processing /Users/adebolafagbule/opt/anaconda3/envs/airflow_env/lib/python3.8/site-packages/airflow/example_dags/example_complex.py took 0.070 seconds
[2022-03-22 17:47:20,357] {processor.py:163} INFO - Started process (PID=64430) to work on /Users/adebolafagbule/opt/anaconda3/envs/airflow_env/lib/python3.8/site-packages/airflow/example_dags/example_complex.py
[2022-03-22 17:47:20,358] {processor.py:642} INFO - Processing file /Users/adebolafagbule/opt/anaconda3/envs/airflow_env/lib/python3.8/site-packages/airflow/example_dags/example_complex.py for tasks to queue
[2022-03-22 17:47:20,358] {logging_mixin.py:109} INFO - [2022-03-22 17:47:20,358] {dagbag.py:500} INFO - Filling up the DagBag from /Users/adebolafagbule/opt/anaconda3/envs/airflow_env/lib/python3.8/site-packages/airflow/example_dags/example_complex.py
[2022-03-22 17:47:20,406] {processor.py:654} INFO - DAG(s) dict_keys(['example_complex']) retrieved from /Users/adebolafagbule/opt/anaconda3/envs/airflow_env/lib/python3.8/site-packages/airflow/example_dags/example_complex.py
[2022-03-22 17:47:20,430] {logging_mixin.py:109} INFO - [2022-03-22 17:47:20,430] {dag.py:2398} INFO - Sync 1 DAGs
[2022-03-22 17:47:20,438] {logging_mixin.py:109} INFO - [2022-03-22 17:47:20,438] {dag.py:2937} INFO - Setting next_dagrun for example_complex to None
[2022-03-22 17:47:20,445] {processor.py:171} INFO - Processing /Users/adebolafagbule/opt/anaconda3/envs/airflow_env/lib/python3.8/site-packages/airflow/example_dags/example_complex.py took 0.089 seconds
[2022-03-22 17:48:45,351] {processor.py:163} INFO - Started process (PID=64507) to work on /Users/adebolafagbule/opt/anaconda3/envs/airflow_env/lib/python3.8/site-packages/airflow/example_dags/example_complex.py
[2022-03-22 17:48:45,352] {processor.py:642} INFO - Processing file /Users/adebolafagbule/opt/anaconda3/envs/airflow_env/lib/python3.8/site-packages/airflow/example_dags/example_complex.py for tasks to queue
[2022-03-22 17:48:45,353] {logging_mixin.py:109} INFO - [2022-03-22 17:48:45,353] {dagbag.py:500} INFO - Filling up the DagBag from /Users/adebolafagbule/opt/anaconda3/envs/airflow_env/lib/python3.8/site-packages/airflow/example_dags/example_complex.py
[2022-03-22 17:48:45,388] {processor.py:654} INFO - DAG(s) dict_keys(['example_complex']) retrieved from /Users/adebolafagbule/opt/anaconda3/envs/airflow_env/lib/python3.8/site-packages/airflow/example_dags/example_complex.py
[2022-03-22 17:48:45,406] {logging_mixin.py:109} INFO - [2022-03-22 17:48:45,406] {dag.py:2398} INFO - Sync 1 DAGs
[2022-03-22 17:48:45,414] {logging_mixin.py:109} INFO - [2022-03-22 17:48:45,414] {dag.py:2937} INFO - Setting next_dagrun for example_complex to None
[2022-03-22 17:48:45,420] {processor.py:171} INFO - Processing /Users/adebolafagbule/opt/anaconda3/envs/airflow_env/lib/python3.8/site-packages/airflow/example_dags/example_complex.py took 0.070 seconds
[2022-03-22 17:50:09,899] {processor.py:163} INFO - Started process (PID=64586) to work on /Users/adebolafagbule/opt/anaconda3/envs/airflow_env/lib/python3.8/site-packages/airflow/example_dags/example_complex.py
[2022-03-22 17:50:09,900] {processor.py:642} INFO - Processing file /Users/adebolafagbule/opt/anaconda3/envs/airflow_env/lib/python3.8/site-packages/airflow/example_dags/example_complex.py for tasks to queue
[2022-03-22 17:50:09,900] {logging_mixin.py:109} INFO - [2022-03-22 17:50:09,900] {dagbag.py:500} INFO - Filling up the DagBag from /Users/adebolafagbule/opt/anaconda3/envs/airflow_env/lib/python3.8/site-packages/airflow/example_dags/example_complex.py
[2022-03-22 17:50:09,959] {processor.py:654} INFO - DAG(s) dict_keys(['example_complex']) retrieved from /Users/adebolafagbule/opt/anaconda3/envs/airflow_env/lib/python3.8/site-packages/airflow/example_dags/example_complex.py
[2022-03-22 17:50:09,981] {logging_mixin.py:109} INFO - [2022-03-22 17:50:09,981] {dag.py:2398} INFO - Sync 1 DAGs
[2022-03-22 17:50:09,988] {logging_mixin.py:109} INFO - [2022-03-22 17:50:09,988] {dag.py:2937} INFO - Setting next_dagrun for example_complex to None
[2022-03-22 17:50:09,994] {processor.py:171} INFO - Processing /Users/adebolafagbule/opt/anaconda3/envs/airflow_env/lib/python3.8/site-packages/airflow/example_dags/example_complex.py took 0.096 seconds
[2022-03-22 17:51:40,498] {processor.py:163} INFO - Started process (PID=64665) to work on /Users/adebolafagbule/opt/anaconda3/envs/airflow_env/lib/python3.8/site-packages/airflow/example_dags/example_complex.py
[2022-03-22 17:51:40,499] {processor.py:642} INFO - Processing file /Users/adebolafagbule/opt/anaconda3/envs/airflow_env/lib/python3.8/site-packages/airflow/example_dags/example_complex.py for tasks to queue
[2022-03-22 17:51:40,500] {logging_mixin.py:109} INFO - [2022-03-22 17:51:40,500] {dagbag.py:500} INFO - Filling up the DagBag from /Users/adebolafagbule/opt/anaconda3/envs/airflow_env/lib/python3.8/site-packages/airflow/example_dags/example_complex.py
[2022-03-22 17:51:40,538] {processor.py:654} INFO - DAG(s) dict_keys(['example_complex']) retrieved from /Users/adebolafagbule/opt/anaconda3/envs/airflow_env/lib/python3.8/site-packages/airflow/example_dags/example_complex.py
[2022-03-22 17:51:40,578] {logging_mixin.py:109} INFO - [2022-03-22 17:51:40,578] {dag.py:2398} INFO - Sync 1 DAGs
[2022-03-22 17:51:40,587] {logging_mixin.py:109} INFO - [2022-03-22 17:51:40,587] {dag.py:2937} INFO - Setting next_dagrun for example_complex to None
[2022-03-22 17:51:40,596] {processor.py:171} INFO - Processing /Users/adebolafagbule/opt/anaconda3/envs/airflow_env/lib/python3.8/site-packages/airflow/example_dags/example_complex.py took 0.098 seconds
[2022-03-22 17:53:16,131] {processor.py:163} INFO - Started process (PID=64744) to work on /Users/adebolafagbule/opt/anaconda3/envs/airflow_env/lib/python3.8/site-packages/airflow/example_dags/example_complex.py
[2022-03-22 17:53:16,132] {processor.py:642} INFO - Processing file /Users/adebolafagbule/opt/anaconda3/envs/airflow_env/lib/python3.8/site-packages/airflow/example_dags/example_complex.py for tasks to queue
[2022-03-22 17:53:16,133] {logging_mixin.py:109} INFO - [2022-03-22 17:53:16,133] {dagbag.py:500} INFO - Filling up the DagBag from /Users/adebolafagbule/opt/anaconda3/envs/airflow_env/lib/python3.8/site-packages/airflow/example_dags/example_complex.py
[2022-03-22 17:53:16,175] {processor.py:654} INFO - DAG(s) dict_keys(['example_complex']) retrieved from /Users/adebolafagbule/opt/anaconda3/envs/airflow_env/lib/python3.8/site-packages/airflow/example_dags/example_complex.py
[2022-03-22 17:53:16,196] {logging_mixin.py:109} INFO - [2022-03-22 17:53:16,196] {dag.py:2398} INFO - Sync 1 DAGs
[2022-03-22 17:53:16,204] {logging_mixin.py:109} INFO - [2022-03-22 17:53:16,204] {dag.py:2937} INFO - Setting next_dagrun for example_complex to None
[2022-03-22 17:53:16,212] {processor.py:171} INFO - Processing /Users/adebolafagbule/opt/anaconda3/envs/airflow_env/lib/python3.8/site-packages/airflow/example_dags/example_complex.py took 0.081 seconds
[2022-03-22 17:55:09,389] {processor.py:163} INFO - Started process (PID=64824) to work on /Users/adebolafagbule/opt/anaconda3/envs/airflow_env/lib/python3.8/site-packages/airflow/example_dags/example_complex.py
[2022-03-22 17:55:09,390] {processor.py:642} INFO - Processing file /Users/adebolafagbule/opt/anaconda3/envs/airflow_env/lib/python3.8/site-packages/airflow/example_dags/example_complex.py for tasks to queue
[2022-03-22 17:55:09,391] {logging_mixin.py:109} INFO - [2022-03-22 17:55:09,391] {dagbag.py:500} INFO - Filling up the DagBag from /Users/adebolafagbule/opt/anaconda3/envs/airflow_env/lib/python3.8/site-packages/airflow/example_dags/example_complex.py
[2022-03-22 17:55:09,435] {processor.py:654} INFO - DAG(s) dict_keys(['example_complex']) retrieved from /Users/adebolafagbule/opt/anaconda3/envs/airflow_env/lib/python3.8/site-packages/airflow/example_dags/example_complex.py
[2022-03-22 17:55:09,457] {logging_mixin.py:109} INFO - [2022-03-22 17:55:09,457] {dag.py:2398} INFO - Sync 1 DAGs
[2022-03-22 17:55:09,465] {logging_mixin.py:109} INFO - [2022-03-22 17:55:09,465] {dag.py:2937} INFO - Setting next_dagrun for example_complex to None
[2022-03-22 17:55:09,472] {processor.py:171} INFO - Processing /Users/adebolafagbule/opt/anaconda3/envs/airflow_env/lib/python3.8/site-packages/airflow/example_dags/example_complex.py took 0.083 seconds
[2022-03-22 17:57:45,093] {processor.py:163} INFO - Started process (PID=64923) to work on /Users/adebolafagbule/opt/anaconda3/envs/airflow_env/lib/python3.8/site-packages/airflow/example_dags/example_complex.py
[2022-03-22 17:57:45,094] {processor.py:642} INFO - Processing file /Users/adebolafagbule/opt/anaconda3/envs/airflow_env/lib/python3.8/site-packages/airflow/example_dags/example_complex.py for tasks to queue
[2022-03-22 17:57:45,095] {logging_mixin.py:109} INFO - [2022-03-22 17:57:45,095] {dagbag.py:500} INFO - Filling up the DagBag from /Users/adebolafagbule/opt/anaconda3/envs/airflow_env/lib/python3.8/site-packages/airflow/example_dags/example_complex.py
[2022-03-22 17:57:45,149] {processor.py:654} INFO - DAG(s) dict_keys(['example_complex']) retrieved from /Users/adebolafagbule/opt/anaconda3/envs/airflow_env/lib/python3.8/site-packages/airflow/example_dags/example_complex.py
[2022-03-22 17:57:45,172] {logging_mixin.py:109} INFO - [2022-03-22 17:57:45,172] {dag.py:2398} INFO - Sync 1 DAGs
[2022-03-22 17:57:45,179] {logging_mixin.py:109} INFO - [2022-03-22 17:57:45,179] {dag.py:2937} INFO - Setting next_dagrun for example_complex to None
[2022-03-22 17:57:45,186] {processor.py:171} INFO - Processing /Users/adebolafagbule/opt/anaconda3/envs/airflow_env/lib/python3.8/site-packages/airflow/example_dags/example_complex.py took 0.093 seconds
[2022-03-22 18:00:09,391] {processor.py:163} INFO - Started process (PID=65014) to work on /Users/adebolafagbule/opt/anaconda3/envs/airflow_env/lib/python3.8/site-packages/airflow/example_dags/example_complex.py
[2022-03-22 18:00:09,392] {processor.py:642} INFO - Processing file /Users/adebolafagbule/opt/anaconda3/envs/airflow_env/lib/python3.8/site-packages/airflow/example_dags/example_complex.py for tasks to queue
[2022-03-22 18:00:09,392] {logging_mixin.py:109} INFO - [2022-03-22 18:00:09,392] {dagbag.py:500} INFO - Filling up the DagBag from /Users/adebolafagbule/opt/anaconda3/envs/airflow_env/lib/python3.8/site-packages/airflow/example_dags/example_complex.py
[2022-03-22 18:00:09,458] {processor.py:654} INFO - DAG(s) dict_keys(['example_complex']) retrieved from /Users/adebolafagbule/opt/anaconda3/envs/airflow_env/lib/python3.8/site-packages/airflow/example_dags/example_complex.py
[2022-03-22 18:00:09,518] {logging_mixin.py:109} INFO - [2022-03-22 18:00:09,517] {dag.py:2398} INFO - Sync 1 DAGs
[2022-03-22 18:00:09,531] {logging_mixin.py:109} INFO - [2022-03-22 18:00:09,530] {dag.py:2937} INFO - Setting next_dagrun for example_complex to None
[2022-03-22 18:00:09,540] {processor.py:171} INFO - Processing /Users/adebolafagbule/opt/anaconda3/envs/airflow_env/lib/python3.8/site-packages/airflow/example_dags/example_complex.py took 0.150 seconds
[2022-03-22 18:02:33,711] {processor.py:163} INFO - Started process (PID=65108) to work on /Users/adebolafagbule/opt/anaconda3/envs/airflow_env/lib/python3.8/site-packages/airflow/example_dags/example_complex.py
[2022-03-22 18:02:33,712] {processor.py:642} INFO - Processing file /Users/adebolafagbule/opt/anaconda3/envs/airflow_env/lib/python3.8/site-packages/airflow/example_dags/example_complex.py for tasks to queue
[2022-03-22 18:02:33,713] {logging_mixin.py:109} INFO - [2022-03-22 18:02:33,713] {dagbag.py:500} INFO - Filling up the DagBag from /Users/adebolafagbule/opt/anaconda3/envs/airflow_env/lib/python3.8/site-packages/airflow/example_dags/example_complex.py
[2022-03-22 18:02:33,767] {processor.py:654} INFO - DAG(s) dict_keys(['example_complex']) retrieved from /Users/adebolafagbule/opt/anaconda3/envs/airflow_env/lib/python3.8/site-packages/airflow/example_dags/example_complex.py
[2022-03-22 18:02:33,791] {logging_mixin.py:109} INFO - [2022-03-22 18:02:33,791] {dag.py:2398} INFO - Sync 1 DAGs
[2022-03-22 18:02:33,798] {logging_mixin.py:109} INFO - [2022-03-22 18:02:33,798] {dag.py:2937} INFO - Setting next_dagrun for example_complex to None
[2022-03-22 18:02:33,806] {processor.py:171} INFO - Processing /Users/adebolafagbule/opt/anaconda3/envs/airflow_env/lib/python3.8/site-packages/airflow/example_dags/example_complex.py took 0.095 seconds
[2022-03-22 18:04:57,265] {processor.py:163} INFO - Started process (PID=65200) to work on /Users/adebolafagbule/opt/anaconda3/envs/airflow_env/lib/python3.8/site-packages/airflow/example_dags/example_complex.py
[2022-03-22 18:04:57,266] {processor.py:642} INFO - Processing file /Users/adebolafagbule/opt/anaconda3/envs/airflow_env/lib/python3.8/site-packages/airflow/example_dags/example_complex.py for tasks to queue
[2022-03-22 18:04:57,267] {logging_mixin.py:109} INFO - [2022-03-22 18:04:57,267] {dagbag.py:500} INFO - Filling up the DagBag from /Users/adebolafagbule/opt/anaconda3/envs/airflow_env/lib/python3.8/site-packages/airflow/example_dags/example_complex.py
[2022-03-22 18:04:57,324] {processor.py:654} INFO - DAG(s) dict_keys(['example_complex']) retrieved from /Users/adebolafagbule/opt/anaconda3/envs/airflow_env/lib/python3.8/site-packages/airflow/example_dags/example_complex.py
[2022-03-22 18:04:57,347] {logging_mixin.py:109} INFO - [2022-03-22 18:04:57,347] {dag.py:2398} INFO - Sync 1 DAGs
[2022-03-22 18:04:57,355] {logging_mixin.py:109} INFO - [2022-03-22 18:04:57,355] {dag.py:2937} INFO - Setting next_dagrun for example_complex to None
[2022-03-22 18:04:57,362] {processor.py:171} INFO - Processing /Users/adebolafagbule/opt/anaconda3/envs/airflow_env/lib/python3.8/site-packages/airflow/example_dags/example_complex.py took 0.097 seconds
[2022-03-22 18:06:48,736] {processor.py:163} INFO - Started process (PID=65285) to work on /Users/adebolafagbule/opt/anaconda3/envs/airflow_env/lib/python3.8/site-packages/airflow/example_dags/example_complex.py
[2022-03-22 18:06:48,737] {processor.py:642} INFO - Processing file /Users/adebolafagbule/opt/anaconda3/envs/airflow_env/lib/python3.8/site-packages/airflow/example_dags/example_complex.py for tasks to queue
[2022-03-22 18:06:48,738] {logging_mixin.py:109} INFO - [2022-03-22 18:06:48,738] {dagbag.py:500} INFO - Filling up the DagBag from /Users/adebolafagbule/opt/anaconda3/envs/airflow_env/lib/python3.8/site-packages/airflow/example_dags/example_complex.py
[2022-03-22 18:06:48,780] {processor.py:654} INFO - DAG(s) dict_keys(['example_complex']) retrieved from /Users/adebolafagbule/opt/anaconda3/envs/airflow_env/lib/python3.8/site-packages/airflow/example_dags/example_complex.py
[2022-03-22 18:06:48,800] {logging_mixin.py:109} INFO - [2022-03-22 18:06:48,800] {dag.py:2398} INFO - Sync 1 DAGs
[2022-03-22 18:06:48,807] {logging_mixin.py:109} INFO - [2022-03-22 18:06:48,807] {dag.py:2937} INFO - Setting next_dagrun for example_complex to None
[2022-03-22 18:06:48,817] {processor.py:171} INFO - Processing /Users/adebolafagbule/opt/anaconda3/envs/airflow_env/lib/python3.8/site-packages/airflow/example_dags/example_complex.py took 0.082 seconds
[2022-03-22 18:08:37,797] {processor.py:163} INFO - Started process (PID=65371) to work on /Users/adebolafagbule/opt/anaconda3/envs/airflow_env/lib/python3.8/site-packages/airflow/example_dags/example_complex.py
[2022-03-22 18:08:37,798] {processor.py:642} INFO - Processing file /Users/adebolafagbule/opt/anaconda3/envs/airflow_env/lib/python3.8/site-packages/airflow/example_dags/example_complex.py for tasks to queue
[2022-03-22 18:08:37,799] {logging_mixin.py:109} INFO - [2022-03-22 18:08:37,799] {dagbag.py:500} INFO - Filling up the DagBag from /Users/adebolafagbule/opt/anaconda3/envs/airflow_env/lib/python3.8/site-packages/airflow/example_dags/example_complex.py
[2022-03-22 18:08:37,854] {processor.py:654} INFO - DAG(s) dict_keys(['example_complex']) retrieved from /Users/adebolafagbule/opt/anaconda3/envs/airflow_env/lib/python3.8/site-packages/airflow/example_dags/example_complex.py
[2022-03-22 18:08:37,887] {logging_mixin.py:109} INFO - [2022-03-22 18:08:37,886] {dag.py:2398} INFO - Sync 1 DAGs
[2022-03-22 18:08:37,894] {logging_mixin.py:109} INFO - [2022-03-22 18:08:37,894] {dag.py:2937} INFO - Setting next_dagrun for example_complex to None
[2022-03-22 18:08:37,902] {processor.py:171} INFO - Processing /Users/adebolafagbule/opt/anaconda3/envs/airflow_env/lib/python3.8/site-packages/airflow/example_dags/example_complex.py took 0.106 seconds
[2022-03-22 18:10:32,270] {processor.py:163} INFO - Started process (PID=65455) to work on /Users/adebolafagbule/opt/anaconda3/envs/airflow_env/lib/python3.8/site-packages/airflow/example_dags/example_complex.py
[2022-03-22 18:10:32,271] {processor.py:642} INFO - Processing file /Users/adebolafagbule/opt/anaconda3/envs/airflow_env/lib/python3.8/site-packages/airflow/example_dags/example_complex.py for tasks to queue
[2022-03-22 18:10:32,271] {logging_mixin.py:109} INFO - [2022-03-22 18:10:32,271] {dagbag.py:500} INFO - Filling up the DagBag from /Users/adebolafagbule/opt/anaconda3/envs/airflow_env/lib/python3.8/site-packages/airflow/example_dags/example_complex.py
[2022-03-22 18:10:32,312] {processor.py:654} INFO - DAG(s) dict_keys(['example_complex']) retrieved from /Users/adebolafagbule/opt/anaconda3/envs/airflow_env/lib/python3.8/site-packages/airflow/example_dags/example_complex.py
[2022-03-22 18:10:32,335] {logging_mixin.py:109} INFO - [2022-03-22 18:10:32,335] {dag.py:2398} INFO - Sync 1 DAGs
[2022-03-22 18:10:32,342] {logging_mixin.py:109} INFO - [2022-03-22 18:10:32,342] {dag.py:2937} INFO - Setting next_dagrun for example_complex to None
[2022-03-22 18:10:32,349] {processor.py:171} INFO - Processing /Users/adebolafagbule/opt/anaconda3/envs/airflow_env/lib/python3.8/site-packages/airflow/example_dags/example_complex.py took 0.080 seconds
[2022-03-22 18:12:22,323] {processor.py:163} INFO - Started process (PID=65542) to work on /Users/adebolafagbule/opt/anaconda3/envs/airflow_env/lib/python3.8/site-packages/airflow/example_dags/example_complex.py
[2022-03-22 18:12:22,324] {processor.py:642} INFO - Processing file /Users/adebolafagbule/opt/anaconda3/envs/airflow_env/lib/python3.8/site-packages/airflow/example_dags/example_complex.py for tasks to queue
[2022-03-22 18:12:22,325] {logging_mixin.py:109} INFO - [2022-03-22 18:12:22,325] {dagbag.py:500} INFO - Filling up the DagBag from /Users/adebolafagbule/opt/anaconda3/envs/airflow_env/lib/python3.8/site-packages/airflow/example_dags/example_complex.py
[2022-03-22 18:12:22,372] {processor.py:654} INFO - DAG(s) dict_keys(['example_complex']) retrieved from /Users/adebolafagbule/opt/anaconda3/envs/airflow_env/lib/python3.8/site-packages/airflow/example_dags/example_complex.py
[2022-03-22 18:12:22,391] {logging_mixin.py:109} INFO - [2022-03-22 18:12:22,391] {dag.py:2398} INFO - Sync 1 DAGs
[2022-03-22 18:12:22,399] {logging_mixin.py:109} INFO - [2022-03-22 18:12:22,398] {dag.py:2937} INFO - Setting next_dagrun for example_complex to None
[2022-03-22 18:12:22,406] {processor.py:171} INFO - Processing /Users/adebolafagbule/opt/anaconda3/envs/airflow_env/lib/python3.8/site-packages/airflow/example_dags/example_complex.py took 0.084 seconds
[2022-03-22 18:14:11,988] {processor.py:163} INFO - Started process (PID=65624) to work on /Users/adebolafagbule/opt/anaconda3/envs/airflow_env/lib/python3.8/site-packages/airflow/example_dags/example_complex.py
[2022-03-22 18:14:11,989] {processor.py:642} INFO - Processing file /Users/adebolafagbule/opt/anaconda3/envs/airflow_env/lib/python3.8/site-packages/airflow/example_dags/example_complex.py for tasks to queue
[2022-03-22 18:14:11,990] {logging_mixin.py:109} INFO - [2022-03-22 18:14:11,990] {dagbag.py:500} INFO - Filling up the DagBag from /Users/adebolafagbule/opt/anaconda3/envs/airflow_env/lib/python3.8/site-packages/airflow/example_dags/example_complex.py
[2022-03-22 18:14:12,033] {processor.py:654} INFO - DAG(s) dict_keys(['example_complex']) retrieved from /Users/adebolafagbule/opt/anaconda3/envs/airflow_env/lib/python3.8/site-packages/airflow/example_dags/example_complex.py
[2022-03-22 18:14:12,055] {logging_mixin.py:109} INFO - [2022-03-22 18:14:12,055] {dag.py:2398} INFO - Sync 1 DAGs
[2022-03-22 18:14:12,063] {logging_mixin.py:109} INFO - [2022-03-22 18:14:12,062] {dag.py:2937} INFO - Setting next_dagrun for example_complex to None
[2022-03-22 18:14:12,069] {processor.py:171} INFO - Processing /Users/adebolafagbule/opt/anaconda3/envs/airflow_env/lib/python3.8/site-packages/airflow/example_dags/example_complex.py took 0.082 seconds
[2022-03-22 18:16:14,378] {processor.py:163} INFO - Started process (PID=65724) to work on /Users/adebolafagbule/opt/anaconda3/envs/airflow_env/lib/python3.8/site-packages/airflow/example_dags/example_complex.py
[2022-03-22 18:16:14,379] {processor.py:642} INFO - Processing file /Users/adebolafagbule/opt/anaconda3/envs/airflow_env/lib/python3.8/site-packages/airflow/example_dags/example_complex.py for tasks to queue
[2022-03-22 18:16:14,379] {logging_mixin.py:109} INFO - [2022-03-22 18:16:14,379] {dagbag.py:500} INFO - Filling up the DagBag from /Users/adebolafagbule/opt/anaconda3/envs/airflow_env/lib/python3.8/site-packages/airflow/example_dags/example_complex.py
[2022-03-22 18:16:14,424] {processor.py:654} INFO - DAG(s) dict_keys(['example_complex']) retrieved from /Users/adebolafagbule/opt/anaconda3/envs/airflow_env/lib/python3.8/site-packages/airflow/example_dags/example_complex.py
[2022-03-22 18:16:14,455] {logging_mixin.py:109} INFO - [2022-03-22 18:16:14,455] {dag.py:2398} INFO - Sync 1 DAGs
[2022-03-22 18:16:14,463] {logging_mixin.py:109} INFO - [2022-03-22 18:16:14,463] {dag.py:2937} INFO - Setting next_dagrun for example_complex to None
[2022-03-22 18:16:14,470] {processor.py:171} INFO - Processing /Users/adebolafagbule/opt/anaconda3/envs/airflow_env/lib/python3.8/site-packages/airflow/example_dags/example_complex.py took 0.093 seconds
[2022-03-22 18:17:57,762] {processor.py:163} INFO - Started process (PID=65805) to work on /Users/adebolafagbule/opt/anaconda3/envs/airflow_env/lib/python3.8/site-packages/airflow/example_dags/example_complex.py
[2022-03-22 18:17:57,763] {processor.py:642} INFO - Processing file /Users/adebolafagbule/opt/anaconda3/envs/airflow_env/lib/python3.8/site-packages/airflow/example_dags/example_complex.py for tasks to queue
[2022-03-22 18:17:57,763] {logging_mixin.py:109} INFO - [2022-03-22 18:17:57,763] {dagbag.py:500} INFO - Filling up the DagBag from /Users/adebolafagbule/opt/anaconda3/envs/airflow_env/lib/python3.8/site-packages/airflow/example_dags/example_complex.py
[2022-03-22 18:17:57,804] {processor.py:654} INFO - DAG(s) dict_keys(['example_complex']) retrieved from /Users/adebolafagbule/opt/anaconda3/envs/airflow_env/lib/python3.8/site-packages/airflow/example_dags/example_complex.py
[2022-03-22 18:17:57,825] {logging_mixin.py:109} INFO - [2022-03-22 18:17:57,824] {dag.py:2398} INFO - Sync 1 DAGs
[2022-03-22 18:17:57,832] {logging_mixin.py:109} INFO - [2022-03-22 18:17:57,832] {dag.py:2937} INFO - Setting next_dagrun for example_complex to None
[2022-03-22 18:17:57,839] {processor.py:171} INFO - Processing /Users/adebolafagbule/opt/anaconda3/envs/airflow_env/lib/python3.8/site-packages/airflow/example_dags/example_complex.py took 0.078 seconds
[2022-03-22 18:19:34,388] {processor.py:163} INFO - Started process (PID=65884) to work on /Users/adebolafagbule/opt/anaconda3/envs/airflow_env/lib/python3.8/site-packages/airflow/example_dags/example_complex.py
[2022-03-22 18:19:34,389] {processor.py:642} INFO - Processing file /Users/adebolafagbule/opt/anaconda3/envs/airflow_env/lib/python3.8/site-packages/airflow/example_dags/example_complex.py for tasks to queue
[2022-03-22 18:19:34,390] {logging_mixin.py:109} INFO - [2022-03-22 18:19:34,390] {dagbag.py:500} INFO - Filling up the DagBag from /Users/adebolafagbule/opt/anaconda3/envs/airflow_env/lib/python3.8/site-packages/airflow/example_dags/example_complex.py
[2022-03-22 18:19:34,446] {processor.py:654} INFO - DAG(s) dict_keys(['example_complex']) retrieved from /Users/adebolafagbule/opt/anaconda3/envs/airflow_env/lib/python3.8/site-packages/airflow/example_dags/example_complex.py
[2022-03-22 18:19:34,509] {logging_mixin.py:109} INFO - [2022-03-22 18:19:34,508] {dag.py:2398} INFO - Sync 1 DAGs
[2022-03-22 18:19:34,522] {logging_mixin.py:109} INFO - [2022-03-22 18:19:34,522] {dag.py:2937} INFO - Setting next_dagrun for example_complex to None
[2022-03-22 18:19:34,531] {processor.py:171} INFO - Processing /Users/adebolafagbule/opt/anaconda3/envs/airflow_env/lib/python3.8/site-packages/airflow/example_dags/example_complex.py took 0.144 seconds
[2022-03-22 18:21:08,921] {processor.py:163} INFO - Started process (PID=65964) to work on /Users/adebolafagbule/opt/anaconda3/envs/airflow_env/lib/python3.8/site-packages/airflow/example_dags/example_complex.py
[2022-03-22 18:21:08,922] {processor.py:642} INFO - Processing file /Users/adebolafagbule/opt/anaconda3/envs/airflow_env/lib/python3.8/site-packages/airflow/example_dags/example_complex.py for tasks to queue
[2022-03-22 18:21:08,923] {logging_mixin.py:109} INFO - [2022-03-22 18:21:08,923] {dagbag.py:500} INFO - Filling up the DagBag from /Users/adebolafagbule/opt/anaconda3/envs/airflow_env/lib/python3.8/site-packages/airflow/example_dags/example_complex.py
[2022-03-22 18:21:08,990] {processor.py:654} INFO - DAG(s) dict_keys(['example_complex']) retrieved from /Users/adebolafagbule/opt/anaconda3/envs/airflow_env/lib/python3.8/site-packages/airflow/example_dags/example_complex.py
[2022-03-22 18:21:09,014] {logging_mixin.py:109} INFO - [2022-03-22 18:21:09,014] {dag.py:2398} INFO - Sync 1 DAGs
[2022-03-22 18:21:09,022] {logging_mixin.py:109} INFO - [2022-03-22 18:21:09,022] {dag.py:2937} INFO - Setting next_dagrun for example_complex to None
[2022-03-22 18:21:09,030] {processor.py:171} INFO - Processing /Users/adebolafagbule/opt/anaconda3/envs/airflow_env/lib/python3.8/site-packages/airflow/example_dags/example_complex.py took 0.109 seconds
[2022-03-22 18:22:35,283] {processor.py:163} INFO - Started process (PID=66041) to work on /Users/adebolafagbule/opt/anaconda3/envs/airflow_env/lib/python3.8/site-packages/airflow/example_dags/example_complex.py
[2022-03-22 18:22:35,284] {processor.py:642} INFO - Processing file /Users/adebolafagbule/opt/anaconda3/envs/airflow_env/lib/python3.8/site-packages/airflow/example_dags/example_complex.py for tasks to queue
[2022-03-22 18:22:35,284] {logging_mixin.py:109} INFO - [2022-03-22 18:22:35,284] {dagbag.py:500} INFO - Filling up the DagBag from /Users/adebolafagbule/opt/anaconda3/envs/airflow_env/lib/python3.8/site-packages/airflow/example_dags/example_complex.py
[2022-03-22 18:22:35,326] {processor.py:654} INFO - DAG(s) dict_keys(['example_complex']) retrieved from /Users/adebolafagbule/opt/anaconda3/envs/airflow_env/lib/python3.8/site-packages/airflow/example_dags/example_complex.py
[2022-03-22 18:22:35,348] {logging_mixin.py:109} INFO - [2022-03-22 18:22:35,347] {dag.py:2398} INFO - Sync 1 DAGs
[2022-03-22 18:22:35,356] {logging_mixin.py:109} INFO - [2022-03-22 18:22:35,356] {dag.py:2937} INFO - Setting next_dagrun for example_complex to None
[2022-03-22 18:22:35,362] {processor.py:171} INFO - Processing /Users/adebolafagbule/opt/anaconda3/envs/airflow_env/lib/python3.8/site-packages/airflow/example_dags/example_complex.py took 0.080 seconds
[2022-03-22 18:24:04,639] {processor.py:163} INFO - Started process (PID=66119) to work on /Users/adebolafagbule/opt/anaconda3/envs/airflow_env/lib/python3.8/site-packages/airflow/example_dags/example_complex.py
[2022-03-22 18:24:04,640] {processor.py:642} INFO - Processing file /Users/adebolafagbule/opt/anaconda3/envs/airflow_env/lib/python3.8/site-packages/airflow/example_dags/example_complex.py for tasks to queue
[2022-03-22 18:24:04,641] {logging_mixin.py:109} INFO - [2022-03-22 18:24:04,641] {dagbag.py:500} INFO - Filling up the DagBag from /Users/adebolafagbule/opt/anaconda3/envs/airflow_env/lib/python3.8/site-packages/airflow/example_dags/example_complex.py
[2022-03-22 18:24:04,679] {processor.py:654} INFO - DAG(s) dict_keys(['example_complex']) retrieved from /Users/adebolafagbule/opt/anaconda3/envs/airflow_env/lib/python3.8/site-packages/airflow/example_dags/example_complex.py
[2022-03-22 18:24:04,699] {logging_mixin.py:109} INFO - [2022-03-22 18:24:04,699] {dag.py:2398} INFO - Sync 1 DAGs
[2022-03-22 18:24:04,706] {logging_mixin.py:109} INFO - [2022-03-22 18:24:04,706] {dag.py:2937} INFO - Setting next_dagrun for example_complex to None
[2022-03-22 18:24:04,712] {processor.py:171} INFO - Processing /Users/adebolafagbule/opt/anaconda3/envs/airflow_env/lib/python3.8/site-packages/airflow/example_dags/example_complex.py took 0.073 seconds
[2022-03-22 18:25:35,805] {processor.py:163} INFO - Started process (PID=66196) to work on /Users/adebolafagbule/opt/anaconda3/envs/airflow_env/lib/python3.8/site-packages/airflow/example_dags/example_complex.py
[2022-03-22 18:25:35,806] {processor.py:642} INFO - Processing file /Users/adebolafagbule/opt/anaconda3/envs/airflow_env/lib/python3.8/site-packages/airflow/example_dags/example_complex.py for tasks to queue
[2022-03-22 18:25:35,807] {logging_mixin.py:109} INFO - [2022-03-22 18:25:35,807] {dagbag.py:500} INFO - Filling up the DagBag from /Users/adebolafagbule/opt/anaconda3/envs/airflow_env/lib/python3.8/site-packages/airflow/example_dags/example_complex.py
[2022-03-22 18:25:35,869] {processor.py:654} INFO - DAG(s) dict_keys(['example_complex']) retrieved from /Users/adebolafagbule/opt/anaconda3/envs/airflow_env/lib/python3.8/site-packages/airflow/example_dags/example_complex.py
[2022-03-22 18:25:35,897] {logging_mixin.py:109} INFO - [2022-03-22 18:25:35,896] {dag.py:2398} INFO - Sync 1 DAGs
[2022-03-22 18:25:35,905] {logging_mixin.py:109} INFO - [2022-03-22 18:25:35,905] {dag.py:2937} INFO - Setting next_dagrun for example_complex to None
[2022-03-22 18:25:35,913] {processor.py:171} INFO - Processing /Users/adebolafagbule/opt/anaconda3/envs/airflow_env/lib/python3.8/site-packages/airflow/example_dags/example_complex.py took 0.108 seconds
[2022-03-22 18:27:19,470] {processor.py:163} INFO - Started process (PID=66281) to work on /Users/adebolafagbule/opt/anaconda3/envs/airflow_env/lib/python3.8/site-packages/airflow/example_dags/example_complex.py
[2022-03-22 18:27:19,471] {processor.py:642} INFO - Processing file /Users/adebolafagbule/opt/anaconda3/envs/airflow_env/lib/python3.8/site-packages/airflow/example_dags/example_complex.py for tasks to queue
[2022-03-22 18:27:19,471] {logging_mixin.py:109} INFO - [2022-03-22 18:27:19,471] {dagbag.py:500} INFO - Filling up the DagBag from /Users/adebolafagbule/opt/anaconda3/envs/airflow_env/lib/python3.8/site-packages/airflow/example_dags/example_complex.py
[2022-03-22 18:27:19,519] {processor.py:654} INFO - DAG(s) dict_keys(['example_complex']) retrieved from /Users/adebolafagbule/opt/anaconda3/envs/airflow_env/lib/python3.8/site-packages/airflow/example_dags/example_complex.py
[2022-03-22 18:27:19,539] {logging_mixin.py:109} INFO - [2022-03-22 18:27:19,539] {dag.py:2398} INFO - Sync 1 DAGs
[2022-03-22 18:27:19,547] {logging_mixin.py:109} INFO - [2022-03-22 18:27:19,547] {dag.py:2937} INFO - Setting next_dagrun for example_complex to None
[2022-03-22 18:27:19,553] {processor.py:171} INFO - Processing /Users/adebolafagbule/opt/anaconda3/envs/airflow_env/lib/python3.8/site-packages/airflow/example_dags/example_complex.py took 0.083 seconds
[2022-03-22 19:21:46,428] {processor.py:163} INFO - Started process (PID=66372) to work on /Users/adebolafagbule/opt/anaconda3/envs/airflow_env/lib/python3.8/site-packages/airflow/example_dags/example_complex.py
[2022-03-22 19:21:46,430] {processor.py:642} INFO - Processing file /Users/adebolafagbule/opt/anaconda3/envs/airflow_env/lib/python3.8/site-packages/airflow/example_dags/example_complex.py for tasks to queue
[2022-03-22 19:21:46,431] {logging_mixin.py:109} INFO - [2022-03-22 19:21:46,431] {dagbag.py:500} INFO - Filling up the DagBag from /Users/adebolafagbule/opt/anaconda3/envs/airflow_env/lib/python3.8/site-packages/airflow/example_dags/example_complex.py
[2022-03-22 19:21:46,512] {processor.py:654} INFO - DAG(s) dict_keys(['example_complex']) retrieved from /Users/adebolafagbule/opt/anaconda3/envs/airflow_env/lib/python3.8/site-packages/airflow/example_dags/example_complex.py
[2022-03-22 19:21:46,557] {logging_mixin.py:109} INFO - [2022-03-22 19:21:46,556] {dag.py:2398} INFO - Sync 1 DAGs
[2022-03-22 19:21:46,574] {logging_mixin.py:109} INFO - [2022-03-22 19:21:46,574] {dag.py:2937} INFO - Setting next_dagrun for example_complex to None
[2022-03-22 19:21:46,588] {processor.py:171} INFO - Processing /Users/adebolafagbule/opt/anaconda3/envs/airflow_env/lib/python3.8/site-packages/airflow/example_dags/example_complex.py took 0.160 seconds
