[2022-03-22 00:35:20,571] {processor.py:163} INFO - Started process (PID=61258) to work on /Users/adebolafagbule/opt/anaconda3/envs/airflow_env/lib/python3.8/site-packages/airflow/example_dags/example_branch_datetime_operator.py
[2022-03-22 00:35:20,571] {processor.py:642} INFO - Processing file /Users/adebolafagbule/opt/anaconda3/envs/airflow_env/lib/python3.8/site-packages/airflow/example_dags/example_branch_datetime_operator.py for tasks to queue
[2022-03-22 00:35:20,572] {logging_mixin.py:109} INFO - [2022-03-22 00:35:20,572] {dagbag.py:500} INFO - Filling up the DagBag from /Users/adebolafagbule/opt/anaconda3/envs/airflow_env/lib/python3.8/site-packages/airflow/example_dags/example_branch_datetime_operator.py
[2022-03-22 00:35:20,647] {processor.py:654} INFO - DAG(s) dict_keys(['example_branch_datetime_operator_2']) retrieved from /Users/adebolafagbule/opt/anaconda3/envs/airflow_env/lib/python3.8/site-packages/airflow/example_dags/example_branch_datetime_operator.py
[2022-03-22 00:35:20,679] {logging_mixin.py:109} INFO - [2022-03-22 00:35:20,679] {dag.py:2398} INFO - Sync 1 DAGs
[2022-03-22 00:35:20,701] {logging_mixin.py:109} INFO - [2022-03-22 00:35:20,701] {dag.py:2937} INFO - Setting next_dagrun for example_branch_datetime_operator_2 to 2022-03-22T00:00:00+00:00
[2022-03-22 00:35:20,714] {processor.py:171} INFO - Processing /Users/adebolafagbule/opt/anaconda3/envs/airflow_env/lib/python3.8/site-packages/airflow/example_dags/example_branch_datetime_operator.py took 0.144 seconds
[2022-03-22 05:52:03,541] {processor.py:163} INFO - Started process (PID=61455) to work on /Users/adebolafagbule/opt/anaconda3/envs/airflow_env/lib/python3.8/site-packages/airflow/example_dags/example_branch_datetime_operator.py
[2022-03-22 05:52:03,543] {processor.py:642} INFO - Processing file /Users/adebolafagbule/opt/anaconda3/envs/airflow_env/lib/python3.8/site-packages/airflow/example_dags/example_branch_datetime_operator.py for tasks to queue
[2022-03-22 05:52:03,543] {logging_mixin.py:109} INFO - [2022-03-22 05:52:03,543] {dagbag.py:500} INFO - Filling up the DagBag from /Users/adebolafagbule/opt/anaconda3/envs/airflow_env/lib/python3.8/site-packages/airflow/example_dags/example_branch_datetime_operator.py
[2022-03-22 05:52:03,620] {processor.py:654} INFO - DAG(s) dict_keys(['example_branch_datetime_operator_2']) retrieved from /Users/adebolafagbule/opt/anaconda3/envs/airflow_env/lib/python3.8/site-packages/airflow/example_dags/example_branch_datetime_operator.py
[2022-03-22 05:52:03,655] {logging_mixin.py:109} INFO - [2022-03-22 05:52:03,654] {dag.py:2398} INFO - Sync 1 DAGs
[2022-03-22 05:52:03,680] {logging_mixin.py:109} INFO - [2022-03-22 05:52:03,680] {dag.py:2937} INFO - Setting next_dagrun for example_branch_datetime_operator_2 to 2022-03-22T00:00:00+00:00
[2022-03-22 05:52:03,695] {processor.py:171} INFO - Processing /Users/adebolafagbule/opt/anaconda3/envs/airflow_env/lib/python3.8/site-packages/airflow/example_dags/example_branch_datetime_operator.py took 0.155 seconds
[2022-03-22 08:28:42,058] {processor.py:163} INFO - Started process (PID=61660) to work on /Users/adebolafagbule/opt/anaconda3/envs/airflow_env/lib/python3.8/site-packages/airflow/example_dags/example_branch_datetime_operator.py
[2022-03-22 08:28:42,060] {processor.py:642} INFO - Processing file /Users/adebolafagbule/opt/anaconda3/envs/airflow_env/lib/python3.8/site-packages/airflow/example_dags/example_branch_datetime_operator.py for tasks to queue
[2022-03-22 08:28:42,060] {logging_mixin.py:109} INFO - [2022-03-22 08:28:42,060] {dagbag.py:500} INFO - Filling up the DagBag from /Users/adebolafagbule/opt/anaconda3/envs/airflow_env/lib/python3.8/site-packages/airflow/example_dags/example_branch_datetime_operator.py
[2022-03-22 08:28:42,135] {processor.py:654} INFO - DAG(s) dict_keys(['example_branch_datetime_operator_2']) retrieved from /Users/adebolafagbule/opt/anaconda3/envs/airflow_env/lib/python3.8/site-packages/airflow/example_dags/example_branch_datetime_operator.py
[2022-03-22 08:28:42,168] {logging_mixin.py:109} INFO - [2022-03-22 08:28:42,168] {dag.py:2398} INFO - Sync 1 DAGs
[2022-03-22 08:28:42,193] {logging_mixin.py:109} INFO - [2022-03-22 08:28:42,193] {dag.py:2937} INFO - Setting next_dagrun for example_branch_datetime_operator_2 to 2022-03-22T00:00:00+00:00
[2022-03-22 08:28:42,206] {processor.py:171} INFO - Processing /Users/adebolafagbule/opt/anaconda3/envs/airflow_env/lib/python3.8/site-packages/airflow/example_dags/example_branch_datetime_operator.py took 0.148 seconds
[2022-03-22 09:16:04,365] {processor.py:163} INFO - Started process (PID=61803) to work on /Users/adebolafagbule/opt/anaconda3/envs/airflow_env/lib/python3.8/site-packages/airflow/example_dags/example_branch_datetime_operator.py
[2022-03-22 09:16:04,368] {processor.py:642} INFO - Processing file /Users/adebolafagbule/opt/anaconda3/envs/airflow_env/lib/python3.8/site-packages/airflow/example_dags/example_branch_datetime_operator.py for tasks to queue
[2022-03-22 09:16:04,368] {logging_mixin.py:109} INFO - [2022-03-22 09:16:04,368] {dagbag.py:500} INFO - Filling up the DagBag from /Users/adebolafagbule/opt/anaconda3/envs/airflow_env/lib/python3.8/site-packages/airflow/example_dags/example_branch_datetime_operator.py
[2022-03-22 09:16:04,439] {processor.py:654} INFO - DAG(s) dict_keys(['example_branch_datetime_operator_2']) retrieved from /Users/adebolafagbule/opt/anaconda3/envs/airflow_env/lib/python3.8/site-packages/airflow/example_dags/example_branch_datetime_operator.py
[2022-03-22 09:16:04,472] {logging_mixin.py:109} INFO - [2022-03-22 09:16:04,472] {dag.py:2398} INFO - Sync 1 DAGs
[2022-03-22 09:16:04,497] {logging_mixin.py:109} INFO - [2022-03-22 09:16:04,497] {dag.py:2937} INFO - Setting next_dagrun for example_branch_datetime_operator_2 to 2022-03-22T00:00:00+00:00
[2022-03-22 09:16:04,510] {processor.py:171} INFO - Processing /Users/adebolafagbule/opt/anaconda3/envs/airflow_env/lib/python3.8/site-packages/airflow/example_dags/example_branch_datetime_operator.py took 0.145 seconds
[2022-03-22 09:53:10,212] {processor.py:163} INFO - Started process (PID=61967) to work on /Users/adebolafagbule/opt/anaconda3/envs/airflow_env/lib/python3.8/site-packages/airflow/example_dags/example_branch_datetime_operator.py
[2022-03-22 09:53:10,213] {processor.py:642} INFO - Processing file /Users/adebolafagbule/opt/anaconda3/envs/airflow_env/lib/python3.8/site-packages/airflow/example_dags/example_branch_datetime_operator.py for tasks to queue
[2022-03-22 09:53:10,213] {logging_mixin.py:109} INFO - [2022-03-22 09:53:10,213] {dagbag.py:500} INFO - Filling up the DagBag from /Users/adebolafagbule/opt/anaconda3/envs/airflow_env/lib/python3.8/site-packages/airflow/example_dags/example_branch_datetime_operator.py
[2022-03-22 09:53:10,288] {processor.py:654} INFO - DAG(s) dict_keys(['example_branch_datetime_operator_2']) retrieved from /Users/adebolafagbule/opt/anaconda3/envs/airflow_env/lib/python3.8/site-packages/airflow/example_dags/example_branch_datetime_operator.py
[2022-03-22 09:53:10,321] {logging_mixin.py:109} INFO - [2022-03-22 09:53:10,320] {dag.py:2398} INFO - Sync 1 DAGs
[2022-03-22 09:53:10,345] {logging_mixin.py:109} INFO - [2022-03-22 09:53:10,345] {dag.py:2937} INFO - Setting next_dagrun for example_branch_datetime_operator_2 to 2022-03-22T00:00:00+00:00
[2022-03-22 09:53:10,358] {processor.py:171} INFO - Processing /Users/adebolafagbule/opt/anaconda3/envs/airflow_env/lib/python3.8/site-packages/airflow/example_dags/example_branch_datetime_operator.py took 0.148 seconds
[2022-03-22 10:46:49,892] {processor.py:163} INFO - Started process (PID=62125) to work on /Users/adebolafagbule/opt/anaconda3/envs/airflow_env/lib/python3.8/site-packages/airflow/example_dags/example_branch_datetime_operator.py
[2022-03-22 10:46:49,894] {processor.py:642} INFO - Processing file /Users/adebolafagbule/opt/anaconda3/envs/airflow_env/lib/python3.8/site-packages/airflow/example_dags/example_branch_datetime_operator.py for tasks to queue
[2022-03-22 10:46:49,894] {logging_mixin.py:109} INFO - [2022-03-22 10:46:49,894] {dagbag.py:500} INFO - Filling up the DagBag from /Users/adebolafagbule/opt/anaconda3/envs/airflow_env/lib/python3.8/site-packages/airflow/example_dags/example_branch_datetime_operator.py
[2022-03-22 10:46:49,934] {processor.py:654} INFO - DAG(s) dict_keys(['example_branch_datetime_operator_2']) retrieved from /Users/adebolafagbule/opt/anaconda3/envs/airflow_env/lib/python3.8/site-packages/airflow/example_dags/example_branch_datetime_operator.py
[2022-03-22 10:46:49,947] {logging_mixin.py:109} INFO - [2022-03-22 10:46:49,947] {dag.py:2398} INFO - Sync 1 DAGs
[2022-03-22 10:46:49,958] {logging_mixin.py:109} INFO - [2022-03-22 10:46:49,958] {dag.py:2937} INFO - Setting next_dagrun for example_branch_datetime_operator_2 to 2022-03-22T00:00:00+00:00
[2022-03-22 10:46:49,963] {processor.py:171} INFO - Processing /Users/adebolafagbule/opt/anaconda3/envs/airflow_env/lib/python3.8/site-packages/airflow/example_dags/example_branch_datetime_operator.py took 0.072 seconds
[2022-03-22 11:01:30,603] {processor.py:163} INFO - Started process (PID=62249) to work on /Users/adebolafagbule/opt/anaconda3/envs/airflow_env/lib/python3.8/site-packages/airflow/example_dags/example_branch_datetime_operator.py
[2022-03-22 11:01:30,604] {processor.py:642} INFO - Processing file /Users/adebolafagbule/opt/anaconda3/envs/airflow_env/lib/python3.8/site-packages/airflow/example_dags/example_branch_datetime_operator.py for tasks to queue
[2022-03-22 11:01:30,605] {logging_mixin.py:109} INFO - [2022-03-22 11:01:30,605] {dagbag.py:500} INFO - Filling up the DagBag from /Users/adebolafagbule/opt/anaconda3/envs/airflow_env/lib/python3.8/site-packages/airflow/example_dags/example_branch_datetime_operator.py
[2022-03-22 11:01:30,633] {processor.py:654} INFO - DAG(s) dict_keys(['example_branch_datetime_operator_2']) retrieved from /Users/adebolafagbule/opt/anaconda3/envs/airflow_env/lib/python3.8/site-packages/airflow/example_dags/example_branch_datetime_operator.py
[2022-03-22 11:01:30,645] {logging_mixin.py:109} INFO - [2022-03-22 11:01:30,645] {dag.py:2398} INFO - Sync 1 DAGs
[2022-03-22 11:01:30,659] {logging_mixin.py:109} INFO - [2022-03-22 11:01:30,659] {dag.py:2937} INFO - Setting next_dagrun for example_branch_datetime_operator_2 to 2022-03-22T00:00:00+00:00
[2022-03-22 11:01:30,668] {processor.py:171} INFO - Processing /Users/adebolafagbule/opt/anaconda3/envs/airflow_env/lib/python3.8/site-packages/airflow/example_dags/example_branch_datetime_operator.py took 0.066 seconds
[2022-03-22 11:02:46,623] {processor.py:163} INFO - Started process (PID=62421) to work on /Users/adebolafagbule/opt/anaconda3/envs/airflow_env/lib/python3.8/site-packages/airflow/example_dags/example_branch_datetime_operator.py
[2022-03-22 11:02:46,624] {processor.py:642} INFO - Processing file /Users/adebolafagbule/opt/anaconda3/envs/airflow_env/lib/python3.8/site-packages/airflow/example_dags/example_branch_datetime_operator.py for tasks to queue
[2022-03-22 11:02:46,625] {logging_mixin.py:109} INFO - [2022-03-22 11:02:46,625] {dagbag.py:500} INFO - Filling up the DagBag from /Users/adebolafagbule/opt/anaconda3/envs/airflow_env/lib/python3.8/site-packages/airflow/example_dags/example_branch_datetime_operator.py
[2022-03-22 11:02:46,667] {processor.py:654} INFO - DAG(s) dict_keys(['example_branch_datetime_operator_2']) retrieved from /Users/adebolafagbule/opt/anaconda3/envs/airflow_env/lib/python3.8/site-packages/airflow/example_dags/example_branch_datetime_operator.py
[2022-03-22 11:02:46,680] {logging_mixin.py:109} INFO - [2022-03-22 11:02:46,680] {dag.py:2398} INFO - Sync 1 DAGs
[2022-03-22 11:02:46,690] {logging_mixin.py:109} INFO - [2022-03-22 11:02:46,690] {dag.py:2937} INFO - Setting next_dagrun for example_branch_datetime_operator_2 to 2022-03-22T00:00:00+00:00
[2022-03-22 11:02:46,696] {processor.py:171} INFO - Processing /Users/adebolafagbule/opt/anaconda3/envs/airflow_env/lib/python3.8/site-packages/airflow/example_dags/example_branch_datetime_operator.py took 0.074 seconds
[2022-03-22 11:04:02,289] {processor.py:163} INFO - Started process (PID=62506) to work on /Users/adebolafagbule/opt/anaconda3/envs/airflow_env/lib/python3.8/site-packages/airflow/example_dags/example_branch_datetime_operator.py
[2022-03-22 11:04:02,290] {processor.py:642} INFO - Processing file /Users/adebolafagbule/opt/anaconda3/envs/airflow_env/lib/python3.8/site-packages/airflow/example_dags/example_branch_datetime_operator.py for tasks to queue
[2022-03-22 11:04:02,290] {logging_mixin.py:109} INFO - [2022-03-22 11:04:02,290] {dagbag.py:500} INFO - Filling up the DagBag from /Users/adebolafagbule/opt/anaconda3/envs/airflow_env/lib/python3.8/site-packages/airflow/example_dags/example_branch_datetime_operator.py
[2022-03-22 11:04:02,319] {processor.py:654} INFO - DAG(s) dict_keys(['example_branch_datetime_operator_2']) retrieved from /Users/adebolafagbule/opt/anaconda3/envs/airflow_env/lib/python3.8/site-packages/airflow/example_dags/example_branch_datetime_operator.py
[2022-03-22 11:04:02,332] {logging_mixin.py:109} INFO - [2022-03-22 11:04:02,332] {dag.py:2398} INFO - Sync 1 DAGs
[2022-03-22 11:04:02,341] {logging_mixin.py:109} INFO - [2022-03-22 11:04:02,341] {dag.py:2937} INFO - Setting next_dagrun for example_branch_datetime_operator_2 to 2022-03-22T00:00:00+00:00
[2022-03-22 11:04:02,348] {processor.py:171} INFO - Processing /Users/adebolafagbule/opt/anaconda3/envs/airflow_env/lib/python3.8/site-packages/airflow/example_dags/example_branch_datetime_operator.py took 0.059 seconds
[2022-03-22 11:23:16,510] {processor.py:163} INFO - Started process (PID=62607) to work on /Users/adebolafagbule/opt/anaconda3/envs/airflow_env/lib/python3.8/site-packages/airflow/example_dags/example_branch_datetime_operator.py
[2022-03-22 11:23:16,511] {processor.py:642} INFO - Processing file /Users/adebolafagbule/opt/anaconda3/envs/airflow_env/lib/python3.8/site-packages/airflow/example_dags/example_branch_datetime_operator.py for tasks to queue
[2022-03-22 11:23:16,513] {logging_mixin.py:109} INFO - [2022-03-22 11:23:16,512] {dagbag.py:500} INFO - Filling up the DagBag from /Users/adebolafagbule/opt/anaconda3/envs/airflow_env/lib/python3.8/site-packages/airflow/example_dags/example_branch_datetime_operator.py
[2022-03-22 11:23:16,693] {processor.py:654} INFO - DAG(s) dict_keys(['example_branch_datetime_operator_2']) retrieved from /Users/adebolafagbule/opt/anaconda3/envs/airflow_env/lib/python3.8/site-packages/airflow/example_dags/example_branch_datetime_operator.py
[2022-03-22 11:23:16,815] {logging_mixin.py:109} INFO - [2022-03-22 11:23:16,815] {dag.py:2398} INFO - Sync 1 DAGs
[2022-03-22 11:23:16,841] {logging_mixin.py:109} INFO - [2022-03-22 11:23:16,841] {dag.py:2937} INFO - Setting next_dagrun for example_branch_datetime_operator_2 to 2022-03-22T00:00:00+00:00
[2022-03-22 11:23:16,856] {processor.py:171} INFO - Processing /Users/adebolafagbule/opt/anaconda3/envs/airflow_env/lib/python3.8/site-packages/airflow/example_dags/example_branch_datetime_operator.py took 0.348 seconds
[2022-03-22 12:28:14,231] {processor.py:163} INFO - Started process (PID=62789) to work on /Users/adebolafagbule/opt/anaconda3/envs/airflow_env/lib/python3.8/site-packages/airflow/example_dags/example_branch_datetime_operator.py
[2022-03-22 12:28:14,231] {processor.py:642} INFO - Processing file /Users/adebolafagbule/opt/anaconda3/envs/airflow_env/lib/python3.8/site-packages/airflow/example_dags/example_branch_datetime_operator.py for tasks to queue
[2022-03-22 12:28:14,232] {logging_mixin.py:109} INFO - [2022-03-22 12:28:14,232] {dagbag.py:500} INFO - Filling up the DagBag from /Users/adebolafagbule/opt/anaconda3/envs/airflow_env/lib/python3.8/site-packages/airflow/example_dags/example_branch_datetime_operator.py
[2022-03-22 12:28:14,262] {processor.py:654} INFO - DAG(s) dict_keys(['example_branch_datetime_operator_2']) retrieved from /Users/adebolafagbule/opt/anaconda3/envs/airflow_env/lib/python3.8/site-packages/airflow/example_dags/example_branch_datetime_operator.py
[2022-03-22 12:28:14,276] {logging_mixin.py:109} INFO - [2022-03-22 12:28:14,276] {dag.py:2398} INFO - Sync 1 DAGs
[2022-03-22 12:28:14,286] {logging_mixin.py:109} INFO - [2022-03-22 12:28:14,286] {dag.py:2937} INFO - Setting next_dagrun for example_branch_datetime_operator_2 to 2022-03-22T00:00:00+00:00
[2022-03-22 12:28:14,292] {processor.py:171} INFO - Processing /Users/adebolafagbule/opt/anaconda3/envs/airflow_env/lib/python3.8/site-packages/airflow/example_dags/example_branch_datetime_operator.py took 0.062 seconds
[2022-03-22 13:48:41,112] {processor.py:163} INFO - Started process (PID=62946) to work on /Users/adebolafagbule/opt/anaconda3/envs/airflow_env/lib/python3.8/site-packages/airflow/example_dags/example_branch_datetime_operator.py
[2022-03-22 13:48:41,114] {processor.py:642} INFO - Processing file /Users/adebolafagbule/opt/anaconda3/envs/airflow_env/lib/python3.8/site-packages/airflow/example_dags/example_branch_datetime_operator.py for tasks to queue
[2022-03-22 13:48:41,116] {logging_mixin.py:109} INFO - [2022-03-22 13:48:41,116] {dagbag.py:500} INFO - Filling up the DagBag from /Users/adebolafagbule/opt/anaconda3/envs/airflow_env/lib/python3.8/site-packages/airflow/example_dags/example_branch_datetime_operator.py
[2022-03-22 13:48:41,207] {processor.py:654} INFO - DAG(s) dict_keys(['example_branch_datetime_operator_2']) retrieved from /Users/adebolafagbule/opt/anaconda3/envs/airflow_env/lib/python3.8/site-packages/airflow/example_dags/example_branch_datetime_operator.py
[2022-03-22 13:48:41,276] {logging_mixin.py:109} INFO - [2022-03-22 13:48:41,275] {dag.py:2398} INFO - Sync 1 DAGs
[2022-03-22 13:48:41,300] {logging_mixin.py:109} INFO - [2022-03-22 13:48:41,300] {dag.py:2937} INFO - Setting next_dagrun for example_branch_datetime_operator_2 to 2022-03-22T00:00:00+00:00
[2022-03-22 13:48:41,312] {processor.py:171} INFO - Processing /Users/adebolafagbule/opt/anaconda3/envs/airflow_env/lib/python3.8/site-packages/airflow/example_dags/example_branch_datetime_operator.py took 0.231 seconds
[2022-03-22 14:58:41,385] {processor.py:163} INFO - Started process (PID=63145) to work on /Users/adebolafagbule/opt/anaconda3/envs/airflow_env/lib/python3.8/site-packages/airflow/example_dags/example_branch_datetime_operator.py
[2022-03-22 14:58:41,386] {processor.py:642} INFO - Processing file /Users/adebolafagbule/opt/anaconda3/envs/airflow_env/lib/python3.8/site-packages/airflow/example_dags/example_branch_datetime_operator.py for tasks to queue
[2022-03-22 14:58:41,387] {logging_mixin.py:109} INFO - [2022-03-22 14:58:41,387] {dagbag.py:500} INFO - Filling up the DagBag from /Users/adebolafagbule/opt/anaconda3/envs/airflow_env/lib/python3.8/site-packages/airflow/example_dags/example_branch_datetime_operator.py
[2022-03-22 14:58:41,428] {processor.py:654} INFO - DAG(s) dict_keys(['example_branch_datetime_operator_2']) retrieved from /Users/adebolafagbule/opt/anaconda3/envs/airflow_env/lib/python3.8/site-packages/airflow/example_dags/example_branch_datetime_operator.py
[2022-03-22 14:58:41,442] {logging_mixin.py:109} INFO - [2022-03-22 14:58:41,441] {dag.py:2398} INFO - Sync 1 DAGs
[2022-03-22 14:58:41,450] {logging_mixin.py:109} INFO - [2022-03-22 14:58:41,450] {dag.py:2937} INFO - Setting next_dagrun for example_branch_datetime_operator_2 to 2022-03-22T00:00:00+00:00
[2022-03-22 14:58:41,456] {processor.py:171} INFO - Processing /Users/adebolafagbule/opt/anaconda3/envs/airflow_env/lib/python3.8/site-packages/airflow/example_dags/example_branch_datetime_operator.py took 0.071 seconds
[2022-03-22 15:31:57,269] {processor.py:163} INFO - Started process (PID=63269) to work on /Users/adebolafagbule/opt/anaconda3/envs/airflow_env/lib/python3.8/site-packages/airflow/example_dags/example_branch_datetime_operator.py
[2022-03-22 15:31:57,270] {processor.py:642} INFO - Processing file /Users/adebolafagbule/opt/anaconda3/envs/airflow_env/lib/python3.8/site-packages/airflow/example_dags/example_branch_datetime_operator.py for tasks to queue
[2022-03-22 15:31:57,271] {logging_mixin.py:109} INFO - [2022-03-22 15:31:57,270] {dagbag.py:500} INFO - Filling up the DagBag from /Users/adebolafagbule/opt/anaconda3/envs/airflow_env/lib/python3.8/site-packages/airflow/example_dags/example_branch_datetime_operator.py
[2022-03-22 15:31:57,317] {processor.py:654} INFO - DAG(s) dict_keys(['example_branch_datetime_operator_2']) retrieved from /Users/adebolafagbule/opt/anaconda3/envs/airflow_env/lib/python3.8/site-packages/airflow/example_dags/example_branch_datetime_operator.py
[2022-03-22 15:31:57,338] {logging_mixin.py:109} INFO - [2022-03-22 15:31:57,338] {dag.py:2398} INFO - Sync 1 DAGs
[2022-03-22 15:31:57,356] {logging_mixin.py:109} INFO - [2022-03-22 15:31:57,355] {dag.py:2937} INFO - Setting next_dagrun for example_branch_datetime_operator_2 to 2022-03-22T00:00:00+00:00
[2022-03-22 15:31:57,365] {processor.py:171} INFO - Processing /Users/adebolafagbule/opt/anaconda3/envs/airflow_env/lib/python3.8/site-packages/airflow/example_dags/example_branch_datetime_operator.py took 0.097 seconds
[2022-03-22 17:28:39,021] {processor.py:163} INFO - Started process (PID=63431) to work on /Users/adebolafagbule/opt/anaconda3/envs/airflow_env/lib/python3.8/site-packages/airflow/example_dags/example_branch_datetime_operator.py
[2022-03-22 17:28:39,021] {processor.py:642} INFO - Processing file /Users/adebolafagbule/opt/anaconda3/envs/airflow_env/lib/python3.8/site-packages/airflow/example_dags/example_branch_datetime_operator.py for tasks to queue
[2022-03-22 17:28:39,022] {logging_mixin.py:109} INFO - [2022-03-22 17:28:39,022] {dagbag.py:500} INFO - Filling up the DagBag from /Users/adebolafagbule/opt/anaconda3/envs/airflow_env/lib/python3.8/site-packages/airflow/example_dags/example_branch_datetime_operator.py
[2022-03-22 17:28:39,081] {processor.py:654} INFO - DAG(s) dict_keys(['example_branch_datetime_operator_2']) retrieved from /Users/adebolafagbule/opt/anaconda3/envs/airflow_env/lib/python3.8/site-packages/airflow/example_dags/example_branch_datetime_operator.py
[2022-03-22 17:28:39,129] {logging_mixin.py:109} INFO - [2022-03-22 17:28:39,128] {dag.py:2398} INFO - Sync 1 DAGs
[2022-03-22 17:28:39,144] {logging_mixin.py:109} INFO - [2022-03-22 17:28:39,143] {dag.py:2937} INFO - Setting next_dagrun for example_branch_datetime_operator_2 to 2022-03-22T00:00:00+00:00
[2022-03-22 17:28:39,151] {processor.py:171} INFO - Processing /Users/adebolafagbule/opt/anaconda3/envs/airflow_env/lib/python3.8/site-packages/airflow/example_dags/example_branch_datetime_operator.py took 0.131 seconds
[2022-03-22 17:30:58,819] {processor.py:163} INFO - Started process (PID=63536) to work on /Users/adebolafagbule/opt/anaconda3/envs/airflow_env/lib/python3.8/site-packages/airflow/example_dags/example_branch_datetime_operator.py
[2022-03-22 17:30:58,821] {processor.py:642} INFO - Processing file /Users/adebolafagbule/opt/anaconda3/envs/airflow_env/lib/python3.8/site-packages/airflow/example_dags/example_branch_datetime_operator.py for tasks to queue
[2022-03-22 17:30:58,821] {logging_mixin.py:109} INFO - [2022-03-22 17:30:58,821] {dagbag.py:500} INFO - Filling up the DagBag from /Users/adebolafagbule/opt/anaconda3/envs/airflow_env/lib/python3.8/site-packages/airflow/example_dags/example_branch_datetime_operator.py
[2022-03-22 17:30:58,850] {processor.py:654} INFO - DAG(s) dict_keys(['example_branch_datetime_operator_2']) retrieved from /Users/adebolafagbule/opt/anaconda3/envs/airflow_env/lib/python3.8/site-packages/airflow/example_dags/example_branch_datetime_operator.py
[2022-03-22 17:30:58,862] {logging_mixin.py:109} INFO - [2022-03-22 17:30:58,862] {dag.py:2398} INFO - Sync 1 DAGs
[2022-03-22 17:30:58,872] {logging_mixin.py:109} INFO - [2022-03-22 17:30:58,872] {dag.py:2937} INFO - Setting next_dagrun for example_branch_datetime_operator_2 to 2022-03-22T00:00:00+00:00
[2022-03-22 17:30:58,877] {processor.py:171} INFO - Processing /Users/adebolafagbule/opt/anaconda3/envs/airflow_env/lib/python3.8/site-packages/airflow/example_dags/example_branch_datetime_operator.py took 0.058 seconds
[2022-03-22 17:32:34,594] {processor.py:163} INFO - Started process (PID=63625) to work on /Users/adebolafagbule/opt/anaconda3/envs/airflow_env/lib/python3.8/site-packages/airflow/example_dags/example_branch_datetime_operator.py
[2022-03-22 17:32:34,596] {processor.py:642} INFO - Processing file /Users/adebolafagbule/opt/anaconda3/envs/airflow_env/lib/python3.8/site-packages/airflow/example_dags/example_branch_datetime_operator.py for tasks to queue
[2022-03-22 17:32:34,596] {logging_mixin.py:109} INFO - [2022-03-22 17:32:34,596] {dagbag.py:500} INFO - Filling up the DagBag from /Users/adebolafagbule/opt/anaconda3/envs/airflow_env/lib/python3.8/site-packages/airflow/example_dags/example_branch_datetime_operator.py
[2022-03-22 17:32:34,627] {processor.py:654} INFO - DAG(s) dict_keys(['example_branch_datetime_operator_2']) retrieved from /Users/adebolafagbule/opt/anaconda3/envs/airflow_env/lib/python3.8/site-packages/airflow/example_dags/example_branch_datetime_operator.py
[2022-03-22 17:32:34,640] {logging_mixin.py:109} INFO - [2022-03-22 17:32:34,640] {dag.py:2398} INFO - Sync 1 DAGs
[2022-03-22 17:32:34,650] {logging_mixin.py:109} INFO - [2022-03-22 17:32:34,650] {dag.py:2937} INFO - Setting next_dagrun for example_branch_datetime_operator_2 to 2022-03-22T00:00:00+00:00
[2022-03-22 17:32:34,655] {processor.py:171} INFO - Processing /Users/adebolafagbule/opt/anaconda3/envs/airflow_env/lib/python3.8/site-packages/airflow/example_dags/example_branch_datetime_operator.py took 0.061 seconds
[2022-03-22 17:33:51,901] {processor.py:163} INFO - Started process (PID=63702) to work on /Users/adebolafagbule/opt/anaconda3/envs/airflow_env/lib/python3.8/site-packages/airflow/example_dags/example_branch_datetime_operator.py
[2022-03-22 17:33:51,902] {processor.py:642} INFO - Processing file /Users/adebolafagbule/opt/anaconda3/envs/airflow_env/lib/python3.8/site-packages/airflow/example_dags/example_branch_datetime_operator.py for tasks to queue
[2022-03-22 17:33:51,902] {logging_mixin.py:109} INFO - [2022-03-22 17:33:51,902] {dagbag.py:500} INFO - Filling up the DagBag from /Users/adebolafagbule/opt/anaconda3/envs/airflow_env/lib/python3.8/site-packages/airflow/example_dags/example_branch_datetime_operator.py
[2022-03-22 17:33:51,943] {processor.py:654} INFO - DAG(s) dict_keys(['example_branch_datetime_operator_2']) retrieved from /Users/adebolafagbule/opt/anaconda3/envs/airflow_env/lib/python3.8/site-packages/airflow/example_dags/example_branch_datetime_operator.py
[2022-03-22 17:33:51,956] {logging_mixin.py:109} INFO - [2022-03-22 17:33:51,956] {dag.py:2398} INFO - Sync 1 DAGs
[2022-03-22 17:33:51,966] {logging_mixin.py:109} INFO - [2022-03-22 17:33:51,966] {dag.py:2937} INFO - Setting next_dagrun for example_branch_datetime_operator_2 to 2022-03-22T00:00:00+00:00
[2022-03-22 17:33:51,971] {processor.py:171} INFO - Processing /Users/adebolafagbule/opt/anaconda3/envs/airflow_env/lib/python3.8/site-packages/airflow/example_dags/example_branch_datetime_operator.py took 0.070 seconds
[2022-03-22 17:35:03,770] {processor.py:163} INFO - Started process (PID=63773) to work on /Users/adebolafagbule/opt/anaconda3/envs/airflow_env/lib/python3.8/site-packages/airflow/example_dags/example_branch_datetime_operator.py
[2022-03-22 17:35:03,771] {processor.py:642} INFO - Processing file /Users/adebolafagbule/opt/anaconda3/envs/airflow_env/lib/python3.8/site-packages/airflow/example_dags/example_branch_datetime_operator.py for tasks to queue
[2022-03-22 17:35:03,771] {logging_mixin.py:109} INFO - [2022-03-22 17:35:03,771] {dagbag.py:500} INFO - Filling up the DagBag from /Users/adebolafagbule/opt/anaconda3/envs/airflow_env/lib/python3.8/site-packages/airflow/example_dags/example_branch_datetime_operator.py
[2022-03-22 17:35:03,810] {processor.py:654} INFO - DAG(s) dict_keys(['example_branch_datetime_operator_2']) retrieved from /Users/adebolafagbule/opt/anaconda3/envs/airflow_env/lib/python3.8/site-packages/airflow/example_dags/example_branch_datetime_operator.py
[2022-03-22 17:35:03,824] {logging_mixin.py:109} INFO - [2022-03-22 17:35:03,824] {dag.py:2398} INFO - Sync 1 DAGs
[2022-03-22 17:35:03,835] {logging_mixin.py:109} INFO - [2022-03-22 17:35:03,835] {dag.py:2937} INFO - Setting next_dagrun for example_branch_datetime_operator_2 to 2022-03-22T00:00:00+00:00
[2022-03-22 17:35:03,845] {processor.py:171} INFO - Processing /Users/adebolafagbule/opt/anaconda3/envs/airflow_env/lib/python3.8/site-packages/airflow/example_dags/example_branch_datetime_operator.py took 0.075 seconds
[2022-03-22 17:36:19,712] {processor.py:163} INFO - Started process (PID=63847) to work on /Users/adebolafagbule/opt/anaconda3/envs/airflow_env/lib/python3.8/site-packages/airflow/example_dags/example_branch_datetime_operator.py
[2022-03-22 17:36:19,714] {processor.py:642} INFO - Processing file /Users/adebolafagbule/opt/anaconda3/envs/airflow_env/lib/python3.8/site-packages/airflow/example_dags/example_branch_datetime_operator.py for tasks to queue
[2022-03-22 17:36:19,715] {logging_mixin.py:109} INFO - [2022-03-22 17:36:19,714] {dagbag.py:500} INFO - Filling up the DagBag from /Users/adebolafagbule/opt/anaconda3/envs/airflow_env/lib/python3.8/site-packages/airflow/example_dags/example_branch_datetime_operator.py
[2022-03-22 17:36:19,756] {processor.py:654} INFO - DAG(s) dict_keys(['example_branch_datetime_operator_2']) retrieved from /Users/adebolafagbule/opt/anaconda3/envs/airflow_env/lib/python3.8/site-packages/airflow/example_dags/example_branch_datetime_operator.py
[2022-03-22 17:36:19,769] {logging_mixin.py:109} INFO - [2022-03-22 17:36:19,768] {dag.py:2398} INFO - Sync 1 DAGs
[2022-03-22 17:36:19,777] {logging_mixin.py:109} INFO - [2022-03-22 17:36:19,777] {dag.py:2937} INFO - Setting next_dagrun for example_branch_datetime_operator_2 to 2022-03-22T00:00:00+00:00
[2022-03-22 17:36:19,785] {processor.py:171} INFO - Processing /Users/adebolafagbule/opt/anaconda3/envs/airflow_env/lib/python3.8/site-packages/airflow/example_dags/example_branch_datetime_operator.py took 0.073 seconds
[2022-03-22 17:37:35,341] {processor.py:163} INFO - Started process (PID=63920) to work on /Users/adebolafagbule/opt/anaconda3/envs/airflow_env/lib/python3.8/site-packages/airflow/example_dags/example_branch_datetime_operator.py
[2022-03-22 17:37:35,342] {processor.py:642} INFO - Processing file /Users/adebolafagbule/opt/anaconda3/envs/airflow_env/lib/python3.8/site-packages/airflow/example_dags/example_branch_datetime_operator.py for tasks to queue
[2022-03-22 17:37:35,343] {logging_mixin.py:109} INFO - [2022-03-22 17:37:35,343] {dagbag.py:500} INFO - Filling up the DagBag from /Users/adebolafagbule/opt/anaconda3/envs/airflow_env/lib/python3.8/site-packages/airflow/example_dags/example_branch_datetime_operator.py
[2022-03-22 17:37:35,383] {processor.py:654} INFO - DAG(s) dict_keys(['example_branch_datetime_operator_2']) retrieved from /Users/adebolafagbule/opt/anaconda3/envs/airflow_env/lib/python3.8/site-packages/airflow/example_dags/example_branch_datetime_operator.py
[2022-03-22 17:37:35,396] {logging_mixin.py:109} INFO - [2022-03-22 17:37:35,396] {dag.py:2398} INFO - Sync 1 DAGs
[2022-03-22 17:37:35,406] {logging_mixin.py:109} INFO - [2022-03-22 17:37:35,406] {dag.py:2937} INFO - Setting next_dagrun for example_branch_datetime_operator_2 to 2022-03-22T00:00:00+00:00
[2022-03-22 17:37:35,411] {processor.py:171} INFO - Processing /Users/adebolafagbule/opt/anaconda3/envs/airflow_env/lib/python3.8/site-packages/airflow/example_dags/example_branch_datetime_operator.py took 0.071 seconds
[2022-03-22 17:39:00,715] {processor.py:163} INFO - Started process (PID=63995) to work on /Users/adebolafagbule/opt/anaconda3/envs/airflow_env/lib/python3.8/site-packages/airflow/example_dags/example_branch_datetime_operator.py
[2022-03-22 17:39:00,716] {processor.py:642} INFO - Processing file /Users/adebolafagbule/opt/anaconda3/envs/airflow_env/lib/python3.8/site-packages/airflow/example_dags/example_branch_datetime_operator.py for tasks to queue
[2022-03-22 17:39:00,717] {logging_mixin.py:109} INFO - [2022-03-22 17:39:00,717] {dagbag.py:500} INFO - Filling up the DagBag from /Users/adebolafagbule/opt/anaconda3/envs/airflow_env/lib/python3.8/site-packages/airflow/example_dags/example_branch_datetime_operator.py
[2022-03-22 17:39:00,772] {processor.py:654} INFO - DAG(s) dict_keys(['example_branch_datetime_operator_2']) retrieved from /Users/adebolafagbule/opt/anaconda3/envs/airflow_env/lib/python3.8/site-packages/airflow/example_dags/example_branch_datetime_operator.py
[2022-03-22 17:39:00,789] {logging_mixin.py:109} INFO - [2022-03-22 17:39:00,789] {dag.py:2398} INFO - Sync 1 DAGs
[2022-03-22 17:39:00,804] {logging_mixin.py:109} INFO - [2022-03-22 17:39:00,804] {dag.py:2937} INFO - Setting next_dagrun for example_branch_datetime_operator_2 to 2022-03-22T00:00:00+00:00
[2022-03-22 17:39:00,815] {processor.py:171} INFO - Processing /Users/adebolafagbule/opt/anaconda3/envs/airflow_env/lib/python3.8/site-packages/airflow/example_dags/example_branch_datetime_operator.py took 0.105 seconds
[2022-03-22 17:40:30,431] {processor.py:163} INFO - Started process (PID=64074) to work on /Users/adebolafagbule/opt/anaconda3/envs/airflow_env/lib/python3.8/site-packages/airflow/example_dags/example_branch_datetime_operator.py
[2022-03-22 17:40:30,432] {processor.py:642} INFO - Processing file /Users/adebolafagbule/opt/anaconda3/envs/airflow_env/lib/python3.8/site-packages/airflow/example_dags/example_branch_datetime_operator.py for tasks to queue
[2022-03-22 17:40:30,433] {logging_mixin.py:109} INFO - [2022-03-22 17:40:30,433] {dagbag.py:500} INFO - Filling up the DagBag from /Users/adebolafagbule/opt/anaconda3/envs/airflow_env/lib/python3.8/site-packages/airflow/example_dags/example_branch_datetime_operator.py
[2022-03-22 17:40:30,471] {processor.py:654} INFO - DAG(s) dict_keys(['example_branch_datetime_operator_2']) retrieved from /Users/adebolafagbule/opt/anaconda3/envs/airflow_env/lib/python3.8/site-packages/airflow/example_dags/example_branch_datetime_operator.py
[2022-03-22 17:40:30,488] {logging_mixin.py:109} INFO - [2022-03-22 17:40:30,488] {dag.py:2398} INFO - Sync 1 DAGs
[2022-03-22 17:40:30,499] {logging_mixin.py:109} INFO - [2022-03-22 17:40:30,499] {dag.py:2937} INFO - Setting next_dagrun for example_branch_datetime_operator_2 to 2022-03-22T00:00:00+00:00
[2022-03-22 17:40:30,505] {processor.py:171} INFO - Processing /Users/adebolafagbule/opt/anaconda3/envs/airflow_env/lib/python3.8/site-packages/airflow/example_dags/example_branch_datetime_operator.py took 0.074 seconds
[2022-03-22 17:42:01,237] {processor.py:163} INFO - Started process (PID=64153) to work on /Users/adebolafagbule/opt/anaconda3/envs/airflow_env/lib/python3.8/site-packages/airflow/example_dags/example_branch_datetime_operator.py
[2022-03-22 17:42:01,238] {processor.py:642} INFO - Processing file /Users/adebolafagbule/opt/anaconda3/envs/airflow_env/lib/python3.8/site-packages/airflow/example_dags/example_branch_datetime_operator.py for tasks to queue
[2022-03-22 17:42:01,239] {logging_mixin.py:109} INFO - [2022-03-22 17:42:01,239] {dagbag.py:500} INFO - Filling up the DagBag from /Users/adebolafagbule/opt/anaconda3/envs/airflow_env/lib/python3.8/site-packages/airflow/example_dags/example_branch_datetime_operator.py
[2022-03-22 17:42:01,311] {processor.py:654} INFO - DAG(s) dict_keys(['example_branch_datetime_operator_2']) retrieved from /Users/adebolafagbule/opt/anaconda3/envs/airflow_env/lib/python3.8/site-packages/airflow/example_dags/example_branch_datetime_operator.py
[2022-03-22 17:42:01,331] {logging_mixin.py:109} INFO - [2022-03-22 17:42:01,331] {dag.py:2398} INFO - Sync 1 DAGs
[2022-03-22 17:42:01,396] {logging_mixin.py:109} INFO - [2022-03-22 17:42:01,395] {dag.py:2937} INFO - Setting next_dagrun for example_branch_datetime_operator_2 to 2022-03-22T00:00:00+00:00
[2022-03-22 17:42:01,406] {processor.py:171} INFO - Processing /Users/adebolafagbule/opt/anaconda3/envs/airflow_env/lib/python3.8/site-packages/airflow/example_dags/example_branch_datetime_operator.py took 0.169 seconds
[2022-03-22 17:43:42,207] {processor.py:163} INFO - Started process (PID=64234) to work on /Users/adebolafagbule/opt/anaconda3/envs/airflow_env/lib/python3.8/site-packages/airflow/example_dags/example_branch_datetime_operator.py
[2022-03-22 17:43:42,208] {processor.py:642} INFO - Processing file /Users/adebolafagbule/opt/anaconda3/envs/airflow_env/lib/python3.8/site-packages/airflow/example_dags/example_branch_datetime_operator.py for tasks to queue
[2022-03-22 17:43:42,208] {logging_mixin.py:109} INFO - [2022-03-22 17:43:42,208] {dagbag.py:500} INFO - Filling up the DagBag from /Users/adebolafagbule/opt/anaconda3/envs/airflow_env/lib/python3.8/site-packages/airflow/example_dags/example_branch_datetime_operator.py
[2022-03-22 17:43:42,238] {processor.py:654} INFO - DAG(s) dict_keys(['example_branch_datetime_operator_2']) retrieved from /Users/adebolafagbule/opt/anaconda3/envs/airflow_env/lib/python3.8/site-packages/airflow/example_dags/example_branch_datetime_operator.py
[2022-03-22 17:43:42,251] {logging_mixin.py:109} INFO - [2022-03-22 17:43:42,251] {dag.py:2398} INFO - Sync 1 DAGs
[2022-03-22 17:43:42,262] {logging_mixin.py:109} INFO - [2022-03-22 17:43:42,262] {dag.py:2937} INFO - Setting next_dagrun for example_branch_datetime_operator_2 to 2022-03-22T00:00:00+00:00
[2022-03-22 17:43:42,268] {processor.py:171} INFO - Processing /Users/adebolafagbule/opt/anaconda3/envs/airflow_env/lib/python3.8/site-packages/airflow/example_dags/example_branch_datetime_operator.py took 0.062 seconds
[2022-03-22 17:45:12,720] {processor.py:163} INFO - Started process (PID=64311) to work on /Users/adebolafagbule/opt/anaconda3/envs/airflow_env/lib/python3.8/site-packages/airflow/example_dags/example_branch_datetime_operator.py
[2022-03-22 17:45:12,721] {processor.py:642} INFO - Processing file /Users/adebolafagbule/opt/anaconda3/envs/airflow_env/lib/python3.8/site-packages/airflow/example_dags/example_branch_datetime_operator.py for tasks to queue
[2022-03-22 17:45:12,721] {logging_mixin.py:109} INFO - [2022-03-22 17:45:12,721] {dagbag.py:500} INFO - Filling up the DagBag from /Users/adebolafagbule/opt/anaconda3/envs/airflow_env/lib/python3.8/site-packages/airflow/example_dags/example_branch_datetime_operator.py
[2022-03-22 17:45:12,753] {processor.py:654} INFO - DAG(s) dict_keys(['example_branch_datetime_operator_2']) retrieved from /Users/adebolafagbule/opt/anaconda3/envs/airflow_env/lib/python3.8/site-packages/airflow/example_dags/example_branch_datetime_operator.py
[2022-03-22 17:45:12,767] {logging_mixin.py:109} INFO - [2022-03-22 17:45:12,767] {dag.py:2398} INFO - Sync 1 DAGs
[2022-03-22 17:45:12,778] {logging_mixin.py:109} INFO - [2022-03-22 17:45:12,778] {dag.py:2937} INFO - Setting next_dagrun for example_branch_datetime_operator_2 to 2022-03-22T00:00:00+00:00
[2022-03-22 17:45:12,785] {processor.py:171} INFO - Processing /Users/adebolafagbule/opt/anaconda3/envs/airflow_env/lib/python3.8/site-packages/airflow/example_dags/example_branch_datetime_operator.py took 0.066 seconds
[2022-03-22 17:46:47,498] {processor.py:163} INFO - Started process (PID=64399) to work on /Users/adebolafagbule/opt/anaconda3/envs/airflow_env/lib/python3.8/site-packages/airflow/example_dags/example_branch_datetime_operator.py
[2022-03-22 17:46:47,500] {processor.py:642} INFO - Processing file /Users/adebolafagbule/opt/anaconda3/envs/airflow_env/lib/python3.8/site-packages/airflow/example_dags/example_branch_datetime_operator.py for tasks to queue
[2022-03-22 17:46:47,500] {logging_mixin.py:109} INFO - [2022-03-22 17:46:47,500] {dagbag.py:500} INFO - Filling up the DagBag from /Users/adebolafagbule/opt/anaconda3/envs/airflow_env/lib/python3.8/site-packages/airflow/example_dags/example_branch_datetime_operator.py
[2022-03-22 17:46:47,531] {processor.py:654} INFO - DAG(s) dict_keys(['example_branch_datetime_operator_2']) retrieved from /Users/adebolafagbule/opt/anaconda3/envs/airflow_env/lib/python3.8/site-packages/airflow/example_dags/example_branch_datetime_operator.py
[2022-03-22 17:46:47,546] {logging_mixin.py:109} INFO - [2022-03-22 17:46:47,546] {dag.py:2398} INFO - Sync 1 DAGs
[2022-03-22 17:46:47,558] {logging_mixin.py:109} INFO - [2022-03-22 17:46:47,558] {dag.py:2937} INFO - Setting next_dagrun for example_branch_datetime_operator_2 to 2022-03-22T00:00:00+00:00
[2022-03-22 17:46:47,568] {processor.py:171} INFO - Processing /Users/adebolafagbule/opt/anaconda3/envs/airflow_env/lib/python3.8/site-packages/airflow/example_dags/example_branch_datetime_operator.py took 0.070 seconds
[2022-03-22 17:48:09,179] {processor.py:163} INFO - Started process (PID=64472) to work on /Users/adebolafagbule/opt/anaconda3/envs/airflow_env/lib/python3.8/site-packages/airflow/example_dags/example_branch_datetime_operator.py
[2022-03-22 17:48:09,180] {processor.py:642} INFO - Processing file /Users/adebolafagbule/opt/anaconda3/envs/airflow_env/lib/python3.8/site-packages/airflow/example_dags/example_branch_datetime_operator.py for tasks to queue
[2022-03-22 17:48:09,181] {logging_mixin.py:109} INFO - [2022-03-22 17:48:09,181] {dagbag.py:500} INFO - Filling up the DagBag from /Users/adebolafagbule/opt/anaconda3/envs/airflow_env/lib/python3.8/site-packages/airflow/example_dags/example_branch_datetime_operator.py
[2022-03-22 17:48:09,237] {processor.py:654} INFO - DAG(s) dict_keys(['example_branch_datetime_operator_2']) retrieved from /Users/adebolafagbule/opt/anaconda3/envs/airflow_env/lib/python3.8/site-packages/airflow/example_dags/example_branch_datetime_operator.py
[2022-03-22 17:48:09,258] {logging_mixin.py:109} INFO - [2022-03-22 17:48:09,258] {dag.py:2398} INFO - Sync 1 DAGs
[2022-03-22 17:48:09,270] {logging_mixin.py:109} INFO - [2022-03-22 17:48:09,270] {dag.py:2937} INFO - Setting next_dagrun for example_branch_datetime_operator_2 to 2022-03-22T00:00:00+00:00
[2022-03-22 17:48:09,278] {processor.py:171} INFO - Processing /Users/adebolafagbule/opt/anaconda3/envs/airflow_env/lib/python3.8/site-packages/airflow/example_dags/example_branch_datetime_operator.py took 0.102 seconds
[2022-03-22 17:49:30,967] {processor.py:163} INFO - Started process (PID=64550) to work on /Users/adebolafagbule/opt/anaconda3/envs/airflow_env/lib/python3.8/site-packages/airflow/example_dags/example_branch_datetime_operator.py
[2022-03-22 17:49:30,968] {processor.py:642} INFO - Processing file /Users/adebolafagbule/opt/anaconda3/envs/airflow_env/lib/python3.8/site-packages/airflow/example_dags/example_branch_datetime_operator.py for tasks to queue
[2022-03-22 17:49:30,969] {logging_mixin.py:109} INFO - [2022-03-22 17:49:30,968] {dagbag.py:500} INFO - Filling up the DagBag from /Users/adebolafagbule/opt/anaconda3/envs/airflow_env/lib/python3.8/site-packages/airflow/example_dags/example_branch_datetime_operator.py
[2022-03-22 17:49:31,000] {processor.py:654} INFO - DAG(s) dict_keys(['example_branch_datetime_operator_2']) retrieved from /Users/adebolafagbule/opt/anaconda3/envs/airflow_env/lib/python3.8/site-packages/airflow/example_dags/example_branch_datetime_operator.py
[2022-03-22 17:49:31,014] {logging_mixin.py:109} INFO - [2022-03-22 17:49:31,014] {dag.py:2398} INFO - Sync 1 DAGs
[2022-03-22 17:49:31,028] {logging_mixin.py:109} INFO - [2022-03-22 17:49:31,028] {dag.py:2937} INFO - Setting next_dagrun for example_branch_datetime_operator_2 to 2022-03-22T00:00:00+00:00
[2022-03-22 17:49:31,034] {processor.py:171} INFO - Processing /Users/adebolafagbule/opt/anaconda3/envs/airflow_env/lib/python3.8/site-packages/airflow/example_dags/example_branch_datetime_operator.py took 0.068 seconds
[2022-03-22 17:51:03,144] {processor.py:163} INFO - Started process (PID=64633) to work on /Users/adebolafagbule/opt/anaconda3/envs/airflow_env/lib/python3.8/site-packages/airflow/example_dags/example_branch_datetime_operator.py
[2022-03-22 17:51:03,145] {processor.py:642} INFO - Processing file /Users/adebolafagbule/opt/anaconda3/envs/airflow_env/lib/python3.8/site-packages/airflow/example_dags/example_branch_datetime_operator.py for tasks to queue
[2022-03-22 17:51:03,145] {logging_mixin.py:109} INFO - [2022-03-22 17:51:03,145] {dagbag.py:500} INFO - Filling up the DagBag from /Users/adebolafagbule/opt/anaconda3/envs/airflow_env/lib/python3.8/site-packages/airflow/example_dags/example_branch_datetime_operator.py
[2022-03-22 17:51:03,178] {processor.py:654} INFO - DAG(s) dict_keys(['example_branch_datetime_operator_2']) retrieved from /Users/adebolafagbule/opt/anaconda3/envs/airflow_env/lib/python3.8/site-packages/airflow/example_dags/example_branch_datetime_operator.py
[2022-03-22 17:51:03,193] {logging_mixin.py:109} INFO - [2022-03-22 17:51:03,193] {dag.py:2398} INFO - Sync 1 DAGs
[2022-03-22 17:51:03,206] {logging_mixin.py:109} INFO - [2022-03-22 17:51:03,205] {dag.py:2937} INFO - Setting next_dagrun for example_branch_datetime_operator_2 to 2022-03-22T00:00:00+00:00
[2022-03-22 17:51:03,211] {processor.py:171} INFO - Processing /Users/adebolafagbule/opt/anaconda3/envs/airflow_env/lib/python3.8/site-packages/airflow/example_dags/example_branch_datetime_operator.py took 0.068 seconds
[2022-03-22 17:52:33,234] {processor.py:163} INFO - Started process (PID=64710) to work on /Users/adebolafagbule/opt/anaconda3/envs/airflow_env/lib/python3.8/site-packages/airflow/example_dags/example_branch_datetime_operator.py
[2022-03-22 17:52:33,236] {processor.py:642} INFO - Processing file /Users/adebolafagbule/opt/anaconda3/envs/airflow_env/lib/python3.8/site-packages/airflow/example_dags/example_branch_datetime_operator.py for tasks to queue
[2022-03-22 17:52:33,236] {logging_mixin.py:109} INFO - [2022-03-22 17:52:33,236] {dagbag.py:500} INFO - Filling up the DagBag from /Users/adebolafagbule/opt/anaconda3/envs/airflow_env/lib/python3.8/site-packages/airflow/example_dags/example_branch_datetime_operator.py
[2022-03-22 17:52:33,270] {processor.py:654} INFO - DAG(s) dict_keys(['example_branch_datetime_operator_2']) retrieved from /Users/adebolafagbule/opt/anaconda3/envs/airflow_env/lib/python3.8/site-packages/airflow/example_dags/example_branch_datetime_operator.py
[2022-03-22 17:52:33,322] {logging_mixin.py:109} INFO - [2022-03-22 17:52:33,321] {dag.py:2398} INFO - Sync 1 DAGs
[2022-03-22 17:52:33,334] {logging_mixin.py:109} INFO - [2022-03-22 17:52:33,334] {dag.py:2937} INFO - Setting next_dagrun for example_branch_datetime_operator_2 to 2022-03-22T00:00:00+00:00
[2022-03-22 17:52:33,340] {processor.py:171} INFO - Processing /Users/adebolafagbule/opt/anaconda3/envs/airflow_env/lib/python3.8/site-packages/airflow/example_dags/example_branch_datetime_operator.py took 0.106 seconds
[2022-03-22 17:54:15,504] {processor.py:163} INFO - Started process (PID=64789) to work on /Users/adebolafagbule/opt/anaconda3/envs/airflow_env/lib/python3.8/site-packages/airflow/example_dags/example_branch_datetime_operator.py
[2022-03-22 17:54:15,506] {processor.py:642} INFO - Processing file /Users/adebolafagbule/opt/anaconda3/envs/airflow_env/lib/python3.8/site-packages/airflow/example_dags/example_branch_datetime_operator.py for tasks to queue
[2022-03-22 17:54:15,506] {logging_mixin.py:109} INFO - [2022-03-22 17:54:15,506] {dagbag.py:500} INFO - Filling up the DagBag from /Users/adebolafagbule/opt/anaconda3/envs/airflow_env/lib/python3.8/site-packages/airflow/example_dags/example_branch_datetime_operator.py
[2022-03-22 17:54:15,539] {processor.py:654} INFO - DAG(s) dict_keys(['example_branch_datetime_operator_2']) retrieved from /Users/adebolafagbule/opt/anaconda3/envs/airflow_env/lib/python3.8/site-packages/airflow/example_dags/example_branch_datetime_operator.py
[2022-03-22 17:54:15,553] {logging_mixin.py:109} INFO - [2022-03-22 17:54:15,553] {dag.py:2398} INFO - Sync 1 DAGs
[2022-03-22 17:54:15,564] {logging_mixin.py:109} INFO - [2022-03-22 17:54:15,564] {dag.py:2937} INFO - Setting next_dagrun for example_branch_datetime_operator_2 to 2022-03-22T00:00:00+00:00
[2022-03-22 17:54:15,571] {processor.py:171} INFO - Processing /Users/adebolafagbule/opt/anaconda3/envs/airflow_env/lib/python3.8/site-packages/airflow/example_dags/example_branch_datetime_operator.py took 0.067 seconds
[2022-03-22 17:56:35,080] {processor.py:163} INFO - Started process (PID=64877) to work on /Users/adebolafagbule/opt/anaconda3/envs/airflow_env/lib/python3.8/site-packages/airflow/example_dags/example_branch_datetime_operator.py
[2022-03-22 17:56:35,082] {processor.py:642} INFO - Processing file /Users/adebolafagbule/opt/anaconda3/envs/airflow_env/lib/python3.8/site-packages/airflow/example_dags/example_branch_datetime_operator.py for tasks to queue
[2022-03-22 17:56:35,083] {logging_mixin.py:109} INFO - [2022-03-22 17:56:35,083] {dagbag.py:500} INFO - Filling up the DagBag from /Users/adebolafagbule/opt/anaconda3/envs/airflow_env/lib/python3.8/site-packages/airflow/example_dags/example_branch_datetime_operator.py
[2022-03-22 17:56:35,136] {processor.py:654} INFO - DAG(s) dict_keys(['example_branch_datetime_operator_2']) retrieved from /Users/adebolafagbule/opt/anaconda3/envs/airflow_env/lib/python3.8/site-packages/airflow/example_dags/example_branch_datetime_operator.py
[2022-03-22 17:56:35,177] {logging_mixin.py:109} INFO - [2022-03-22 17:56:35,172] {dag.py:2398} INFO - Sync 1 DAGs
[2022-03-22 17:56:35,205] {logging_mixin.py:109} INFO - [2022-03-22 17:56:35,205] {dag.py:2937} INFO - Setting next_dagrun for example_branch_datetime_operator_2 to 2022-03-22T00:00:00+00:00
[2022-03-22 17:56:35,216] {processor.py:171} INFO - Processing /Users/adebolafagbule/opt/anaconda3/envs/airflow_env/lib/python3.8/site-packages/airflow/example_dags/example_branch_datetime_operator.py took 0.137 seconds
[2022-03-22 17:58:59,635] {processor.py:163} INFO - Started process (PID=64974) to work on /Users/adebolafagbule/opt/anaconda3/envs/airflow_env/lib/python3.8/site-packages/airflow/example_dags/example_branch_datetime_operator.py
[2022-03-22 17:58:59,637] {processor.py:642} INFO - Processing file /Users/adebolafagbule/opt/anaconda3/envs/airflow_env/lib/python3.8/site-packages/airflow/example_dags/example_branch_datetime_operator.py for tasks to queue
[2022-03-22 17:58:59,639] {logging_mixin.py:109} INFO - [2022-03-22 17:58:59,639] {dagbag.py:500} INFO - Filling up the DagBag from /Users/adebolafagbule/opt/anaconda3/envs/airflow_env/lib/python3.8/site-packages/airflow/example_dags/example_branch_datetime_operator.py
[2022-03-22 17:58:59,690] {processor.py:654} INFO - DAG(s) dict_keys(['example_branch_datetime_operator_2']) retrieved from /Users/adebolafagbule/opt/anaconda3/envs/airflow_env/lib/python3.8/site-packages/airflow/example_dags/example_branch_datetime_operator.py
[2022-03-22 17:58:59,748] {logging_mixin.py:109} INFO - [2022-03-22 17:58:59,745] {dag.py:2398} INFO - Sync 1 DAGs
[2022-03-22 17:58:59,768] {logging_mixin.py:109} INFO - [2022-03-22 17:58:59,768] {dag.py:2937} INFO - Setting next_dagrun for example_branch_datetime_operator_2 to 2022-03-22T00:00:00+00:00
[2022-03-22 17:58:59,776] {processor.py:171} INFO - Processing /Users/adebolafagbule/opt/anaconda3/envs/airflow_env/lib/python3.8/site-packages/airflow/example_dags/example_branch_datetime_operator.py took 0.143 seconds
[2022-03-22 18:01:32,741] {processor.py:163} INFO - Started process (PID=65066) to work on /Users/adebolafagbule/opt/anaconda3/envs/airflow_env/lib/python3.8/site-packages/airflow/example_dags/example_branch_datetime_operator.py
[2022-03-22 18:01:32,742] {processor.py:642} INFO - Processing file /Users/adebolafagbule/opt/anaconda3/envs/airflow_env/lib/python3.8/site-packages/airflow/example_dags/example_branch_datetime_operator.py for tasks to queue
[2022-03-22 18:01:32,742] {logging_mixin.py:109} INFO - [2022-03-22 18:01:32,742] {dagbag.py:500} INFO - Filling up the DagBag from /Users/adebolafagbule/opt/anaconda3/envs/airflow_env/lib/python3.8/site-packages/airflow/example_dags/example_branch_datetime_operator.py
[2022-03-22 18:01:32,808] {processor.py:654} INFO - DAG(s) dict_keys(['example_branch_datetime_operator_2']) retrieved from /Users/adebolafagbule/opt/anaconda3/envs/airflow_env/lib/python3.8/site-packages/airflow/example_dags/example_branch_datetime_operator.py
[2022-03-22 18:01:32,858] {logging_mixin.py:109} INFO - [2022-03-22 18:01:32,857] {dag.py:2398} INFO - Sync 1 DAGs
[2022-03-22 18:01:32,886] {logging_mixin.py:109} INFO - [2022-03-22 18:01:32,886] {dag.py:2937} INFO - Setting next_dagrun for example_branch_datetime_operator_2 to 2022-03-22T00:00:00+00:00
[2022-03-22 18:01:32,909] {processor.py:171} INFO - Processing /Users/adebolafagbule/opt/anaconda3/envs/airflow_env/lib/python3.8/site-packages/airflow/example_dags/example_branch_datetime_operator.py took 0.168 seconds
[2022-03-22 18:03:50,774] {processor.py:163} INFO - Started process (PID=65157) to work on /Users/adebolafagbule/opt/anaconda3/envs/airflow_env/lib/python3.8/site-packages/airflow/example_dags/example_branch_datetime_operator.py
[2022-03-22 18:03:50,775] {processor.py:642} INFO - Processing file /Users/adebolafagbule/opt/anaconda3/envs/airflow_env/lib/python3.8/site-packages/airflow/example_dags/example_branch_datetime_operator.py for tasks to queue
[2022-03-22 18:03:50,778] {logging_mixin.py:109} INFO - [2022-03-22 18:03:50,778] {dagbag.py:500} INFO - Filling up the DagBag from /Users/adebolafagbule/opt/anaconda3/envs/airflow_env/lib/python3.8/site-packages/airflow/example_dags/example_branch_datetime_operator.py
[2022-03-22 18:03:50,867] {processor.py:654} INFO - DAG(s) dict_keys(['example_branch_datetime_operator_2']) retrieved from /Users/adebolafagbule/opt/anaconda3/envs/airflow_env/lib/python3.8/site-packages/airflow/example_dags/example_branch_datetime_operator.py
[2022-03-22 18:03:50,882] {logging_mixin.py:109} INFO - [2022-03-22 18:03:50,882] {dag.py:2398} INFO - Sync 1 DAGs
[2022-03-22 18:03:50,931] {logging_mixin.py:109} INFO - [2022-03-22 18:03:50,930] {dag.py:2937} INFO - Setting next_dagrun for example_branch_datetime_operator_2 to 2022-03-22T00:00:00+00:00
[2022-03-22 18:03:50,944] {processor.py:171} INFO - Processing /Users/adebolafagbule/opt/anaconda3/envs/airflow_env/lib/python3.8/site-packages/airflow/example_dags/example_branch_datetime_operator.py took 0.171 seconds
[2022-03-22 18:06:01,139] {processor.py:163} INFO - Started process (PID=65251) to work on /Users/adebolafagbule/opt/anaconda3/envs/airflow_env/lib/python3.8/site-packages/airflow/example_dags/example_branch_datetime_operator.py
[2022-03-22 18:06:01,140] {processor.py:642} INFO - Processing file /Users/adebolafagbule/opt/anaconda3/envs/airflow_env/lib/python3.8/site-packages/airflow/example_dags/example_branch_datetime_operator.py for tasks to queue
[2022-03-22 18:06:01,141] {logging_mixin.py:109} INFO - [2022-03-22 18:06:01,141] {dagbag.py:500} INFO - Filling up the DagBag from /Users/adebolafagbule/opt/anaconda3/envs/airflow_env/lib/python3.8/site-packages/airflow/example_dags/example_branch_datetime_operator.py
[2022-03-22 18:06:01,210] {processor.py:654} INFO - DAG(s) dict_keys(['example_branch_datetime_operator_2']) retrieved from /Users/adebolafagbule/opt/anaconda3/envs/airflow_env/lib/python3.8/site-packages/airflow/example_dags/example_branch_datetime_operator.py
[2022-03-22 18:06:01,271] {logging_mixin.py:109} INFO - [2022-03-22 18:06:01,271] {dag.py:2398} INFO - Sync 1 DAGs
[2022-03-22 18:06:01,284] {logging_mixin.py:109} INFO - [2022-03-22 18:06:01,284] {dag.py:2937} INFO - Setting next_dagrun for example_branch_datetime_operator_2 to 2022-03-22T00:00:00+00:00
[2022-03-22 18:06:01,292] {processor.py:171} INFO - Processing /Users/adebolafagbule/opt/anaconda3/envs/airflow_env/lib/python3.8/site-packages/airflow/example_dags/example_branch_datetime_operator.py took 0.153 seconds
[2022-03-22 18:07:49,746] {processor.py:163} INFO - Started process (PID=65332) to work on /Users/adebolafagbule/opt/anaconda3/envs/airflow_env/lib/python3.8/site-packages/airflow/example_dags/example_branch_datetime_operator.py
[2022-03-22 18:07:49,747] {processor.py:642} INFO - Processing file /Users/adebolafagbule/opt/anaconda3/envs/airflow_env/lib/python3.8/site-packages/airflow/example_dags/example_branch_datetime_operator.py for tasks to queue
[2022-03-22 18:07:49,748] {logging_mixin.py:109} INFO - [2022-03-22 18:07:49,748] {dagbag.py:500} INFO - Filling up the DagBag from /Users/adebolafagbule/opt/anaconda3/envs/airflow_env/lib/python3.8/site-packages/airflow/example_dags/example_branch_datetime_operator.py
[2022-03-22 18:07:49,784] {processor.py:654} INFO - DAG(s) dict_keys(['example_branch_datetime_operator_2']) retrieved from /Users/adebolafagbule/opt/anaconda3/envs/airflow_env/lib/python3.8/site-packages/airflow/example_dags/example_branch_datetime_operator.py
[2022-03-22 18:07:49,803] {logging_mixin.py:109} INFO - [2022-03-22 18:07:49,803] {dag.py:2398} INFO - Sync 1 DAGs
[2022-03-22 18:07:49,815] {logging_mixin.py:109} INFO - [2022-03-22 18:07:49,815] {dag.py:2937} INFO - Setting next_dagrun for example_branch_datetime_operator_2 to 2022-03-22T00:00:00+00:00
[2022-03-22 18:07:49,823] {processor.py:171} INFO - Processing /Users/adebolafagbule/opt/anaconda3/envs/airflow_env/lib/python3.8/site-packages/airflow/example_dags/example_branch_datetime_operator.py took 0.078 seconds
[2022-03-22 18:09:39,968] {processor.py:163} INFO - Started process (PID=65419) to work on /Users/adebolafagbule/opt/anaconda3/envs/airflow_env/lib/python3.8/site-packages/airflow/example_dags/example_branch_datetime_operator.py
[2022-03-22 18:09:39,968] {processor.py:642} INFO - Processing file /Users/adebolafagbule/opt/anaconda3/envs/airflow_env/lib/python3.8/site-packages/airflow/example_dags/example_branch_datetime_operator.py for tasks to queue
[2022-03-22 18:09:39,969] {logging_mixin.py:109} INFO - [2022-03-22 18:09:39,969] {dagbag.py:500} INFO - Filling up the DagBag from /Users/adebolafagbule/opt/anaconda3/envs/airflow_env/lib/python3.8/site-packages/airflow/example_dags/example_branch_datetime_operator.py
[2022-03-22 18:09:40,032] {processor.py:654} INFO - DAG(s) dict_keys(['example_branch_datetime_operator_2']) retrieved from /Users/adebolafagbule/opt/anaconda3/envs/airflow_env/lib/python3.8/site-packages/airflow/example_dags/example_branch_datetime_operator.py
[2022-03-22 18:09:40,060] {logging_mixin.py:109} INFO - [2022-03-22 18:09:40,059] {dag.py:2398} INFO - Sync 1 DAGs
[2022-03-22 18:09:40,089] {logging_mixin.py:109} INFO - [2022-03-22 18:09:40,089] {dag.py:2937} INFO - Setting next_dagrun for example_branch_datetime_operator_2 to 2022-03-22T00:00:00+00:00
[2022-03-22 18:09:40,105] {processor.py:171} INFO - Processing /Users/adebolafagbule/opt/anaconda3/envs/airflow_env/lib/python3.8/site-packages/airflow/example_dags/example_branch_datetime_operator.py took 0.138 seconds
[2022-03-22 18:11:32,793] {processor.py:163} INFO - Started process (PID=65501) to work on /Users/adebolafagbule/opt/anaconda3/envs/airflow_env/lib/python3.8/site-packages/airflow/example_dags/example_branch_datetime_operator.py
[2022-03-22 18:11:32,794] {processor.py:642} INFO - Processing file /Users/adebolafagbule/opt/anaconda3/envs/airflow_env/lib/python3.8/site-packages/airflow/example_dags/example_branch_datetime_operator.py for tasks to queue
[2022-03-22 18:11:32,794] {logging_mixin.py:109} INFO - [2022-03-22 18:11:32,794] {dagbag.py:500} INFO - Filling up the DagBag from /Users/adebolafagbule/opt/anaconda3/envs/airflow_env/lib/python3.8/site-packages/airflow/example_dags/example_branch_datetime_operator.py
[2022-03-22 18:11:32,829] {processor.py:654} INFO - DAG(s) dict_keys(['example_branch_datetime_operator_2']) retrieved from /Users/adebolafagbule/opt/anaconda3/envs/airflow_env/lib/python3.8/site-packages/airflow/example_dags/example_branch_datetime_operator.py
[2022-03-22 18:11:32,879] {logging_mixin.py:109} INFO - [2022-03-22 18:11:32,878] {dag.py:2398} INFO - Sync 1 DAGs
[2022-03-22 18:11:32,893] {logging_mixin.py:109} INFO - [2022-03-22 18:11:32,892] {dag.py:2937} INFO - Setting next_dagrun for example_branch_datetime_operator_2 to 2022-03-22T00:00:00+00:00
[2022-03-22 18:11:32,899] {processor.py:171} INFO - Processing /Users/adebolafagbule/opt/anaconda3/envs/airflow_env/lib/python3.8/site-packages/airflow/example_dags/example_branch_datetime_operator.py took 0.107 seconds
[2022-03-22 18:13:17,574] {processor.py:163} INFO - Started process (PID=65588) to work on /Users/adebolafagbule/opt/anaconda3/envs/airflow_env/lib/python3.8/site-packages/airflow/example_dags/example_branch_datetime_operator.py
[2022-03-22 18:13:17,575] {processor.py:642} INFO - Processing file /Users/adebolafagbule/opt/anaconda3/envs/airflow_env/lib/python3.8/site-packages/airflow/example_dags/example_branch_datetime_operator.py for tasks to queue
[2022-03-22 18:13:17,576] {logging_mixin.py:109} INFO - [2022-03-22 18:13:17,576] {dagbag.py:500} INFO - Filling up the DagBag from /Users/adebolafagbule/opt/anaconda3/envs/airflow_env/lib/python3.8/site-packages/airflow/example_dags/example_branch_datetime_operator.py
[2022-03-22 18:13:17,619] {processor.py:654} INFO - DAG(s) dict_keys(['example_branch_datetime_operator_2']) retrieved from /Users/adebolafagbule/opt/anaconda3/envs/airflow_env/lib/python3.8/site-packages/airflow/example_dags/example_branch_datetime_operator.py
[2022-03-22 18:13:17,635] {logging_mixin.py:109} INFO - [2022-03-22 18:13:17,635] {dag.py:2398} INFO - Sync 1 DAGs
[2022-03-22 18:13:17,647] {logging_mixin.py:109} INFO - [2022-03-22 18:13:17,647] {dag.py:2937} INFO - Setting next_dagrun for example_branch_datetime_operator_2 to 2022-03-22T00:00:00+00:00
[2022-03-22 18:13:17,654] {processor.py:171} INFO - Processing /Users/adebolafagbule/opt/anaconda3/envs/airflow_env/lib/python3.8/site-packages/airflow/example_dags/example_branch_datetime_operator.py took 0.080 seconds
[2022-03-22 18:15:19,882] {processor.py:163} INFO - Started process (PID=65681) to work on /Users/adebolafagbule/opt/anaconda3/envs/airflow_env/lib/python3.8/site-packages/airflow/example_dags/example_branch_datetime_operator.py
[2022-03-22 18:15:19,883] {processor.py:642} INFO - Processing file /Users/adebolafagbule/opt/anaconda3/envs/airflow_env/lib/python3.8/site-packages/airflow/example_dags/example_branch_datetime_operator.py for tasks to queue
[2022-03-22 18:15:19,884] {logging_mixin.py:109} INFO - [2022-03-22 18:15:19,884] {dagbag.py:500} INFO - Filling up the DagBag from /Users/adebolafagbule/opt/anaconda3/envs/airflow_env/lib/python3.8/site-packages/airflow/example_dags/example_branch_datetime_operator.py
[2022-03-22 18:15:19,931] {processor.py:654} INFO - DAG(s) dict_keys(['example_branch_datetime_operator_2']) retrieved from /Users/adebolafagbule/opt/anaconda3/envs/airflow_env/lib/python3.8/site-packages/airflow/example_dags/example_branch_datetime_operator.py
[2022-03-22 18:15:19,958] {logging_mixin.py:109} INFO - [2022-03-22 18:15:19,958] {dag.py:2398} INFO - Sync 1 DAGs
[2022-03-22 18:15:19,990] {logging_mixin.py:109} INFO - [2022-03-22 18:15:19,990] {dag.py:2937} INFO - Setting next_dagrun for example_branch_datetime_operator_2 to 2022-03-22T00:00:00+00:00
[2022-03-22 18:15:20,003] {processor.py:171} INFO - Processing /Users/adebolafagbule/opt/anaconda3/envs/airflow_env/lib/python3.8/site-packages/airflow/example_dags/example_branch_datetime_operator.py took 0.121 seconds
[2022-03-22 18:17:14,767] {processor.py:163} INFO - Started process (PID=65773) to work on /Users/adebolafagbule/opt/anaconda3/envs/airflow_env/lib/python3.8/site-packages/airflow/example_dags/example_branch_datetime_operator.py
[2022-03-22 18:17:14,769] {processor.py:642} INFO - Processing file /Users/adebolafagbule/opt/anaconda3/envs/airflow_env/lib/python3.8/site-packages/airflow/example_dags/example_branch_datetime_operator.py for tasks to queue
[2022-03-22 18:17:14,769] {logging_mixin.py:109} INFO - [2022-03-22 18:17:14,769] {dagbag.py:500} INFO - Filling up the DagBag from /Users/adebolafagbule/opt/anaconda3/envs/airflow_env/lib/python3.8/site-packages/airflow/example_dags/example_branch_datetime_operator.py
[2022-03-22 18:17:14,814] {processor.py:654} INFO - DAG(s) dict_keys(['example_branch_datetime_operator_2']) retrieved from /Users/adebolafagbule/opt/anaconda3/envs/airflow_env/lib/python3.8/site-packages/airflow/example_dags/example_branch_datetime_operator.py
[2022-03-22 18:17:14,829] {logging_mixin.py:109} INFO - [2022-03-22 18:17:14,829] {dag.py:2398} INFO - Sync 1 DAGs
[2022-03-22 18:17:14,841] {logging_mixin.py:109} INFO - [2022-03-22 18:17:14,841] {dag.py:2937} INFO - Setting next_dagrun for example_branch_datetime_operator_2 to 2022-03-22T00:00:00+00:00
[2022-03-22 18:17:14,848] {processor.py:171} INFO - Processing /Users/adebolafagbule/opt/anaconda3/envs/airflow_env/lib/python3.8/site-packages/airflow/example_dags/example_branch_datetime_operator.py took 0.081 seconds
[2022-03-22 18:18:51,706] {processor.py:163} INFO - Started process (PID=65852) to work on /Users/adebolafagbule/opt/anaconda3/envs/airflow_env/lib/python3.8/site-packages/airflow/example_dags/example_branch_datetime_operator.py
[2022-03-22 18:18:51,707] {processor.py:642} INFO - Processing file /Users/adebolafagbule/opt/anaconda3/envs/airflow_env/lib/python3.8/site-packages/airflow/example_dags/example_branch_datetime_operator.py for tasks to queue
[2022-03-22 18:18:51,708] {logging_mixin.py:109} INFO - [2022-03-22 18:18:51,708] {dagbag.py:500} INFO - Filling up the DagBag from /Users/adebolafagbule/opt/anaconda3/envs/airflow_env/lib/python3.8/site-packages/airflow/example_dags/example_branch_datetime_operator.py
[2022-03-22 18:18:51,769] {processor.py:654} INFO - DAG(s) dict_keys(['example_branch_datetime_operator_2']) retrieved from /Users/adebolafagbule/opt/anaconda3/envs/airflow_env/lib/python3.8/site-packages/airflow/example_dags/example_branch_datetime_operator.py
[2022-03-22 18:18:51,787] {logging_mixin.py:109} INFO - [2022-03-22 18:18:51,787] {dag.py:2398} INFO - Sync 1 DAGs
[2022-03-22 18:18:51,828] {logging_mixin.py:109} INFO - [2022-03-22 18:18:51,828] {dag.py:2937} INFO - Setting next_dagrun for example_branch_datetime_operator_2 to 2022-03-22T00:00:00+00:00
[2022-03-22 18:18:51,846] {processor.py:171} INFO - Processing /Users/adebolafagbule/opt/anaconda3/envs/airflow_env/lib/python3.8/site-packages/airflow/example_dags/example_branch_datetime_operator.py took 0.140 seconds
[2022-03-22 18:20:29,448] {processor.py:163} INFO - Started process (PID=65930) to work on /Users/adebolafagbule/opt/anaconda3/envs/airflow_env/lib/python3.8/site-packages/airflow/example_dags/example_branch_datetime_operator.py
[2022-03-22 18:20:29,449] {processor.py:642} INFO - Processing file /Users/adebolafagbule/opt/anaconda3/envs/airflow_env/lib/python3.8/site-packages/airflow/example_dags/example_branch_datetime_operator.py for tasks to queue
[2022-03-22 18:20:29,450] {logging_mixin.py:109} INFO - [2022-03-22 18:20:29,449] {dagbag.py:500} INFO - Filling up the DagBag from /Users/adebolafagbule/opt/anaconda3/envs/airflow_env/lib/python3.8/site-packages/airflow/example_dags/example_branch_datetime_operator.py
[2022-03-22 18:20:29,499] {processor.py:654} INFO - DAG(s) dict_keys(['example_branch_datetime_operator_2']) retrieved from /Users/adebolafagbule/opt/anaconda3/envs/airflow_env/lib/python3.8/site-packages/airflow/example_dags/example_branch_datetime_operator.py
[2022-03-22 18:20:29,513] {logging_mixin.py:109} INFO - [2022-03-22 18:20:29,513] {dag.py:2398} INFO - Sync 1 DAGs
[2022-03-22 18:20:29,524] {logging_mixin.py:109} INFO - [2022-03-22 18:20:29,524] {dag.py:2937} INFO - Setting next_dagrun for example_branch_datetime_operator_2 to 2022-03-22T00:00:00+00:00
[2022-03-22 18:20:29,531] {processor.py:171} INFO - Processing /Users/adebolafagbule/opt/anaconda3/envs/airflow_env/lib/python3.8/site-packages/airflow/example_dags/example_branch_datetime_operator.py took 0.084 seconds
[2022-03-22 18:21:59,770] {processor.py:163} INFO - Started process (PID=66011) to work on /Users/adebolafagbule/opt/anaconda3/envs/airflow_env/lib/python3.8/site-packages/airflow/example_dags/example_branch_datetime_operator.py
[2022-03-22 18:21:59,772] {processor.py:642} INFO - Processing file /Users/adebolafagbule/opt/anaconda3/envs/airflow_env/lib/python3.8/site-packages/airflow/example_dags/example_branch_datetime_operator.py for tasks to queue
[2022-03-22 18:21:59,772] {logging_mixin.py:109} INFO - [2022-03-22 18:21:59,772] {dagbag.py:500} INFO - Filling up the DagBag from /Users/adebolafagbule/opt/anaconda3/envs/airflow_env/lib/python3.8/site-packages/airflow/example_dags/example_branch_datetime_operator.py
[2022-03-22 18:21:59,806] {processor.py:654} INFO - DAG(s) dict_keys(['example_branch_datetime_operator_2']) retrieved from /Users/adebolafagbule/opt/anaconda3/envs/airflow_env/lib/python3.8/site-packages/airflow/example_dags/example_branch_datetime_operator.py
[2022-03-22 18:21:59,821] {logging_mixin.py:109} INFO - [2022-03-22 18:21:59,820] {dag.py:2398} INFO - Sync 1 DAGs
[2022-03-22 18:21:59,837] {logging_mixin.py:109} INFO - [2022-03-22 18:21:59,837] {dag.py:2937} INFO - Setting next_dagrun for example_branch_datetime_operator_2 to 2022-03-22T00:00:00+00:00
[2022-03-22 18:21:59,848] {processor.py:171} INFO - Processing /Users/adebolafagbule/opt/anaconda3/envs/airflow_env/lib/python3.8/site-packages/airflow/example_dags/example_branch_datetime_operator.py took 0.078 seconds
[2022-03-22 18:23:26,017] {processor.py:163} INFO - Started process (PID=66087) to work on /Users/adebolafagbule/opt/anaconda3/envs/airflow_env/lib/python3.8/site-packages/airflow/example_dags/example_branch_datetime_operator.py
[2022-03-22 18:23:26,018] {processor.py:642} INFO - Processing file /Users/adebolafagbule/opt/anaconda3/envs/airflow_env/lib/python3.8/site-packages/airflow/example_dags/example_branch_datetime_operator.py for tasks to queue
[2022-03-22 18:23:26,019] {logging_mixin.py:109} INFO - [2022-03-22 18:23:26,019] {dagbag.py:500} INFO - Filling up the DagBag from /Users/adebolafagbule/opt/anaconda3/envs/airflow_env/lib/python3.8/site-packages/airflow/example_dags/example_branch_datetime_operator.py
[2022-03-22 18:23:26,060] {processor.py:654} INFO - DAG(s) dict_keys(['example_branch_datetime_operator_2']) retrieved from /Users/adebolafagbule/opt/anaconda3/envs/airflow_env/lib/python3.8/site-packages/airflow/example_dags/example_branch_datetime_operator.py
[2022-03-22 18:23:26,075] {logging_mixin.py:109} INFO - [2022-03-22 18:23:26,075] {dag.py:2398} INFO - Sync 1 DAGs
[2022-03-22 18:23:26,086] {logging_mixin.py:109} INFO - [2022-03-22 18:23:26,086] {dag.py:2937} INFO - Setting next_dagrun for example_branch_datetime_operator_2 to 2022-03-22T00:00:00+00:00
[2022-03-22 18:23:26,094] {processor.py:171} INFO - Processing /Users/adebolafagbule/opt/anaconda3/envs/airflow_env/lib/python3.8/site-packages/airflow/example_dags/example_branch_datetime_operator.py took 0.078 seconds
[2022-03-22 18:24:55,607] {processor.py:163} INFO - Started process (PID=66164) to work on /Users/adebolafagbule/opt/anaconda3/envs/airflow_env/lib/python3.8/site-packages/airflow/example_dags/example_branch_datetime_operator.py
[2022-03-22 18:24:55,608] {processor.py:642} INFO - Processing file /Users/adebolafagbule/opt/anaconda3/envs/airflow_env/lib/python3.8/site-packages/airflow/example_dags/example_branch_datetime_operator.py for tasks to queue
[2022-03-22 18:24:55,608] {logging_mixin.py:109} INFO - [2022-03-22 18:24:55,608] {dagbag.py:500} INFO - Filling up the DagBag from /Users/adebolafagbule/opt/anaconda3/envs/airflow_env/lib/python3.8/site-packages/airflow/example_dags/example_branch_datetime_operator.py
[2022-03-22 18:24:55,650] {processor.py:654} INFO - DAG(s) dict_keys(['example_branch_datetime_operator_2']) retrieved from /Users/adebolafagbule/opt/anaconda3/envs/airflow_env/lib/python3.8/site-packages/airflow/example_dags/example_branch_datetime_operator.py
[2022-03-22 18:24:55,665] {logging_mixin.py:109} INFO - [2022-03-22 18:24:55,665] {dag.py:2398} INFO - Sync 1 DAGs
[2022-03-22 18:24:55,679] {logging_mixin.py:109} INFO - [2022-03-22 18:24:55,679] {dag.py:2937} INFO - Setting next_dagrun for example_branch_datetime_operator_2 to 2022-03-22T00:00:00+00:00
[2022-03-22 18:24:55,687] {processor.py:171} INFO - Processing /Users/adebolafagbule/opt/anaconda3/envs/airflow_env/lib/python3.8/site-packages/airflow/example_dags/example_branch_datetime_operator.py took 0.080 seconds
[2022-03-22 18:26:35,377] {processor.py:163} INFO - Started process (PID=66242) to work on /Users/adebolafagbule/opt/anaconda3/envs/airflow_env/lib/python3.8/site-packages/airflow/example_dags/example_branch_datetime_operator.py
[2022-03-22 18:26:35,378] {processor.py:642} INFO - Processing file /Users/adebolafagbule/opt/anaconda3/envs/airflow_env/lib/python3.8/site-packages/airflow/example_dags/example_branch_datetime_operator.py for tasks to queue
[2022-03-22 18:26:35,379] {logging_mixin.py:109} INFO - [2022-03-22 18:26:35,379] {dagbag.py:500} INFO - Filling up the DagBag from /Users/adebolafagbule/opt/anaconda3/envs/airflow_env/lib/python3.8/site-packages/airflow/example_dags/example_branch_datetime_operator.py
[2022-03-22 18:26:35,450] {processor.py:654} INFO - DAG(s) dict_keys(['example_branch_datetime_operator_2']) retrieved from /Users/adebolafagbule/opt/anaconda3/envs/airflow_env/lib/python3.8/site-packages/airflow/example_dags/example_branch_datetime_operator.py
[2022-03-22 18:26:35,475] {logging_mixin.py:109} INFO - [2022-03-22 18:26:35,475] {dag.py:2398} INFO - Sync 1 DAGs
[2022-03-22 18:26:35,491] {logging_mixin.py:109} INFO - [2022-03-22 18:26:35,491] {dag.py:2937} INFO - Setting next_dagrun for example_branch_datetime_operator_2 to 2022-03-22T00:00:00+00:00
[2022-03-22 18:26:35,504] {processor.py:171} INFO - Processing /Users/adebolafagbule/opt/anaconda3/envs/airflow_env/lib/python3.8/site-packages/airflow/example_dags/example_branch_datetime_operator.py took 0.132 seconds
[2022-03-22 18:28:11,938] {processor.py:163} INFO - Started process (PID=66327) to work on /Users/adebolafagbule/opt/anaconda3/envs/airflow_env/lib/python3.8/site-packages/airflow/example_dags/example_branch_datetime_operator.py
[2022-03-22 18:28:11,939] {processor.py:642} INFO - Processing file /Users/adebolafagbule/opt/anaconda3/envs/airflow_env/lib/python3.8/site-packages/airflow/example_dags/example_branch_datetime_operator.py for tasks to queue
[2022-03-22 18:28:11,940] {logging_mixin.py:109} INFO - [2022-03-22 18:28:11,940] {dagbag.py:500} INFO - Filling up the DagBag from /Users/adebolafagbule/opt/anaconda3/envs/airflow_env/lib/python3.8/site-packages/airflow/example_dags/example_branch_datetime_operator.py
[2022-03-22 18:28:11,981] {processor.py:654} INFO - DAG(s) dict_keys(['example_branch_datetime_operator_2']) retrieved from /Users/adebolafagbule/opt/anaconda3/envs/airflow_env/lib/python3.8/site-packages/airflow/example_dags/example_branch_datetime_operator.py
[2022-03-22 18:28:11,996] {logging_mixin.py:109} INFO - [2022-03-22 18:28:11,996] {dag.py:2398} INFO - Sync 1 DAGs
[2022-03-22 18:28:12,008] {logging_mixin.py:109} INFO - [2022-03-22 18:28:12,008] {dag.py:2937} INFO - Setting next_dagrun for example_branch_datetime_operator_2 to 2022-03-22T00:00:00+00:00
[2022-03-22 18:28:12,015] {processor.py:171} INFO - Processing /Users/adebolafagbule/opt/anaconda3/envs/airflow_env/lib/python3.8/site-packages/airflow/example_dags/example_branch_datetime_operator.py took 0.077 seconds
