[2022-03-21 23:44:53,769] {processor.py:163} INFO - Started process (PID=61221) to work on /Users/adebolafagbule/opt/anaconda3/envs/airflow_env/lib/python3.8/site-packages/airflow/example_dags/example_task_group.py
[2022-03-21 23:44:53,770] {processor.py:642} INFO - Processing file /Users/adebolafagbule/opt/anaconda3/envs/airflow_env/lib/python3.8/site-packages/airflow/example_dags/example_task_group.py for tasks to queue
[2022-03-21 23:44:53,771] {logging_mixin.py:109} INFO - [2022-03-21 23:44:53,771] {dagbag.py:500} INFO - Filling up the DagBag from /Users/adebolafagbule/opt/anaconda3/envs/airflow_env/lib/python3.8/site-packages/airflow/example_dags/example_task_group.py
[2022-03-21 23:44:53,843] {processor.py:654} INFO - DAG(s) dict_keys(['example_task_group']) retrieved from /Users/adebolafagbule/opt/anaconda3/envs/airflow_env/lib/python3.8/site-packages/airflow/example_dags/example_task_group.py
[2022-03-21 23:44:53,876] {logging_mixin.py:109} INFO - [2022-03-21 23:44:53,875] {dag.py:2398} INFO - Sync 1 DAGs
[2022-03-21 23:44:53,894] {logging_mixin.py:109} INFO - [2022-03-21 23:44:53,893] {dag.py:2937} INFO - Setting next_dagrun for example_task_group to 2022-03-21T03:44:53.893594+00:00
[2022-03-21 23:44:53,907] {processor.py:171} INFO - Processing /Users/adebolafagbule/opt/anaconda3/envs/airflow_env/lib/python3.8/site-packages/airflow/example_dags/example_task_group.py took 0.138 seconds
[2022-03-22 02:36:19,318] {processor.py:163} INFO - Started process (PID=61309) to work on /Users/adebolafagbule/opt/anaconda3/envs/airflow_env/lib/python3.8/site-packages/airflow/example_dags/example_task_group.py
[2022-03-22 02:36:19,320] {processor.py:642} INFO - Processing file /Users/adebolafagbule/opt/anaconda3/envs/airflow_env/lib/python3.8/site-packages/airflow/example_dags/example_task_group.py for tasks to queue
[2022-03-22 02:36:19,320] {logging_mixin.py:109} INFO - [2022-03-22 02:36:19,320] {dagbag.py:500} INFO - Filling up the DagBag from /Users/adebolafagbule/opt/anaconda3/envs/airflow_env/lib/python3.8/site-packages/airflow/example_dags/example_task_group.py
[2022-03-22 02:36:19,420] {processor.py:654} INFO - DAG(s) dict_keys(['example_task_group']) retrieved from /Users/adebolafagbule/opt/anaconda3/envs/airflow_env/lib/python3.8/site-packages/airflow/example_dags/example_task_group.py
[2022-03-22 02:36:19,457] {logging_mixin.py:109} INFO - [2022-03-22 02:36:19,457] {dag.py:2398} INFO - Sync 1 DAGs
[2022-03-22 02:36:19,477] {logging_mixin.py:109} INFO - [2022-03-22 02:36:19,476] {dag.py:2937} INFO - Setting next_dagrun for example_task_group to 2022-03-21T06:36:19.476345+00:00
[2022-03-22 02:36:19,491] {processor.py:171} INFO - Processing /Users/adebolafagbule/opt/anaconda3/envs/airflow_env/lib/python3.8/site-packages/airflow/example_dags/example_task_group.py took 0.175 seconds
[2022-03-22 05:36:11,949] {processor.py:163} INFO - Started process (PID=61421) to work on /Users/adebolafagbule/opt/anaconda3/envs/airflow_env/lib/python3.8/site-packages/airflow/example_dags/example_task_group.py
[2022-03-22 05:36:11,951] {processor.py:642} INFO - Processing file /Users/adebolafagbule/opt/anaconda3/envs/airflow_env/lib/python3.8/site-packages/airflow/example_dags/example_task_group.py for tasks to queue
[2022-03-22 05:36:11,952] {logging_mixin.py:109} INFO - [2022-03-22 05:36:11,952] {dagbag.py:500} INFO - Filling up the DagBag from /Users/adebolafagbule/opt/anaconda3/envs/airflow_env/lib/python3.8/site-packages/airflow/example_dags/example_task_group.py
[2022-03-22 05:36:12,088] {processor.py:654} INFO - DAG(s) dict_keys(['example_task_group']) retrieved from /Users/adebolafagbule/opt/anaconda3/envs/airflow_env/lib/python3.8/site-packages/airflow/example_dags/example_task_group.py
[2022-03-22 05:36:12,133] {logging_mixin.py:109} INFO - [2022-03-22 05:36:12,133] {dag.py:2398} INFO - Sync 1 DAGs
[2022-03-22 05:36:12,174] {logging_mixin.py:109} INFO - [2022-03-22 05:36:12,174] {dag.py:2937} INFO - Setting next_dagrun for example_task_group to 2022-03-21T09:36:12.172878+00:00
[2022-03-22 05:36:12,190] {processor.py:171} INFO - Processing /Users/adebolafagbule/opt/anaconda3/envs/airflow_env/lib/python3.8/site-packages/airflow/example_dags/example_task_group.py took 0.244 seconds
[2022-03-22 06:20:18,186] {processor.py:163} INFO - Started process (PID=61490) to work on /Users/adebolafagbule/opt/anaconda3/envs/airflow_env/lib/python3.8/site-packages/airflow/example_dags/example_task_group.py
[2022-03-22 06:20:18,188] {processor.py:642} INFO - Processing file /Users/adebolafagbule/opt/anaconda3/envs/airflow_env/lib/python3.8/site-packages/airflow/example_dags/example_task_group.py for tasks to queue
[2022-03-22 06:20:18,188] {logging_mixin.py:109} INFO - [2022-03-22 06:20:18,188] {dagbag.py:500} INFO - Filling up the DagBag from /Users/adebolafagbule/opt/anaconda3/envs/airflow_env/lib/python3.8/site-packages/airflow/example_dags/example_task_group.py
[2022-03-22 06:20:18,266] {processor.py:654} INFO - DAG(s) dict_keys(['example_task_group']) retrieved from /Users/adebolafagbule/opt/anaconda3/envs/airflow_env/lib/python3.8/site-packages/airflow/example_dags/example_task_group.py
[2022-03-22 06:20:18,296] {logging_mixin.py:109} INFO - [2022-03-22 06:20:18,296] {dag.py:2398} INFO - Sync 1 DAGs
[2022-03-22 06:20:18,313] {logging_mixin.py:109} INFO - [2022-03-22 06:20:18,312] {dag.py:2937} INFO - Setting next_dagrun for example_task_group to 2022-03-21T10:20:18.312717+00:00
[2022-03-22 06:20:18,324] {processor.py:171} INFO - Processing /Users/adebolafagbule/opt/anaconda3/envs/airflow_env/lib/python3.8/site-packages/airflow/example_dags/example_task_group.py took 0.139 seconds
[2022-03-22 08:11:58,023] {processor.py:163} INFO - Started process (PID=61612) to work on /Users/adebolafagbule/opt/anaconda3/envs/airflow_env/lib/python3.8/site-packages/airflow/example_dags/example_task_group.py
[2022-03-22 08:11:58,025] {processor.py:642} INFO - Processing file /Users/adebolafagbule/opt/anaconda3/envs/airflow_env/lib/python3.8/site-packages/airflow/example_dags/example_task_group.py for tasks to queue
[2022-03-22 08:11:58,025] {logging_mixin.py:109} INFO - [2022-03-22 08:11:58,025] {dagbag.py:500} INFO - Filling up the DagBag from /Users/adebolafagbule/opt/anaconda3/envs/airflow_env/lib/python3.8/site-packages/airflow/example_dags/example_task_group.py
[2022-03-22 08:11:58,097] {processor.py:654} INFO - DAG(s) dict_keys(['example_task_group']) retrieved from /Users/adebolafagbule/opt/anaconda3/envs/airflow_env/lib/python3.8/site-packages/airflow/example_dags/example_task_group.py
[2022-03-22 08:11:58,132] {logging_mixin.py:109} INFO - [2022-03-22 08:11:58,132] {dag.py:2398} INFO - Sync 1 DAGs
[2022-03-22 08:11:58,152] {logging_mixin.py:109} INFO - [2022-03-22 08:11:58,151] {dag.py:2937} INFO - Setting next_dagrun for example_task_group to 2022-03-21T12:11:58.151577+00:00
[2022-03-22 08:11:58,165] {processor.py:171} INFO - Processing /Users/adebolafagbule/opt/anaconda3/envs/airflow_env/lib/python3.8/site-packages/airflow/example_dags/example_task_group.py took 0.143 seconds
[2022-03-22 08:40:53,917] {processor.py:163} INFO - Started process (PID=61708) to work on /Users/adebolafagbule/opt/anaconda3/envs/airflow_env/lib/python3.8/site-packages/airflow/example_dags/example_task_group.py
[2022-03-22 08:40:53,918] {processor.py:642} INFO - Processing file /Users/adebolafagbule/opt/anaconda3/envs/airflow_env/lib/python3.8/site-packages/airflow/example_dags/example_task_group.py for tasks to queue
[2022-03-22 08:40:53,918] {logging_mixin.py:109} INFO - [2022-03-22 08:40:53,918] {dagbag.py:500} INFO - Filling up the DagBag from /Users/adebolafagbule/opt/anaconda3/envs/airflow_env/lib/python3.8/site-packages/airflow/example_dags/example_task_group.py
[2022-03-22 08:40:53,993] {processor.py:654} INFO - DAG(s) dict_keys(['example_task_group']) retrieved from /Users/adebolafagbule/opt/anaconda3/envs/airflow_env/lib/python3.8/site-packages/airflow/example_dags/example_task_group.py
[2022-03-22 08:40:54,027] {logging_mixin.py:109} INFO - [2022-03-22 08:40:54,027] {dag.py:2398} INFO - Sync 1 DAGs
[2022-03-22 08:40:54,047] {logging_mixin.py:109} INFO - [2022-03-22 08:40:54,047] {dag.py:2937} INFO - Setting next_dagrun for example_task_group to 2022-03-21T12:40:54.047124+00:00
[2022-03-22 08:40:54,061] {processor.py:171} INFO - Processing /Users/adebolafagbule/opt/anaconda3/envs/airflow_env/lib/python3.8/site-packages/airflow/example_dags/example_task_group.py took 0.146 seconds
[2022-03-22 08:58:51,771] {processor.py:163} INFO - Started process (PID=61770) to work on /Users/adebolafagbule/opt/anaconda3/envs/airflow_env/lib/python3.8/site-packages/airflow/example_dags/example_task_group.py
[2022-03-22 08:58:51,772] {processor.py:642} INFO - Processing file /Users/adebolafagbule/opt/anaconda3/envs/airflow_env/lib/python3.8/site-packages/airflow/example_dags/example_task_group.py for tasks to queue
[2022-03-22 08:58:51,773] {logging_mixin.py:109} INFO - [2022-03-22 08:58:51,773] {dagbag.py:500} INFO - Filling up the DagBag from /Users/adebolafagbule/opt/anaconda3/envs/airflow_env/lib/python3.8/site-packages/airflow/example_dags/example_task_group.py
[2022-03-22 08:58:51,836] {processor.py:654} INFO - DAG(s) dict_keys(['example_task_group']) retrieved from /Users/adebolafagbule/opt/anaconda3/envs/airflow_env/lib/python3.8/site-packages/airflow/example_dags/example_task_group.py
[2022-03-22 08:58:51,865] {logging_mixin.py:109} INFO - [2022-03-22 08:58:51,865] {dag.py:2398} INFO - Sync 1 DAGs
[2022-03-22 08:58:51,881] {logging_mixin.py:109} INFO - [2022-03-22 08:58:51,881] {dag.py:2937} INFO - Setting next_dagrun for example_task_group to 2022-03-21T12:58:51.881495+00:00
[2022-03-22 08:58:51,894] {processor.py:171} INFO - Processing /Users/adebolafagbule/opt/anaconda3/envs/airflow_env/lib/python3.8/site-packages/airflow/example_dags/example_task_group.py took 0.124 seconds
[2022-03-22 09:34:38,033] {processor.py:163} INFO - Started process (PID=61847) to work on /Users/adebolafagbule/opt/anaconda3/envs/airflow_env/lib/python3.8/site-packages/airflow/example_dags/example_task_group.py
[2022-03-22 09:34:38,035] {processor.py:642} INFO - Processing file /Users/adebolafagbule/opt/anaconda3/envs/airflow_env/lib/python3.8/site-packages/airflow/example_dags/example_task_group.py for tasks to queue
[2022-03-22 09:34:38,036] {logging_mixin.py:109} INFO - [2022-03-22 09:34:38,036] {dagbag.py:500} INFO - Filling up the DagBag from /Users/adebolafagbule/opt/anaconda3/envs/airflow_env/lib/python3.8/site-packages/airflow/example_dags/example_task_group.py
[2022-03-22 09:34:38,171] {processor.py:654} INFO - DAG(s) dict_keys(['example_task_group']) retrieved from /Users/adebolafagbule/opt/anaconda3/envs/airflow_env/lib/python3.8/site-packages/airflow/example_dags/example_task_group.py
[2022-03-22 09:34:38,234] {logging_mixin.py:109} INFO - [2022-03-22 09:34:38,234] {dag.py:2398} INFO - Sync 1 DAGs
[2022-03-22 09:34:38,289] {logging_mixin.py:109} INFO - [2022-03-22 09:34:38,289] {dag.py:2937} INFO - Setting next_dagrun for example_task_group to 2022-03-21T13:34:38.288830+00:00
[2022-03-22 09:34:38,311] {processor.py:171} INFO - Processing /Users/adebolafagbule/opt/anaconda3/envs/airflow_env/lib/python3.8/site-packages/airflow/example_dags/example_task_group.py took 0.280 seconds
[2022-03-22 09:52:13,384] {processor.py:163} INFO - Started process (PID=61937) to work on /Users/adebolafagbule/opt/anaconda3/envs/airflow_env/lib/python3.8/site-packages/airflow/example_dags/example_task_group.py
[2022-03-22 09:52:13,385] {processor.py:642} INFO - Processing file /Users/adebolafagbule/opt/anaconda3/envs/airflow_env/lib/python3.8/site-packages/airflow/example_dags/example_task_group.py for tasks to queue
[2022-03-22 09:52:13,385] {logging_mixin.py:109} INFO - [2022-03-22 09:52:13,385] {dagbag.py:500} INFO - Filling up the DagBag from /Users/adebolafagbule/opt/anaconda3/envs/airflow_env/lib/python3.8/site-packages/airflow/example_dags/example_task_group.py
[2022-03-22 09:52:13,414] {processor.py:654} INFO - DAG(s) dict_keys(['example_task_group']) retrieved from /Users/adebolafagbule/opt/anaconda3/envs/airflow_env/lib/python3.8/site-packages/airflow/example_dags/example_task_group.py
[2022-03-22 09:52:13,428] {logging_mixin.py:109} INFO - [2022-03-22 09:52:13,428] {dag.py:2398} INFO - Sync 1 DAGs
[2022-03-22 09:52:13,437] {logging_mixin.py:109} INFO - [2022-03-22 09:52:13,437] {dag.py:2937} INFO - Setting next_dagrun for example_task_group to 2022-03-21T13:52:13.437310+00:00
[2022-03-22 09:52:13,443] {processor.py:171} INFO - Processing /Users/adebolafagbule/opt/anaconda3/envs/airflow_env/lib/python3.8/site-packages/airflow/example_dags/example_task_group.py took 0.060 seconds
[2022-03-22 10:10:23,648] {processor.py:163} INFO - Started process (PID=62008) to work on /Users/adebolafagbule/opt/anaconda3/envs/airflow_env/lib/python3.8/site-packages/airflow/example_dags/example_task_group.py
[2022-03-22 10:10:23,651] {processor.py:642} INFO - Processing file /Users/adebolafagbule/opt/anaconda3/envs/airflow_env/lib/python3.8/site-packages/airflow/example_dags/example_task_group.py for tasks to queue
[2022-03-22 10:10:23,652] {logging_mixin.py:109} INFO - [2022-03-22 10:10:23,652] {dagbag.py:500} INFO - Filling up the DagBag from /Users/adebolafagbule/opt/anaconda3/envs/airflow_env/lib/python3.8/site-packages/airflow/example_dags/example_task_group.py
[2022-03-22 10:10:23,702] {processor.py:654} INFO - DAG(s) dict_keys(['example_task_group']) retrieved from /Users/adebolafagbule/opt/anaconda3/envs/airflow_env/lib/python3.8/site-packages/airflow/example_dags/example_task_group.py
[2022-03-22 10:10:23,716] {logging_mixin.py:109} INFO - [2022-03-22 10:10:23,716] {dag.py:2398} INFO - Sync 1 DAGs
[2022-03-22 10:10:23,723] {logging_mixin.py:109} INFO - [2022-03-22 10:10:23,723] {dag.py:2937} INFO - Setting next_dagrun for example_task_group to 2022-03-21T14:10:23.723595+00:00
[2022-03-22 10:10:23,729] {processor.py:171} INFO - Processing /Users/adebolafagbule/opt/anaconda3/envs/airflow_env/lib/python3.8/site-packages/airflow/example_dags/example_task_group.py took 0.081 seconds
[2022-03-22 10:27:46,287] {processor.py:163} INFO - Started process (PID=62071) to work on /Users/adebolafagbule/opt/anaconda3/envs/airflow_env/lib/python3.8/site-packages/airflow/example_dags/example_task_group.py
[2022-03-22 10:27:46,289] {processor.py:642} INFO - Processing file /Users/adebolafagbule/opt/anaconda3/envs/airflow_env/lib/python3.8/site-packages/airflow/example_dags/example_task_group.py for tasks to queue
[2022-03-22 10:27:46,289] {logging_mixin.py:109} INFO - [2022-03-22 10:27:46,289] {dagbag.py:500} INFO - Filling up the DagBag from /Users/adebolafagbule/opt/anaconda3/envs/airflow_env/lib/python3.8/site-packages/airflow/example_dags/example_task_group.py
[2022-03-22 10:27:46,355] {processor.py:654} INFO - DAG(s) dict_keys(['example_task_group']) retrieved from /Users/adebolafagbule/opt/anaconda3/envs/airflow_env/lib/python3.8/site-packages/airflow/example_dags/example_task_group.py
[2022-03-22 10:27:46,384] {logging_mixin.py:109} INFO - [2022-03-22 10:27:46,384] {dag.py:2398} INFO - Sync 1 DAGs
[2022-03-22 10:27:46,402] {logging_mixin.py:109} INFO - [2022-03-22 10:27:46,402] {dag.py:2937} INFO - Setting next_dagrun for example_task_group to 2022-03-21T14:27:46.401840+00:00
[2022-03-22 10:27:46,413] {processor.py:171} INFO - Processing /Users/adebolafagbule/opt/anaconda3/envs/airflow_env/lib/python3.8/site-packages/airflow/example_dags/example_task_group.py took 0.127 seconds
[2022-03-22 11:00:17,416] {processor.py:163} INFO - Started process (PID=62151) to work on /Users/adebolafagbule/opt/anaconda3/envs/airflow_env/lib/python3.8/site-packages/airflow/example_dags/example_task_group.py
[2022-03-22 11:00:17,416] {processor.py:642} INFO - Processing file /Users/adebolafagbule/opt/anaconda3/envs/airflow_env/lib/python3.8/site-packages/airflow/example_dags/example_task_group.py for tasks to queue
[2022-03-22 11:00:17,417] {logging_mixin.py:109} INFO - [2022-03-22 11:00:17,417] {dagbag.py:500} INFO - Filling up the DagBag from /Users/adebolafagbule/opt/anaconda3/envs/airflow_env/lib/python3.8/site-packages/airflow/example_dags/example_task_group.py
[2022-03-22 11:00:17,469] {processor.py:654} INFO - DAG(s) dict_keys(['example_task_group']) retrieved from /Users/adebolafagbule/opt/anaconda3/envs/airflow_env/lib/python3.8/site-packages/airflow/example_dags/example_task_group.py
[2022-03-22 11:00:17,492] {logging_mixin.py:109} INFO - [2022-03-22 11:00:17,492] {dag.py:2398} INFO - Sync 1 DAGs
[2022-03-22 11:00:17,506] {logging_mixin.py:109} INFO - [2022-03-22 11:00:17,505] {dag.py:2937} INFO - Setting next_dagrun for example_task_group to 2022-03-21T15:00:17.505735+00:00
[2022-03-22 11:00:17,514] {processor.py:171} INFO - Processing /Users/adebolafagbule/opt/anaconda3/envs/airflow_env/lib/python3.8/site-packages/airflow/example_dags/example_task_group.py took 0.099 seconds
[2022-03-22 11:01:19,731] {processor.py:163} INFO - Started process (PID=62239) to work on /Users/adebolafagbule/opt/anaconda3/envs/airflow_env/lib/python3.8/site-packages/airflow/example_dags/example_task_group.py
[2022-03-22 11:01:19,733] {processor.py:642} INFO - Processing file /Users/adebolafagbule/opt/anaconda3/envs/airflow_env/lib/python3.8/site-packages/airflow/example_dags/example_task_group.py for tasks to queue
[2022-03-22 11:01:19,733] {logging_mixin.py:109} INFO - [2022-03-22 11:01:19,733] {dagbag.py:500} INFO - Filling up the DagBag from /Users/adebolafagbule/opt/anaconda3/envs/airflow_env/lib/python3.8/site-packages/airflow/example_dags/example_task_group.py
[2022-03-22 11:01:19,785] {processor.py:654} INFO - DAG(s) dict_keys(['example_task_group']) retrieved from /Users/adebolafagbule/opt/anaconda3/envs/airflow_env/lib/python3.8/site-packages/airflow/example_dags/example_task_group.py
[2022-03-22 11:01:19,799] {logging_mixin.py:109} INFO - [2022-03-22 11:01:19,798] {dag.py:2398} INFO - Sync 1 DAGs
[2022-03-22 11:01:19,806] {logging_mixin.py:109} INFO - [2022-03-22 11:01:19,806] {dag.py:2937} INFO - Setting next_dagrun for example_task_group to 2022-03-21T15:01:19.806217+00:00
[2022-03-22 11:01:19,811] {processor.py:171} INFO - Processing /Users/adebolafagbule/opt/anaconda3/envs/airflow_env/lib/python3.8/site-packages/airflow/example_dags/example_task_group.py took 0.080 seconds
[2022-03-22 11:02:35,811] {processor.py:163} INFO - Started process (PID=62410) to work on /Users/adebolafagbule/opt/anaconda3/envs/airflow_env/lib/python3.8/site-packages/airflow/example_dags/example_task_group.py
[2022-03-22 11:02:35,812] {processor.py:642} INFO - Processing file /Users/adebolafagbule/opt/anaconda3/envs/airflow_env/lib/python3.8/site-packages/airflow/example_dags/example_task_group.py for tasks to queue
[2022-03-22 11:02:35,812] {logging_mixin.py:109} INFO - [2022-03-22 11:02:35,812] {dagbag.py:500} INFO - Filling up the DagBag from /Users/adebolafagbule/opt/anaconda3/envs/airflow_env/lib/python3.8/site-packages/airflow/example_dags/example_task_group.py
[2022-03-22 11:02:35,842] {processor.py:654} INFO - DAG(s) dict_keys(['example_task_group']) retrieved from /Users/adebolafagbule/opt/anaconda3/envs/airflow_env/lib/python3.8/site-packages/airflow/example_dags/example_task_group.py
[2022-03-22 11:02:35,855] {logging_mixin.py:109} INFO - [2022-03-22 11:02:35,855] {dag.py:2398} INFO - Sync 1 DAGs
[2022-03-22 11:02:35,863] {logging_mixin.py:109} INFO - [2022-03-22 11:02:35,863] {dag.py:2937} INFO - Setting next_dagrun for example_task_group to 2022-03-21T15:02:35.863080+00:00
[2022-03-22 11:02:35,868] {processor.py:171} INFO - Processing /Users/adebolafagbule/opt/anaconda3/envs/airflow_env/lib/python3.8/site-packages/airflow/example_dags/example_task_group.py took 0.057 seconds
[2022-03-22 11:03:51,630] {processor.py:163} INFO - Started process (PID=62496) to work on /Users/adebolafagbule/opt/anaconda3/envs/airflow_env/lib/python3.8/site-packages/airflow/example_dags/example_task_group.py
[2022-03-22 11:03:51,632] {processor.py:642} INFO - Processing file /Users/adebolafagbule/opt/anaconda3/envs/airflow_env/lib/python3.8/site-packages/airflow/example_dags/example_task_group.py for tasks to queue
[2022-03-22 11:03:51,633] {logging_mixin.py:109} INFO - [2022-03-22 11:03:51,632] {dagbag.py:500} INFO - Filling up the DagBag from /Users/adebolafagbule/opt/anaconda3/envs/airflow_env/lib/python3.8/site-packages/airflow/example_dags/example_task_group.py
[2022-03-22 11:03:51,674] {processor.py:654} INFO - DAG(s) dict_keys(['example_task_group']) retrieved from /Users/adebolafagbule/opt/anaconda3/envs/airflow_env/lib/python3.8/site-packages/airflow/example_dags/example_task_group.py
[2022-03-22 11:03:51,688] {logging_mixin.py:109} INFO - [2022-03-22 11:03:51,688] {dag.py:2398} INFO - Sync 1 DAGs
[2022-03-22 11:03:51,695] {logging_mixin.py:109} INFO - [2022-03-22 11:03:51,695] {dag.py:2937} INFO - Setting next_dagrun for example_task_group to 2022-03-21T15:03:51.695308+00:00
[2022-03-22 11:03:51,701] {processor.py:171} INFO - Processing /Users/adebolafagbule/opt/anaconda3/envs/airflow_env/lib/python3.8/site-packages/airflow/example_dags/example_task_group.py took 0.071 seconds
[2022-03-22 11:22:25,675] {processor.py:163} INFO - Started process (PID=62571) to work on /Users/adebolafagbule/opt/anaconda3/envs/airflow_env/lib/python3.8/site-packages/airflow/example_dags/example_task_group.py
[2022-03-22 11:22:25,676] {processor.py:642} INFO - Processing file /Users/adebolafagbule/opt/anaconda3/envs/airflow_env/lib/python3.8/site-packages/airflow/example_dags/example_task_group.py for tasks to queue
[2022-03-22 11:22:25,676] {logging_mixin.py:109} INFO - [2022-03-22 11:22:25,676] {dagbag.py:500} INFO - Filling up the DagBag from /Users/adebolafagbule/opt/anaconda3/envs/airflow_env/lib/python3.8/site-packages/airflow/example_dags/example_task_group.py
[2022-03-22 11:22:25,802] {processor.py:654} INFO - DAG(s) dict_keys(['example_task_group']) retrieved from /Users/adebolafagbule/opt/anaconda3/envs/airflow_env/lib/python3.8/site-packages/airflow/example_dags/example_task_group.py
[2022-03-22 11:22:25,847] {logging_mixin.py:109} INFO - [2022-03-22 11:22:25,847] {dag.py:2398} INFO - Sync 1 DAGs
[2022-03-22 11:22:25,862] {logging_mixin.py:109} INFO - [2022-03-22 11:22:25,862] {dag.py:2937} INFO - Setting next_dagrun for example_task_group to 2022-03-21T15:22:25.862159+00:00
[2022-03-22 11:22:25,873] {processor.py:171} INFO - Processing /Users/adebolafagbule/opt/anaconda3/envs/airflow_env/lib/python3.8/site-packages/airflow/example_dags/example_task_group.py took 0.199 seconds
[2022-03-22 11:24:07,643] {processor.py:163} INFO - Started process (PID=62641) to work on /Users/adebolafagbule/opt/anaconda3/envs/airflow_env/lib/python3.8/site-packages/airflow/example_dags/example_task_group.py
[2022-03-22 11:24:07,644] {processor.py:642} INFO - Processing file /Users/adebolafagbule/opt/anaconda3/envs/airflow_env/lib/python3.8/site-packages/airflow/example_dags/example_task_group.py for tasks to queue
[2022-03-22 11:24:07,645] {logging_mixin.py:109} INFO - [2022-03-22 11:24:07,645] {dagbag.py:500} INFO - Filling up the DagBag from /Users/adebolafagbule/opt/anaconda3/envs/airflow_env/lib/python3.8/site-packages/airflow/example_dags/example_task_group.py
[2022-03-22 11:24:07,702] {processor.py:654} INFO - DAG(s) dict_keys(['example_task_group']) retrieved from /Users/adebolafagbule/opt/anaconda3/envs/airflow_env/lib/python3.8/site-packages/airflow/example_dags/example_task_group.py
[2022-03-22 11:24:07,727] {logging_mixin.py:109} INFO - [2022-03-22 11:24:07,726] {dag.py:2398} INFO - Sync 1 DAGs
[2022-03-22 11:24:07,741] {logging_mixin.py:109} INFO - [2022-03-22 11:24:07,741] {dag.py:2937} INFO - Setting next_dagrun for example_task_group to 2022-03-21T15:24:07.741628+00:00
[2022-03-22 11:24:07,751] {processor.py:171} INFO - Processing /Users/adebolafagbule/opt/anaconda3/envs/airflow_env/lib/python3.8/site-packages/airflow/example_dags/example_task_group.py took 0.108 seconds
[2022-03-22 11:41:30,034] {processor.py:163} INFO - Started process (PID=62727) to work on /Users/adebolafagbule/opt/anaconda3/envs/airflow_env/lib/python3.8/site-packages/airflow/example_dags/example_task_group.py
[2022-03-22 11:41:30,035] {processor.py:642} INFO - Processing file /Users/adebolafagbule/opt/anaconda3/envs/airflow_env/lib/python3.8/site-packages/airflow/example_dags/example_task_group.py for tasks to queue
[2022-03-22 11:41:30,036] {logging_mixin.py:109} INFO - [2022-03-22 11:41:30,036] {dagbag.py:500} INFO - Filling up the DagBag from /Users/adebolafagbule/opt/anaconda3/envs/airflow_env/lib/python3.8/site-packages/airflow/example_dags/example_task_group.py
[2022-03-22 11:41:30,092] {processor.py:654} INFO - DAG(s) dict_keys(['example_task_group']) retrieved from /Users/adebolafagbule/opt/anaconda3/envs/airflow_env/lib/python3.8/site-packages/airflow/example_dags/example_task_group.py
[2022-03-22 11:41:30,118] {logging_mixin.py:109} INFO - [2022-03-22 11:41:30,118] {dag.py:2398} INFO - Sync 1 DAGs
[2022-03-22 11:41:30,132] {logging_mixin.py:109} INFO - [2022-03-22 11:41:30,132] {dag.py:2937} INFO - Setting next_dagrun for example_task_group to 2022-03-21T15:41:30.132427+00:00
[2022-03-22 11:41:30,144] {processor.py:171} INFO - Processing /Users/adebolafagbule/opt/anaconda3/envs/airflow_env/lib/python3.8/site-packages/airflow/example_dags/example_task_group.py took 0.110 seconds
[2022-03-22 12:29:03,387] {processor.py:163} INFO - Started process (PID=62819) to work on /Users/adebolafagbule/opt/anaconda3/envs/airflow_env/lib/python3.8/site-packages/airflow/example_dags/example_task_group.py
[2022-03-22 12:29:03,388] {processor.py:642} INFO - Processing file /Users/adebolafagbule/opt/anaconda3/envs/airflow_env/lib/python3.8/site-packages/airflow/example_dags/example_task_group.py for tasks to queue
[2022-03-22 12:29:03,389] {logging_mixin.py:109} INFO - [2022-03-22 12:29:03,389] {dagbag.py:500} INFO - Filling up the DagBag from /Users/adebolafagbule/opt/anaconda3/envs/airflow_env/lib/python3.8/site-packages/airflow/example_dags/example_task_group.py
[2022-03-22 12:29:03,459] {processor.py:654} INFO - DAG(s) dict_keys(['example_task_group']) retrieved from /Users/adebolafagbule/opt/anaconda3/envs/airflow_env/lib/python3.8/site-packages/airflow/example_dags/example_task_group.py
[2022-03-22 12:29:03,491] {logging_mixin.py:109} INFO - [2022-03-22 12:29:03,490] {dag.py:2398} INFO - Sync 1 DAGs
[2022-03-22 12:29:03,509] {logging_mixin.py:109} INFO - [2022-03-22 12:29:03,508] {dag.py:2937} INFO - Setting next_dagrun for example_task_group to 2022-03-21T16:29:03.508569+00:00
[2022-03-22 12:29:03,521] {processor.py:171} INFO - Processing /Users/adebolafagbule/opt/anaconda3/envs/airflow_env/lib/python3.8/site-packages/airflow/example_dags/example_task_group.py took 0.135 seconds
[2022-03-22 13:47:50,948] {processor.py:163} INFO - Started process (PID=62908) to work on /Users/adebolafagbule/opt/anaconda3/envs/airflow_env/lib/python3.8/site-packages/airflow/example_dags/example_task_group.py
[2022-03-22 13:47:50,949] {processor.py:642} INFO - Processing file /Users/adebolafagbule/opt/anaconda3/envs/airflow_env/lib/python3.8/site-packages/airflow/example_dags/example_task_group.py for tasks to queue
[2022-03-22 13:47:50,949] {logging_mixin.py:109} INFO - [2022-03-22 13:47:50,949] {dagbag.py:500} INFO - Filling up the DagBag from /Users/adebolafagbule/opt/anaconda3/envs/airflow_env/lib/python3.8/site-packages/airflow/example_dags/example_task_group.py
[2022-03-22 13:47:51,025] {processor.py:654} INFO - DAG(s) dict_keys(['example_task_group']) retrieved from /Users/adebolafagbule/opt/anaconda3/envs/airflow_env/lib/python3.8/site-packages/airflow/example_dags/example_task_group.py
[2022-03-22 13:47:51,060] {logging_mixin.py:109} INFO - [2022-03-22 13:47:51,060] {dag.py:2398} INFO - Sync 1 DAGs
[2022-03-22 13:47:51,079] {logging_mixin.py:109} INFO - [2022-03-22 13:47:51,079] {dag.py:2937} INFO - Setting next_dagrun for example_task_group to 2022-03-21T17:47:51.079414+00:00
[2022-03-22 13:47:51,093] {processor.py:171} INFO - Processing /Users/adebolafagbule/opt/anaconda3/envs/airflow_env/lib/python3.8/site-packages/airflow/example_dags/example_task_group.py took 0.146 seconds
[2022-03-22 14:12:57,653] {processor.py:163} INFO - Started process (PID=62984) to work on /Users/adebolafagbule/opt/anaconda3/envs/airflow_env/lib/python3.8/site-packages/airflow/example_dags/example_task_group.py
[2022-03-22 14:12:57,654] {processor.py:642} INFO - Processing file /Users/adebolafagbule/opt/anaconda3/envs/airflow_env/lib/python3.8/site-packages/airflow/example_dags/example_task_group.py for tasks to queue
[2022-03-22 14:12:57,655] {logging_mixin.py:109} INFO - [2022-03-22 14:12:57,655] {dagbag.py:500} INFO - Filling up the DagBag from /Users/adebolafagbule/opt/anaconda3/envs/airflow_env/lib/python3.8/site-packages/airflow/example_dags/example_task_group.py
[2022-03-22 14:12:57,721] {processor.py:654} INFO - DAG(s) dict_keys(['example_task_group']) retrieved from /Users/adebolafagbule/opt/anaconda3/envs/airflow_env/lib/python3.8/site-packages/airflow/example_dags/example_task_group.py
[2022-03-22 14:12:57,753] {logging_mixin.py:109} INFO - [2022-03-22 14:12:57,752] {dag.py:2398} INFO - Sync 1 DAGs
[2022-03-22 14:12:57,770] {logging_mixin.py:109} INFO - [2022-03-22 14:12:57,770] {dag.py:2937} INFO - Setting next_dagrun for example_task_group to 2022-03-21T18:12:57.770538+00:00
[2022-03-22 14:12:57,783] {processor.py:171} INFO - Processing /Users/adebolafagbule/opt/anaconda3/envs/airflow_env/lib/python3.8/site-packages/airflow/example_dags/example_task_group.py took 0.132 seconds
[2022-03-22 14:58:08,673] {processor.py:163} INFO - Started process (PID=63060) to work on /Users/adebolafagbule/opt/anaconda3/envs/airflow_env/lib/python3.8/site-packages/airflow/example_dags/example_task_group.py
[2022-03-22 14:58:08,674] {processor.py:642} INFO - Processing file /Users/adebolafagbule/opt/anaconda3/envs/airflow_env/lib/python3.8/site-packages/airflow/example_dags/example_task_group.py for tasks to queue
[2022-03-22 14:58:08,675] {logging_mixin.py:109} INFO - [2022-03-22 14:58:08,675] {dagbag.py:500} INFO - Filling up the DagBag from /Users/adebolafagbule/opt/anaconda3/envs/airflow_env/lib/python3.8/site-packages/airflow/example_dags/example_task_group.py
[2022-03-22 14:58:08,735] {processor.py:654} INFO - DAG(s) dict_keys(['example_task_group']) retrieved from /Users/adebolafagbule/opt/anaconda3/envs/airflow_env/lib/python3.8/site-packages/airflow/example_dags/example_task_group.py
[2022-03-22 14:58:08,761] {logging_mixin.py:109} INFO - [2022-03-22 14:58:08,761] {dag.py:2398} INFO - Sync 1 DAGs
[2022-03-22 14:58:08,776] {logging_mixin.py:109} INFO - [2022-03-22 14:58:08,776] {dag.py:2937} INFO - Setting next_dagrun for example_task_group to 2022-03-21T18:58:08.776298+00:00
[2022-03-22 14:58:08,787] {processor.py:171} INFO - Processing /Users/adebolafagbule/opt/anaconda3/envs/airflow_env/lib/python3.8/site-packages/airflow/example_dags/example_task_group.py took 0.116 seconds
[2022-03-22 15:14:58,514] {processor.py:163} INFO - Started process (PID=63191) to work on /Users/adebolafagbule/opt/anaconda3/envs/airflow_env/lib/python3.8/site-packages/airflow/example_dags/example_task_group.py
[2022-03-22 15:14:58,516] {processor.py:642} INFO - Processing file /Users/adebolafagbule/opt/anaconda3/envs/airflow_env/lib/python3.8/site-packages/airflow/example_dags/example_task_group.py for tasks to queue
[2022-03-22 15:14:58,516] {logging_mixin.py:109} INFO - [2022-03-22 15:14:58,516] {dagbag.py:500} INFO - Filling up the DagBag from /Users/adebolafagbule/opt/anaconda3/envs/airflow_env/lib/python3.8/site-packages/airflow/example_dags/example_task_group.py
[2022-03-22 15:14:58,593] {processor.py:654} INFO - DAG(s) dict_keys(['example_task_group']) retrieved from /Users/adebolafagbule/opt/anaconda3/envs/airflow_env/lib/python3.8/site-packages/airflow/example_dags/example_task_group.py
[2022-03-22 15:14:58,627] {logging_mixin.py:109} INFO - [2022-03-22 15:14:58,627] {dag.py:2398} INFO - Sync 1 DAGs
[2022-03-22 15:14:58,647] {logging_mixin.py:109} INFO - [2022-03-22 15:14:58,647] {dag.py:2937} INFO - Setting next_dagrun for example_task_group to 2022-03-21T19:14:58.647508+00:00
[2022-03-22 15:14:58,661] {processor.py:171} INFO - Processing /Users/adebolafagbule/opt/anaconda3/envs/airflow_env/lib/python3.8/site-packages/airflow/example_dags/example_task_group.py took 0.147 seconds
[2022-03-22 16:01:52,659] {processor.py:163} INFO - Started process (PID=63306) to work on /Users/adebolafagbule/opt/anaconda3/envs/airflow_env/lib/python3.8/site-packages/airflow/example_dags/example_task_group.py
[2022-03-22 16:01:52,661] {processor.py:642} INFO - Processing file /Users/adebolafagbule/opt/anaconda3/envs/airflow_env/lib/python3.8/site-packages/airflow/example_dags/example_task_group.py for tasks to queue
[2022-03-22 16:01:52,663] {logging_mixin.py:109} INFO - [2022-03-22 16:01:52,663] {dagbag.py:500} INFO - Filling up the DagBag from /Users/adebolafagbule/opt/anaconda3/envs/airflow_env/lib/python3.8/site-packages/airflow/example_dags/example_task_group.py
[2022-03-22 16:01:52,771] {processor.py:654} INFO - DAG(s) dict_keys(['example_task_group']) retrieved from /Users/adebolafagbule/opt/anaconda3/envs/airflow_env/lib/python3.8/site-packages/airflow/example_dags/example_task_group.py
[2022-03-22 16:01:52,834] {logging_mixin.py:109} INFO - [2022-03-22 16:01:52,834] {dag.py:2398} INFO - Sync 1 DAGs
[2022-03-22 16:01:52,852] {logging_mixin.py:109} INFO - [2022-03-22 16:01:52,852] {dag.py:2937} INFO - Setting next_dagrun for example_task_group to 2022-03-21T20:01:52.851689+00:00
[2022-03-22 16:01:52,867] {processor.py:171} INFO - Processing /Users/adebolafagbule/opt/anaconda3/envs/airflow_env/lib/python3.8/site-packages/airflow/example_dags/example_task_group.py took 0.233 seconds
[2022-03-22 16:31:31,702] {processor.py:163} INFO - Started process (PID=63375) to work on /Users/adebolafagbule/opt/anaconda3/envs/airflow_env/lib/python3.8/site-packages/airflow/example_dags/example_task_group.py
[2022-03-22 16:31:31,704] {processor.py:642} INFO - Processing file /Users/adebolafagbule/opt/anaconda3/envs/airflow_env/lib/python3.8/site-packages/airflow/example_dags/example_task_group.py for tasks to queue
[2022-03-22 16:31:31,704] {logging_mixin.py:109} INFO - [2022-03-22 16:31:31,704] {dagbag.py:500} INFO - Filling up the DagBag from /Users/adebolafagbule/opt/anaconda3/envs/airflow_env/lib/python3.8/site-packages/airflow/example_dags/example_task_group.py
[2022-03-22 16:31:31,762] {processor.py:654} INFO - DAG(s) dict_keys(['example_task_group']) retrieved from /Users/adebolafagbule/opt/anaconda3/envs/airflow_env/lib/python3.8/site-packages/airflow/example_dags/example_task_group.py
[2022-03-22 16:31:31,789] {logging_mixin.py:109} INFO - [2022-03-22 16:31:31,789] {dag.py:2398} INFO - Sync 1 DAGs
[2022-03-22 16:31:31,804] {logging_mixin.py:109} INFO - [2022-03-22 16:31:31,804] {dag.py:2937} INFO - Setting next_dagrun for example_task_group to 2022-03-21T20:31:31.803887+00:00
[2022-03-22 16:31:31,814] {processor.py:171} INFO - Processing /Users/adebolafagbule/opt/anaconda3/envs/airflow_env/lib/python3.8/site-packages/airflow/example_dags/example_task_group.py took 0.113 seconds
[2022-03-22 17:29:31,285] {processor.py:163} INFO - Started process (PID=63462) to work on /Users/adebolafagbule/opt/anaconda3/envs/airflow_env/lib/python3.8/site-packages/airflow/example_dags/example_task_group.py
[2022-03-22 17:29:31,286] {processor.py:642} INFO - Processing file /Users/adebolafagbule/opt/anaconda3/envs/airflow_env/lib/python3.8/site-packages/airflow/example_dags/example_task_group.py for tasks to queue
[2022-03-22 17:29:31,287] {logging_mixin.py:109} INFO - [2022-03-22 17:29:31,287] {dagbag.py:500} INFO - Filling up the DagBag from /Users/adebolafagbule/opt/anaconda3/envs/airflow_env/lib/python3.8/site-packages/airflow/example_dags/example_task_group.py
[2022-03-22 17:29:31,348] {processor.py:654} INFO - DAG(s) dict_keys(['example_task_group']) retrieved from /Users/adebolafagbule/opt/anaconda3/envs/airflow_env/lib/python3.8/site-packages/airflow/example_dags/example_task_group.py
[2022-03-22 17:29:31,374] {logging_mixin.py:109} INFO - [2022-03-22 17:29:31,374] {dag.py:2398} INFO - Sync 1 DAGs
[2022-03-22 17:29:31,388] {logging_mixin.py:109} INFO - [2022-03-22 17:29:31,388] {dag.py:2937} INFO - Setting next_dagrun for example_task_group to 2022-03-21T21:29:31.388593+00:00
[2022-03-22 17:29:31,400] {processor.py:171} INFO - Processing /Users/adebolafagbule/opt/anaconda3/envs/airflow_env/lib/python3.8/site-packages/airflow/example_dags/example_task_group.py took 0.116 seconds
[2022-03-22 17:30:43,980] {processor.py:163} INFO - Started process (PID=63522) to work on /Users/adebolafagbule/opt/anaconda3/envs/airflow_env/lib/python3.8/site-packages/airflow/example_dags/example_task_group.py
[2022-03-22 17:30:43,981] {processor.py:642} INFO - Processing file /Users/adebolafagbule/opt/anaconda3/envs/airflow_env/lib/python3.8/site-packages/airflow/example_dags/example_task_group.py for tasks to queue
[2022-03-22 17:30:43,982] {logging_mixin.py:109} INFO - [2022-03-22 17:30:43,982] {dagbag.py:500} INFO - Filling up the DagBag from /Users/adebolafagbule/opt/anaconda3/envs/airflow_env/lib/python3.8/site-packages/airflow/example_dags/example_task_group.py
[2022-03-22 17:30:44,023] {processor.py:654} INFO - DAG(s) dict_keys(['example_task_group']) retrieved from /Users/adebolafagbule/opt/anaconda3/envs/airflow_env/lib/python3.8/site-packages/airflow/example_dags/example_task_group.py
[2022-03-22 17:30:44,037] {logging_mixin.py:109} INFO - [2022-03-22 17:30:44,037] {dag.py:2398} INFO - Sync 1 DAGs
[2022-03-22 17:30:44,045] {logging_mixin.py:109} INFO - [2022-03-22 17:30:44,045] {dag.py:2937} INFO - Setting next_dagrun for example_task_group to 2022-03-21T21:30:44.045220+00:00
[2022-03-22 17:30:44,051] {processor.py:171} INFO - Processing /Users/adebolafagbule/opt/anaconda3/envs/airflow_env/lib/python3.8/site-packages/airflow/example_dags/example_task_group.py took 0.071 seconds
[2022-03-22 17:32:19,856] {processor.py:163} INFO - Started process (PID=63610) to work on /Users/adebolafagbule/opt/anaconda3/envs/airflow_env/lib/python3.8/site-packages/airflow/example_dags/example_task_group.py
[2022-03-22 17:32:19,857] {processor.py:642} INFO - Processing file /Users/adebolafagbule/opt/anaconda3/envs/airflow_env/lib/python3.8/site-packages/airflow/example_dags/example_task_group.py for tasks to queue
[2022-03-22 17:32:19,858] {logging_mixin.py:109} INFO - [2022-03-22 17:32:19,858] {dagbag.py:500} INFO - Filling up the DagBag from /Users/adebolafagbule/opt/anaconda3/envs/airflow_env/lib/python3.8/site-packages/airflow/example_dags/example_task_group.py
[2022-03-22 17:32:19,902] {processor.py:654} INFO - DAG(s) dict_keys(['example_task_group']) retrieved from /Users/adebolafagbule/opt/anaconda3/envs/airflow_env/lib/python3.8/site-packages/airflow/example_dags/example_task_group.py
[2022-03-22 17:32:19,915] {logging_mixin.py:109} INFO - [2022-03-22 17:32:19,915] {dag.py:2398} INFO - Sync 1 DAGs
[2022-03-22 17:32:19,922] {logging_mixin.py:109} INFO - [2022-03-22 17:32:19,922] {dag.py:2937} INFO - Setting next_dagrun for example_task_group to 2022-03-21T21:32:19.922454+00:00
[2022-03-22 17:32:19,929] {processor.py:171} INFO - Processing /Users/adebolafagbule/opt/anaconda3/envs/airflow_env/lib/python3.8/site-packages/airflow/example_dags/example_task_group.py took 0.074 seconds
[2022-03-22 17:33:37,880] {processor.py:163} INFO - Started process (PID=63688) to work on /Users/adebolafagbule/opt/anaconda3/envs/airflow_env/lib/python3.8/site-packages/airflow/example_dags/example_task_group.py
[2022-03-22 17:33:37,880] {processor.py:642} INFO - Processing file /Users/adebolafagbule/opt/anaconda3/envs/airflow_env/lib/python3.8/site-packages/airflow/example_dags/example_task_group.py for tasks to queue
[2022-03-22 17:33:37,880] {logging_mixin.py:109} INFO - [2022-03-22 17:33:37,880] {dagbag.py:500} INFO - Filling up the DagBag from /Users/adebolafagbule/opt/anaconda3/envs/airflow_env/lib/python3.8/site-packages/airflow/example_dags/example_task_group.py
[2022-03-22 17:33:37,907] {processor.py:654} INFO - DAG(s) dict_keys(['example_task_group']) retrieved from /Users/adebolafagbule/opt/anaconda3/envs/airflow_env/lib/python3.8/site-packages/airflow/example_dags/example_task_group.py
[2022-03-22 17:33:37,920] {logging_mixin.py:109} INFO - [2022-03-22 17:33:37,920] {dag.py:2398} INFO - Sync 1 DAGs
[2022-03-22 17:33:37,927] {logging_mixin.py:109} INFO - [2022-03-22 17:33:37,927] {dag.py:2937} INFO - Setting next_dagrun for example_task_group to 2022-03-21T21:33:37.927175+00:00
[2022-03-22 17:33:37,933] {processor.py:171} INFO - Processing /Users/adebolafagbule/opt/anaconda3/envs/airflow_env/lib/python3.8/site-packages/airflow/example_dags/example_task_group.py took 0.054 seconds
[2022-03-22 17:34:49,666] {processor.py:163} INFO - Started process (PID=63759) to work on /Users/adebolafagbule/opt/anaconda3/envs/airflow_env/lib/python3.8/site-packages/airflow/example_dags/example_task_group.py
[2022-03-22 17:34:49,667] {processor.py:642} INFO - Processing file /Users/adebolafagbule/opt/anaconda3/envs/airflow_env/lib/python3.8/site-packages/airflow/example_dags/example_task_group.py for tasks to queue
[2022-03-22 17:34:49,667] {logging_mixin.py:109} INFO - [2022-03-22 17:34:49,667] {dagbag.py:500} INFO - Filling up the DagBag from /Users/adebolafagbule/opt/anaconda3/envs/airflow_env/lib/python3.8/site-packages/airflow/example_dags/example_task_group.py
[2022-03-22 17:34:49,701] {processor.py:654} INFO - DAG(s) dict_keys(['example_task_group']) retrieved from /Users/adebolafagbule/opt/anaconda3/envs/airflow_env/lib/python3.8/site-packages/airflow/example_dags/example_task_group.py
[2022-03-22 17:34:49,715] {logging_mixin.py:109} INFO - [2022-03-22 17:34:49,715] {dag.py:2398} INFO - Sync 1 DAGs
[2022-03-22 17:34:49,723] {logging_mixin.py:109} INFO - [2022-03-22 17:34:49,722] {dag.py:2937} INFO - Setting next_dagrun for example_task_group to 2022-03-21T21:34:49.722835+00:00
[2022-03-22 17:34:49,728] {processor.py:171} INFO - Processing /Users/adebolafagbule/opt/anaconda3/envs/airflow_env/lib/python3.8/site-packages/airflow/example_dags/example_task_group.py took 0.062 seconds
[2022-03-22 17:36:05,096] {processor.py:163} INFO - Started process (PID=63833) to work on /Users/adebolafagbule/opt/anaconda3/envs/airflow_env/lib/python3.8/site-packages/airflow/example_dags/example_task_group.py
[2022-03-22 17:36:05,097] {processor.py:642} INFO - Processing file /Users/adebolafagbule/opt/anaconda3/envs/airflow_env/lib/python3.8/site-packages/airflow/example_dags/example_task_group.py for tasks to queue
[2022-03-22 17:36:05,098] {logging_mixin.py:109} INFO - [2022-03-22 17:36:05,098] {dagbag.py:500} INFO - Filling up the DagBag from /Users/adebolafagbule/opt/anaconda3/envs/airflow_env/lib/python3.8/site-packages/airflow/example_dags/example_task_group.py
[2022-03-22 17:36:05,127] {processor.py:654} INFO - DAG(s) dict_keys(['example_task_group']) retrieved from /Users/adebolafagbule/opt/anaconda3/envs/airflow_env/lib/python3.8/site-packages/airflow/example_dags/example_task_group.py
[2022-03-22 17:36:05,140] {logging_mixin.py:109} INFO - [2022-03-22 17:36:05,140] {dag.py:2398} INFO - Sync 1 DAGs
[2022-03-22 17:36:05,148] {logging_mixin.py:109} INFO - [2022-03-22 17:36:05,147] {dag.py:2937} INFO - Setting next_dagrun for example_task_group to 2022-03-21T21:36:05.147820+00:00
[2022-03-22 17:36:05,155] {processor.py:171} INFO - Processing /Users/adebolafagbule/opt/anaconda3/envs/airflow_env/lib/python3.8/site-packages/airflow/example_dags/example_task_group.py took 0.060 seconds
[2022-03-22 17:37:20,521] {processor.py:163} INFO - Started process (PID=63906) to work on /Users/adebolafagbule/opt/anaconda3/envs/airflow_env/lib/python3.8/site-packages/airflow/example_dags/example_task_group.py
[2022-03-22 17:37:20,522] {processor.py:642} INFO - Processing file /Users/adebolafagbule/opt/anaconda3/envs/airflow_env/lib/python3.8/site-packages/airflow/example_dags/example_task_group.py for tasks to queue
[2022-03-22 17:37:20,522] {logging_mixin.py:109} INFO - [2022-03-22 17:37:20,522] {dagbag.py:500} INFO - Filling up the DagBag from /Users/adebolafagbule/opt/anaconda3/envs/airflow_env/lib/python3.8/site-packages/airflow/example_dags/example_task_group.py
[2022-03-22 17:37:20,555] {processor.py:654} INFO - DAG(s) dict_keys(['example_task_group']) retrieved from /Users/adebolafagbule/opt/anaconda3/envs/airflow_env/lib/python3.8/site-packages/airflow/example_dags/example_task_group.py
[2022-03-22 17:37:20,568] {logging_mixin.py:109} INFO - [2022-03-22 17:37:20,568] {dag.py:2398} INFO - Sync 1 DAGs
[2022-03-22 17:37:20,575] {logging_mixin.py:109} INFO - [2022-03-22 17:37:20,575] {dag.py:2937} INFO - Setting next_dagrun for example_task_group to 2022-03-21T21:37:20.575113+00:00
[2022-03-22 17:37:20,580] {processor.py:171} INFO - Processing /Users/adebolafagbule/opt/anaconda3/envs/airflow_env/lib/python3.8/site-packages/airflow/example_dags/example_task_group.py took 0.060 seconds
[2022-03-22 17:38:45,013] {processor.py:163} INFO - Started process (PID=63980) to work on /Users/adebolafagbule/opt/anaconda3/envs/airflow_env/lib/python3.8/site-packages/airflow/example_dags/example_task_group.py
[2022-03-22 17:38:45,014] {processor.py:642} INFO - Processing file /Users/adebolafagbule/opt/anaconda3/envs/airflow_env/lib/python3.8/site-packages/airflow/example_dags/example_task_group.py for tasks to queue
[2022-03-22 17:38:45,015] {logging_mixin.py:109} INFO - [2022-03-22 17:38:45,015] {dagbag.py:500} INFO - Filling up the DagBag from /Users/adebolafagbule/opt/anaconda3/envs/airflow_env/lib/python3.8/site-packages/airflow/example_dags/example_task_group.py
[2022-03-22 17:38:45,061] {processor.py:654} INFO - DAG(s) dict_keys(['example_task_group']) retrieved from /Users/adebolafagbule/opt/anaconda3/envs/airflow_env/lib/python3.8/site-packages/airflow/example_dags/example_task_group.py
[2022-03-22 17:38:45,075] {logging_mixin.py:109} INFO - [2022-03-22 17:38:45,075] {dag.py:2398} INFO - Sync 1 DAGs
[2022-03-22 17:38:45,083] {logging_mixin.py:109} INFO - [2022-03-22 17:38:45,083] {dag.py:2937} INFO - Setting next_dagrun for example_task_group to 2022-03-21T21:38:45.082904+00:00
[2022-03-22 17:38:45,091] {processor.py:171} INFO - Processing /Users/adebolafagbule/opt/anaconda3/envs/airflow_env/lib/python3.8/site-packages/airflow/example_dags/example_task_group.py took 0.078 seconds
[2022-03-22 17:40:15,284] {processor.py:163} INFO - Started process (PID=64060) to work on /Users/adebolafagbule/opt/anaconda3/envs/airflow_env/lib/python3.8/site-packages/airflow/example_dags/example_task_group.py
[2022-03-22 17:40:15,285] {processor.py:642} INFO - Processing file /Users/adebolafagbule/opt/anaconda3/envs/airflow_env/lib/python3.8/site-packages/airflow/example_dags/example_task_group.py for tasks to queue
[2022-03-22 17:40:15,285] {logging_mixin.py:109} INFO - [2022-03-22 17:40:15,285] {dagbag.py:500} INFO - Filling up the DagBag from /Users/adebolafagbule/opt/anaconda3/envs/airflow_env/lib/python3.8/site-packages/airflow/example_dags/example_task_group.py
[2022-03-22 17:40:15,316] {processor.py:654} INFO - DAG(s) dict_keys(['example_task_group']) retrieved from /Users/adebolafagbule/opt/anaconda3/envs/airflow_env/lib/python3.8/site-packages/airflow/example_dags/example_task_group.py
[2022-03-22 17:40:15,330] {logging_mixin.py:109} INFO - [2022-03-22 17:40:15,330] {dag.py:2398} INFO - Sync 1 DAGs
[2022-03-22 17:40:15,338] {logging_mixin.py:109} INFO - [2022-03-22 17:40:15,338] {dag.py:2937} INFO - Setting next_dagrun for example_task_group to 2022-03-21T21:40:15.338196+00:00
[2022-03-22 17:40:15,344] {processor.py:171} INFO - Processing /Users/adebolafagbule/opt/anaconda3/envs/airflow_env/lib/python3.8/site-packages/airflow/example_dags/example_task_group.py took 0.060 seconds
[2022-03-22 17:41:44,869] {processor.py:163} INFO - Started process (PID=64139) to work on /Users/adebolafagbule/opt/anaconda3/envs/airflow_env/lib/python3.8/site-packages/airflow/example_dags/example_task_group.py
[2022-03-22 17:41:44,871] {processor.py:642} INFO - Processing file /Users/adebolafagbule/opt/anaconda3/envs/airflow_env/lib/python3.8/site-packages/airflow/example_dags/example_task_group.py for tasks to queue
[2022-03-22 17:41:44,871] {logging_mixin.py:109} INFO - [2022-03-22 17:41:44,871] {dagbag.py:500} INFO - Filling up the DagBag from /Users/adebolafagbule/opt/anaconda3/envs/airflow_env/lib/python3.8/site-packages/airflow/example_dags/example_task_group.py
[2022-03-22 17:41:44,911] {processor.py:654} INFO - DAG(s) dict_keys(['example_task_group']) retrieved from /Users/adebolafagbule/opt/anaconda3/envs/airflow_env/lib/python3.8/site-packages/airflow/example_dags/example_task_group.py
[2022-03-22 17:41:44,928] {logging_mixin.py:109} INFO - [2022-03-22 17:41:44,928] {dag.py:2398} INFO - Sync 1 DAGs
[2022-03-22 17:41:44,935] {logging_mixin.py:109} INFO - [2022-03-22 17:41:44,935] {dag.py:2937} INFO - Setting next_dagrun for example_task_group to 2022-03-21T21:41:44.935630+00:00
[2022-03-22 17:41:44,942] {processor.py:171} INFO - Processing /Users/adebolafagbule/opt/anaconda3/envs/airflow_env/lib/python3.8/site-packages/airflow/example_dags/example_task_group.py took 0.073 seconds
[2022-03-22 17:43:27,182] {processor.py:163} INFO - Started process (PID=64220) to work on /Users/adebolafagbule/opt/anaconda3/envs/airflow_env/lib/python3.8/site-packages/airflow/example_dags/example_task_group.py
[2022-03-22 17:43:27,183] {processor.py:642} INFO - Processing file /Users/adebolafagbule/opt/anaconda3/envs/airflow_env/lib/python3.8/site-packages/airflow/example_dags/example_task_group.py for tasks to queue
[2022-03-22 17:43:27,183] {logging_mixin.py:109} INFO - [2022-03-22 17:43:27,183] {dagbag.py:500} INFO - Filling up the DagBag from /Users/adebolafagbule/opt/anaconda3/envs/airflow_env/lib/python3.8/site-packages/airflow/example_dags/example_task_group.py
[2022-03-22 17:43:27,216] {processor.py:654} INFO - DAG(s) dict_keys(['example_task_group']) retrieved from /Users/adebolafagbule/opt/anaconda3/envs/airflow_env/lib/python3.8/site-packages/airflow/example_dags/example_task_group.py
[2022-03-22 17:43:27,231] {logging_mixin.py:109} INFO - [2022-03-22 17:43:27,231] {dag.py:2398} INFO - Sync 1 DAGs
[2022-03-22 17:43:27,240] {logging_mixin.py:109} INFO - [2022-03-22 17:43:27,240] {dag.py:2937} INFO - Setting next_dagrun for example_task_group to 2022-03-21T21:43:27.240097+00:00
[2022-03-22 17:43:27,246] {processor.py:171} INFO - Processing /Users/adebolafagbule/opt/anaconda3/envs/airflow_env/lib/python3.8/site-packages/airflow/example_dags/example_task_group.py took 0.065 seconds
[2022-03-22 17:44:56,927] {processor.py:163} INFO - Started process (PID=64297) to work on /Users/adebolafagbule/opt/anaconda3/envs/airflow_env/lib/python3.8/site-packages/airflow/example_dags/example_task_group.py
[2022-03-22 17:44:56,928] {processor.py:642} INFO - Processing file /Users/adebolafagbule/opt/anaconda3/envs/airflow_env/lib/python3.8/site-packages/airflow/example_dags/example_task_group.py for tasks to queue
[2022-03-22 17:44:56,928] {logging_mixin.py:109} INFO - [2022-03-22 17:44:56,928] {dagbag.py:500} INFO - Filling up the DagBag from /Users/adebolafagbule/opt/anaconda3/envs/airflow_env/lib/python3.8/site-packages/airflow/example_dags/example_task_group.py
[2022-03-22 17:44:56,967] {processor.py:654} INFO - DAG(s) dict_keys(['example_task_group']) retrieved from /Users/adebolafagbule/opt/anaconda3/envs/airflow_env/lib/python3.8/site-packages/airflow/example_dags/example_task_group.py
[2022-03-22 17:44:56,994] {logging_mixin.py:109} INFO - [2022-03-22 17:44:56,994] {dag.py:2398} INFO - Sync 1 DAGs
[2022-03-22 17:44:57,003] {logging_mixin.py:109} INFO - [2022-03-22 17:44:57,003] {dag.py:2937} INFO - Setting next_dagrun for example_task_group to 2022-03-21T21:44:57.003647+00:00
[2022-03-22 17:44:57,009] {processor.py:171} INFO - Processing /Users/adebolafagbule/opt/anaconda3/envs/airflow_env/lib/python3.8/site-packages/airflow/example_dags/example_task_group.py took 0.083 seconds
[2022-03-22 17:46:32,293] {processor.py:163} INFO - Started process (PID=64385) to work on /Users/adebolafagbule/opt/anaconda3/envs/airflow_env/lib/python3.8/site-packages/airflow/example_dags/example_task_group.py
[2022-03-22 17:46:32,294] {processor.py:642} INFO - Processing file /Users/adebolafagbule/opt/anaconda3/envs/airflow_env/lib/python3.8/site-packages/airflow/example_dags/example_task_group.py for tasks to queue
[2022-03-22 17:46:32,295] {logging_mixin.py:109} INFO - [2022-03-22 17:46:32,295] {dagbag.py:500} INFO - Filling up the DagBag from /Users/adebolafagbule/opt/anaconda3/envs/airflow_env/lib/python3.8/site-packages/airflow/example_dags/example_task_group.py
[2022-03-22 17:46:32,336] {processor.py:654} INFO - DAG(s) dict_keys(['example_task_group']) retrieved from /Users/adebolafagbule/opt/anaconda3/envs/airflow_env/lib/python3.8/site-packages/airflow/example_dags/example_task_group.py
[2022-03-22 17:46:32,351] {logging_mixin.py:109} INFO - [2022-03-22 17:46:32,351] {dag.py:2398} INFO - Sync 1 DAGs
[2022-03-22 17:46:32,359] {logging_mixin.py:109} INFO - [2022-03-22 17:46:32,359] {dag.py:2937} INFO - Setting next_dagrun for example_task_group to 2022-03-21T21:46:32.359672+00:00
[2022-03-22 17:46:32,368] {processor.py:171} INFO - Processing /Users/adebolafagbule/opt/anaconda3/envs/airflow_env/lib/python3.8/site-packages/airflow/example_dags/example_task_group.py took 0.075 seconds
[2022-03-22 17:47:53,285] {processor.py:163} INFO - Started process (PID=64458) to work on /Users/adebolafagbule/opt/anaconda3/envs/airflow_env/lib/python3.8/site-packages/airflow/example_dags/example_task_group.py
[2022-03-22 17:47:53,286] {processor.py:642} INFO - Processing file /Users/adebolafagbule/opt/anaconda3/envs/airflow_env/lib/python3.8/site-packages/airflow/example_dags/example_task_group.py for tasks to queue
[2022-03-22 17:47:53,287] {logging_mixin.py:109} INFO - [2022-03-22 17:47:53,287] {dagbag.py:500} INFO - Filling up the DagBag from /Users/adebolafagbule/opt/anaconda3/envs/airflow_env/lib/python3.8/site-packages/airflow/example_dags/example_task_group.py
[2022-03-22 17:47:53,330] {processor.py:654} INFO - DAG(s) dict_keys(['example_task_group']) retrieved from /Users/adebolafagbule/opt/anaconda3/envs/airflow_env/lib/python3.8/site-packages/airflow/example_dags/example_task_group.py
[2022-03-22 17:47:53,345] {logging_mixin.py:109} INFO - [2022-03-22 17:47:53,345] {dag.py:2398} INFO - Sync 1 DAGs
[2022-03-22 17:47:53,353] {logging_mixin.py:109} INFO - [2022-03-22 17:47:53,353] {dag.py:2937} INFO - Setting next_dagrun for example_task_group to 2022-03-21T21:47:53.353584+00:00
[2022-03-22 17:47:53,361] {processor.py:171} INFO - Processing /Users/adebolafagbule/opt/anaconda3/envs/airflow_env/lib/python3.8/site-packages/airflow/example_dags/example_task_group.py took 0.077 seconds
[2022-03-22 17:49:16,082] {processor.py:163} INFO - Started process (PID=64536) to work on /Users/adebolafagbule/opt/anaconda3/envs/airflow_env/lib/python3.8/site-packages/airflow/example_dags/example_task_group.py
[2022-03-22 17:49:16,083] {processor.py:642} INFO - Processing file /Users/adebolafagbule/opt/anaconda3/envs/airflow_env/lib/python3.8/site-packages/airflow/example_dags/example_task_group.py for tasks to queue
[2022-03-22 17:49:16,084] {logging_mixin.py:109} INFO - [2022-03-22 17:49:16,084] {dagbag.py:500} INFO - Filling up the DagBag from /Users/adebolafagbule/opt/anaconda3/envs/airflow_env/lib/python3.8/site-packages/airflow/example_dags/example_task_group.py
[2022-03-22 17:49:16,116] {processor.py:654} INFO - DAG(s) dict_keys(['example_task_group']) retrieved from /Users/adebolafagbule/opt/anaconda3/envs/airflow_env/lib/python3.8/site-packages/airflow/example_dags/example_task_group.py
[2022-03-22 17:49:16,131] {logging_mixin.py:109} INFO - [2022-03-22 17:49:16,131] {dag.py:2398} INFO - Sync 1 DAGs
[2022-03-22 17:49:16,139] {logging_mixin.py:109} INFO - [2022-03-22 17:49:16,139] {dag.py:2937} INFO - Setting next_dagrun for example_task_group to 2022-03-21T21:49:16.139604+00:00
[2022-03-22 17:49:16,148] {processor.py:171} INFO - Processing /Users/adebolafagbule/opt/anaconda3/envs/airflow_env/lib/python3.8/site-packages/airflow/example_dags/example_task_group.py took 0.066 seconds
[2022-03-22 17:50:47,807] {processor.py:163} INFO - Started process (PID=64618) to work on /Users/adebolafagbule/opt/anaconda3/envs/airflow_env/lib/python3.8/site-packages/airflow/example_dags/example_task_group.py
[2022-03-22 17:50:47,807] {processor.py:642} INFO - Processing file /Users/adebolafagbule/opt/anaconda3/envs/airflow_env/lib/python3.8/site-packages/airflow/example_dags/example_task_group.py for tasks to queue
[2022-03-22 17:50:47,808] {logging_mixin.py:109} INFO - [2022-03-22 17:50:47,807] {dagbag.py:500} INFO - Filling up the DagBag from /Users/adebolafagbule/opt/anaconda3/envs/airflow_env/lib/python3.8/site-packages/airflow/example_dags/example_task_group.py
[2022-03-22 17:50:47,847] {processor.py:654} INFO - DAG(s) dict_keys(['example_task_group']) retrieved from /Users/adebolafagbule/opt/anaconda3/envs/airflow_env/lib/python3.8/site-packages/airflow/example_dags/example_task_group.py
[2022-03-22 17:50:47,864] {logging_mixin.py:109} INFO - [2022-03-22 17:50:47,863] {dag.py:2398} INFO - Sync 1 DAGs
[2022-03-22 17:50:47,872] {logging_mixin.py:109} INFO - [2022-03-22 17:50:47,872] {dag.py:2937} INFO - Setting next_dagrun for example_task_group to 2022-03-21T21:50:47.872760+00:00
[2022-03-22 17:50:47,880] {processor.py:171} INFO - Processing /Users/adebolafagbule/opt/anaconda3/envs/airflow_env/lib/python3.8/site-packages/airflow/example_dags/example_task_group.py took 0.074 seconds
[2022-03-22 17:52:17,891] {processor.py:163} INFO - Started process (PID=64696) to work on /Users/adebolafagbule/opt/anaconda3/envs/airflow_env/lib/python3.8/site-packages/airflow/example_dags/example_task_group.py
[2022-03-22 17:52:17,892] {processor.py:642} INFO - Processing file /Users/adebolafagbule/opt/anaconda3/envs/airflow_env/lib/python3.8/site-packages/airflow/example_dags/example_task_group.py for tasks to queue
[2022-03-22 17:52:17,892] {logging_mixin.py:109} INFO - [2022-03-22 17:52:17,892] {dagbag.py:500} INFO - Filling up the DagBag from /Users/adebolafagbule/opt/anaconda3/envs/airflow_env/lib/python3.8/site-packages/airflow/example_dags/example_task_group.py
[2022-03-22 17:52:17,925] {processor.py:654} INFO - DAG(s) dict_keys(['example_task_group']) retrieved from /Users/adebolafagbule/opt/anaconda3/envs/airflow_env/lib/python3.8/site-packages/airflow/example_dags/example_task_group.py
[2022-03-22 17:52:17,938] {logging_mixin.py:109} INFO - [2022-03-22 17:52:17,938] {dag.py:2398} INFO - Sync 1 DAGs
[2022-03-22 17:52:17,946] {logging_mixin.py:109} INFO - [2022-03-22 17:52:17,946] {dag.py:2937} INFO - Setting next_dagrun for example_task_group to 2022-03-21T21:52:17.946364+00:00
[2022-03-22 17:52:17,959] {processor.py:171} INFO - Processing /Users/adebolafagbule/opt/anaconda3/envs/airflow_env/lib/python3.8/site-packages/airflow/example_dags/example_task_group.py took 0.068 seconds
[2022-03-22 17:54:00,241] {processor.py:163} INFO - Started process (PID=64775) to work on /Users/adebolafagbule/opt/anaconda3/envs/airflow_env/lib/python3.8/site-packages/airflow/example_dags/example_task_group.py
[2022-03-22 17:54:00,242] {processor.py:642} INFO - Processing file /Users/adebolafagbule/opt/anaconda3/envs/airflow_env/lib/python3.8/site-packages/airflow/example_dags/example_task_group.py for tasks to queue
[2022-03-22 17:54:00,243] {logging_mixin.py:109} INFO - [2022-03-22 17:54:00,243] {dagbag.py:500} INFO - Filling up the DagBag from /Users/adebolafagbule/opt/anaconda3/envs/airflow_env/lib/python3.8/site-packages/airflow/example_dags/example_task_group.py
[2022-03-22 17:54:00,284] {processor.py:654} INFO - DAG(s) dict_keys(['example_task_group']) retrieved from /Users/adebolafagbule/opt/anaconda3/envs/airflow_env/lib/python3.8/site-packages/airflow/example_dags/example_task_group.py
[2022-03-22 17:54:00,302] {logging_mixin.py:109} INFO - [2022-03-22 17:54:00,302] {dag.py:2398} INFO - Sync 1 DAGs
[2022-03-22 17:54:00,310] {logging_mixin.py:109} INFO - [2022-03-22 17:54:00,310] {dag.py:2937} INFO - Setting next_dagrun for example_task_group to 2022-03-21T21:54:00.310758+00:00
[2022-03-22 17:54:00,318] {processor.py:171} INFO - Processing /Users/adebolafagbule/opt/anaconda3/envs/airflow_env/lib/python3.8/site-packages/airflow/example_dags/example_task_group.py took 0.077 seconds
[2022-03-22 17:56:02,567] {processor.py:163} INFO - Started process (PID=64858) to work on /Users/adebolafagbule/opt/anaconda3/envs/airflow_env/lib/python3.8/site-packages/airflow/example_dags/example_task_group.py
[2022-03-22 17:56:02,568] {processor.py:642} INFO - Processing file /Users/adebolafagbule/opt/anaconda3/envs/airflow_env/lib/python3.8/site-packages/airflow/example_dags/example_task_group.py for tasks to queue
[2022-03-22 17:56:02,569] {logging_mixin.py:109} INFO - [2022-03-22 17:56:02,569] {dagbag.py:500} INFO - Filling up the DagBag from /Users/adebolafagbule/opt/anaconda3/envs/airflow_env/lib/python3.8/site-packages/airflow/example_dags/example_task_group.py
[2022-03-22 17:56:02,610] {processor.py:654} INFO - DAG(s) dict_keys(['example_task_group']) retrieved from /Users/adebolafagbule/opt/anaconda3/envs/airflow_env/lib/python3.8/site-packages/airflow/example_dags/example_task_group.py
[2022-03-22 17:56:02,627] {logging_mixin.py:109} INFO - [2022-03-22 17:56:02,627] {dag.py:2398} INFO - Sync 1 DAGs
[2022-03-22 17:56:02,677] {logging_mixin.py:109} INFO - [2022-03-22 17:56:02,677] {dag.py:2937} INFO - Setting next_dagrun for example_task_group to 2022-03-21T21:56:02.675576+00:00
[2022-03-22 17:56:02,690] {processor.py:171} INFO - Processing /Users/adebolafagbule/opt/anaconda3/envs/airflow_env/lib/python3.8/site-packages/airflow/example_dags/example_task_group.py took 0.123 seconds
[2022-03-22 17:57:19,377] {processor.py:163} INFO - Started process (PID=64907) to work on /Users/adebolafagbule/opt/anaconda3/envs/airflow_env/lib/python3.8/site-packages/airflow/example_dags/example_task_group.py
[2022-03-22 17:57:19,377] {processor.py:642} INFO - Processing file /Users/adebolafagbule/opt/anaconda3/envs/airflow_env/lib/python3.8/site-packages/airflow/example_dags/example_task_group.py for tasks to queue
[2022-03-22 17:57:19,378] {logging_mixin.py:109} INFO - [2022-03-22 17:57:19,378] {dagbag.py:500} INFO - Filling up the DagBag from /Users/adebolafagbule/opt/anaconda3/envs/airflow_env/lib/python3.8/site-packages/airflow/example_dags/example_task_group.py
[2022-03-22 17:57:19,422] {processor.py:654} INFO - DAG(s) dict_keys(['example_task_group']) retrieved from /Users/adebolafagbule/opt/anaconda3/envs/airflow_env/lib/python3.8/site-packages/airflow/example_dags/example_task_group.py
[2022-03-22 17:57:19,440] {logging_mixin.py:109} INFO - [2022-03-22 17:57:19,440] {dag.py:2398} INFO - Sync 1 DAGs
[2022-03-22 17:57:19,448] {logging_mixin.py:109} INFO - [2022-03-22 17:57:19,448] {dag.py:2937} INFO - Setting next_dagrun for example_task_group to 2022-03-21T21:57:19.448389+00:00
[2022-03-22 17:57:19,454] {processor.py:171} INFO - Processing /Users/adebolafagbule/opt/anaconda3/envs/airflow_env/lib/python3.8/site-packages/airflow/example_dags/example_task_group.py took 0.078 seconds
[2022-03-22 17:58:35,777] {processor.py:163} INFO - Started process (PID=64955) to work on /Users/adebolafagbule/opt/anaconda3/envs/airflow_env/lib/python3.8/site-packages/airflow/example_dags/example_task_group.py
[2022-03-22 17:58:35,778] {processor.py:642} INFO - Processing file /Users/adebolafagbule/opt/anaconda3/envs/airflow_env/lib/python3.8/site-packages/airflow/example_dags/example_task_group.py for tasks to queue
[2022-03-22 17:58:35,778] {logging_mixin.py:109} INFO - [2022-03-22 17:58:35,778] {dagbag.py:500} INFO - Filling up the DagBag from /Users/adebolafagbule/opt/anaconda3/envs/airflow_env/lib/python3.8/site-packages/airflow/example_dags/example_task_group.py
[2022-03-22 17:58:35,825] {processor.py:654} INFO - DAG(s) dict_keys(['example_task_group']) retrieved from /Users/adebolafagbule/opt/anaconda3/envs/airflow_env/lib/python3.8/site-packages/airflow/example_dags/example_task_group.py
[2022-03-22 17:58:35,841] {logging_mixin.py:109} INFO - [2022-03-22 17:58:35,840] {dag.py:2398} INFO - Sync 1 DAGs
[2022-03-22 17:58:35,849] {logging_mixin.py:109} INFO - [2022-03-22 17:58:35,849] {dag.py:2937} INFO - Setting next_dagrun for example_task_group to 2022-03-21T21:58:35.849160+00:00
[2022-03-22 17:58:35,856] {processor.py:171} INFO - Processing /Users/adebolafagbule/opt/anaconda3/envs/airflow_env/lib/python3.8/site-packages/airflow/example_dags/example_task_group.py took 0.080 seconds
[2022-03-22 18:01:02,854] {processor.py:163} INFO - Started process (PID=65047) to work on /Users/adebolafagbule/opt/anaconda3/envs/airflow_env/lib/python3.8/site-packages/airflow/example_dags/example_task_group.py
[2022-03-22 18:01:02,855] {processor.py:642} INFO - Processing file /Users/adebolafagbule/opt/anaconda3/envs/airflow_env/lib/python3.8/site-packages/airflow/example_dags/example_task_group.py for tasks to queue
[2022-03-22 18:01:02,857] {logging_mixin.py:109} INFO - [2022-03-22 18:01:02,856] {dagbag.py:500} INFO - Filling up the DagBag from /Users/adebolafagbule/opt/anaconda3/envs/airflow_env/lib/python3.8/site-packages/airflow/example_dags/example_task_group.py
[2022-03-22 18:01:02,951] {processor.py:654} INFO - DAG(s) dict_keys(['example_task_group']) retrieved from /Users/adebolafagbule/opt/anaconda3/envs/airflow_env/lib/python3.8/site-packages/airflow/example_dags/example_task_group.py
[2022-03-22 18:01:02,980] {logging_mixin.py:109} INFO - [2022-03-22 18:01:02,980] {dag.py:2398} INFO - Sync 1 DAGs
[2022-03-22 18:01:02,989] {logging_mixin.py:109} INFO - [2022-03-22 18:01:02,989] {dag.py:2937} INFO - Setting next_dagrun for example_task_group to 2022-03-21T22:01:02.989683+00:00
[2022-03-22 18:01:03,017] {processor.py:171} INFO - Processing /Users/adebolafagbule/opt/anaconda3/envs/airflow_env/lib/python3.8/site-packages/airflow/example_dags/example_task_group.py took 0.163 seconds
[2022-03-22 18:02:14,601] {processor.py:163} INFO - Started process (PID=65094) to work on /Users/adebolafagbule/opt/anaconda3/envs/airflow_env/lib/python3.8/site-packages/airflow/example_dags/example_task_group.py
[2022-03-22 18:02:14,602] {processor.py:642} INFO - Processing file /Users/adebolafagbule/opt/anaconda3/envs/airflow_env/lib/python3.8/site-packages/airflow/example_dags/example_task_group.py for tasks to queue
[2022-03-22 18:02:14,602] {logging_mixin.py:109} INFO - [2022-03-22 18:02:14,602] {dagbag.py:500} INFO - Filling up the DagBag from /Users/adebolafagbule/opt/anaconda3/envs/airflow_env/lib/python3.8/site-packages/airflow/example_dags/example_task_group.py
[2022-03-22 18:02:14,639] {processor.py:654} INFO - DAG(s) dict_keys(['example_task_group']) retrieved from /Users/adebolafagbule/opt/anaconda3/envs/airflow_env/lib/python3.8/site-packages/airflow/example_dags/example_task_group.py
[2022-03-22 18:02:14,657] {logging_mixin.py:109} INFO - [2022-03-22 18:02:14,657] {dag.py:2398} INFO - Sync 1 DAGs
[2022-03-22 18:02:14,666] {logging_mixin.py:109} INFO - [2022-03-22 18:02:14,666] {dag.py:2937} INFO - Setting next_dagrun for example_task_group to 2022-03-21T22:02:14.666503+00:00
[2022-03-22 18:02:14,672] {processor.py:171} INFO - Processing /Users/adebolafagbule/opt/anaconda3/envs/airflow_env/lib/python3.8/site-packages/airflow/example_dags/example_task_group.py took 0.072 seconds
[2022-03-22 18:04:29,109] {processor.py:163} INFO - Started process (PID=65183) to work on /Users/adebolafagbule/opt/anaconda3/envs/airflow_env/lib/python3.8/site-packages/airflow/example_dags/example_task_group.py
[2022-03-22 18:04:29,110] {processor.py:642} INFO - Processing file /Users/adebolafagbule/opt/anaconda3/envs/airflow_env/lib/python3.8/site-packages/airflow/example_dags/example_task_group.py for tasks to queue
[2022-03-22 18:04:29,110] {logging_mixin.py:109} INFO - [2022-03-22 18:04:29,110] {dagbag.py:500} INFO - Filling up the DagBag from /Users/adebolafagbule/opt/anaconda3/envs/airflow_env/lib/python3.8/site-packages/airflow/example_dags/example_task_group.py
[2022-03-22 18:04:29,189] {processor.py:654} INFO - DAG(s) dict_keys(['example_task_group']) retrieved from /Users/adebolafagbule/opt/anaconda3/envs/airflow_env/lib/python3.8/site-packages/airflow/example_dags/example_task_group.py
[2022-03-22 18:04:29,230] {logging_mixin.py:109} INFO - [2022-03-22 18:04:29,230] {dag.py:2398} INFO - Sync 1 DAGs
[2022-03-22 18:04:29,252] {logging_mixin.py:109} INFO - [2022-03-22 18:04:29,252] {dag.py:2937} INFO - Setting next_dagrun for example_task_group to 2022-03-21T22:04:29.252352+00:00
[2022-03-22 18:04:29,266] {processor.py:171} INFO - Processing /Users/adebolafagbule/opt/anaconda3/envs/airflow_env/lib/python3.8/site-packages/airflow/example_dags/example_task_group.py took 0.158 seconds
[2022-03-22 18:05:39,058] {processor.py:163} INFO - Started process (PID=65232) to work on /Users/adebolafagbule/opt/anaconda3/envs/airflow_env/lib/python3.8/site-packages/airflow/example_dags/example_task_group.py
[2022-03-22 18:05:39,060] {processor.py:642} INFO - Processing file /Users/adebolafagbule/opt/anaconda3/envs/airflow_env/lib/python3.8/site-packages/airflow/example_dags/example_task_group.py for tasks to queue
[2022-03-22 18:05:39,060] {logging_mixin.py:109} INFO - [2022-03-22 18:05:39,060] {dagbag.py:500} INFO - Filling up the DagBag from /Users/adebolafagbule/opt/anaconda3/envs/airflow_env/lib/python3.8/site-packages/airflow/example_dags/example_task_group.py
[2022-03-22 18:05:39,107] {processor.py:654} INFO - DAG(s) dict_keys(['example_task_group']) retrieved from /Users/adebolafagbule/opt/anaconda3/envs/airflow_env/lib/python3.8/site-packages/airflow/example_dags/example_task_group.py
[2022-03-22 18:05:39,122] {logging_mixin.py:109} INFO - [2022-03-22 18:05:39,122] {dag.py:2398} INFO - Sync 1 DAGs
[2022-03-22 18:05:39,130] {logging_mixin.py:109} INFO - [2022-03-22 18:05:39,130] {dag.py:2937} INFO - Setting next_dagrun for example_task_group to 2022-03-21T22:05:39.130170+00:00
[2022-03-22 18:05:39,137] {processor.py:171} INFO - Processing /Users/adebolafagbule/opt/anaconda3/envs/airflow_env/lib/python3.8/site-packages/airflow/example_dags/example_task_group.py took 0.080 seconds
[2022-03-22 18:07:26,058] {processor.py:163} INFO - Started process (PID=65314) to work on /Users/adebolafagbule/opt/anaconda3/envs/airflow_env/lib/python3.8/site-packages/airflow/example_dags/example_task_group.py
[2022-03-22 18:07:26,059] {processor.py:642} INFO - Processing file /Users/adebolafagbule/opt/anaconda3/envs/airflow_env/lib/python3.8/site-packages/airflow/example_dags/example_task_group.py for tasks to queue
[2022-03-22 18:07:26,059] {logging_mixin.py:109} INFO - [2022-03-22 18:07:26,059] {dagbag.py:500} INFO - Filling up the DagBag from /Users/adebolafagbule/opt/anaconda3/envs/airflow_env/lib/python3.8/site-packages/airflow/example_dags/example_task_group.py
[2022-03-22 18:07:26,097] {processor.py:654} INFO - DAG(s) dict_keys(['example_task_group']) retrieved from /Users/adebolafagbule/opt/anaconda3/envs/airflow_env/lib/python3.8/site-packages/airflow/example_dags/example_task_group.py
[2022-03-22 18:07:26,123] {logging_mixin.py:109} INFO - [2022-03-22 18:07:26,123] {dag.py:2398} INFO - Sync 1 DAGs
[2022-03-22 18:07:26,132] {logging_mixin.py:109} INFO - [2022-03-22 18:07:26,132] {dag.py:2937} INFO - Setting next_dagrun for example_task_group to 2022-03-21T22:07:26.132333+00:00
[2022-03-22 18:07:26,140] {processor.py:171} INFO - Processing /Users/adebolafagbule/opt/anaconda3/envs/airflow_env/lib/python3.8/site-packages/airflow/example_dags/example_task_group.py took 0.082 seconds
[2022-03-22 18:09:15,135] {processor.py:163} INFO - Started process (PID=65400) to work on /Users/adebolafagbule/opt/anaconda3/envs/airflow_env/lib/python3.8/site-packages/airflow/example_dags/example_task_group.py
[2022-03-22 18:09:15,136] {processor.py:642} INFO - Processing file /Users/adebolafagbule/opt/anaconda3/envs/airflow_env/lib/python3.8/site-packages/airflow/example_dags/example_task_group.py for tasks to queue
[2022-03-22 18:09:15,137] {logging_mixin.py:109} INFO - [2022-03-22 18:09:15,136] {dagbag.py:500} INFO - Filling up the DagBag from /Users/adebolafagbule/opt/anaconda3/envs/airflow_env/lib/python3.8/site-packages/airflow/example_dags/example_task_group.py
[2022-03-22 18:09:15,190] {processor.py:654} INFO - DAG(s) dict_keys(['example_task_group']) retrieved from /Users/adebolafagbule/opt/anaconda3/envs/airflow_env/lib/python3.8/site-packages/airflow/example_dags/example_task_group.py
[2022-03-22 18:09:15,208] {logging_mixin.py:109} INFO - [2022-03-22 18:09:15,208] {dag.py:2398} INFO - Sync 1 DAGs
[2022-03-22 18:09:15,216] {logging_mixin.py:109} INFO - [2022-03-22 18:09:15,216] {dag.py:2937} INFO - Setting next_dagrun for example_task_group to 2022-03-21T22:09:15.216225+00:00
[2022-03-22 18:09:15,223] {processor.py:171} INFO - Processing /Users/adebolafagbule/opt/anaconda3/envs/airflow_env/lib/python3.8/site-packages/airflow/example_dags/example_task_group.py took 0.088 seconds
[2022-03-22 18:11:08,940] {processor.py:163} INFO - Started process (PID=65483) to work on /Users/adebolafagbule/opt/anaconda3/envs/airflow_env/lib/python3.8/site-packages/airflow/example_dags/example_task_group.py
[2022-03-22 18:11:08,941] {processor.py:642} INFO - Processing file /Users/adebolafagbule/opt/anaconda3/envs/airflow_env/lib/python3.8/site-packages/airflow/example_dags/example_task_group.py for tasks to queue
[2022-03-22 18:11:08,941] {logging_mixin.py:109} INFO - [2022-03-22 18:11:08,941] {dagbag.py:500} INFO - Filling up the DagBag from /Users/adebolafagbule/opt/anaconda3/envs/airflow_env/lib/python3.8/site-packages/airflow/example_dags/example_task_group.py
[2022-03-22 18:11:08,989] {processor.py:654} INFO - DAG(s) dict_keys(['example_task_group']) retrieved from /Users/adebolafagbule/opt/anaconda3/envs/airflow_env/lib/python3.8/site-packages/airflow/example_dags/example_task_group.py
[2022-03-22 18:11:09,003] {logging_mixin.py:109} INFO - [2022-03-22 18:11:09,003] {dag.py:2398} INFO - Sync 1 DAGs
[2022-03-22 18:11:09,012] {logging_mixin.py:109} INFO - [2022-03-22 18:11:09,012] {dag.py:2937} INFO - Setting next_dagrun for example_task_group to 2022-03-21T22:11:09.011918+00:00
[2022-03-22 18:11:09,017] {processor.py:171} INFO - Processing /Users/adebolafagbule/opt/anaconda3/envs/airflow_env/lib/python3.8/site-packages/airflow/example_dags/example_task_group.py took 0.078 seconds
[2022-03-22 18:12:55,353] {processor.py:163} INFO - Started process (PID=65570) to work on /Users/adebolafagbule/opt/anaconda3/envs/airflow_env/lib/python3.8/site-packages/airflow/example_dags/example_task_group.py
[2022-03-22 18:12:55,354] {processor.py:642} INFO - Processing file /Users/adebolafagbule/opt/anaconda3/envs/airflow_env/lib/python3.8/site-packages/airflow/example_dags/example_task_group.py for tasks to queue
[2022-03-22 18:12:55,355] {logging_mixin.py:109} INFO - [2022-03-22 18:12:55,355] {dagbag.py:500} INFO - Filling up the DagBag from /Users/adebolafagbule/opt/anaconda3/envs/airflow_env/lib/python3.8/site-packages/airflow/example_dags/example_task_group.py
[2022-03-22 18:12:55,412] {processor.py:654} INFO - DAG(s) dict_keys(['example_task_group']) retrieved from /Users/adebolafagbule/opt/anaconda3/envs/airflow_env/lib/python3.8/site-packages/airflow/example_dags/example_task_group.py
[2022-03-22 18:12:55,431] {logging_mixin.py:109} INFO - [2022-03-22 18:12:55,431] {dag.py:2398} INFO - Sync 1 DAGs
[2022-03-22 18:12:55,440] {logging_mixin.py:109} INFO - [2022-03-22 18:12:55,440] {dag.py:2937} INFO - Setting next_dagrun for example_task_group to 2022-03-21T22:12:55.440043+00:00
[2022-03-22 18:12:55,484] {processor.py:171} INFO - Processing /Users/adebolafagbule/opt/anaconda3/envs/airflow_env/lib/python3.8/site-packages/airflow/example_dags/example_task_group.py took 0.131 seconds
[2022-03-22 18:14:52,461] {processor.py:163} INFO - Started process (PID=65655) to work on /Users/adebolafagbule/opt/anaconda3/envs/airflow_env/lib/python3.8/site-packages/airflow/example_dags/example_task_group.py
[2022-03-22 18:14:52,462] {processor.py:642} INFO - Processing file /Users/adebolafagbule/opt/anaconda3/envs/airflow_env/lib/python3.8/site-packages/airflow/example_dags/example_task_group.py for tasks to queue
[2022-03-22 18:14:52,463] {logging_mixin.py:109} INFO - [2022-03-22 18:14:52,463] {dagbag.py:500} INFO - Filling up the DagBag from /Users/adebolafagbule/opt/anaconda3/envs/airflow_env/lib/python3.8/site-packages/airflow/example_dags/example_task_group.py
[2022-03-22 18:14:52,559] {processor.py:654} INFO - DAG(s) dict_keys(['example_task_group']) retrieved from /Users/adebolafagbule/opt/anaconda3/envs/airflow_env/lib/python3.8/site-packages/airflow/example_dags/example_task_group.py
[2022-03-22 18:14:52,582] {logging_mixin.py:109} INFO - [2022-03-22 18:14:52,582] {dag.py:2398} INFO - Sync 1 DAGs
[2022-03-22 18:14:52,592] {logging_mixin.py:109} INFO - [2022-03-22 18:14:52,592] {dag.py:2937} INFO - Setting next_dagrun for example_task_group to 2022-03-21T22:14:52.591779+00:00
[2022-03-22 18:14:52,598] {processor.py:171} INFO - Processing /Users/adebolafagbule/opt/anaconda3/envs/airflow_env/lib/python3.8/site-packages/airflow/example_dags/example_task_group.py took 0.138 seconds
[2022-03-22 18:16:52,782] {processor.py:163} INFO - Started process (PID=65755) to work on /Users/adebolafagbule/opt/anaconda3/envs/airflow_env/lib/python3.8/site-packages/airflow/example_dags/example_task_group.py
[2022-03-22 18:16:52,783] {processor.py:642} INFO - Processing file /Users/adebolafagbule/opt/anaconda3/envs/airflow_env/lib/python3.8/site-packages/airflow/example_dags/example_task_group.py for tasks to queue
[2022-03-22 18:16:52,783] {logging_mixin.py:109} INFO - [2022-03-22 18:16:52,783] {dagbag.py:500} INFO - Filling up the DagBag from /Users/adebolafagbule/opt/anaconda3/envs/airflow_env/lib/python3.8/site-packages/airflow/example_dags/example_task_group.py
[2022-03-22 18:16:52,819] {processor.py:654} INFO - DAG(s) dict_keys(['example_task_group']) retrieved from /Users/adebolafagbule/opt/anaconda3/envs/airflow_env/lib/python3.8/site-packages/airflow/example_dags/example_task_group.py
[2022-03-22 18:16:52,835] {logging_mixin.py:109} INFO - [2022-03-22 18:16:52,835] {dag.py:2398} INFO - Sync 1 DAGs
[2022-03-22 18:16:52,844] {logging_mixin.py:109} INFO - [2022-03-22 18:16:52,844] {dag.py:2937} INFO - Setting next_dagrun for example_task_group to 2022-03-21T22:16:52.844065+00:00
[2022-03-22 18:16:52,853] {processor.py:171} INFO - Processing /Users/adebolafagbule/opt/anaconda3/envs/airflow_env/lib/python3.8/site-packages/airflow/example_dags/example_task_group.py took 0.072 seconds
[2022-03-22 18:18:29,433] {processor.py:163} INFO - Started process (PID=65833) to work on /Users/adebolafagbule/opt/anaconda3/envs/airflow_env/lib/python3.8/site-packages/airflow/example_dags/example_task_group.py
[2022-03-22 18:18:29,434] {processor.py:642} INFO - Processing file /Users/adebolafagbule/opt/anaconda3/envs/airflow_env/lib/python3.8/site-packages/airflow/example_dags/example_task_group.py for tasks to queue
[2022-03-22 18:18:29,434] {logging_mixin.py:109} INFO - [2022-03-22 18:18:29,434] {dagbag.py:500} INFO - Filling up the DagBag from /Users/adebolafagbule/opt/anaconda3/envs/airflow_env/lib/python3.8/site-packages/airflow/example_dags/example_task_group.py
[2022-03-22 18:18:29,467] {processor.py:654} INFO - DAG(s) dict_keys(['example_task_group']) retrieved from /Users/adebolafagbule/opt/anaconda3/envs/airflow_env/lib/python3.8/site-packages/airflow/example_dags/example_task_group.py
[2022-03-22 18:18:29,482] {logging_mixin.py:109} INFO - [2022-03-22 18:18:29,482] {dag.py:2398} INFO - Sync 1 DAGs
[2022-03-22 18:18:29,491] {logging_mixin.py:109} INFO - [2022-03-22 18:18:29,491] {dag.py:2937} INFO - Setting next_dagrun for example_task_group to 2022-03-21T22:18:29.491191+00:00
[2022-03-22 18:18:29,499] {processor.py:171} INFO - Processing /Users/adebolafagbule/opt/anaconda3/envs/airflow_env/lib/python3.8/site-packages/airflow/example_dags/example_task_group.py took 0.067 seconds
[2022-03-22 18:20:07,632] {processor.py:163} INFO - Started process (PID=65912) to work on /Users/adebolafagbule/opt/anaconda3/envs/airflow_env/lib/python3.8/site-packages/airflow/example_dags/example_task_group.py
[2022-03-22 18:20:07,633] {processor.py:642} INFO - Processing file /Users/adebolafagbule/opt/anaconda3/envs/airflow_env/lib/python3.8/site-packages/airflow/example_dags/example_task_group.py for tasks to queue
[2022-03-22 18:20:07,633] {logging_mixin.py:109} INFO - [2022-03-22 18:20:07,633] {dagbag.py:500} INFO - Filling up the DagBag from /Users/adebolafagbule/opt/anaconda3/envs/airflow_env/lib/python3.8/site-packages/airflow/example_dags/example_task_group.py
[2022-03-22 18:20:07,674] {processor.py:654} INFO - DAG(s) dict_keys(['example_task_group']) retrieved from /Users/adebolafagbule/opt/anaconda3/envs/airflow_env/lib/python3.8/site-packages/airflow/example_dags/example_task_group.py
[2022-03-22 18:20:07,692] {logging_mixin.py:109} INFO - [2022-03-22 18:20:07,692] {dag.py:2398} INFO - Sync 1 DAGs
[2022-03-22 18:20:07,701] {logging_mixin.py:109} INFO - [2022-03-22 18:20:07,701] {dag.py:2937} INFO - Setting next_dagrun for example_task_group to 2022-03-21T22:20:07.701347+00:00
[2022-03-22 18:20:07,707] {processor.py:171} INFO - Processing /Users/adebolafagbule/opt/anaconda3/envs/airflow_env/lib/python3.8/site-packages/airflow/example_dags/example_task_group.py took 0.076 seconds
[2022-03-22 18:21:39,185] {processor.py:163} INFO - Started process (PID=65990) to work on /Users/adebolafagbule/opt/anaconda3/envs/airflow_env/lib/python3.8/site-packages/airflow/example_dags/example_task_group.py
[2022-03-22 18:21:39,186] {processor.py:642} INFO - Processing file /Users/adebolafagbule/opt/anaconda3/envs/airflow_env/lib/python3.8/site-packages/airflow/example_dags/example_task_group.py for tasks to queue
[2022-03-22 18:21:39,187] {logging_mixin.py:109} INFO - [2022-03-22 18:21:39,187] {dagbag.py:500} INFO - Filling up the DagBag from /Users/adebolafagbule/opt/anaconda3/envs/airflow_env/lib/python3.8/site-packages/airflow/example_dags/example_task_group.py
[2022-03-22 18:21:39,239] {processor.py:654} INFO - DAG(s) dict_keys(['example_task_group']) retrieved from /Users/adebolafagbule/opt/anaconda3/envs/airflow_env/lib/python3.8/site-packages/airflow/example_dags/example_task_group.py
[2022-03-22 18:21:39,254] {logging_mixin.py:109} INFO - [2022-03-22 18:21:39,254] {dag.py:2398} INFO - Sync 1 DAGs
[2022-03-22 18:21:39,263] {logging_mixin.py:109} INFO - [2022-03-22 18:21:39,263] {dag.py:2937} INFO - Setting next_dagrun for example_task_group to 2022-03-21T22:21:39.263089+00:00
[2022-03-22 18:21:39,270] {processor.py:171} INFO - Processing /Users/adebolafagbule/opt/anaconda3/envs/airflow_env/lib/python3.8/site-packages/airflow/example_dags/example_task_group.py took 0.086 seconds
[2022-03-22 18:23:05,319] {processor.py:163} INFO - Started process (PID=66069) to work on /Users/adebolafagbule/opt/anaconda3/envs/airflow_env/lib/python3.8/site-packages/airflow/example_dags/example_task_group.py
[2022-03-22 18:23:05,321] {processor.py:642} INFO - Processing file /Users/adebolafagbule/opt/anaconda3/envs/airflow_env/lib/python3.8/site-packages/airflow/example_dags/example_task_group.py for tasks to queue
[2022-03-22 18:23:05,321] {logging_mixin.py:109} INFO - [2022-03-22 18:23:05,321] {dagbag.py:500} INFO - Filling up the DagBag from /Users/adebolafagbule/opt/anaconda3/envs/airflow_env/lib/python3.8/site-packages/airflow/example_dags/example_task_group.py
[2022-03-22 18:23:05,363] {processor.py:654} INFO - DAG(s) dict_keys(['example_task_group']) retrieved from /Users/adebolafagbule/opt/anaconda3/envs/airflow_env/lib/python3.8/site-packages/airflow/example_dags/example_task_group.py
[2022-03-22 18:23:05,378] {logging_mixin.py:109} INFO - [2022-03-22 18:23:05,378] {dag.py:2398} INFO - Sync 1 DAGs
[2022-03-22 18:23:05,387] {logging_mixin.py:109} INFO - [2022-03-22 18:23:05,387] {dag.py:2937} INFO - Setting next_dagrun for example_task_group to 2022-03-21T22:23:05.387219+00:00
[2022-03-22 18:23:05,394] {processor.py:171} INFO - Processing /Users/adebolafagbule/opt/anaconda3/envs/airflow_env/lib/python3.8/site-packages/airflow/example_dags/example_task_group.py took 0.075 seconds
[2022-03-22 18:24:33,570] {processor.py:163} INFO - Started process (PID=66145) to work on /Users/adebolafagbule/opt/anaconda3/envs/airflow_env/lib/python3.8/site-packages/airflow/example_dags/example_task_group.py
[2022-03-22 18:24:33,572] {processor.py:642} INFO - Processing file /Users/adebolafagbule/opt/anaconda3/envs/airflow_env/lib/python3.8/site-packages/airflow/example_dags/example_task_group.py for tasks to queue
[2022-03-22 18:24:33,572] {logging_mixin.py:109} INFO - [2022-03-22 18:24:33,572] {dagbag.py:500} INFO - Filling up the DagBag from /Users/adebolafagbule/opt/anaconda3/envs/airflow_env/lib/python3.8/site-packages/airflow/example_dags/example_task_group.py
[2022-03-22 18:24:33,607] {processor.py:654} INFO - DAG(s) dict_keys(['example_task_group']) retrieved from /Users/adebolafagbule/opt/anaconda3/envs/airflow_env/lib/python3.8/site-packages/airflow/example_dags/example_task_group.py
[2022-03-22 18:24:33,624] {logging_mixin.py:109} INFO - [2022-03-22 18:24:33,623] {dag.py:2398} INFO - Sync 1 DAGs
[2022-03-22 18:24:33,633] {logging_mixin.py:109} INFO - [2022-03-22 18:24:33,633] {dag.py:2937} INFO - Setting next_dagrun for example_task_group to 2022-03-21T22:24:33.632929+00:00
[2022-03-22 18:24:33,643] {processor.py:171} INFO - Processing /Users/adebolafagbule/opt/anaconda3/envs/airflow_env/lib/python3.8/site-packages/airflow/example_dags/example_task_group.py took 0.073 seconds
[2022-03-22 18:26:11,041] {processor.py:163} INFO - Started process (PID=66224) to work on /Users/adebolafagbule/opt/anaconda3/envs/airflow_env/lib/python3.8/site-packages/airflow/example_dags/example_task_group.py
[2022-03-22 18:26:11,042] {processor.py:642} INFO - Processing file /Users/adebolafagbule/opt/anaconda3/envs/airflow_env/lib/python3.8/site-packages/airflow/example_dags/example_task_group.py for tasks to queue
[2022-03-22 18:26:11,043] {logging_mixin.py:109} INFO - [2022-03-22 18:26:11,042] {dagbag.py:500} INFO - Filling up the DagBag from /Users/adebolafagbule/opt/anaconda3/envs/airflow_env/lib/python3.8/site-packages/airflow/example_dags/example_task_group.py
[2022-03-22 18:26:11,077] {processor.py:654} INFO - DAG(s) dict_keys(['example_task_group']) retrieved from /Users/adebolafagbule/opt/anaconda3/envs/airflow_env/lib/python3.8/site-packages/airflow/example_dags/example_task_group.py
[2022-03-22 18:26:11,093] {logging_mixin.py:109} INFO - [2022-03-22 18:26:11,093] {dag.py:2398} INFO - Sync 1 DAGs
[2022-03-22 18:26:11,102] {logging_mixin.py:109} INFO - [2022-03-22 18:26:11,102] {dag.py:2937} INFO - Setting next_dagrun for example_task_group to 2022-03-21T22:26:11.102295+00:00
[2022-03-22 18:26:11,109] {processor.py:171} INFO - Processing /Users/adebolafagbule/opt/anaconda3/envs/airflow_env/lib/python3.8/site-packages/airflow/example_dags/example_task_group.py took 0.069 seconds
[2022-03-22 18:27:52,272] {processor.py:163} INFO - Started process (PID=66309) to work on /Users/adebolafagbule/opt/anaconda3/envs/airflow_env/lib/python3.8/site-packages/airflow/example_dags/example_task_group.py
[2022-03-22 18:27:52,273] {processor.py:642} INFO - Processing file /Users/adebolafagbule/opt/anaconda3/envs/airflow_env/lib/python3.8/site-packages/airflow/example_dags/example_task_group.py for tasks to queue
[2022-03-22 18:27:52,273] {logging_mixin.py:109} INFO - [2022-03-22 18:27:52,273] {dagbag.py:500} INFO - Filling up the DagBag from /Users/adebolafagbule/opt/anaconda3/envs/airflow_env/lib/python3.8/site-packages/airflow/example_dags/example_task_group.py
[2022-03-22 18:27:52,307] {processor.py:654} INFO - DAG(s) dict_keys(['example_task_group']) retrieved from /Users/adebolafagbule/opt/anaconda3/envs/airflow_env/lib/python3.8/site-packages/airflow/example_dags/example_task_group.py
[2022-03-22 18:27:52,323] {logging_mixin.py:109} INFO - [2022-03-22 18:27:52,323] {dag.py:2398} INFO - Sync 1 DAGs
[2022-03-22 18:27:52,332] {logging_mixin.py:109} INFO - [2022-03-22 18:27:52,332] {dag.py:2937} INFO - Setting next_dagrun for example_task_group to 2022-03-21T22:27:52.331882+00:00
[2022-03-22 18:27:52,338] {processor.py:171} INFO - Processing /Users/adebolafagbule/opt/anaconda3/envs/airflow_env/lib/python3.8/site-packages/airflow/example_dags/example_task_group.py took 0.067 seconds
