[2022-03-21 21:43:46,769] {processor.py:163} INFO - Started process (PID=61166) to work on /Users/adebolafagbule/opt/anaconda3/envs/airflow_env/lib/python3.8/site-packages/airflow/example_dags/example_latest_only.py
[2022-03-21 21:43:46,770] {processor.py:642} INFO - Processing file /Users/adebolafagbule/opt/anaconda3/envs/airflow_env/lib/python3.8/site-packages/airflow/example_dags/example_latest_only.py for tasks to queue
[2022-03-21 21:43:46,770] {logging_mixin.py:109} INFO - [2022-03-21 21:43:46,770] {dagbag.py:500} INFO - Filling up the DagBag from /Users/adebolafagbule/opt/anaconda3/envs/airflow_env/lib/python3.8/site-packages/airflow/example_dags/example_latest_only.py
[2022-03-21 21:43:46,840] {processor.py:654} INFO - DAG(s) dict_keys(['latest_only']) retrieved from /Users/adebolafagbule/opt/anaconda3/envs/airflow_env/lib/python3.8/site-packages/airflow/example_dags/example_latest_only.py
[2022-03-21 21:43:46,873] {logging_mixin.py:109} INFO - [2022-03-21 21:43:46,873] {dag.py:2398} INFO - Sync 1 DAGs
[2022-03-21 21:43:46,892] {logging_mixin.py:109} INFO - [2022-03-21 21:43:46,892] {dag.py:2937} INFO - Setting next_dagrun for latest_only to 2022-03-21T21:43:46.892306+00:00
[2022-03-21 21:43:46,905] {processor.py:171} INFO - Processing /Users/adebolafagbule/opt/anaconda3/envs/airflow_env/lib/python3.8/site-packages/airflow/example_dags/example_latest_only.py took 0.137 seconds
[2022-03-22 04:36:35,411] {processor.py:163} INFO - Started process (PID=61373) to work on /Users/adebolafagbule/opt/anaconda3/envs/airflow_env/lib/python3.8/site-packages/airflow/example_dags/example_latest_only.py
[2022-03-22 04:36:35,412] {processor.py:642} INFO - Processing file /Users/adebolafagbule/opt/anaconda3/envs/airflow_env/lib/python3.8/site-packages/airflow/example_dags/example_latest_only.py for tasks to queue
[2022-03-22 04:36:35,412] {logging_mixin.py:109} INFO - [2022-03-22 04:36:35,412] {dagbag.py:500} INFO - Filling up the DagBag from /Users/adebolafagbule/opt/anaconda3/envs/airflow_env/lib/python3.8/site-packages/airflow/example_dags/example_latest_only.py
[2022-03-22 04:36:35,438] {processor.py:654} INFO - DAG(s) dict_keys(['latest_only']) retrieved from /Users/adebolafagbule/opt/anaconda3/envs/airflow_env/lib/python3.8/site-packages/airflow/example_dags/example_latest_only.py
[2022-03-22 04:36:35,451] {logging_mixin.py:109} INFO - [2022-03-22 04:36:35,450] {dag.py:2398} INFO - Sync 1 DAGs
[2022-03-22 04:36:35,458] {logging_mixin.py:109} INFO - [2022-03-22 04:36:35,458] {dag.py:2937} INFO - Setting next_dagrun for latest_only to 2022-03-22T04:36:35.458257+00:00
[2022-03-22 04:36:35,465] {processor.py:171} INFO - Processing /Users/adebolafagbule/opt/anaconda3/envs/airflow_env/lib/python3.8/site-packages/airflow/example_dags/example_latest_only.py took 0.054 seconds
[2022-03-22 06:59:50,398] {processor.py:163} INFO - Started process (PID=61517) to work on /Users/adebolafagbule/opt/anaconda3/envs/airflow_env/lib/python3.8/site-packages/airflow/example_dags/example_latest_only.py
[2022-03-22 06:59:50,400] {processor.py:642} INFO - Processing file /Users/adebolafagbule/opt/anaconda3/envs/airflow_env/lib/python3.8/site-packages/airflow/example_dags/example_latest_only.py for tasks to queue
[2022-03-22 06:59:50,402] {logging_mixin.py:109} INFO - [2022-03-22 06:59:50,402] {dagbag.py:500} INFO - Filling up the DagBag from /Users/adebolafagbule/opt/anaconda3/envs/airflow_env/lib/python3.8/site-packages/airflow/example_dags/example_latest_only.py
[2022-03-22 06:59:50,508] {processor.py:654} INFO - DAG(s) dict_keys(['latest_only']) retrieved from /Users/adebolafagbule/opt/anaconda3/envs/airflow_env/lib/python3.8/site-packages/airflow/example_dags/example_latest_only.py
[2022-03-22 06:59:50,555] {logging_mixin.py:109} INFO - [2022-03-22 06:59:50,554] {dag.py:2398} INFO - Sync 1 DAGs
[2022-03-22 06:59:50,579] {logging_mixin.py:109} INFO - [2022-03-22 06:59:50,579] {dag.py:2937} INFO - Setting next_dagrun for latest_only to 2022-03-22T06:59:50.579282+00:00
[2022-03-22 06:59:50,596] {processor.py:171} INFO - Processing /Users/adebolafagbule/opt/anaconda3/envs/airflow_env/lib/python3.8/site-packages/airflow/example_dags/example_latest_only.py took 0.201 seconds
[2022-03-22 08:28:10,955] {processor.py:163} INFO - Started process (PID=61642) to work on /Users/adebolafagbule/opt/anaconda3/envs/airflow_env/lib/python3.8/site-packages/airflow/example_dags/example_latest_only.py
[2022-03-22 08:28:10,956] {processor.py:642} INFO - Processing file /Users/adebolafagbule/opt/anaconda3/envs/airflow_env/lib/python3.8/site-packages/airflow/example_dags/example_latest_only.py for tasks to queue
[2022-03-22 08:28:10,956] {logging_mixin.py:109} INFO - [2022-03-22 08:28:10,956] {dagbag.py:500} INFO - Filling up the DagBag from /Users/adebolafagbule/opt/anaconda3/envs/airflow_env/lib/python3.8/site-packages/airflow/example_dags/example_latest_only.py
[2022-03-22 08:28:10,989] {processor.py:654} INFO - DAG(s) dict_keys(['latest_only']) retrieved from /Users/adebolafagbule/opt/anaconda3/envs/airflow_env/lib/python3.8/site-packages/airflow/example_dags/example_latest_only.py
[2022-03-22 08:28:11,011] {logging_mixin.py:109} INFO - [2022-03-22 08:28:11,011] {dag.py:2398} INFO - Sync 1 DAGs
[2022-03-22 08:28:11,020] {logging_mixin.py:109} INFO - [2022-03-22 08:28:11,020] {dag.py:2937} INFO - Setting next_dagrun for latest_only to 2022-03-22T08:28:11.019973+00:00
[2022-03-22 08:28:11,027] {processor.py:171} INFO - Processing /Users/adebolafagbule/opt/anaconda3/envs/airflow_env/lib/python3.8/site-packages/airflow/example_dags/example_latest_only.py took 0.073 seconds
[2022-03-22 08:41:30,585] {processor.py:163} INFO - Started process (PID=61728) to work on /Users/adebolafagbule/opt/anaconda3/envs/airflow_env/lib/python3.8/site-packages/airflow/example_dags/example_latest_only.py
[2022-03-22 08:41:30,586] {processor.py:642} INFO - Processing file /Users/adebolafagbule/opt/anaconda3/envs/airflow_env/lib/python3.8/site-packages/airflow/example_dags/example_latest_only.py for tasks to queue
[2022-03-22 08:41:30,587] {logging_mixin.py:109} INFO - [2022-03-22 08:41:30,587] {dagbag.py:500} INFO - Filling up the DagBag from /Users/adebolafagbule/opt/anaconda3/envs/airflow_env/lib/python3.8/site-packages/airflow/example_dags/example_latest_only.py
[2022-03-22 08:41:30,643] {processor.py:654} INFO - DAG(s) dict_keys(['latest_only']) retrieved from /Users/adebolafagbule/opt/anaconda3/envs/airflow_env/lib/python3.8/site-packages/airflow/example_dags/example_latest_only.py
[2022-03-22 08:41:30,670] {logging_mixin.py:109} INFO - [2022-03-22 08:41:30,670] {dag.py:2398} INFO - Sync 1 DAGs
[2022-03-22 08:41:30,719] {logging_mixin.py:109} INFO - [2022-03-22 08:41:30,718] {dag.py:2937} INFO - Setting next_dagrun for latest_only to 2022-03-22T08:41:30.718372+00:00
[2022-03-22 08:41:30,732] {processor.py:171} INFO - Processing /Users/adebolafagbule/opt/anaconda3/envs/airflow_env/lib/python3.8/site-packages/airflow/example_dags/example_latest_only.py took 0.149 seconds
[2022-03-22 09:35:39,401] {processor.py:163} INFO - Started process (PID=61888) to work on /Users/adebolafagbule/opt/anaconda3/envs/airflow_env/lib/python3.8/site-packages/airflow/example_dags/example_latest_only.py
[2022-03-22 09:35:39,402] {processor.py:642} INFO - Processing file /Users/adebolafagbule/opt/anaconda3/envs/airflow_env/lib/python3.8/site-packages/airflow/example_dags/example_latest_only.py for tasks to queue
[2022-03-22 09:35:39,403] {logging_mixin.py:109} INFO - [2022-03-22 09:35:39,403] {dagbag.py:500} INFO - Filling up the DagBag from /Users/adebolafagbule/opt/anaconda3/envs/airflow_env/lib/python3.8/site-packages/airflow/example_dags/example_latest_only.py
[2022-03-22 09:35:39,443] {processor.py:654} INFO - DAG(s) dict_keys(['latest_only']) retrieved from /Users/adebolafagbule/opt/anaconda3/envs/airflow_env/lib/python3.8/site-packages/airflow/example_dags/example_latest_only.py
[2022-03-22 09:35:39,456] {logging_mixin.py:109} INFO - [2022-03-22 09:35:39,456] {dag.py:2398} INFO - Sync 1 DAGs
[2022-03-22 09:35:39,464] {logging_mixin.py:109} INFO - [2022-03-22 09:35:39,464] {dag.py:2937} INFO - Setting next_dagrun for latest_only to 2022-03-22T09:35:39.463893+00:00
[2022-03-22 09:35:39,470] {processor.py:171} INFO - Processing /Users/adebolafagbule/opt/anaconda3/envs/airflow_env/lib/python3.8/site-packages/airflow/example_dags/example_latest_only.py took 0.070 seconds
[2022-03-22 10:10:55,782] {processor.py:163} INFO - Started process (PID=62029) to work on /Users/adebolafagbule/opt/anaconda3/envs/airflow_env/lib/python3.8/site-packages/airflow/example_dags/example_latest_only.py
[2022-03-22 10:10:55,783] {processor.py:642} INFO - Processing file /Users/adebolafagbule/opt/anaconda3/envs/airflow_env/lib/python3.8/site-packages/airflow/example_dags/example_latest_only.py for tasks to queue
[2022-03-22 10:10:55,784] {logging_mixin.py:109} INFO - [2022-03-22 10:10:55,784] {dagbag.py:500} INFO - Filling up the DagBag from /Users/adebolafagbule/opt/anaconda3/envs/airflow_env/lib/python3.8/site-packages/airflow/example_dags/example_latest_only.py
[2022-03-22 10:10:55,847] {processor.py:654} INFO - DAG(s) dict_keys(['latest_only']) retrieved from /Users/adebolafagbule/opt/anaconda3/envs/airflow_env/lib/python3.8/site-packages/airflow/example_dags/example_latest_only.py
[2022-03-22 10:10:55,879] {logging_mixin.py:109} INFO - [2022-03-22 10:10:55,878] {dag.py:2398} INFO - Sync 1 DAGs
[2022-03-22 10:10:55,897] {logging_mixin.py:109} INFO - [2022-03-22 10:10:55,897] {dag.py:2937} INFO - Setting next_dagrun for latest_only to 2022-03-22T10:10:55.896949+00:00
[2022-03-22 10:10:55,910] {processor.py:171} INFO - Processing /Users/adebolafagbule/opt/anaconda3/envs/airflow_env/lib/python3.8/site-packages/airflow/example_dags/example_latest_only.py took 0.129 seconds
[2022-03-22 10:44:05,692] {processor.py:163} INFO - Started process (PID=62098) to work on /Users/adebolafagbule/opt/anaconda3/envs/airflow_env/lib/python3.8/site-packages/airflow/example_dags/example_latest_only.py
[2022-03-22 10:44:05,694] {processor.py:642} INFO - Processing file /Users/adebolafagbule/opt/anaconda3/envs/airflow_env/lib/python3.8/site-packages/airflow/example_dags/example_latest_only.py for tasks to queue
[2022-03-22 10:44:05,695] {logging_mixin.py:109} INFO - [2022-03-22 10:44:05,695] {dagbag.py:500} INFO - Filling up the DagBag from /Users/adebolafagbule/opt/anaconda3/envs/airflow_env/lib/python3.8/site-packages/airflow/example_dags/example_latest_only.py
[2022-03-22 10:44:05,763] {processor.py:654} INFO - DAG(s) dict_keys(['latest_only']) retrieved from /Users/adebolafagbule/opt/anaconda3/envs/airflow_env/lib/python3.8/site-packages/airflow/example_dags/example_latest_only.py
[2022-03-22 10:44:05,796] {logging_mixin.py:109} INFO - [2022-03-22 10:44:05,795] {dag.py:2398} INFO - Sync 1 DAGs
[2022-03-22 10:44:05,815] {logging_mixin.py:109} INFO - [2022-03-22 10:44:05,815] {dag.py:2937} INFO - Setting next_dagrun for latest_only to 2022-03-22T10:44:05.814821+00:00
[2022-03-22 10:44:05,828] {processor.py:171} INFO - Processing /Users/adebolafagbule/opt/anaconda3/envs/airflow_env/lib/python3.8/site-packages/airflow/example_dags/example_latest_only.py took 0.137 seconds
[2022-03-22 11:00:37,753] {processor.py:163} INFO - Started process (PID=62197) to work on /Users/adebolafagbule/opt/anaconda3/envs/airflow_env/lib/python3.8/site-packages/airflow/example_dags/example_latest_only.py
[2022-03-22 11:00:37,754] {processor.py:642} INFO - Processing file /Users/adebolafagbule/opt/anaconda3/envs/airflow_env/lib/python3.8/site-packages/airflow/example_dags/example_latest_only.py for tasks to queue
[2022-03-22 11:00:37,754] {logging_mixin.py:109} INFO - [2022-03-22 11:00:37,754] {dagbag.py:500} INFO - Filling up the DagBag from /Users/adebolafagbule/opt/anaconda3/envs/airflow_env/lib/python3.8/site-packages/airflow/example_dags/example_latest_only.py
[2022-03-22 11:00:37,792] {processor.py:654} INFO - DAG(s) dict_keys(['latest_only']) retrieved from /Users/adebolafagbule/opt/anaconda3/envs/airflow_env/lib/python3.8/site-packages/airflow/example_dags/example_latest_only.py
[2022-03-22 11:00:37,806] {logging_mixin.py:109} INFO - [2022-03-22 11:00:37,806] {dag.py:2398} INFO - Sync 1 DAGs
[2022-03-22 11:00:37,816] {logging_mixin.py:109} INFO - [2022-03-22 11:00:37,816] {dag.py:2937} INFO - Setting next_dagrun for latest_only to 2022-03-22T11:00:37.816521+00:00
[2022-03-22 11:00:37,822] {processor.py:171} INFO - Processing /Users/adebolafagbule/opt/anaconda3/envs/airflow_env/lib/python3.8/site-packages/airflow/example_dags/example_latest_only.py took 0.069 seconds
[2022-03-22 11:01:53,083] {processor.py:163} INFO - Started process (PID=62277) to work on /Users/adebolafagbule/opt/anaconda3/envs/airflow_env/lib/python3.8/site-packages/airflow/example_dags/example_latest_only.py
[2022-03-22 11:01:53,083] {processor.py:642} INFO - Processing file /Users/adebolafagbule/opt/anaconda3/envs/airflow_env/lib/python3.8/site-packages/airflow/example_dags/example_latest_only.py for tasks to queue
[2022-03-22 11:01:53,084] {logging_mixin.py:109} INFO - [2022-03-22 11:01:53,084] {dagbag.py:500} INFO - Filling up the DagBag from /Users/adebolafagbule/opt/anaconda3/envs/airflow_env/lib/python3.8/site-packages/airflow/example_dags/example_latest_only.py
[2022-03-22 11:01:53,111] {processor.py:654} INFO - DAG(s) dict_keys(['latest_only']) retrieved from /Users/adebolafagbule/opt/anaconda3/envs/airflow_env/lib/python3.8/site-packages/airflow/example_dags/example_latest_only.py
[2022-03-22 11:01:53,124] {logging_mixin.py:109} INFO - [2022-03-22 11:01:53,123] {dag.py:2398} INFO - Sync 1 DAGs
[2022-03-22 11:01:53,131] {logging_mixin.py:109} INFO - [2022-03-22 11:01:53,131] {dag.py:2937} INFO - Setting next_dagrun for latest_only to 2022-03-22T11:01:53.131369+00:00
[2022-03-22 11:01:53,136] {processor.py:171} INFO - Processing /Users/adebolafagbule/opt/anaconda3/envs/airflow_env/lib/python3.8/site-packages/airflow/example_dags/example_latest_only.py took 0.054 seconds
[2022-03-22 11:03:09,571] {processor.py:163} INFO - Started process (PID=62455) to work on /Users/adebolafagbule/opt/anaconda3/envs/airflow_env/lib/python3.8/site-packages/airflow/example_dags/example_latest_only.py
[2022-03-22 11:03:09,573] {processor.py:642} INFO - Processing file /Users/adebolafagbule/opt/anaconda3/envs/airflow_env/lib/python3.8/site-packages/airflow/example_dags/example_latest_only.py for tasks to queue
[2022-03-22 11:03:09,573] {logging_mixin.py:109} INFO - [2022-03-22 11:03:09,573] {dagbag.py:500} INFO - Filling up the DagBag from /Users/adebolafagbule/opt/anaconda3/envs/airflow_env/lib/python3.8/site-packages/airflow/example_dags/example_latest_only.py
[2022-03-22 11:03:09,603] {processor.py:654} INFO - DAG(s) dict_keys(['latest_only']) retrieved from /Users/adebolafagbule/opt/anaconda3/envs/airflow_env/lib/python3.8/site-packages/airflow/example_dags/example_latest_only.py
[2022-03-22 11:03:09,615] {logging_mixin.py:109} INFO - [2022-03-22 11:03:09,615] {dag.py:2398} INFO - Sync 1 DAGs
[2022-03-22 11:03:09,623] {logging_mixin.py:109} INFO - [2022-03-22 11:03:09,623] {dag.py:2937} INFO - Setting next_dagrun for latest_only to 2022-03-22T11:03:09.622917+00:00
[2022-03-22 11:03:09,631] {processor.py:171} INFO - Processing /Users/adebolafagbule/opt/anaconda3/envs/airflow_env/lib/python3.8/site-packages/airflow/example_dags/example_latest_only.py took 0.060 seconds
[2022-03-22 11:04:25,265] {processor.py:163} INFO - Started process (PID=62528) to work on /Users/adebolafagbule/opt/anaconda3/envs/airflow_env/lib/python3.8/site-packages/airflow/example_dags/example_latest_only.py
[2022-03-22 11:04:25,267] {processor.py:642} INFO - Processing file /Users/adebolafagbule/opt/anaconda3/envs/airflow_env/lib/python3.8/site-packages/airflow/example_dags/example_latest_only.py for tasks to queue
[2022-03-22 11:04:25,267] {logging_mixin.py:109} INFO - [2022-03-22 11:04:25,267] {dagbag.py:500} INFO - Filling up the DagBag from /Users/adebolafagbule/opt/anaconda3/envs/airflow_env/lib/python3.8/site-packages/airflow/example_dags/example_latest_only.py
[2022-03-22 11:04:25,297] {processor.py:654} INFO - DAG(s) dict_keys(['latest_only']) retrieved from /Users/adebolafagbule/opt/anaconda3/envs/airflow_env/lib/python3.8/site-packages/airflow/example_dags/example_latest_only.py
[2022-03-22 11:04:25,309] {logging_mixin.py:109} INFO - [2022-03-22 11:04:25,309] {dag.py:2398} INFO - Sync 1 DAGs
[2022-03-22 11:04:25,317] {logging_mixin.py:109} INFO - [2022-03-22 11:04:25,317] {dag.py:2937} INFO - Setting next_dagrun for latest_only to 2022-03-22T11:04:25.316970+00:00
[2022-03-22 11:04:25,327] {processor.py:171} INFO - Processing /Users/adebolafagbule/opt/anaconda3/envs/airflow_env/lib/python3.8/site-packages/airflow/example_dags/example_latest_only.py took 0.062 seconds
[2022-03-22 11:24:35,116] {processor.py:163} INFO - Started process (PID=62673) to work on /Users/adebolafagbule/opt/anaconda3/envs/airflow_env/lib/python3.8/site-packages/airflow/example_dags/example_latest_only.py
[2022-03-22 11:24:35,117] {processor.py:642} INFO - Processing file /Users/adebolafagbule/opt/anaconda3/envs/airflow_env/lib/python3.8/site-packages/airflow/example_dags/example_latest_only.py for tasks to queue
[2022-03-22 11:24:35,117] {logging_mixin.py:109} INFO - [2022-03-22 11:24:35,117] {dagbag.py:500} INFO - Filling up the DagBag from /Users/adebolafagbule/opt/anaconda3/envs/airflow_env/lib/python3.8/site-packages/airflow/example_dags/example_latest_only.py
[2022-03-22 11:24:35,158] {processor.py:654} INFO - DAG(s) dict_keys(['latest_only']) retrieved from /Users/adebolafagbule/opt/anaconda3/envs/airflow_env/lib/python3.8/site-packages/airflow/example_dags/example_latest_only.py
[2022-03-22 11:24:35,177] {logging_mixin.py:109} INFO - [2022-03-22 11:24:35,177] {dag.py:2398} INFO - Sync 1 DAGs
[2022-03-22 11:24:35,189] {logging_mixin.py:109} INFO - [2022-03-22 11:24:35,189] {dag.py:2937} INFO - Setting next_dagrun for latest_only to 2022-03-22T11:24:35.188964+00:00
[2022-03-22 11:24:35,200] {processor.py:171} INFO - Processing /Users/adebolafagbule/opt/anaconda3/envs/airflow_env/lib/python3.8/site-packages/airflow/example_dags/example_latest_only.py took 0.085 seconds
[2022-03-22 12:11:49,282] {processor.py:163} INFO - Started process (PID=62756) to work on /Users/adebolafagbule/opt/anaconda3/envs/airflow_env/lib/python3.8/site-packages/airflow/example_dags/example_latest_only.py
[2022-03-22 12:11:49,283] {processor.py:642} INFO - Processing file /Users/adebolafagbule/opt/anaconda3/envs/airflow_env/lib/python3.8/site-packages/airflow/example_dags/example_latest_only.py for tasks to queue
[2022-03-22 12:11:49,283] {logging_mixin.py:109} INFO - [2022-03-22 12:11:49,283] {dagbag.py:500} INFO - Filling up the DagBag from /Users/adebolafagbule/opt/anaconda3/envs/airflow_env/lib/python3.8/site-packages/airflow/example_dags/example_latest_only.py
[2022-03-22 12:11:49,349] {processor.py:654} INFO - DAG(s) dict_keys(['latest_only']) retrieved from /Users/adebolafagbule/opt/anaconda3/envs/airflow_env/lib/python3.8/site-packages/airflow/example_dags/example_latest_only.py
[2022-03-22 12:11:49,381] {logging_mixin.py:109} INFO - [2022-03-22 12:11:49,380] {dag.py:2398} INFO - Sync 1 DAGs
[2022-03-22 12:11:49,400] {logging_mixin.py:109} INFO - [2022-03-22 12:11:49,400] {dag.py:2937} INFO - Setting next_dagrun for latest_only to 2022-03-22T12:11:49.400014+00:00
[2022-03-22 12:11:49,413] {processor.py:171} INFO - Processing /Users/adebolafagbule/opt/anaconda3/envs/airflow_env/lib/python3.8/site-packages/airflow/example_dags/example_latest_only.py took 0.132 seconds
[2022-03-22 12:29:33,652] {processor.py:163} INFO - Started process (PID=62839) to work on /Users/adebolafagbule/opt/anaconda3/envs/airflow_env/lib/python3.8/site-packages/airflow/example_dags/example_latest_only.py
[2022-03-22 12:29:33,654] {processor.py:642} INFO - Processing file /Users/adebolafagbule/opt/anaconda3/envs/airflow_env/lib/python3.8/site-packages/airflow/example_dags/example_latest_only.py for tasks to queue
[2022-03-22 12:29:33,654] {logging_mixin.py:109} INFO - [2022-03-22 12:29:33,654] {dagbag.py:500} INFO - Filling up the DagBag from /Users/adebolafagbule/opt/anaconda3/envs/airflow_env/lib/python3.8/site-packages/airflow/example_dags/example_latest_only.py
[2022-03-22 12:29:33,701] {processor.py:654} INFO - DAG(s) dict_keys(['latest_only']) retrieved from /Users/adebolafagbule/opt/anaconda3/envs/airflow_env/lib/python3.8/site-packages/airflow/example_dags/example_latest_only.py
[2022-03-22 12:29:33,722] {logging_mixin.py:109} INFO - [2022-03-22 12:29:33,722] {dag.py:2398} INFO - Sync 1 DAGs
[2022-03-22 12:29:33,735] {logging_mixin.py:109} INFO - [2022-03-22 12:29:33,735] {dag.py:2937} INFO - Setting next_dagrun for latest_only to 2022-03-22T12:29:33.734833+00:00
[2022-03-22 12:29:33,743] {processor.py:171} INFO - Processing /Users/adebolafagbule/opt/anaconda3/envs/airflow_env/lib/python3.8/site-packages/airflow/example_dags/example_latest_only.py took 0.092 seconds
[2022-03-22 13:48:32,821] {processor.py:163} INFO - Started process (PID=62942) to work on /Users/adebolafagbule/opt/anaconda3/envs/airflow_env/lib/python3.8/site-packages/airflow/example_dags/example_latest_only.py
[2022-03-22 13:48:32,825] {processor.py:642} INFO - Processing file /Users/adebolafagbule/opt/anaconda3/envs/airflow_env/lib/python3.8/site-packages/airflow/example_dags/example_latest_only.py for tasks to queue
[2022-03-22 13:48:32,827] {logging_mixin.py:109} INFO - [2022-03-22 13:48:32,827] {dagbag.py:500} INFO - Filling up the DagBag from /Users/adebolafagbule/opt/anaconda3/envs/airflow_env/lib/python3.8/site-packages/airflow/example_dags/example_latest_only.py
[2022-03-22 13:48:32,898] {processor.py:654} INFO - DAG(s) dict_keys(['latest_only']) retrieved from /Users/adebolafagbule/opt/anaconda3/envs/airflow_env/lib/python3.8/site-packages/airflow/example_dags/example_latest_only.py
[2022-03-22 13:48:32,940] {logging_mixin.py:109} INFO - [2022-03-22 13:48:32,940] {dag.py:2398} INFO - Sync 1 DAGs
[2022-03-22 13:48:32,959] {logging_mixin.py:109} INFO - [2022-03-22 13:48:32,959] {dag.py:2937} INFO - Setting next_dagrun for latest_only to 2022-03-22T13:48:32.959256+00:00
[2022-03-22 13:48:32,971] {processor.py:171} INFO - Processing /Users/adebolafagbule/opt/anaconda3/envs/airflow_env/lib/python3.8/site-packages/airflow/example_dags/example_latest_only.py took 0.169 seconds
[2022-03-22 14:58:33,477] {processor.py:163} INFO - Started process (PID=63128) to work on /Users/adebolafagbule/opt/anaconda3/envs/airflow_env/lib/python3.8/site-packages/airflow/example_dags/example_latest_only.py
[2022-03-22 14:58:33,479] {processor.py:642} INFO - Processing file /Users/adebolafagbule/opt/anaconda3/envs/airflow_env/lib/python3.8/site-packages/airflow/example_dags/example_latest_only.py for tasks to queue
[2022-03-22 14:58:33,480] {logging_mixin.py:109} INFO - [2022-03-22 14:58:33,480] {dagbag.py:500} INFO - Filling up the DagBag from /Users/adebolafagbule/opt/anaconda3/envs/airflow_env/lib/python3.8/site-packages/airflow/example_dags/example_latest_only.py
[2022-03-22 14:58:33,512] {processor.py:654} INFO - DAG(s) dict_keys(['latest_only']) retrieved from /Users/adebolafagbule/opt/anaconda3/envs/airflow_env/lib/python3.8/site-packages/airflow/example_dags/example_latest_only.py
[2022-03-22 14:58:33,525] {logging_mixin.py:109} INFO - [2022-03-22 14:58:33,525] {dag.py:2398} INFO - Sync 1 DAGs
[2022-03-22 14:58:33,533] {logging_mixin.py:109} INFO - [2022-03-22 14:58:33,533] {dag.py:2937} INFO - Setting next_dagrun for latest_only to 2022-03-22T14:58:33.533223+00:00
[2022-03-22 14:58:33,539] {processor.py:171} INFO - Processing /Users/adebolafagbule/opt/anaconda3/envs/airflow_env/lib/python3.8/site-packages/airflow/example_dags/example_latest_only.py took 0.062 seconds
[2022-03-22 15:31:44,712] {processor.py:163} INFO - Started process (PID=63261) to work on /Users/adebolafagbule/opt/anaconda3/envs/airflow_env/lib/python3.8/site-packages/airflow/example_dags/example_latest_only.py
[2022-03-22 15:31:44,713] {processor.py:642} INFO - Processing file /Users/adebolafagbule/opt/anaconda3/envs/airflow_env/lib/python3.8/site-packages/airflow/example_dags/example_latest_only.py for tasks to queue
[2022-03-22 15:31:44,714] {logging_mixin.py:109} INFO - [2022-03-22 15:31:44,714] {dagbag.py:500} INFO - Filling up the DagBag from /Users/adebolafagbule/opt/anaconda3/envs/airflow_env/lib/python3.8/site-packages/airflow/example_dags/example_latest_only.py
[2022-03-22 15:31:44,765] {processor.py:654} INFO - DAG(s) dict_keys(['latest_only']) retrieved from /Users/adebolafagbule/opt/anaconda3/envs/airflow_env/lib/python3.8/site-packages/airflow/example_dags/example_latest_only.py
[2022-03-22 15:31:44,789] {logging_mixin.py:109} INFO - [2022-03-22 15:31:44,789] {dag.py:2398} INFO - Sync 1 DAGs
[2022-03-22 15:31:44,804] {logging_mixin.py:109} INFO - [2022-03-22 15:31:44,804] {dag.py:2937} INFO - Setting next_dagrun for latest_only to 2022-03-22T15:31:44.804187+00:00
[2022-03-22 15:31:44,814] {processor.py:171} INFO - Processing /Users/adebolafagbule/opt/anaconda3/envs/airflow_env/lib/python3.8/site-packages/airflow/example_dags/example_latest_only.py took 0.102 seconds
[2022-03-22 16:35:50,037] {processor.py:163} INFO - Started process (PID=63404) to work on /Users/adebolafagbule/opt/anaconda3/envs/airflow_env/lib/python3.8/site-packages/airflow/example_dags/example_latest_only.py
[2022-03-22 16:35:50,038] {processor.py:642} INFO - Processing file /Users/adebolafagbule/opt/anaconda3/envs/airflow_env/lib/python3.8/site-packages/airflow/example_dags/example_latest_only.py for tasks to queue
[2022-03-22 16:35:50,039] {logging_mixin.py:109} INFO - [2022-03-22 16:35:50,039] {dagbag.py:500} INFO - Filling up the DagBag from /Users/adebolafagbule/opt/anaconda3/envs/airflow_env/lib/python3.8/site-packages/airflow/example_dags/example_latest_only.py
[2022-03-22 16:35:50,106] {processor.py:654} INFO - DAG(s) dict_keys(['latest_only']) retrieved from /Users/adebolafagbule/opt/anaconda3/envs/airflow_env/lib/python3.8/site-packages/airflow/example_dags/example_latest_only.py
[2022-03-22 16:35:50,138] {logging_mixin.py:109} INFO - [2022-03-22 16:35:50,138] {dag.py:2398} INFO - Sync 1 DAGs
[2022-03-22 16:35:50,157] {logging_mixin.py:109} INFO - [2022-03-22 16:35:50,157] {dag.py:2937} INFO - Setting next_dagrun for latest_only to 2022-03-22T16:35:50.157375+00:00
[2022-03-22 16:35:50,171] {processor.py:171} INFO - Processing /Users/adebolafagbule/opt/anaconda3/envs/airflow_env/lib/python3.8/site-packages/airflow/example_dags/example_latest_only.py took 0.135 seconds
[2022-03-22 17:29:57,576] {processor.py:163} INFO - Started process (PID=63480) to work on /Users/adebolafagbule/opt/anaconda3/envs/airflow_env/lib/python3.8/site-packages/airflow/example_dags/example_latest_only.py
[2022-03-22 17:29:57,578] {processor.py:642} INFO - Processing file /Users/adebolafagbule/opt/anaconda3/envs/airflow_env/lib/python3.8/site-packages/airflow/example_dags/example_latest_only.py for tasks to queue
[2022-03-22 17:29:57,578] {logging_mixin.py:109} INFO - [2022-03-22 17:29:57,578] {dagbag.py:500} INFO - Filling up the DagBag from /Users/adebolafagbule/opt/anaconda3/envs/airflow_env/lib/python3.8/site-packages/airflow/example_dags/example_latest_only.py
[2022-03-22 17:29:57,616] {processor.py:654} INFO - DAG(s) dict_keys(['latest_only']) retrieved from /Users/adebolafagbule/opt/anaconda3/envs/airflow_env/lib/python3.8/site-packages/airflow/example_dags/example_latest_only.py
[2022-03-22 17:29:57,633] {logging_mixin.py:109} INFO - [2022-03-22 17:29:57,633] {dag.py:2398} INFO - Sync 1 DAGs
[2022-03-22 17:29:57,644] {logging_mixin.py:109} INFO - [2022-03-22 17:29:57,644] {dag.py:2937} INFO - Setting next_dagrun for latest_only to 2022-03-22T17:29:57.644047+00:00
[2022-03-22 17:29:57,652] {processor.py:171} INFO - Processing /Users/adebolafagbule/opt/anaconda3/envs/airflow_env/lib/python3.8/site-packages/airflow/example_dags/example_latest_only.py took 0.076 seconds
[2022-03-22 17:31:26,232] {processor.py:163} INFO - Started process (PID=63568) to work on /Users/adebolafagbule/opt/anaconda3/envs/airflow_env/lib/python3.8/site-packages/airflow/example_dags/example_latest_only.py
[2022-03-22 17:31:26,233] {processor.py:642} INFO - Processing file /Users/adebolafagbule/opt/anaconda3/envs/airflow_env/lib/python3.8/site-packages/airflow/example_dags/example_latest_only.py for tasks to queue
[2022-03-22 17:31:26,233] {logging_mixin.py:109} INFO - [2022-03-22 17:31:26,233] {dagbag.py:500} INFO - Filling up the DagBag from /Users/adebolafagbule/opt/anaconda3/envs/airflow_env/lib/python3.8/site-packages/airflow/example_dags/example_latest_only.py
[2022-03-22 17:31:26,310] {processor.py:654} INFO - DAG(s) dict_keys(['latest_only']) retrieved from /Users/adebolafagbule/opt/anaconda3/envs/airflow_env/lib/python3.8/site-packages/airflow/example_dags/example_latest_only.py
[2022-03-22 17:31:26,362] {logging_mixin.py:109} INFO - [2022-03-22 17:31:26,362] {dag.py:2398} INFO - Sync 1 DAGs
[2022-03-22 17:31:26,373] {logging_mixin.py:109} INFO - [2022-03-22 17:31:26,373] {dag.py:2937} INFO - Setting next_dagrun for latest_only to 2022-03-22T17:31:26.373008+00:00
[2022-03-22 17:31:26,379] {processor.py:171} INFO - Processing /Users/adebolafagbule/opt/anaconda3/envs/airflow_env/lib/python3.8/site-packages/airflow/example_dags/example_latest_only.py took 0.148 seconds
[2022-03-22 17:32:59,948] {processor.py:163} INFO - Started process (PID=63650) to work on /Users/adebolafagbule/opt/anaconda3/envs/airflow_env/lib/python3.8/site-packages/airflow/example_dags/example_latest_only.py
[2022-03-22 17:32:59,949] {processor.py:642} INFO - Processing file /Users/adebolafagbule/opt/anaconda3/envs/airflow_env/lib/python3.8/site-packages/airflow/example_dags/example_latest_only.py for tasks to queue
[2022-03-22 17:32:59,949] {logging_mixin.py:109} INFO - [2022-03-22 17:32:59,949] {dagbag.py:500} INFO - Filling up the DagBag from /Users/adebolafagbule/opt/anaconda3/envs/airflow_env/lib/python3.8/site-packages/airflow/example_dags/example_latest_only.py
[2022-03-22 17:32:59,981] {processor.py:654} INFO - DAG(s) dict_keys(['latest_only']) retrieved from /Users/adebolafagbule/opt/anaconda3/envs/airflow_env/lib/python3.8/site-packages/airflow/example_dags/example_latest_only.py
[2022-03-22 17:32:59,993] {logging_mixin.py:109} INFO - [2022-03-22 17:32:59,993] {dag.py:2398} INFO - Sync 1 DAGs
[2022-03-22 17:33:00,000] {logging_mixin.py:109} INFO - [2022-03-22 17:33:00,000] {dag.py:2937} INFO - Setting next_dagrun for latest_only to 2022-03-22T17:33:00.000406+00:00
[2022-03-22 17:33:00,006] {processor.py:171} INFO - Processing /Users/adebolafagbule/opt/anaconda3/envs/airflow_env/lib/python3.8/site-packages/airflow/example_dags/example_latest_only.py took 0.059 seconds
[2022-03-22 17:34:13,840] {processor.py:163} INFO - Started process (PID=63724) to work on /Users/adebolafagbule/opt/anaconda3/envs/airflow_env/lib/python3.8/site-packages/airflow/example_dags/example_latest_only.py
[2022-03-22 17:34:13,840] {processor.py:642} INFO - Processing file /Users/adebolafagbule/opt/anaconda3/envs/airflow_env/lib/python3.8/site-packages/airflow/example_dags/example_latest_only.py for tasks to queue
[2022-03-22 17:34:13,840] {logging_mixin.py:109} INFO - [2022-03-22 17:34:13,840] {dagbag.py:500} INFO - Filling up the DagBag from /Users/adebolafagbule/opt/anaconda3/envs/airflow_env/lib/python3.8/site-packages/airflow/example_dags/example_latest_only.py
[2022-03-22 17:34:13,865] {processor.py:654} INFO - DAG(s) dict_keys(['latest_only']) retrieved from /Users/adebolafagbule/opt/anaconda3/envs/airflow_env/lib/python3.8/site-packages/airflow/example_dags/example_latest_only.py
[2022-03-22 17:34:13,878] {logging_mixin.py:109} INFO - [2022-03-22 17:34:13,877] {dag.py:2398} INFO - Sync 1 DAGs
[2022-03-22 17:34:13,885] {logging_mixin.py:109} INFO - [2022-03-22 17:34:13,885] {dag.py:2937} INFO - Setting next_dagrun for latest_only to 2022-03-22T17:34:13.885126+00:00
[2022-03-22 17:34:13,891] {processor.py:171} INFO - Processing /Users/adebolafagbule/opt/anaconda3/envs/airflow_env/lib/python3.8/site-packages/airflow/example_dags/example_latest_only.py took 0.051 seconds
[2022-03-22 17:35:27,224] {processor.py:163} INFO - Started process (PID=63795) to work on /Users/adebolafagbule/opt/anaconda3/envs/airflow_env/lib/python3.8/site-packages/airflow/example_dags/example_latest_only.py
[2022-03-22 17:35:27,224] {processor.py:642} INFO - Processing file /Users/adebolafagbule/opt/anaconda3/envs/airflow_env/lib/python3.8/site-packages/airflow/example_dags/example_latest_only.py for tasks to queue
[2022-03-22 17:35:27,224] {logging_mixin.py:109} INFO - [2022-03-22 17:35:27,224] {dagbag.py:500} INFO - Filling up the DagBag from /Users/adebolafagbule/opt/anaconda3/envs/airflow_env/lib/python3.8/site-packages/airflow/example_dags/example_latest_only.py
[2022-03-22 17:35:27,249] {processor.py:654} INFO - DAG(s) dict_keys(['latest_only']) retrieved from /Users/adebolafagbule/opt/anaconda3/envs/airflow_env/lib/python3.8/site-packages/airflow/example_dags/example_latest_only.py
[2022-03-22 17:35:27,263] {logging_mixin.py:109} INFO - [2022-03-22 17:35:27,263] {dag.py:2398} INFO - Sync 1 DAGs
[2022-03-22 17:35:27,289] {logging_mixin.py:109} INFO - [2022-03-22 17:35:27,289] {dag.py:2937} INFO - Setting next_dagrun for latest_only to 2022-03-22T17:35:27.288904+00:00
[2022-03-22 17:35:27,297] {processor.py:171} INFO - Processing /Users/adebolafagbule/opt/anaconda3/envs/airflow_env/lib/python3.8/site-packages/airflow/example_dags/example_latest_only.py took 0.073 seconds
[2022-03-22 17:36:42,516] {processor.py:163} INFO - Started process (PID=63869) to work on /Users/adebolafagbule/opt/anaconda3/envs/airflow_env/lib/python3.8/site-packages/airflow/example_dags/example_latest_only.py
[2022-03-22 17:36:42,517] {processor.py:642} INFO - Processing file /Users/adebolafagbule/opt/anaconda3/envs/airflow_env/lib/python3.8/site-packages/airflow/example_dags/example_latest_only.py for tasks to queue
[2022-03-22 17:36:42,518] {logging_mixin.py:109} INFO - [2022-03-22 17:36:42,518] {dagbag.py:500} INFO - Filling up the DagBag from /Users/adebolafagbule/opt/anaconda3/envs/airflow_env/lib/python3.8/site-packages/airflow/example_dags/example_latest_only.py
[2022-03-22 17:36:42,558] {processor.py:654} INFO - DAG(s) dict_keys(['latest_only']) retrieved from /Users/adebolafagbule/opt/anaconda3/envs/airflow_env/lib/python3.8/site-packages/airflow/example_dags/example_latest_only.py
[2022-03-22 17:36:42,571] {logging_mixin.py:109} INFO - [2022-03-22 17:36:42,571] {dag.py:2398} INFO - Sync 1 DAGs
[2022-03-22 17:36:42,578] {logging_mixin.py:109} INFO - [2022-03-22 17:36:42,578] {dag.py:2937} INFO - Setting next_dagrun for latest_only to 2022-03-22T17:36:42.578528+00:00
[2022-03-22 17:36:42,584] {processor.py:171} INFO - Processing /Users/adebolafagbule/opt/anaconda3/envs/airflow_env/lib/python3.8/site-packages/airflow/example_dags/example_latest_only.py took 0.069 seconds
[2022-03-22 17:38:00,778] {processor.py:163} INFO - Started process (PID=63942) to work on /Users/adebolafagbule/opt/anaconda3/envs/airflow_env/lib/python3.8/site-packages/airflow/example_dags/example_latest_only.py
[2022-03-22 17:38:00,780] {processor.py:642} INFO - Processing file /Users/adebolafagbule/opt/anaconda3/envs/airflow_env/lib/python3.8/site-packages/airflow/example_dags/example_latest_only.py for tasks to queue
[2022-03-22 17:38:00,781] {logging_mixin.py:109} INFO - [2022-03-22 17:38:00,780] {dagbag.py:500} INFO - Filling up the DagBag from /Users/adebolafagbule/opt/anaconda3/envs/airflow_env/lib/python3.8/site-packages/airflow/example_dags/example_latest_only.py
[2022-03-22 17:38:00,820] {processor.py:654} INFO - DAG(s) dict_keys(['latest_only']) retrieved from /Users/adebolafagbule/opt/anaconda3/envs/airflow_env/lib/python3.8/site-packages/airflow/example_dags/example_latest_only.py
[2022-03-22 17:38:00,833] {logging_mixin.py:109} INFO - [2022-03-22 17:38:00,833] {dag.py:2398} INFO - Sync 1 DAGs
[2022-03-22 17:38:00,840] {logging_mixin.py:109} INFO - [2022-03-22 17:38:00,840] {dag.py:2937} INFO - Setting next_dagrun for latest_only to 2022-03-22T17:38:00.840188+00:00
[2022-03-22 17:38:00,850] {processor.py:171} INFO - Processing /Users/adebolafagbule/opt/anaconda3/envs/airflow_env/lib/python3.8/site-packages/airflow/example_dags/example_latest_only.py took 0.072 seconds
[2022-03-22 17:39:31,163] {processor.py:163} INFO - Started process (PID=64021) to work on /Users/adebolafagbule/opt/anaconda3/envs/airflow_env/lib/python3.8/site-packages/airflow/example_dags/example_latest_only.py
[2022-03-22 17:39:31,164] {processor.py:642} INFO - Processing file /Users/adebolafagbule/opt/anaconda3/envs/airflow_env/lib/python3.8/site-packages/airflow/example_dags/example_latest_only.py for tasks to queue
[2022-03-22 17:39:31,164] {logging_mixin.py:109} INFO - [2022-03-22 17:39:31,164] {dagbag.py:500} INFO - Filling up the DagBag from /Users/adebolafagbule/opt/anaconda3/envs/airflow_env/lib/python3.8/site-packages/airflow/example_dags/example_latest_only.py
[2022-03-22 17:39:31,200] {processor.py:654} INFO - DAG(s) dict_keys(['latest_only']) retrieved from /Users/adebolafagbule/opt/anaconda3/envs/airflow_env/lib/python3.8/site-packages/airflow/example_dags/example_latest_only.py
[2022-03-22 17:39:31,224] {logging_mixin.py:109} INFO - [2022-03-22 17:39:31,223] {dag.py:2398} INFO - Sync 1 DAGs
[2022-03-22 17:39:31,234] {logging_mixin.py:109} INFO - [2022-03-22 17:39:31,233] {dag.py:2937} INFO - Setting next_dagrun for latest_only to 2022-03-22T17:39:31.233783+00:00
[2022-03-22 17:39:31,241] {processor.py:171} INFO - Processing /Users/adebolafagbule/opt/anaconda3/envs/airflow_env/lib/python3.8/site-packages/airflow/example_dags/example_latest_only.py took 0.078 seconds
[2022-03-22 17:40:57,067] {processor.py:163} INFO - Started process (PID=64096) to work on /Users/adebolafagbule/opt/anaconda3/envs/airflow_env/lib/python3.8/site-packages/airflow/example_dags/example_latest_only.py
[2022-03-22 17:40:57,068] {processor.py:642} INFO - Processing file /Users/adebolafagbule/opt/anaconda3/envs/airflow_env/lib/python3.8/site-packages/airflow/example_dags/example_latest_only.py for tasks to queue
[2022-03-22 17:40:57,068] {logging_mixin.py:109} INFO - [2022-03-22 17:40:57,068] {dagbag.py:500} INFO - Filling up the DagBag from /Users/adebolafagbule/opt/anaconda3/envs/airflow_env/lib/python3.8/site-packages/airflow/example_dags/example_latest_only.py
[2022-03-22 17:40:57,103] {processor.py:654} INFO - DAG(s) dict_keys(['latest_only']) retrieved from /Users/adebolafagbule/opt/anaconda3/envs/airflow_env/lib/python3.8/site-packages/airflow/example_dags/example_latest_only.py
[2022-03-22 17:40:57,129] {logging_mixin.py:109} INFO - [2022-03-22 17:40:57,129] {dag.py:2398} INFO - Sync 1 DAGs
[2022-03-22 17:40:57,138] {logging_mixin.py:109} INFO - [2022-03-22 17:40:57,138] {dag.py:2937} INFO - Setting next_dagrun for latest_only to 2022-03-22T17:40:57.138412+00:00
[2022-03-22 17:40:57,145] {processor.py:171} INFO - Processing /Users/adebolafagbule/opt/anaconda3/envs/airflow_env/lib/python3.8/site-packages/airflow/example_dags/example_latest_only.py took 0.078 seconds
[2022-03-22 17:42:34,531] {processor.py:163} INFO - Started process (PID=64179) to work on /Users/adebolafagbule/opt/anaconda3/envs/airflow_env/lib/python3.8/site-packages/airflow/example_dags/example_latest_only.py
[2022-03-22 17:42:34,532] {processor.py:642} INFO - Processing file /Users/adebolafagbule/opt/anaconda3/envs/airflow_env/lib/python3.8/site-packages/airflow/example_dags/example_latest_only.py for tasks to queue
[2022-03-22 17:42:34,533] {logging_mixin.py:109} INFO - [2022-03-22 17:42:34,533] {dagbag.py:500} INFO - Filling up the DagBag from /Users/adebolafagbule/opt/anaconda3/envs/airflow_env/lib/python3.8/site-packages/airflow/example_dags/example_latest_only.py
[2022-03-22 17:42:34,592] {processor.py:654} INFO - DAG(s) dict_keys(['latest_only']) retrieved from /Users/adebolafagbule/opt/anaconda3/envs/airflow_env/lib/python3.8/site-packages/airflow/example_dags/example_latest_only.py
[2022-03-22 17:42:34,609] {logging_mixin.py:109} INFO - [2022-03-22 17:42:34,609] {dag.py:2398} INFO - Sync 1 DAGs
[2022-03-22 17:42:34,629] {logging_mixin.py:109} INFO - [2022-03-22 17:42:34,629] {dag.py:2937} INFO - Setting next_dagrun for latest_only to 2022-03-22T17:42:34.629283+00:00
[2022-03-22 17:42:34,638] {processor.py:171} INFO - Processing /Users/adebolafagbule/opt/anaconda3/envs/airflow_env/lib/python3.8/site-packages/airflow/example_dags/example_latest_only.py took 0.107 seconds
[2022-03-22 17:44:07,387] {processor.py:163} INFO - Started process (PID=64258) to work on /Users/adebolafagbule/opt/anaconda3/envs/airflow_env/lib/python3.8/site-packages/airflow/example_dags/example_latest_only.py
[2022-03-22 17:44:07,388] {processor.py:642} INFO - Processing file /Users/adebolafagbule/opt/anaconda3/envs/airflow_env/lib/python3.8/site-packages/airflow/example_dags/example_latest_only.py for tasks to queue
[2022-03-22 17:44:07,389] {logging_mixin.py:109} INFO - [2022-03-22 17:44:07,389] {dagbag.py:500} INFO - Filling up the DagBag from /Users/adebolafagbule/opt/anaconda3/envs/airflow_env/lib/python3.8/site-packages/airflow/example_dags/example_latest_only.py
[2022-03-22 17:44:07,418] {processor.py:654} INFO - DAG(s) dict_keys(['latest_only']) retrieved from /Users/adebolafagbule/opt/anaconda3/envs/airflow_env/lib/python3.8/site-packages/airflow/example_dags/example_latest_only.py
[2022-03-22 17:44:07,432] {logging_mixin.py:109} INFO - [2022-03-22 17:44:07,432] {dag.py:2398} INFO - Sync 1 DAGs
[2022-03-22 17:44:07,441] {logging_mixin.py:109} INFO - [2022-03-22 17:44:07,440] {dag.py:2937} INFO - Setting next_dagrun for latest_only to 2022-03-22T17:44:07.440850+00:00
[2022-03-22 17:44:07,446] {processor.py:171} INFO - Processing /Users/adebolafagbule/opt/anaconda3/envs/airflow_env/lib/python3.8/site-packages/airflow/example_dags/example_latest_only.py took 0.060 seconds
[2022-03-22 17:45:39,993] {processor.py:163} INFO - Started process (PID=64335) to work on /Users/adebolafagbule/opt/anaconda3/envs/airflow_env/lib/python3.8/site-packages/airflow/example_dags/example_latest_only.py
[2022-03-22 17:45:39,994] {processor.py:642} INFO - Processing file /Users/adebolafagbule/opt/anaconda3/envs/airflow_env/lib/python3.8/site-packages/airflow/example_dags/example_latest_only.py for tasks to queue
[2022-03-22 17:45:39,994] {logging_mixin.py:109} INFO - [2022-03-22 17:45:39,994] {dagbag.py:500} INFO - Filling up the DagBag from /Users/adebolafagbule/opt/anaconda3/envs/airflow_env/lib/python3.8/site-packages/airflow/example_dags/example_latest_only.py
[2022-03-22 17:45:40,029] {processor.py:654} INFO - DAG(s) dict_keys(['latest_only']) retrieved from /Users/adebolafagbule/opt/anaconda3/envs/airflow_env/lib/python3.8/site-packages/airflow/example_dags/example_latest_only.py
[2022-03-22 17:45:40,044] {logging_mixin.py:109} INFO - [2022-03-22 17:45:40,044] {dag.py:2398} INFO - Sync 1 DAGs
[2022-03-22 17:45:40,052] {logging_mixin.py:109} INFO - [2022-03-22 17:45:40,052] {dag.py:2937} INFO - Setting next_dagrun for latest_only to 2022-03-22T17:45:40.052556+00:00
[2022-03-22 17:45:40,059] {processor.py:171} INFO - Processing /Users/adebolafagbule/opt/anaconda3/envs/airflow_env/lib/python3.8/site-packages/airflow/example_dags/example_latest_only.py took 0.066 seconds
[2022-03-22 17:47:10,796] {processor.py:163} INFO - Started process (PID=64422) to work on /Users/adebolafagbule/opt/anaconda3/envs/airflow_env/lib/python3.8/site-packages/airflow/example_dags/example_latest_only.py
[2022-03-22 17:47:10,797] {processor.py:642} INFO - Processing file /Users/adebolafagbule/opt/anaconda3/envs/airflow_env/lib/python3.8/site-packages/airflow/example_dags/example_latest_only.py for tasks to queue
[2022-03-22 17:47:10,798] {logging_mixin.py:109} INFO - [2022-03-22 17:47:10,798] {dagbag.py:500} INFO - Filling up the DagBag from /Users/adebolafagbule/opt/anaconda3/envs/airflow_env/lib/python3.8/site-packages/airflow/example_dags/example_latest_only.py
[2022-03-22 17:47:10,845] {processor.py:654} INFO - DAG(s) dict_keys(['latest_only']) retrieved from /Users/adebolafagbule/opt/anaconda3/envs/airflow_env/lib/python3.8/site-packages/airflow/example_dags/example_latest_only.py
[2022-03-22 17:47:10,863] {logging_mixin.py:109} INFO - [2022-03-22 17:47:10,863] {dag.py:2398} INFO - Sync 1 DAGs
[2022-03-22 17:47:10,872] {logging_mixin.py:109} INFO - [2022-03-22 17:47:10,872] {dag.py:2937} INFO - Setting next_dagrun for latest_only to 2022-03-22T17:47:10.872701+00:00
[2022-03-22 17:47:10,879] {processor.py:171} INFO - Processing /Users/adebolafagbule/opt/anaconda3/envs/airflow_env/lib/python3.8/site-packages/airflow/example_dags/example_latest_only.py took 0.084 seconds
[2022-03-22 17:48:36,268] {processor.py:163} INFO - Started process (PID=64499) to work on /Users/adebolafagbule/opt/anaconda3/envs/airflow_env/lib/python3.8/site-packages/airflow/example_dags/example_latest_only.py
[2022-03-22 17:48:36,268] {processor.py:642} INFO - Processing file /Users/adebolafagbule/opt/anaconda3/envs/airflow_env/lib/python3.8/site-packages/airflow/example_dags/example_latest_only.py for tasks to queue
[2022-03-22 17:48:36,269] {logging_mixin.py:109} INFO - [2022-03-22 17:48:36,269] {dagbag.py:500} INFO - Filling up the DagBag from /Users/adebolafagbule/opt/anaconda3/envs/airflow_env/lib/python3.8/site-packages/airflow/example_dags/example_latest_only.py
[2022-03-22 17:48:36,301] {processor.py:654} INFO - DAG(s) dict_keys(['latest_only']) retrieved from /Users/adebolafagbule/opt/anaconda3/envs/airflow_env/lib/python3.8/site-packages/airflow/example_dags/example_latest_only.py
[2022-03-22 17:48:36,315] {logging_mixin.py:109} INFO - [2022-03-22 17:48:36,315] {dag.py:2398} INFO - Sync 1 DAGs
[2022-03-22 17:48:36,324] {logging_mixin.py:109} INFO - [2022-03-22 17:48:36,324] {dag.py:2937} INFO - Setting next_dagrun for latest_only to 2022-03-22T17:48:36.324102+00:00
[2022-03-22 17:48:36,333] {processor.py:171} INFO - Processing /Users/adebolafagbule/opt/anaconda3/envs/airflow_env/lib/python3.8/site-packages/airflow/example_dags/example_latest_only.py took 0.065 seconds
[2022-03-22 17:49:58,672] {processor.py:163} INFO - Started process (PID=64578) to work on /Users/adebolafagbule/opt/anaconda3/envs/airflow_env/lib/python3.8/site-packages/airflow/example_dags/example_latest_only.py
[2022-03-22 17:49:58,674] {processor.py:642} INFO - Processing file /Users/adebolafagbule/opt/anaconda3/envs/airflow_env/lib/python3.8/site-packages/airflow/example_dags/example_latest_only.py for tasks to queue
[2022-03-22 17:49:58,675] {logging_mixin.py:109} INFO - [2022-03-22 17:49:58,674] {dagbag.py:500} INFO - Filling up the DagBag from /Users/adebolafagbule/opt/anaconda3/envs/airflow_env/lib/python3.8/site-packages/airflow/example_dags/example_latest_only.py
[2022-03-22 17:49:58,725] {processor.py:654} INFO - DAG(s) dict_keys(['latest_only']) retrieved from /Users/adebolafagbule/opt/anaconda3/envs/airflow_env/lib/python3.8/site-packages/airflow/example_dags/example_latest_only.py
[2022-03-22 17:49:58,740] {logging_mixin.py:109} INFO - [2022-03-22 17:49:58,740] {dag.py:2398} INFO - Sync 1 DAGs
[2022-03-22 17:49:58,787] {logging_mixin.py:109} INFO - [2022-03-22 17:49:58,787] {dag.py:2937} INFO - Setting next_dagrun for latest_only to 2022-03-22T17:49:58.786819+00:00
[2022-03-22 17:49:58,796] {processor.py:171} INFO - Processing /Users/adebolafagbule/opt/anaconda3/envs/airflow_env/lib/python3.8/site-packages/airflow/example_dags/example_latest_only.py took 0.124 seconds
[2022-03-22 17:51:30,844] {processor.py:163} INFO - Started process (PID=64657) to work on /Users/adebolafagbule/opt/anaconda3/envs/airflow_env/lib/python3.8/site-packages/airflow/example_dags/example_latest_only.py
[2022-03-22 17:51:30,845] {processor.py:642} INFO - Processing file /Users/adebolafagbule/opt/anaconda3/envs/airflow_env/lib/python3.8/site-packages/airflow/example_dags/example_latest_only.py for tasks to queue
[2022-03-22 17:51:30,846] {logging_mixin.py:109} INFO - [2022-03-22 17:51:30,846] {dagbag.py:500} INFO - Filling up the DagBag from /Users/adebolafagbule/opt/anaconda3/envs/airflow_env/lib/python3.8/site-packages/airflow/example_dags/example_latest_only.py
[2022-03-22 17:51:30,886] {processor.py:654} INFO - DAG(s) dict_keys(['latest_only']) retrieved from /Users/adebolafagbule/opt/anaconda3/envs/airflow_env/lib/python3.8/site-packages/airflow/example_dags/example_latest_only.py
[2022-03-22 17:51:30,900] {logging_mixin.py:109} INFO - [2022-03-22 17:51:30,900] {dag.py:2398} INFO - Sync 1 DAGs
[2022-03-22 17:51:30,908] {logging_mixin.py:109} INFO - [2022-03-22 17:51:30,908] {dag.py:2937} INFO - Setting next_dagrun for latest_only to 2022-03-22T17:51:30.908196+00:00
[2022-03-22 17:51:30,915] {processor.py:171} INFO - Processing /Users/adebolafagbule/opt/anaconda3/envs/airflow_env/lib/python3.8/site-packages/airflow/example_dags/example_latest_only.py took 0.072 seconds
[2022-03-22 17:53:06,193] {processor.py:163} INFO - Started process (PID=64736) to work on /Users/adebolafagbule/opt/anaconda3/envs/airflow_env/lib/python3.8/site-packages/airflow/example_dags/example_latest_only.py
[2022-03-22 17:53:06,194] {processor.py:642} INFO - Processing file /Users/adebolafagbule/opt/anaconda3/envs/airflow_env/lib/python3.8/site-packages/airflow/example_dags/example_latest_only.py for tasks to queue
[2022-03-22 17:53:06,195] {logging_mixin.py:109} INFO - [2022-03-22 17:53:06,195] {dagbag.py:500} INFO - Filling up the DagBag from /Users/adebolafagbule/opt/anaconda3/envs/airflow_env/lib/python3.8/site-packages/airflow/example_dags/example_latest_only.py
[2022-03-22 17:53:06,228] {processor.py:654} INFO - DAG(s) dict_keys(['latest_only']) retrieved from /Users/adebolafagbule/opt/anaconda3/envs/airflow_env/lib/python3.8/site-packages/airflow/example_dags/example_latest_only.py
[2022-03-22 17:53:06,242] {logging_mixin.py:109} INFO - [2022-03-22 17:53:06,242] {dag.py:2398} INFO - Sync 1 DAGs
[2022-03-22 17:53:06,251] {logging_mixin.py:109} INFO - [2022-03-22 17:53:06,251] {dag.py:2937} INFO - Setting next_dagrun for latest_only to 2022-03-22T17:53:06.251359+00:00
[2022-03-22 17:53:06,258] {processor.py:171} INFO - Processing /Users/adebolafagbule/opt/anaconda3/envs/airflow_env/lib/python3.8/site-packages/airflow/example_dags/example_latest_only.py took 0.065 seconds
[2022-03-22 17:54:55,267] {processor.py:163} INFO - Started process (PID=64816) to work on /Users/adebolafagbule/opt/anaconda3/envs/airflow_env/lib/python3.8/site-packages/airflow/example_dags/example_latest_only.py
[2022-03-22 17:54:55,269] {processor.py:642} INFO - Processing file /Users/adebolafagbule/opt/anaconda3/envs/airflow_env/lib/python3.8/site-packages/airflow/example_dags/example_latest_only.py for tasks to queue
[2022-03-22 17:54:55,270] {logging_mixin.py:109} INFO - [2022-03-22 17:54:55,270] {dagbag.py:500} INFO - Filling up the DagBag from /Users/adebolafagbule/opt/anaconda3/envs/airflow_env/lib/python3.8/site-packages/airflow/example_dags/example_latest_only.py
[2022-03-22 17:54:55,314] {processor.py:654} INFO - DAG(s) dict_keys(['latest_only']) retrieved from /Users/adebolafagbule/opt/anaconda3/envs/airflow_env/lib/python3.8/site-packages/airflow/example_dags/example_latest_only.py
[2022-03-22 17:54:55,377] {logging_mixin.py:109} INFO - [2022-03-22 17:54:55,377] {dag.py:2398} INFO - Sync 1 DAGs
[2022-03-22 17:54:55,388] {logging_mixin.py:109} INFO - [2022-03-22 17:54:55,388] {dag.py:2937} INFO - Setting next_dagrun for latest_only to 2022-03-22T17:54:55.388200+00:00
[2022-03-22 17:54:55,396] {processor.py:171} INFO - Processing /Users/adebolafagbule/opt/anaconda3/envs/airflow_env/lib/python3.8/site-packages/airflow/example_dags/example_latest_only.py took 0.156 seconds
[2022-03-22 17:57:29,939] {processor.py:163} INFO - Started process (PID=64915) to work on /Users/adebolafagbule/opt/anaconda3/envs/airflow_env/lib/python3.8/site-packages/airflow/example_dags/example_latest_only.py
[2022-03-22 17:57:29,940] {processor.py:642} INFO - Processing file /Users/adebolafagbule/opt/anaconda3/envs/airflow_env/lib/python3.8/site-packages/airflow/example_dags/example_latest_only.py for tasks to queue
[2022-03-22 17:57:29,941] {logging_mixin.py:109} INFO - [2022-03-22 17:57:29,941] {dagbag.py:500} INFO - Filling up the DagBag from /Users/adebolafagbule/opt/anaconda3/envs/airflow_env/lib/python3.8/site-packages/airflow/example_dags/example_latest_only.py
[2022-03-22 17:57:30,007] {processor.py:654} INFO - DAG(s) dict_keys(['latest_only']) retrieved from /Users/adebolafagbule/opt/anaconda3/envs/airflow_env/lib/python3.8/site-packages/airflow/example_dags/example_latest_only.py
[2022-03-22 17:57:30,024] {logging_mixin.py:109} INFO - [2022-03-22 17:57:30,024] {dag.py:2398} INFO - Sync 1 DAGs
[2022-03-22 17:57:30,041] {logging_mixin.py:109} INFO - [2022-03-22 17:57:30,041] {dag.py:2937} INFO - Setting next_dagrun for latest_only to 2022-03-22T17:57:30.034281+00:00
[2022-03-22 17:57:30,060] {processor.py:171} INFO - Processing /Users/adebolafagbule/opt/anaconda3/envs/airflow_env/lib/python3.8/site-packages/airflow/example_dags/example_latest_only.py took 0.123 seconds
[2022-03-22 17:59:56,303] {processor.py:163} INFO - Started process (PID=65006) to work on /Users/adebolafagbule/opt/anaconda3/envs/airflow_env/lib/python3.8/site-packages/airflow/example_dags/example_latest_only.py
[2022-03-22 17:59:56,305] {processor.py:642} INFO - Processing file /Users/adebolafagbule/opt/anaconda3/envs/airflow_env/lib/python3.8/site-packages/airflow/example_dags/example_latest_only.py for tasks to queue
[2022-03-22 17:59:56,306] {logging_mixin.py:109} INFO - [2022-03-22 17:59:56,306] {dagbag.py:500} INFO - Filling up the DagBag from /Users/adebolafagbule/opt/anaconda3/envs/airflow_env/lib/python3.8/site-packages/airflow/example_dags/example_latest_only.py
[2022-03-22 17:59:56,355] {processor.py:654} INFO - DAG(s) dict_keys(['latest_only']) retrieved from /Users/adebolafagbule/opt/anaconda3/envs/airflow_env/lib/python3.8/site-packages/airflow/example_dags/example_latest_only.py
[2022-03-22 17:59:56,427] {logging_mixin.py:109} INFO - [2022-03-22 17:59:56,427] {dag.py:2398} INFO - Sync 1 DAGs
[2022-03-22 17:59:56,442] {logging_mixin.py:109} INFO - [2022-03-22 17:59:56,442] {dag.py:2937} INFO - Setting next_dagrun for latest_only to 2022-03-22T17:59:56.441980+00:00
[2022-03-22 17:59:56,448] {processor.py:171} INFO - Processing /Users/adebolafagbule/opt/anaconda3/envs/airflow_env/lib/python3.8/site-packages/airflow/example_dags/example_latest_only.py took 0.148 seconds
[2022-03-22 18:02:21,261] {processor.py:163} INFO - Started process (PID=65100) to work on /Users/adebolafagbule/opt/anaconda3/envs/airflow_env/lib/python3.8/site-packages/airflow/example_dags/example_latest_only.py
[2022-03-22 18:02:21,263] {processor.py:642} INFO - Processing file /Users/adebolafagbule/opt/anaconda3/envs/airflow_env/lib/python3.8/site-packages/airflow/example_dags/example_latest_only.py for tasks to queue
[2022-03-22 18:02:21,263] {logging_mixin.py:109} INFO - [2022-03-22 18:02:21,263] {dagbag.py:500} INFO - Filling up the DagBag from /Users/adebolafagbule/opt/anaconda3/envs/airflow_env/lib/python3.8/site-packages/airflow/example_dags/example_latest_only.py
[2022-03-22 18:02:21,332] {processor.py:654} INFO - DAG(s) dict_keys(['latest_only']) retrieved from /Users/adebolafagbule/opt/anaconda3/envs/airflow_env/lib/python3.8/site-packages/airflow/example_dags/example_latest_only.py
[2022-03-22 18:02:21,352] {logging_mixin.py:109} INFO - [2022-03-22 18:02:21,352] {dag.py:2398} INFO - Sync 1 DAGs
[2022-03-22 18:02:21,361] {logging_mixin.py:109} INFO - [2022-03-22 18:02:21,361] {dag.py:2937} INFO - Setting next_dagrun for latest_only to 2022-03-22T18:02:21.360858+00:00
[2022-03-22 18:02:21,369] {processor.py:171} INFO - Processing /Users/adebolafagbule/opt/anaconda3/envs/airflow_env/lib/python3.8/site-packages/airflow/example_dags/example_latest_only.py took 0.108 seconds
[2022-03-22 18:04:42,329] {processor.py:163} INFO - Started process (PID=65191) to work on /Users/adebolafagbule/opt/anaconda3/envs/airflow_env/lib/python3.8/site-packages/airflow/example_dags/example_latest_only.py
[2022-03-22 18:04:42,331] {processor.py:642} INFO - Processing file /Users/adebolafagbule/opt/anaconda3/envs/airflow_env/lib/python3.8/site-packages/airflow/example_dags/example_latest_only.py for tasks to queue
[2022-03-22 18:04:42,332] {logging_mixin.py:109} INFO - [2022-03-22 18:04:42,332] {dagbag.py:500} INFO - Filling up the DagBag from /Users/adebolafagbule/opt/anaconda3/envs/airflow_env/lib/python3.8/site-packages/airflow/example_dags/example_latest_only.py
[2022-03-22 18:04:42,409] {processor.py:654} INFO - DAG(s) dict_keys(['latest_only']) retrieved from /Users/adebolafagbule/opt/anaconda3/envs/airflow_env/lib/python3.8/site-packages/airflow/example_dags/example_latest_only.py
[2022-03-22 18:04:42,434] {logging_mixin.py:109} INFO - [2022-03-22 18:04:42,434] {dag.py:2398} INFO - Sync 1 DAGs
[2022-03-22 18:04:42,445] {logging_mixin.py:109} INFO - [2022-03-22 18:04:42,444] {dag.py:2937} INFO - Setting next_dagrun for latest_only to 2022-03-22T18:04:42.444536+00:00
[2022-03-22 18:04:42,452] {processor.py:171} INFO - Processing /Users/adebolafagbule/opt/anaconda3/envs/airflow_env/lib/python3.8/site-packages/airflow/example_dags/example_latest_only.py took 0.130 seconds
[2022-03-22 18:06:38,210] {processor.py:163} INFO - Started process (PID=65277) to work on /Users/adebolafagbule/opt/anaconda3/envs/airflow_env/lib/python3.8/site-packages/airflow/example_dags/example_latest_only.py
[2022-03-22 18:06:38,211] {processor.py:642} INFO - Processing file /Users/adebolafagbule/opt/anaconda3/envs/airflow_env/lib/python3.8/site-packages/airflow/example_dags/example_latest_only.py for tasks to queue
[2022-03-22 18:06:38,212] {logging_mixin.py:109} INFO - [2022-03-22 18:06:38,212] {dagbag.py:500} INFO - Filling up the DagBag from /Users/adebolafagbule/opt/anaconda3/envs/airflow_env/lib/python3.8/site-packages/airflow/example_dags/example_latest_only.py
[2022-03-22 18:06:38,246] {processor.py:654} INFO - DAG(s) dict_keys(['latest_only']) retrieved from /Users/adebolafagbule/opt/anaconda3/envs/airflow_env/lib/python3.8/site-packages/airflow/example_dags/example_latest_only.py
[2022-03-22 18:06:38,262] {logging_mixin.py:109} INFO - [2022-03-22 18:06:38,262] {dag.py:2398} INFO - Sync 1 DAGs
[2022-03-22 18:06:38,272] {logging_mixin.py:109} INFO - [2022-03-22 18:06:38,272] {dag.py:2937} INFO - Setting next_dagrun for latest_only to 2022-03-22T18:06:38.272037+00:00
[2022-03-22 18:06:38,279] {processor.py:171} INFO - Processing /Users/adebolafagbule/opt/anaconda3/envs/airflow_env/lib/python3.8/site-packages/airflow/example_dags/example_latest_only.py took 0.069 seconds
[2022-03-22 18:08:26,295] {processor.py:163} INFO - Started process (PID=65362) to work on /Users/adebolafagbule/opt/anaconda3/envs/airflow_env/lib/python3.8/site-packages/airflow/example_dags/example_latest_only.py
[2022-03-22 18:08:26,296] {processor.py:642} INFO - Processing file /Users/adebolafagbule/opt/anaconda3/envs/airflow_env/lib/python3.8/site-packages/airflow/example_dags/example_latest_only.py for tasks to queue
[2022-03-22 18:08:26,297] {logging_mixin.py:109} INFO - [2022-03-22 18:08:26,296] {dagbag.py:500} INFO - Filling up the DagBag from /Users/adebolafagbule/opt/anaconda3/envs/airflow_env/lib/python3.8/site-packages/airflow/example_dags/example_latest_only.py
[2022-03-22 18:08:26,329] {processor.py:654} INFO - DAG(s) dict_keys(['latest_only']) retrieved from /Users/adebolafagbule/opt/anaconda3/envs/airflow_env/lib/python3.8/site-packages/airflow/example_dags/example_latest_only.py
[2022-03-22 18:08:26,344] {logging_mixin.py:109} INFO - [2022-03-22 18:08:26,343] {dag.py:2398} INFO - Sync 1 DAGs
[2022-03-22 18:08:26,353] {logging_mixin.py:109} INFO - [2022-03-22 18:08:26,353] {dag.py:2937} INFO - Setting next_dagrun for latest_only to 2022-03-22T18:08:26.353226+00:00
[2022-03-22 18:08:26,362] {processor.py:171} INFO - Processing /Users/adebolafagbule/opt/anaconda3/envs/airflow_env/lib/python3.8/site-packages/airflow/example_dags/example_latest_only.py took 0.068 seconds
[2022-03-22 18:10:20,599] {processor.py:163} INFO - Started process (PID=65447) to work on /Users/adebolafagbule/opt/anaconda3/envs/airflow_env/lib/python3.8/site-packages/airflow/example_dags/example_latest_only.py
[2022-03-22 18:10:20,600] {processor.py:642} INFO - Processing file /Users/adebolafagbule/opt/anaconda3/envs/airflow_env/lib/python3.8/site-packages/airflow/example_dags/example_latest_only.py for tasks to queue
[2022-03-22 18:10:20,601] {logging_mixin.py:109} INFO - [2022-03-22 18:10:20,601] {dagbag.py:500} INFO - Filling up the DagBag from /Users/adebolafagbule/opt/anaconda3/envs/airflow_env/lib/python3.8/site-packages/airflow/example_dags/example_latest_only.py
[2022-03-22 18:10:20,638] {processor.py:654} INFO - DAG(s) dict_keys(['latest_only']) retrieved from /Users/adebolafagbule/opt/anaconda3/envs/airflow_env/lib/python3.8/site-packages/airflow/example_dags/example_latest_only.py
[2022-03-22 18:10:20,684] {logging_mixin.py:109} INFO - [2022-03-22 18:10:20,684] {dag.py:2398} INFO - Sync 1 DAGs
[2022-03-22 18:10:20,695] {logging_mixin.py:109} INFO - [2022-03-22 18:10:20,695] {dag.py:2937} INFO - Setting next_dagrun for latest_only to 2022-03-22T18:10:20.694822+00:00
[2022-03-22 18:10:20,705] {processor.py:171} INFO - Processing /Users/adebolafagbule/opt/anaconda3/envs/airflow_env/lib/python3.8/site-packages/airflow/example_dags/example_latest_only.py took 0.108 seconds
[2022-03-22 18:12:11,352] {processor.py:163} INFO - Started process (PID=65534) to work on /Users/adebolafagbule/opt/anaconda3/envs/airflow_env/lib/python3.8/site-packages/airflow/example_dags/example_latest_only.py
[2022-03-22 18:12:11,354] {processor.py:642} INFO - Processing file /Users/adebolafagbule/opt/anaconda3/envs/airflow_env/lib/python3.8/site-packages/airflow/example_dags/example_latest_only.py for tasks to queue
[2022-03-22 18:12:11,354] {logging_mixin.py:109} INFO - [2022-03-22 18:12:11,354] {dagbag.py:500} INFO - Filling up the DagBag from /Users/adebolafagbule/opt/anaconda3/envs/airflow_env/lib/python3.8/site-packages/airflow/example_dags/example_latest_only.py
[2022-03-22 18:12:11,388] {processor.py:654} INFO - DAG(s) dict_keys(['latest_only']) retrieved from /Users/adebolafagbule/opt/anaconda3/envs/airflow_env/lib/python3.8/site-packages/airflow/example_dags/example_latest_only.py
[2022-03-22 18:12:11,404] {logging_mixin.py:109} INFO - [2022-03-22 18:12:11,404] {dag.py:2398} INFO - Sync 1 DAGs
[2022-03-22 18:12:11,414] {logging_mixin.py:109} INFO - [2022-03-22 18:12:11,414] {dag.py:2937} INFO - Setting next_dagrun for latest_only to 2022-03-22T18:12:11.414090+00:00
[2022-03-22 18:12:11,421] {processor.py:171} INFO - Processing /Users/adebolafagbule/opt/anaconda3/envs/airflow_env/lib/python3.8/site-packages/airflow/example_dags/example_latest_only.py took 0.069 seconds
[2022-03-22 18:13:57,731] {processor.py:163} INFO - Started process (PID=65616) to work on /Users/adebolafagbule/opt/anaconda3/envs/airflow_env/lib/python3.8/site-packages/airflow/example_dags/example_latest_only.py
[2022-03-22 18:13:57,734] {processor.py:642} INFO - Processing file /Users/adebolafagbule/opt/anaconda3/envs/airflow_env/lib/python3.8/site-packages/airflow/example_dags/example_latest_only.py for tasks to queue
[2022-03-22 18:13:57,737] {logging_mixin.py:109} INFO - [2022-03-22 18:13:57,737] {dagbag.py:500} INFO - Filling up the DagBag from /Users/adebolafagbule/opt/anaconda3/envs/airflow_env/lib/python3.8/site-packages/airflow/example_dags/example_latest_only.py
[2022-03-22 18:13:57,779] {processor.py:654} INFO - DAG(s) dict_keys(['latest_only']) retrieved from /Users/adebolafagbule/opt/anaconda3/envs/airflow_env/lib/python3.8/site-packages/airflow/example_dags/example_latest_only.py
[2022-03-22 18:13:57,796] {logging_mixin.py:109} INFO - [2022-03-22 18:13:57,796] {dag.py:2398} INFO - Sync 1 DAGs
[2022-03-22 18:13:57,831] {logging_mixin.py:109} INFO - [2022-03-22 18:13:57,830] {dag.py:2937} INFO - Setting next_dagrun for latest_only to 2022-03-22T18:13:57.830514+00:00
[2022-03-22 18:13:57,840] {processor.py:171} INFO - Processing /Users/adebolafagbule/opt/anaconda3/envs/airflow_env/lib/python3.8/site-packages/airflow/example_dags/example_latest_only.py took 0.130 seconds
[2022-03-22 18:16:02,753] {processor.py:163} INFO - Started process (PID=65716) to work on /Users/adebolafagbule/opt/anaconda3/envs/airflow_env/lib/python3.8/site-packages/airflow/example_dags/example_latest_only.py
[2022-03-22 18:16:02,754] {processor.py:642} INFO - Processing file /Users/adebolafagbule/opt/anaconda3/envs/airflow_env/lib/python3.8/site-packages/airflow/example_dags/example_latest_only.py for tasks to queue
[2022-03-22 18:16:02,754] {logging_mixin.py:109} INFO - [2022-03-22 18:16:02,754] {dagbag.py:500} INFO - Filling up the DagBag from /Users/adebolafagbule/opt/anaconda3/envs/airflow_env/lib/python3.8/site-packages/airflow/example_dags/example_latest_only.py
[2022-03-22 18:16:02,789] {processor.py:654} INFO - DAG(s) dict_keys(['latest_only']) retrieved from /Users/adebolafagbule/opt/anaconda3/envs/airflow_env/lib/python3.8/site-packages/airflow/example_dags/example_latest_only.py
[2022-03-22 18:16:02,806] {logging_mixin.py:109} INFO - [2022-03-22 18:16:02,805] {dag.py:2398} INFO - Sync 1 DAGs
[2022-03-22 18:16:02,815] {logging_mixin.py:109} INFO - [2022-03-22 18:16:02,815] {dag.py:2937} INFO - Setting next_dagrun for latest_only to 2022-03-22T18:16:02.815179+00:00
[2022-03-22 18:16:02,822] {processor.py:171} INFO - Processing /Users/adebolafagbule/opt/anaconda3/envs/airflow_env/lib/python3.8/site-packages/airflow/example_dags/example_latest_only.py took 0.070 seconds
[2022-03-22 18:17:47,377] {processor.py:163} INFO - Started process (PID=65797) to work on /Users/adebolafagbule/opt/anaconda3/envs/airflow_env/lib/python3.8/site-packages/airflow/example_dags/example_latest_only.py
[2022-03-22 18:17:47,378] {processor.py:642} INFO - Processing file /Users/adebolafagbule/opt/anaconda3/envs/airflow_env/lib/python3.8/site-packages/airflow/example_dags/example_latest_only.py for tasks to queue
[2022-03-22 18:17:47,379] {logging_mixin.py:109} INFO - [2022-03-22 18:17:47,379] {dagbag.py:500} INFO - Filling up the DagBag from /Users/adebolafagbule/opt/anaconda3/envs/airflow_env/lib/python3.8/site-packages/airflow/example_dags/example_latest_only.py
[2022-03-22 18:17:47,415] {processor.py:654} INFO - DAG(s) dict_keys(['latest_only']) retrieved from /Users/adebolafagbule/opt/anaconda3/envs/airflow_env/lib/python3.8/site-packages/airflow/example_dags/example_latest_only.py
[2022-03-22 18:17:47,430] {logging_mixin.py:109} INFO - [2022-03-22 18:17:47,430] {dag.py:2398} INFO - Sync 1 DAGs
[2022-03-22 18:17:47,450] {logging_mixin.py:109} INFO - [2022-03-22 18:17:47,450] {dag.py:2937} INFO - Setting next_dagrun for latest_only to 2022-03-22T18:17:47.450379+00:00
[2022-03-22 18:17:47,457] {processor.py:171} INFO - Processing /Users/adebolafagbule/opt/anaconda3/envs/airflow_env/lib/python3.8/site-packages/airflow/example_dags/example_latest_only.py took 0.081 seconds
[2022-03-22 18:19:24,714] {processor.py:163} INFO - Started process (PID=65876) to work on /Users/adebolafagbule/opt/anaconda3/envs/airflow_env/lib/python3.8/site-packages/airflow/example_dags/example_latest_only.py
[2022-03-22 18:19:24,716] {processor.py:642} INFO - Processing file /Users/adebolafagbule/opt/anaconda3/envs/airflow_env/lib/python3.8/site-packages/airflow/example_dags/example_latest_only.py for tasks to queue
[2022-03-22 18:19:24,716] {logging_mixin.py:109} INFO - [2022-03-22 18:19:24,716] {dagbag.py:500} INFO - Filling up the DagBag from /Users/adebolafagbule/opt/anaconda3/envs/airflow_env/lib/python3.8/site-packages/airflow/example_dags/example_latest_only.py
[2022-03-22 18:19:24,747] {processor.py:654} INFO - DAG(s) dict_keys(['latest_only']) retrieved from /Users/adebolafagbule/opt/anaconda3/envs/airflow_env/lib/python3.8/site-packages/airflow/example_dags/example_latest_only.py
[2022-03-22 18:19:24,762] {logging_mixin.py:109} INFO - [2022-03-22 18:19:24,762] {dag.py:2398} INFO - Sync 1 DAGs
[2022-03-22 18:19:24,771] {logging_mixin.py:109} INFO - [2022-03-22 18:19:24,771] {dag.py:2937} INFO - Setting next_dagrun for latest_only to 2022-03-22T18:19:24.771090+00:00
[2022-03-22 18:19:24,781] {processor.py:171} INFO - Processing /Users/adebolafagbule/opt/anaconda3/envs/airflow_env/lib/python3.8/site-packages/airflow/example_dags/example_latest_only.py took 0.067 seconds
[2022-03-22 18:20:59,530] {processor.py:163} INFO - Started process (PID=65956) to work on /Users/adebolafagbule/opt/anaconda3/envs/airflow_env/lib/python3.8/site-packages/airflow/example_dags/example_latest_only.py
[2022-03-22 18:20:59,532] {processor.py:642} INFO - Processing file /Users/adebolafagbule/opt/anaconda3/envs/airflow_env/lib/python3.8/site-packages/airflow/example_dags/example_latest_only.py for tasks to queue
[2022-03-22 18:20:59,533] {logging_mixin.py:109} INFO - [2022-03-22 18:20:59,532] {dagbag.py:500} INFO - Filling up the DagBag from /Users/adebolafagbule/opt/anaconda3/envs/airflow_env/lib/python3.8/site-packages/airflow/example_dags/example_latest_only.py
[2022-03-22 18:20:59,573] {processor.py:654} INFO - DAG(s) dict_keys(['latest_only']) retrieved from /Users/adebolafagbule/opt/anaconda3/envs/airflow_env/lib/python3.8/site-packages/airflow/example_dags/example_latest_only.py
[2022-03-22 18:20:59,588] {logging_mixin.py:109} INFO - [2022-03-22 18:20:59,587] {dag.py:2398} INFO - Sync 1 DAGs
[2022-03-22 18:20:59,596] {logging_mixin.py:109} INFO - [2022-03-22 18:20:59,596] {dag.py:2937} INFO - Setting next_dagrun for latest_only to 2022-03-22T18:20:59.596722+00:00
[2022-03-22 18:20:59,603] {processor.py:171} INFO - Processing /Users/adebolafagbule/opt/anaconda3/envs/airflow_env/lib/python3.8/site-packages/airflow/example_dags/example_latest_only.py took 0.073 seconds
[2022-03-22 18:22:26,035] {processor.py:163} INFO - Started process (PID=66033) to work on /Users/adebolafagbule/opt/anaconda3/envs/airflow_env/lib/python3.8/site-packages/airflow/example_dags/example_latest_only.py
[2022-03-22 18:22:26,037] {processor.py:642} INFO - Processing file /Users/adebolafagbule/opt/anaconda3/envs/airflow_env/lib/python3.8/site-packages/airflow/example_dags/example_latest_only.py for tasks to queue
[2022-03-22 18:22:26,037] {logging_mixin.py:109} INFO - [2022-03-22 18:22:26,037] {dagbag.py:500} INFO - Filling up the DagBag from /Users/adebolafagbule/opt/anaconda3/envs/airflow_env/lib/python3.8/site-packages/airflow/example_dags/example_latest_only.py
[2022-03-22 18:22:26,077] {processor.py:654} INFO - DAG(s) dict_keys(['latest_only']) retrieved from /Users/adebolafagbule/opt/anaconda3/envs/airflow_env/lib/python3.8/site-packages/airflow/example_dags/example_latest_only.py
[2022-03-22 18:22:26,092] {logging_mixin.py:109} INFO - [2022-03-22 18:22:26,092] {dag.py:2398} INFO - Sync 1 DAGs
[2022-03-22 18:22:26,101] {logging_mixin.py:109} INFO - [2022-03-22 18:22:26,101] {dag.py:2937} INFO - Setting next_dagrun for latest_only to 2022-03-22T18:22:26.101080+00:00
[2022-03-22 18:22:26,108] {processor.py:171} INFO - Processing /Users/adebolafagbule/opt/anaconda3/envs/airflow_env/lib/python3.8/site-packages/airflow/example_dags/example_latest_only.py took 0.073 seconds
[2022-03-22 18:23:55,457] {processor.py:163} INFO - Started process (PID=66111) to work on /Users/adebolafagbule/opt/anaconda3/envs/airflow_env/lib/python3.8/site-packages/airflow/example_dags/example_latest_only.py
[2022-03-22 18:23:55,458] {processor.py:642} INFO - Processing file /Users/adebolafagbule/opt/anaconda3/envs/airflow_env/lib/python3.8/site-packages/airflow/example_dags/example_latest_only.py for tasks to queue
[2022-03-22 18:23:55,459] {logging_mixin.py:109} INFO - [2022-03-22 18:23:55,459] {dagbag.py:500} INFO - Filling up the DagBag from /Users/adebolafagbule/opt/anaconda3/envs/airflow_env/lib/python3.8/site-packages/airflow/example_dags/example_latest_only.py
[2022-03-22 18:23:55,489] {processor.py:654} INFO - DAG(s) dict_keys(['latest_only']) retrieved from /Users/adebolafagbule/opt/anaconda3/envs/airflow_env/lib/python3.8/site-packages/airflow/example_dags/example_latest_only.py
[2022-03-22 18:23:55,503] {logging_mixin.py:109} INFO - [2022-03-22 18:23:55,503] {dag.py:2398} INFO - Sync 1 DAGs
[2022-03-22 18:23:55,512] {logging_mixin.py:109} INFO - [2022-03-22 18:23:55,512] {dag.py:2937} INFO - Setting next_dagrun for latest_only to 2022-03-22T18:23:55.512333+00:00
[2022-03-22 18:23:55,519] {processor.py:171} INFO - Processing /Users/adebolafagbule/opt/anaconda3/envs/airflow_env/lib/python3.8/site-packages/airflow/example_dags/example_latest_only.py took 0.062 seconds
[2022-03-22 18:25:25,361] {processor.py:163} INFO - Started process (PID=66188) to work on /Users/adebolafagbule/opt/anaconda3/envs/airflow_env/lib/python3.8/site-packages/airflow/example_dags/example_latest_only.py
[2022-03-22 18:25:25,362] {processor.py:642} INFO - Processing file /Users/adebolafagbule/opt/anaconda3/envs/airflow_env/lib/python3.8/site-packages/airflow/example_dags/example_latest_only.py for tasks to queue
[2022-03-22 18:25:25,363] {logging_mixin.py:109} INFO - [2022-03-22 18:25:25,363] {dagbag.py:500} INFO - Filling up the DagBag from /Users/adebolafagbule/opt/anaconda3/envs/airflow_env/lib/python3.8/site-packages/airflow/example_dags/example_latest_only.py
[2022-03-22 18:25:25,396] {processor.py:654} INFO - DAG(s) dict_keys(['latest_only']) retrieved from /Users/adebolafagbule/opt/anaconda3/envs/airflow_env/lib/python3.8/site-packages/airflow/example_dags/example_latest_only.py
[2022-03-22 18:25:25,411] {logging_mixin.py:109} INFO - [2022-03-22 18:25:25,411] {dag.py:2398} INFO - Sync 1 DAGs
[2022-03-22 18:25:25,421] {logging_mixin.py:109} INFO - [2022-03-22 18:25:25,420] {dag.py:2937} INFO - Setting next_dagrun for latest_only to 2022-03-22T18:25:25.420809+00:00
[2022-03-22 18:25:25,427] {processor.py:171} INFO - Processing /Users/adebolafagbule/opt/anaconda3/envs/airflow_env/lib/python3.8/site-packages/airflow/example_dags/example_latest_only.py took 0.066 seconds
[2022-03-22 18:27:09,547] {processor.py:163} INFO - Started process (PID=66273) to work on /Users/adebolafagbule/opt/anaconda3/envs/airflow_env/lib/python3.8/site-packages/airflow/example_dags/example_latest_only.py
[2022-03-22 18:27:09,548] {processor.py:642} INFO - Processing file /Users/adebolafagbule/opt/anaconda3/envs/airflow_env/lib/python3.8/site-packages/airflow/example_dags/example_latest_only.py for tasks to queue
[2022-03-22 18:27:09,548] {logging_mixin.py:109} INFO - [2022-03-22 18:27:09,548] {dagbag.py:500} INFO - Filling up the DagBag from /Users/adebolafagbule/opt/anaconda3/envs/airflow_env/lib/python3.8/site-packages/airflow/example_dags/example_latest_only.py
[2022-03-22 18:27:09,589] {processor.py:654} INFO - DAG(s) dict_keys(['latest_only']) retrieved from /Users/adebolafagbule/opt/anaconda3/envs/airflow_env/lib/python3.8/site-packages/airflow/example_dags/example_latest_only.py
[2022-03-22 18:27:09,603] {logging_mixin.py:109} INFO - [2022-03-22 18:27:09,603] {dag.py:2398} INFO - Sync 1 DAGs
[2022-03-22 18:27:09,611] {logging_mixin.py:109} INFO - [2022-03-22 18:27:09,611] {dag.py:2937} INFO - Setting next_dagrun for latest_only to 2022-03-22T18:27:09.611595+00:00
[2022-03-22 18:27:09,620] {processor.py:171} INFO - Processing /Users/adebolafagbule/opt/anaconda3/envs/airflow_env/lib/python3.8/site-packages/airflow/example_dags/example_latest_only.py took 0.073 seconds
[2022-03-22 19:21:32,683] {processor.py:163} INFO - Started process (PID=66363) to work on /Users/adebolafagbule/opt/anaconda3/envs/airflow_env/lib/python3.8/site-packages/airflow/example_dags/example_latest_only.py
[2022-03-22 19:21:32,684] {processor.py:642} INFO - Processing file /Users/adebolafagbule/opt/anaconda3/envs/airflow_env/lib/python3.8/site-packages/airflow/example_dags/example_latest_only.py for tasks to queue
[2022-03-22 19:21:32,685] {logging_mixin.py:109} INFO - [2022-03-22 19:21:32,685] {dagbag.py:500} INFO - Filling up the DagBag from /Users/adebolafagbule/opt/anaconda3/envs/airflow_env/lib/python3.8/site-packages/airflow/example_dags/example_latest_only.py
[2022-03-22 19:21:32,722] {processor.py:654} INFO - DAG(s) dict_keys(['latest_only']) retrieved from /Users/adebolafagbule/opt/anaconda3/envs/airflow_env/lib/python3.8/site-packages/airflow/example_dags/example_latest_only.py
[2022-03-22 19:21:32,735] {logging_mixin.py:109} INFO - [2022-03-22 19:21:32,735] {dag.py:2398} INFO - Sync 1 DAGs
[2022-03-22 19:21:32,742] {logging_mixin.py:109} INFO - [2022-03-22 19:21:32,742] {dag.py:2937} INFO - Setting next_dagrun for latest_only to 2022-03-22T19:21:32.742773+00:00
[2022-03-22 19:21:32,749] {processor.py:171} INFO - Processing /Users/adebolafagbule/opt/anaconda3/envs/airflow_env/lib/python3.8/site-packages/airflow/example_dags/example_latest_only.py took 0.066 seconds
