[2022-03-22 00:35:16,453] {processor.py:163} INFO - Started process (PID=61256) to work on /Users/adebolafagbule/opt/anaconda3/envs/airflow_env/lib/python3.8/site-packages/airflow/example_dags/example_branch_day_of_week_operator.py
[2022-03-22 00:35:16,454] {processor.py:642} INFO - Processing file /Users/adebolafagbule/opt/anaconda3/envs/airflow_env/lib/python3.8/site-packages/airflow/example_dags/example_branch_day_of_week_operator.py for tasks to queue
[2022-03-22 00:35:16,454] {logging_mixin.py:109} INFO - [2022-03-22 00:35:16,454] {dagbag.py:500} INFO - Filling up the DagBag from /Users/adebolafagbule/opt/anaconda3/envs/airflow_env/lib/python3.8/site-packages/airflow/example_dags/example_branch_day_of_week_operator.py
[2022-03-22 00:35:16,527] {processor.py:654} INFO - DAG(s) dict_keys(['example_weekday_branch_operator']) retrieved from /Users/adebolafagbule/opt/anaconda3/envs/airflow_env/lib/python3.8/site-packages/airflow/example_dags/example_branch_day_of_week_operator.py
[2022-03-22 00:35:16,559] {logging_mixin.py:109} INFO - [2022-03-22 00:35:16,559] {dag.py:2398} INFO - Sync 1 DAGs
[2022-03-22 00:35:16,581] {logging_mixin.py:109} INFO - [2022-03-22 00:35:16,581] {dag.py:2937} INFO - Setting next_dagrun for example_weekday_branch_operator to 2022-03-21 00:00:00+00:00
[2022-03-22 00:35:16,594] {processor.py:171} INFO - Processing /Users/adebolafagbule/opt/anaconda3/envs/airflow_env/lib/python3.8/site-packages/airflow/example_dags/example_branch_day_of_week_operator.py took 0.142 seconds
[2022-03-22 05:51:57,992] {processor.py:163} INFO - Started process (PID=61452) to work on /Users/adebolafagbule/opt/anaconda3/envs/airflow_env/lib/python3.8/site-packages/airflow/example_dags/example_branch_day_of_week_operator.py
[2022-03-22 05:51:57,993] {processor.py:642} INFO - Processing file /Users/adebolafagbule/opt/anaconda3/envs/airflow_env/lib/python3.8/site-packages/airflow/example_dags/example_branch_day_of_week_operator.py for tasks to queue
[2022-03-22 05:51:57,994] {logging_mixin.py:109} INFO - [2022-03-22 05:51:57,994] {dagbag.py:500} INFO - Filling up the DagBag from /Users/adebolafagbule/opt/anaconda3/envs/airflow_env/lib/python3.8/site-packages/airflow/example_dags/example_branch_day_of_week_operator.py
[2022-03-22 05:51:58,067] {processor.py:654} INFO - DAG(s) dict_keys(['example_weekday_branch_operator']) retrieved from /Users/adebolafagbule/opt/anaconda3/envs/airflow_env/lib/python3.8/site-packages/airflow/example_dags/example_branch_day_of_week_operator.py
[2022-03-22 05:51:58,100] {logging_mixin.py:109} INFO - [2022-03-22 05:51:58,100] {dag.py:2398} INFO - Sync 1 DAGs
[2022-03-22 05:51:58,125] {logging_mixin.py:109} INFO - [2022-03-22 05:51:58,125] {dag.py:2937} INFO - Setting next_dagrun for example_weekday_branch_operator to 2022-03-21 00:00:00+00:00
[2022-03-22 05:51:58,138] {processor.py:171} INFO - Processing /Users/adebolafagbule/opt/anaconda3/envs/airflow_env/lib/python3.8/site-packages/airflow/example_dags/example_branch_day_of_week_operator.py took 0.147 seconds
[2022-03-22 08:28:36,841] {processor.py:163} INFO - Started process (PID=61658) to work on /Users/adebolafagbule/opt/anaconda3/envs/airflow_env/lib/python3.8/site-packages/airflow/example_dags/example_branch_day_of_week_operator.py
[2022-03-22 08:28:36,843] {processor.py:642} INFO - Processing file /Users/adebolafagbule/opt/anaconda3/envs/airflow_env/lib/python3.8/site-packages/airflow/example_dags/example_branch_day_of_week_operator.py for tasks to queue
[2022-03-22 08:28:36,845] {logging_mixin.py:109} INFO - [2022-03-22 08:28:36,845] {dagbag.py:500} INFO - Filling up the DagBag from /Users/adebolafagbule/opt/anaconda3/envs/airflow_env/lib/python3.8/site-packages/airflow/example_dags/example_branch_day_of_week_operator.py
[2022-03-22 08:28:36,954] {processor.py:654} INFO - DAG(s) dict_keys(['example_weekday_branch_operator']) retrieved from /Users/adebolafagbule/opt/anaconda3/envs/airflow_env/lib/python3.8/site-packages/airflow/example_dags/example_branch_day_of_week_operator.py
[2022-03-22 08:28:37,024] {logging_mixin.py:109} INFO - [2022-03-22 08:28:37,019] {dag.py:2398} INFO - Sync 1 DAGs
[2022-03-22 08:28:37,049] {logging_mixin.py:109} INFO - [2022-03-22 08:28:37,048] {dag.py:2937} INFO - Setting next_dagrun for example_weekday_branch_operator to 2022-03-21 00:00:00+00:00
[2022-03-22 08:28:37,063] {processor.py:171} INFO - Processing /Users/adebolafagbule/opt/anaconda3/envs/airflow_env/lib/python3.8/site-packages/airflow/example_dags/example_branch_day_of_week_operator.py took 0.224 seconds
[2022-03-22 09:16:00,386] {processor.py:163} INFO - Started process (PID=61800) to work on /Users/adebolafagbule/opt/anaconda3/envs/airflow_env/lib/python3.8/site-packages/airflow/example_dags/example_branch_day_of_week_operator.py
[2022-03-22 09:16:00,387] {processor.py:642} INFO - Processing file /Users/adebolafagbule/opt/anaconda3/envs/airflow_env/lib/python3.8/site-packages/airflow/example_dags/example_branch_day_of_week_operator.py for tasks to queue
[2022-03-22 09:16:00,388] {logging_mixin.py:109} INFO - [2022-03-22 09:16:00,388] {dagbag.py:500} INFO - Filling up the DagBag from /Users/adebolafagbule/opt/anaconda3/envs/airflow_env/lib/python3.8/site-packages/airflow/example_dags/example_branch_day_of_week_operator.py
[2022-03-22 09:16:00,460] {processor.py:654} INFO - DAG(s) dict_keys(['example_weekday_branch_operator']) retrieved from /Users/adebolafagbule/opt/anaconda3/envs/airflow_env/lib/python3.8/site-packages/airflow/example_dags/example_branch_day_of_week_operator.py
[2022-03-22 09:16:00,491] {logging_mixin.py:109} INFO - [2022-03-22 09:16:00,491] {dag.py:2398} INFO - Sync 1 DAGs
[2022-03-22 09:16:00,513] {logging_mixin.py:109} INFO - [2022-03-22 09:16:00,513] {dag.py:2937} INFO - Setting next_dagrun for example_weekday_branch_operator to 2022-03-21 00:00:00+00:00
[2022-03-22 09:16:00,526] {processor.py:171} INFO - Processing /Users/adebolafagbule/opt/anaconda3/envs/airflow_env/lib/python3.8/site-packages/airflow/example_dags/example_branch_day_of_week_operator.py took 0.142 seconds
[2022-03-22 09:53:06,165] {processor.py:163} INFO - Started process (PID=61965) to work on /Users/adebolafagbule/opt/anaconda3/envs/airflow_env/lib/python3.8/site-packages/airflow/example_dags/example_branch_day_of_week_operator.py
[2022-03-22 09:53:06,166] {processor.py:642} INFO - Processing file /Users/adebolafagbule/opt/anaconda3/envs/airflow_env/lib/python3.8/site-packages/airflow/example_dags/example_branch_day_of_week_operator.py for tasks to queue
[2022-03-22 09:53:06,166] {logging_mixin.py:109} INFO - [2022-03-22 09:53:06,166] {dagbag.py:500} INFO - Filling up the DagBag from /Users/adebolafagbule/opt/anaconda3/envs/airflow_env/lib/python3.8/site-packages/airflow/example_dags/example_branch_day_of_week_operator.py
[2022-03-22 09:53:06,241] {processor.py:654} INFO - DAG(s) dict_keys(['example_weekday_branch_operator']) retrieved from /Users/adebolafagbule/opt/anaconda3/envs/airflow_env/lib/python3.8/site-packages/airflow/example_dags/example_branch_day_of_week_operator.py
[2022-03-22 09:53:06,274] {logging_mixin.py:109} INFO - [2022-03-22 09:53:06,273] {dag.py:2398} INFO - Sync 1 DAGs
[2022-03-22 09:53:06,298] {logging_mixin.py:109} INFO - [2022-03-22 09:53:06,298] {dag.py:2937} INFO - Setting next_dagrun for example_weekday_branch_operator to 2022-03-21 00:00:00+00:00
[2022-03-22 09:53:06,311] {processor.py:171} INFO - Processing /Users/adebolafagbule/opt/anaconda3/envs/airflow_env/lib/python3.8/site-packages/airflow/example_dags/example_branch_day_of_week_operator.py took 0.148 seconds
[2022-03-22 10:46:47,991] {processor.py:163} INFO - Started process (PID=62122) to work on /Users/adebolafagbule/opt/anaconda3/envs/airflow_env/lib/python3.8/site-packages/airflow/example_dags/example_branch_day_of_week_operator.py
[2022-03-22 10:46:47,992] {processor.py:642} INFO - Processing file /Users/adebolafagbule/opt/anaconda3/envs/airflow_env/lib/python3.8/site-packages/airflow/example_dags/example_branch_day_of_week_operator.py for tasks to queue
[2022-03-22 10:46:47,992] {logging_mixin.py:109} INFO - [2022-03-22 10:46:47,992] {dagbag.py:500} INFO - Filling up the DagBag from /Users/adebolafagbule/opt/anaconda3/envs/airflow_env/lib/python3.8/site-packages/airflow/example_dags/example_branch_day_of_week_operator.py
[2022-03-22 10:46:48,035] {processor.py:654} INFO - DAG(s) dict_keys(['example_weekday_branch_operator']) retrieved from /Users/adebolafagbule/opt/anaconda3/envs/airflow_env/lib/python3.8/site-packages/airflow/example_dags/example_branch_day_of_week_operator.py
[2022-03-22 10:46:48,050] {logging_mixin.py:109} INFO - [2022-03-22 10:46:48,049] {dag.py:2398} INFO - Sync 1 DAGs
[2022-03-22 10:46:48,062] {logging_mixin.py:109} INFO - [2022-03-22 10:46:48,062] {dag.py:2937} INFO - Setting next_dagrun for example_weekday_branch_operator to 2022-03-21 00:00:00+00:00
[2022-03-22 10:46:48,070] {processor.py:171} INFO - Processing /Users/adebolafagbule/opt/anaconda3/envs/airflow_env/lib/python3.8/site-packages/airflow/example_dags/example_branch_day_of_week_operator.py took 0.079 seconds
[2022-03-22 11:01:28,288] {processor.py:163} INFO - Started process (PID=62247) to work on /Users/adebolafagbule/opt/anaconda3/envs/airflow_env/lib/python3.8/site-packages/airflow/example_dags/example_branch_day_of_week_operator.py
[2022-03-22 11:01:28,292] {processor.py:642} INFO - Processing file /Users/adebolafagbule/opt/anaconda3/envs/airflow_env/lib/python3.8/site-packages/airflow/example_dags/example_branch_day_of_week_operator.py for tasks to queue
[2022-03-22 11:01:28,292] {logging_mixin.py:109} INFO - [2022-03-22 11:01:28,292] {dagbag.py:500} INFO - Filling up the DagBag from /Users/adebolafagbule/opt/anaconda3/envs/airflow_env/lib/python3.8/site-packages/airflow/example_dags/example_branch_day_of_week_operator.py
[2022-03-22 11:01:28,355] {processor.py:654} INFO - DAG(s) dict_keys(['example_weekday_branch_operator']) retrieved from /Users/adebolafagbule/opt/anaconda3/envs/airflow_env/lib/python3.8/site-packages/airflow/example_dags/example_branch_day_of_week_operator.py
[2022-03-22 11:01:28,368] {logging_mixin.py:109} INFO - [2022-03-22 11:01:28,368] {dag.py:2398} INFO - Sync 1 DAGs
[2022-03-22 11:01:28,378] {logging_mixin.py:109} INFO - [2022-03-22 11:01:28,378] {dag.py:2937} INFO - Setting next_dagrun for example_weekday_branch_operator to 2022-03-21 00:00:00+00:00
[2022-03-22 11:01:28,383] {processor.py:171} INFO - Processing /Users/adebolafagbule/opt/anaconda3/envs/airflow_env/lib/python3.8/site-packages/airflow/example_dags/example_branch_day_of_week_operator.py took 0.095 seconds
[2022-03-22 11:02:44,402] {processor.py:163} INFO - Started process (PID=62419) to work on /Users/adebolafagbule/opt/anaconda3/envs/airflow_env/lib/python3.8/site-packages/airflow/example_dags/example_branch_day_of_week_operator.py
[2022-03-22 11:02:44,402] {processor.py:642} INFO - Processing file /Users/adebolafagbule/opt/anaconda3/envs/airflow_env/lib/python3.8/site-packages/airflow/example_dags/example_branch_day_of_week_operator.py for tasks to queue
[2022-03-22 11:02:44,403] {logging_mixin.py:109} INFO - [2022-03-22 11:02:44,402] {dagbag.py:500} INFO - Filling up the DagBag from /Users/adebolafagbule/opt/anaconda3/envs/airflow_env/lib/python3.8/site-packages/airflow/example_dags/example_branch_day_of_week_operator.py
[2022-03-22 11:02:44,432] {processor.py:654} INFO - DAG(s) dict_keys(['example_weekday_branch_operator']) retrieved from /Users/adebolafagbule/opt/anaconda3/envs/airflow_env/lib/python3.8/site-packages/airflow/example_dags/example_branch_day_of_week_operator.py
[2022-03-22 11:02:44,444] {logging_mixin.py:109} INFO - [2022-03-22 11:02:44,444] {dag.py:2398} INFO - Sync 1 DAGs
[2022-03-22 11:02:44,454] {logging_mixin.py:109} INFO - [2022-03-22 11:02:44,454] {dag.py:2937} INFO - Setting next_dagrun for example_weekday_branch_operator to 2022-03-21 00:00:00+00:00
[2022-03-22 11:02:44,459] {processor.py:171} INFO - Processing /Users/adebolafagbule/opt/anaconda3/envs/airflow_env/lib/python3.8/site-packages/airflow/example_dags/example_branch_day_of_week_operator.py took 0.058 seconds
[2022-03-22 11:04:00,041] {processor.py:163} INFO - Started process (PID=62504) to work on /Users/adebolafagbule/opt/anaconda3/envs/airflow_env/lib/python3.8/site-packages/airflow/example_dags/example_branch_day_of_week_operator.py
[2022-03-22 11:04:00,042] {processor.py:642} INFO - Processing file /Users/adebolafagbule/opt/anaconda3/envs/airflow_env/lib/python3.8/site-packages/airflow/example_dags/example_branch_day_of_week_operator.py for tasks to queue
[2022-03-22 11:04:00,042] {logging_mixin.py:109} INFO - [2022-03-22 11:04:00,042] {dagbag.py:500} INFO - Filling up the DagBag from /Users/adebolafagbule/opt/anaconda3/envs/airflow_env/lib/python3.8/site-packages/airflow/example_dags/example_branch_day_of_week_operator.py
[2022-03-22 11:04:00,073] {processor.py:654} INFO - DAG(s) dict_keys(['example_weekday_branch_operator']) retrieved from /Users/adebolafagbule/opt/anaconda3/envs/airflow_env/lib/python3.8/site-packages/airflow/example_dags/example_branch_day_of_week_operator.py
[2022-03-22 11:04:00,085] {logging_mixin.py:109} INFO - [2022-03-22 11:04:00,085] {dag.py:2398} INFO - Sync 1 DAGs
[2022-03-22 11:04:00,094] {logging_mixin.py:109} INFO - [2022-03-22 11:04:00,094] {dag.py:2937} INFO - Setting next_dagrun for example_weekday_branch_operator to 2022-03-21 00:00:00+00:00
[2022-03-22 11:04:00,099] {processor.py:171} INFO - Processing /Users/adebolafagbule/opt/anaconda3/envs/airflow_env/lib/python3.8/site-packages/airflow/example_dags/example_branch_day_of_week_operator.py took 0.058 seconds
[2022-03-22 11:23:01,835] {processor.py:163} INFO - Started process (PID=62600) to work on /Users/adebolafagbule/opt/anaconda3/envs/airflow_env/lib/python3.8/site-packages/airflow/example_dags/example_branch_day_of_week_operator.py
[2022-03-22 11:23:01,848] {processor.py:642} INFO - Processing file /Users/adebolafagbule/opt/anaconda3/envs/airflow_env/lib/python3.8/site-packages/airflow/example_dags/example_branch_day_of_week_operator.py for tasks to queue
[2022-03-22 11:23:01,850] {logging_mixin.py:109} INFO - [2022-03-22 11:23:01,850] {dagbag.py:500} INFO - Filling up the DagBag from /Users/adebolafagbule/opt/anaconda3/envs/airflow_env/lib/python3.8/site-packages/airflow/example_dags/example_branch_day_of_week_operator.py
[2022-03-22 11:23:02,035] {processor.py:654} INFO - DAG(s) dict_keys(['example_weekday_branch_operator']) retrieved from /Users/adebolafagbule/opt/anaconda3/envs/airflow_env/lib/python3.8/site-packages/airflow/example_dags/example_branch_day_of_week_operator.py
[2022-03-22 11:23:02,183] {logging_mixin.py:109} INFO - [2022-03-22 11:23:02,182] {dag.py:2398} INFO - Sync 1 DAGs
[2022-03-22 11:23:02,220] {logging_mixin.py:109} INFO - [2022-03-22 11:23:02,220] {dag.py:2937} INFO - Setting next_dagrun for example_weekday_branch_operator to 2022-03-21 00:00:00+00:00
[2022-03-22 11:23:02,239] {processor.py:171} INFO - Processing /Users/adebolafagbule/opt/anaconda3/envs/airflow_env/lib/python3.8/site-packages/airflow/example_dags/example_branch_day_of_week_operator.py took 0.497 seconds
[2022-03-22 12:28:11,479] {processor.py:163} INFO - Started process (PID=62781) to work on /Users/adebolafagbule/opt/anaconda3/envs/airflow_env/lib/python3.8/site-packages/airflow/example_dags/example_branch_day_of_week_operator.py
[2022-03-22 12:28:11,481] {processor.py:642} INFO - Processing file /Users/adebolafagbule/opt/anaconda3/envs/airflow_env/lib/python3.8/site-packages/airflow/example_dags/example_branch_day_of_week_operator.py for tasks to queue
[2022-03-22 12:28:11,481] {logging_mixin.py:109} INFO - [2022-03-22 12:28:11,481] {dagbag.py:500} INFO - Filling up the DagBag from /Users/adebolafagbule/opt/anaconda3/envs/airflow_env/lib/python3.8/site-packages/airflow/example_dags/example_branch_day_of_week_operator.py
[2022-03-22 12:28:11,526] {processor.py:654} INFO - DAG(s) dict_keys(['example_weekday_branch_operator']) retrieved from /Users/adebolafagbule/opt/anaconda3/envs/airflow_env/lib/python3.8/site-packages/airflow/example_dags/example_branch_day_of_week_operator.py
[2022-03-22 12:28:11,546] {logging_mixin.py:109} INFO - [2022-03-22 12:28:11,546] {dag.py:2398} INFO - Sync 1 DAGs
[2022-03-22 12:28:11,560] {logging_mixin.py:109} INFO - [2022-03-22 12:28:11,560] {dag.py:2937} INFO - Setting next_dagrun for example_weekday_branch_operator to 2022-03-21 00:00:00+00:00
[2022-03-22 12:28:11,568] {processor.py:171} INFO - Processing /Users/adebolafagbule/opt/anaconda3/envs/airflow_env/lib/python3.8/site-packages/airflow/example_dags/example_branch_day_of_week_operator.py took 0.089 seconds
[2022-03-22 13:48:37,237] {processor.py:163} INFO - Started process (PID=62944) to work on /Users/adebolafagbule/opt/anaconda3/envs/airflow_env/lib/python3.8/site-packages/airflow/example_dags/example_branch_day_of_week_operator.py
[2022-03-22 13:48:37,239] {processor.py:642} INFO - Processing file /Users/adebolafagbule/opt/anaconda3/envs/airflow_env/lib/python3.8/site-packages/airflow/example_dags/example_branch_day_of_week_operator.py for tasks to queue
[2022-03-22 13:48:37,242] {logging_mixin.py:109} INFO - [2022-03-22 13:48:37,241] {dagbag.py:500} INFO - Filling up the DagBag from /Users/adebolafagbule/opt/anaconda3/envs/airflow_env/lib/python3.8/site-packages/airflow/example_dags/example_branch_day_of_week_operator.py
[2022-03-22 13:48:37,383] {processor.py:654} INFO - DAG(s) dict_keys(['example_weekday_branch_operator']) retrieved from /Users/adebolafagbule/opt/anaconda3/envs/airflow_env/lib/python3.8/site-packages/airflow/example_dags/example_branch_day_of_week_operator.py
[2022-03-22 13:48:37,420] {logging_mixin.py:109} INFO - [2022-03-22 13:48:37,419] {dag.py:2398} INFO - Sync 1 DAGs
[2022-03-22 13:48:37,458] {logging_mixin.py:109} INFO - [2022-03-22 13:48:37,458] {dag.py:2937} INFO - Setting next_dagrun for example_weekday_branch_operator to 2022-03-21 00:00:00+00:00
[2022-03-22 13:48:37,470] {processor.py:171} INFO - Processing /Users/adebolafagbule/opt/anaconda3/envs/airflow_env/lib/python3.8/site-packages/airflow/example_dags/example_branch_day_of_week_operator.py took 0.236 seconds
[2022-03-22 14:58:39,263] {processor.py:163} INFO - Started process (PID=63143) to work on /Users/adebolafagbule/opt/anaconda3/envs/airflow_env/lib/python3.8/site-packages/airflow/example_dags/example_branch_day_of_week_operator.py
[2022-03-22 14:58:39,264] {processor.py:642} INFO - Processing file /Users/adebolafagbule/opt/anaconda3/envs/airflow_env/lib/python3.8/site-packages/airflow/example_dags/example_branch_day_of_week_operator.py for tasks to queue
[2022-03-22 14:58:39,265] {logging_mixin.py:109} INFO - [2022-03-22 14:58:39,265] {dagbag.py:500} INFO - Filling up the DagBag from /Users/adebolafagbule/opt/anaconda3/envs/airflow_env/lib/python3.8/site-packages/airflow/example_dags/example_branch_day_of_week_operator.py
[2022-03-22 14:58:39,307] {processor.py:654} INFO - DAG(s) dict_keys(['example_weekday_branch_operator']) retrieved from /Users/adebolafagbule/opt/anaconda3/envs/airflow_env/lib/python3.8/site-packages/airflow/example_dags/example_branch_day_of_week_operator.py
[2022-03-22 14:58:39,320] {logging_mixin.py:109} INFO - [2022-03-22 14:58:39,320] {dag.py:2398} INFO - Sync 1 DAGs
[2022-03-22 14:58:39,328] {logging_mixin.py:109} INFO - [2022-03-22 14:58:39,328] {dag.py:2937} INFO - Setting next_dagrun for example_weekday_branch_operator to 2022-03-21 00:00:00+00:00
[2022-03-22 14:58:39,333] {processor.py:171} INFO - Processing /Users/adebolafagbule/opt/anaconda3/envs/airflow_env/lib/python3.8/site-packages/airflow/example_dags/example_branch_day_of_week_operator.py took 0.071 seconds
[2022-03-22 15:31:54,237] {processor.py:163} INFO - Started process (PID=63267) to work on /Users/adebolafagbule/opt/anaconda3/envs/airflow_env/lib/python3.8/site-packages/airflow/example_dags/example_branch_day_of_week_operator.py
[2022-03-22 15:31:54,237] {processor.py:642} INFO - Processing file /Users/adebolafagbule/opt/anaconda3/envs/airflow_env/lib/python3.8/site-packages/airflow/example_dags/example_branch_day_of_week_operator.py for tasks to queue
[2022-03-22 15:31:54,238] {logging_mixin.py:109} INFO - [2022-03-22 15:31:54,238] {dagbag.py:500} INFO - Filling up the DagBag from /Users/adebolafagbule/opt/anaconda3/envs/airflow_env/lib/python3.8/site-packages/airflow/example_dags/example_branch_day_of_week_operator.py
[2022-03-22 15:31:54,290] {processor.py:654} INFO - DAG(s) dict_keys(['example_weekday_branch_operator']) retrieved from /Users/adebolafagbule/opt/anaconda3/envs/airflow_env/lib/python3.8/site-packages/airflow/example_dags/example_branch_day_of_week_operator.py
[2022-03-22 15:31:54,312] {logging_mixin.py:109} INFO - [2022-03-22 15:31:54,312] {dag.py:2398} INFO - Sync 1 DAGs
[2022-03-22 15:31:54,327] {logging_mixin.py:109} INFO - [2022-03-22 15:31:54,327] {dag.py:2937} INFO - Setting next_dagrun for example_weekday_branch_operator to 2022-03-21 00:00:00+00:00
[2022-03-22 15:31:54,336] {processor.py:171} INFO - Processing /Users/adebolafagbule/opt/anaconda3/envs/airflow_env/lib/python3.8/site-packages/airflow/example_dags/example_branch_day_of_week_operator.py took 0.100 seconds
[2022-03-22 17:28:36,100] {processor.py:163} INFO - Started process (PID=63427) to work on /Users/adebolafagbule/opt/anaconda3/envs/airflow_env/lib/python3.8/site-packages/airflow/example_dags/example_branch_day_of_week_operator.py
[2022-03-22 17:28:36,101] {processor.py:642} INFO - Processing file /Users/adebolafagbule/opt/anaconda3/envs/airflow_env/lib/python3.8/site-packages/airflow/example_dags/example_branch_day_of_week_operator.py for tasks to queue
[2022-03-22 17:28:36,102] {logging_mixin.py:109} INFO - [2022-03-22 17:28:36,102] {dagbag.py:500} INFO - Filling up the DagBag from /Users/adebolafagbule/opt/anaconda3/envs/airflow_env/lib/python3.8/site-packages/airflow/example_dags/example_branch_day_of_week_operator.py
[2022-03-22 17:28:36,211] {processor.py:654} INFO - DAG(s) dict_keys(['example_weekday_branch_operator']) retrieved from /Users/adebolafagbule/opt/anaconda3/envs/airflow_env/lib/python3.8/site-packages/airflow/example_dags/example_branch_day_of_week_operator.py
[2022-03-22 17:28:36,229] {logging_mixin.py:109} INFO - [2022-03-22 17:28:36,229] {dag.py:2398} INFO - Sync 1 DAGs
[2022-03-22 17:28:36,239] {logging_mixin.py:109} INFO - [2022-03-22 17:28:36,239] {dag.py:2937} INFO - Setting next_dagrun for example_weekday_branch_operator to 2022-03-21 00:00:00+00:00
[2022-03-22 17:28:36,245] {processor.py:171} INFO - Processing /Users/adebolafagbule/opt/anaconda3/envs/airflow_env/lib/python3.8/site-packages/airflow/example_dags/example_branch_day_of_week_operator.py took 0.146 seconds
[2022-03-22 17:30:56,538] {processor.py:163} INFO - Started process (PID=63534) to work on /Users/adebolafagbule/opt/anaconda3/envs/airflow_env/lib/python3.8/site-packages/airflow/example_dags/example_branch_day_of_week_operator.py
[2022-03-22 17:30:56,540] {processor.py:642} INFO - Processing file /Users/adebolafagbule/opt/anaconda3/envs/airflow_env/lib/python3.8/site-packages/airflow/example_dags/example_branch_day_of_week_operator.py for tasks to queue
[2022-03-22 17:30:56,540] {logging_mixin.py:109} INFO - [2022-03-22 17:30:56,540] {dagbag.py:500} INFO - Filling up the DagBag from /Users/adebolafagbule/opt/anaconda3/envs/airflow_env/lib/python3.8/site-packages/airflow/example_dags/example_branch_day_of_week_operator.py
[2022-03-22 17:30:56,583] {processor.py:654} INFO - DAG(s) dict_keys(['example_weekday_branch_operator']) retrieved from /Users/adebolafagbule/opt/anaconda3/envs/airflow_env/lib/python3.8/site-packages/airflow/example_dags/example_branch_day_of_week_operator.py
[2022-03-22 17:30:56,596] {logging_mixin.py:109} INFO - [2022-03-22 17:30:56,596] {dag.py:2398} INFO - Sync 1 DAGs
[2022-03-22 17:30:56,605] {logging_mixin.py:109} INFO - [2022-03-22 17:30:56,604] {dag.py:2937} INFO - Setting next_dagrun for example_weekday_branch_operator to 2022-03-21 00:00:00+00:00
[2022-03-22 17:30:56,610] {processor.py:171} INFO - Processing /Users/adebolafagbule/opt/anaconda3/envs/airflow_env/lib/python3.8/site-packages/airflow/example_dags/example_branch_day_of_week_operator.py took 0.073 seconds
[2022-03-22 17:32:32,350] {processor.py:163} INFO - Started process (PID=63623) to work on /Users/adebolafagbule/opt/anaconda3/envs/airflow_env/lib/python3.8/site-packages/airflow/example_dags/example_branch_day_of_week_operator.py
[2022-03-22 17:32:32,352] {processor.py:642} INFO - Processing file /Users/adebolafagbule/opt/anaconda3/envs/airflow_env/lib/python3.8/site-packages/airflow/example_dags/example_branch_day_of_week_operator.py for tasks to queue
[2022-03-22 17:32:32,352] {logging_mixin.py:109} INFO - [2022-03-22 17:32:32,352] {dagbag.py:500} INFO - Filling up the DagBag from /Users/adebolafagbule/opt/anaconda3/envs/airflow_env/lib/python3.8/site-packages/airflow/example_dags/example_branch_day_of_week_operator.py
[2022-03-22 17:32:32,396] {processor.py:654} INFO - DAG(s) dict_keys(['example_weekday_branch_operator']) retrieved from /Users/adebolafagbule/opt/anaconda3/envs/airflow_env/lib/python3.8/site-packages/airflow/example_dags/example_branch_day_of_week_operator.py
[2022-03-22 17:32:32,409] {logging_mixin.py:109} INFO - [2022-03-22 17:32:32,409] {dag.py:2398} INFO - Sync 1 DAGs
[2022-03-22 17:32:32,418] {logging_mixin.py:109} INFO - [2022-03-22 17:32:32,418] {dag.py:2937} INFO - Setting next_dagrun for example_weekday_branch_operator to 2022-03-21 00:00:00+00:00
[2022-03-22 17:32:32,424] {processor.py:171} INFO - Processing /Users/adebolafagbule/opt/anaconda3/envs/airflow_env/lib/python3.8/site-packages/airflow/example_dags/example_branch_day_of_week_operator.py took 0.074 seconds
[2022-03-22 17:33:50,130] {processor.py:163} INFO - Started process (PID=63700) to work on /Users/adebolafagbule/opt/anaconda3/envs/airflow_env/lib/python3.8/site-packages/airflow/example_dags/example_branch_day_of_week_operator.py
[2022-03-22 17:33:50,131] {processor.py:642} INFO - Processing file /Users/adebolafagbule/opt/anaconda3/envs/airflow_env/lib/python3.8/site-packages/airflow/example_dags/example_branch_day_of_week_operator.py for tasks to queue
[2022-03-22 17:33:50,131] {logging_mixin.py:109} INFO - [2022-03-22 17:33:50,131] {dagbag.py:500} INFO - Filling up the DagBag from /Users/adebolafagbule/opt/anaconda3/envs/airflow_env/lib/python3.8/site-packages/airflow/example_dags/example_branch_day_of_week_operator.py
[2022-03-22 17:33:50,160] {processor.py:654} INFO - DAG(s) dict_keys(['example_weekday_branch_operator']) retrieved from /Users/adebolafagbule/opt/anaconda3/envs/airflow_env/lib/python3.8/site-packages/airflow/example_dags/example_branch_day_of_week_operator.py
[2022-03-22 17:33:50,172] {logging_mixin.py:109} INFO - [2022-03-22 17:33:50,172] {dag.py:2398} INFO - Sync 1 DAGs
[2022-03-22 17:33:50,181] {logging_mixin.py:109} INFO - [2022-03-22 17:33:50,181] {dag.py:2937} INFO - Setting next_dagrun for example_weekday_branch_operator to 2022-03-21 00:00:00+00:00
[2022-03-22 17:33:50,189] {processor.py:171} INFO - Processing /Users/adebolafagbule/opt/anaconda3/envs/airflow_env/lib/python3.8/site-packages/airflow/example_dags/example_branch_day_of_week_operator.py took 0.059 seconds
[2022-03-22 17:35:01,541] {processor.py:163} INFO - Started process (PID=63771) to work on /Users/adebolafagbule/opt/anaconda3/envs/airflow_env/lib/python3.8/site-packages/airflow/example_dags/example_branch_day_of_week_operator.py
[2022-03-22 17:35:01,541] {processor.py:642} INFO - Processing file /Users/adebolafagbule/opt/anaconda3/envs/airflow_env/lib/python3.8/site-packages/airflow/example_dags/example_branch_day_of_week_operator.py for tasks to queue
[2022-03-22 17:35:01,542] {logging_mixin.py:109} INFO - [2022-03-22 17:35:01,542] {dagbag.py:500} INFO - Filling up the DagBag from /Users/adebolafagbule/opt/anaconda3/envs/airflow_env/lib/python3.8/site-packages/airflow/example_dags/example_branch_day_of_week_operator.py
[2022-03-22 17:35:01,573] {processor.py:654} INFO - DAG(s) dict_keys(['example_weekday_branch_operator']) retrieved from /Users/adebolafagbule/opt/anaconda3/envs/airflow_env/lib/python3.8/site-packages/airflow/example_dags/example_branch_day_of_week_operator.py
[2022-03-22 17:35:01,585] {logging_mixin.py:109} INFO - [2022-03-22 17:35:01,585] {dag.py:2398} INFO - Sync 1 DAGs
[2022-03-22 17:35:01,593] {logging_mixin.py:109} INFO - [2022-03-22 17:35:01,593] {dag.py:2937} INFO - Setting next_dagrun for example_weekday_branch_operator to 2022-03-21 00:00:00+00:00
[2022-03-22 17:35:01,601] {processor.py:171} INFO - Processing /Users/adebolafagbule/opt/anaconda3/envs/airflow_env/lib/python3.8/site-packages/airflow/example_dags/example_branch_day_of_week_operator.py took 0.060 seconds
[2022-03-22 17:36:17,481] {processor.py:163} INFO - Started process (PID=63845) to work on /Users/adebolafagbule/opt/anaconda3/envs/airflow_env/lib/python3.8/site-packages/airflow/example_dags/example_branch_day_of_week_operator.py
[2022-03-22 17:36:17,482] {processor.py:642} INFO - Processing file /Users/adebolafagbule/opt/anaconda3/envs/airflow_env/lib/python3.8/site-packages/airflow/example_dags/example_branch_day_of_week_operator.py for tasks to queue
[2022-03-22 17:36:17,482] {logging_mixin.py:109} INFO - [2022-03-22 17:36:17,482] {dagbag.py:500} INFO - Filling up the DagBag from /Users/adebolafagbule/opt/anaconda3/envs/airflow_env/lib/python3.8/site-packages/airflow/example_dags/example_branch_day_of_week_operator.py
[2022-03-22 17:36:17,513] {processor.py:654} INFO - DAG(s) dict_keys(['example_weekday_branch_operator']) retrieved from /Users/adebolafagbule/opt/anaconda3/envs/airflow_env/lib/python3.8/site-packages/airflow/example_dags/example_branch_day_of_week_operator.py
[2022-03-22 17:36:17,525] {logging_mixin.py:109} INFO - [2022-03-22 17:36:17,525] {dag.py:2398} INFO - Sync 1 DAGs
[2022-03-22 17:36:17,534] {logging_mixin.py:109} INFO - [2022-03-22 17:36:17,534] {dag.py:2937} INFO - Setting next_dagrun for example_weekday_branch_operator to 2022-03-21 00:00:00+00:00
[2022-03-22 17:36:17,544] {processor.py:171} INFO - Processing /Users/adebolafagbule/opt/anaconda3/envs/airflow_env/lib/python3.8/site-packages/airflow/example_dags/example_branch_day_of_week_operator.py took 0.064 seconds
[2022-03-22 17:37:33,037] {processor.py:163} INFO - Started process (PID=63918) to work on /Users/adebolafagbule/opt/anaconda3/envs/airflow_env/lib/python3.8/site-packages/airflow/example_dags/example_branch_day_of_week_operator.py
[2022-03-22 17:37:33,038] {processor.py:642} INFO - Processing file /Users/adebolafagbule/opt/anaconda3/envs/airflow_env/lib/python3.8/site-packages/airflow/example_dags/example_branch_day_of_week_operator.py for tasks to queue
[2022-03-22 17:37:33,039] {logging_mixin.py:109} INFO - [2022-03-22 17:37:33,039] {dagbag.py:500} INFO - Filling up the DagBag from /Users/adebolafagbule/opt/anaconda3/envs/airflow_env/lib/python3.8/site-packages/airflow/example_dags/example_branch_day_of_week_operator.py
[2022-03-22 17:37:33,083] {processor.py:654} INFO - DAG(s) dict_keys(['example_weekday_branch_operator']) retrieved from /Users/adebolafagbule/opt/anaconda3/envs/airflow_env/lib/python3.8/site-packages/airflow/example_dags/example_branch_day_of_week_operator.py
[2022-03-22 17:37:33,096] {logging_mixin.py:109} INFO - [2022-03-22 17:37:33,096] {dag.py:2398} INFO - Sync 1 DAGs
[2022-03-22 17:37:33,106] {logging_mixin.py:109} INFO - [2022-03-22 17:37:33,105] {dag.py:2937} INFO - Setting next_dagrun for example_weekday_branch_operator to 2022-03-21 00:00:00+00:00
[2022-03-22 17:37:33,111] {processor.py:171} INFO - Processing /Users/adebolafagbule/opt/anaconda3/envs/airflow_env/lib/python3.8/site-packages/airflow/example_dags/example_branch_day_of_week_operator.py took 0.074 seconds
[2022-03-22 17:38:58,154] {processor.py:163} INFO - Started process (PID=63993) to work on /Users/adebolafagbule/opt/anaconda3/envs/airflow_env/lib/python3.8/site-packages/airflow/example_dags/example_branch_day_of_week_operator.py
[2022-03-22 17:38:58,155] {processor.py:642} INFO - Processing file /Users/adebolafagbule/opt/anaconda3/envs/airflow_env/lib/python3.8/site-packages/airflow/example_dags/example_branch_day_of_week_operator.py for tasks to queue
[2022-03-22 17:38:58,155] {logging_mixin.py:109} INFO - [2022-03-22 17:38:58,155] {dagbag.py:500} INFO - Filling up the DagBag from /Users/adebolafagbule/opt/anaconda3/envs/airflow_env/lib/python3.8/site-packages/airflow/example_dags/example_branch_day_of_week_operator.py
[2022-03-22 17:38:58,189] {processor.py:654} INFO - DAG(s) dict_keys(['example_weekday_branch_operator']) retrieved from /Users/adebolafagbule/opt/anaconda3/envs/airflow_env/lib/python3.8/site-packages/airflow/example_dags/example_branch_day_of_week_operator.py
[2022-03-22 17:38:58,247] {logging_mixin.py:109} INFO - [2022-03-22 17:38:58,247] {dag.py:2398} INFO - Sync 1 DAGs
[2022-03-22 17:38:58,257] {logging_mixin.py:109} INFO - [2022-03-22 17:38:58,257] {dag.py:2937} INFO - Setting next_dagrun for example_weekday_branch_operator to 2022-03-21 00:00:00+00:00
[2022-03-22 17:38:58,263] {processor.py:171} INFO - Processing /Users/adebolafagbule/opt/anaconda3/envs/airflow_env/lib/python3.8/site-packages/airflow/example_dags/example_branch_day_of_week_operator.py took 0.110 seconds
[2022-03-22 17:40:27,998] {processor.py:163} INFO - Started process (PID=64072) to work on /Users/adebolafagbule/opt/anaconda3/envs/airflow_env/lib/python3.8/site-packages/airflow/example_dags/example_branch_day_of_week_operator.py
[2022-03-22 17:40:28,000] {processor.py:642} INFO - Processing file /Users/adebolafagbule/opt/anaconda3/envs/airflow_env/lib/python3.8/site-packages/airflow/example_dags/example_branch_day_of_week_operator.py for tasks to queue
[2022-03-22 17:40:28,001] {logging_mixin.py:109} INFO - [2022-03-22 17:40:28,001] {dagbag.py:500} INFO - Filling up the DagBag from /Users/adebolafagbule/opt/anaconda3/envs/airflow_env/lib/python3.8/site-packages/airflow/example_dags/example_branch_day_of_week_operator.py
[2022-03-22 17:40:28,045] {processor.py:654} INFO - DAG(s) dict_keys(['example_weekday_branch_operator']) retrieved from /Users/adebolafagbule/opt/anaconda3/envs/airflow_env/lib/python3.8/site-packages/airflow/example_dags/example_branch_day_of_week_operator.py
[2022-03-22 17:40:28,058] {logging_mixin.py:109} INFO - [2022-03-22 17:40:28,058] {dag.py:2398} INFO - Sync 1 DAGs
[2022-03-22 17:40:28,067] {logging_mixin.py:109} INFO - [2022-03-22 17:40:28,066] {dag.py:2937} INFO - Setting next_dagrun for example_weekday_branch_operator to 2022-03-21 00:00:00+00:00
[2022-03-22 17:40:28,073] {processor.py:171} INFO - Processing /Users/adebolafagbule/opt/anaconda3/envs/airflow_env/lib/python3.8/site-packages/airflow/example_dags/example_branch_day_of_week_operator.py took 0.075 seconds
[2022-03-22 17:41:59,176] {processor.py:163} INFO - Started process (PID=64151) to work on /Users/adebolafagbule/opt/anaconda3/envs/airflow_env/lib/python3.8/site-packages/airflow/example_dags/example_branch_day_of_week_operator.py
[2022-03-22 17:41:59,177] {processor.py:642} INFO - Processing file /Users/adebolafagbule/opt/anaconda3/envs/airflow_env/lib/python3.8/site-packages/airflow/example_dags/example_branch_day_of_week_operator.py for tasks to queue
[2022-03-22 17:41:59,178] {logging_mixin.py:109} INFO - [2022-03-22 17:41:59,178] {dagbag.py:500} INFO - Filling up the DagBag from /Users/adebolafagbule/opt/anaconda3/envs/airflow_env/lib/python3.8/site-packages/airflow/example_dags/example_branch_day_of_week_operator.py
[2022-03-22 17:41:59,235] {processor.py:654} INFO - DAG(s) dict_keys(['example_weekday_branch_operator']) retrieved from /Users/adebolafagbule/opt/anaconda3/envs/airflow_env/lib/python3.8/site-packages/airflow/example_dags/example_branch_day_of_week_operator.py
[2022-03-22 17:41:59,254] {logging_mixin.py:109} INFO - [2022-03-22 17:41:59,254] {dag.py:2398} INFO - Sync 1 DAGs
[2022-03-22 17:41:59,301] {logging_mixin.py:109} INFO - [2022-03-22 17:41:59,300] {dag.py:2937} INFO - Setting next_dagrun for example_weekday_branch_operator to 2022-03-21 00:00:00+00:00
[2022-03-22 17:41:59,311] {processor.py:171} INFO - Processing /Users/adebolafagbule/opt/anaconda3/envs/airflow_env/lib/python3.8/site-packages/airflow/example_dags/example_branch_day_of_week_operator.py took 0.136 seconds
[2022-03-22 17:43:39,850] {processor.py:163} INFO - Started process (PID=64232) to work on /Users/adebolafagbule/opt/anaconda3/envs/airflow_env/lib/python3.8/site-packages/airflow/example_dags/example_branch_day_of_week_operator.py
[2022-03-22 17:43:39,851] {processor.py:642} INFO - Processing file /Users/adebolafagbule/opt/anaconda3/envs/airflow_env/lib/python3.8/site-packages/airflow/example_dags/example_branch_day_of_week_operator.py for tasks to queue
[2022-03-22 17:43:39,852] {logging_mixin.py:109} INFO - [2022-03-22 17:43:39,852] {dagbag.py:500} INFO - Filling up the DagBag from /Users/adebolafagbule/opt/anaconda3/envs/airflow_env/lib/python3.8/site-packages/airflow/example_dags/example_branch_day_of_week_operator.py
[2022-03-22 17:43:39,882] {processor.py:654} INFO - DAG(s) dict_keys(['example_weekday_branch_operator']) retrieved from /Users/adebolafagbule/opt/anaconda3/envs/airflow_env/lib/python3.8/site-packages/airflow/example_dags/example_branch_day_of_week_operator.py
[2022-03-22 17:43:39,896] {logging_mixin.py:109} INFO - [2022-03-22 17:43:39,896] {dag.py:2398} INFO - Sync 1 DAGs
[2022-03-22 17:43:39,905] {logging_mixin.py:109} INFO - [2022-03-22 17:43:39,905] {dag.py:2937} INFO - Setting next_dagrun for example_weekday_branch_operator to 2022-03-21 00:00:00+00:00
[2022-03-22 17:43:39,914] {processor.py:171} INFO - Processing /Users/adebolafagbule/opt/anaconda3/envs/airflow_env/lib/python3.8/site-packages/airflow/example_dags/example_branch_day_of_week_operator.py took 0.064 seconds
[2022-03-22 17:45:10,351] {processor.py:163} INFO - Started process (PID=64309) to work on /Users/adebolafagbule/opt/anaconda3/envs/airflow_env/lib/python3.8/site-packages/airflow/example_dags/example_branch_day_of_week_operator.py
[2022-03-22 17:45:10,352] {processor.py:642} INFO - Processing file /Users/adebolafagbule/opt/anaconda3/envs/airflow_env/lib/python3.8/site-packages/airflow/example_dags/example_branch_day_of_week_operator.py for tasks to queue
[2022-03-22 17:45:10,353] {logging_mixin.py:109} INFO - [2022-03-22 17:45:10,353] {dagbag.py:500} INFO - Filling up the DagBag from /Users/adebolafagbule/opt/anaconda3/envs/airflow_env/lib/python3.8/site-packages/airflow/example_dags/example_branch_day_of_week_operator.py
[2022-03-22 17:45:10,388] {processor.py:654} INFO - DAG(s) dict_keys(['example_weekday_branch_operator']) retrieved from /Users/adebolafagbule/opt/anaconda3/envs/airflow_env/lib/python3.8/site-packages/airflow/example_dags/example_branch_day_of_week_operator.py
[2022-03-22 17:45:10,402] {logging_mixin.py:109} INFO - [2022-03-22 17:45:10,402] {dag.py:2398} INFO - Sync 1 DAGs
[2022-03-22 17:45:10,413] {logging_mixin.py:109} INFO - [2022-03-22 17:45:10,412] {dag.py:2937} INFO - Setting next_dagrun for example_weekday_branch_operator to 2022-03-21 00:00:00+00:00
[2022-03-22 17:45:10,418] {processor.py:171} INFO - Processing /Users/adebolafagbule/opt/anaconda3/envs/airflow_env/lib/python3.8/site-packages/airflow/example_dags/example_branch_day_of_week_operator.py took 0.068 seconds
[2022-03-22 17:46:45,025] {processor.py:163} INFO - Started process (PID=64397) to work on /Users/adebolafagbule/opt/anaconda3/envs/airflow_env/lib/python3.8/site-packages/airflow/example_dags/example_branch_day_of_week_operator.py
[2022-03-22 17:46:45,027] {processor.py:642} INFO - Processing file /Users/adebolafagbule/opt/anaconda3/envs/airflow_env/lib/python3.8/site-packages/airflow/example_dags/example_branch_day_of_week_operator.py for tasks to queue
[2022-03-22 17:46:45,028] {logging_mixin.py:109} INFO - [2022-03-22 17:46:45,028] {dagbag.py:500} INFO - Filling up the DagBag from /Users/adebolafagbule/opt/anaconda3/envs/airflow_env/lib/python3.8/site-packages/airflow/example_dags/example_branch_day_of_week_operator.py
[2022-03-22 17:46:45,075] {processor.py:654} INFO - DAG(s) dict_keys(['example_weekday_branch_operator']) retrieved from /Users/adebolafagbule/opt/anaconda3/envs/airflow_env/lib/python3.8/site-packages/airflow/example_dags/example_branch_day_of_week_operator.py
[2022-03-22 17:46:45,089] {logging_mixin.py:109} INFO - [2022-03-22 17:46:45,089] {dag.py:2398} INFO - Sync 1 DAGs
[2022-03-22 17:46:45,098] {logging_mixin.py:109} INFO - [2022-03-22 17:46:45,098] {dag.py:2937} INFO - Setting next_dagrun for example_weekday_branch_operator to 2022-03-21 00:00:00+00:00
[2022-03-22 17:46:45,107] {processor.py:171} INFO - Processing /Users/adebolafagbule/opt/anaconda3/envs/airflow_env/lib/python3.8/site-packages/airflow/example_dags/example_branch_day_of_week_operator.py took 0.082 seconds
[2022-03-22 17:48:05,839] {processor.py:163} INFO - Started process (PID=64470) to work on /Users/adebolafagbule/opt/anaconda3/envs/airflow_env/lib/python3.8/site-packages/airflow/example_dags/example_branch_day_of_week_operator.py
[2022-03-22 17:48:05,841] {processor.py:642} INFO - Processing file /Users/adebolafagbule/opt/anaconda3/envs/airflow_env/lib/python3.8/site-packages/airflow/example_dags/example_branch_day_of_week_operator.py for tasks to queue
[2022-03-22 17:48:05,841] {logging_mixin.py:109} INFO - [2022-03-22 17:48:05,841] {dagbag.py:500} INFO - Filling up the DagBag from /Users/adebolafagbule/opt/anaconda3/envs/airflow_env/lib/python3.8/site-packages/airflow/example_dags/example_branch_day_of_week_operator.py
[2022-03-22 17:48:05,886] {processor.py:654} INFO - DAG(s) dict_keys(['example_weekday_branch_operator']) retrieved from /Users/adebolafagbule/opt/anaconda3/envs/airflow_env/lib/python3.8/site-packages/airflow/example_dags/example_branch_day_of_week_operator.py
[2022-03-22 17:48:05,899] {logging_mixin.py:109} INFO - [2022-03-22 17:48:05,899] {dag.py:2398} INFO - Sync 1 DAGs
[2022-03-22 17:48:05,908] {logging_mixin.py:109} INFO - [2022-03-22 17:48:05,908] {dag.py:2937} INFO - Setting next_dagrun for example_weekday_branch_operator to 2022-03-21 00:00:00+00:00
[2022-03-22 17:48:05,914] {processor.py:171} INFO - Processing /Users/adebolafagbule/opt/anaconda3/envs/airflow_env/lib/python3.8/site-packages/airflow/example_dags/example_branch_day_of_week_operator.py took 0.075 seconds
[2022-03-22 17:49:28,849] {processor.py:163} INFO - Started process (PID=64548) to work on /Users/adebolafagbule/opt/anaconda3/envs/airflow_env/lib/python3.8/site-packages/airflow/example_dags/example_branch_day_of_week_operator.py
[2022-03-22 17:49:28,850] {processor.py:642} INFO - Processing file /Users/adebolafagbule/opt/anaconda3/envs/airflow_env/lib/python3.8/site-packages/airflow/example_dags/example_branch_day_of_week_operator.py for tasks to queue
[2022-03-22 17:49:28,850] {logging_mixin.py:109} INFO - [2022-03-22 17:49:28,850] {dagbag.py:500} INFO - Filling up the DagBag from /Users/adebolafagbule/opt/anaconda3/envs/airflow_env/lib/python3.8/site-packages/airflow/example_dags/example_branch_day_of_week_operator.py
[2022-03-22 17:49:28,883] {processor.py:654} INFO - DAG(s) dict_keys(['example_weekday_branch_operator']) retrieved from /Users/adebolafagbule/opt/anaconda3/envs/airflow_env/lib/python3.8/site-packages/airflow/example_dags/example_branch_day_of_week_operator.py
[2022-03-22 17:49:28,897] {logging_mixin.py:109} INFO - [2022-03-22 17:49:28,897] {dag.py:2398} INFO - Sync 1 DAGs
[2022-03-22 17:49:28,907] {logging_mixin.py:109} INFO - [2022-03-22 17:49:28,907] {dag.py:2937} INFO - Setting next_dagrun for example_weekday_branch_operator to 2022-03-21 00:00:00+00:00
[2022-03-22 17:49:28,915] {processor.py:171} INFO - Processing /Users/adebolafagbule/opt/anaconda3/envs/airflow_env/lib/python3.8/site-packages/airflow/example_dags/example_branch_day_of_week_operator.py took 0.066 seconds
[2022-03-22 17:51:01,637] {processor.py:163} INFO - Started process (PID=64631) to work on /Users/adebolafagbule/opt/anaconda3/envs/airflow_env/lib/python3.8/site-packages/airflow/example_dags/example_branch_day_of_week_operator.py
[2022-03-22 17:51:01,639] {processor.py:642} INFO - Processing file /Users/adebolafagbule/opt/anaconda3/envs/airflow_env/lib/python3.8/site-packages/airflow/example_dags/example_branch_day_of_week_operator.py for tasks to queue
[2022-03-22 17:51:01,639] {logging_mixin.py:109} INFO - [2022-03-22 17:51:01,639] {dagbag.py:500} INFO - Filling up the DagBag from /Users/adebolafagbule/opt/anaconda3/envs/airflow_env/lib/python3.8/site-packages/airflow/example_dags/example_branch_day_of_week_operator.py
[2022-03-22 17:51:01,685] {processor.py:654} INFO - DAG(s) dict_keys(['example_weekday_branch_operator']) retrieved from /Users/adebolafagbule/opt/anaconda3/envs/airflow_env/lib/python3.8/site-packages/airflow/example_dags/example_branch_day_of_week_operator.py
[2022-03-22 17:51:01,709] {logging_mixin.py:109} INFO - [2022-03-22 17:51:01,709] {dag.py:2398} INFO - Sync 1 DAGs
[2022-03-22 17:51:01,720] {logging_mixin.py:109} INFO - [2022-03-22 17:51:01,719] {dag.py:2937} INFO - Setting next_dagrun for example_weekday_branch_operator to 2022-03-21 00:00:00+00:00
[2022-03-22 17:51:01,726] {processor.py:171} INFO - Processing /Users/adebolafagbule/opt/anaconda3/envs/airflow_env/lib/python3.8/site-packages/airflow/example_dags/example_branch_day_of_week_operator.py took 0.089 seconds
[2022-03-22 17:52:30,810] {processor.py:163} INFO - Started process (PID=64708) to work on /Users/adebolafagbule/opt/anaconda3/envs/airflow_env/lib/python3.8/site-packages/airflow/example_dags/example_branch_day_of_week_operator.py
[2022-03-22 17:52:30,811] {processor.py:642} INFO - Processing file /Users/adebolafagbule/opt/anaconda3/envs/airflow_env/lib/python3.8/site-packages/airflow/example_dags/example_branch_day_of_week_operator.py for tasks to queue
[2022-03-22 17:52:30,812] {logging_mixin.py:109} INFO - [2022-03-22 17:52:30,812] {dagbag.py:500} INFO - Filling up the DagBag from /Users/adebolafagbule/opt/anaconda3/envs/airflow_env/lib/python3.8/site-packages/airflow/example_dags/example_branch_day_of_week_operator.py
[2022-03-22 17:52:30,846] {processor.py:654} INFO - DAG(s) dict_keys(['example_weekday_branch_operator']) retrieved from /Users/adebolafagbule/opt/anaconda3/envs/airflow_env/lib/python3.8/site-packages/airflow/example_dags/example_branch_day_of_week_operator.py
[2022-03-22 17:52:30,861] {logging_mixin.py:109} INFO - [2022-03-22 17:52:30,861] {dag.py:2398} INFO - Sync 1 DAGs
[2022-03-22 17:52:30,871] {logging_mixin.py:109} INFO - [2022-03-22 17:52:30,871] {dag.py:2937} INFO - Setting next_dagrun for example_weekday_branch_operator to 2022-03-21 00:00:00+00:00
[2022-03-22 17:52:30,879] {processor.py:171} INFO - Processing /Users/adebolafagbule/opt/anaconda3/envs/airflow_env/lib/python3.8/site-packages/airflow/example_dags/example_branch_day_of_week_operator.py took 0.069 seconds
[2022-03-22 17:54:13,063] {processor.py:163} INFO - Started process (PID=64787) to work on /Users/adebolafagbule/opt/anaconda3/envs/airflow_env/lib/python3.8/site-packages/airflow/example_dags/example_branch_day_of_week_operator.py
[2022-03-22 17:54:13,064] {processor.py:642} INFO - Processing file /Users/adebolafagbule/opt/anaconda3/envs/airflow_env/lib/python3.8/site-packages/airflow/example_dags/example_branch_day_of_week_operator.py for tasks to queue
[2022-03-22 17:54:13,065] {logging_mixin.py:109} INFO - [2022-03-22 17:54:13,065] {dagbag.py:500} INFO - Filling up the DagBag from /Users/adebolafagbule/opt/anaconda3/envs/airflow_env/lib/python3.8/site-packages/airflow/example_dags/example_branch_day_of_week_operator.py
[2022-03-22 17:54:13,111] {processor.py:654} INFO - DAG(s) dict_keys(['example_weekday_branch_operator']) retrieved from /Users/adebolafagbule/opt/anaconda3/envs/airflow_env/lib/python3.8/site-packages/airflow/example_dags/example_branch_day_of_week_operator.py
[2022-03-22 17:54:13,125] {logging_mixin.py:109} INFO - [2022-03-22 17:54:13,125] {dag.py:2398} INFO - Sync 1 DAGs
[2022-03-22 17:54:13,134] {logging_mixin.py:109} INFO - [2022-03-22 17:54:13,134] {dag.py:2937} INFO - Setting next_dagrun for example_weekday_branch_operator to 2022-03-21 00:00:00+00:00
[2022-03-22 17:54:13,140] {processor.py:171} INFO - Processing /Users/adebolafagbule/opt/anaconda3/envs/airflow_env/lib/python3.8/site-packages/airflow/example_dags/example_branch_day_of_week_operator.py took 0.078 seconds
[2022-03-22 17:56:31,117] {processor.py:163} INFO - Started process (PID=64875) to work on /Users/adebolafagbule/opt/anaconda3/envs/airflow_env/lib/python3.8/site-packages/airflow/example_dags/example_branch_day_of_week_operator.py
[2022-03-22 17:56:31,118] {processor.py:642} INFO - Processing file /Users/adebolafagbule/opt/anaconda3/envs/airflow_env/lib/python3.8/site-packages/airflow/example_dags/example_branch_day_of_week_operator.py for tasks to queue
[2022-03-22 17:56:31,119] {logging_mixin.py:109} INFO - [2022-03-22 17:56:31,119] {dagbag.py:500} INFO - Filling up the DagBag from /Users/adebolafagbule/opt/anaconda3/envs/airflow_env/lib/python3.8/site-packages/airflow/example_dags/example_branch_day_of_week_operator.py
[2022-03-22 17:56:31,195] {processor.py:654} INFO - DAG(s) dict_keys(['example_weekday_branch_operator']) retrieved from /Users/adebolafagbule/opt/anaconda3/envs/airflow_env/lib/python3.8/site-packages/airflow/example_dags/example_branch_day_of_week_operator.py
[2022-03-22 17:56:31,230] {logging_mixin.py:109} INFO - [2022-03-22 17:56:31,230] {dag.py:2398} INFO - Sync 1 DAGs
[2022-03-22 17:56:31,242] {logging_mixin.py:109} INFO - [2022-03-22 17:56:31,242] {dag.py:2937} INFO - Setting next_dagrun for example_weekday_branch_operator to 2022-03-21 00:00:00+00:00
[2022-03-22 17:56:31,252] {processor.py:171} INFO - Processing /Users/adebolafagbule/opt/anaconda3/envs/airflow_env/lib/python3.8/site-packages/airflow/example_dags/example_branch_day_of_week_operator.py took 0.137 seconds
[2022-03-22 17:58:56,771] {processor.py:163} INFO - Started process (PID=64972) to work on /Users/adebolafagbule/opt/anaconda3/envs/airflow_env/lib/python3.8/site-packages/airflow/example_dags/example_branch_day_of_week_operator.py
[2022-03-22 17:58:56,773] {processor.py:642} INFO - Processing file /Users/adebolafagbule/opt/anaconda3/envs/airflow_env/lib/python3.8/site-packages/airflow/example_dags/example_branch_day_of_week_operator.py for tasks to queue
[2022-03-22 17:58:56,773] {logging_mixin.py:109} INFO - [2022-03-22 17:58:56,773] {dagbag.py:500} INFO - Filling up the DagBag from /Users/adebolafagbule/opt/anaconda3/envs/airflow_env/lib/python3.8/site-packages/airflow/example_dags/example_branch_day_of_week_operator.py
[2022-03-22 17:58:56,826] {processor.py:654} INFO - DAG(s) dict_keys(['example_weekday_branch_operator']) retrieved from /Users/adebolafagbule/opt/anaconda3/envs/airflow_env/lib/python3.8/site-packages/airflow/example_dags/example_branch_day_of_week_operator.py
[2022-03-22 17:58:56,846] {logging_mixin.py:109} INFO - [2022-03-22 17:58:56,846] {dag.py:2398} INFO - Sync 1 DAGs
[2022-03-22 17:58:56,868] {logging_mixin.py:109} INFO - [2022-03-22 17:58:56,868] {dag.py:2937} INFO - Setting next_dagrun for example_weekday_branch_operator to 2022-03-21 00:00:00+00:00
[2022-03-22 17:58:56,875] {processor.py:171} INFO - Processing /Users/adebolafagbule/opt/anaconda3/envs/airflow_env/lib/python3.8/site-packages/airflow/example_dags/example_branch_day_of_week_operator.py took 0.106 seconds
[2022-03-22 18:01:28,865] {processor.py:163} INFO - Started process (PID=65063) to work on /Users/adebolafagbule/opt/anaconda3/envs/airflow_env/lib/python3.8/site-packages/airflow/example_dags/example_branch_day_of_week_operator.py
[2022-03-22 18:01:28,868] {processor.py:642} INFO - Processing file /Users/adebolafagbule/opt/anaconda3/envs/airflow_env/lib/python3.8/site-packages/airflow/example_dags/example_branch_day_of_week_operator.py for tasks to queue
[2022-03-22 18:01:28,871] {logging_mixin.py:109} INFO - [2022-03-22 18:01:28,871] {dagbag.py:500} INFO - Filling up the DagBag from /Users/adebolafagbule/opt/anaconda3/envs/airflow_env/lib/python3.8/site-packages/airflow/example_dags/example_branch_day_of_week_operator.py
[2022-03-22 18:01:28,923] {processor.py:654} INFO - DAG(s) dict_keys(['example_weekday_branch_operator']) retrieved from /Users/adebolafagbule/opt/anaconda3/envs/airflow_env/lib/python3.8/site-packages/airflow/example_dags/example_branch_day_of_week_operator.py
[2022-03-22 18:01:28,978] {logging_mixin.py:109} INFO - [2022-03-22 18:01:28,978] {dag.py:2398} INFO - Sync 1 DAGs
[2022-03-22 18:01:28,990] {logging_mixin.py:109} INFO - [2022-03-22 18:01:28,990] {dag.py:2937} INFO - Setting next_dagrun for example_weekday_branch_operator to 2022-03-21 00:00:00+00:00
[2022-03-22 18:01:28,998] {processor.py:171} INFO - Processing /Users/adebolafagbule/opt/anaconda3/envs/airflow_env/lib/python3.8/site-packages/airflow/example_dags/example_branch_day_of_week_operator.py took 0.143 seconds
[2022-03-22 18:03:47,752] {processor.py:163} INFO - Started process (PID=65154) to work on /Users/adebolafagbule/opt/anaconda3/envs/airflow_env/lib/python3.8/site-packages/airflow/example_dags/example_branch_day_of_week_operator.py
[2022-03-22 18:03:47,753] {processor.py:642} INFO - Processing file /Users/adebolafagbule/opt/anaconda3/envs/airflow_env/lib/python3.8/site-packages/airflow/example_dags/example_branch_day_of_week_operator.py for tasks to queue
[2022-03-22 18:03:47,754] {logging_mixin.py:109} INFO - [2022-03-22 18:03:47,754] {dagbag.py:500} INFO - Filling up the DagBag from /Users/adebolafagbule/opt/anaconda3/envs/airflow_env/lib/python3.8/site-packages/airflow/example_dags/example_branch_day_of_week_operator.py
[2022-03-22 18:03:47,884] {processor.py:654} INFO - DAG(s) dict_keys(['example_weekday_branch_operator']) retrieved from /Users/adebolafagbule/opt/anaconda3/envs/airflow_env/lib/python3.8/site-packages/airflow/example_dags/example_branch_day_of_week_operator.py
[2022-03-22 18:03:47,908] {logging_mixin.py:109} INFO - [2022-03-22 18:03:47,908] {dag.py:2398} INFO - Sync 1 DAGs
[2022-03-22 18:03:47,943] {logging_mixin.py:109} INFO - [2022-03-22 18:03:47,941] {dag.py:2937} INFO - Setting next_dagrun for example_weekday_branch_operator to 2022-03-21 00:00:00+00:00
[2022-03-22 18:03:47,960] {processor.py:171} INFO - Processing /Users/adebolafagbule/opt/anaconda3/envs/airflow_env/lib/python3.8/site-packages/airflow/example_dags/example_branch_day_of_week_operator.py took 0.208 seconds
[2022-03-22 18:05:58,316] {processor.py:163} INFO - Started process (PID=65249) to work on /Users/adebolafagbule/opt/anaconda3/envs/airflow_env/lib/python3.8/site-packages/airflow/example_dags/example_branch_day_of_week_operator.py
[2022-03-22 18:05:58,319] {processor.py:642} INFO - Processing file /Users/adebolafagbule/opt/anaconda3/envs/airflow_env/lib/python3.8/site-packages/airflow/example_dags/example_branch_day_of_week_operator.py for tasks to queue
[2022-03-22 18:05:58,320] {logging_mixin.py:109} INFO - [2022-03-22 18:05:58,320] {dagbag.py:500} INFO - Filling up the DagBag from /Users/adebolafagbule/opt/anaconda3/envs/airflow_env/lib/python3.8/site-packages/airflow/example_dags/example_branch_day_of_week_operator.py
[2022-03-22 18:05:58,406] {processor.py:654} INFO - DAG(s) dict_keys(['example_weekday_branch_operator']) retrieved from /Users/adebolafagbule/opt/anaconda3/envs/airflow_env/lib/python3.8/site-packages/airflow/example_dags/example_branch_day_of_week_operator.py
[2022-03-22 18:05:58,451] {logging_mixin.py:109} INFO - [2022-03-22 18:05:58,447] {dag.py:2398} INFO - Sync 1 DAGs
[2022-03-22 18:05:58,471] {logging_mixin.py:109} INFO - [2022-03-22 18:05:58,471] {dag.py:2937} INFO - Setting next_dagrun for example_weekday_branch_operator to 2022-03-21 00:00:00+00:00
[2022-03-22 18:05:58,479] {processor.py:171} INFO - Processing /Users/adebolafagbule/opt/anaconda3/envs/airflow_env/lib/python3.8/site-packages/airflow/example_dags/example_branch_day_of_week_operator.py took 0.165 seconds
[2022-03-22 18:07:46,276] {processor.py:163} INFO - Started process (PID=65330) to work on /Users/adebolafagbule/opt/anaconda3/envs/airflow_env/lib/python3.8/site-packages/airflow/example_dags/example_branch_day_of_week_operator.py
[2022-03-22 18:07:46,278] {processor.py:642} INFO - Processing file /Users/adebolafagbule/opt/anaconda3/envs/airflow_env/lib/python3.8/site-packages/airflow/example_dags/example_branch_day_of_week_operator.py for tasks to queue
[2022-03-22 18:07:46,278] {logging_mixin.py:109} INFO - [2022-03-22 18:07:46,278] {dagbag.py:500} INFO - Filling up the DagBag from /Users/adebolafagbule/opt/anaconda3/envs/airflow_env/lib/python3.8/site-packages/airflow/example_dags/example_branch_day_of_week_operator.py
[2022-03-22 18:07:46,320] {processor.py:654} INFO - DAG(s) dict_keys(['example_weekday_branch_operator']) retrieved from /Users/adebolafagbule/opt/anaconda3/envs/airflow_env/lib/python3.8/site-packages/airflow/example_dags/example_branch_day_of_week_operator.py
[2022-03-22 18:07:46,365] {logging_mixin.py:109} INFO - [2022-03-22 18:07:46,365] {dag.py:2398} INFO - Sync 1 DAGs
[2022-03-22 18:07:46,376] {logging_mixin.py:109} INFO - [2022-03-22 18:07:46,376] {dag.py:2937} INFO - Setting next_dagrun for example_weekday_branch_operator to 2022-03-21 00:00:00+00:00
[2022-03-22 18:07:46,402] {processor.py:171} INFO - Processing /Users/adebolafagbule/opt/anaconda3/envs/airflow_env/lib/python3.8/site-packages/airflow/example_dags/example_branch_day_of_week_operator.py took 0.129 seconds
[2022-03-22 18:09:37,037] {processor.py:163} INFO - Started process (PID=65417) to work on /Users/adebolafagbule/opt/anaconda3/envs/airflow_env/lib/python3.8/site-packages/airflow/example_dags/example_branch_day_of_week_operator.py
[2022-03-22 18:09:37,039] {processor.py:642} INFO - Processing file /Users/adebolafagbule/opt/anaconda3/envs/airflow_env/lib/python3.8/site-packages/airflow/example_dags/example_branch_day_of_week_operator.py for tasks to queue
[2022-03-22 18:09:37,040] {logging_mixin.py:109} INFO - [2022-03-22 18:09:37,040] {dagbag.py:500} INFO - Filling up the DagBag from /Users/adebolafagbule/opt/anaconda3/envs/airflow_env/lib/python3.8/site-packages/airflow/example_dags/example_branch_day_of_week_operator.py
[2022-03-22 18:09:37,108] {processor.py:654} INFO - DAG(s) dict_keys(['example_weekday_branch_operator']) retrieved from /Users/adebolafagbule/opt/anaconda3/envs/airflow_env/lib/python3.8/site-packages/airflow/example_dags/example_branch_day_of_week_operator.py
[2022-03-22 18:09:37,132] {logging_mixin.py:109} INFO - [2022-03-22 18:09:37,132] {dag.py:2398} INFO - Sync 1 DAGs
[2022-03-22 18:09:37,142] {logging_mixin.py:109} INFO - [2022-03-22 18:09:37,142] {dag.py:2937} INFO - Setting next_dagrun for example_weekday_branch_operator to 2022-03-21 00:00:00+00:00
[2022-03-22 18:09:37,150] {processor.py:171} INFO - Processing /Users/adebolafagbule/opt/anaconda3/envs/airflow_env/lib/python3.8/site-packages/airflow/example_dags/example_branch_day_of_week_operator.py took 0.113 seconds
[2022-03-22 18:11:30,005] {processor.py:163} INFO - Started process (PID=65499) to work on /Users/adebolafagbule/opt/anaconda3/envs/airflow_env/lib/python3.8/site-packages/airflow/example_dags/example_branch_day_of_week_operator.py
[2022-03-22 18:11:30,007] {processor.py:642} INFO - Processing file /Users/adebolafagbule/opt/anaconda3/envs/airflow_env/lib/python3.8/site-packages/airflow/example_dags/example_branch_day_of_week_operator.py for tasks to queue
[2022-03-22 18:11:30,007] {logging_mixin.py:109} INFO - [2022-03-22 18:11:30,007] {dagbag.py:500} INFO - Filling up the DagBag from /Users/adebolafagbule/opt/anaconda3/envs/airflow_env/lib/python3.8/site-packages/airflow/example_dags/example_branch_day_of_week_operator.py
[2022-03-22 18:11:30,066] {processor.py:654} INFO - DAG(s) dict_keys(['example_weekday_branch_operator']) retrieved from /Users/adebolafagbule/opt/anaconda3/envs/airflow_env/lib/python3.8/site-packages/airflow/example_dags/example_branch_day_of_week_operator.py
[2022-03-22 18:11:30,101] {logging_mixin.py:109} INFO - [2022-03-22 18:11:30,100] {dag.py:2398} INFO - Sync 1 DAGs
[2022-03-22 18:11:30,113] {logging_mixin.py:109} INFO - [2022-03-22 18:11:30,113] {dag.py:2937} INFO - Setting next_dagrun for example_weekday_branch_operator to 2022-03-21 00:00:00+00:00
[2022-03-22 18:11:30,121] {processor.py:171} INFO - Processing /Users/adebolafagbule/opt/anaconda3/envs/airflow_env/lib/python3.8/site-packages/airflow/example_dags/example_branch_day_of_week_operator.py took 0.117 seconds
[2022-03-22 18:13:14,795] {processor.py:163} INFO - Started process (PID=65586) to work on /Users/adebolafagbule/opt/anaconda3/envs/airflow_env/lib/python3.8/site-packages/airflow/example_dags/example_branch_day_of_week_operator.py
[2022-03-22 18:13:14,799] {processor.py:642} INFO - Processing file /Users/adebolafagbule/opt/anaconda3/envs/airflow_env/lib/python3.8/site-packages/airflow/example_dags/example_branch_day_of_week_operator.py for tasks to queue
[2022-03-22 18:13:14,800] {logging_mixin.py:109} INFO - [2022-03-22 18:13:14,800] {dagbag.py:500} INFO - Filling up the DagBag from /Users/adebolafagbule/opt/anaconda3/envs/airflow_env/lib/python3.8/site-packages/airflow/example_dags/example_branch_day_of_week_operator.py
[2022-03-22 18:13:14,897] {processor.py:654} INFO - DAG(s) dict_keys(['example_weekday_branch_operator']) retrieved from /Users/adebolafagbule/opt/anaconda3/envs/airflow_env/lib/python3.8/site-packages/airflow/example_dags/example_branch_day_of_week_operator.py
[2022-03-22 18:13:14,920] {logging_mixin.py:109} INFO - [2022-03-22 18:13:14,920] {dag.py:2398} INFO - Sync 1 DAGs
[2022-03-22 18:13:14,931] {logging_mixin.py:109} INFO - [2022-03-22 18:13:14,931] {dag.py:2937} INFO - Setting next_dagrun for example_weekday_branch_operator to 2022-03-21 00:00:00+00:00
[2022-03-22 18:13:14,938] {processor.py:171} INFO - Processing /Users/adebolafagbule/opt/anaconda3/envs/airflow_env/lib/python3.8/site-packages/airflow/example_dags/example_branch_day_of_week_operator.py took 0.147 seconds
[2022-03-22 18:15:16,569] {processor.py:163} INFO - Started process (PID=65679) to work on /Users/adebolafagbule/opt/anaconda3/envs/airflow_env/lib/python3.8/site-packages/airflow/example_dags/example_branch_day_of_week_operator.py
[2022-03-22 18:15:16,572] {processor.py:642} INFO - Processing file /Users/adebolafagbule/opt/anaconda3/envs/airflow_env/lib/python3.8/site-packages/airflow/example_dags/example_branch_day_of_week_operator.py for tasks to queue
[2022-03-22 18:15:16,572] {logging_mixin.py:109} INFO - [2022-03-22 18:15:16,572] {dagbag.py:500} INFO - Filling up the DagBag from /Users/adebolafagbule/opt/anaconda3/envs/airflow_env/lib/python3.8/site-packages/airflow/example_dags/example_branch_day_of_week_operator.py
[2022-03-22 18:15:16,665] {processor.py:654} INFO - DAG(s) dict_keys(['example_weekday_branch_operator']) retrieved from /Users/adebolafagbule/opt/anaconda3/envs/airflow_env/lib/python3.8/site-packages/airflow/example_dags/example_branch_day_of_week_operator.py
[2022-03-22 18:15:16,684] {logging_mixin.py:109} INFO - [2022-03-22 18:15:16,684] {dag.py:2398} INFO - Sync 1 DAGs
[2022-03-22 18:15:16,697] {logging_mixin.py:109} INFO - [2022-03-22 18:15:16,696] {dag.py:2937} INFO - Setting next_dagrun for example_weekday_branch_operator to 2022-03-21 00:00:00+00:00
[2022-03-22 18:15:16,718] {processor.py:171} INFO - Processing /Users/adebolafagbule/opt/anaconda3/envs/airflow_env/lib/python3.8/site-packages/airflow/example_dags/example_branch_day_of_week_operator.py took 0.151 seconds
[2022-03-22 18:17:12,297] {processor.py:163} INFO - Started process (PID=65771) to work on /Users/adebolafagbule/opt/anaconda3/envs/airflow_env/lib/python3.8/site-packages/airflow/example_dags/example_branch_day_of_week_operator.py
[2022-03-22 18:17:12,299] {processor.py:642} INFO - Processing file /Users/adebolafagbule/opt/anaconda3/envs/airflow_env/lib/python3.8/site-packages/airflow/example_dags/example_branch_day_of_week_operator.py for tasks to queue
[2022-03-22 18:17:12,299] {logging_mixin.py:109} INFO - [2022-03-22 18:17:12,299] {dagbag.py:500} INFO - Filling up the DagBag from /Users/adebolafagbule/opt/anaconda3/envs/airflow_env/lib/python3.8/site-packages/airflow/example_dags/example_branch_day_of_week_operator.py
[2022-03-22 18:17:12,344] {processor.py:654} INFO - DAG(s) dict_keys(['example_weekday_branch_operator']) retrieved from /Users/adebolafagbule/opt/anaconda3/envs/airflow_env/lib/python3.8/site-packages/airflow/example_dags/example_branch_day_of_week_operator.py
[2022-03-22 18:17:12,359] {logging_mixin.py:109} INFO - [2022-03-22 18:17:12,359] {dag.py:2398} INFO - Sync 1 DAGs
[2022-03-22 18:17:12,370] {logging_mixin.py:109} INFO - [2022-03-22 18:17:12,370] {dag.py:2937} INFO - Setting next_dagrun for example_weekday_branch_operator to 2022-03-21 00:00:00+00:00
[2022-03-22 18:17:12,378] {processor.py:171} INFO - Processing /Users/adebolafagbule/opt/anaconda3/envs/airflow_env/lib/python3.8/site-packages/airflow/example_dags/example_branch_day_of_week_operator.py took 0.082 seconds
[2022-03-22 18:18:49,133] {processor.py:163} INFO - Started process (PID=65849) to work on /Users/adebolafagbule/opt/anaconda3/envs/airflow_env/lib/python3.8/site-packages/airflow/example_dags/example_branch_day_of_week_operator.py
[2022-03-22 18:18:49,134] {processor.py:642} INFO - Processing file /Users/adebolafagbule/opt/anaconda3/envs/airflow_env/lib/python3.8/site-packages/airflow/example_dags/example_branch_day_of_week_operator.py for tasks to queue
[2022-03-22 18:18:49,135] {logging_mixin.py:109} INFO - [2022-03-22 18:18:49,135] {dagbag.py:500} INFO - Filling up the DagBag from /Users/adebolafagbule/opt/anaconda3/envs/airflow_env/lib/python3.8/site-packages/airflow/example_dags/example_branch_day_of_week_operator.py
[2022-03-22 18:18:49,202] {processor.py:654} INFO - DAG(s) dict_keys(['example_weekday_branch_operator']) retrieved from /Users/adebolafagbule/opt/anaconda3/envs/airflow_env/lib/python3.8/site-packages/airflow/example_dags/example_branch_day_of_week_operator.py
[2022-03-22 18:18:49,240] {logging_mixin.py:109} INFO - [2022-03-22 18:18:49,240] {dag.py:2398} INFO - Sync 1 DAGs
[2022-03-22 18:18:49,250] {logging_mixin.py:109} INFO - [2022-03-22 18:18:49,250] {dag.py:2937} INFO - Setting next_dagrun for example_weekday_branch_operator to 2022-03-21 00:00:00+00:00
[2022-03-22 18:18:49,261] {processor.py:171} INFO - Processing /Users/adebolafagbule/opt/anaconda3/envs/airflow_env/lib/python3.8/site-packages/airflow/example_dags/example_branch_day_of_week_operator.py took 0.129 seconds
[2022-03-22 18:20:27,010] {processor.py:163} INFO - Started process (PID=65928) to work on /Users/adebolafagbule/opt/anaconda3/envs/airflow_env/lib/python3.8/site-packages/airflow/example_dags/example_branch_day_of_week_operator.py
[2022-03-22 18:20:27,013] {processor.py:642} INFO - Processing file /Users/adebolafagbule/opt/anaconda3/envs/airflow_env/lib/python3.8/site-packages/airflow/example_dags/example_branch_day_of_week_operator.py for tasks to queue
[2022-03-22 18:20:27,013] {logging_mixin.py:109} INFO - [2022-03-22 18:20:27,013] {dagbag.py:500} INFO - Filling up the DagBag from /Users/adebolafagbule/opt/anaconda3/envs/airflow_env/lib/python3.8/site-packages/airflow/example_dags/example_branch_day_of_week_operator.py
[2022-03-22 18:20:27,057] {processor.py:654} INFO - DAG(s) dict_keys(['example_weekday_branch_operator']) retrieved from /Users/adebolafagbule/opt/anaconda3/envs/airflow_env/lib/python3.8/site-packages/airflow/example_dags/example_branch_day_of_week_operator.py
[2022-03-22 18:20:27,070] {logging_mixin.py:109} INFO - [2022-03-22 18:20:27,070] {dag.py:2398} INFO - Sync 1 DAGs
[2022-03-22 18:20:27,079] {logging_mixin.py:109} INFO - [2022-03-22 18:20:27,079] {dag.py:2937} INFO - Setting next_dagrun for example_weekday_branch_operator to 2022-03-21 00:00:00+00:00
[2022-03-22 18:20:27,087] {processor.py:171} INFO - Processing /Users/adebolafagbule/opt/anaconda3/envs/airflow_env/lib/python3.8/site-packages/airflow/example_dags/example_branch_day_of_week_operator.py took 0.078 seconds
[2022-03-22 18:21:57,267] {processor.py:163} INFO - Started process (PID=66009) to work on /Users/adebolafagbule/opt/anaconda3/envs/airflow_env/lib/python3.8/site-packages/airflow/example_dags/example_branch_day_of_week_operator.py
[2022-03-22 18:21:57,269] {processor.py:642} INFO - Processing file /Users/adebolafagbule/opt/anaconda3/envs/airflow_env/lib/python3.8/site-packages/airflow/example_dags/example_branch_day_of_week_operator.py for tasks to queue
[2022-03-22 18:21:57,269] {logging_mixin.py:109} INFO - [2022-03-22 18:21:57,269] {dagbag.py:500} INFO - Filling up the DagBag from /Users/adebolafagbule/opt/anaconda3/envs/airflow_env/lib/python3.8/site-packages/airflow/example_dags/example_branch_day_of_week_operator.py
[2022-03-22 18:21:57,305] {processor.py:654} INFO - DAG(s) dict_keys(['example_weekday_branch_operator']) retrieved from /Users/adebolafagbule/opt/anaconda3/envs/airflow_env/lib/python3.8/site-packages/airflow/example_dags/example_branch_day_of_week_operator.py
[2022-03-22 18:21:57,320] {logging_mixin.py:109} INFO - [2022-03-22 18:21:57,319] {dag.py:2398} INFO - Sync 1 DAGs
[2022-03-22 18:21:57,330] {logging_mixin.py:109} INFO - [2022-03-22 18:21:57,330] {dag.py:2937} INFO - Setting next_dagrun for example_weekday_branch_operator to 2022-03-21 00:00:00+00:00
[2022-03-22 18:21:57,337] {processor.py:171} INFO - Processing /Users/adebolafagbule/opt/anaconda3/envs/airflow_env/lib/python3.8/site-packages/airflow/example_dags/example_branch_day_of_week_operator.py took 0.071 seconds
[2022-03-22 18:23:23,566] {processor.py:163} INFO - Started process (PID=66085) to work on /Users/adebolafagbule/opt/anaconda3/envs/airflow_env/lib/python3.8/site-packages/airflow/example_dags/example_branch_day_of_week_operator.py
[2022-03-22 18:23:23,567] {processor.py:642} INFO - Processing file /Users/adebolafagbule/opt/anaconda3/envs/airflow_env/lib/python3.8/site-packages/airflow/example_dags/example_branch_day_of_week_operator.py for tasks to queue
[2022-03-22 18:23:23,567] {logging_mixin.py:109} INFO - [2022-03-22 18:23:23,567] {dagbag.py:500} INFO - Filling up the DagBag from /Users/adebolafagbule/opt/anaconda3/envs/airflow_env/lib/python3.8/site-packages/airflow/example_dags/example_branch_day_of_week_operator.py
[2022-03-22 18:23:23,604] {processor.py:654} INFO - DAG(s) dict_keys(['example_weekday_branch_operator']) retrieved from /Users/adebolafagbule/opt/anaconda3/envs/airflow_env/lib/python3.8/site-packages/airflow/example_dags/example_branch_day_of_week_operator.py
[2022-03-22 18:23:23,619] {logging_mixin.py:109} INFO - [2022-03-22 18:23:23,619] {dag.py:2398} INFO - Sync 1 DAGs
[2022-03-22 18:23:23,630] {logging_mixin.py:109} INFO - [2022-03-22 18:23:23,630] {dag.py:2937} INFO - Setting next_dagrun for example_weekday_branch_operator to 2022-03-21 00:00:00+00:00
[2022-03-22 18:23:23,638] {processor.py:171} INFO - Processing /Users/adebolafagbule/opt/anaconda3/envs/airflow_env/lib/python3.8/site-packages/airflow/example_dags/example_branch_day_of_week_operator.py took 0.073 seconds
[2022-03-22 18:24:52,997] {processor.py:163} INFO - Started process (PID=66162) to work on /Users/adebolafagbule/opt/anaconda3/envs/airflow_env/lib/python3.8/site-packages/airflow/example_dags/example_branch_day_of_week_operator.py
[2022-03-22 18:24:52,999] {processor.py:642} INFO - Processing file /Users/adebolafagbule/opt/anaconda3/envs/airflow_env/lib/python3.8/site-packages/airflow/example_dags/example_branch_day_of_week_operator.py for tasks to queue
[2022-03-22 18:24:53,000] {logging_mixin.py:109} INFO - [2022-03-22 18:24:53,000] {dagbag.py:500} INFO - Filling up the DagBag from /Users/adebolafagbule/opt/anaconda3/envs/airflow_env/lib/python3.8/site-packages/airflow/example_dags/example_branch_day_of_week_operator.py
[2022-03-22 18:24:53,038] {processor.py:654} INFO - DAG(s) dict_keys(['example_weekday_branch_operator']) retrieved from /Users/adebolafagbule/opt/anaconda3/envs/airflow_env/lib/python3.8/site-packages/airflow/example_dags/example_branch_day_of_week_operator.py
[2022-03-22 18:24:53,097] {logging_mixin.py:109} INFO - [2022-03-22 18:24:53,096] {dag.py:2398} INFO - Sync 1 DAGs
[2022-03-22 18:24:53,108] {logging_mixin.py:109} INFO - [2022-03-22 18:24:53,108] {dag.py:2937} INFO - Setting next_dagrun for example_weekday_branch_operator to 2022-03-21 00:00:00+00:00
[2022-03-22 18:24:53,117] {processor.py:171} INFO - Processing /Users/adebolafagbule/opt/anaconda3/envs/airflow_env/lib/python3.8/site-packages/airflow/example_dags/example_branch_day_of_week_operator.py took 0.121 seconds
[2022-03-22 18:26:32,815] {processor.py:163} INFO - Started process (PID=66240) to work on /Users/adebolafagbule/opt/anaconda3/envs/airflow_env/lib/python3.8/site-packages/airflow/example_dags/example_branch_day_of_week_operator.py
[2022-03-22 18:26:32,816] {processor.py:642} INFO - Processing file /Users/adebolafagbule/opt/anaconda3/envs/airflow_env/lib/python3.8/site-packages/airflow/example_dags/example_branch_day_of_week_operator.py for tasks to queue
[2022-03-22 18:26:32,817] {logging_mixin.py:109} INFO - [2022-03-22 18:26:32,817] {dagbag.py:500} INFO - Filling up the DagBag from /Users/adebolafagbule/opt/anaconda3/envs/airflow_env/lib/python3.8/site-packages/airflow/example_dags/example_branch_day_of_week_operator.py
[2022-03-22 18:26:32,856] {processor.py:654} INFO - DAG(s) dict_keys(['example_weekday_branch_operator']) retrieved from /Users/adebolafagbule/opt/anaconda3/envs/airflow_env/lib/python3.8/site-packages/airflow/example_dags/example_branch_day_of_week_operator.py
[2022-03-22 18:26:32,871] {logging_mixin.py:109} INFO - [2022-03-22 18:26:32,871] {dag.py:2398} INFO - Sync 1 DAGs
[2022-03-22 18:26:32,881] {logging_mixin.py:109} INFO - [2022-03-22 18:26:32,881] {dag.py:2937} INFO - Setting next_dagrun for example_weekday_branch_operator to 2022-03-21 00:00:00+00:00
[2022-03-22 18:26:32,888] {processor.py:171} INFO - Processing /Users/adebolafagbule/opt/anaconda3/envs/airflow_env/lib/python3.8/site-packages/airflow/example_dags/example_branch_day_of_week_operator.py took 0.074 seconds
[2022-03-22 18:28:10,288] {processor.py:163} INFO - Started process (PID=66325) to work on /Users/adebolafagbule/opt/anaconda3/envs/airflow_env/lib/python3.8/site-packages/airflow/example_dags/example_branch_day_of_week_operator.py
[2022-03-22 18:28:10,290] {processor.py:642} INFO - Processing file /Users/adebolafagbule/opt/anaconda3/envs/airflow_env/lib/python3.8/site-packages/airflow/example_dags/example_branch_day_of_week_operator.py for tasks to queue
[2022-03-22 18:28:10,290] {logging_mixin.py:109} INFO - [2022-03-22 18:28:10,290] {dagbag.py:500} INFO - Filling up the DagBag from /Users/adebolafagbule/opt/anaconda3/envs/airflow_env/lib/python3.8/site-packages/airflow/example_dags/example_branch_day_of_week_operator.py
[2022-03-22 18:28:10,323] {processor.py:654} INFO - DAG(s) dict_keys(['example_weekday_branch_operator']) retrieved from /Users/adebolafagbule/opt/anaconda3/envs/airflow_env/lib/python3.8/site-packages/airflow/example_dags/example_branch_day_of_week_operator.py
[2022-03-22 18:28:10,338] {logging_mixin.py:109} INFO - [2022-03-22 18:28:10,337] {dag.py:2398} INFO - Sync 1 DAGs
[2022-03-22 18:28:10,348] {logging_mixin.py:109} INFO - [2022-03-22 18:28:10,348] {dag.py:2937} INFO - Setting next_dagrun for example_weekday_branch_operator to 2022-03-21 00:00:00+00:00
[2022-03-22 18:28:10,355] {processor.py:171} INFO - Processing /Users/adebolafagbule/opt/anaconda3/envs/airflow_env/lib/python3.8/site-packages/airflow/example_dags/example_branch_day_of_week_operator.py took 0.067 seconds
