[2022-03-21 21:43:55,216] {processor.py:163} INFO - Started process (PID=61170) to work on /Users/adebolafagbule/opt/anaconda3/envs/airflow_env/lib/python3.8/site-packages/airflow/example_dags/example_branch_python_dop_operator_3.py
[2022-03-21 21:43:55,217] {processor.py:642} INFO - Processing file /Users/adebolafagbule/opt/anaconda3/envs/airflow_env/lib/python3.8/site-packages/airflow/example_dags/example_branch_python_dop_operator_3.py for tasks to queue
[2022-03-21 21:43:55,218] {logging_mixin.py:109} INFO - [2022-03-21 21:43:55,218] {dagbag.py:500} INFO - Filling up the DagBag from /Users/adebolafagbule/opt/anaconda3/envs/airflow_env/lib/python3.8/site-packages/airflow/example_dags/example_branch_python_dop_operator_3.py
[2022-03-21 21:43:55,329] {processor.py:654} INFO - DAG(s) dict_keys(['example_branch_dop_operator_v3']) retrieved from /Users/adebolafagbule/opt/anaconda3/envs/airflow_env/lib/python3.8/site-packages/airflow/example_dags/example_branch_python_dop_operator_3.py
[2022-03-21 21:43:55,367] {logging_mixin.py:109} INFO - [2022-03-21 21:43:55,367] {dag.py:2398} INFO - Sync 1 DAGs
[2022-03-21 21:43:55,395] {logging_mixin.py:109} INFO - [2022-03-21 21:43:55,395] {dag.py:2937} INFO - Setting next_dagrun for example_branch_dop_operator_v3 to 2022-03-22T01:42:00+00:00
[2022-03-21 21:43:55,409] {processor.py:171} INFO - Processing /Users/adebolafagbule/opt/anaconda3/envs/airflow_env/lib/python3.8/site-packages/airflow/example_dags/example_branch_python_dop_operator_3.py took 0.194 seconds
[2022-03-22 04:36:43,266] {processor.py:163} INFO - Started process (PID=61377) to work on /Users/adebolafagbule/opt/anaconda3/envs/airflow_env/lib/python3.8/site-packages/airflow/example_dags/example_branch_python_dop_operator_3.py
[2022-03-22 04:36:43,268] {processor.py:642} INFO - Processing file /Users/adebolafagbule/opt/anaconda3/envs/airflow_env/lib/python3.8/site-packages/airflow/example_dags/example_branch_python_dop_operator_3.py for tasks to queue
[2022-03-22 04:36:43,269] {logging_mixin.py:109} INFO - [2022-03-22 04:36:43,269] {dagbag.py:500} INFO - Filling up the DagBag from /Users/adebolafagbule/opt/anaconda3/envs/airflow_env/lib/python3.8/site-packages/airflow/example_dags/example_branch_python_dop_operator_3.py
[2022-03-22 04:36:43,361] {processor.py:654} INFO - DAG(s) dict_keys(['example_branch_dop_operator_v3']) retrieved from /Users/adebolafagbule/opt/anaconda3/envs/airflow_env/lib/python3.8/site-packages/airflow/example_dags/example_branch_python_dop_operator_3.py
[2022-03-22 04:36:43,394] {logging_mixin.py:109} INFO - [2022-03-22 04:36:43,394] {dag.py:2398} INFO - Sync 1 DAGs
[2022-03-22 04:36:43,421] {logging_mixin.py:109} INFO - [2022-03-22 04:36:43,421] {dag.py:2937} INFO - Setting next_dagrun for example_branch_dop_operator_v3 to 2022-03-22T08:35:00+00:00
[2022-03-22 04:36:43,434] {processor.py:171} INFO - Processing /Users/adebolafagbule/opt/anaconda3/envs/airflow_env/lib/python3.8/site-packages/airflow/example_dags/example_branch_python_dop_operator_3.py took 0.169 seconds
[2022-03-22 07:00:06,894] {processor.py:163} INFO - Started process (PID=61521) to work on /Users/adebolafagbule/opt/anaconda3/envs/airflow_env/lib/python3.8/site-packages/airflow/example_dags/example_branch_python_dop_operator_3.py
[2022-03-22 07:00:06,895] {processor.py:642} INFO - Processing file /Users/adebolafagbule/opt/anaconda3/envs/airflow_env/lib/python3.8/site-packages/airflow/example_dags/example_branch_python_dop_operator_3.py for tasks to queue
[2022-03-22 07:00:06,897] {logging_mixin.py:109} INFO - [2022-03-22 07:00:06,897] {dagbag.py:500} INFO - Filling up the DagBag from /Users/adebolafagbule/opt/anaconda3/envs/airflow_env/lib/python3.8/site-packages/airflow/example_dags/example_branch_python_dop_operator_3.py
[2022-03-22 07:00:07,005] {processor.py:654} INFO - DAG(s) dict_keys(['example_branch_dop_operator_v3']) retrieved from /Users/adebolafagbule/opt/anaconda3/envs/airflow_env/lib/python3.8/site-packages/airflow/example_dags/example_branch_python_dop_operator_3.py
[2022-03-22 07:00:07,043] {logging_mixin.py:109} INFO - [2022-03-22 07:00:07,043] {dag.py:2398} INFO - Sync 1 DAGs
[2022-03-22 07:00:07,070] {logging_mixin.py:109} INFO - [2022-03-22 07:00:07,069] {dag.py:2937} INFO - Setting next_dagrun for example_branch_dop_operator_v3 to 2022-03-22T10:59:00+00:00
[2022-03-22 07:00:07,082] {processor.py:171} INFO - Processing /Users/adebolafagbule/opt/anaconda3/envs/airflow_env/lib/python3.8/site-packages/airflow/example_dags/example_branch_python_dop_operator_3.py took 0.192 seconds
[2022-03-22 08:28:25,611] {processor.py:163} INFO - Started process (PID=61654) to work on /Users/adebolafagbule/opt/anaconda3/envs/airflow_env/lib/python3.8/site-packages/airflow/example_dags/example_branch_python_dop_operator_3.py
[2022-03-22 08:28:25,613] {processor.py:642} INFO - Processing file /Users/adebolafagbule/opt/anaconda3/envs/airflow_env/lib/python3.8/site-packages/airflow/example_dags/example_branch_python_dop_operator_3.py for tasks to queue
[2022-03-22 08:28:25,614] {logging_mixin.py:109} INFO - [2022-03-22 08:28:25,613] {dagbag.py:500} INFO - Filling up the DagBag from /Users/adebolafagbule/opt/anaconda3/envs/airflow_env/lib/python3.8/site-packages/airflow/example_dags/example_branch_python_dop_operator_3.py
[2022-03-22 08:28:25,708] {processor.py:654} INFO - DAG(s) dict_keys(['example_branch_dop_operator_v3']) retrieved from /Users/adebolafagbule/opt/anaconda3/envs/airflow_env/lib/python3.8/site-packages/airflow/example_dags/example_branch_python_dop_operator_3.py
[2022-03-22 08:28:25,744] {logging_mixin.py:109} INFO - [2022-03-22 08:28:25,744] {dag.py:2398} INFO - Sync 1 DAGs
[2022-03-22 08:28:25,771] {logging_mixin.py:109} INFO - [2022-03-22 08:28:25,771] {dag.py:2937} INFO - Setting next_dagrun for example_branch_dop_operator_v3 to 2022-03-22T12:27:00+00:00
[2022-03-22 08:28:25,784] {processor.py:171} INFO - Processing /Users/adebolafagbule/opt/anaconda3/envs/airflow_env/lib/python3.8/site-packages/airflow/example_dags/example_branch_python_dop_operator_3.py took 0.174 seconds
[2022-03-22 09:15:53,031] {processor.py:163} INFO - Started process (PID=61796) to work on /Users/adebolafagbule/opt/anaconda3/envs/airflow_env/lib/python3.8/site-packages/airflow/example_dags/example_branch_python_dop_operator_3.py
[2022-03-22 09:15:53,033] {processor.py:642} INFO - Processing file /Users/adebolafagbule/opt/anaconda3/envs/airflow_env/lib/python3.8/site-packages/airflow/example_dags/example_branch_python_dop_operator_3.py for tasks to queue
[2022-03-22 09:15:53,034] {logging_mixin.py:109} INFO - [2022-03-22 09:15:53,034] {dagbag.py:500} INFO - Filling up the DagBag from /Users/adebolafagbule/opt/anaconda3/envs/airflow_env/lib/python3.8/site-packages/airflow/example_dags/example_branch_python_dop_operator_3.py
[2022-03-22 09:15:53,125] {processor.py:654} INFO - DAG(s) dict_keys(['example_branch_dop_operator_v3']) retrieved from /Users/adebolafagbule/opt/anaconda3/envs/airflow_env/lib/python3.8/site-packages/airflow/example_dags/example_branch_python_dop_operator_3.py
[2022-03-22 09:15:53,159] {logging_mixin.py:109} INFO - [2022-03-22 09:15:53,159] {dag.py:2398} INFO - Sync 1 DAGs
[2022-03-22 09:15:53,186] {logging_mixin.py:109} INFO - [2022-03-22 09:15:53,186] {dag.py:2937} INFO - Setting next_dagrun for example_branch_dop_operator_v3 to 2022-03-22T13:14:00+00:00
[2022-03-22 09:15:53,200] {processor.py:171} INFO - Processing /Users/adebolafagbule/opt/anaconda3/envs/airflow_env/lib/python3.8/site-packages/airflow/example_dags/example_branch_python_dop_operator_3.py took 0.170 seconds
[2022-03-22 09:52:57,916] {processor.py:163} INFO - Started process (PID=61961) to work on /Users/adebolafagbule/opt/anaconda3/envs/airflow_env/lib/python3.8/site-packages/airflow/example_dags/example_branch_python_dop_operator_3.py
[2022-03-22 09:52:57,917] {processor.py:642} INFO - Processing file /Users/adebolafagbule/opt/anaconda3/envs/airflow_env/lib/python3.8/site-packages/airflow/example_dags/example_branch_python_dop_operator_3.py for tasks to queue
[2022-03-22 09:52:57,917] {logging_mixin.py:109} INFO - [2022-03-22 09:52:57,917] {dagbag.py:500} INFO - Filling up the DagBag from /Users/adebolafagbule/opt/anaconda3/envs/airflow_env/lib/python3.8/site-packages/airflow/example_dags/example_branch_python_dop_operator_3.py
[2022-03-22 09:52:58,012] {processor.py:654} INFO - DAG(s) dict_keys(['example_branch_dop_operator_v3']) retrieved from /Users/adebolafagbule/opt/anaconda3/envs/airflow_env/lib/python3.8/site-packages/airflow/example_dags/example_branch_python_dop_operator_3.py
[2022-03-22 09:52:58,047] {logging_mixin.py:109} INFO - [2022-03-22 09:52:58,046] {dag.py:2398} INFO - Sync 1 DAGs
[2022-03-22 09:52:58,075] {logging_mixin.py:109} INFO - [2022-03-22 09:52:58,075] {dag.py:2937} INFO - Setting next_dagrun for example_branch_dop_operator_v3 to 2022-03-22T13:51:00+00:00
[2022-03-22 09:52:58,088] {processor.py:171} INFO - Processing /Users/adebolafagbule/opt/anaconda3/envs/airflow_env/lib/python3.8/site-packages/airflow/example_dags/example_branch_python_dop_operator_3.py took 0.174 seconds
[2022-03-22 10:44:25,078] {processor.py:163} INFO - Started process (PID=62109) to work on /Users/adebolafagbule/opt/anaconda3/envs/airflow_env/lib/python3.8/site-packages/airflow/example_dags/example_branch_python_dop_operator_3.py
[2022-03-22 10:44:25,080] {processor.py:642} INFO - Processing file /Users/adebolafagbule/opt/anaconda3/envs/airflow_env/lib/python3.8/site-packages/airflow/example_dags/example_branch_python_dop_operator_3.py for tasks to queue
[2022-03-22 10:44:25,081] {logging_mixin.py:109} INFO - [2022-03-22 10:44:25,081] {dagbag.py:500} INFO - Filling up the DagBag from /Users/adebolafagbule/opt/anaconda3/envs/airflow_env/lib/python3.8/site-packages/airflow/example_dags/example_branch_python_dop_operator_3.py
[2022-03-22 10:44:25,152] {processor.py:654} INFO - DAG(s) dict_keys(['example_branch_dop_operator_v3']) retrieved from /Users/adebolafagbule/opt/anaconda3/envs/airflow_env/lib/python3.8/site-packages/airflow/example_dags/example_branch_python_dop_operator_3.py
[2022-03-22 10:44:25,178] {logging_mixin.py:109} INFO - [2022-03-22 10:44:25,178] {dag.py:2398} INFO - Sync 1 DAGs
[2022-03-22 10:44:25,198] {logging_mixin.py:109} INFO - [2022-03-22 10:44:25,198] {dag.py:2937} INFO - Setting next_dagrun for example_branch_dop_operator_v3 to 2022-03-22T14:43:00+00:00
[2022-03-22 10:44:25,210] {processor.py:171} INFO - Processing /Users/adebolafagbule/opt/anaconda3/envs/airflow_env/lib/python3.8/site-packages/airflow/example_dags/example_branch_python_dop_operator_3.py took 0.132 seconds
[2022-03-22 11:00:48,051] {processor.py:163} INFO - Started process (PID=62207) to work on /Users/adebolafagbule/opt/anaconda3/envs/airflow_env/lib/python3.8/site-packages/airflow/example_dags/example_branch_python_dop_operator_3.py
[2022-03-22 11:00:48,055] {processor.py:642} INFO - Processing file /Users/adebolafagbule/opt/anaconda3/envs/airflow_env/lib/python3.8/site-packages/airflow/example_dags/example_branch_python_dop_operator_3.py for tasks to queue
[2022-03-22 11:00:48,055] {logging_mixin.py:109} INFO - [2022-03-22 11:00:48,055] {dagbag.py:500} INFO - Filling up the DagBag from /Users/adebolafagbule/opt/anaconda3/envs/airflow_env/lib/python3.8/site-packages/airflow/example_dags/example_branch_python_dop_operator_3.py
[2022-03-22 11:00:48,097] {processor.py:654} INFO - DAG(s) dict_keys(['example_branch_dop_operator_v3']) retrieved from /Users/adebolafagbule/opt/anaconda3/envs/airflow_env/lib/python3.8/site-packages/airflow/example_dags/example_branch_python_dop_operator_3.py
[2022-03-22 11:00:48,111] {logging_mixin.py:109} INFO - [2022-03-22 11:00:48,111] {dag.py:2398} INFO - Sync 1 DAGs
[2022-03-22 11:00:48,121] {logging_mixin.py:109} INFO - [2022-03-22 11:00:48,121] {dag.py:2937} INFO - Setting next_dagrun for example_branch_dop_operator_v3 to 2022-03-22T14:59:00+00:00
[2022-03-22 11:00:48,127] {processor.py:171} INFO - Processing /Users/adebolafagbule/opt/anaconda3/envs/airflow_env/lib/python3.8/site-packages/airflow/example_dags/example_branch_python_dop_operator_3.py took 0.077 seconds
[2022-03-22 11:02:03,837] {processor.py:163} INFO - Started process (PID=62289) to work on /Users/adebolafagbule/opt/anaconda3/envs/airflow_env/lib/python3.8/site-packages/airflow/example_dags/example_branch_python_dop_operator_3.py
[2022-03-22 11:02:03,838] {processor.py:642} INFO - Processing file /Users/adebolafagbule/opt/anaconda3/envs/airflow_env/lib/python3.8/site-packages/airflow/example_dags/example_branch_python_dop_operator_3.py for tasks to queue
[2022-03-22 11:02:03,839] {logging_mixin.py:109} INFO - [2022-03-22 11:02:03,839] {dagbag.py:500} INFO - Filling up the DagBag from /Users/adebolafagbule/opt/anaconda3/envs/airflow_env/lib/python3.8/site-packages/airflow/example_dags/example_branch_python_dop_operator_3.py
[2022-03-22 11:02:03,875] {processor.py:654} INFO - DAG(s) dict_keys(['example_branch_dop_operator_v3']) retrieved from /Users/adebolafagbule/opt/anaconda3/envs/airflow_env/lib/python3.8/site-packages/airflow/example_dags/example_branch_python_dop_operator_3.py
[2022-03-22 11:02:03,888] {logging_mixin.py:109} INFO - [2022-03-22 11:02:03,888] {dag.py:2398} INFO - Sync 1 DAGs
[2022-03-22 11:02:03,898] {logging_mixin.py:109} INFO - [2022-03-22 11:02:03,898] {dag.py:2937} INFO - Setting next_dagrun for example_branch_dop_operator_v3 to 2022-03-22T15:01:00+00:00
[2022-03-22 11:02:03,904] {processor.py:171} INFO - Processing /Users/adebolafagbule/opt/anaconda3/envs/airflow_env/lib/python3.8/site-packages/airflow/example_dags/example_branch_python_dop_operator_3.py took 0.068 seconds
[2022-03-22 11:03:19,825] {processor.py:163} INFO - Started process (PID=62466) to work on /Users/adebolafagbule/opt/anaconda3/envs/airflow_env/lib/python3.8/site-packages/airflow/example_dags/example_branch_python_dop_operator_3.py
[2022-03-22 11:03:19,826] {processor.py:642} INFO - Processing file /Users/adebolafagbule/opt/anaconda3/envs/airflow_env/lib/python3.8/site-packages/airflow/example_dags/example_branch_python_dop_operator_3.py for tasks to queue
[2022-03-22 11:03:19,826] {logging_mixin.py:109} INFO - [2022-03-22 11:03:19,826] {dagbag.py:500} INFO - Filling up the DagBag from /Users/adebolafagbule/opt/anaconda3/envs/airflow_env/lib/python3.8/site-packages/airflow/example_dags/example_branch_python_dop_operator_3.py
[2022-03-22 11:03:19,877] {processor.py:654} INFO - DAG(s) dict_keys(['example_branch_dop_operator_v3']) retrieved from /Users/adebolafagbule/opt/anaconda3/envs/airflow_env/lib/python3.8/site-packages/airflow/example_dags/example_branch_python_dop_operator_3.py
[2022-03-22 11:03:19,890] {logging_mixin.py:109} INFO - [2022-03-22 11:03:19,890] {dag.py:2398} INFO - Sync 1 DAGs
[2022-03-22 11:03:19,900] {logging_mixin.py:109} INFO - [2022-03-22 11:03:19,900] {dag.py:2937} INFO - Setting next_dagrun for example_branch_dop_operator_v3 to 2022-03-22T15:02:00+00:00
[2022-03-22 11:03:19,906] {processor.py:171} INFO - Processing /Users/adebolafagbule/opt/anaconda3/envs/airflow_env/lib/python3.8/site-packages/airflow/example_dags/example_branch_python_dop_operator_3.py took 0.082 seconds
[2022-03-22 11:04:39,415] {processor.py:163} INFO - Started process (PID=62541) to work on /Users/adebolafagbule/opt/anaconda3/envs/airflow_env/lib/python3.8/site-packages/airflow/example_dags/example_branch_python_dop_operator_3.py
[2022-03-22 11:04:39,416] {processor.py:642} INFO - Processing file /Users/adebolafagbule/opt/anaconda3/envs/airflow_env/lib/python3.8/site-packages/airflow/example_dags/example_branch_python_dop_operator_3.py for tasks to queue
[2022-03-22 11:04:39,416] {logging_mixin.py:109} INFO - [2022-03-22 11:04:39,416] {dagbag.py:500} INFO - Filling up the DagBag from /Users/adebolafagbule/opt/anaconda3/envs/airflow_env/lib/python3.8/site-packages/airflow/example_dags/example_branch_python_dop_operator_3.py
[2022-03-22 11:04:39,453] {processor.py:654} INFO - DAG(s) dict_keys(['example_branch_dop_operator_v3']) retrieved from /Users/adebolafagbule/opt/anaconda3/envs/airflow_env/lib/python3.8/site-packages/airflow/example_dags/example_branch_python_dop_operator_3.py
[2022-03-22 11:04:39,466] {logging_mixin.py:109} INFO - [2022-03-22 11:04:39,466] {dag.py:2398} INFO - Sync 1 DAGs
[2022-03-22 11:04:39,477] {logging_mixin.py:109} INFO - [2022-03-22 11:04:39,477] {dag.py:2937} INFO - Setting next_dagrun for example_branch_dop_operator_v3 to 2022-03-22T15:03:00+00:00
[2022-03-22 11:04:39,482] {processor.py:171} INFO - Processing /Users/adebolafagbule/opt/anaconda3/envs/airflow_env/lib/python3.8/site-packages/airflow/example_dags/example_branch_python_dop_operator_3.py took 0.068 seconds
[2022-03-22 11:24:49,545] {processor.py:163} INFO - Started process (PID=62685) to work on /Users/adebolafagbule/opt/anaconda3/envs/airflow_env/lib/python3.8/site-packages/airflow/example_dags/example_branch_python_dop_operator_3.py
[2022-03-22 11:24:49,545] {processor.py:642} INFO - Processing file /Users/adebolafagbule/opt/anaconda3/envs/airflow_env/lib/python3.8/site-packages/airflow/example_dags/example_branch_python_dop_operator_3.py for tasks to queue
[2022-03-22 11:24:49,546] {logging_mixin.py:109} INFO - [2022-03-22 11:24:49,546] {dagbag.py:500} INFO - Filling up the DagBag from /Users/adebolafagbule/opt/anaconda3/envs/airflow_env/lib/python3.8/site-packages/airflow/example_dags/example_branch_python_dop_operator_3.py
[2022-03-22 11:24:49,614] {processor.py:654} INFO - DAG(s) dict_keys(['example_branch_dop_operator_v3']) retrieved from /Users/adebolafagbule/opt/anaconda3/envs/airflow_env/lib/python3.8/site-packages/airflow/example_dags/example_branch_python_dop_operator_3.py
[2022-03-22 11:24:49,642] {logging_mixin.py:109} INFO - [2022-03-22 11:24:49,642] {dag.py:2398} INFO - Sync 1 DAGs
[2022-03-22 11:24:49,657] {logging_mixin.py:109} INFO - [2022-03-22 11:24:49,657] {dag.py:2937} INFO - Setting next_dagrun for example_branch_dop_operator_v3 to 2022-03-22T15:23:00+00:00
[2022-03-22 11:24:49,665] {processor.py:171} INFO - Processing /Users/adebolafagbule/opt/anaconda3/envs/airflow_env/lib/python3.8/site-packages/airflow/example_dags/example_branch_python_dop_operator_3.py took 0.121 seconds
[2022-03-22 12:12:09,772] {processor.py:163} INFO - Started process (PID=62775) to work on /Users/adebolafagbule/opt/anaconda3/envs/airflow_env/lib/python3.8/site-packages/airflow/example_dags/example_branch_python_dop_operator_3.py
[2022-03-22 12:12:09,772] {processor.py:642} INFO - Processing file /Users/adebolafagbule/opt/anaconda3/envs/airflow_env/lib/python3.8/site-packages/airflow/example_dags/example_branch_python_dop_operator_3.py for tasks to queue
[2022-03-22 12:12:09,773] {logging_mixin.py:109} INFO - [2022-03-22 12:12:09,773] {dagbag.py:500} INFO - Filling up the DagBag from /Users/adebolafagbule/opt/anaconda3/envs/airflow_env/lib/python3.8/site-packages/airflow/example_dags/example_branch_python_dop_operator_3.py
[2022-03-22 12:12:09,853] {processor.py:654} INFO - DAG(s) dict_keys(['example_branch_dop_operator_v3']) retrieved from /Users/adebolafagbule/opt/anaconda3/envs/airflow_env/lib/python3.8/site-packages/airflow/example_dags/example_branch_python_dop_operator_3.py
[2022-03-22 12:12:09,883] {logging_mixin.py:109} INFO - [2022-03-22 12:12:09,883] {dag.py:2398} INFO - Sync 1 DAGs
[2022-03-22 12:12:09,906] {logging_mixin.py:109} INFO - [2022-03-22 12:12:09,906] {dag.py:2937} INFO - Setting next_dagrun for example_branch_dop_operator_v3 to 2022-03-22T16:11:00+00:00
[2022-03-22 12:12:09,918] {processor.py:171} INFO - Processing /Users/adebolafagbule/opt/anaconda3/envs/airflow_env/lib/python3.8/site-packages/airflow/example_dags/example_branch_python_dop_operator_3.py took 0.147 seconds
[2022-03-22 12:46:53,104] {processor.py:163} INFO - Started process (PID=62862) to work on /Users/adebolafagbule/opt/anaconda3/envs/airflow_env/lib/python3.8/site-packages/airflow/example_dags/example_branch_python_dop_operator_3.py
[2022-03-22 12:46:53,105] {processor.py:642} INFO - Processing file /Users/adebolafagbule/opt/anaconda3/envs/airflow_env/lib/python3.8/site-packages/airflow/example_dags/example_branch_python_dop_operator_3.py for tasks to queue
[2022-03-22 12:46:53,106] {logging_mixin.py:109} INFO - [2022-03-22 12:46:53,106] {dagbag.py:500} INFO - Filling up the DagBag from /Users/adebolafagbule/opt/anaconda3/envs/airflow_env/lib/python3.8/site-packages/airflow/example_dags/example_branch_python_dop_operator_3.py
[2022-03-22 12:46:53,143] {processor.py:654} INFO - DAG(s) dict_keys(['example_branch_dop_operator_v3']) retrieved from /Users/adebolafagbule/opt/anaconda3/envs/airflow_env/lib/python3.8/site-packages/airflow/example_dags/example_branch_python_dop_operator_3.py
[2022-03-22 12:46:53,158] {logging_mixin.py:109} INFO - [2022-03-22 12:46:53,158] {dag.py:2398} INFO - Sync 1 DAGs
[2022-03-22 12:46:53,168] {logging_mixin.py:109} INFO - [2022-03-22 12:46:53,168] {dag.py:2937} INFO - Setting next_dagrun for example_branch_dop_operator_v3 to 2022-03-22T16:45:00+00:00
[2022-03-22 12:46:53,174] {processor.py:171} INFO - Processing /Users/adebolafagbule/opt/anaconda3/envs/airflow_env/lib/python3.8/site-packages/airflow/example_dags/example_branch_python_dop_operator_3.py took 0.070 seconds
[2022-03-22 14:18:18,300] {processor.py:163} INFO - Started process (PID=63014) to work on /Users/adebolafagbule/opt/anaconda3/envs/airflow_env/lib/python3.8/site-packages/airflow/example_dags/example_branch_python_dop_operator_3.py
[2022-03-22 14:18:18,302] {processor.py:642} INFO - Processing file /Users/adebolafagbule/opt/anaconda3/envs/airflow_env/lib/python3.8/site-packages/airflow/example_dags/example_branch_python_dop_operator_3.py for tasks to queue
[2022-03-22 14:18:18,303] {logging_mixin.py:109} INFO - [2022-03-22 14:18:18,303] {dagbag.py:500} INFO - Filling up the DagBag from /Users/adebolafagbule/opt/anaconda3/envs/airflow_env/lib/python3.8/site-packages/airflow/example_dags/example_branch_python_dop_operator_3.py
[2022-03-22 14:18:18,437] {processor.py:654} INFO - DAG(s) dict_keys(['example_branch_dop_operator_v3']) retrieved from /Users/adebolafagbule/opt/anaconda3/envs/airflow_env/lib/python3.8/site-packages/airflow/example_dags/example_branch_python_dop_operator_3.py
[2022-03-22 14:18:18,477] {logging_mixin.py:109} INFO - [2022-03-22 14:18:18,477] {dag.py:2398} INFO - Sync 1 DAGs
[2022-03-22 14:18:18,506] {logging_mixin.py:109} INFO - [2022-03-22 14:18:18,505] {dag.py:2937} INFO - Setting next_dagrun for example_branch_dop_operator_v3 to 2022-03-22T18:17:00+00:00
[2022-03-22 14:18:18,521] {processor.py:171} INFO - Processing /Users/adebolafagbule/opt/anaconda3/envs/airflow_env/lib/python3.8/site-packages/airflow/example_dags/example_branch_python_dop_operator_3.py took 0.223 seconds
[2022-03-22 15:15:14,684] {processor.py:163} INFO - Started process (PID=63202) to work on /Users/adebolafagbule/opt/anaconda3/envs/airflow_env/lib/python3.8/site-packages/airflow/example_dags/example_branch_python_dop_operator_3.py
[2022-03-22 15:15:14,685] {processor.py:642} INFO - Processing file /Users/adebolafagbule/opt/anaconda3/envs/airflow_env/lib/python3.8/site-packages/airflow/example_dags/example_branch_python_dop_operator_3.py for tasks to queue
[2022-03-22 15:15:14,686] {logging_mixin.py:109} INFO - [2022-03-22 15:15:14,686] {dagbag.py:500} INFO - Filling up the DagBag from /Users/adebolafagbule/opt/anaconda3/envs/airflow_env/lib/python3.8/site-packages/airflow/example_dags/example_branch_python_dop_operator_3.py
[2022-03-22 15:15:14,778] {processor.py:654} INFO - DAG(s) dict_keys(['example_branch_dop_operator_v3']) retrieved from /Users/adebolafagbule/opt/anaconda3/envs/airflow_env/lib/python3.8/site-packages/airflow/example_dags/example_branch_python_dop_operator_3.py
[2022-03-22 15:15:14,814] {logging_mixin.py:109} INFO - [2022-03-22 15:15:14,814] {dag.py:2398} INFO - Sync 1 DAGs
[2022-03-22 15:15:14,841] {logging_mixin.py:109} INFO - [2022-03-22 15:15:14,841] {dag.py:2937} INFO - Setting next_dagrun for example_branch_dop_operator_v3 to 2022-03-22T19:14:00+00:00
[2022-03-22 15:15:14,855] {processor.py:171} INFO - Processing /Users/adebolafagbule/opt/anaconda3/envs/airflow_env/lib/python3.8/site-packages/airflow/example_dags/example_branch_python_dop_operator_3.py took 0.172 seconds
[2022-03-22 16:28:30,742] {processor.py:163} INFO - Started process (PID=63328) to work on /Users/adebolafagbule/opt/anaconda3/envs/airflow_env/lib/python3.8/site-packages/airflow/example_dags/example_branch_python_dop_operator_3.py
[2022-03-22 16:28:30,747] {processor.py:642} INFO - Processing file /Users/adebolafagbule/opt/anaconda3/envs/airflow_env/lib/python3.8/site-packages/airflow/example_dags/example_branch_python_dop_operator_3.py for tasks to queue
[2022-03-22 16:28:30,749] {logging_mixin.py:109} INFO - [2022-03-22 16:28:30,749] {dagbag.py:500} INFO - Filling up the DagBag from /Users/adebolafagbule/opt/anaconda3/envs/airflow_env/lib/python3.8/site-packages/airflow/example_dags/example_branch_python_dop_operator_3.py
[2022-03-22 16:28:30,918] {processor.py:654} INFO - DAG(s) dict_keys(['example_branch_dop_operator_v3']) retrieved from /Users/adebolafagbule/opt/anaconda3/envs/airflow_env/lib/python3.8/site-packages/airflow/example_dags/example_branch_python_dop_operator_3.py
[2022-03-22 16:28:30,966] {logging_mixin.py:109} INFO - [2022-03-22 16:28:30,966] {dag.py:2398} INFO - Sync 1 DAGs
[2022-03-22 16:28:30,996] {logging_mixin.py:109} INFO - [2022-03-22 16:28:30,996] {dag.py:2937} INFO - Setting next_dagrun for example_branch_dop_operator_v3 to 2022-03-22T20:27:00+00:00
[2022-03-22 16:28:31,012] {processor.py:171} INFO - Processing /Users/adebolafagbule/opt/anaconda3/envs/airflow_env/lib/python3.8/site-packages/airflow/example_dags/example_branch_python_dop_operator_3.py took 0.304 seconds
[2022-03-22 16:36:09,200] {processor.py:163} INFO - Started process (PID=63414) to work on /Users/adebolafagbule/opt/anaconda3/envs/airflow_env/lib/python3.8/site-packages/airflow/example_dags/example_branch_python_dop_operator_3.py
[2022-03-22 16:36:09,201] {processor.py:642} INFO - Processing file /Users/adebolafagbule/opt/anaconda3/envs/airflow_env/lib/python3.8/site-packages/airflow/example_dags/example_branch_python_dop_operator_3.py for tasks to queue
[2022-03-22 16:36:09,202] {logging_mixin.py:109} INFO - [2022-03-22 16:36:09,202] {dagbag.py:500} INFO - Filling up the DagBag from /Users/adebolafagbule/opt/anaconda3/envs/airflow_env/lib/python3.8/site-packages/airflow/example_dags/example_branch_python_dop_operator_3.py
[2022-03-22 16:36:09,276] {processor.py:654} INFO - DAG(s) dict_keys(['example_branch_dop_operator_v3']) retrieved from /Users/adebolafagbule/opt/anaconda3/envs/airflow_env/lib/python3.8/site-packages/airflow/example_dags/example_branch_python_dop_operator_3.py
[2022-03-22 16:36:09,302] {logging_mixin.py:109} INFO - [2022-03-22 16:36:09,302] {dag.py:2398} INFO - Sync 1 DAGs
[2022-03-22 16:36:09,323] {logging_mixin.py:109} INFO - [2022-03-22 16:36:09,322] {dag.py:2937} INFO - Setting next_dagrun for example_branch_dop_operator_v3 to 2022-03-22T20:35:00+00:00
[2022-03-22 16:36:09,333] {processor.py:171} INFO - Processing /Users/adebolafagbule/opt/anaconda3/envs/airflow_env/lib/python3.8/site-packages/airflow/example_dags/example_branch_python_dop_operator_3.py took 0.135 seconds
[2022-03-22 17:30:10,842] {processor.py:163} INFO - Started process (PID=63491) to work on /Users/adebolafagbule/opt/anaconda3/envs/airflow_env/lib/python3.8/site-packages/airflow/example_dags/example_branch_python_dop_operator_3.py
[2022-03-22 17:30:10,843] {processor.py:642} INFO - Processing file /Users/adebolafagbule/opt/anaconda3/envs/airflow_env/lib/python3.8/site-packages/airflow/example_dags/example_branch_python_dop_operator_3.py for tasks to queue
[2022-03-22 17:30:10,844] {logging_mixin.py:109} INFO - [2022-03-22 17:30:10,844] {dagbag.py:500} INFO - Filling up the DagBag from /Users/adebolafagbule/opt/anaconda3/envs/airflow_env/lib/python3.8/site-packages/airflow/example_dags/example_branch_python_dop_operator_3.py
[2022-03-22 17:30:10,889] {processor.py:654} INFO - DAG(s) dict_keys(['example_branch_dop_operator_v3']) retrieved from /Users/adebolafagbule/opt/anaconda3/envs/airflow_env/lib/python3.8/site-packages/airflow/example_dags/example_branch_python_dop_operator_3.py
[2022-03-22 17:30:10,908] {logging_mixin.py:109} INFO - [2022-03-22 17:30:10,908] {dag.py:2398} INFO - Sync 1 DAGs
[2022-03-22 17:30:10,921] {logging_mixin.py:109} INFO - [2022-03-22 17:30:10,921] {dag.py:2937} INFO - Setting next_dagrun for example_branch_dop_operator_v3 to 2022-03-22T21:29:00+00:00
[2022-03-22 17:30:10,928] {processor.py:171} INFO - Processing /Users/adebolafagbule/opt/anaconda3/envs/airflow_env/lib/python3.8/site-packages/airflow/example_dags/example_branch_python_dop_operator_3.py took 0.086 seconds
[2022-03-22 17:31:38,450] {processor.py:163} INFO - Started process (PID=63578) to work on /Users/adebolafagbule/opt/anaconda3/envs/airflow_env/lib/python3.8/site-packages/airflow/example_dags/example_branch_python_dop_operator_3.py
[2022-03-22 17:31:38,451] {processor.py:642} INFO - Processing file /Users/adebolafagbule/opt/anaconda3/envs/airflow_env/lib/python3.8/site-packages/airflow/example_dags/example_branch_python_dop_operator_3.py for tasks to queue
[2022-03-22 17:31:38,451] {logging_mixin.py:109} INFO - [2022-03-22 17:31:38,451] {dagbag.py:500} INFO - Filling up the DagBag from /Users/adebolafagbule/opt/anaconda3/envs/airflow_env/lib/python3.8/site-packages/airflow/example_dags/example_branch_python_dop_operator_3.py
[2022-03-22 17:31:38,525] {processor.py:654} INFO - DAG(s) dict_keys(['example_branch_dop_operator_v3']) retrieved from /Users/adebolafagbule/opt/anaconda3/envs/airflow_env/lib/python3.8/site-packages/airflow/example_dags/example_branch_python_dop_operator_3.py
[2022-03-22 17:31:38,539] {logging_mixin.py:109} INFO - [2022-03-22 17:31:38,539] {dag.py:2398} INFO - Sync 1 DAGs
[2022-03-22 17:31:38,549] {logging_mixin.py:109} INFO - [2022-03-22 17:31:38,549] {dag.py:2937} INFO - Setting next_dagrun for example_branch_dop_operator_v3 to 2022-03-22T21:30:00+00:00
[2022-03-22 17:31:38,554] {processor.py:171} INFO - Processing /Users/adebolafagbule/opt/anaconda3/envs/airflow_env/lib/python3.8/site-packages/airflow/example_dags/example_branch_python_dop_operator_3.py took 0.105 seconds
[2022-03-22 17:33:09,948] {processor.py:163} INFO - Started process (PID=63660) to work on /Users/adebolafagbule/opt/anaconda3/envs/airflow_env/lib/python3.8/site-packages/airflow/example_dags/example_branch_python_dop_operator_3.py
[2022-03-22 17:33:09,950] {processor.py:642} INFO - Processing file /Users/adebolafagbule/opt/anaconda3/envs/airflow_env/lib/python3.8/site-packages/airflow/example_dags/example_branch_python_dop_operator_3.py for tasks to queue
[2022-03-22 17:33:09,950] {logging_mixin.py:109} INFO - [2022-03-22 17:33:09,950] {dagbag.py:500} INFO - Filling up the DagBag from /Users/adebolafagbule/opt/anaconda3/envs/airflow_env/lib/python3.8/site-packages/airflow/example_dags/example_branch_python_dop_operator_3.py
[2022-03-22 17:33:09,989] {processor.py:654} INFO - DAG(s) dict_keys(['example_branch_dop_operator_v3']) retrieved from /Users/adebolafagbule/opt/anaconda3/envs/airflow_env/lib/python3.8/site-packages/airflow/example_dags/example_branch_python_dop_operator_3.py
[2022-03-22 17:33:10,004] {logging_mixin.py:109} INFO - [2022-03-22 17:33:10,004] {dag.py:2398} INFO - Sync 1 DAGs
[2022-03-22 17:33:10,021] {logging_mixin.py:109} INFO - [2022-03-22 17:33:10,021] {dag.py:2937} INFO - Setting next_dagrun for example_branch_dop_operator_v3 to 2022-03-22T21:32:00+00:00
[2022-03-22 17:33:10,030] {processor.py:171} INFO - Processing /Users/adebolafagbule/opt/anaconda3/envs/airflow_env/lib/python3.8/site-packages/airflow/example_dags/example_branch_python_dop_operator_3.py took 0.082 seconds
[2022-03-22 17:34:24,555] {processor.py:163} INFO - Started process (PID=63734) to work on /Users/adebolafagbule/opt/anaconda3/envs/airflow_env/lib/python3.8/site-packages/airflow/example_dags/example_branch_python_dop_operator_3.py
[2022-03-22 17:34:24,555] {processor.py:642} INFO - Processing file /Users/adebolafagbule/opt/anaconda3/envs/airflow_env/lib/python3.8/site-packages/airflow/example_dags/example_branch_python_dop_operator_3.py for tasks to queue
[2022-03-22 17:34:24,555] {logging_mixin.py:109} INFO - [2022-03-22 17:34:24,555] {dagbag.py:500} INFO - Filling up the DagBag from /Users/adebolafagbule/opt/anaconda3/envs/airflow_env/lib/python3.8/site-packages/airflow/example_dags/example_branch_python_dop_operator_3.py
[2022-03-22 17:34:24,590] {processor.py:654} INFO - DAG(s) dict_keys(['example_branch_dop_operator_v3']) retrieved from /Users/adebolafagbule/opt/anaconda3/envs/airflow_env/lib/python3.8/site-packages/airflow/example_dags/example_branch_python_dop_operator_3.py
[2022-03-22 17:34:24,602] {logging_mixin.py:109} INFO - [2022-03-22 17:34:24,602] {dag.py:2398} INFO - Sync 1 DAGs
[2022-03-22 17:34:24,612] {logging_mixin.py:109} INFO - [2022-03-22 17:34:24,612] {dag.py:2937} INFO - Setting next_dagrun for example_branch_dop_operator_v3 to 2022-03-22T21:33:00+00:00
[2022-03-22 17:34:24,618] {processor.py:171} INFO - Processing /Users/adebolafagbule/opt/anaconda3/envs/airflow_env/lib/python3.8/site-packages/airflow/example_dags/example_branch_python_dop_operator_3.py took 0.064 seconds
[2022-03-22 17:35:37,543] {processor.py:163} INFO - Started process (PID=63807) to work on /Users/adebolafagbule/opt/anaconda3/envs/airflow_env/lib/python3.8/site-packages/airflow/example_dags/example_branch_python_dop_operator_3.py
[2022-03-22 17:35:37,544] {processor.py:642} INFO - Processing file /Users/adebolafagbule/opt/anaconda3/envs/airflow_env/lib/python3.8/site-packages/airflow/example_dags/example_branch_python_dop_operator_3.py for tasks to queue
[2022-03-22 17:35:37,545] {logging_mixin.py:109} INFO - [2022-03-22 17:35:37,545] {dagbag.py:500} INFO - Filling up the DagBag from /Users/adebolafagbule/opt/anaconda3/envs/airflow_env/lib/python3.8/site-packages/airflow/example_dags/example_branch_python_dop_operator_3.py
[2022-03-22 17:35:37,593] {processor.py:654} INFO - DAG(s) dict_keys(['example_branch_dop_operator_v3']) retrieved from /Users/adebolafagbule/opt/anaconda3/envs/airflow_env/lib/python3.8/site-packages/airflow/example_dags/example_branch_python_dop_operator_3.py
[2022-03-22 17:35:37,606] {logging_mixin.py:109} INFO - [2022-03-22 17:35:37,606] {dag.py:2398} INFO - Sync 1 DAGs
[2022-03-22 17:35:37,616] {logging_mixin.py:109} INFO - [2022-03-22 17:35:37,616] {dag.py:2937} INFO - Setting next_dagrun for example_branch_dop_operator_v3 to 2022-03-22T21:34:00+00:00
[2022-03-22 17:35:37,624] {processor.py:171} INFO - Processing /Users/adebolafagbule/opt/anaconda3/envs/airflow_env/lib/python3.8/site-packages/airflow/example_dags/example_branch_python_dop_operator_3.py took 0.081 seconds
[2022-03-22 17:36:52,845] {processor.py:163} INFO - Started process (PID=63880) to work on /Users/adebolafagbule/opt/anaconda3/envs/airflow_env/lib/python3.8/site-packages/airflow/example_dags/example_branch_python_dop_operator_3.py
[2022-03-22 17:36:52,846] {processor.py:642} INFO - Processing file /Users/adebolafagbule/opt/anaconda3/envs/airflow_env/lib/python3.8/site-packages/airflow/example_dags/example_branch_python_dop_operator_3.py for tasks to queue
[2022-03-22 17:36:52,847] {logging_mixin.py:109} INFO - [2022-03-22 17:36:52,846] {dagbag.py:500} INFO - Filling up the DagBag from /Users/adebolafagbule/opt/anaconda3/envs/airflow_env/lib/python3.8/site-packages/airflow/example_dags/example_branch_python_dop_operator_3.py
[2022-03-22 17:36:52,884] {processor.py:654} INFO - DAG(s) dict_keys(['example_branch_dop_operator_v3']) retrieved from /Users/adebolafagbule/opt/anaconda3/envs/airflow_env/lib/python3.8/site-packages/airflow/example_dags/example_branch_python_dop_operator_3.py
[2022-03-22 17:36:52,900] {logging_mixin.py:109} INFO - [2022-03-22 17:36:52,900] {dag.py:2398} INFO - Sync 1 DAGs
[2022-03-22 17:36:52,912] {logging_mixin.py:109} INFO - [2022-03-22 17:36:52,912] {dag.py:2937} INFO - Setting next_dagrun for example_branch_dop_operator_v3 to 2022-03-22T21:35:00+00:00
[2022-03-22 17:36:52,918] {processor.py:171} INFO - Processing /Users/adebolafagbule/opt/anaconda3/envs/airflow_env/lib/python3.8/site-packages/airflow/example_dags/example_branch_python_dop_operator_3.py took 0.074 seconds
[2022-03-22 17:38:12,657] {processor.py:163} INFO - Started process (PID=63952) to work on /Users/adebolafagbule/opt/anaconda3/envs/airflow_env/lib/python3.8/site-packages/airflow/example_dags/example_branch_python_dop_operator_3.py
[2022-03-22 17:38:12,659] {processor.py:642} INFO - Processing file /Users/adebolafagbule/opt/anaconda3/envs/airflow_env/lib/python3.8/site-packages/airflow/example_dags/example_branch_python_dop_operator_3.py for tasks to queue
[2022-03-22 17:38:12,660] {logging_mixin.py:109} INFO - [2022-03-22 17:38:12,660] {dagbag.py:500} INFO - Filling up the DagBag from /Users/adebolafagbule/opt/anaconda3/envs/airflow_env/lib/python3.8/site-packages/airflow/example_dags/example_branch_python_dop_operator_3.py
[2022-03-22 17:38:12,720] {processor.py:654} INFO - DAG(s) dict_keys(['example_branch_dop_operator_v3']) retrieved from /Users/adebolafagbule/opt/anaconda3/envs/airflow_env/lib/python3.8/site-packages/airflow/example_dags/example_branch_python_dop_operator_3.py
[2022-03-22 17:38:12,734] {logging_mixin.py:109} INFO - [2022-03-22 17:38:12,734] {dag.py:2398} INFO - Sync 1 DAGs
[2022-03-22 17:38:12,744] {logging_mixin.py:109} INFO - [2022-03-22 17:38:12,744] {dag.py:2937} INFO - Setting next_dagrun for example_branch_dop_operator_v3 to 2022-03-22T21:37:00+00:00
[2022-03-22 17:38:12,749] {processor.py:171} INFO - Processing /Users/adebolafagbule/opt/anaconda3/envs/airflow_env/lib/python3.8/site-packages/airflow/example_dags/example_branch_python_dop_operator_3.py took 0.092 seconds
[2022-03-22 17:39:43,722] {processor.py:163} INFO - Started process (PID=64032) to work on /Users/adebolafagbule/opt/anaconda3/envs/airflow_env/lib/python3.8/site-packages/airflow/example_dags/example_branch_python_dop_operator_3.py
[2022-03-22 17:39:43,723] {processor.py:642} INFO - Processing file /Users/adebolafagbule/opt/anaconda3/envs/airflow_env/lib/python3.8/site-packages/airflow/example_dags/example_branch_python_dop_operator_3.py for tasks to queue
[2022-03-22 17:39:43,724] {logging_mixin.py:109} INFO - [2022-03-22 17:39:43,723] {dagbag.py:500} INFO - Filling up the DagBag from /Users/adebolafagbule/opt/anaconda3/envs/airflow_env/lib/python3.8/site-packages/airflow/example_dags/example_branch_python_dop_operator_3.py
[2022-03-22 17:39:43,789] {processor.py:654} INFO - DAG(s) dict_keys(['example_branch_dop_operator_v3']) retrieved from /Users/adebolafagbule/opt/anaconda3/envs/airflow_env/lib/python3.8/site-packages/airflow/example_dags/example_branch_python_dop_operator_3.py
[2022-03-22 17:39:43,810] {logging_mixin.py:109} INFO - [2022-03-22 17:39:43,810] {dag.py:2398} INFO - Sync 1 DAGs
[2022-03-22 17:39:43,825] {logging_mixin.py:109} INFO - [2022-03-22 17:39:43,825] {dag.py:2937} INFO - Setting next_dagrun for example_branch_dop_operator_v3 to 2022-03-22T21:38:00+00:00
[2022-03-22 17:39:43,832] {processor.py:171} INFO - Processing /Users/adebolafagbule/opt/anaconda3/envs/airflow_env/lib/python3.8/site-packages/airflow/example_dags/example_branch_python_dop_operator_3.py took 0.111 seconds
[2022-03-22 17:41:08,663] {processor.py:163} INFO - Started process (PID=64106) to work on /Users/adebolafagbule/opt/anaconda3/envs/airflow_env/lib/python3.8/site-packages/airflow/example_dags/example_branch_python_dop_operator_3.py
[2022-03-22 17:41:08,664] {processor.py:642} INFO - Processing file /Users/adebolafagbule/opt/anaconda3/envs/airflow_env/lib/python3.8/site-packages/airflow/example_dags/example_branch_python_dop_operator_3.py for tasks to queue
[2022-03-22 17:41:08,665] {logging_mixin.py:109} INFO - [2022-03-22 17:41:08,665] {dagbag.py:500} INFO - Filling up the DagBag from /Users/adebolafagbule/opt/anaconda3/envs/airflow_env/lib/python3.8/site-packages/airflow/example_dags/example_branch_python_dop_operator_3.py
[2022-03-22 17:41:08,723] {processor.py:654} INFO - DAG(s) dict_keys(['example_branch_dop_operator_v3']) retrieved from /Users/adebolafagbule/opt/anaconda3/envs/airflow_env/lib/python3.8/site-packages/airflow/example_dags/example_branch_python_dop_operator_3.py
[2022-03-22 17:41:08,738] {logging_mixin.py:109} INFO - [2022-03-22 17:41:08,738] {dag.py:2398} INFO - Sync 1 DAGs
[2022-03-22 17:41:08,749] {logging_mixin.py:109} INFO - [2022-03-22 17:41:08,748] {dag.py:2937} INFO - Setting next_dagrun for example_branch_dop_operator_v3 to 2022-03-22T21:40:00+00:00
[2022-03-22 17:41:08,754] {processor.py:171} INFO - Processing /Users/adebolafagbule/opt/anaconda3/envs/airflow_env/lib/python3.8/site-packages/airflow/example_dags/example_branch_python_dop_operator_3.py took 0.092 seconds
[2022-03-22 17:42:47,428] {processor.py:163} INFO - Started process (PID=64189) to work on /Users/adebolafagbule/opt/anaconda3/envs/airflow_env/lib/python3.8/site-packages/airflow/example_dags/example_branch_python_dop_operator_3.py
[2022-03-22 17:42:47,430] {processor.py:642} INFO - Processing file /Users/adebolafagbule/opt/anaconda3/envs/airflow_env/lib/python3.8/site-packages/airflow/example_dags/example_branch_python_dop_operator_3.py for tasks to queue
[2022-03-22 17:42:47,430] {logging_mixin.py:109} INFO - [2022-03-22 17:42:47,430] {dagbag.py:500} INFO - Filling up the DagBag from /Users/adebolafagbule/opt/anaconda3/envs/airflow_env/lib/python3.8/site-packages/airflow/example_dags/example_branch_python_dop_operator_3.py
[2022-03-22 17:42:47,561] {processor.py:654} INFO - DAG(s) dict_keys(['example_branch_dop_operator_v3']) retrieved from /Users/adebolafagbule/opt/anaconda3/envs/airflow_env/lib/python3.8/site-packages/airflow/example_dags/example_branch_python_dop_operator_3.py
[2022-03-22 17:42:47,597] {logging_mixin.py:109} INFO - [2022-03-22 17:42:47,597] {dag.py:2398} INFO - Sync 1 DAGs
[2022-03-22 17:42:47,610] {logging_mixin.py:109} INFO - [2022-03-22 17:42:47,610] {dag.py:2937} INFO - Setting next_dagrun for example_branch_dop_operator_v3 to 2022-03-22T21:41:00+00:00
[2022-03-22 17:42:47,617] {processor.py:171} INFO - Processing /Users/adebolafagbule/opt/anaconda3/envs/airflow_env/lib/python3.8/site-packages/airflow/example_dags/example_branch_python_dop_operator_3.py took 0.190 seconds
[2022-03-22 17:44:19,133] {processor.py:163} INFO - Started process (PID=64268) to work on /Users/adebolafagbule/opt/anaconda3/envs/airflow_env/lib/python3.8/site-packages/airflow/example_dags/example_branch_python_dop_operator_3.py
[2022-03-22 17:44:19,134] {processor.py:642} INFO - Processing file /Users/adebolafagbule/opt/anaconda3/envs/airflow_env/lib/python3.8/site-packages/airflow/example_dags/example_branch_python_dop_operator_3.py for tasks to queue
[2022-03-22 17:44:19,134] {logging_mixin.py:109} INFO - [2022-03-22 17:44:19,134] {dagbag.py:500} INFO - Filling up the DagBag from /Users/adebolafagbule/opt/anaconda3/envs/airflow_env/lib/python3.8/site-packages/airflow/example_dags/example_branch_python_dop_operator_3.py
[2022-03-22 17:44:19,188] {processor.py:654} INFO - DAG(s) dict_keys(['example_branch_dop_operator_v3']) retrieved from /Users/adebolafagbule/opt/anaconda3/envs/airflow_env/lib/python3.8/site-packages/airflow/example_dags/example_branch_python_dop_operator_3.py
[2022-03-22 17:44:19,202] {logging_mixin.py:109} INFO - [2022-03-22 17:44:19,202] {dag.py:2398} INFO - Sync 1 DAGs
[2022-03-22 17:44:19,213] {logging_mixin.py:109} INFO - [2022-03-22 17:44:19,213] {dag.py:2937} INFO - Setting next_dagrun for example_branch_dop_operator_v3 to 2022-03-22T21:43:00+00:00
[2022-03-22 17:44:19,220] {processor.py:171} INFO - Processing /Users/adebolafagbule/opt/anaconda3/envs/airflow_env/lib/python3.8/site-packages/airflow/example_dags/example_branch_python_dop_operator_3.py took 0.088 seconds
[2022-03-22 17:45:52,108] {processor.py:163} INFO - Started process (PID=64354) to work on /Users/adebolafagbule/opt/anaconda3/envs/airflow_env/lib/python3.8/site-packages/airflow/example_dags/example_branch_python_dop_operator_3.py
[2022-03-22 17:45:52,109] {processor.py:642} INFO - Processing file /Users/adebolafagbule/opt/anaconda3/envs/airflow_env/lib/python3.8/site-packages/airflow/example_dags/example_branch_python_dop_operator_3.py for tasks to queue
[2022-03-22 17:45:52,109] {logging_mixin.py:109} INFO - [2022-03-22 17:45:52,109] {dagbag.py:500} INFO - Filling up the DagBag from /Users/adebolafagbule/opt/anaconda3/envs/airflow_env/lib/python3.8/site-packages/airflow/example_dags/example_branch_python_dop_operator_3.py
[2022-03-22 17:45:52,149] {processor.py:654} INFO - DAG(s) dict_keys(['example_branch_dop_operator_v3']) retrieved from /Users/adebolafagbule/opt/anaconda3/envs/airflow_env/lib/python3.8/site-packages/airflow/example_dags/example_branch_python_dop_operator_3.py
[2022-03-22 17:45:52,164] {logging_mixin.py:109} INFO - [2022-03-22 17:45:52,164] {dag.py:2398} INFO - Sync 1 DAGs
[2022-03-22 17:45:52,174] {logging_mixin.py:109} INFO - [2022-03-22 17:45:52,174] {dag.py:2937} INFO - Setting next_dagrun for example_branch_dop_operator_v3 to 2022-03-22T21:44:00+00:00
[2022-03-22 17:45:52,186] {processor.py:171} INFO - Processing /Users/adebolafagbule/opt/anaconda3/envs/airflow_env/lib/python3.8/site-packages/airflow/example_dags/example_branch_python_dop_operator_3.py took 0.078 seconds
[2022-03-22 17:47:22,933] {processor.py:163} INFO - Started process (PID=64432) to work on /Users/adebolafagbule/opt/anaconda3/envs/airflow_env/lib/python3.8/site-packages/airflow/example_dags/example_branch_python_dop_operator_3.py
[2022-03-22 17:47:22,935] {processor.py:642} INFO - Processing file /Users/adebolafagbule/opt/anaconda3/envs/airflow_env/lib/python3.8/site-packages/airflow/example_dags/example_branch_python_dop_operator_3.py for tasks to queue
[2022-03-22 17:47:22,935] {logging_mixin.py:109} INFO - [2022-03-22 17:47:22,935] {dagbag.py:500} INFO - Filling up the DagBag from /Users/adebolafagbule/opt/anaconda3/envs/airflow_env/lib/python3.8/site-packages/airflow/example_dags/example_branch_python_dop_operator_3.py
[2022-03-22 17:47:22,981] {processor.py:654} INFO - DAG(s) dict_keys(['example_branch_dop_operator_v3']) retrieved from /Users/adebolafagbule/opt/anaconda3/envs/airflow_env/lib/python3.8/site-packages/airflow/example_dags/example_branch_python_dop_operator_3.py
[2022-03-22 17:47:22,998] {logging_mixin.py:109} INFO - [2022-03-22 17:47:22,998] {dag.py:2398} INFO - Sync 1 DAGs
[2022-03-22 17:47:23,010] {logging_mixin.py:109} INFO - [2022-03-22 17:47:23,010] {dag.py:2937} INFO - Setting next_dagrun for example_branch_dop_operator_v3 to 2022-03-22T21:46:00+00:00
[2022-03-22 17:47:23,017] {processor.py:171} INFO - Processing /Users/adebolafagbule/opt/anaconda3/envs/airflow_env/lib/python3.8/site-packages/airflow/example_dags/example_branch_python_dop_operator_3.py took 0.084 seconds
[2022-03-22 17:48:47,739] {processor.py:163} INFO - Started process (PID=64509) to work on /Users/adebolafagbule/opt/anaconda3/envs/airflow_env/lib/python3.8/site-packages/airflow/example_dags/example_branch_python_dop_operator_3.py
[2022-03-22 17:48:47,740] {processor.py:642} INFO - Processing file /Users/adebolafagbule/opt/anaconda3/envs/airflow_env/lib/python3.8/site-packages/airflow/example_dags/example_branch_python_dop_operator_3.py for tasks to queue
[2022-03-22 17:48:47,741] {logging_mixin.py:109} INFO - [2022-03-22 17:48:47,741] {dagbag.py:500} INFO - Filling up the DagBag from /Users/adebolafagbule/opt/anaconda3/envs/airflow_env/lib/python3.8/site-packages/airflow/example_dags/example_branch_python_dop_operator_3.py
[2022-03-22 17:48:47,781] {processor.py:654} INFO - DAG(s) dict_keys(['example_branch_dop_operator_v3']) retrieved from /Users/adebolafagbule/opt/anaconda3/envs/airflow_env/lib/python3.8/site-packages/airflow/example_dags/example_branch_python_dop_operator_3.py
[2022-03-22 17:48:47,797] {logging_mixin.py:109} INFO - [2022-03-22 17:48:47,797] {dag.py:2398} INFO - Sync 1 DAGs
[2022-03-22 17:48:47,808] {logging_mixin.py:109} INFO - [2022-03-22 17:48:47,808] {dag.py:2937} INFO - Setting next_dagrun for example_branch_dop_operator_v3 to 2022-03-22T21:47:00+00:00
[2022-03-22 17:48:47,817] {processor.py:171} INFO - Processing /Users/adebolafagbule/opt/anaconda3/envs/airflow_env/lib/python3.8/site-packages/airflow/example_dags/example_branch_python_dop_operator_3.py took 0.078 seconds
[2022-03-22 17:50:12,486] {processor.py:163} INFO - Started process (PID=64588) to work on /Users/adebolafagbule/opt/anaconda3/envs/airflow_env/lib/python3.8/site-packages/airflow/example_dags/example_branch_python_dop_operator_3.py
[2022-03-22 17:50:12,487] {processor.py:642} INFO - Processing file /Users/adebolafagbule/opt/anaconda3/envs/airflow_env/lib/python3.8/site-packages/airflow/example_dags/example_branch_python_dop_operator_3.py for tasks to queue
[2022-03-22 17:50:12,487] {logging_mixin.py:109} INFO - [2022-03-22 17:50:12,487] {dagbag.py:500} INFO - Filling up the DagBag from /Users/adebolafagbule/opt/anaconda3/envs/airflow_env/lib/python3.8/site-packages/airflow/example_dags/example_branch_python_dop_operator_3.py
[2022-03-22 17:50:12,535] {processor.py:654} INFO - DAG(s) dict_keys(['example_branch_dop_operator_v3']) retrieved from /Users/adebolafagbule/opt/anaconda3/envs/airflow_env/lib/python3.8/site-packages/airflow/example_dags/example_branch_python_dop_operator_3.py
[2022-03-22 17:50:12,550] {logging_mixin.py:109} INFO - [2022-03-22 17:50:12,550] {dag.py:2398} INFO - Sync 1 DAGs
[2022-03-22 17:50:12,561] {logging_mixin.py:109} INFO - [2022-03-22 17:50:12,560] {dag.py:2937} INFO - Setting next_dagrun for example_branch_dop_operator_v3 to 2022-03-22T21:49:00+00:00
[2022-03-22 17:50:12,567] {processor.py:171} INFO - Processing /Users/adebolafagbule/opt/anaconda3/envs/airflow_env/lib/python3.8/site-packages/airflow/example_dags/example_branch_python_dop_operator_3.py took 0.081 seconds
[2022-03-22 17:51:43,072] {processor.py:163} INFO - Started process (PID=64667) to work on /Users/adebolafagbule/opt/anaconda3/envs/airflow_env/lib/python3.8/site-packages/airflow/example_dags/example_branch_python_dop_operator_3.py
[2022-03-22 17:51:43,073] {processor.py:642} INFO - Processing file /Users/adebolafagbule/opt/anaconda3/envs/airflow_env/lib/python3.8/site-packages/airflow/example_dags/example_branch_python_dop_operator_3.py for tasks to queue
[2022-03-22 17:51:43,073] {logging_mixin.py:109} INFO - [2022-03-22 17:51:43,073] {dagbag.py:500} INFO - Filling up the DagBag from /Users/adebolafagbule/opt/anaconda3/envs/airflow_env/lib/python3.8/site-packages/airflow/example_dags/example_branch_python_dop_operator_3.py
[2022-03-22 17:51:43,118] {processor.py:654} INFO - DAG(s) dict_keys(['example_branch_dop_operator_v3']) retrieved from /Users/adebolafagbule/opt/anaconda3/envs/airflow_env/lib/python3.8/site-packages/airflow/example_dags/example_branch_python_dop_operator_3.py
[2022-03-22 17:51:43,134] {logging_mixin.py:109} INFO - [2022-03-22 17:51:43,134] {dag.py:2398} INFO - Sync 1 DAGs
[2022-03-22 17:51:43,145] {logging_mixin.py:109} INFO - [2022-03-22 17:51:43,145] {dag.py:2937} INFO - Setting next_dagrun for example_branch_dop_operator_v3 to 2022-03-22T21:50:00+00:00
[2022-03-22 17:51:43,152] {processor.py:171} INFO - Processing /Users/adebolafagbule/opt/anaconda3/envs/airflow_env/lib/python3.8/site-packages/airflow/example_dags/example_branch_python_dop_operator_3.py took 0.081 seconds
[2022-03-22 17:53:18,645] {processor.py:163} INFO - Started process (PID=64746) to work on /Users/adebolafagbule/opt/anaconda3/envs/airflow_env/lib/python3.8/site-packages/airflow/example_dags/example_branch_python_dop_operator_3.py
[2022-03-22 17:53:18,646] {processor.py:642} INFO - Processing file /Users/adebolafagbule/opt/anaconda3/envs/airflow_env/lib/python3.8/site-packages/airflow/example_dags/example_branch_python_dop_operator_3.py for tasks to queue
[2022-03-22 17:53:18,646] {logging_mixin.py:109} INFO - [2022-03-22 17:53:18,646] {dagbag.py:500} INFO - Filling up the DagBag from /Users/adebolafagbule/opt/anaconda3/envs/airflow_env/lib/python3.8/site-packages/airflow/example_dags/example_branch_python_dop_operator_3.py
[2022-03-22 17:53:18,695] {processor.py:654} INFO - DAG(s) dict_keys(['example_branch_dop_operator_v3']) retrieved from /Users/adebolafagbule/opt/anaconda3/envs/airflow_env/lib/python3.8/site-packages/airflow/example_dags/example_branch_python_dop_operator_3.py
[2022-03-22 17:53:18,721] {logging_mixin.py:109} INFO - [2022-03-22 17:53:18,721] {dag.py:2398} INFO - Sync 1 DAGs
[2022-03-22 17:53:18,733] {logging_mixin.py:109} INFO - [2022-03-22 17:53:18,733] {dag.py:2937} INFO - Setting next_dagrun for example_branch_dop_operator_v3 to 2022-03-22T21:52:00+00:00
[2022-03-22 17:53:18,740] {processor.py:171} INFO - Processing /Users/adebolafagbule/opt/anaconda3/envs/airflow_env/lib/python3.8/site-packages/airflow/example_dags/example_branch_python_dop_operator_3.py took 0.096 seconds
[2022-03-22 17:55:11,803] {processor.py:163} INFO - Started process (PID=64826) to work on /Users/adebolafagbule/opt/anaconda3/envs/airflow_env/lib/python3.8/site-packages/airflow/example_dags/example_branch_python_dop_operator_3.py
[2022-03-22 17:55:11,805] {processor.py:642} INFO - Processing file /Users/adebolafagbule/opt/anaconda3/envs/airflow_env/lib/python3.8/site-packages/airflow/example_dags/example_branch_python_dop_operator_3.py for tasks to queue
[2022-03-22 17:55:11,805] {logging_mixin.py:109} INFO - [2022-03-22 17:55:11,805] {dagbag.py:500} INFO - Filling up the DagBag from /Users/adebolafagbule/opt/anaconda3/envs/airflow_env/lib/python3.8/site-packages/airflow/example_dags/example_branch_python_dop_operator_3.py
[2022-03-22 17:55:11,849] {processor.py:654} INFO - DAG(s) dict_keys(['example_branch_dop_operator_v3']) retrieved from /Users/adebolafagbule/opt/anaconda3/envs/airflow_env/lib/python3.8/site-packages/airflow/example_dags/example_branch_python_dop_operator_3.py
[2022-03-22 17:55:11,871] {logging_mixin.py:109} INFO - [2022-03-22 17:55:11,871] {dag.py:2398} INFO - Sync 1 DAGs
[2022-03-22 17:55:11,886] {logging_mixin.py:109} INFO - [2022-03-22 17:55:11,886] {dag.py:2937} INFO - Setting next_dagrun for example_branch_dop_operator_v3 to 2022-03-22T21:54:00+00:00
[2022-03-22 17:55:11,892] {processor.py:171} INFO - Processing /Users/adebolafagbule/opt/anaconda3/envs/airflow_env/lib/python3.8/site-packages/airflow/example_dags/example_branch_python_dop_operator_3.py took 0.089 seconds
[2022-03-22 17:57:47,414] {processor.py:163} INFO - Started process (PID=64925) to work on /Users/adebolafagbule/opt/anaconda3/envs/airflow_env/lib/python3.8/site-packages/airflow/example_dags/example_branch_python_dop_operator_3.py
[2022-03-22 17:57:47,415] {processor.py:642} INFO - Processing file /Users/adebolafagbule/opt/anaconda3/envs/airflow_env/lib/python3.8/site-packages/airflow/example_dags/example_branch_python_dop_operator_3.py for tasks to queue
[2022-03-22 17:57:47,416] {logging_mixin.py:109} INFO - [2022-03-22 17:57:47,416] {dagbag.py:500} INFO - Filling up the DagBag from /Users/adebolafagbule/opt/anaconda3/envs/airflow_env/lib/python3.8/site-packages/airflow/example_dags/example_branch_python_dop_operator_3.py
[2022-03-22 17:57:47,463] {processor.py:654} INFO - DAG(s) dict_keys(['example_branch_dop_operator_v3']) retrieved from /Users/adebolafagbule/opt/anaconda3/envs/airflow_env/lib/python3.8/site-packages/airflow/example_dags/example_branch_python_dop_operator_3.py
[2022-03-22 17:57:47,478] {logging_mixin.py:109} INFO - [2022-03-22 17:57:47,478] {dag.py:2398} INFO - Sync 1 DAGs
[2022-03-22 17:57:47,489] {logging_mixin.py:109} INFO - [2022-03-22 17:57:47,489] {dag.py:2937} INFO - Setting next_dagrun for example_branch_dop_operator_v3 to 2022-03-22T21:56:00+00:00
[2022-03-22 17:57:47,495] {processor.py:171} INFO - Processing /Users/adebolafagbule/opt/anaconda3/envs/airflow_env/lib/python3.8/site-packages/airflow/example_dags/example_branch_python_dop_operator_3.py took 0.081 seconds
[2022-03-22 18:00:12,277] {processor.py:163} INFO - Started process (PID=65016) to work on /Users/adebolafagbule/opt/anaconda3/envs/airflow_env/lib/python3.8/site-packages/airflow/example_dags/example_branch_python_dop_operator_3.py
[2022-03-22 18:00:12,278] {processor.py:642} INFO - Processing file /Users/adebolafagbule/opt/anaconda3/envs/airflow_env/lib/python3.8/site-packages/airflow/example_dags/example_branch_python_dop_operator_3.py for tasks to queue
[2022-03-22 18:00:12,279] {logging_mixin.py:109} INFO - [2022-03-22 18:00:12,279] {dagbag.py:500} INFO - Filling up the DagBag from /Users/adebolafagbule/opt/anaconda3/envs/airflow_env/lib/python3.8/site-packages/airflow/example_dags/example_branch_python_dop_operator_3.py
[2022-03-22 18:00:12,345] {processor.py:654} INFO - DAG(s) dict_keys(['example_branch_dop_operator_v3']) retrieved from /Users/adebolafagbule/opt/anaconda3/envs/airflow_env/lib/python3.8/site-packages/airflow/example_dags/example_branch_python_dop_operator_3.py
[2022-03-22 18:00:12,382] {logging_mixin.py:109} INFO - [2022-03-22 18:00:12,382] {dag.py:2398} INFO - Sync 1 DAGs
[2022-03-22 18:00:12,395] {logging_mixin.py:109} INFO - [2022-03-22 18:00:12,394] {dag.py:2937} INFO - Setting next_dagrun for example_branch_dop_operator_v3 to 2022-03-22T21:59:00+00:00
[2022-03-22 18:00:12,401] {processor.py:171} INFO - Processing /Users/adebolafagbule/opt/anaconda3/envs/airflow_env/lib/python3.8/site-packages/airflow/example_dags/example_branch_python_dop_operator_3.py took 0.125 seconds
[2022-03-22 18:02:36,158] {processor.py:163} INFO - Started process (PID=65110) to work on /Users/adebolafagbule/opt/anaconda3/envs/airflow_env/lib/python3.8/site-packages/airflow/example_dags/example_branch_python_dop_operator_3.py
[2022-03-22 18:02:36,159] {processor.py:642} INFO - Processing file /Users/adebolafagbule/opt/anaconda3/envs/airflow_env/lib/python3.8/site-packages/airflow/example_dags/example_branch_python_dop_operator_3.py for tasks to queue
[2022-03-22 18:02:36,160] {logging_mixin.py:109} INFO - [2022-03-22 18:02:36,160] {dagbag.py:500} INFO - Filling up the DagBag from /Users/adebolafagbule/opt/anaconda3/envs/airflow_env/lib/python3.8/site-packages/airflow/example_dags/example_branch_python_dop_operator_3.py
[2022-03-22 18:02:36,262] {processor.py:654} INFO - DAG(s) dict_keys(['example_branch_dop_operator_v3']) retrieved from /Users/adebolafagbule/opt/anaconda3/envs/airflow_env/lib/python3.8/site-packages/airflow/example_dags/example_branch_python_dop_operator_3.py
[2022-03-22 18:02:36,307] {logging_mixin.py:109} INFO - [2022-03-22 18:02:36,306] {dag.py:2398} INFO - Sync 1 DAGs
[2022-03-22 18:02:36,320] {logging_mixin.py:109} INFO - [2022-03-22 18:02:36,320] {dag.py:2937} INFO - Setting next_dagrun for example_branch_dop_operator_v3 to 2022-03-22T22:01:00+00:00
[2022-03-22 18:02:36,326] {processor.py:171} INFO - Processing /Users/adebolafagbule/opt/anaconda3/envs/airflow_env/lib/python3.8/site-packages/airflow/example_dags/example_branch_python_dop_operator_3.py took 0.188 seconds
[2022-03-22 18:04:59,675] {processor.py:163} INFO - Started process (PID=65202) to work on /Users/adebolafagbule/opt/anaconda3/envs/airflow_env/lib/python3.8/site-packages/airflow/example_dags/example_branch_python_dop_operator_3.py
[2022-03-22 18:04:59,677] {processor.py:642} INFO - Processing file /Users/adebolafagbule/opt/anaconda3/envs/airflow_env/lib/python3.8/site-packages/airflow/example_dags/example_branch_python_dop_operator_3.py for tasks to queue
[2022-03-22 18:04:59,677] {logging_mixin.py:109} INFO - [2022-03-22 18:04:59,677] {dagbag.py:500} INFO - Filling up the DagBag from /Users/adebolafagbule/opt/anaconda3/envs/airflow_env/lib/python3.8/site-packages/airflow/example_dags/example_branch_python_dop_operator_3.py
[2022-03-22 18:04:59,727] {processor.py:654} INFO - DAG(s) dict_keys(['example_branch_dop_operator_v3']) retrieved from /Users/adebolafagbule/opt/anaconda3/envs/airflow_env/lib/python3.8/site-packages/airflow/example_dags/example_branch_python_dop_operator_3.py
[2022-03-22 18:04:59,744] {logging_mixin.py:109} INFO - [2022-03-22 18:04:59,744] {dag.py:2398} INFO - Sync 1 DAGs
[2022-03-22 18:04:59,756] {logging_mixin.py:109} INFO - [2022-03-22 18:04:59,756] {dag.py:2937} INFO - Setting next_dagrun for example_branch_dop_operator_v3 to 2022-03-22T22:03:00+00:00
[2022-03-22 18:04:59,762] {processor.py:171} INFO - Processing /Users/adebolafagbule/opt/anaconda3/envs/airflow_env/lib/python3.8/site-packages/airflow/example_dags/example_branch_python_dop_operator_3.py took 0.087 seconds
[2022-03-22 18:06:51,179] {processor.py:163} INFO - Started process (PID=65288) to work on /Users/adebolafagbule/opt/anaconda3/envs/airflow_env/lib/python3.8/site-packages/airflow/example_dags/example_branch_python_dop_operator_3.py
[2022-03-22 18:06:51,180] {processor.py:642} INFO - Processing file /Users/adebolafagbule/opt/anaconda3/envs/airflow_env/lib/python3.8/site-packages/airflow/example_dags/example_branch_python_dop_operator_3.py for tasks to queue
[2022-03-22 18:06:51,180] {logging_mixin.py:109} INFO - [2022-03-22 18:06:51,180] {dagbag.py:500} INFO - Filling up the DagBag from /Users/adebolafagbule/opt/anaconda3/envs/airflow_env/lib/python3.8/site-packages/airflow/example_dags/example_branch_python_dop_operator_3.py
[2022-03-22 18:06:51,230] {processor.py:654} INFO - DAG(s) dict_keys(['example_branch_dop_operator_v3']) retrieved from /Users/adebolafagbule/opt/anaconda3/envs/airflow_env/lib/python3.8/site-packages/airflow/example_dags/example_branch_python_dop_operator_3.py
[2022-03-22 18:06:51,251] {logging_mixin.py:109} INFO - [2022-03-22 18:06:51,251] {dag.py:2398} INFO - Sync 1 DAGs
[2022-03-22 18:06:51,266] {logging_mixin.py:109} INFO - [2022-03-22 18:06:51,266] {dag.py:2937} INFO - Setting next_dagrun for example_branch_dop_operator_v3 to 2022-03-22T22:05:00+00:00
[2022-03-22 18:06:51,273] {processor.py:171} INFO - Processing /Users/adebolafagbule/opt/anaconda3/envs/airflow_env/lib/python3.8/site-packages/airflow/example_dags/example_branch_python_dop_operator_3.py took 0.095 seconds
[2022-03-22 18:08:40,303] {processor.py:163} INFO - Started process (PID=65373) to work on /Users/adebolafagbule/opt/anaconda3/envs/airflow_env/lib/python3.8/site-packages/airflow/example_dags/example_branch_python_dop_operator_3.py
[2022-03-22 18:08:40,303] {processor.py:642} INFO - Processing file /Users/adebolafagbule/opt/anaconda3/envs/airflow_env/lib/python3.8/site-packages/airflow/example_dags/example_branch_python_dop_operator_3.py for tasks to queue
[2022-03-22 18:08:40,304] {logging_mixin.py:109} INFO - [2022-03-22 18:08:40,304] {dagbag.py:500} INFO - Filling up the DagBag from /Users/adebolafagbule/opt/anaconda3/envs/airflow_env/lib/python3.8/site-packages/airflow/example_dags/example_branch_python_dop_operator_3.py
[2022-03-22 18:08:40,366] {processor.py:654} INFO - DAG(s) dict_keys(['example_branch_dop_operator_v3']) retrieved from /Users/adebolafagbule/opt/anaconda3/envs/airflow_env/lib/python3.8/site-packages/airflow/example_dags/example_branch_python_dop_operator_3.py
[2022-03-22 18:08:40,383] {logging_mixin.py:109} INFO - [2022-03-22 18:08:40,383] {dag.py:2398} INFO - Sync 1 DAGs
[2022-03-22 18:08:40,395] {logging_mixin.py:109} INFO - [2022-03-22 18:08:40,395] {dag.py:2937} INFO - Setting next_dagrun for example_branch_dop_operator_v3 to 2022-03-22T22:07:00+00:00
[2022-03-22 18:08:40,402] {processor.py:171} INFO - Processing /Users/adebolafagbule/opt/anaconda3/envs/airflow_env/lib/python3.8/site-packages/airflow/example_dags/example_branch_python_dop_operator_3.py took 0.100 seconds
[2022-03-22 18:10:34,456] {processor.py:163} INFO - Started process (PID=65457) to work on /Users/adebolafagbule/opt/anaconda3/envs/airflow_env/lib/python3.8/site-packages/airflow/example_dags/example_branch_python_dop_operator_3.py
[2022-03-22 18:10:34,456] {processor.py:642} INFO - Processing file /Users/adebolafagbule/opt/anaconda3/envs/airflow_env/lib/python3.8/site-packages/airflow/example_dags/example_branch_python_dop_operator_3.py for tasks to queue
[2022-03-22 18:10:34,457] {logging_mixin.py:109} INFO - [2022-03-22 18:10:34,457] {dagbag.py:500} INFO - Filling up the DagBag from /Users/adebolafagbule/opt/anaconda3/envs/airflow_env/lib/python3.8/site-packages/airflow/example_dags/example_branch_python_dop_operator_3.py
[2022-03-22 18:10:34,505] {processor.py:654} INFO - DAG(s) dict_keys(['example_branch_dop_operator_v3']) retrieved from /Users/adebolafagbule/opt/anaconda3/envs/airflow_env/lib/python3.8/site-packages/airflow/example_dags/example_branch_python_dop_operator_3.py
[2022-03-22 18:10:34,521] {logging_mixin.py:109} INFO - [2022-03-22 18:10:34,521] {dag.py:2398} INFO - Sync 1 DAGs
[2022-03-22 18:10:34,533] {logging_mixin.py:109} INFO - [2022-03-22 18:10:34,533] {dag.py:2937} INFO - Setting next_dagrun for example_branch_dop_operator_v3 to 2022-03-22T22:09:00+00:00
[2022-03-22 18:10:34,539] {processor.py:171} INFO - Processing /Users/adebolafagbule/opt/anaconda3/envs/airflow_env/lib/python3.8/site-packages/airflow/example_dags/example_branch_python_dop_operator_3.py took 0.084 seconds
[2022-03-22 18:12:24,802] {processor.py:163} INFO - Started process (PID=65544) to work on /Users/adebolafagbule/opt/anaconda3/envs/airflow_env/lib/python3.8/site-packages/airflow/example_dags/example_branch_python_dop_operator_3.py
[2022-03-22 18:12:24,803] {processor.py:642} INFO - Processing file /Users/adebolafagbule/opt/anaconda3/envs/airflow_env/lib/python3.8/site-packages/airflow/example_dags/example_branch_python_dop_operator_3.py for tasks to queue
[2022-03-22 18:12:24,804] {logging_mixin.py:109} INFO - [2022-03-22 18:12:24,804] {dagbag.py:500} INFO - Filling up the DagBag from /Users/adebolafagbule/opt/anaconda3/envs/airflow_env/lib/python3.8/site-packages/airflow/example_dags/example_branch_python_dop_operator_3.py
[2022-03-22 18:12:24,848] {processor.py:654} INFO - DAG(s) dict_keys(['example_branch_dop_operator_v3']) retrieved from /Users/adebolafagbule/opt/anaconda3/envs/airflow_env/lib/python3.8/site-packages/airflow/example_dags/example_branch_python_dop_operator_3.py
[2022-03-22 18:12:24,864] {logging_mixin.py:109} INFO - [2022-03-22 18:12:24,863] {dag.py:2398} INFO - Sync 1 DAGs
[2022-03-22 18:12:24,876] {logging_mixin.py:109} INFO - [2022-03-22 18:12:24,876] {dag.py:2937} INFO - Setting next_dagrun for example_branch_dop_operator_v3 to 2022-03-22T22:11:00+00:00
[2022-03-22 18:12:24,885] {processor.py:171} INFO - Processing /Users/adebolafagbule/opt/anaconda3/envs/airflow_env/lib/python3.8/site-packages/airflow/example_dags/example_branch_python_dop_operator_3.py took 0.083 seconds
[2022-03-22 18:14:14,379] {processor.py:163} INFO - Started process (PID=65626) to work on /Users/adebolafagbule/opt/anaconda3/envs/airflow_env/lib/python3.8/site-packages/airflow/example_dags/example_branch_python_dop_operator_3.py
[2022-03-22 18:14:14,381] {processor.py:642} INFO - Processing file /Users/adebolafagbule/opt/anaconda3/envs/airflow_env/lib/python3.8/site-packages/airflow/example_dags/example_branch_python_dop_operator_3.py for tasks to queue
[2022-03-22 18:14:14,382] {logging_mixin.py:109} INFO - [2022-03-22 18:14:14,382] {dagbag.py:500} INFO - Filling up the DagBag from /Users/adebolafagbule/opt/anaconda3/envs/airflow_env/lib/python3.8/site-packages/airflow/example_dags/example_branch_python_dop_operator_3.py
[2022-03-22 18:14:14,423] {processor.py:654} INFO - DAG(s) dict_keys(['example_branch_dop_operator_v3']) retrieved from /Users/adebolafagbule/opt/anaconda3/envs/airflow_env/lib/python3.8/site-packages/airflow/example_dags/example_branch_python_dop_operator_3.py
[2022-03-22 18:14:14,439] {logging_mixin.py:109} INFO - [2022-03-22 18:14:14,439] {dag.py:2398} INFO - Sync 1 DAGs
[2022-03-22 18:14:14,450] {logging_mixin.py:109} INFO - [2022-03-22 18:14:14,450] {dag.py:2937} INFO - Setting next_dagrun for example_branch_dop_operator_v3 to 2022-03-22T22:13:00+00:00
[2022-03-22 18:14:14,456] {processor.py:171} INFO - Processing /Users/adebolafagbule/opt/anaconda3/envs/airflow_env/lib/python3.8/site-packages/airflow/example_dags/example_branch_python_dop_operator_3.py took 0.077 seconds
[2022-03-22 18:16:17,015] {processor.py:163} INFO - Started process (PID=65726) to work on /Users/adebolafagbule/opt/anaconda3/envs/airflow_env/lib/python3.8/site-packages/airflow/example_dags/example_branch_python_dop_operator_3.py
[2022-03-22 18:16:17,016] {processor.py:642} INFO - Processing file /Users/adebolafagbule/opt/anaconda3/envs/airflow_env/lib/python3.8/site-packages/airflow/example_dags/example_branch_python_dop_operator_3.py for tasks to queue
[2022-03-22 18:16:17,017] {logging_mixin.py:109} INFO - [2022-03-22 18:16:17,016] {dagbag.py:500} INFO - Filling up the DagBag from /Users/adebolafagbule/opt/anaconda3/envs/airflow_env/lib/python3.8/site-packages/airflow/example_dags/example_branch_python_dop_operator_3.py
[2022-03-22 18:16:17,089] {processor.py:654} INFO - DAG(s) dict_keys(['example_branch_dop_operator_v3']) retrieved from /Users/adebolafagbule/opt/anaconda3/envs/airflow_env/lib/python3.8/site-packages/airflow/example_dags/example_branch_python_dop_operator_3.py
[2022-03-22 18:16:17,142] {logging_mixin.py:109} INFO - [2022-03-22 18:16:17,142] {dag.py:2398} INFO - Sync 1 DAGs
[2022-03-22 18:16:17,155] {logging_mixin.py:109} INFO - [2022-03-22 18:16:17,155] {dag.py:2937} INFO - Setting next_dagrun for example_branch_dop_operator_v3 to 2022-03-22T22:15:00+00:00
[2022-03-22 18:16:17,163] {processor.py:171} INFO - Processing /Users/adebolafagbule/opt/anaconda3/envs/airflow_env/lib/python3.8/site-packages/airflow/example_dags/example_branch_python_dop_operator_3.py took 0.148 seconds
[2022-03-22 18:18:00,170] {processor.py:163} INFO - Started process (PID=65807) to work on /Users/adebolafagbule/opt/anaconda3/envs/airflow_env/lib/python3.8/site-packages/airflow/example_dags/example_branch_python_dop_operator_3.py
[2022-03-22 18:18:00,171] {processor.py:642} INFO - Processing file /Users/adebolafagbule/opt/anaconda3/envs/airflow_env/lib/python3.8/site-packages/airflow/example_dags/example_branch_python_dop_operator_3.py for tasks to queue
[2022-03-22 18:18:00,172] {logging_mixin.py:109} INFO - [2022-03-22 18:18:00,172] {dagbag.py:500} INFO - Filling up the DagBag from /Users/adebolafagbule/opt/anaconda3/envs/airflow_env/lib/python3.8/site-packages/airflow/example_dags/example_branch_python_dop_operator_3.py
[2022-03-22 18:18:00,218] {processor.py:654} INFO - DAG(s) dict_keys(['example_branch_dop_operator_v3']) retrieved from /Users/adebolafagbule/opt/anaconda3/envs/airflow_env/lib/python3.8/site-packages/airflow/example_dags/example_branch_python_dop_operator_3.py
[2022-03-22 18:18:00,234] {logging_mixin.py:109} INFO - [2022-03-22 18:18:00,234] {dag.py:2398} INFO - Sync 1 DAGs
[2022-03-22 18:18:00,246] {logging_mixin.py:109} INFO - [2022-03-22 18:18:00,246] {dag.py:2937} INFO - Setting next_dagrun for example_branch_dop_operator_v3 to 2022-03-22T22:17:00+00:00
[2022-03-22 18:18:00,252] {processor.py:171} INFO - Processing /Users/adebolafagbule/opt/anaconda3/envs/airflow_env/lib/python3.8/site-packages/airflow/example_dags/example_branch_python_dop_operator_3.py took 0.083 seconds
[2022-03-22 18:19:37,054] {processor.py:163} INFO - Started process (PID=65886) to work on /Users/adebolafagbule/opt/anaconda3/envs/airflow_env/lib/python3.8/site-packages/airflow/example_dags/example_branch_python_dop_operator_3.py
[2022-03-22 18:19:37,055] {processor.py:642} INFO - Processing file /Users/adebolafagbule/opt/anaconda3/envs/airflow_env/lib/python3.8/site-packages/airflow/example_dags/example_branch_python_dop_operator_3.py for tasks to queue
[2022-03-22 18:19:37,056] {logging_mixin.py:109} INFO - [2022-03-22 18:19:37,056] {dagbag.py:500} INFO - Filling up the DagBag from /Users/adebolafagbule/opt/anaconda3/envs/airflow_env/lib/python3.8/site-packages/airflow/example_dags/example_branch_python_dop_operator_3.py
[2022-03-22 18:19:37,140] {processor.py:654} INFO - DAG(s) dict_keys(['example_branch_dop_operator_v3']) retrieved from /Users/adebolafagbule/opt/anaconda3/envs/airflow_env/lib/python3.8/site-packages/airflow/example_dags/example_branch_python_dop_operator_3.py
[2022-03-22 18:19:37,160] {logging_mixin.py:109} INFO - [2022-03-22 18:19:37,160] {dag.py:2398} INFO - Sync 1 DAGs
[2022-03-22 18:19:37,173] {logging_mixin.py:109} INFO - [2022-03-22 18:19:37,173] {dag.py:2937} INFO - Setting next_dagrun for example_branch_dop_operator_v3 to 2022-03-22T22:18:00+00:00
[2022-03-22 18:19:37,203] {processor.py:171} INFO - Processing /Users/adebolafagbule/opt/anaconda3/envs/airflow_env/lib/python3.8/site-packages/airflow/example_dags/example_branch_python_dop_operator_3.py took 0.149 seconds
[2022-03-22 18:21:11,363] {processor.py:163} INFO - Started process (PID=65966) to work on /Users/adebolafagbule/opt/anaconda3/envs/airflow_env/lib/python3.8/site-packages/airflow/example_dags/example_branch_python_dop_operator_3.py
[2022-03-22 18:21:11,364] {processor.py:642} INFO - Processing file /Users/adebolafagbule/opt/anaconda3/envs/airflow_env/lib/python3.8/site-packages/airflow/example_dags/example_branch_python_dop_operator_3.py for tasks to queue
[2022-03-22 18:21:11,365] {logging_mixin.py:109} INFO - [2022-03-22 18:21:11,364] {dagbag.py:500} INFO - Filling up the DagBag from /Users/adebolafagbule/opt/anaconda3/envs/airflow_env/lib/python3.8/site-packages/airflow/example_dags/example_branch_python_dop_operator_3.py
[2022-03-22 18:21:11,410] {processor.py:654} INFO - DAG(s) dict_keys(['example_branch_dop_operator_v3']) retrieved from /Users/adebolafagbule/opt/anaconda3/envs/airflow_env/lib/python3.8/site-packages/airflow/example_dags/example_branch_python_dop_operator_3.py
[2022-03-22 18:21:11,427] {logging_mixin.py:109} INFO - [2022-03-22 18:21:11,427] {dag.py:2398} INFO - Sync 1 DAGs
[2022-03-22 18:21:11,439] {logging_mixin.py:109} INFO - [2022-03-22 18:21:11,439] {dag.py:2937} INFO - Setting next_dagrun for example_branch_dop_operator_v3 to 2022-03-22T22:20:00+00:00
[2022-03-22 18:21:11,445] {processor.py:171} INFO - Processing /Users/adebolafagbule/opt/anaconda3/envs/airflow_env/lib/python3.8/site-packages/airflow/example_dags/example_branch_python_dop_operator_3.py took 0.082 seconds
[2022-03-22 18:22:37,813] {processor.py:163} INFO - Started process (PID=66043) to work on /Users/adebolafagbule/opt/anaconda3/envs/airflow_env/lib/python3.8/site-packages/airflow/example_dags/example_branch_python_dop_operator_3.py
[2022-03-22 18:22:37,815] {processor.py:642} INFO - Processing file /Users/adebolafagbule/opt/anaconda3/envs/airflow_env/lib/python3.8/site-packages/airflow/example_dags/example_branch_python_dop_operator_3.py for tasks to queue
[2022-03-22 18:22:37,816] {logging_mixin.py:109} INFO - [2022-03-22 18:22:37,816] {dagbag.py:500} INFO - Filling up the DagBag from /Users/adebolafagbule/opt/anaconda3/envs/airflow_env/lib/python3.8/site-packages/airflow/example_dags/example_branch_python_dop_operator_3.py
[2022-03-22 18:22:37,877] {processor.py:654} INFO - DAG(s) dict_keys(['example_branch_dop_operator_v3']) retrieved from /Users/adebolafagbule/opt/anaconda3/envs/airflow_env/lib/python3.8/site-packages/airflow/example_dags/example_branch_python_dop_operator_3.py
[2022-03-22 18:22:37,895] {logging_mixin.py:109} INFO - [2022-03-22 18:22:37,895] {dag.py:2398} INFO - Sync 1 DAGs
[2022-03-22 18:22:37,908] {logging_mixin.py:109} INFO - [2022-03-22 18:22:37,908] {dag.py:2937} INFO - Setting next_dagrun for example_branch_dop_operator_v3 to 2022-03-22T22:21:00+00:00
[2022-03-22 18:22:37,914] {processor.py:171} INFO - Processing /Users/adebolafagbule/opt/anaconda3/envs/airflow_env/lib/python3.8/site-packages/airflow/example_dags/example_branch_python_dop_operator_3.py took 0.102 seconds
[2022-03-22 18:24:07,007] {processor.py:163} INFO - Started process (PID=66121) to work on /Users/adebolafagbule/opt/anaconda3/envs/airflow_env/lib/python3.8/site-packages/airflow/example_dags/example_branch_python_dop_operator_3.py
[2022-03-22 18:24:07,008] {processor.py:642} INFO - Processing file /Users/adebolafagbule/opt/anaconda3/envs/airflow_env/lib/python3.8/site-packages/airflow/example_dags/example_branch_python_dop_operator_3.py for tasks to queue
[2022-03-22 18:24:07,009] {logging_mixin.py:109} INFO - [2022-03-22 18:24:07,009] {dagbag.py:500} INFO - Filling up the DagBag from /Users/adebolafagbule/opt/anaconda3/envs/airflow_env/lib/python3.8/site-packages/airflow/example_dags/example_branch_python_dop_operator_3.py
[2022-03-22 18:24:07,055] {processor.py:654} INFO - DAG(s) dict_keys(['example_branch_dop_operator_v3']) retrieved from /Users/adebolafagbule/opt/anaconda3/envs/airflow_env/lib/python3.8/site-packages/airflow/example_dags/example_branch_python_dop_operator_3.py
[2022-03-22 18:24:07,077] {logging_mixin.py:109} INFO - [2022-03-22 18:24:07,076] {dag.py:2398} INFO - Sync 1 DAGs
[2022-03-22 18:24:07,089] {logging_mixin.py:109} INFO - [2022-03-22 18:24:07,089] {dag.py:2937} INFO - Setting next_dagrun for example_branch_dop_operator_v3 to 2022-03-22T22:23:00+00:00
[2022-03-22 18:24:07,097] {processor.py:171} INFO - Processing /Users/adebolafagbule/opt/anaconda3/envs/airflow_env/lib/python3.8/site-packages/airflow/example_dags/example_branch_python_dop_operator_3.py took 0.090 seconds
[2022-03-22 18:25:38,437] {processor.py:163} INFO - Started process (PID=66198) to work on /Users/adebolafagbule/opt/anaconda3/envs/airflow_env/lib/python3.8/site-packages/airflow/example_dags/example_branch_python_dop_operator_3.py
[2022-03-22 18:25:38,439] {processor.py:642} INFO - Processing file /Users/adebolafagbule/opt/anaconda3/envs/airflow_env/lib/python3.8/site-packages/airflow/example_dags/example_branch_python_dop_operator_3.py for tasks to queue
[2022-03-22 18:25:38,439] {logging_mixin.py:109} INFO - [2022-03-22 18:25:38,439] {dagbag.py:500} INFO - Filling up the DagBag from /Users/adebolafagbule/opt/anaconda3/envs/airflow_env/lib/python3.8/site-packages/airflow/example_dags/example_branch_python_dop_operator_3.py
[2022-03-22 18:25:38,507] {processor.py:654} INFO - DAG(s) dict_keys(['example_branch_dop_operator_v3']) retrieved from /Users/adebolafagbule/opt/anaconda3/envs/airflow_env/lib/python3.8/site-packages/airflow/example_dags/example_branch_python_dop_operator_3.py
[2022-03-22 18:25:38,525] {logging_mixin.py:109} INFO - [2022-03-22 18:25:38,525] {dag.py:2398} INFO - Sync 1 DAGs
[2022-03-22 18:25:38,538] {logging_mixin.py:109} INFO - [2022-03-22 18:25:38,538] {dag.py:2937} INFO - Setting next_dagrun for example_branch_dop_operator_v3 to 2022-03-22T22:24:00+00:00
[2022-03-22 18:25:38,548] {processor.py:171} INFO - Processing /Users/adebolafagbule/opt/anaconda3/envs/airflow_env/lib/python3.8/site-packages/airflow/example_dags/example_branch_python_dop_operator_3.py took 0.112 seconds
[2022-03-22 18:27:21,933] {processor.py:163} INFO - Started process (PID=66283) to work on /Users/adebolafagbule/opt/anaconda3/envs/airflow_env/lib/python3.8/site-packages/airflow/example_dags/example_branch_python_dop_operator_3.py
[2022-03-22 18:27:21,934] {processor.py:642} INFO - Processing file /Users/adebolafagbule/opt/anaconda3/envs/airflow_env/lib/python3.8/site-packages/airflow/example_dags/example_branch_python_dop_operator_3.py for tasks to queue
[2022-03-22 18:27:21,935] {logging_mixin.py:109} INFO - [2022-03-22 18:27:21,935] {dagbag.py:500} INFO - Filling up the DagBag from /Users/adebolafagbule/opt/anaconda3/envs/airflow_env/lib/python3.8/site-packages/airflow/example_dags/example_branch_python_dop_operator_3.py
[2022-03-22 18:27:21,982] {processor.py:654} INFO - DAG(s) dict_keys(['example_branch_dop_operator_v3']) retrieved from /Users/adebolafagbule/opt/anaconda3/envs/airflow_env/lib/python3.8/site-packages/airflow/example_dags/example_branch_python_dop_operator_3.py
[2022-03-22 18:27:21,999] {logging_mixin.py:109} INFO - [2022-03-22 18:27:21,999] {dag.py:2398} INFO - Sync 1 DAGs
[2022-03-22 18:27:22,012] {logging_mixin.py:109} INFO - [2022-03-22 18:27:22,012] {dag.py:2937} INFO - Setting next_dagrun for example_branch_dop_operator_v3 to 2022-03-22T22:26:00+00:00
[2022-03-22 18:27:22,019] {processor.py:171} INFO - Processing /Users/adebolafagbule/opt/anaconda3/envs/airflow_env/lib/python3.8/site-packages/airflow/example_dags/example_branch_python_dop_operator_3.py took 0.086 seconds
[2022-03-22 19:21:50,424] {processor.py:163} INFO - Started process (PID=66374) to work on /Users/adebolafagbule/opt/anaconda3/envs/airflow_env/lib/python3.8/site-packages/airflow/example_dags/example_branch_python_dop_operator_3.py
[2022-03-22 19:21:50,426] {processor.py:642} INFO - Processing file /Users/adebolafagbule/opt/anaconda3/envs/airflow_env/lib/python3.8/site-packages/airflow/example_dags/example_branch_python_dop_operator_3.py for tasks to queue
[2022-03-22 19:21:50,427] {logging_mixin.py:109} INFO - [2022-03-22 19:21:50,427] {dagbag.py:500} INFO - Filling up the DagBag from /Users/adebolafagbule/opt/anaconda3/envs/airflow_env/lib/python3.8/site-packages/airflow/example_dags/example_branch_python_dop_operator_3.py
[2022-03-22 19:21:50,519] {processor.py:654} INFO - DAG(s) dict_keys(['example_branch_dop_operator_v3']) retrieved from /Users/adebolafagbule/opt/anaconda3/envs/airflow_env/lib/python3.8/site-packages/airflow/example_dags/example_branch_python_dop_operator_3.py
[2022-03-22 19:21:50,554] {logging_mixin.py:109} INFO - [2022-03-22 19:21:50,553] {dag.py:2398} INFO - Sync 1 DAGs
[2022-03-22 19:21:50,580] {logging_mixin.py:109} INFO - [2022-03-22 19:21:50,580] {dag.py:2937} INFO - Setting next_dagrun for example_branch_dop_operator_v3 to 2022-03-22T23:20:00+00:00
[2022-03-22 19:21:50,594] {processor.py:171} INFO - Processing /Users/adebolafagbule/opt/anaconda3/envs/airflow_env/lib/python3.8/site-packages/airflow/example_dags/example_branch_python_dop_operator_3.py took 0.171 seconds
