[2022-03-21 21:43:50,857] {processor.py:163} INFO - Started process (PID=61168) to work on /Users/adebolafagbule/opt/anaconda3/envs/airflow_env/lib/python3.8/site-packages/airflow/example_dags/example_kubernetes_executor.py
[2022-03-21 21:43:50,858] {processor.py:642} INFO - Processing file /Users/adebolafagbule/opt/anaconda3/envs/airflow_env/lib/python3.8/site-packages/airflow/example_dags/example_kubernetes_executor.py for tasks to queue
[2022-03-21 21:43:50,859] {logging_mixin.py:109} INFO - [2022-03-21 21:43:50,859] {dagbag.py:500} INFO - Filling up the DagBag from /Users/adebolafagbule/opt/anaconda3/envs/airflow_env/lib/python3.8/site-packages/airflow/example_dags/example_kubernetes_executor.py
[2022-03-21 21:43:50,901] {logging_mixin.py:109} INFO - [2022-03-21 21:43:50,901] {example_kubernetes_executor.py:39} WARNING - The example_kubernetes_executor example DAG requires the kubernetes provider. Please install it with: pip install apache-airflow[cncf.kubernetes]
[2022-03-21 21:43:50,946] {processor.py:656} WARNING - No viable dags retrieved from /Users/adebolafagbule/opt/anaconda3/envs/airflow_env/lib/python3.8/site-packages/airflow/example_dags/example_kubernetes_executor.py
[2022-03-21 21:43:50,949] {processor.py:171} INFO - Processing /Users/adebolafagbule/opt/anaconda3/envs/airflow_env/lib/python3.8/site-packages/airflow/example_dags/example_kubernetes_executor.py took 0.093 seconds
[2022-03-22 04:36:39,277] {processor.py:163} INFO - Started process (PID=61375) to work on /Users/adebolafagbule/opt/anaconda3/envs/airflow_env/lib/python3.8/site-packages/airflow/example_dags/example_kubernetes_executor.py
[2022-03-22 04:36:39,278] {processor.py:642} INFO - Processing file /Users/adebolafagbule/opt/anaconda3/envs/airflow_env/lib/python3.8/site-packages/airflow/example_dags/example_kubernetes_executor.py for tasks to queue
[2022-03-22 04:36:39,279] {logging_mixin.py:109} INFO - [2022-03-22 04:36:39,279] {dagbag.py:500} INFO - Filling up the DagBag from /Users/adebolafagbule/opt/anaconda3/envs/airflow_env/lib/python3.8/site-packages/airflow/example_dags/example_kubernetes_executor.py
[2022-03-22 04:36:39,318] {logging_mixin.py:109} INFO - [2022-03-22 04:36:39,318] {example_kubernetes_executor.py:39} WARNING - The example_kubernetes_executor example DAG requires the kubernetes provider. Please install it with: pip install apache-airflow[cncf.kubernetes]
[2022-03-22 04:36:39,363] {processor.py:656} WARNING - No viable dags retrieved from /Users/adebolafagbule/opt/anaconda3/envs/airflow_env/lib/python3.8/site-packages/airflow/example_dags/example_kubernetes_executor.py
[2022-03-22 04:36:39,366] {processor.py:171} INFO - Processing /Users/adebolafagbule/opt/anaconda3/envs/airflow_env/lib/python3.8/site-packages/airflow/example_dags/example_kubernetes_executor.py took 0.091 seconds
[2022-03-22 07:00:00,184] {processor.py:163} INFO - Started process (PID=61519) to work on /Users/adebolafagbule/opt/anaconda3/envs/airflow_env/lib/python3.8/site-packages/airflow/example_dags/example_kubernetes_executor.py
[2022-03-22 07:00:00,185] {processor.py:642} INFO - Processing file /Users/adebolafagbule/opt/anaconda3/envs/airflow_env/lib/python3.8/site-packages/airflow/example_dags/example_kubernetes_executor.py for tasks to queue
[2022-03-22 07:00:00,186] {logging_mixin.py:109} INFO - [2022-03-22 07:00:00,186] {dagbag.py:500} INFO - Filling up the DagBag from /Users/adebolafagbule/opt/anaconda3/envs/airflow_env/lib/python3.8/site-packages/airflow/example_dags/example_kubernetes_executor.py
[2022-03-22 07:00:00,275] {logging_mixin.py:109} INFO - [2022-03-22 07:00:00,275] {example_kubernetes_executor.py:39} WARNING - The example_kubernetes_executor example DAG requires the kubernetes provider. Please install it with: pip install apache-airflow[cncf.kubernetes]
[2022-03-22 07:00:00,356] {processor.py:656} WARNING - No viable dags retrieved from /Users/adebolafagbule/opt/anaconda3/envs/airflow_env/lib/python3.8/site-packages/airflow/example_dags/example_kubernetes_executor.py
[2022-03-22 07:00:00,360] {processor.py:171} INFO - Processing /Users/adebolafagbule/opt/anaconda3/envs/airflow_env/lib/python3.8/site-packages/airflow/example_dags/example_kubernetes_executor.py took 0.177 seconds
[2022-03-22 08:28:13,253] {processor.py:163} INFO - Started process (PID=61645) to work on /Users/adebolafagbule/opt/anaconda3/envs/airflow_env/lib/python3.8/site-packages/airflow/example_dags/example_kubernetes_executor.py
[2022-03-22 08:28:13,254] {processor.py:642} INFO - Processing file /Users/adebolafagbule/opt/anaconda3/envs/airflow_env/lib/python3.8/site-packages/airflow/example_dags/example_kubernetes_executor.py for tasks to queue
[2022-03-22 08:28:13,255] {logging_mixin.py:109} INFO - [2022-03-22 08:28:13,254] {dagbag.py:500} INFO - Filling up the DagBag from /Users/adebolafagbule/opt/anaconda3/envs/airflow_env/lib/python3.8/site-packages/airflow/example_dags/example_kubernetes_executor.py
[2022-03-22 08:28:13,273] {logging_mixin.py:109} INFO - [2022-03-22 08:28:13,273] {example_kubernetes_executor.py:39} WARNING - The example_kubernetes_executor example DAG requires the kubernetes provider. Please install it with: pip install apache-airflow[cncf.kubernetes]
[2022-03-22 08:28:13,291] {processor.py:656} WARNING - No viable dags retrieved from /Users/adebolafagbule/opt/anaconda3/envs/airflow_env/lib/python3.8/site-packages/airflow/example_dags/example_kubernetes_executor.py
[2022-03-22 08:28:13,292] {processor.py:171} INFO - Processing /Users/adebolafagbule/opt/anaconda3/envs/airflow_env/lib/python3.8/site-packages/airflow/example_dags/example_kubernetes_executor.py took 0.040 seconds
[2022-03-22 09:15:43,154] {processor.py:163} INFO - Started process (PID=61778) to work on /Users/adebolafagbule/opt/anaconda3/envs/airflow_env/lib/python3.8/site-packages/airflow/example_dags/example_kubernetes_executor.py
[2022-03-22 09:15:43,155] {processor.py:642} INFO - Processing file /Users/adebolafagbule/opt/anaconda3/envs/airflow_env/lib/python3.8/site-packages/airflow/example_dags/example_kubernetes_executor.py for tasks to queue
[2022-03-22 09:15:43,156] {logging_mixin.py:109} INFO - [2022-03-22 09:15:43,155] {dagbag.py:500} INFO - Filling up the DagBag from /Users/adebolafagbule/opt/anaconda3/envs/airflow_env/lib/python3.8/site-packages/airflow/example_dags/example_kubernetes_executor.py
[2022-03-22 09:15:43,291] {logging_mixin.py:109} INFO - [2022-03-22 09:15:43,290] {example_kubernetes_executor.py:39} WARNING - The example_kubernetes_executor example DAG requires the kubernetes provider. Please install it with: pip install apache-airflow[cncf.kubernetes]
[2022-03-22 09:15:43,330] {processor.py:656} WARNING - No viable dags retrieved from /Users/adebolafagbule/opt/anaconda3/envs/airflow_env/lib/python3.8/site-packages/airflow/example_dags/example_kubernetes_executor.py
[2022-03-22 09:15:43,333] {processor.py:171} INFO - Processing /Users/adebolafagbule/opt/anaconda3/envs/airflow_env/lib/python3.8/site-packages/airflow/example_dags/example_kubernetes_executor.py took 0.179 seconds
[2022-03-22 09:52:41,242] {processor.py:163} INFO - Started process (PID=61953) to work on /Users/adebolafagbule/opt/anaconda3/envs/airflow_env/lib/python3.8/site-packages/airflow/example_dags/example_kubernetes_executor.py
[2022-03-22 09:52:41,244] {processor.py:642} INFO - Processing file /Users/adebolafagbule/opt/anaconda3/envs/airflow_env/lib/python3.8/site-packages/airflow/example_dags/example_kubernetes_executor.py for tasks to queue
[2022-03-22 09:52:41,244] {logging_mixin.py:109} INFO - [2022-03-22 09:52:41,244] {dagbag.py:500} INFO - Filling up the DagBag from /Users/adebolafagbule/opt/anaconda3/envs/airflow_env/lib/python3.8/site-packages/airflow/example_dags/example_kubernetes_executor.py
[2022-03-22 09:52:41,284] {logging_mixin.py:109} INFO - [2022-03-22 09:52:41,284] {example_kubernetes_executor.py:39} WARNING - The example_kubernetes_executor example DAG requires the kubernetes provider. Please install it with: pip install apache-airflow[cncf.kubernetes]
[2022-03-22 09:52:41,334] {processor.py:656} WARNING - No viable dags retrieved from /Users/adebolafagbule/opt/anaconda3/envs/airflow_env/lib/python3.8/site-packages/airflow/example_dags/example_kubernetes_executor.py
[2022-03-22 09:52:41,338] {processor.py:171} INFO - Processing /Users/adebolafagbule/opt/anaconda3/envs/airflow_env/lib/python3.8/site-packages/airflow/example_dags/example_kubernetes_executor.py took 0.096 seconds
[2022-03-22 10:10:59,489] {processor.py:163} INFO - Started process (PID=62031) to work on /Users/adebolafagbule/opt/anaconda3/envs/airflow_env/lib/python3.8/site-packages/airflow/example_dags/example_kubernetes_executor.py
[2022-03-22 10:10:59,490] {processor.py:642} INFO - Processing file /Users/adebolafagbule/opt/anaconda3/envs/airflow_env/lib/python3.8/site-packages/airflow/example_dags/example_kubernetes_executor.py for tasks to queue
[2022-03-22 10:10:59,491] {logging_mixin.py:109} INFO - [2022-03-22 10:10:59,491] {dagbag.py:500} INFO - Filling up the DagBag from /Users/adebolafagbule/opt/anaconda3/envs/airflow_env/lib/python3.8/site-packages/airflow/example_dags/example_kubernetes_executor.py
[2022-03-22 10:10:59,524] {logging_mixin.py:109} INFO - [2022-03-22 10:10:59,524] {example_kubernetes_executor.py:39} WARNING - The example_kubernetes_executor example DAG requires the kubernetes provider. Please install it with: pip install apache-airflow[cncf.kubernetes]
[2022-03-22 10:10:59,563] {processor.py:656} WARNING - No viable dags retrieved from /Users/adebolafagbule/opt/anaconda3/envs/airflow_env/lib/python3.8/site-packages/airflow/example_dags/example_kubernetes_executor.py
[2022-03-22 10:10:59,565] {processor.py:171} INFO - Processing /Users/adebolafagbule/opt/anaconda3/envs/airflow_env/lib/python3.8/site-packages/airflow/example_dags/example_kubernetes_executor.py took 0.078 seconds
[2022-03-22 10:44:09,745] {processor.py:163} INFO - Started process (PID=62100) to work on /Users/adebolafagbule/opt/anaconda3/envs/airflow_env/lib/python3.8/site-packages/airflow/example_dags/example_kubernetes_executor.py
[2022-03-22 10:44:09,747] {processor.py:642} INFO - Processing file /Users/adebolafagbule/opt/anaconda3/envs/airflow_env/lib/python3.8/site-packages/airflow/example_dags/example_kubernetes_executor.py for tasks to queue
[2022-03-22 10:44:09,748] {logging_mixin.py:109} INFO - [2022-03-22 10:44:09,748] {dagbag.py:500} INFO - Filling up the DagBag from /Users/adebolafagbule/opt/anaconda3/envs/airflow_env/lib/python3.8/site-packages/airflow/example_dags/example_kubernetes_executor.py
[2022-03-22 10:44:09,785] {logging_mixin.py:109} INFO - [2022-03-22 10:44:09,784] {example_kubernetes_executor.py:39} WARNING - The example_kubernetes_executor example DAG requires the kubernetes provider. Please install it with: pip install apache-airflow[cncf.kubernetes]
[2022-03-22 10:44:09,830] {processor.py:656} WARNING - No viable dags retrieved from /Users/adebolafagbule/opt/anaconda3/envs/airflow_env/lib/python3.8/site-packages/airflow/example_dags/example_kubernetes_executor.py
[2022-03-22 10:44:09,833] {processor.py:171} INFO - Processing /Users/adebolafagbule/opt/anaconda3/envs/airflow_env/lib/python3.8/site-packages/airflow/example_dags/example_kubernetes_executor.py took 0.089 seconds
[2022-03-22 11:00:40,111] {processor.py:163} INFO - Started process (PID=62199) to work on /Users/adebolafagbule/opt/anaconda3/envs/airflow_env/lib/python3.8/site-packages/airflow/example_dags/example_kubernetes_executor.py
[2022-03-22 11:00:40,112] {processor.py:642} INFO - Processing file /Users/adebolafagbule/opt/anaconda3/envs/airflow_env/lib/python3.8/site-packages/airflow/example_dags/example_kubernetes_executor.py for tasks to queue
[2022-03-22 11:00:40,113] {logging_mixin.py:109} INFO - [2022-03-22 11:00:40,113] {dagbag.py:500} INFO - Filling up the DagBag from /Users/adebolafagbule/opt/anaconda3/envs/airflow_env/lib/python3.8/site-packages/airflow/example_dags/example_kubernetes_executor.py
[2022-03-22 11:00:40,133] {logging_mixin.py:109} INFO - [2022-03-22 11:00:40,133] {example_kubernetes_executor.py:39} WARNING - The example_kubernetes_executor example DAG requires the kubernetes provider. Please install it with: pip install apache-airflow[cncf.kubernetes]
[2022-03-22 11:00:40,151] {processor.py:656} WARNING - No viable dags retrieved from /Users/adebolafagbule/opt/anaconda3/envs/airflow_env/lib/python3.8/site-packages/airflow/example_dags/example_kubernetes_executor.py
[2022-03-22 11:00:40,152] {processor.py:171} INFO - Processing /Users/adebolafagbule/opt/anaconda3/envs/airflow_env/lib/python3.8/site-packages/airflow/example_dags/example_kubernetes_executor.py took 0.042 seconds
[2022-03-22 11:01:55,367] {processor.py:163} INFO - Started process (PID=62279) to work on /Users/adebolafagbule/opt/anaconda3/envs/airflow_env/lib/python3.8/site-packages/airflow/example_dags/example_kubernetes_executor.py
[2022-03-22 11:01:55,367] {processor.py:642} INFO - Processing file /Users/adebolafagbule/opt/anaconda3/envs/airflow_env/lib/python3.8/site-packages/airflow/example_dags/example_kubernetes_executor.py for tasks to queue
[2022-03-22 11:01:55,368] {logging_mixin.py:109} INFO - [2022-03-22 11:01:55,368] {dagbag.py:500} INFO - Filling up the DagBag from /Users/adebolafagbule/opt/anaconda3/envs/airflow_env/lib/python3.8/site-packages/airflow/example_dags/example_kubernetes_executor.py
[2022-03-22 11:01:55,384] {logging_mixin.py:109} INFO - [2022-03-22 11:01:55,384] {example_kubernetes_executor.py:39} WARNING - The example_kubernetes_executor example DAG requires the kubernetes provider. Please install it with: pip install apache-airflow[cncf.kubernetes]
[2022-03-22 11:01:55,404] {processor.py:656} WARNING - No viable dags retrieved from /Users/adebolafagbule/opt/anaconda3/envs/airflow_env/lib/python3.8/site-packages/airflow/example_dags/example_kubernetes_executor.py
[2022-03-22 11:01:55,406] {processor.py:171} INFO - Processing /Users/adebolafagbule/opt/anaconda3/envs/airflow_env/lib/python3.8/site-packages/airflow/example_dags/example_kubernetes_executor.py took 0.039 seconds
[2022-03-22 11:03:11,802] {processor.py:163} INFO - Started process (PID=62457) to work on /Users/adebolafagbule/opt/anaconda3/envs/airflow_env/lib/python3.8/site-packages/airflow/example_dags/example_kubernetes_executor.py
[2022-03-22 11:03:11,803] {processor.py:642} INFO - Processing file /Users/adebolafagbule/opt/anaconda3/envs/airflow_env/lib/python3.8/site-packages/airflow/example_dags/example_kubernetes_executor.py for tasks to queue
[2022-03-22 11:03:11,803] {logging_mixin.py:109} INFO - [2022-03-22 11:03:11,803] {dagbag.py:500} INFO - Filling up the DagBag from /Users/adebolafagbule/opt/anaconda3/envs/airflow_env/lib/python3.8/site-packages/airflow/example_dags/example_kubernetes_executor.py
[2022-03-22 11:03:11,822] {logging_mixin.py:109} INFO - [2022-03-22 11:03:11,822] {example_kubernetes_executor.py:39} WARNING - The example_kubernetes_executor example DAG requires the kubernetes provider. Please install it with: pip install apache-airflow[cncf.kubernetes]
[2022-03-22 11:03:11,840] {processor.py:656} WARNING - No viable dags retrieved from /Users/adebolafagbule/opt/anaconda3/envs/airflow_env/lib/python3.8/site-packages/airflow/example_dags/example_kubernetes_executor.py
[2022-03-22 11:03:11,841] {processor.py:171} INFO - Processing /Users/adebolafagbule/opt/anaconda3/envs/airflow_env/lib/python3.8/site-packages/airflow/example_dags/example_kubernetes_executor.py took 0.040 seconds
[2022-03-22 11:04:27,493] {processor.py:163} INFO - Started process (PID=62530) to work on /Users/adebolafagbule/opt/anaconda3/envs/airflow_env/lib/python3.8/site-packages/airflow/example_dags/example_kubernetes_executor.py
[2022-03-22 11:04:27,495] {processor.py:642} INFO - Processing file /Users/adebolafagbule/opt/anaconda3/envs/airflow_env/lib/python3.8/site-packages/airflow/example_dags/example_kubernetes_executor.py for tasks to queue
[2022-03-22 11:04:27,495] {logging_mixin.py:109} INFO - [2022-03-22 11:04:27,495] {dagbag.py:500} INFO - Filling up the DagBag from /Users/adebolafagbule/opt/anaconda3/envs/airflow_env/lib/python3.8/site-packages/airflow/example_dags/example_kubernetes_executor.py
[2022-03-22 11:04:27,522] {logging_mixin.py:109} INFO - [2022-03-22 11:04:27,522] {example_kubernetes_executor.py:39} WARNING - The example_kubernetes_executor example DAG requires the kubernetes provider. Please install it with: pip install apache-airflow[cncf.kubernetes]
[2022-03-22 11:04:27,542] {processor.py:656} WARNING - No viable dags retrieved from /Users/adebolafagbule/opt/anaconda3/envs/airflow_env/lib/python3.8/site-packages/airflow/example_dags/example_kubernetes_executor.py
[2022-03-22 11:04:27,543] {processor.py:171} INFO - Processing /Users/adebolafagbule/opt/anaconda3/envs/airflow_env/lib/python3.8/site-packages/airflow/example_dags/example_kubernetes_executor.py took 0.050 seconds
[2022-03-22 11:24:37,913] {processor.py:163} INFO - Started process (PID=62675) to work on /Users/adebolafagbule/opt/anaconda3/envs/airflow_env/lib/python3.8/site-packages/airflow/example_dags/example_kubernetes_executor.py
[2022-03-22 11:24:37,913] {processor.py:642} INFO - Processing file /Users/adebolafagbule/opt/anaconda3/envs/airflow_env/lib/python3.8/site-packages/airflow/example_dags/example_kubernetes_executor.py for tasks to queue
[2022-03-22 11:24:37,914] {logging_mixin.py:109} INFO - [2022-03-22 11:24:37,914] {dagbag.py:500} INFO - Filling up the DagBag from /Users/adebolafagbule/opt/anaconda3/envs/airflow_env/lib/python3.8/site-packages/airflow/example_dags/example_kubernetes_executor.py
[2022-03-22 11:24:37,938] {logging_mixin.py:109} INFO - [2022-03-22 11:24:37,938] {example_kubernetes_executor.py:39} WARNING - The example_kubernetes_executor example DAG requires the kubernetes provider. Please install it with: pip install apache-airflow[cncf.kubernetes]
[2022-03-22 11:24:37,965] {processor.py:656} WARNING - No viable dags retrieved from /Users/adebolafagbule/opt/anaconda3/envs/airflow_env/lib/python3.8/site-packages/airflow/example_dags/example_kubernetes_executor.py
[2022-03-22 11:24:37,967] {processor.py:171} INFO - Processing /Users/adebolafagbule/opt/anaconda3/envs/airflow_env/lib/python3.8/site-packages/airflow/example_dags/example_kubernetes_executor.py took 0.055 seconds
[2022-03-22 12:11:53,358] {processor.py:163} INFO - Started process (PID=62758) to work on /Users/adebolafagbule/opt/anaconda3/envs/airflow_env/lib/python3.8/site-packages/airflow/example_dags/example_kubernetes_executor.py
[2022-03-22 12:11:53,359] {processor.py:642} INFO - Processing file /Users/adebolafagbule/opt/anaconda3/envs/airflow_env/lib/python3.8/site-packages/airflow/example_dags/example_kubernetes_executor.py for tasks to queue
[2022-03-22 12:11:53,360] {logging_mixin.py:109} INFO - [2022-03-22 12:11:53,360] {dagbag.py:500} INFO - Filling up the DagBag from /Users/adebolafagbule/opt/anaconda3/envs/airflow_env/lib/python3.8/site-packages/airflow/example_dags/example_kubernetes_executor.py
[2022-03-22 12:11:53,397] {logging_mixin.py:109} INFO - [2022-03-22 12:11:53,397] {example_kubernetes_executor.py:39} WARNING - The example_kubernetes_executor example DAG requires the kubernetes provider. Please install it with: pip install apache-airflow[cncf.kubernetes]
[2022-03-22 12:11:53,442] {processor.py:656} WARNING - No viable dags retrieved from /Users/adebolafagbule/opt/anaconda3/envs/airflow_env/lib/python3.8/site-packages/airflow/example_dags/example_kubernetes_executor.py
[2022-03-22 12:11:53,445] {processor.py:171} INFO - Processing /Users/adebolafagbule/opt/anaconda3/envs/airflow_env/lib/python3.8/site-packages/airflow/example_dags/example_kubernetes_executor.py took 0.088 seconds
[2022-03-22 12:46:44,092] {processor.py:163} INFO - Started process (PID=62841) to work on /Users/adebolafagbule/opt/anaconda3/envs/airflow_env/lib/python3.8/site-packages/airflow/example_dags/example_kubernetes_executor.py
[2022-03-22 12:46:44,093] {processor.py:642} INFO - Processing file /Users/adebolafagbule/opt/anaconda3/envs/airflow_env/lib/python3.8/site-packages/airflow/example_dags/example_kubernetes_executor.py for tasks to queue
[2022-03-22 12:46:44,094] {logging_mixin.py:109} INFO - [2022-03-22 12:46:44,094] {dagbag.py:500} INFO - Filling up the DagBag from /Users/adebolafagbule/opt/anaconda3/envs/airflow_env/lib/python3.8/site-packages/airflow/example_dags/example_kubernetes_executor.py
[2022-03-22 12:46:44,122] {logging_mixin.py:109} INFO - [2022-03-22 12:46:44,122] {example_kubernetes_executor.py:39} WARNING - The example_kubernetes_executor example DAG requires the kubernetes provider. Please install it with: pip install apache-airflow[cncf.kubernetes]
[2022-03-22 12:46:44,149] {processor.py:656} WARNING - No viable dags retrieved from /Users/adebolafagbule/opt/anaconda3/envs/airflow_env/lib/python3.8/site-packages/airflow/example_dags/example_kubernetes_executor.py
[2022-03-22 12:46:44,151] {processor.py:171} INFO - Processing /Users/adebolafagbule/opt/anaconda3/envs/airflow_env/lib/python3.8/site-packages/airflow/example_dags/example_kubernetes_executor.py took 0.060 seconds
[2022-03-22 14:17:55,549] {processor.py:163} INFO - Started process (PID=63000) to work on /Users/adebolafagbule/opt/anaconda3/envs/airflow_env/lib/python3.8/site-packages/airflow/example_dags/example_kubernetes_executor.py
[2022-03-22 14:17:55,550] {processor.py:642} INFO - Processing file /Users/adebolafagbule/opt/anaconda3/envs/airflow_env/lib/python3.8/site-packages/airflow/example_dags/example_kubernetes_executor.py for tasks to queue
[2022-03-22 14:17:55,550] {logging_mixin.py:109} INFO - [2022-03-22 14:17:55,550] {dagbag.py:500} INFO - Filling up the DagBag from /Users/adebolafagbule/opt/anaconda3/envs/airflow_env/lib/python3.8/site-packages/airflow/example_dags/example_kubernetes_executor.py
[2022-03-22 14:17:55,572] {logging_mixin.py:109} INFO - [2022-03-22 14:17:55,572] {example_kubernetes_executor.py:39} WARNING - The example_kubernetes_executor example DAG requires the kubernetes provider. Please install it with: pip install apache-airflow[cncf.kubernetes]
[2022-03-22 14:17:55,598] {processor.py:656} WARNING - No viable dags retrieved from /Users/adebolafagbule/opt/anaconda3/envs/airflow_env/lib/python3.8/site-packages/airflow/example_dags/example_kubernetes_executor.py
[2022-03-22 14:17:55,600] {processor.py:171} INFO - Processing /Users/adebolafagbule/opt/anaconda3/envs/airflow_env/lib/python3.8/site-packages/airflow/example_dags/example_kubernetes_executor.py took 0.052 seconds
[2022-03-22 14:58:35,141] {processor.py:163} INFO - Started process (PID=63130) to work on /Users/adebolafagbule/opt/anaconda3/envs/airflow_env/lib/python3.8/site-packages/airflow/example_dags/example_kubernetes_executor.py
[2022-03-22 14:58:35,142] {processor.py:642} INFO - Processing file /Users/adebolafagbule/opt/anaconda3/envs/airflow_env/lib/python3.8/site-packages/airflow/example_dags/example_kubernetes_executor.py for tasks to queue
[2022-03-22 14:58:35,143] {logging_mixin.py:109} INFO - [2022-03-22 14:58:35,143] {dagbag.py:500} INFO - Filling up the DagBag from /Users/adebolafagbule/opt/anaconda3/envs/airflow_env/lib/python3.8/site-packages/airflow/example_dags/example_kubernetes_executor.py
[2022-03-22 14:58:35,161] {logging_mixin.py:109} INFO - [2022-03-22 14:58:35,161] {example_kubernetes_executor.py:39} WARNING - The example_kubernetes_executor example DAG requires the kubernetes provider. Please install it with: pip install apache-airflow[cncf.kubernetes]
[2022-03-22 14:58:35,180] {processor.py:656} WARNING - No viable dags retrieved from /Users/adebolafagbule/opt/anaconda3/envs/airflow_env/lib/python3.8/site-packages/airflow/example_dags/example_kubernetes_executor.py
[2022-03-22 14:58:35,181] {processor.py:171} INFO - Processing /Users/adebolafagbule/opt/anaconda3/envs/airflow_env/lib/python3.8/site-packages/airflow/example_dags/example_kubernetes_executor.py took 0.041 seconds
[2022-03-22 15:31:47,934] {processor.py:163} INFO - Started process (PID=63263) to work on /Users/adebolafagbule/opt/anaconda3/envs/airflow_env/lib/python3.8/site-packages/airflow/example_dags/example_kubernetes_executor.py
[2022-03-22 15:31:47,935] {processor.py:642} INFO - Processing file /Users/adebolafagbule/opt/anaconda3/envs/airflow_env/lib/python3.8/site-packages/airflow/example_dags/example_kubernetes_executor.py for tasks to queue
[2022-03-22 15:31:47,935] {logging_mixin.py:109} INFO - [2022-03-22 15:31:47,935] {dagbag.py:500} INFO - Filling up the DagBag from /Users/adebolafagbule/opt/anaconda3/envs/airflow_env/lib/python3.8/site-packages/airflow/example_dags/example_kubernetes_executor.py
[2022-03-22 15:31:47,962] {logging_mixin.py:109} INFO - [2022-03-22 15:31:47,962] {example_kubernetes_executor.py:39} WARNING - The example_kubernetes_executor example DAG requires the kubernetes provider. Please install it with: pip install apache-airflow[cncf.kubernetes]
[2022-03-22 15:31:47,994] {processor.py:656} WARNING - No viable dags retrieved from /Users/adebolafagbule/opt/anaconda3/envs/airflow_env/lib/python3.8/site-packages/airflow/example_dags/example_kubernetes_executor.py
[2022-03-22 15:31:47,996] {processor.py:171} INFO - Processing /Users/adebolafagbule/opt/anaconda3/envs/airflow_env/lib/python3.8/site-packages/airflow/example_dags/example_kubernetes_executor.py took 0.063 seconds
[2022-03-22 16:35:54,137] {processor.py:163} INFO - Started process (PID=63406) to work on /Users/adebolafagbule/opt/anaconda3/envs/airflow_env/lib/python3.8/site-packages/airflow/example_dags/example_kubernetes_executor.py
[2022-03-22 16:35:54,139] {processor.py:642} INFO - Processing file /Users/adebolafagbule/opt/anaconda3/envs/airflow_env/lib/python3.8/site-packages/airflow/example_dags/example_kubernetes_executor.py for tasks to queue
[2022-03-22 16:35:54,139] {logging_mixin.py:109} INFO - [2022-03-22 16:35:54,139] {dagbag.py:500} INFO - Filling up the DagBag from /Users/adebolafagbule/opt/anaconda3/envs/airflow_env/lib/python3.8/site-packages/airflow/example_dags/example_kubernetes_executor.py
[2022-03-22 16:35:54,176] {logging_mixin.py:109} INFO - [2022-03-22 16:35:54,176] {example_kubernetes_executor.py:39} WARNING - The example_kubernetes_executor example DAG requires the kubernetes provider. Please install it with: pip install apache-airflow[cncf.kubernetes]
[2022-03-22 16:35:54,221] {processor.py:656} WARNING - No viable dags retrieved from /Users/adebolafagbule/opt/anaconda3/envs/airflow_env/lib/python3.8/site-packages/airflow/example_dags/example_kubernetes_executor.py
[2022-03-22 16:35:54,224] {processor.py:171} INFO - Processing /Users/adebolafagbule/opt/anaconda3/envs/airflow_env/lib/python3.8/site-packages/airflow/example_dags/example_kubernetes_executor.py took 0.088 seconds
[2022-03-22 17:30:00,253] {processor.py:163} INFO - Started process (PID=63482) to work on /Users/adebolafagbule/opt/anaconda3/envs/airflow_env/lib/python3.8/site-packages/airflow/example_dags/example_kubernetes_executor.py
[2022-03-22 17:30:00,254] {processor.py:642} INFO - Processing file /Users/adebolafagbule/opt/anaconda3/envs/airflow_env/lib/python3.8/site-packages/airflow/example_dags/example_kubernetes_executor.py for tasks to queue
[2022-03-22 17:30:00,254] {logging_mixin.py:109} INFO - [2022-03-22 17:30:00,254] {dagbag.py:500} INFO - Filling up the DagBag from /Users/adebolafagbule/opt/anaconda3/envs/airflow_env/lib/python3.8/site-packages/airflow/example_dags/example_kubernetes_executor.py
[2022-03-22 17:30:00,276] {logging_mixin.py:109} INFO - [2022-03-22 17:30:00,276] {example_kubernetes_executor.py:39} WARNING - The example_kubernetes_executor example DAG requires the kubernetes provider. Please install it with: pip install apache-airflow[cncf.kubernetes]
[2022-03-22 17:30:00,304] {processor.py:656} WARNING - No viable dags retrieved from /Users/adebolafagbule/opt/anaconda3/envs/airflow_env/lib/python3.8/site-packages/airflow/example_dags/example_kubernetes_executor.py
[2022-03-22 17:30:00,306] {processor.py:171} INFO - Processing /Users/adebolafagbule/opt/anaconda3/envs/airflow_env/lib/python3.8/site-packages/airflow/example_dags/example_kubernetes_executor.py took 0.054 seconds
[2022-03-22 17:31:28,769] {processor.py:163} INFO - Started process (PID=63570) to work on /Users/adebolafagbule/opt/anaconda3/envs/airflow_env/lib/python3.8/site-packages/airflow/example_dags/example_kubernetes_executor.py
[2022-03-22 17:31:28,770] {processor.py:642} INFO - Processing file /Users/adebolafagbule/opt/anaconda3/envs/airflow_env/lib/python3.8/site-packages/airflow/example_dags/example_kubernetes_executor.py for tasks to queue
[2022-03-22 17:31:28,771] {logging_mixin.py:109} INFO - [2022-03-22 17:31:28,771] {dagbag.py:500} INFO - Filling up the DagBag from /Users/adebolafagbule/opt/anaconda3/envs/airflow_env/lib/python3.8/site-packages/airflow/example_dags/example_kubernetes_executor.py
[2022-03-22 17:31:28,801] {logging_mixin.py:109} INFO - [2022-03-22 17:31:28,801] {example_kubernetes_executor.py:39} WARNING - The example_kubernetes_executor example DAG requires the kubernetes provider. Please install it with: pip install apache-airflow[cncf.kubernetes]
[2022-03-22 17:31:28,864] {processor.py:656} WARNING - No viable dags retrieved from /Users/adebolafagbule/opt/anaconda3/envs/airflow_env/lib/python3.8/site-packages/airflow/example_dags/example_kubernetes_executor.py
[2022-03-22 17:31:28,867] {processor.py:171} INFO - Processing /Users/adebolafagbule/opt/anaconda3/envs/airflow_env/lib/python3.8/site-packages/airflow/example_dags/example_kubernetes_executor.py took 0.101 seconds
[2022-03-22 17:33:01,700] {processor.py:163} INFO - Started process (PID=63652) to work on /Users/adebolafagbule/opt/anaconda3/envs/airflow_env/lib/python3.8/site-packages/airflow/example_dags/example_kubernetes_executor.py
[2022-03-22 17:33:01,701] {processor.py:642} INFO - Processing file /Users/adebolafagbule/opt/anaconda3/envs/airflow_env/lib/python3.8/site-packages/airflow/example_dags/example_kubernetes_executor.py for tasks to queue
[2022-03-22 17:33:01,702] {logging_mixin.py:109} INFO - [2022-03-22 17:33:01,702] {dagbag.py:500} INFO - Filling up the DagBag from /Users/adebolafagbule/opt/anaconda3/envs/airflow_env/lib/python3.8/site-packages/airflow/example_dags/example_kubernetes_executor.py
[2022-03-22 17:33:01,730] {logging_mixin.py:109} INFO - [2022-03-22 17:33:01,730] {example_kubernetes_executor.py:39} WARNING - The example_kubernetes_executor example DAG requires the kubernetes provider. Please install it with: pip install apache-airflow[cncf.kubernetes]
[2022-03-22 17:33:01,758] {processor.py:656} WARNING - No viable dags retrieved from /Users/adebolafagbule/opt/anaconda3/envs/airflow_env/lib/python3.8/site-packages/airflow/example_dags/example_kubernetes_executor.py
[2022-03-22 17:33:01,760] {processor.py:171} INFO - Processing /Users/adebolafagbule/opt/anaconda3/envs/airflow_env/lib/python3.8/site-packages/airflow/example_dags/example_kubernetes_executor.py took 0.060 seconds
[2022-03-22 17:34:16,048] {processor.py:163} INFO - Started process (PID=63726) to work on /Users/adebolafagbule/opt/anaconda3/envs/airflow_env/lib/python3.8/site-packages/airflow/example_dags/example_kubernetes_executor.py
[2022-03-22 17:34:16,048] {processor.py:642} INFO - Processing file /Users/adebolafagbule/opt/anaconda3/envs/airflow_env/lib/python3.8/site-packages/airflow/example_dags/example_kubernetes_executor.py for tasks to queue
[2022-03-22 17:34:16,048] {logging_mixin.py:109} INFO - [2022-03-22 17:34:16,048] {dagbag.py:500} INFO - Filling up the DagBag from /Users/adebolafagbule/opt/anaconda3/envs/airflow_env/lib/python3.8/site-packages/airflow/example_dags/example_kubernetes_executor.py
[2022-03-22 17:34:16,063] {logging_mixin.py:109} INFO - [2022-03-22 17:34:16,063] {example_kubernetes_executor.py:39} WARNING - The example_kubernetes_executor example DAG requires the kubernetes provider. Please install it with: pip install apache-airflow[cncf.kubernetes]
[2022-03-22 17:34:16,079] {processor.py:656} WARNING - No viable dags retrieved from /Users/adebolafagbule/opt/anaconda3/envs/airflow_env/lib/python3.8/site-packages/airflow/example_dags/example_kubernetes_executor.py
[2022-03-22 17:34:16,080] {processor.py:171} INFO - Processing /Users/adebolafagbule/opt/anaconda3/envs/airflow_env/lib/python3.8/site-packages/airflow/example_dags/example_kubernetes_executor.py took 0.033 seconds
[2022-03-22 17:35:29,501] {processor.py:163} INFO - Started process (PID=63797) to work on /Users/adebolafagbule/opt/anaconda3/envs/airflow_env/lib/python3.8/site-packages/airflow/example_dags/example_kubernetes_executor.py
[2022-03-22 17:35:29,501] {processor.py:642} INFO - Processing file /Users/adebolafagbule/opt/anaconda3/envs/airflow_env/lib/python3.8/site-packages/airflow/example_dags/example_kubernetes_executor.py for tasks to queue
[2022-03-22 17:35:29,501] {logging_mixin.py:109} INFO - [2022-03-22 17:35:29,501] {dagbag.py:500} INFO - Filling up the DagBag from /Users/adebolafagbule/opt/anaconda3/envs/airflow_env/lib/python3.8/site-packages/airflow/example_dags/example_kubernetes_executor.py
[2022-03-22 17:35:29,517] {logging_mixin.py:109} INFO - [2022-03-22 17:35:29,517] {example_kubernetes_executor.py:39} WARNING - The example_kubernetes_executor example DAG requires the kubernetes provider. Please install it with: pip install apache-airflow[cncf.kubernetes]
[2022-03-22 17:35:29,535] {processor.py:656} WARNING - No viable dags retrieved from /Users/adebolafagbule/opt/anaconda3/envs/airflow_env/lib/python3.8/site-packages/airflow/example_dags/example_kubernetes_executor.py
[2022-03-22 17:35:29,536] {processor.py:171} INFO - Processing /Users/adebolafagbule/opt/anaconda3/envs/airflow_env/lib/python3.8/site-packages/airflow/example_dags/example_kubernetes_executor.py took 0.036 seconds
[2022-03-22 17:36:44,767] {processor.py:163} INFO - Started process (PID=63871) to work on /Users/adebolafagbule/opt/anaconda3/envs/airflow_env/lib/python3.8/site-packages/airflow/example_dags/example_kubernetes_executor.py
[2022-03-22 17:36:44,768] {processor.py:642} INFO - Processing file /Users/adebolafagbule/opt/anaconda3/envs/airflow_env/lib/python3.8/site-packages/airflow/example_dags/example_kubernetes_executor.py for tasks to queue
[2022-03-22 17:36:44,769] {logging_mixin.py:109} INFO - [2022-03-22 17:36:44,768] {dagbag.py:500} INFO - Filling up the DagBag from /Users/adebolafagbule/opt/anaconda3/envs/airflow_env/lib/python3.8/site-packages/airflow/example_dags/example_kubernetes_executor.py
[2022-03-22 17:36:44,786] {logging_mixin.py:109} INFO - [2022-03-22 17:36:44,786] {example_kubernetes_executor.py:39} WARNING - The example_kubernetes_executor example DAG requires the kubernetes provider. Please install it with: pip install apache-airflow[cncf.kubernetes]
[2022-03-22 17:36:44,804] {processor.py:656} WARNING - No viable dags retrieved from /Users/adebolafagbule/opt/anaconda3/envs/airflow_env/lib/python3.8/site-packages/airflow/example_dags/example_kubernetes_executor.py
[2022-03-22 17:36:44,805] {processor.py:171} INFO - Processing /Users/adebolafagbule/opt/anaconda3/envs/airflow_env/lib/python3.8/site-packages/airflow/example_dags/example_kubernetes_executor.py took 0.039 seconds
[2022-03-22 17:38:02,363] {processor.py:163} INFO - Started process (PID=63944) to work on /Users/adebolafagbule/opt/anaconda3/envs/airflow_env/lib/python3.8/site-packages/airflow/example_dags/example_kubernetes_executor.py
[2022-03-22 17:38:02,364] {processor.py:642} INFO - Processing file /Users/adebolafagbule/opt/anaconda3/envs/airflow_env/lib/python3.8/site-packages/airflow/example_dags/example_kubernetes_executor.py for tasks to queue
[2022-03-22 17:38:02,365] {logging_mixin.py:109} INFO - [2022-03-22 17:38:02,365] {dagbag.py:500} INFO - Filling up the DagBag from /Users/adebolafagbule/opt/anaconda3/envs/airflow_env/lib/python3.8/site-packages/airflow/example_dags/example_kubernetes_executor.py
[2022-03-22 17:38:02,396] {logging_mixin.py:109} INFO - [2022-03-22 17:38:02,396] {example_kubernetes_executor.py:39} WARNING - The example_kubernetes_executor example DAG requires the kubernetes provider. Please install it with: pip install apache-airflow[cncf.kubernetes]
[2022-03-22 17:38:02,415] {processor.py:656} WARNING - No viable dags retrieved from /Users/adebolafagbule/opt/anaconda3/envs/airflow_env/lib/python3.8/site-packages/airflow/example_dags/example_kubernetes_executor.py
[2022-03-22 17:38:02,416] {processor.py:171} INFO - Processing /Users/adebolafagbule/opt/anaconda3/envs/airflow_env/lib/python3.8/site-packages/airflow/example_dags/example_kubernetes_executor.py took 0.054 seconds
[2022-03-22 17:39:33,520] {processor.py:163} INFO - Started process (PID=64024) to work on /Users/adebolafagbule/opt/anaconda3/envs/airflow_env/lib/python3.8/site-packages/airflow/example_dags/example_kubernetes_executor.py
[2022-03-22 17:39:33,521] {processor.py:642} INFO - Processing file /Users/adebolafagbule/opt/anaconda3/envs/airflow_env/lib/python3.8/site-packages/airflow/example_dags/example_kubernetes_executor.py for tasks to queue
[2022-03-22 17:39:33,522] {logging_mixin.py:109} INFO - [2022-03-22 17:39:33,522] {dagbag.py:500} INFO - Filling up the DagBag from /Users/adebolafagbule/opt/anaconda3/envs/airflow_env/lib/python3.8/site-packages/airflow/example_dags/example_kubernetes_executor.py
[2022-03-22 17:39:33,568] {logging_mixin.py:109} INFO - [2022-03-22 17:39:33,568] {example_kubernetes_executor.py:39} WARNING - The example_kubernetes_executor example DAG requires the kubernetes provider. Please install it with: pip install apache-airflow[cncf.kubernetes]
[2022-03-22 17:39:33,592] {processor.py:656} WARNING - No viable dags retrieved from /Users/adebolafagbule/opt/anaconda3/envs/airflow_env/lib/python3.8/site-packages/airflow/example_dags/example_kubernetes_executor.py
[2022-03-22 17:39:33,593] {processor.py:171} INFO - Processing /Users/adebolafagbule/opt/anaconda3/envs/airflow_env/lib/python3.8/site-packages/airflow/example_dags/example_kubernetes_executor.py took 0.074 seconds
[2022-03-22 17:40:58,692] {processor.py:163} INFO - Started process (PID=64098) to work on /Users/adebolafagbule/opt/anaconda3/envs/airflow_env/lib/python3.8/site-packages/airflow/example_dags/example_kubernetes_executor.py
[2022-03-22 17:40:58,693] {processor.py:642} INFO - Processing file /Users/adebolafagbule/opt/anaconda3/envs/airflow_env/lib/python3.8/site-packages/airflow/example_dags/example_kubernetes_executor.py for tasks to queue
[2022-03-22 17:40:58,694] {logging_mixin.py:109} INFO - [2022-03-22 17:40:58,694] {dagbag.py:500} INFO - Filling up the DagBag from /Users/adebolafagbule/opt/anaconda3/envs/airflow_env/lib/python3.8/site-packages/airflow/example_dags/example_kubernetes_executor.py
[2022-03-22 17:40:58,733] {logging_mixin.py:109} INFO - [2022-03-22 17:40:58,733] {example_kubernetes_executor.py:39} WARNING - The example_kubernetes_executor example DAG requires the kubernetes provider. Please install it with: pip install apache-airflow[cncf.kubernetes]
[2022-03-22 17:40:58,796] {processor.py:656} WARNING - No viable dags retrieved from /Users/adebolafagbule/opt/anaconda3/envs/airflow_env/lib/python3.8/site-packages/airflow/example_dags/example_kubernetes_executor.py
[2022-03-22 17:40:58,799] {processor.py:171} INFO - Processing /Users/adebolafagbule/opt/anaconda3/envs/airflow_env/lib/python3.8/site-packages/airflow/example_dags/example_kubernetes_executor.py took 0.107 seconds
[2022-03-22 17:42:37,064] {processor.py:163} INFO - Started process (PID=64181) to work on /Users/adebolafagbule/opt/anaconda3/envs/airflow_env/lib/python3.8/site-packages/airflow/example_dags/example_kubernetes_executor.py
[2022-03-22 17:42:37,065] {processor.py:642} INFO - Processing file /Users/adebolafagbule/opt/anaconda3/envs/airflow_env/lib/python3.8/site-packages/airflow/example_dags/example_kubernetes_executor.py for tasks to queue
[2022-03-22 17:42:37,089] {logging_mixin.py:109} INFO - [2022-03-22 17:42:37,088] {dagbag.py:500} INFO - Filling up the DagBag from /Users/adebolafagbule/opt/anaconda3/envs/airflow_env/lib/python3.8/site-packages/airflow/example_dags/example_kubernetes_executor.py
[2022-03-22 17:42:37,132] {logging_mixin.py:109} INFO - [2022-03-22 17:42:37,132] {example_kubernetes_executor.py:39} WARNING - The example_kubernetes_executor example DAG requires the kubernetes provider. Please install it with: pip install apache-airflow[cncf.kubernetes]
[2022-03-22 17:42:37,193] {processor.py:656} WARNING - No viable dags retrieved from /Users/adebolafagbule/opt/anaconda3/envs/airflow_env/lib/python3.8/site-packages/airflow/example_dags/example_kubernetes_executor.py
[2022-03-22 17:42:37,195] {processor.py:171} INFO - Processing /Users/adebolafagbule/opt/anaconda3/envs/airflow_env/lib/python3.8/site-packages/airflow/example_dags/example_kubernetes_executor.py took 0.132 seconds
[2022-03-22 17:44:09,726] {processor.py:163} INFO - Started process (PID=64260) to work on /Users/adebolafagbule/opt/anaconda3/envs/airflow_env/lib/python3.8/site-packages/airflow/example_dags/example_kubernetes_executor.py
[2022-03-22 17:44:09,727] {processor.py:642} INFO - Processing file /Users/adebolafagbule/opt/anaconda3/envs/airflow_env/lib/python3.8/site-packages/airflow/example_dags/example_kubernetes_executor.py for tasks to queue
[2022-03-22 17:44:09,727] {logging_mixin.py:109} INFO - [2022-03-22 17:44:09,727] {dagbag.py:500} INFO - Filling up the DagBag from /Users/adebolafagbule/opt/anaconda3/envs/airflow_env/lib/python3.8/site-packages/airflow/example_dags/example_kubernetes_executor.py
[2022-03-22 17:44:09,744] {logging_mixin.py:109} INFO - [2022-03-22 17:44:09,744] {example_kubernetes_executor.py:39} WARNING - The example_kubernetes_executor example DAG requires the kubernetes provider. Please install it with: pip install apache-airflow[cncf.kubernetes]
[2022-03-22 17:44:09,764] {processor.py:656} WARNING - No viable dags retrieved from /Users/adebolafagbule/opt/anaconda3/envs/airflow_env/lib/python3.8/site-packages/airflow/example_dags/example_kubernetes_executor.py
[2022-03-22 17:44:09,765] {processor.py:171} INFO - Processing /Users/adebolafagbule/opt/anaconda3/envs/airflow_env/lib/python3.8/site-packages/airflow/example_dags/example_kubernetes_executor.py took 0.040 seconds
[2022-03-22 17:45:41,440] {processor.py:163} INFO - Started process (PID=64337) to work on /Users/adebolafagbule/opt/anaconda3/envs/airflow_env/lib/python3.8/site-packages/airflow/example_dags/example_kubernetes_executor.py
[2022-03-22 17:45:41,441] {processor.py:642} INFO - Processing file /Users/adebolafagbule/opt/anaconda3/envs/airflow_env/lib/python3.8/site-packages/airflow/example_dags/example_kubernetes_executor.py for tasks to queue
[2022-03-22 17:45:41,441] {logging_mixin.py:109} INFO - [2022-03-22 17:45:41,441] {dagbag.py:500} INFO - Filling up the DagBag from /Users/adebolafagbule/opt/anaconda3/envs/airflow_env/lib/python3.8/site-packages/airflow/example_dags/example_kubernetes_executor.py
[2022-03-22 17:45:41,462] {logging_mixin.py:109} INFO - [2022-03-22 17:45:41,462] {example_kubernetes_executor.py:39} WARNING - The example_kubernetes_executor example DAG requires the kubernetes provider. Please install it with: pip install apache-airflow[cncf.kubernetes]
[2022-03-22 17:45:41,481] {processor.py:656} WARNING - No viable dags retrieved from /Users/adebolafagbule/opt/anaconda3/envs/airflow_env/lib/python3.8/site-packages/airflow/example_dags/example_kubernetes_executor.py
[2022-03-22 17:45:41,482] {processor.py:171} INFO - Processing /Users/adebolafagbule/opt/anaconda3/envs/airflow_env/lib/python3.8/site-packages/airflow/example_dags/example_kubernetes_executor.py took 0.043 seconds
[2022-03-22 17:47:13,277] {processor.py:163} INFO - Started process (PID=64424) to work on /Users/adebolafagbule/opt/anaconda3/envs/airflow_env/lib/python3.8/site-packages/airflow/example_dags/example_kubernetes_executor.py
[2022-03-22 17:47:13,279] {processor.py:642} INFO - Processing file /Users/adebolafagbule/opt/anaconda3/envs/airflow_env/lib/python3.8/site-packages/airflow/example_dags/example_kubernetes_executor.py for tasks to queue
[2022-03-22 17:47:13,279] {logging_mixin.py:109} INFO - [2022-03-22 17:47:13,279] {dagbag.py:500} INFO - Filling up the DagBag from /Users/adebolafagbule/opt/anaconda3/envs/airflow_env/lib/python3.8/site-packages/airflow/example_dags/example_kubernetes_executor.py
[2022-03-22 17:47:13,308] {logging_mixin.py:109} INFO - [2022-03-22 17:47:13,308] {example_kubernetes_executor.py:39} WARNING - The example_kubernetes_executor example DAG requires the kubernetes provider. Please install it with: pip install apache-airflow[cncf.kubernetes]
[2022-03-22 17:47:13,330] {processor.py:656} WARNING - No viable dags retrieved from /Users/adebolafagbule/opt/anaconda3/envs/airflow_env/lib/python3.8/site-packages/airflow/example_dags/example_kubernetes_executor.py
[2022-03-22 17:47:13,332] {processor.py:171} INFO - Processing /Users/adebolafagbule/opt/anaconda3/envs/airflow_env/lib/python3.8/site-packages/airflow/example_dags/example_kubernetes_executor.py took 0.055 seconds
[2022-03-22 17:48:38,702] {processor.py:163} INFO - Started process (PID=64501) to work on /Users/adebolafagbule/opt/anaconda3/envs/airflow_env/lib/python3.8/site-packages/airflow/example_dags/example_kubernetes_executor.py
[2022-03-22 17:48:38,703] {processor.py:642} INFO - Processing file /Users/adebolafagbule/opt/anaconda3/envs/airflow_env/lib/python3.8/site-packages/airflow/example_dags/example_kubernetes_executor.py for tasks to queue
[2022-03-22 17:48:38,704] {logging_mixin.py:109} INFO - [2022-03-22 17:48:38,704] {dagbag.py:500} INFO - Filling up the DagBag from /Users/adebolafagbule/opt/anaconda3/envs/airflow_env/lib/python3.8/site-packages/airflow/example_dags/example_kubernetes_executor.py
[2022-03-22 17:48:38,720] {logging_mixin.py:109} INFO - [2022-03-22 17:48:38,720] {example_kubernetes_executor.py:39} WARNING - The example_kubernetes_executor example DAG requires the kubernetes provider. Please install it with: pip install apache-airflow[cncf.kubernetes]
[2022-03-22 17:48:38,739] {processor.py:656} WARNING - No viable dags retrieved from /Users/adebolafagbule/opt/anaconda3/envs/airflow_env/lib/python3.8/site-packages/airflow/example_dags/example_kubernetes_executor.py
[2022-03-22 17:48:38,741] {processor.py:171} INFO - Processing /Users/adebolafagbule/opt/anaconda3/envs/airflow_env/lib/python3.8/site-packages/airflow/example_dags/example_kubernetes_executor.py took 0.039 seconds
[2022-03-22 17:50:01,793] {processor.py:163} INFO - Started process (PID=64580) to work on /Users/adebolafagbule/opt/anaconda3/envs/airflow_env/lib/python3.8/site-packages/airflow/example_dags/example_kubernetes_executor.py
[2022-03-22 17:50:01,794] {processor.py:642} INFO - Processing file /Users/adebolafagbule/opt/anaconda3/envs/airflow_env/lib/python3.8/site-packages/airflow/example_dags/example_kubernetes_executor.py for tasks to queue
[2022-03-22 17:50:01,795] {logging_mixin.py:109} INFO - [2022-03-22 17:50:01,794] {dagbag.py:500} INFO - Filling up the DagBag from /Users/adebolafagbule/opt/anaconda3/envs/airflow_env/lib/python3.8/site-packages/airflow/example_dags/example_kubernetes_executor.py
[2022-03-22 17:50:01,831] {logging_mixin.py:109} INFO - [2022-03-22 17:50:01,830] {example_kubernetes_executor.py:39} WARNING - The example_kubernetes_executor example DAG requires the kubernetes provider. Please install it with: pip install apache-airflow[cncf.kubernetes]
[2022-03-22 17:50:01,900] {processor.py:656} WARNING - No viable dags retrieved from /Users/adebolafagbule/opt/anaconda3/envs/airflow_env/lib/python3.8/site-packages/airflow/example_dags/example_kubernetes_executor.py
[2022-03-22 17:50:01,901] {processor.py:171} INFO - Processing /Users/adebolafagbule/opt/anaconda3/envs/airflow_env/lib/python3.8/site-packages/airflow/example_dags/example_kubernetes_executor.py took 0.110 seconds
[2022-03-22 17:51:32,365] {processor.py:163} INFO - Started process (PID=64659) to work on /Users/adebolafagbule/opt/anaconda3/envs/airflow_env/lib/python3.8/site-packages/airflow/example_dags/example_kubernetes_executor.py
[2022-03-22 17:51:32,367] {processor.py:642} INFO - Processing file /Users/adebolafagbule/opt/anaconda3/envs/airflow_env/lib/python3.8/site-packages/airflow/example_dags/example_kubernetes_executor.py for tasks to queue
[2022-03-22 17:51:32,367] {logging_mixin.py:109} INFO - [2022-03-22 17:51:32,367] {dagbag.py:500} INFO - Filling up the DagBag from /Users/adebolafagbule/opt/anaconda3/envs/airflow_env/lib/python3.8/site-packages/airflow/example_dags/example_kubernetes_executor.py
[2022-03-22 17:51:32,390] {logging_mixin.py:109} INFO - [2022-03-22 17:51:32,390] {example_kubernetes_executor.py:39} WARNING - The example_kubernetes_executor example DAG requires the kubernetes provider. Please install it with: pip install apache-airflow[cncf.kubernetes]
[2022-03-22 17:51:32,410] {processor.py:656} WARNING - No viable dags retrieved from /Users/adebolafagbule/opt/anaconda3/envs/airflow_env/lib/python3.8/site-packages/airflow/example_dags/example_kubernetes_executor.py
[2022-03-22 17:51:32,412] {processor.py:171} INFO - Processing /Users/adebolafagbule/opt/anaconda3/envs/airflow_env/lib/python3.8/site-packages/airflow/example_dags/example_kubernetes_executor.py took 0.047 seconds
[2022-03-22 17:53:08,724] {processor.py:163} INFO - Started process (PID=64738) to work on /Users/adebolafagbule/opt/anaconda3/envs/airflow_env/lib/python3.8/site-packages/airflow/example_dags/example_kubernetes_executor.py
[2022-03-22 17:53:08,725] {processor.py:642} INFO - Processing file /Users/adebolafagbule/opt/anaconda3/envs/airflow_env/lib/python3.8/site-packages/airflow/example_dags/example_kubernetes_executor.py for tasks to queue
[2022-03-22 17:53:08,725] {logging_mixin.py:109} INFO - [2022-03-22 17:53:08,725] {dagbag.py:500} INFO - Filling up the DagBag from /Users/adebolafagbule/opt/anaconda3/envs/airflow_env/lib/python3.8/site-packages/airflow/example_dags/example_kubernetes_executor.py
[2022-03-22 17:53:08,754] {logging_mixin.py:109} INFO - [2022-03-22 17:53:08,754] {example_kubernetes_executor.py:39} WARNING - The example_kubernetes_executor example DAG requires the kubernetes provider. Please install it with: pip install apache-airflow[cncf.kubernetes]
[2022-03-22 17:53:08,776] {processor.py:656} WARNING - No viable dags retrieved from /Users/adebolafagbule/opt/anaconda3/envs/airflow_env/lib/python3.8/site-packages/airflow/example_dags/example_kubernetes_executor.py
[2022-03-22 17:53:08,777] {processor.py:171} INFO - Processing /Users/adebolafagbule/opt/anaconda3/envs/airflow_env/lib/python3.8/site-packages/airflow/example_dags/example_kubernetes_executor.py took 0.054 seconds
[2022-03-22 17:54:57,470] {processor.py:163} INFO - Started process (PID=64818) to work on /Users/adebolafagbule/opt/anaconda3/envs/airflow_env/lib/python3.8/site-packages/airflow/example_dags/example_kubernetes_executor.py
[2022-03-22 17:54:57,472] {processor.py:642} INFO - Processing file /Users/adebolafagbule/opt/anaconda3/envs/airflow_env/lib/python3.8/site-packages/airflow/example_dags/example_kubernetes_executor.py for tasks to queue
[2022-03-22 17:54:57,473] {logging_mixin.py:109} INFO - [2022-03-22 17:54:57,473] {dagbag.py:500} INFO - Filling up the DagBag from /Users/adebolafagbule/opt/anaconda3/envs/airflow_env/lib/python3.8/site-packages/airflow/example_dags/example_kubernetes_executor.py
[2022-03-22 17:54:57,525] {logging_mixin.py:109} INFO - [2022-03-22 17:54:57,525] {example_kubernetes_executor.py:39} WARNING - The example_kubernetes_executor example DAG requires the kubernetes provider. Please install it with: pip install apache-airflow[cncf.kubernetes]
[2022-03-22 17:54:57,568] {processor.py:656} WARNING - No viable dags retrieved from /Users/adebolafagbule/opt/anaconda3/envs/airflow_env/lib/python3.8/site-packages/airflow/example_dags/example_kubernetes_executor.py
[2022-03-22 17:54:57,571] {processor.py:171} INFO - Processing /Users/adebolafagbule/opt/anaconda3/envs/airflow_env/lib/python3.8/site-packages/airflow/example_dags/example_kubernetes_executor.py took 0.102 seconds
[2022-03-22 17:57:34,051] {processor.py:163} INFO - Started process (PID=64917) to work on /Users/adebolafagbule/opt/anaconda3/envs/airflow_env/lib/python3.8/site-packages/airflow/example_dags/example_kubernetes_executor.py
[2022-03-22 17:57:34,052] {processor.py:642} INFO - Processing file /Users/adebolafagbule/opt/anaconda3/envs/airflow_env/lib/python3.8/site-packages/airflow/example_dags/example_kubernetes_executor.py for tasks to queue
[2022-03-22 17:57:34,052] {logging_mixin.py:109} INFO - [2022-03-22 17:57:34,052] {dagbag.py:500} INFO - Filling up the DagBag from /Users/adebolafagbule/opt/anaconda3/envs/airflow_env/lib/python3.8/site-packages/airflow/example_dags/example_kubernetes_executor.py
[2022-03-22 17:57:34,108] {logging_mixin.py:109} INFO - [2022-03-22 17:57:34,108] {example_kubernetes_executor.py:39} WARNING - The example_kubernetes_executor example DAG requires the kubernetes provider. Please install it with: pip install apache-airflow[cncf.kubernetes]
[2022-03-22 17:57:34,138] {processor.py:656} WARNING - No viable dags retrieved from /Users/adebolafagbule/opt/anaconda3/envs/airflow_env/lib/python3.8/site-packages/airflow/example_dags/example_kubernetes_executor.py
[2022-03-22 17:57:34,140] {processor.py:171} INFO - Processing /Users/adebolafagbule/opt/anaconda3/envs/airflow_env/lib/python3.8/site-packages/airflow/example_dags/example_kubernetes_executor.py took 0.090 seconds
[2022-03-22 17:59:58,780] {processor.py:163} INFO - Started process (PID=65008) to work on /Users/adebolafagbule/opt/anaconda3/envs/airflow_env/lib/python3.8/site-packages/airflow/example_dags/example_kubernetes_executor.py
[2022-03-22 17:59:58,781] {processor.py:642} INFO - Processing file /Users/adebolafagbule/opt/anaconda3/envs/airflow_env/lib/python3.8/site-packages/airflow/example_dags/example_kubernetes_executor.py for tasks to queue
[2022-03-22 17:59:58,781] {logging_mixin.py:109} INFO - [2022-03-22 17:59:58,781] {dagbag.py:500} INFO - Filling up the DagBag from /Users/adebolafagbule/opt/anaconda3/envs/airflow_env/lib/python3.8/site-packages/airflow/example_dags/example_kubernetes_executor.py
[2022-03-22 17:59:58,819] {logging_mixin.py:109} INFO - [2022-03-22 17:59:58,819] {example_kubernetes_executor.py:39} WARNING - The example_kubernetes_executor example DAG requires the kubernetes provider. Please install it with: pip install apache-airflow[cncf.kubernetes]
[2022-03-22 17:59:58,873] {processor.py:656} WARNING - No viable dags retrieved from /Users/adebolafagbule/opt/anaconda3/envs/airflow_env/lib/python3.8/site-packages/airflow/example_dags/example_kubernetes_executor.py
[2022-03-22 17:59:58,875] {processor.py:171} INFO - Processing /Users/adebolafagbule/opt/anaconda3/envs/airflow_env/lib/python3.8/site-packages/airflow/example_dags/example_kubernetes_executor.py took 0.096 seconds
[2022-03-22 18:02:23,622] {processor.py:163} INFO - Started process (PID=65102) to work on /Users/adebolafagbule/opt/anaconda3/envs/airflow_env/lib/python3.8/site-packages/airflow/example_dags/example_kubernetes_executor.py
[2022-03-22 18:02:23,623] {processor.py:642} INFO - Processing file /Users/adebolafagbule/opt/anaconda3/envs/airflow_env/lib/python3.8/site-packages/airflow/example_dags/example_kubernetes_executor.py for tasks to queue
[2022-03-22 18:02:23,624] {logging_mixin.py:109} INFO - [2022-03-22 18:02:23,623] {dagbag.py:500} INFO - Filling up the DagBag from /Users/adebolafagbule/opt/anaconda3/envs/airflow_env/lib/python3.8/site-packages/airflow/example_dags/example_kubernetes_executor.py
[2022-03-22 18:02:23,667] {logging_mixin.py:109} INFO - [2022-03-22 18:02:23,667] {example_kubernetes_executor.py:39} WARNING - The example_kubernetes_executor example DAG requires the kubernetes provider. Please install it with: pip install apache-airflow[cncf.kubernetes]
[2022-03-22 18:02:23,699] {processor.py:656} WARNING - No viable dags retrieved from /Users/adebolafagbule/opt/anaconda3/envs/airflow_env/lib/python3.8/site-packages/airflow/example_dags/example_kubernetes_executor.py
[2022-03-22 18:02:23,702] {processor.py:171} INFO - Processing /Users/adebolafagbule/opt/anaconda3/envs/airflow_env/lib/python3.8/site-packages/airflow/example_dags/example_kubernetes_executor.py took 0.080 seconds
[2022-03-22 18:04:45,893] {processor.py:163} INFO - Started process (PID=65193) to work on /Users/adebolafagbule/opt/anaconda3/envs/airflow_env/lib/python3.8/site-packages/airflow/example_dags/example_kubernetes_executor.py
[2022-03-22 18:04:45,894] {processor.py:642} INFO - Processing file /Users/adebolafagbule/opt/anaconda3/envs/airflow_env/lib/python3.8/site-packages/airflow/example_dags/example_kubernetes_executor.py for tasks to queue
[2022-03-22 18:04:45,894] {logging_mixin.py:109} INFO - [2022-03-22 18:04:45,894] {dagbag.py:500} INFO - Filling up the DagBag from /Users/adebolafagbule/opt/anaconda3/envs/airflow_env/lib/python3.8/site-packages/airflow/example_dags/example_kubernetes_executor.py
[2022-03-22 18:04:45,939] {logging_mixin.py:109} INFO - [2022-03-22 18:04:45,939] {example_kubernetes_executor.py:39} WARNING - The example_kubernetes_executor example DAG requires the kubernetes provider. Please install it with: pip install apache-airflow[cncf.kubernetes]
[2022-03-22 18:04:45,993] {processor.py:656} WARNING - No viable dags retrieved from /Users/adebolafagbule/opt/anaconda3/envs/airflow_env/lib/python3.8/site-packages/airflow/example_dags/example_kubernetes_executor.py
[2022-03-22 18:04:45,996] {processor.py:171} INFO - Processing /Users/adebolafagbule/opt/anaconda3/envs/airflow_env/lib/python3.8/site-packages/airflow/example_dags/example_kubernetes_executor.py took 0.105 seconds
[2022-03-22 18:06:40,849] {processor.py:163} INFO - Started process (PID=65279) to work on /Users/adebolafagbule/opt/anaconda3/envs/airflow_env/lib/python3.8/site-packages/airflow/example_dags/example_kubernetes_executor.py
[2022-03-22 18:06:40,851] {processor.py:642} INFO - Processing file /Users/adebolafagbule/opt/anaconda3/envs/airflow_env/lib/python3.8/site-packages/airflow/example_dags/example_kubernetes_executor.py for tasks to queue
[2022-03-22 18:06:40,852] {logging_mixin.py:109} INFO - [2022-03-22 18:06:40,851] {dagbag.py:500} INFO - Filling up the DagBag from /Users/adebolafagbule/opt/anaconda3/envs/airflow_env/lib/python3.8/site-packages/airflow/example_dags/example_kubernetes_executor.py
[2022-03-22 18:06:40,884] {logging_mixin.py:109} INFO - [2022-03-22 18:06:40,884] {example_kubernetes_executor.py:39} WARNING - The example_kubernetes_executor example DAG requires the kubernetes provider. Please install it with: pip install apache-airflow[cncf.kubernetes]
[2022-03-22 18:06:40,912] {processor.py:656} WARNING - No viable dags retrieved from /Users/adebolafagbule/opt/anaconda3/envs/airflow_env/lib/python3.8/site-packages/airflow/example_dags/example_kubernetes_executor.py
[2022-03-22 18:06:40,913] {processor.py:171} INFO - Processing /Users/adebolafagbule/opt/anaconda3/envs/airflow_env/lib/python3.8/site-packages/airflow/example_dags/example_kubernetes_executor.py took 0.064 seconds
[2022-03-22 18:08:28,833] {processor.py:163} INFO - Started process (PID=65364) to work on /Users/adebolafagbule/opt/anaconda3/envs/airflow_env/lib/python3.8/site-packages/airflow/example_dags/example_kubernetes_executor.py
[2022-03-22 18:08:28,834] {processor.py:642} INFO - Processing file /Users/adebolafagbule/opt/anaconda3/envs/airflow_env/lib/python3.8/site-packages/airflow/example_dags/example_kubernetes_executor.py for tasks to queue
[2022-03-22 18:08:28,834] {logging_mixin.py:109} INFO - [2022-03-22 18:08:28,834] {dagbag.py:500} INFO - Filling up the DagBag from /Users/adebolafagbule/opt/anaconda3/envs/airflow_env/lib/python3.8/site-packages/airflow/example_dags/example_kubernetes_executor.py
[2022-03-22 18:08:28,861] {logging_mixin.py:109} INFO - [2022-03-22 18:08:28,861] {example_kubernetes_executor.py:39} WARNING - The example_kubernetes_executor example DAG requires the kubernetes provider. Please install it with: pip install apache-airflow[cncf.kubernetes]
[2022-03-22 18:08:28,882] {processor.py:656} WARNING - No viable dags retrieved from /Users/adebolafagbule/opt/anaconda3/envs/airflow_env/lib/python3.8/site-packages/airflow/example_dags/example_kubernetes_executor.py
[2022-03-22 18:08:28,883] {processor.py:171} INFO - Processing /Users/adebolafagbule/opt/anaconda3/envs/airflow_env/lib/python3.8/site-packages/airflow/example_dags/example_kubernetes_executor.py took 0.051 seconds
[2022-03-22 18:10:23,486] {processor.py:163} INFO - Started process (PID=65449) to work on /Users/adebolafagbule/opt/anaconda3/envs/airflow_env/lib/python3.8/site-packages/airflow/example_dags/example_kubernetes_executor.py
[2022-03-22 18:10:23,488] {processor.py:642} INFO - Processing file /Users/adebolafagbule/opt/anaconda3/envs/airflow_env/lib/python3.8/site-packages/airflow/example_dags/example_kubernetes_executor.py for tasks to queue
[2022-03-22 18:10:23,488] {logging_mixin.py:109} INFO - [2022-03-22 18:10:23,488] {dagbag.py:500} INFO - Filling up the DagBag from /Users/adebolafagbule/opt/anaconda3/envs/airflow_env/lib/python3.8/site-packages/airflow/example_dags/example_kubernetes_executor.py
[2022-03-22 18:10:23,524] {logging_mixin.py:109} INFO - [2022-03-22 18:10:23,523] {example_kubernetes_executor.py:39} WARNING - The example_kubernetes_executor example DAG requires the kubernetes provider. Please install it with: pip install apache-airflow[cncf.kubernetes]
[2022-03-22 18:10:23,544] {processor.py:656} WARNING - No viable dags retrieved from /Users/adebolafagbule/opt/anaconda3/envs/airflow_env/lib/python3.8/site-packages/airflow/example_dags/example_kubernetes_executor.py
[2022-03-22 18:10:23,545] {processor.py:171} INFO - Processing /Users/adebolafagbule/opt/anaconda3/envs/airflow_env/lib/python3.8/site-packages/airflow/example_dags/example_kubernetes_executor.py took 0.059 seconds
[2022-03-22 18:12:13,883] {processor.py:163} INFO - Started process (PID=65536) to work on /Users/adebolafagbule/opt/anaconda3/envs/airflow_env/lib/python3.8/site-packages/airflow/example_dags/example_kubernetes_executor.py
[2022-03-22 18:12:13,884] {processor.py:642} INFO - Processing file /Users/adebolafagbule/opt/anaconda3/envs/airflow_env/lib/python3.8/site-packages/airflow/example_dags/example_kubernetes_executor.py for tasks to queue
[2022-03-22 18:12:13,885] {logging_mixin.py:109} INFO - [2022-03-22 18:12:13,885] {dagbag.py:500} INFO - Filling up the DagBag from /Users/adebolafagbule/opt/anaconda3/envs/airflow_env/lib/python3.8/site-packages/airflow/example_dags/example_kubernetes_executor.py
[2022-03-22 18:12:13,906] {logging_mixin.py:109} INFO - [2022-03-22 18:12:13,906] {example_kubernetes_executor.py:39} WARNING - The example_kubernetes_executor example DAG requires the kubernetes provider. Please install it with: pip install apache-airflow[cncf.kubernetes]
[2022-03-22 18:12:13,935] {processor.py:656} WARNING - No viable dags retrieved from /Users/adebolafagbule/opt/anaconda3/envs/airflow_env/lib/python3.8/site-packages/airflow/example_dags/example_kubernetes_executor.py
[2022-03-22 18:12:13,936] {processor.py:171} INFO - Processing /Users/adebolafagbule/opt/anaconda3/envs/airflow_env/lib/python3.8/site-packages/airflow/example_dags/example_kubernetes_executor.py took 0.053 seconds
[2022-03-22 18:14:01,400] {processor.py:163} INFO - Started process (PID=65618) to work on /Users/adebolafagbule/opt/anaconda3/envs/airflow_env/lib/python3.8/site-packages/airflow/example_dags/example_kubernetes_executor.py
[2022-03-22 18:14:01,401] {processor.py:642} INFO - Processing file /Users/adebolafagbule/opt/anaconda3/envs/airflow_env/lib/python3.8/site-packages/airflow/example_dags/example_kubernetes_executor.py for tasks to queue
[2022-03-22 18:14:01,401] {logging_mixin.py:109} INFO - [2022-03-22 18:14:01,401] {dagbag.py:500} INFO - Filling up the DagBag from /Users/adebolafagbule/opt/anaconda3/envs/airflow_env/lib/python3.8/site-packages/airflow/example_dags/example_kubernetes_executor.py
[2022-03-22 18:14:01,467] {logging_mixin.py:109} INFO - [2022-03-22 18:14:01,467] {example_kubernetes_executor.py:39} WARNING - The example_kubernetes_executor example DAG requires the kubernetes provider. Please install it with: pip install apache-airflow[cncf.kubernetes]
[2022-03-22 18:14:01,525] {processor.py:656} WARNING - No viable dags retrieved from /Users/adebolafagbule/opt/anaconda3/envs/airflow_env/lib/python3.8/site-packages/airflow/example_dags/example_kubernetes_executor.py
[2022-03-22 18:14:01,530] {processor.py:171} INFO - Processing /Users/adebolafagbule/opt/anaconda3/envs/airflow_env/lib/python3.8/site-packages/airflow/example_dags/example_kubernetes_executor.py took 0.132 seconds
[2022-03-22 18:16:05,284] {processor.py:163} INFO - Started process (PID=65718) to work on /Users/adebolafagbule/opt/anaconda3/envs/airflow_env/lib/python3.8/site-packages/airflow/example_dags/example_kubernetes_executor.py
[2022-03-22 18:16:05,285] {processor.py:642} INFO - Processing file /Users/adebolafagbule/opt/anaconda3/envs/airflow_env/lib/python3.8/site-packages/airflow/example_dags/example_kubernetes_executor.py for tasks to queue
[2022-03-22 18:16:05,287] {logging_mixin.py:109} INFO - [2022-03-22 18:16:05,287] {dagbag.py:500} INFO - Filling up the DagBag from /Users/adebolafagbule/opt/anaconda3/envs/airflow_env/lib/python3.8/site-packages/airflow/example_dags/example_kubernetes_executor.py
[2022-03-22 18:16:05,321] {logging_mixin.py:109} INFO - [2022-03-22 18:16:05,320] {example_kubernetes_executor.py:39} WARNING - The example_kubernetes_executor example DAG requires the kubernetes provider. Please install it with: pip install apache-airflow[cncf.kubernetes]
[2022-03-22 18:16:05,343] {processor.py:656} WARNING - No viable dags retrieved from /Users/adebolafagbule/opt/anaconda3/envs/airflow_env/lib/python3.8/site-packages/airflow/example_dags/example_kubernetes_executor.py
[2022-03-22 18:16:05,345] {processor.py:171} INFO - Processing /Users/adebolafagbule/opt/anaconda3/envs/airflow_env/lib/python3.8/site-packages/airflow/example_dags/example_kubernetes_executor.py took 0.061 seconds
[2022-03-22 18:17:49,843] {processor.py:163} INFO - Started process (PID=65799) to work on /Users/adebolafagbule/opt/anaconda3/envs/airflow_env/lib/python3.8/site-packages/airflow/example_dags/example_kubernetes_executor.py
[2022-03-22 18:17:49,843] {processor.py:642} INFO - Processing file /Users/adebolafagbule/opt/anaconda3/envs/airflow_env/lib/python3.8/site-packages/airflow/example_dags/example_kubernetes_executor.py for tasks to queue
[2022-03-22 18:17:49,844] {logging_mixin.py:109} INFO - [2022-03-22 18:17:49,844] {dagbag.py:500} INFO - Filling up the DagBag from /Users/adebolafagbule/opt/anaconda3/envs/airflow_env/lib/python3.8/site-packages/airflow/example_dags/example_kubernetes_executor.py
[2022-03-22 18:17:49,877] {logging_mixin.py:109} INFO - [2022-03-22 18:17:49,877] {example_kubernetes_executor.py:39} WARNING - The example_kubernetes_executor example DAG requires the kubernetes provider. Please install it with: pip install apache-airflow[cncf.kubernetes]
[2022-03-22 18:17:49,926] {processor.py:656} WARNING - No viable dags retrieved from /Users/adebolafagbule/opt/anaconda3/envs/airflow_env/lib/python3.8/site-packages/airflow/example_dags/example_kubernetes_executor.py
[2022-03-22 18:17:49,929] {processor.py:171} INFO - Processing /Users/adebolafagbule/opt/anaconda3/envs/airflow_env/lib/python3.8/site-packages/airflow/example_dags/example_kubernetes_executor.py took 0.087 seconds
[2022-03-22 18:19:26,210] {processor.py:163} INFO - Started process (PID=65878) to work on /Users/adebolafagbule/opt/anaconda3/envs/airflow_env/lib/python3.8/site-packages/airflow/example_dags/example_kubernetes_executor.py
[2022-03-22 18:19:26,211] {processor.py:642} INFO - Processing file /Users/adebolafagbule/opt/anaconda3/envs/airflow_env/lib/python3.8/site-packages/airflow/example_dags/example_kubernetes_executor.py for tasks to queue
[2022-03-22 18:19:26,212] {logging_mixin.py:109} INFO - [2022-03-22 18:19:26,211] {dagbag.py:500} INFO - Filling up the DagBag from /Users/adebolafagbule/opt/anaconda3/envs/airflow_env/lib/python3.8/site-packages/airflow/example_dags/example_kubernetes_executor.py
[2022-03-22 18:19:26,243] {logging_mixin.py:109} INFO - [2022-03-22 18:19:26,243] {example_kubernetes_executor.py:39} WARNING - The example_kubernetes_executor example DAG requires the kubernetes provider. Please install it with: pip install apache-airflow[cncf.kubernetes]
[2022-03-22 18:19:26,264] {processor.py:656} WARNING - No viable dags retrieved from /Users/adebolafagbule/opt/anaconda3/envs/airflow_env/lib/python3.8/site-packages/airflow/example_dags/example_kubernetes_executor.py
[2022-03-22 18:19:26,266] {processor.py:171} INFO - Processing /Users/adebolafagbule/opt/anaconda3/envs/airflow_env/lib/python3.8/site-packages/airflow/example_dags/example_kubernetes_executor.py took 0.057 seconds
[2022-03-22 18:21:01,028] {processor.py:163} INFO - Started process (PID=65958) to work on /Users/adebolafagbule/opt/anaconda3/envs/airflow_env/lib/python3.8/site-packages/airflow/example_dags/example_kubernetes_executor.py
[2022-03-22 18:21:01,029] {processor.py:642} INFO - Processing file /Users/adebolafagbule/opt/anaconda3/envs/airflow_env/lib/python3.8/site-packages/airflow/example_dags/example_kubernetes_executor.py for tasks to queue
[2022-03-22 18:21:01,030] {logging_mixin.py:109} INFO - [2022-03-22 18:21:01,030] {dagbag.py:500} INFO - Filling up the DagBag from /Users/adebolafagbule/opt/anaconda3/envs/airflow_env/lib/python3.8/site-packages/airflow/example_dags/example_kubernetes_executor.py
[2022-03-22 18:21:01,049] {logging_mixin.py:109} INFO - [2022-03-22 18:21:01,049] {example_kubernetes_executor.py:39} WARNING - The example_kubernetes_executor example DAG requires the kubernetes provider. Please install it with: pip install apache-airflow[cncf.kubernetes]
[2022-03-22 18:21:01,070] {processor.py:656} WARNING - No viable dags retrieved from /Users/adebolafagbule/opt/anaconda3/envs/airflow_env/lib/python3.8/site-packages/airflow/example_dags/example_kubernetes_executor.py
[2022-03-22 18:21:01,072] {processor.py:171} INFO - Processing /Users/adebolafagbule/opt/anaconda3/envs/airflow_env/lib/python3.8/site-packages/airflow/example_dags/example_kubernetes_executor.py took 0.044 seconds
[2022-03-22 18:22:28,498] {processor.py:163} INFO - Started process (PID=66035) to work on /Users/adebolafagbule/opt/anaconda3/envs/airflow_env/lib/python3.8/site-packages/airflow/example_dags/example_kubernetes_executor.py
[2022-03-22 18:22:28,499] {processor.py:642} INFO - Processing file /Users/adebolafagbule/opt/anaconda3/envs/airflow_env/lib/python3.8/site-packages/airflow/example_dags/example_kubernetes_executor.py for tasks to queue
[2022-03-22 18:22:28,500] {logging_mixin.py:109} INFO - [2022-03-22 18:22:28,500] {dagbag.py:500} INFO - Filling up the DagBag from /Users/adebolafagbule/opt/anaconda3/envs/airflow_env/lib/python3.8/site-packages/airflow/example_dags/example_kubernetes_executor.py
[2022-03-22 18:22:28,530] {logging_mixin.py:109} INFO - [2022-03-22 18:22:28,530] {example_kubernetes_executor.py:39} WARNING - The example_kubernetes_executor example DAG requires the kubernetes provider. Please install it with: pip install apache-airflow[cncf.kubernetes]
[2022-03-22 18:22:28,553] {processor.py:656} WARNING - No viable dags retrieved from /Users/adebolafagbule/opt/anaconda3/envs/airflow_env/lib/python3.8/site-packages/airflow/example_dags/example_kubernetes_executor.py
[2022-03-22 18:22:28,554] {processor.py:171} INFO - Processing /Users/adebolafagbule/opt/anaconda3/envs/airflow_env/lib/python3.8/site-packages/airflow/example_dags/example_kubernetes_executor.py took 0.057 seconds
[2022-03-22 18:23:57,083] {processor.py:163} INFO - Started process (PID=66113) to work on /Users/adebolafagbule/opt/anaconda3/envs/airflow_env/lib/python3.8/site-packages/airflow/example_dags/example_kubernetes_executor.py
[2022-03-22 18:23:57,085] {processor.py:642} INFO - Processing file /Users/adebolafagbule/opt/anaconda3/envs/airflow_env/lib/python3.8/site-packages/airflow/example_dags/example_kubernetes_executor.py for tasks to queue
[2022-03-22 18:23:57,085] {logging_mixin.py:109} INFO - [2022-03-22 18:23:57,085] {dagbag.py:500} INFO - Filling up the DagBag from /Users/adebolafagbule/opt/anaconda3/envs/airflow_env/lib/python3.8/site-packages/airflow/example_dags/example_kubernetes_executor.py
[2022-03-22 18:23:57,102] {logging_mixin.py:109} INFO - [2022-03-22 18:23:57,102] {example_kubernetes_executor.py:39} WARNING - The example_kubernetes_executor example DAG requires the kubernetes provider. Please install it with: pip install apache-airflow[cncf.kubernetes]
[2022-03-22 18:23:57,122] {processor.py:656} WARNING - No viable dags retrieved from /Users/adebolafagbule/opt/anaconda3/envs/airflow_env/lib/python3.8/site-packages/airflow/example_dags/example_kubernetes_executor.py
[2022-03-22 18:23:57,124] {processor.py:171} INFO - Processing /Users/adebolafagbule/opt/anaconda3/envs/airflow_env/lib/python3.8/site-packages/airflow/example_dags/example_kubernetes_executor.py took 0.041 seconds
[2022-03-22 18:25:27,909] {processor.py:163} INFO - Started process (PID=66190) to work on /Users/adebolafagbule/opt/anaconda3/envs/airflow_env/lib/python3.8/site-packages/airflow/example_dags/example_kubernetes_executor.py
[2022-03-22 18:25:27,910] {processor.py:642} INFO - Processing file /Users/adebolafagbule/opt/anaconda3/envs/airflow_env/lib/python3.8/site-packages/airflow/example_dags/example_kubernetes_executor.py for tasks to queue
[2022-03-22 18:25:27,910] {logging_mixin.py:109} INFO - [2022-03-22 18:25:27,910] {dagbag.py:500} INFO - Filling up the DagBag from /Users/adebolafagbule/opt/anaconda3/envs/airflow_env/lib/python3.8/site-packages/airflow/example_dags/example_kubernetes_executor.py
[2022-03-22 18:25:27,936] {logging_mixin.py:109} INFO - [2022-03-22 18:25:27,936] {example_kubernetes_executor.py:39} WARNING - The example_kubernetes_executor example DAG requires the kubernetes provider. Please install it with: pip install apache-airflow[cncf.kubernetes]
[2022-03-22 18:25:27,961] {processor.py:656} WARNING - No viable dags retrieved from /Users/adebolafagbule/opt/anaconda3/envs/airflow_env/lib/python3.8/site-packages/airflow/example_dags/example_kubernetes_executor.py
[2022-03-22 18:25:27,962] {processor.py:171} INFO - Processing /Users/adebolafagbule/opt/anaconda3/envs/airflow_env/lib/python3.8/site-packages/airflow/example_dags/example_kubernetes_executor.py took 0.054 seconds
[2022-03-22 18:27:11,193] {processor.py:163} INFO - Started process (PID=66275) to work on /Users/adebolafagbule/opt/anaconda3/envs/airflow_env/lib/python3.8/site-packages/airflow/example_dags/example_kubernetes_executor.py
[2022-03-22 18:27:11,195] {processor.py:642} INFO - Processing file /Users/adebolafagbule/opt/anaconda3/envs/airflow_env/lib/python3.8/site-packages/airflow/example_dags/example_kubernetes_executor.py for tasks to queue
[2022-03-22 18:27:11,195] {logging_mixin.py:109} INFO - [2022-03-22 18:27:11,195] {dagbag.py:500} INFO - Filling up the DagBag from /Users/adebolafagbule/opt/anaconda3/envs/airflow_env/lib/python3.8/site-packages/airflow/example_dags/example_kubernetes_executor.py
[2022-03-22 18:27:11,215] {logging_mixin.py:109} INFO - [2022-03-22 18:27:11,215] {example_kubernetes_executor.py:39} WARNING - The example_kubernetes_executor example DAG requires the kubernetes provider. Please install it with: pip install apache-airflow[cncf.kubernetes]
[2022-03-22 18:27:11,236] {processor.py:656} WARNING - No viable dags retrieved from /Users/adebolafagbule/opt/anaconda3/envs/airflow_env/lib/python3.8/site-packages/airflow/example_dags/example_kubernetes_executor.py
[2022-03-22 18:27:11,237] {processor.py:171} INFO - Processing /Users/adebolafagbule/opt/anaconda3/envs/airflow_env/lib/python3.8/site-packages/airflow/example_dags/example_kubernetes_executor.py took 0.044 seconds
[2022-03-22 19:21:34,328] {processor.py:163} INFO - Started process (PID=66365) to work on /Users/adebolafagbule/opt/anaconda3/envs/airflow_env/lib/python3.8/site-packages/airflow/example_dags/example_kubernetes_executor.py
[2022-03-22 19:21:34,330] {processor.py:642} INFO - Processing file /Users/adebolafagbule/opt/anaconda3/envs/airflow_env/lib/python3.8/site-packages/airflow/example_dags/example_kubernetes_executor.py for tasks to queue
[2022-03-22 19:21:34,330] {logging_mixin.py:109} INFO - [2022-03-22 19:21:34,330] {dagbag.py:500} INFO - Filling up the DagBag from /Users/adebolafagbule/opt/anaconda3/envs/airflow_env/lib/python3.8/site-packages/airflow/example_dags/example_kubernetes_executor.py
[2022-03-22 19:21:34,357] {logging_mixin.py:109} INFO - [2022-03-22 19:21:34,357] {example_kubernetes_executor.py:39} WARNING - The example_kubernetes_executor example DAG requires the kubernetes provider. Please install it with: pip install apache-airflow[cncf.kubernetes]
[2022-03-22 19:21:34,376] {processor.py:656} WARNING - No viable dags retrieved from /Users/adebolafagbule/opt/anaconda3/envs/airflow_env/lib/python3.8/site-packages/airflow/example_dags/example_kubernetes_executor.py
[2022-03-22 19:21:34,377] {processor.py:171} INFO - Processing /Users/adebolafagbule/opt/anaconda3/envs/airflow_env/lib/python3.8/site-packages/airflow/example_dags/example_kubernetes_executor.py took 0.050 seconds
