[2022-03-21 23:45:05,943] {processor.py:163} INFO - Started process (PID=61227) to work on /Users/adebolafagbule/opt/anaconda3/envs/airflow_env/lib/python3.8/site-packages/airflow/example_dags/example_skip_dag.py
[2022-03-21 23:45:05,944] {processor.py:642} INFO - Processing file /Users/adebolafagbule/opt/anaconda3/envs/airflow_env/lib/python3.8/site-packages/airflow/example_dags/example_skip_dag.py for tasks to queue
[2022-03-21 23:45:05,944] {logging_mixin.py:109} INFO - [2022-03-21 23:45:05,944] {dagbag.py:500} INFO - Filling up the DagBag from /Users/adebolafagbule/opt/anaconda3/envs/airflow_env/lib/python3.8/site-packages/airflow/example_dags/example_skip_dag.py
[2022-03-21 23:45:05,997] {processor.py:654} INFO - DAG(s) dict_keys(['example_skip_dag']) retrieved from /Users/adebolafagbule/opt/anaconda3/envs/airflow_env/lib/python3.8/site-packages/airflow/example_dags/example_skip_dag.py
[2022-03-21 23:45:06,024] {logging_mixin.py:109} INFO - [2022-03-21 23:45:06,024] {dag.py:2398} INFO - Sync 1 DAGs
[2022-03-21 23:45:06,039] {logging_mixin.py:109} INFO - [2022-03-21 23:45:06,039] {dag.py:2937} INFO - Setting next_dagrun for example_skip_dag to 2022-03-21T03:45:06.038997+00:00
[2022-03-21 23:45:06,050] {processor.py:171} INFO - Processing /Users/adebolafagbule/opt/anaconda3/envs/airflow_env/lib/python3.8/site-packages/airflow/example_dags/example_skip_dag.py took 0.107 seconds
[2022-03-22 04:36:27,791] {processor.py:163} INFO - Started process (PID=61316) to work on /Users/adebolafagbule/opt/anaconda3/envs/airflow_env/lib/python3.8/site-packages/airflow/example_dags/example_skip_dag.py
[2022-03-22 04:36:27,815] {processor.py:642} INFO - Processing file /Users/adebolafagbule/opt/anaconda3/envs/airflow_env/lib/python3.8/site-packages/airflow/example_dags/example_skip_dag.py for tasks to queue
[2022-03-22 04:36:27,944] {logging_mixin.py:109} INFO - [2022-03-22 04:36:27,944] {dagbag.py:500} INFO - Filling up the DagBag from /Users/adebolafagbule/opt/anaconda3/envs/airflow_env/lib/python3.8/site-packages/airflow/example_dags/example_skip_dag.py
[2022-03-22 04:36:28,966] {processor.py:654} INFO - DAG(s) dict_keys(['example_skip_dag']) retrieved from /Users/adebolafagbule/opt/anaconda3/envs/airflow_env/lib/python3.8/site-packages/airflow/example_dags/example_skip_dag.py
[2022-03-22 04:36:29,010] {logging_mixin.py:109} INFO - [2022-03-22 04:36:29,009] {dag.py:2398} INFO - Sync 1 DAGs
[2022-03-22 04:36:29,029] {logging_mixin.py:109} INFO - [2022-03-22 04:36:29,029] {dag.py:2937} INFO - Setting next_dagrun for example_skip_dag to 2022-03-21T08:36:29.028780+00:00
[2022-03-22 04:36:29,046] {processor.py:171} INFO - Processing /Users/adebolafagbule/opt/anaconda3/envs/airflow_env/lib/python3.8/site-packages/airflow/example_dags/example_skip_dag.py took 1.326 seconds
[2022-03-22 06:20:29,135] {processor.py:163} INFO - Started process (PID=61496) to work on /Users/adebolafagbule/opt/anaconda3/envs/airflow_env/lib/python3.8/site-packages/airflow/example_dags/example_skip_dag.py
[2022-03-22 06:20:29,138] {processor.py:642} INFO - Processing file /Users/adebolafagbule/opt/anaconda3/envs/airflow_env/lib/python3.8/site-packages/airflow/example_dags/example_skip_dag.py for tasks to queue
[2022-03-22 06:20:29,177] {logging_mixin.py:109} INFO - [2022-03-22 06:20:29,176] {dagbag.py:500} INFO - Filling up the DagBag from /Users/adebolafagbule/opt/anaconda3/envs/airflow_env/lib/python3.8/site-packages/airflow/example_dags/example_skip_dag.py
[2022-03-22 06:20:29,580] {processor.py:654} INFO - DAG(s) dict_keys(['example_skip_dag']) retrieved from /Users/adebolafagbule/opt/anaconda3/envs/airflow_env/lib/python3.8/site-packages/airflow/example_dags/example_skip_dag.py
[2022-03-22 06:20:30,025] {logging_mixin.py:109} INFO - [2022-03-22 06:20:30,022] {dag.py:2398} INFO - Sync 1 DAGs
[2022-03-22 06:20:30,055] {logging_mixin.py:109} INFO - [2022-03-22 06:20:30,055] {dag.py:2937} INFO - Setting next_dagrun for example_skip_dag to 2022-03-21T10:20:30.054893+00:00
[2022-03-22 06:20:30,073] {processor.py:171} INFO - Processing /Users/adebolafagbule/opt/anaconda3/envs/airflow_env/lib/python3.8/site-packages/airflow/example_dags/example_skip_dag.py took 0.947 seconds
[2022-03-22 08:12:10,160] {processor.py:163} INFO - Started process (PID=61618) to work on /Users/adebolafagbule/opt/anaconda3/envs/airflow_env/lib/python3.8/site-packages/airflow/example_dags/example_skip_dag.py
[2022-03-22 08:12:10,161] {processor.py:642} INFO - Processing file /Users/adebolafagbule/opt/anaconda3/envs/airflow_env/lib/python3.8/site-packages/airflow/example_dags/example_skip_dag.py for tasks to queue
[2022-03-22 08:12:10,162] {logging_mixin.py:109} INFO - [2022-03-22 08:12:10,162] {dagbag.py:500} INFO - Filling up the DagBag from /Users/adebolafagbule/opt/anaconda3/envs/airflow_env/lib/python3.8/site-packages/airflow/example_dags/example_skip_dag.py
[2022-03-22 08:12:10,230] {processor.py:654} INFO - DAG(s) dict_keys(['example_skip_dag']) retrieved from /Users/adebolafagbule/opt/anaconda3/envs/airflow_env/lib/python3.8/site-packages/airflow/example_dags/example_skip_dag.py
[2022-03-22 08:12:10,265] {logging_mixin.py:109} INFO - [2022-03-22 08:12:10,264] {dag.py:2398} INFO - Sync 1 DAGs
[2022-03-22 08:12:10,285] {logging_mixin.py:109} INFO - [2022-03-22 08:12:10,284] {dag.py:2937} INFO - Setting next_dagrun for example_skip_dag to 2022-03-21T12:12:10.284650+00:00
[2022-03-22 08:12:10,298] {processor.py:171} INFO - Processing /Users/adebolafagbule/opt/anaconda3/envs/airflow_env/lib/python3.8/site-packages/airflow/example_dags/example_skip_dag.py took 0.139 seconds
[2022-03-22 08:41:06,251] {processor.py:163} INFO - Started process (PID=61716) to work on /Users/adebolafagbule/opt/anaconda3/envs/airflow_env/lib/python3.8/site-packages/airflow/example_dags/example_skip_dag.py
[2022-03-22 08:41:06,252] {processor.py:642} INFO - Processing file /Users/adebolafagbule/opt/anaconda3/envs/airflow_env/lib/python3.8/site-packages/airflow/example_dags/example_skip_dag.py for tasks to queue
[2022-03-22 08:41:06,253] {logging_mixin.py:109} INFO - [2022-03-22 08:41:06,253] {dagbag.py:500} INFO - Filling up the DagBag from /Users/adebolafagbule/opt/anaconda3/envs/airflow_env/lib/python3.8/site-packages/airflow/example_dags/example_skip_dag.py
[2022-03-22 08:41:06,324] {processor.py:654} INFO - DAG(s) dict_keys(['example_skip_dag']) retrieved from /Users/adebolafagbule/opt/anaconda3/envs/airflow_env/lib/python3.8/site-packages/airflow/example_dags/example_skip_dag.py
[2022-03-22 08:41:06,359] {logging_mixin.py:109} INFO - [2022-03-22 08:41:06,359] {dag.py:2398} INFO - Sync 1 DAGs
[2022-03-22 08:41:06,379] {logging_mixin.py:109} INFO - [2022-03-22 08:41:06,379] {dag.py:2937} INFO - Setting next_dagrun for example_skip_dag to 2022-03-21T12:41:06.379035+00:00
[2022-03-22 08:41:06,393] {processor.py:171} INFO - Processing /Users/adebolafagbule/opt/anaconda3/envs/airflow_env/lib/python3.8/site-packages/airflow/example_dags/example_skip_dag.py took 0.143 seconds
[2022-03-22 08:59:01,500] {processor.py:163} INFO - Started process (PID=61776) to work on /Users/adebolafagbule/opt/anaconda3/envs/airflow_env/lib/python3.8/site-packages/airflow/example_dags/example_skip_dag.py
[2022-03-22 08:59:01,501] {processor.py:642} INFO - Processing file /Users/adebolafagbule/opt/anaconda3/envs/airflow_env/lib/python3.8/site-packages/airflow/example_dags/example_skip_dag.py for tasks to queue
[2022-03-22 08:59:01,502] {logging_mixin.py:109} INFO - [2022-03-22 08:59:01,502] {dagbag.py:500} INFO - Filling up the DagBag from /Users/adebolafagbule/opt/anaconda3/envs/airflow_env/lib/python3.8/site-packages/airflow/example_dags/example_skip_dag.py
[2022-03-22 08:59:01,555] {processor.py:654} INFO - DAG(s) dict_keys(['example_skip_dag']) retrieved from /Users/adebolafagbule/opt/anaconda3/envs/airflow_env/lib/python3.8/site-packages/airflow/example_dags/example_skip_dag.py
[2022-03-22 08:59:01,581] {logging_mixin.py:109} INFO - [2022-03-22 08:59:01,581] {dag.py:2398} INFO - Sync 1 DAGs
[2022-03-22 08:59:01,596] {logging_mixin.py:109} INFO - [2022-03-22 08:59:01,596] {dag.py:2937} INFO - Setting next_dagrun for example_skip_dag to 2022-03-21T12:59:01.596009+00:00
[2022-03-22 08:59:01,612] {processor.py:171} INFO - Processing /Users/adebolafagbule/opt/anaconda3/envs/airflow_env/lib/python3.8/site-packages/airflow/example_dags/example_skip_dag.py took 0.113 seconds
[2022-03-22 09:34:53,182] {processor.py:163} INFO - Started process (PID=61865) to work on /Users/adebolafagbule/opt/anaconda3/envs/airflow_env/lib/python3.8/site-packages/airflow/example_dags/example_skip_dag.py
[2022-03-22 09:34:53,183] {processor.py:642} INFO - Processing file /Users/adebolafagbule/opt/anaconda3/envs/airflow_env/lib/python3.8/site-packages/airflow/example_dags/example_skip_dag.py for tasks to queue
[2022-03-22 09:34:53,183] {logging_mixin.py:109} INFO - [2022-03-22 09:34:53,183] {dagbag.py:500} INFO - Filling up the DagBag from /Users/adebolafagbule/opt/anaconda3/envs/airflow_env/lib/python3.8/site-packages/airflow/example_dags/example_skip_dag.py
[2022-03-22 09:34:53,274] {processor.py:654} INFO - DAG(s) dict_keys(['example_skip_dag']) retrieved from /Users/adebolafagbule/opt/anaconda3/envs/airflow_env/lib/python3.8/site-packages/airflow/example_dags/example_skip_dag.py
[2022-03-22 09:34:53,313] {logging_mixin.py:109} INFO - [2022-03-22 09:34:53,312] {dag.py:2398} INFO - Sync 1 DAGs
[2022-03-22 09:34:53,339] {logging_mixin.py:109} INFO - [2022-03-22 09:34:53,339] {dag.py:2937} INFO - Setting next_dagrun for example_skip_dag to 2022-03-21T13:34:53.338697+00:00
[2022-03-22 09:34:53,355] {processor.py:171} INFO - Processing /Users/adebolafagbule/opt/anaconda3/envs/airflow_env/lib/python3.8/site-packages/airflow/example_dags/example_skip_dag.py took 0.174 seconds
[2022-03-22 09:52:24,051] {processor.py:163} INFO - Started process (PID=61944) to work on /Users/adebolafagbule/opt/anaconda3/envs/airflow_env/lib/python3.8/site-packages/airflow/example_dags/example_skip_dag.py
[2022-03-22 09:52:24,052] {processor.py:642} INFO - Processing file /Users/adebolafagbule/opt/anaconda3/envs/airflow_env/lib/python3.8/site-packages/airflow/example_dags/example_skip_dag.py for tasks to queue
[2022-03-22 09:52:24,053] {logging_mixin.py:109} INFO - [2022-03-22 09:52:24,053] {dagbag.py:500} INFO - Filling up the DagBag from /Users/adebolafagbule/opt/anaconda3/envs/airflow_env/lib/python3.8/site-packages/airflow/example_dags/example_skip_dag.py
[2022-03-22 09:52:24,122] {processor.py:654} INFO - DAG(s) dict_keys(['example_skip_dag']) retrieved from /Users/adebolafagbule/opt/anaconda3/envs/airflow_env/lib/python3.8/site-packages/airflow/example_dags/example_skip_dag.py
[2022-03-22 09:52:24,157] {logging_mixin.py:109} INFO - [2022-03-22 09:52:24,157] {dag.py:2398} INFO - Sync 1 DAGs
[2022-03-22 09:52:24,177] {logging_mixin.py:109} INFO - [2022-03-22 09:52:24,177] {dag.py:2937} INFO - Setting next_dagrun for example_skip_dag to 2022-03-21T13:52:24.177190+00:00
[2022-03-22 09:52:24,191] {processor.py:171} INFO - Processing /Users/adebolafagbule/opt/anaconda3/envs/airflow_env/lib/python3.8/site-packages/airflow/example_dags/example_skip_dag.py took 0.141 seconds
[2022-03-22 10:10:31,511] {processor.py:163} INFO - Started process (PID=62015) to work on /Users/adebolafagbule/opt/anaconda3/envs/airflow_env/lib/python3.8/site-packages/airflow/example_dags/example_skip_dag.py
[2022-03-22 10:10:31,512] {processor.py:642} INFO - Processing file /Users/adebolafagbule/opt/anaconda3/envs/airflow_env/lib/python3.8/site-packages/airflow/example_dags/example_skip_dag.py for tasks to queue
[2022-03-22 10:10:31,513] {logging_mixin.py:109} INFO - [2022-03-22 10:10:31,513] {dagbag.py:500} INFO - Filling up the DagBag from /Users/adebolafagbule/opt/anaconda3/envs/airflow_env/lib/python3.8/site-packages/airflow/example_dags/example_skip_dag.py
[2022-03-22 10:10:31,580] {processor.py:654} INFO - DAG(s) dict_keys(['example_skip_dag']) retrieved from /Users/adebolafagbule/opt/anaconda3/envs/airflow_env/lib/python3.8/site-packages/airflow/example_dags/example_skip_dag.py
[2022-03-22 10:10:31,614] {logging_mixin.py:109} INFO - [2022-03-22 10:10:31,613] {dag.py:2398} INFO - Sync 1 DAGs
[2022-03-22 10:10:31,633] {logging_mixin.py:109} INFO - [2022-03-22 10:10:31,633] {dag.py:2937} INFO - Setting next_dagrun for example_skip_dag to 2022-03-21T14:10:31.632957+00:00
[2022-03-22 10:10:31,646] {processor.py:171} INFO - Processing /Users/adebolafagbule/opt/anaconda3/envs/airflow_env/lib/python3.8/site-packages/airflow/example_dags/example_skip_dag.py took 0.136 seconds
[2022-03-22 10:43:46,476] {processor.py:163} INFO - Started process (PID=62085) to work on /Users/adebolafagbule/opt/anaconda3/envs/airflow_env/lib/python3.8/site-packages/airflow/example_dags/example_skip_dag.py
[2022-03-22 10:43:46,477] {processor.py:642} INFO - Processing file /Users/adebolafagbule/opt/anaconda3/envs/airflow_env/lib/python3.8/site-packages/airflow/example_dags/example_skip_dag.py for tasks to queue
[2022-03-22 10:43:46,477] {logging_mixin.py:109} INFO - [2022-03-22 10:43:46,477] {dagbag.py:500} INFO - Filling up the DagBag from /Users/adebolafagbule/opt/anaconda3/envs/airflow_env/lib/python3.8/site-packages/airflow/example_dags/example_skip_dag.py
[2022-03-22 10:43:46,504] {processor.py:654} INFO - DAG(s) dict_keys(['example_skip_dag']) retrieved from /Users/adebolafagbule/opt/anaconda3/envs/airflow_env/lib/python3.8/site-packages/airflow/example_dags/example_skip_dag.py
[2022-03-22 10:43:46,516] {logging_mixin.py:109} INFO - [2022-03-22 10:43:46,516] {dag.py:2398} INFO - Sync 1 DAGs
[2022-03-22 10:43:46,523] {logging_mixin.py:109} INFO - [2022-03-22 10:43:46,523] {dag.py:2937} INFO - Setting next_dagrun for example_skip_dag to 2022-03-21T14:43:46.523523+00:00
[2022-03-22 10:43:46,528] {processor.py:171} INFO - Processing /Users/adebolafagbule/opt/anaconda3/envs/airflow_env/lib/python3.8/site-packages/airflow/example_dags/example_skip_dag.py took 0.053 seconds
[2022-03-22 11:00:25,162] {processor.py:163} INFO - Started process (PID=62178) to work on /Users/adebolafagbule/opt/anaconda3/envs/airflow_env/lib/python3.8/site-packages/airflow/example_dags/example_skip_dag.py
[2022-03-22 11:00:25,163] {processor.py:642} INFO - Processing file /Users/adebolafagbule/opt/anaconda3/envs/airflow_env/lib/python3.8/site-packages/airflow/example_dags/example_skip_dag.py for tasks to queue
[2022-03-22 11:00:25,163] {logging_mixin.py:109} INFO - [2022-03-22 11:00:25,163] {dagbag.py:500} INFO - Filling up the DagBag from /Users/adebolafagbule/opt/anaconda3/envs/airflow_env/lib/python3.8/site-packages/airflow/example_dags/example_skip_dag.py
[2022-03-22 11:00:25,193] {processor.py:654} INFO - DAG(s) dict_keys(['example_skip_dag']) retrieved from /Users/adebolafagbule/opt/anaconda3/envs/airflow_env/lib/python3.8/site-packages/airflow/example_dags/example_skip_dag.py
[2022-03-22 11:00:25,206] {logging_mixin.py:109} INFO - [2022-03-22 11:00:25,206] {dag.py:2398} INFO - Sync 1 DAGs
[2022-03-22 11:00:25,214] {logging_mixin.py:109} INFO - [2022-03-22 11:00:25,214] {dag.py:2937} INFO - Setting next_dagrun for example_skip_dag to 2022-03-21T15:00:25.214218+00:00
[2022-03-22 11:00:25,219] {processor.py:171} INFO - Processing /Users/adebolafagbule/opt/anaconda3/envs/airflow_env/lib/python3.8/site-packages/airflow/example_dags/example_skip_dag.py took 0.058 seconds
[2022-03-22 11:01:41,042] {processor.py:163} INFO - Started process (PID=62262) to work on /Users/adebolafagbule/opt/anaconda3/envs/airflow_env/lib/python3.8/site-packages/airflow/example_dags/example_skip_dag.py
[2022-03-22 11:01:41,042] {processor.py:642} INFO - Processing file /Users/adebolafagbule/opt/anaconda3/envs/airflow_env/lib/python3.8/site-packages/airflow/example_dags/example_skip_dag.py for tasks to queue
[2022-03-22 11:01:41,043] {logging_mixin.py:109} INFO - [2022-03-22 11:01:41,043] {dagbag.py:500} INFO - Filling up the DagBag from /Users/adebolafagbule/opt/anaconda3/envs/airflow_env/lib/python3.8/site-packages/airflow/example_dags/example_skip_dag.py
[2022-03-22 11:01:41,070] {processor.py:654} INFO - DAG(s) dict_keys(['example_skip_dag']) retrieved from /Users/adebolafagbule/opt/anaconda3/envs/airflow_env/lib/python3.8/site-packages/airflow/example_dags/example_skip_dag.py
[2022-03-22 11:01:41,083] {logging_mixin.py:109} INFO - [2022-03-22 11:01:41,082] {dag.py:2398} INFO - Sync 1 DAGs
[2022-03-22 11:01:41,090] {logging_mixin.py:109} INFO - [2022-03-22 11:01:41,090] {dag.py:2937} INFO - Setting next_dagrun for example_skip_dag to 2022-03-21T15:01:41.090305+00:00
[2022-03-22 11:01:41,096] {processor.py:171} INFO - Processing /Users/adebolafagbule/opt/anaconda3/envs/airflow_env/lib/python3.8/site-packages/airflow/example_dags/example_skip_dag.py took 0.055 seconds
[2022-03-22 11:02:56,693] {processor.py:163} INFO - Started process (PID=62431) to work on /Users/adebolafagbule/opt/anaconda3/envs/airflow_env/lib/python3.8/site-packages/airflow/example_dags/example_skip_dag.py
[2022-03-22 11:02:56,694] {processor.py:642} INFO - Processing file /Users/adebolafagbule/opt/anaconda3/envs/airflow_env/lib/python3.8/site-packages/airflow/example_dags/example_skip_dag.py for tasks to queue
[2022-03-22 11:02:56,694] {logging_mixin.py:109} INFO - [2022-03-22 11:02:56,694] {dagbag.py:500} INFO - Filling up the DagBag from /Users/adebolafagbule/opt/anaconda3/envs/airflow_env/lib/python3.8/site-packages/airflow/example_dags/example_skip_dag.py
[2022-03-22 11:02:56,721] {processor.py:654} INFO - DAG(s) dict_keys(['example_skip_dag']) retrieved from /Users/adebolafagbule/opt/anaconda3/envs/airflow_env/lib/python3.8/site-packages/airflow/example_dags/example_skip_dag.py
[2022-03-22 11:02:56,735] {logging_mixin.py:109} INFO - [2022-03-22 11:02:56,735] {dag.py:2398} INFO - Sync 1 DAGs
[2022-03-22 11:02:56,743] {logging_mixin.py:109} INFO - [2022-03-22 11:02:56,743] {dag.py:2937} INFO - Setting next_dagrun for example_skip_dag to 2022-03-21T15:02:56.743205+00:00
[2022-03-22 11:02:56,748] {processor.py:171} INFO - Processing /Users/adebolafagbule/opt/anaconda3/envs/airflow_env/lib/python3.8/site-packages/airflow/example_dags/example_skip_dag.py took 0.056 seconds
[2022-03-22 11:04:12,865] {processor.py:163} INFO - Started process (PID=62516) to work on /Users/adebolafagbule/opt/anaconda3/envs/airflow_env/lib/python3.8/site-packages/airflow/example_dags/example_skip_dag.py
[2022-03-22 11:04:12,867] {processor.py:642} INFO - Processing file /Users/adebolafagbule/opt/anaconda3/envs/airflow_env/lib/python3.8/site-packages/airflow/example_dags/example_skip_dag.py for tasks to queue
[2022-03-22 11:04:12,867] {logging_mixin.py:109} INFO - [2022-03-22 11:04:12,867] {dagbag.py:500} INFO - Filling up the DagBag from /Users/adebolafagbule/opt/anaconda3/envs/airflow_env/lib/python3.8/site-packages/airflow/example_dags/example_skip_dag.py
[2022-03-22 11:04:12,907] {processor.py:654} INFO - DAG(s) dict_keys(['example_skip_dag']) retrieved from /Users/adebolafagbule/opt/anaconda3/envs/airflow_env/lib/python3.8/site-packages/airflow/example_dags/example_skip_dag.py
[2022-03-22 11:04:12,922] {logging_mixin.py:109} INFO - [2022-03-22 11:04:12,922] {dag.py:2398} INFO - Sync 1 DAGs
[2022-03-22 11:04:12,930] {logging_mixin.py:109} INFO - [2022-03-22 11:04:12,929] {dag.py:2937} INFO - Setting next_dagrun for example_skip_dag to 2022-03-21T15:04:12.929812+00:00
[2022-03-22 11:04:12,935] {processor.py:171} INFO - Processing /Users/adebolafagbule/opt/anaconda3/envs/airflow_env/lib/python3.8/site-packages/airflow/example_dags/example_skip_dag.py took 0.070 seconds
[2022-03-22 11:22:39,796] {processor.py:163} INFO - Started process (PID=62595) to work on /Users/adebolafagbule/opt/anaconda3/envs/airflow_env/lib/python3.8/site-packages/airflow/example_dags/example_skip_dag.py
[2022-03-22 11:22:39,797] {processor.py:642} INFO - Processing file /Users/adebolafagbule/opt/anaconda3/envs/airflow_env/lib/python3.8/site-packages/airflow/example_dags/example_skip_dag.py for tasks to queue
[2022-03-22 11:22:39,798] {logging_mixin.py:109} INFO - [2022-03-22 11:22:39,798] {dagbag.py:500} INFO - Filling up the DagBag from /Users/adebolafagbule/opt/anaconda3/envs/airflow_env/lib/python3.8/site-packages/airflow/example_dags/example_skip_dag.py
[2022-03-22 11:22:39,873] {processor.py:654} INFO - DAG(s) dict_keys(['example_skip_dag']) retrieved from /Users/adebolafagbule/opt/anaconda3/envs/airflow_env/lib/python3.8/site-packages/airflow/example_dags/example_skip_dag.py
[2022-03-22 11:22:39,910] {logging_mixin.py:109} INFO - [2022-03-22 11:22:39,910] {dag.py:2398} INFO - Sync 1 DAGs
[2022-03-22 11:22:39,933] {logging_mixin.py:109} INFO - [2022-03-22 11:22:39,932] {dag.py:2937} INFO - Setting next_dagrun for example_skip_dag to 2022-03-21T15:22:39.932491+00:00
[2022-03-22 11:22:39,947] {processor.py:171} INFO - Processing /Users/adebolafagbule/opt/anaconda3/envs/airflow_env/lib/python3.8/site-packages/airflow/example_dags/example_skip_dag.py took 0.151 seconds
[2022-03-22 11:24:17,169] {processor.py:163} INFO - Started process (PID=62650) to work on /Users/adebolafagbule/opt/anaconda3/envs/airflow_env/lib/python3.8/site-packages/airflow/example_dags/example_skip_dag.py
[2022-03-22 11:24:17,170] {processor.py:642} INFO - Processing file /Users/adebolafagbule/opt/anaconda3/envs/airflow_env/lib/python3.8/site-packages/airflow/example_dags/example_skip_dag.py for tasks to queue
[2022-03-22 11:24:17,170] {logging_mixin.py:109} INFO - [2022-03-22 11:24:17,170] {dagbag.py:500} INFO - Filling up the DagBag from /Users/adebolafagbule/opt/anaconda3/envs/airflow_env/lib/python3.8/site-packages/airflow/example_dags/example_skip_dag.py
[2022-03-22 11:24:17,215] {processor.py:654} INFO - DAG(s) dict_keys(['example_skip_dag']) retrieved from /Users/adebolafagbule/opt/anaconda3/envs/airflow_env/lib/python3.8/site-packages/airflow/example_dags/example_skip_dag.py
[2022-03-22 11:24:17,239] {logging_mixin.py:109} INFO - [2022-03-22 11:24:17,239] {dag.py:2398} INFO - Sync 1 DAGs
[2022-03-22 11:24:17,252] {logging_mixin.py:109} INFO - [2022-03-22 11:24:17,251] {dag.py:2937} INFO - Setting next_dagrun for example_skip_dag to 2022-03-21T15:24:17.251787+00:00
[2022-03-22 11:24:17,260] {processor.py:171} INFO - Processing /Users/adebolafagbule/opt/anaconda3/envs/airflow_env/lib/python3.8/site-packages/airflow/example_dags/example_skip_dag.py took 0.092 seconds
[2022-03-22 12:11:31,802] {processor.py:163} INFO - Started process (PID=62741) to work on /Users/adebolafagbule/opt/anaconda3/envs/airflow_env/lib/python3.8/site-packages/airflow/example_dags/example_skip_dag.py
[2022-03-22 12:11:31,803] {processor.py:642} INFO - Processing file /Users/adebolafagbule/opt/anaconda3/envs/airflow_env/lib/python3.8/site-packages/airflow/example_dags/example_skip_dag.py for tasks to queue
[2022-03-22 12:11:31,803] {logging_mixin.py:109} INFO - [2022-03-22 12:11:31,803] {dagbag.py:500} INFO - Filling up the DagBag from /Users/adebolafagbule/opt/anaconda3/envs/airflow_env/lib/python3.8/site-packages/airflow/example_dags/example_skip_dag.py
[2022-03-22 12:11:31,836] {processor.py:654} INFO - DAG(s) dict_keys(['example_skip_dag']) retrieved from /Users/adebolafagbule/opt/anaconda3/envs/airflow_env/lib/python3.8/site-packages/airflow/example_dags/example_skip_dag.py
[2022-03-22 12:11:31,855] {logging_mixin.py:109} INFO - [2022-03-22 12:11:31,854] {dag.py:2398} INFO - Sync 1 DAGs
[2022-03-22 12:11:31,865] {logging_mixin.py:109} INFO - [2022-03-22 12:11:31,865] {dag.py:2937} INFO - Setting next_dagrun for example_skip_dag to 2022-03-21T16:11:31.865626+00:00
[2022-03-22 12:11:31,874] {processor.py:171} INFO - Processing /Users/adebolafagbule/opt/anaconda3/envs/airflow_env/lib/python3.8/site-packages/airflow/example_dags/example_skip_dag.py took 0.073 seconds
[2022-03-22 12:29:14,392] {processor.py:163} INFO - Started process (PID=62825) to work on /Users/adebolafagbule/opt/anaconda3/envs/airflow_env/lib/python3.8/site-packages/airflow/example_dags/example_skip_dag.py
[2022-03-22 12:29:14,393] {processor.py:642} INFO - Processing file /Users/adebolafagbule/opt/anaconda3/envs/airflow_env/lib/python3.8/site-packages/airflow/example_dags/example_skip_dag.py for tasks to queue
[2022-03-22 12:29:14,394] {logging_mixin.py:109} INFO - [2022-03-22 12:29:14,394] {dagbag.py:500} INFO - Filling up the DagBag from /Users/adebolafagbule/opt/anaconda3/envs/airflow_env/lib/python3.8/site-packages/airflow/example_dags/example_skip_dag.py
[2022-03-22 12:29:14,449] {processor.py:654} INFO - DAG(s) dict_keys(['example_skip_dag']) retrieved from /Users/adebolafagbule/opt/anaconda3/envs/airflow_env/lib/python3.8/site-packages/airflow/example_dags/example_skip_dag.py
[2022-03-22 12:29:14,475] {logging_mixin.py:109} INFO - [2022-03-22 12:29:14,475] {dag.py:2398} INFO - Sync 1 DAGs
[2022-03-22 12:29:14,492] {logging_mixin.py:109} INFO - [2022-03-22 12:29:14,491] {dag.py:2937} INFO - Setting next_dagrun for example_skip_dag to 2022-03-21T16:29:14.491661+00:00
[2022-03-22 12:29:14,502] {processor.py:171} INFO - Processing /Users/adebolafagbule/opt/anaconda3/envs/airflow_env/lib/python3.8/site-packages/airflow/example_dags/example_skip_dag.py took 0.111 seconds
[2022-03-22 13:48:03,381] {processor.py:163} INFO - Started process (PID=62914) to work on /Users/adebolafagbule/opt/anaconda3/envs/airflow_env/lib/python3.8/site-packages/airflow/example_dags/example_skip_dag.py
[2022-03-22 13:48:03,382] {processor.py:642} INFO - Processing file /Users/adebolafagbule/opt/anaconda3/envs/airflow_env/lib/python3.8/site-packages/airflow/example_dags/example_skip_dag.py for tasks to queue
[2022-03-22 13:48:03,383] {logging_mixin.py:109} INFO - [2022-03-22 13:48:03,383] {dagbag.py:500} INFO - Filling up the DagBag from /Users/adebolafagbule/opt/anaconda3/envs/airflow_env/lib/python3.8/site-packages/airflow/example_dags/example_skip_dag.py
[2022-03-22 13:48:03,452] {processor.py:654} INFO - DAG(s) dict_keys(['example_skip_dag']) retrieved from /Users/adebolafagbule/opt/anaconda3/envs/airflow_env/lib/python3.8/site-packages/airflow/example_dags/example_skip_dag.py
[2022-03-22 13:48:03,486] {logging_mixin.py:109} INFO - [2022-03-22 13:48:03,485] {dag.py:2398} INFO - Sync 1 DAGs
[2022-03-22 13:48:03,505] {logging_mixin.py:109} INFO - [2022-03-22 13:48:03,505] {dag.py:2937} INFO - Setting next_dagrun for example_skip_dag to 2022-03-21T17:48:03.505063+00:00
[2022-03-22 13:48:03,518] {processor.py:171} INFO - Processing /Users/adebolafagbule/opt/anaconda3/envs/airflow_env/lib/python3.8/site-packages/airflow/example_dags/example_skip_dag.py took 0.138 seconds
[2022-03-22 14:13:08,504] {processor.py:163} INFO - Started process (PID=62991) to work on /Users/adebolafagbule/opt/anaconda3/envs/airflow_env/lib/python3.8/site-packages/airflow/example_dags/example_skip_dag.py
[2022-03-22 14:13:08,505] {processor.py:642} INFO - Processing file /Users/adebolafagbule/opt/anaconda3/envs/airflow_env/lib/python3.8/site-packages/airflow/example_dags/example_skip_dag.py for tasks to queue
[2022-03-22 14:13:08,506] {logging_mixin.py:109} INFO - [2022-03-22 14:13:08,506] {dagbag.py:500} INFO - Filling up the DagBag from /Users/adebolafagbule/opt/anaconda3/envs/airflow_env/lib/python3.8/site-packages/airflow/example_dags/example_skip_dag.py
[2022-03-22 14:13:08,559] {processor.py:654} INFO - DAG(s) dict_keys(['example_skip_dag']) retrieved from /Users/adebolafagbule/opt/anaconda3/envs/airflow_env/lib/python3.8/site-packages/airflow/example_dags/example_skip_dag.py
[2022-03-22 14:13:08,585] {logging_mixin.py:109} INFO - [2022-03-22 14:13:08,585] {dag.py:2398} INFO - Sync 1 DAGs
[2022-03-22 14:13:08,600] {logging_mixin.py:109} INFO - [2022-03-22 14:13:08,600] {dag.py:2937} INFO - Setting next_dagrun for example_skip_dag to 2022-03-21T18:13:08.600136+00:00
[2022-03-22 14:13:08,611] {processor.py:171} INFO - Processing /Users/adebolafagbule/opt/anaconda3/envs/airflow_env/lib/python3.8/site-packages/airflow/example_dags/example_skip_dag.py took 0.108 seconds
[2022-03-22 14:58:20,708] {processor.py:163} INFO - Started process (PID=63085) to work on /Users/adebolafagbule/opt/anaconda3/envs/airflow_env/lib/python3.8/site-packages/airflow/example_dags/example_skip_dag.py
[2022-03-22 14:58:20,709] {processor.py:642} INFO - Processing file /Users/adebolafagbule/opt/anaconda3/envs/airflow_env/lib/python3.8/site-packages/airflow/example_dags/example_skip_dag.py for tasks to queue
[2022-03-22 14:58:20,709] {logging_mixin.py:109} INFO - [2022-03-22 14:58:20,709] {dagbag.py:500} INFO - Filling up the DagBag from /Users/adebolafagbule/opt/anaconda3/envs/airflow_env/lib/python3.8/site-packages/airflow/example_dags/example_skip_dag.py
[2022-03-22 14:58:20,747] {processor.py:654} INFO - DAG(s) dict_keys(['example_skip_dag']) retrieved from /Users/adebolafagbule/opt/anaconda3/envs/airflow_env/lib/python3.8/site-packages/airflow/example_dags/example_skip_dag.py
[2022-03-22 14:58:20,765] {logging_mixin.py:109} INFO - [2022-03-22 14:58:20,765] {dag.py:2398} INFO - Sync 1 DAGs
[2022-03-22 14:58:20,775] {logging_mixin.py:109} INFO - [2022-03-22 14:58:20,775] {dag.py:2937} INFO - Setting next_dagrun for example_skip_dag to 2022-03-21T18:58:20.775644+00:00
[2022-03-22 14:58:20,786] {processor.py:171} INFO - Processing /Users/adebolafagbule/opt/anaconda3/envs/airflow_env/lib/python3.8/site-packages/airflow/example_dags/example_skip_dag.py took 0.078 seconds
[2022-03-22 15:31:23,171] {processor.py:163} INFO - Started process (PID=63249) to work on /Users/adebolafagbule/opt/anaconda3/envs/airflow_env/lib/python3.8/site-packages/airflow/example_dags/example_skip_dag.py
[2022-03-22 15:31:23,172] {processor.py:642} INFO - Processing file /Users/adebolafagbule/opt/anaconda3/envs/airflow_env/lib/python3.8/site-packages/airflow/example_dags/example_skip_dag.py for tasks to queue
[2022-03-22 15:31:23,173] {logging_mixin.py:109} INFO - [2022-03-22 15:31:23,173] {dagbag.py:500} INFO - Filling up the DagBag from /Users/adebolafagbule/opt/anaconda3/envs/airflow_env/lib/python3.8/site-packages/airflow/example_dags/example_skip_dag.py
[2022-03-22 15:31:23,239] {processor.py:654} INFO - DAG(s) dict_keys(['example_skip_dag']) retrieved from /Users/adebolafagbule/opt/anaconda3/envs/airflow_env/lib/python3.8/site-packages/airflow/example_dags/example_skip_dag.py
[2022-03-22 15:31:23,271] {logging_mixin.py:109} INFO - [2022-03-22 15:31:23,271] {dag.py:2398} INFO - Sync 1 DAGs
[2022-03-22 15:31:23,289] {logging_mixin.py:109} INFO - [2022-03-22 15:31:23,289] {dag.py:2937} INFO - Setting next_dagrun for example_skip_dag to 2022-03-21T19:31:23.289548+00:00
[2022-03-22 15:31:23,302] {processor.py:171} INFO - Processing /Users/adebolafagbule/opt/anaconda3/envs/airflow_env/lib/python3.8/site-packages/airflow/example_dags/example_skip_dag.py took 0.131 seconds
[2022-03-22 16:28:11,817] {processor.py:163} INFO - Started process (PID=63320) to work on /Users/adebolafagbule/opt/anaconda3/envs/airflow_env/lib/python3.8/site-packages/airflow/example_dags/example_skip_dag.py
[2022-03-22 16:28:11,819] {processor.py:642} INFO - Processing file /Users/adebolafagbule/opt/anaconda3/envs/airflow_env/lib/python3.8/site-packages/airflow/example_dags/example_skip_dag.py for tasks to queue
[2022-03-22 16:28:11,820] {logging_mixin.py:109} INFO - [2022-03-22 16:28:11,820] {dagbag.py:500} INFO - Filling up the DagBag from /Users/adebolafagbule/opt/anaconda3/envs/airflow_env/lib/python3.8/site-packages/airflow/example_dags/example_skip_dag.py
[2022-03-22 16:28:11,893] {processor.py:654} INFO - DAG(s) dict_keys(['example_skip_dag']) retrieved from /Users/adebolafagbule/opt/anaconda3/envs/airflow_env/lib/python3.8/site-packages/airflow/example_dags/example_skip_dag.py
[2022-03-22 16:28:11,928] {logging_mixin.py:109} INFO - [2022-03-22 16:28:11,928] {dag.py:2398} INFO - Sync 1 DAGs
[2022-03-22 16:28:11,948] {logging_mixin.py:109} INFO - [2022-03-22 16:28:11,948] {dag.py:2937} INFO - Setting next_dagrun for example_skip_dag to 2022-03-21T20:28:11.948024+00:00
[2022-03-22 16:28:11,962] {processor.py:171} INFO - Processing /Users/adebolafagbule/opt/anaconda3/envs/airflow_env/lib/python3.8/site-packages/airflow/example_dags/example_skip_dag.py took 0.148 seconds
[2022-03-22 16:35:30,974] {processor.py:163} INFO - Started process (PID=63390) to work on /Users/adebolafagbule/opt/anaconda3/envs/airflow_env/lib/python3.8/site-packages/airflow/example_dags/example_skip_dag.py
[2022-03-22 16:35:30,975] {processor.py:642} INFO - Processing file /Users/adebolafagbule/opt/anaconda3/envs/airflow_env/lib/python3.8/site-packages/airflow/example_dags/example_skip_dag.py for tasks to queue
[2022-03-22 16:35:30,976] {logging_mixin.py:109} INFO - [2022-03-22 16:35:30,976] {dagbag.py:500} INFO - Filling up the DagBag from /Users/adebolafagbule/opt/anaconda3/envs/airflow_env/lib/python3.8/site-packages/airflow/example_dags/example_skip_dag.py
[2022-03-22 16:35:31,014] {processor.py:654} INFO - DAG(s) dict_keys(['example_skip_dag']) retrieved from /Users/adebolafagbule/opt/anaconda3/envs/airflow_env/lib/python3.8/site-packages/airflow/example_dags/example_skip_dag.py
[2022-03-22 16:35:31,028] {logging_mixin.py:109} INFO - [2022-03-22 16:35:31,028] {dag.py:2398} INFO - Sync 1 DAGs
[2022-03-22 16:35:31,035] {logging_mixin.py:109} INFO - [2022-03-22 16:35:31,035] {dag.py:2937} INFO - Setting next_dagrun for example_skip_dag to 2022-03-21T20:35:31.035611+00:00
[2022-03-22 16:35:31,042] {processor.py:171} INFO - Processing /Users/adebolafagbule/opt/anaconda3/envs/airflow_env/lib/python3.8/site-packages/airflow/example_dags/example_skip_dag.py took 0.068 seconds
[2022-03-22 17:29:40,820] {processor.py:163} INFO - Started process (PID=63468) to work on /Users/adebolafagbule/opt/anaconda3/envs/airflow_env/lib/python3.8/site-packages/airflow/example_dags/example_skip_dag.py
[2022-03-22 17:29:40,822] {processor.py:642} INFO - Processing file /Users/adebolafagbule/opt/anaconda3/envs/airflow_env/lib/python3.8/site-packages/airflow/example_dags/example_skip_dag.py for tasks to queue
[2022-03-22 17:29:40,822] {logging_mixin.py:109} INFO - [2022-03-22 17:29:40,822] {dagbag.py:500} INFO - Filling up the DagBag from /Users/adebolafagbule/opt/anaconda3/envs/airflow_env/lib/python3.8/site-packages/airflow/example_dags/example_skip_dag.py
[2022-03-22 17:29:40,871] {processor.py:654} INFO - DAG(s) dict_keys(['example_skip_dag']) retrieved from /Users/adebolafagbule/opt/anaconda3/envs/airflow_env/lib/python3.8/site-packages/airflow/example_dags/example_skip_dag.py
[2022-03-22 17:29:40,893] {logging_mixin.py:109} INFO - [2022-03-22 17:29:40,893] {dag.py:2398} INFO - Sync 1 DAGs
[2022-03-22 17:29:40,906] {logging_mixin.py:109} INFO - [2022-03-22 17:29:40,906] {dag.py:2937} INFO - Setting next_dagrun for example_skip_dag to 2022-03-21T21:29:40.906389+00:00
[2022-03-22 17:29:40,916] {processor.py:171} INFO - Processing /Users/adebolafagbule/opt/anaconda3/envs/airflow_env/lib/python3.8/site-packages/airflow/example_dags/example_skip_dag.py took 0.097 seconds
[2022-03-22 17:30:50,282] {processor.py:163} INFO - Started process (PID=63528) to work on /Users/adebolafagbule/opt/anaconda3/envs/airflow_env/lib/python3.8/site-packages/airflow/example_dags/example_skip_dag.py
[2022-03-22 17:30:50,284] {processor.py:642} INFO - Processing file /Users/adebolafagbule/opt/anaconda3/envs/airflow_env/lib/python3.8/site-packages/airflow/example_dags/example_skip_dag.py for tasks to queue
[2022-03-22 17:30:50,284] {logging_mixin.py:109} INFO - [2022-03-22 17:30:50,284] {dagbag.py:500} INFO - Filling up the DagBag from /Users/adebolafagbule/opt/anaconda3/envs/airflow_env/lib/python3.8/site-packages/airflow/example_dags/example_skip_dag.py
[2022-03-22 17:30:50,313] {processor.py:654} INFO - DAG(s) dict_keys(['example_skip_dag']) retrieved from /Users/adebolafagbule/opt/anaconda3/envs/airflow_env/lib/python3.8/site-packages/airflow/example_dags/example_skip_dag.py
[2022-03-22 17:30:50,327] {logging_mixin.py:109} INFO - [2022-03-22 17:30:50,326] {dag.py:2398} INFO - Sync 1 DAGs
[2022-03-22 17:30:50,334] {logging_mixin.py:109} INFO - [2022-03-22 17:30:50,334] {dag.py:2937} INFO - Setting next_dagrun for example_skip_dag to 2022-03-21T21:30:50.334547+00:00
[2022-03-22 17:30:50,343] {processor.py:171} INFO - Processing /Users/adebolafagbule/opt/anaconda3/envs/airflow_env/lib/python3.8/site-packages/airflow/example_dags/example_skip_dag.py took 0.061 seconds
[2022-03-22 17:32:26,043] {processor.py:163} INFO - Started process (PID=63616) to work on /Users/adebolafagbule/opt/anaconda3/envs/airflow_env/lib/python3.8/site-packages/airflow/example_dags/example_skip_dag.py
[2022-03-22 17:32:26,045] {processor.py:642} INFO - Processing file /Users/adebolafagbule/opt/anaconda3/envs/airflow_env/lib/python3.8/site-packages/airflow/example_dags/example_skip_dag.py for tasks to queue
[2022-03-22 17:32:26,045] {logging_mixin.py:109} INFO - [2022-03-22 17:32:26,045] {dagbag.py:500} INFO - Filling up the DagBag from /Users/adebolafagbule/opt/anaconda3/envs/airflow_env/lib/python3.8/site-packages/airflow/example_dags/example_skip_dag.py
[2022-03-22 17:32:26,072] {processor.py:654} INFO - DAG(s) dict_keys(['example_skip_dag']) retrieved from /Users/adebolafagbule/opt/anaconda3/envs/airflow_env/lib/python3.8/site-packages/airflow/example_dags/example_skip_dag.py
[2022-03-22 17:32:26,085] {logging_mixin.py:109} INFO - [2022-03-22 17:32:26,085] {dag.py:2398} INFO - Sync 1 DAGs
[2022-03-22 17:32:26,092] {logging_mixin.py:109} INFO - [2022-03-22 17:32:26,092] {dag.py:2937} INFO - Setting next_dagrun for example_skip_dag to 2022-03-21T21:32:26.092518+00:00
[2022-03-22 17:32:26,101] {processor.py:171} INFO - Processing /Users/adebolafagbule/opt/anaconda3/envs/airflow_env/lib/python3.8/site-packages/airflow/example_dags/example_skip_dag.py took 0.058 seconds
[2022-03-22 17:33:43,637] {processor.py:163} INFO - Started process (PID=63694) to work on /Users/adebolafagbule/opt/anaconda3/envs/airflow_env/lib/python3.8/site-packages/airflow/example_dags/example_skip_dag.py
[2022-03-22 17:33:43,637] {processor.py:642} INFO - Processing file /Users/adebolafagbule/opt/anaconda3/envs/airflow_env/lib/python3.8/site-packages/airflow/example_dags/example_skip_dag.py for tasks to queue
[2022-03-22 17:33:43,638] {logging_mixin.py:109} INFO - [2022-03-22 17:33:43,638] {dagbag.py:500} INFO - Filling up the DagBag from /Users/adebolafagbule/opt/anaconda3/envs/airflow_env/lib/python3.8/site-packages/airflow/example_dags/example_skip_dag.py
[2022-03-22 17:33:43,663] {processor.py:654} INFO - DAG(s) dict_keys(['example_skip_dag']) retrieved from /Users/adebolafagbule/opt/anaconda3/envs/airflow_env/lib/python3.8/site-packages/airflow/example_dags/example_skip_dag.py
[2022-03-22 17:33:43,676] {logging_mixin.py:109} INFO - [2022-03-22 17:33:43,676] {dag.py:2398} INFO - Sync 1 DAGs
[2022-03-22 17:33:43,683] {logging_mixin.py:109} INFO - [2022-03-22 17:33:43,683] {dag.py:2937} INFO - Setting next_dagrun for example_skip_dag to 2022-03-21T21:33:43.683415+00:00
[2022-03-22 17:33:43,689] {processor.py:171} INFO - Processing /Users/adebolafagbule/opt/anaconda3/envs/airflow_env/lib/python3.8/site-packages/airflow/example_dags/example_skip_dag.py took 0.053 seconds
[2022-03-22 17:34:55,726] {processor.py:163} INFO - Started process (PID=63765) to work on /Users/adebolafagbule/opt/anaconda3/envs/airflow_env/lib/python3.8/site-packages/airflow/example_dags/example_skip_dag.py
[2022-03-22 17:34:55,726] {processor.py:642} INFO - Processing file /Users/adebolafagbule/opt/anaconda3/envs/airflow_env/lib/python3.8/site-packages/airflow/example_dags/example_skip_dag.py for tasks to queue
[2022-03-22 17:34:55,726] {logging_mixin.py:109} INFO - [2022-03-22 17:34:55,726] {dagbag.py:500} INFO - Filling up the DagBag from /Users/adebolafagbule/opt/anaconda3/envs/airflow_env/lib/python3.8/site-packages/airflow/example_dags/example_skip_dag.py
[2022-03-22 17:34:55,751] {processor.py:654} INFO - DAG(s) dict_keys(['example_skip_dag']) retrieved from /Users/adebolafagbule/opt/anaconda3/envs/airflow_env/lib/python3.8/site-packages/airflow/example_dags/example_skip_dag.py
[2022-03-22 17:34:55,764] {logging_mixin.py:109} INFO - [2022-03-22 17:34:55,764] {dag.py:2398} INFO - Sync 1 DAGs
[2022-03-22 17:34:55,771] {logging_mixin.py:109} INFO - [2022-03-22 17:34:55,771] {dag.py:2937} INFO - Setting next_dagrun for example_skip_dag to 2022-03-21T21:34:55.771703+00:00
[2022-03-22 17:34:55,777] {processor.py:171} INFO - Processing /Users/adebolafagbule/opt/anaconda3/envs/airflow_env/lib/python3.8/site-packages/airflow/example_dags/example_skip_dag.py took 0.052 seconds
[2022-03-22 17:36:11,215] {processor.py:163} INFO - Started process (PID=63839) to work on /Users/adebolafagbule/opt/anaconda3/envs/airflow_env/lib/python3.8/site-packages/airflow/example_dags/example_skip_dag.py
[2022-03-22 17:36:11,216] {processor.py:642} INFO - Processing file /Users/adebolafagbule/opt/anaconda3/envs/airflow_env/lib/python3.8/site-packages/airflow/example_dags/example_skip_dag.py for tasks to queue
[2022-03-22 17:36:11,217] {logging_mixin.py:109} INFO - [2022-03-22 17:36:11,217] {dagbag.py:500} INFO - Filling up the DagBag from /Users/adebolafagbule/opt/anaconda3/envs/airflow_env/lib/python3.8/site-packages/airflow/example_dags/example_skip_dag.py
[2022-03-22 17:36:11,257] {processor.py:654} INFO - DAG(s) dict_keys(['example_skip_dag']) retrieved from /Users/adebolafagbule/opt/anaconda3/envs/airflow_env/lib/python3.8/site-packages/airflow/example_dags/example_skip_dag.py
[2022-03-22 17:36:11,271] {logging_mixin.py:109} INFO - [2022-03-22 17:36:11,271] {dag.py:2398} INFO - Sync 1 DAGs
[2022-03-22 17:36:11,278] {logging_mixin.py:109} INFO - [2022-03-22 17:36:11,278] {dag.py:2937} INFO - Setting next_dagrun for example_skip_dag to 2022-03-21T21:36:11.278443+00:00
[2022-03-22 17:36:11,284] {processor.py:171} INFO - Processing /Users/adebolafagbule/opt/anaconda3/envs/airflow_env/lib/python3.8/site-packages/airflow/example_dags/example_skip_dag.py took 0.070 seconds
[2022-03-22 17:37:26,773] {processor.py:163} INFO - Started process (PID=63912) to work on /Users/adebolafagbule/opt/anaconda3/envs/airflow_env/lib/python3.8/site-packages/airflow/example_dags/example_skip_dag.py
[2022-03-22 17:37:26,774] {processor.py:642} INFO - Processing file /Users/adebolafagbule/opt/anaconda3/envs/airflow_env/lib/python3.8/site-packages/airflow/example_dags/example_skip_dag.py for tasks to queue
[2022-03-22 17:37:26,775] {logging_mixin.py:109} INFO - [2022-03-22 17:37:26,775] {dagbag.py:500} INFO - Filling up the DagBag from /Users/adebolafagbule/opt/anaconda3/envs/airflow_env/lib/python3.8/site-packages/airflow/example_dags/example_skip_dag.py
[2022-03-22 17:37:26,815] {processor.py:654} INFO - DAG(s) dict_keys(['example_skip_dag']) retrieved from /Users/adebolafagbule/opt/anaconda3/envs/airflow_env/lib/python3.8/site-packages/airflow/example_dags/example_skip_dag.py
[2022-03-22 17:37:26,828] {logging_mixin.py:109} INFO - [2022-03-22 17:37:26,828] {dag.py:2398} INFO - Sync 1 DAGs
[2022-03-22 17:37:26,836] {logging_mixin.py:109} INFO - [2022-03-22 17:37:26,836] {dag.py:2937} INFO - Setting next_dagrun for example_skip_dag to 2022-03-21T21:37:26.836397+00:00
[2022-03-22 17:37:26,845] {processor.py:171} INFO - Processing /Users/adebolafagbule/opt/anaconda3/envs/airflow_env/lib/python3.8/site-packages/airflow/example_dags/example_skip_dag.py took 0.072 seconds
[2022-03-22 17:38:51,580] {processor.py:163} INFO - Started process (PID=63987) to work on /Users/adebolafagbule/opt/anaconda3/envs/airflow_env/lib/python3.8/site-packages/airflow/example_dags/example_skip_dag.py
[2022-03-22 17:38:51,587] {processor.py:642} INFO - Processing file /Users/adebolafagbule/opt/anaconda3/envs/airflow_env/lib/python3.8/site-packages/airflow/example_dags/example_skip_dag.py for tasks to queue
[2022-03-22 17:38:51,589] {logging_mixin.py:109} INFO - [2022-03-22 17:38:51,589] {dagbag.py:500} INFO - Filling up the DagBag from /Users/adebolafagbule/opt/anaconda3/envs/airflow_env/lib/python3.8/site-packages/airflow/example_dags/example_skip_dag.py
[2022-03-22 17:38:51,635] {processor.py:654} INFO - DAG(s) dict_keys(['example_skip_dag']) retrieved from /Users/adebolafagbule/opt/anaconda3/envs/airflow_env/lib/python3.8/site-packages/airflow/example_dags/example_skip_dag.py
[2022-03-22 17:38:51,685] {logging_mixin.py:109} INFO - [2022-03-22 17:38:51,682] {dag.py:2398} INFO - Sync 1 DAGs
[2022-03-22 17:38:51,701] {logging_mixin.py:109} INFO - [2022-03-22 17:38:51,701] {dag.py:2937} INFO - Setting next_dagrun for example_skip_dag to 2022-03-21T21:38:51.701001+00:00
[2022-03-22 17:38:51,708] {processor.py:171} INFO - Processing /Users/adebolafagbule/opt/anaconda3/envs/airflow_env/lib/python3.8/site-packages/airflow/example_dags/example_skip_dag.py took 0.136 seconds
[2022-03-22 17:40:21,622] {processor.py:163} INFO - Started process (PID=64066) to work on /Users/adebolafagbule/opt/anaconda3/envs/airflow_env/lib/python3.8/site-packages/airflow/example_dags/example_skip_dag.py
[2022-03-22 17:40:21,623] {processor.py:642} INFO - Processing file /Users/adebolafagbule/opt/anaconda3/envs/airflow_env/lib/python3.8/site-packages/airflow/example_dags/example_skip_dag.py for tasks to queue
[2022-03-22 17:40:21,624] {logging_mixin.py:109} INFO - [2022-03-22 17:40:21,623] {dagbag.py:500} INFO - Filling up the DagBag from /Users/adebolafagbule/opt/anaconda3/envs/airflow_env/lib/python3.8/site-packages/airflow/example_dags/example_skip_dag.py
[2022-03-22 17:40:21,653] {processor.py:654} INFO - DAG(s) dict_keys(['example_skip_dag']) retrieved from /Users/adebolafagbule/opt/anaconda3/envs/airflow_env/lib/python3.8/site-packages/airflow/example_dags/example_skip_dag.py
[2022-03-22 17:40:21,666] {logging_mixin.py:109} INFO - [2022-03-22 17:40:21,666] {dag.py:2398} INFO - Sync 1 DAGs
[2022-03-22 17:40:21,673] {logging_mixin.py:109} INFO - [2022-03-22 17:40:21,673] {dag.py:2937} INFO - Setting next_dagrun for example_skip_dag to 2022-03-21T21:40:21.673761+00:00
[2022-03-22 17:40:21,682] {processor.py:171} INFO - Processing /Users/adebolafagbule/opt/anaconda3/envs/airflow_env/lib/python3.8/site-packages/airflow/example_dags/example_skip_dag.py took 0.061 seconds
[2022-03-22 17:41:51,951] {processor.py:163} INFO - Started process (PID=64145) to work on /Users/adebolafagbule/opt/anaconda3/envs/airflow_env/lib/python3.8/site-packages/airflow/example_dags/example_skip_dag.py
[2022-03-22 17:41:51,951] {processor.py:642} INFO - Processing file /Users/adebolafagbule/opt/anaconda3/envs/airflow_env/lib/python3.8/site-packages/airflow/example_dags/example_skip_dag.py for tasks to queue
[2022-03-22 17:41:51,952] {logging_mixin.py:109} INFO - [2022-03-22 17:41:51,952] {dagbag.py:500} INFO - Filling up the DagBag from /Users/adebolafagbule/opt/anaconda3/envs/airflow_env/lib/python3.8/site-packages/airflow/example_dags/example_skip_dag.py
[2022-03-22 17:41:51,997] {processor.py:654} INFO - DAG(s) dict_keys(['example_skip_dag']) retrieved from /Users/adebolafagbule/opt/anaconda3/envs/airflow_env/lib/python3.8/site-packages/airflow/example_dags/example_skip_dag.py
[2022-03-22 17:41:52,016] {logging_mixin.py:109} INFO - [2022-03-22 17:41:52,015] {dag.py:2398} INFO - Sync 1 DAGs
[2022-03-22 17:41:52,026] {logging_mixin.py:109} INFO - [2022-03-22 17:41:52,025] {dag.py:2937} INFO - Setting next_dagrun for example_skip_dag to 2022-03-21T21:41:52.025519+00:00
[2022-03-22 17:41:52,032] {processor.py:171} INFO - Processing /Users/adebolafagbule/opt/anaconda3/envs/airflow_env/lib/python3.8/site-packages/airflow/example_dags/example_skip_dag.py took 0.082 seconds
[2022-03-22 17:43:33,528] {processor.py:163} INFO - Started process (PID=64226) to work on /Users/adebolafagbule/opt/anaconda3/envs/airflow_env/lib/python3.8/site-packages/airflow/example_dags/example_skip_dag.py
[2022-03-22 17:43:33,528] {processor.py:642} INFO - Processing file /Users/adebolafagbule/opt/anaconda3/envs/airflow_env/lib/python3.8/site-packages/airflow/example_dags/example_skip_dag.py for tasks to queue
[2022-03-22 17:43:33,529] {logging_mixin.py:109} INFO - [2022-03-22 17:43:33,529] {dagbag.py:500} INFO - Filling up the DagBag from /Users/adebolafagbule/opt/anaconda3/envs/airflow_env/lib/python3.8/site-packages/airflow/example_dags/example_skip_dag.py
[2022-03-22 17:43:33,559] {processor.py:654} INFO - DAG(s) dict_keys(['example_skip_dag']) retrieved from /Users/adebolafagbule/opt/anaconda3/envs/airflow_env/lib/python3.8/site-packages/airflow/example_dags/example_skip_dag.py
[2022-03-22 17:43:33,573] {logging_mixin.py:109} INFO - [2022-03-22 17:43:33,573] {dag.py:2398} INFO - Sync 1 DAGs
[2022-03-22 17:43:33,581] {logging_mixin.py:109} INFO - [2022-03-22 17:43:33,581] {dag.py:2937} INFO - Setting next_dagrun for example_skip_dag to 2022-03-21T21:43:33.581206+00:00
[2022-03-22 17:43:33,590] {processor.py:171} INFO - Processing /Users/adebolafagbule/opt/anaconda3/envs/airflow_env/lib/python3.8/site-packages/airflow/example_dags/example_skip_dag.py took 0.063 seconds
[2022-03-22 17:45:03,814] {processor.py:163} INFO - Started process (PID=64303) to work on /Users/adebolafagbule/opt/anaconda3/envs/airflow_env/lib/python3.8/site-packages/airflow/example_dags/example_skip_dag.py
[2022-03-22 17:45:03,816] {processor.py:642} INFO - Processing file /Users/adebolafagbule/opt/anaconda3/envs/airflow_env/lib/python3.8/site-packages/airflow/example_dags/example_skip_dag.py for tasks to queue
[2022-03-22 17:45:03,816] {logging_mixin.py:109} INFO - [2022-03-22 17:45:03,816] {dagbag.py:500} INFO - Filling up the DagBag from /Users/adebolafagbule/opt/anaconda3/envs/airflow_env/lib/python3.8/site-packages/airflow/example_dags/example_skip_dag.py
[2022-03-22 17:45:03,857] {processor.py:654} INFO - DAG(s) dict_keys(['example_skip_dag']) retrieved from /Users/adebolafagbule/opt/anaconda3/envs/airflow_env/lib/python3.8/site-packages/airflow/example_dags/example_skip_dag.py
[2022-03-22 17:45:03,871] {logging_mixin.py:109} INFO - [2022-03-22 17:45:03,871] {dag.py:2398} INFO - Sync 1 DAGs
[2022-03-22 17:45:03,880] {logging_mixin.py:109} INFO - [2022-03-22 17:45:03,880] {dag.py:2937} INFO - Setting next_dagrun for example_skip_dag to 2022-03-21T21:45:03.880126+00:00
[2022-03-22 17:45:03,886] {processor.py:171} INFO - Processing /Users/adebolafagbule/opt/anaconda3/envs/airflow_env/lib/python3.8/site-packages/airflow/example_dags/example_skip_dag.py took 0.072 seconds
[2022-03-22 17:46:38,600] {processor.py:163} INFO - Started process (PID=64391) to work on /Users/adebolafagbule/opt/anaconda3/envs/airflow_env/lib/python3.8/site-packages/airflow/example_dags/example_skip_dag.py
[2022-03-22 17:46:38,601] {processor.py:642} INFO - Processing file /Users/adebolafagbule/opt/anaconda3/envs/airflow_env/lib/python3.8/site-packages/airflow/example_dags/example_skip_dag.py for tasks to queue
[2022-03-22 17:46:38,601] {logging_mixin.py:109} INFO - [2022-03-22 17:46:38,601] {dagbag.py:500} INFO - Filling up the DagBag from /Users/adebolafagbule/opt/anaconda3/envs/airflow_env/lib/python3.8/site-packages/airflow/example_dags/example_skip_dag.py
[2022-03-22 17:46:38,632] {processor.py:654} INFO - DAG(s) dict_keys(['example_skip_dag']) retrieved from /Users/adebolafagbule/opt/anaconda3/envs/airflow_env/lib/python3.8/site-packages/airflow/example_dags/example_skip_dag.py
[2022-03-22 17:46:38,647] {logging_mixin.py:109} INFO - [2022-03-22 17:46:38,647] {dag.py:2398} INFO - Sync 1 DAGs
[2022-03-22 17:46:38,656] {logging_mixin.py:109} INFO - [2022-03-22 17:46:38,656] {dag.py:2937} INFO - Setting next_dagrun for example_skip_dag to 2022-03-21T21:46:38.656025+00:00
[2022-03-22 17:46:38,662] {processor.py:171} INFO - Processing /Users/adebolafagbule/opt/anaconda3/envs/airflow_env/lib/python3.8/site-packages/airflow/example_dags/example_skip_dag.py took 0.062 seconds
[2022-03-22 17:47:59,546] {processor.py:163} INFO - Started process (PID=64464) to work on /Users/adebolafagbule/opt/anaconda3/envs/airflow_env/lib/python3.8/site-packages/airflow/example_dags/example_skip_dag.py
[2022-03-22 17:47:59,547] {processor.py:642} INFO - Processing file /Users/adebolafagbule/opt/anaconda3/envs/airflow_env/lib/python3.8/site-packages/airflow/example_dags/example_skip_dag.py for tasks to queue
[2022-03-22 17:47:59,548] {logging_mixin.py:109} INFO - [2022-03-22 17:47:59,548] {dagbag.py:500} INFO - Filling up the DagBag from /Users/adebolafagbule/opt/anaconda3/envs/airflow_env/lib/python3.8/site-packages/airflow/example_dags/example_skip_dag.py
[2022-03-22 17:47:59,578] {processor.py:654} INFO - DAG(s) dict_keys(['example_skip_dag']) retrieved from /Users/adebolafagbule/opt/anaconda3/envs/airflow_env/lib/python3.8/site-packages/airflow/example_dags/example_skip_dag.py
[2022-03-22 17:47:59,592] {logging_mixin.py:109} INFO - [2022-03-22 17:47:59,592] {dag.py:2398} INFO - Sync 1 DAGs
[2022-03-22 17:47:59,601] {logging_mixin.py:109} INFO - [2022-03-22 17:47:59,600] {dag.py:2937} INFO - Setting next_dagrun for example_skip_dag to 2022-03-21T21:47:59.600791+00:00
[2022-03-22 17:47:59,608] {processor.py:171} INFO - Processing /Users/adebolafagbule/opt/anaconda3/envs/airflow_env/lib/python3.8/site-packages/airflow/example_dags/example_skip_dag.py took 0.062 seconds
[2022-03-22 17:49:22,502] {processor.py:163} INFO - Started process (PID=64542) to work on /Users/adebolafagbule/opt/anaconda3/envs/airflow_env/lib/python3.8/site-packages/airflow/example_dags/example_skip_dag.py
[2022-03-22 17:49:22,503] {processor.py:642} INFO - Processing file /Users/adebolafagbule/opt/anaconda3/envs/airflow_env/lib/python3.8/site-packages/airflow/example_dags/example_skip_dag.py for tasks to queue
[2022-03-22 17:49:22,504] {logging_mixin.py:109} INFO - [2022-03-22 17:49:22,504] {dagbag.py:500} INFO - Filling up the DagBag from /Users/adebolafagbule/opt/anaconda3/envs/airflow_env/lib/python3.8/site-packages/airflow/example_dags/example_skip_dag.py
[2022-03-22 17:49:22,534] {processor.py:654} INFO - DAG(s) dict_keys(['example_skip_dag']) retrieved from /Users/adebolafagbule/opt/anaconda3/envs/airflow_env/lib/python3.8/site-packages/airflow/example_dags/example_skip_dag.py
[2022-03-22 17:49:22,549] {logging_mixin.py:109} INFO - [2022-03-22 17:49:22,549] {dag.py:2398} INFO - Sync 1 DAGs
[2022-03-22 17:49:22,558] {logging_mixin.py:109} INFO - [2022-03-22 17:49:22,558] {dag.py:2937} INFO - Setting next_dagrun for example_skip_dag to 2022-03-21T21:49:22.558050+00:00
[2022-03-22 17:49:22,564] {processor.py:171} INFO - Processing /Users/adebolafagbule/opt/anaconda3/envs/airflow_env/lib/python3.8/site-packages/airflow/example_dags/example_skip_dag.py took 0.063 seconds
[2022-03-22 17:50:55,346] {processor.py:163} INFO - Started process (PID=64625) to work on /Users/adebolafagbule/opt/anaconda3/envs/airflow_env/lib/python3.8/site-packages/airflow/example_dags/example_skip_dag.py
[2022-03-22 17:50:55,347] {processor.py:642} INFO - Processing file /Users/adebolafagbule/opt/anaconda3/envs/airflow_env/lib/python3.8/site-packages/airflow/example_dags/example_skip_dag.py for tasks to queue
[2022-03-22 17:50:55,348] {logging_mixin.py:109} INFO - [2022-03-22 17:50:55,348] {dagbag.py:500} INFO - Filling up the DagBag from /Users/adebolafagbule/opt/anaconda3/envs/airflow_env/lib/python3.8/site-packages/airflow/example_dags/example_skip_dag.py
[2022-03-22 17:50:55,382] {processor.py:654} INFO - DAG(s) dict_keys(['example_skip_dag']) retrieved from /Users/adebolafagbule/opt/anaconda3/envs/airflow_env/lib/python3.8/site-packages/airflow/example_dags/example_skip_dag.py
[2022-03-22 17:50:55,397] {logging_mixin.py:109} INFO - [2022-03-22 17:50:55,396] {dag.py:2398} INFO - Sync 1 DAGs
[2022-03-22 17:50:55,405] {logging_mixin.py:109} INFO - [2022-03-22 17:50:55,405] {dag.py:2937} INFO - Setting next_dagrun for example_skip_dag to 2022-03-21T21:50:55.405226+00:00
[2022-03-22 17:50:55,413] {processor.py:171} INFO - Processing /Users/adebolafagbule/opt/anaconda3/envs/airflow_env/lib/python3.8/site-packages/airflow/example_dags/example_skip_dag.py took 0.067 seconds
[2022-03-22 17:52:24,263] {processor.py:163} INFO - Started process (PID=64702) to work on /Users/adebolafagbule/opt/anaconda3/envs/airflow_env/lib/python3.8/site-packages/airflow/example_dags/example_skip_dag.py
[2022-03-22 17:52:24,264] {processor.py:642} INFO - Processing file /Users/adebolafagbule/opt/anaconda3/envs/airflow_env/lib/python3.8/site-packages/airflow/example_dags/example_skip_dag.py for tasks to queue
[2022-03-22 17:52:24,265] {logging_mixin.py:109} INFO - [2022-03-22 17:52:24,265] {dagbag.py:500} INFO - Filling up the DagBag from /Users/adebolafagbule/opt/anaconda3/envs/airflow_env/lib/python3.8/site-packages/airflow/example_dags/example_skip_dag.py
[2022-03-22 17:52:24,304] {processor.py:654} INFO - DAG(s) dict_keys(['example_skip_dag']) retrieved from /Users/adebolafagbule/opt/anaconda3/envs/airflow_env/lib/python3.8/site-packages/airflow/example_dags/example_skip_dag.py
[2022-03-22 17:52:24,319] {logging_mixin.py:109} INFO - [2022-03-22 17:52:24,319] {dag.py:2398} INFO - Sync 1 DAGs
[2022-03-22 17:52:24,327] {logging_mixin.py:109} INFO - [2022-03-22 17:52:24,327] {dag.py:2937} INFO - Setting next_dagrun for example_skip_dag to 2022-03-21T21:52:24.327378+00:00
[2022-03-22 17:52:24,334] {processor.py:171} INFO - Processing /Users/adebolafagbule/opt/anaconda3/envs/airflow_env/lib/python3.8/site-packages/airflow/example_dags/example_skip_dag.py took 0.071 seconds
[2022-03-22 17:54:06,614] {processor.py:163} INFO - Started process (PID=64781) to work on /Users/adebolafagbule/opt/anaconda3/envs/airflow_env/lib/python3.8/site-packages/airflow/example_dags/example_skip_dag.py
[2022-03-22 17:54:06,615] {processor.py:642} INFO - Processing file /Users/adebolafagbule/opt/anaconda3/envs/airflow_env/lib/python3.8/site-packages/airflow/example_dags/example_skip_dag.py for tasks to queue
[2022-03-22 17:54:06,615] {logging_mixin.py:109} INFO - [2022-03-22 17:54:06,615] {dagbag.py:500} INFO - Filling up the DagBag from /Users/adebolafagbule/opt/anaconda3/envs/airflow_env/lib/python3.8/site-packages/airflow/example_dags/example_skip_dag.py
[2022-03-22 17:54:06,646] {processor.py:654} INFO - DAG(s) dict_keys(['example_skip_dag']) retrieved from /Users/adebolafagbule/opt/anaconda3/envs/airflow_env/lib/python3.8/site-packages/airflow/example_dags/example_skip_dag.py
[2022-03-22 17:54:06,661] {logging_mixin.py:109} INFO - [2022-03-22 17:54:06,660] {dag.py:2398} INFO - Sync 1 DAGs
[2022-03-22 17:54:06,669] {logging_mixin.py:109} INFO - [2022-03-22 17:54:06,669] {dag.py:2937} INFO - Setting next_dagrun for example_skip_dag to 2022-03-21T21:54:06.669403+00:00
[2022-03-22 17:54:06,677] {processor.py:171} INFO - Processing /Users/adebolafagbule/opt/anaconda3/envs/airflow_env/lib/python3.8/site-packages/airflow/example_dags/example_skip_dag.py took 0.063 seconds
[2022-03-22 17:56:11,429] {processor.py:163} INFO - Started process (PID=64864) to work on /Users/adebolafagbule/opt/anaconda3/envs/airflow_env/lib/python3.8/site-packages/airflow/example_dags/example_skip_dag.py
[2022-03-22 17:56:11,430] {processor.py:642} INFO - Processing file /Users/adebolafagbule/opt/anaconda3/envs/airflow_env/lib/python3.8/site-packages/airflow/example_dags/example_skip_dag.py for tasks to queue
[2022-03-22 17:56:11,430] {logging_mixin.py:109} INFO - [2022-03-22 17:56:11,430] {dagbag.py:500} INFO - Filling up the DagBag from /Users/adebolafagbule/opt/anaconda3/envs/airflow_env/lib/python3.8/site-packages/airflow/example_dags/example_skip_dag.py
[2022-03-22 17:56:11,499] {processor.py:654} INFO - DAG(s) dict_keys(['example_skip_dag']) retrieved from /Users/adebolafagbule/opt/anaconda3/envs/airflow_env/lib/python3.8/site-packages/airflow/example_dags/example_skip_dag.py
[2022-03-22 17:56:11,518] {logging_mixin.py:109} INFO - [2022-03-22 17:56:11,518] {dag.py:2398} INFO - Sync 1 DAGs
[2022-03-22 17:56:11,560] {logging_mixin.py:109} INFO - [2022-03-22 17:56:11,560] {dag.py:2937} INFO - Setting next_dagrun for example_skip_dag to 2022-03-21T21:56:11.559483+00:00
[2022-03-22 17:56:11,579] {processor.py:171} INFO - Processing /Users/adebolafagbule/opt/anaconda3/envs/airflow_env/lib/python3.8/site-packages/airflow/example_dags/example_skip_dag.py took 0.151 seconds
[2022-03-22 17:58:43,178] {processor.py:163} INFO - Started process (PID=64961) to work on /Users/adebolafagbule/opt/anaconda3/envs/airflow_env/lib/python3.8/site-packages/airflow/example_dags/example_skip_dag.py
[2022-03-22 17:58:43,179] {processor.py:642} INFO - Processing file /Users/adebolafagbule/opt/anaconda3/envs/airflow_env/lib/python3.8/site-packages/airflow/example_dags/example_skip_dag.py for tasks to queue
[2022-03-22 17:58:43,179] {logging_mixin.py:109} INFO - [2022-03-22 17:58:43,179] {dagbag.py:500} INFO - Filling up the DagBag from /Users/adebolafagbule/opt/anaconda3/envs/airflow_env/lib/python3.8/site-packages/airflow/example_dags/example_skip_dag.py
[2022-03-22 17:58:43,221] {processor.py:654} INFO - DAG(s) dict_keys(['example_skip_dag']) retrieved from /Users/adebolafagbule/opt/anaconda3/envs/airflow_env/lib/python3.8/site-packages/airflow/example_dags/example_skip_dag.py
[2022-03-22 17:58:43,264] {logging_mixin.py:109} INFO - [2022-03-22 17:58:43,263] {dag.py:2398} INFO - Sync 1 DAGs
[2022-03-22 17:58:43,276] {logging_mixin.py:109} INFO - [2022-03-22 17:58:43,276] {dag.py:2937} INFO - Setting next_dagrun for example_skip_dag to 2022-03-21T21:58:43.276159+00:00
[2022-03-22 17:58:43,284] {processor.py:171} INFO - Processing /Users/adebolafagbule/opt/anaconda3/envs/airflow_env/lib/python3.8/site-packages/airflow/example_dags/example_skip_dag.py took 0.106 seconds
[2022-03-22 18:01:11,174] {processor.py:163} INFO - Started process (PID=65053) to work on /Users/adebolafagbule/opt/anaconda3/envs/airflow_env/lib/python3.8/site-packages/airflow/example_dags/example_skip_dag.py
[2022-03-22 18:01:11,174] {processor.py:642} INFO - Processing file /Users/adebolafagbule/opt/anaconda3/envs/airflow_env/lib/python3.8/site-packages/airflow/example_dags/example_skip_dag.py for tasks to queue
[2022-03-22 18:01:11,175] {logging_mixin.py:109} INFO - [2022-03-22 18:01:11,175] {dagbag.py:500} INFO - Filling up the DagBag from /Users/adebolafagbule/opt/anaconda3/envs/airflow_env/lib/python3.8/site-packages/airflow/example_dags/example_skip_dag.py
[2022-03-22 18:01:11,209] {processor.py:654} INFO - DAG(s) dict_keys(['example_skip_dag']) retrieved from /Users/adebolafagbule/opt/anaconda3/envs/airflow_env/lib/python3.8/site-packages/airflow/example_dags/example_skip_dag.py
[2022-03-22 18:01:11,267] {logging_mixin.py:109} INFO - [2022-03-22 18:01:11,267] {dag.py:2398} INFO - Sync 1 DAGs
[2022-03-22 18:01:11,276] {logging_mixin.py:109} INFO - [2022-03-22 18:01:11,276] {dag.py:2937} INFO - Setting next_dagrun for example_skip_dag to 2022-03-21T22:01:11.276348+00:00
[2022-03-22 18:01:11,282] {processor.py:171} INFO - Processing /Users/adebolafagbule/opt/anaconda3/envs/airflow_env/lib/python3.8/site-packages/airflow/example_dags/example_skip_dag.py took 0.109 seconds
[2022-03-22 18:03:27,696] {processor.py:163} INFO - Started process (PID=65143) to work on /Users/adebolafagbule/opt/anaconda3/envs/airflow_env/lib/python3.8/site-packages/airflow/example_dags/example_skip_dag.py
[2022-03-22 18:03:27,697] {processor.py:642} INFO - Processing file /Users/adebolafagbule/opt/anaconda3/envs/airflow_env/lib/python3.8/site-packages/airflow/example_dags/example_skip_dag.py for tasks to queue
[2022-03-22 18:03:27,697] {logging_mixin.py:109} INFO - [2022-03-22 18:03:27,697] {dagbag.py:500} INFO - Filling up the DagBag from /Users/adebolafagbule/opt/anaconda3/envs/airflow_env/lib/python3.8/site-packages/airflow/example_dags/example_skip_dag.py
[2022-03-22 18:03:27,775] {processor.py:654} INFO - DAG(s) dict_keys(['example_skip_dag']) retrieved from /Users/adebolafagbule/opt/anaconda3/envs/airflow_env/lib/python3.8/site-packages/airflow/example_dags/example_skip_dag.py
[2022-03-22 18:03:27,797] {logging_mixin.py:109} INFO - [2022-03-22 18:03:27,797] {dag.py:2398} INFO - Sync 1 DAGs
[2022-03-22 18:03:27,807] {logging_mixin.py:109} INFO - [2022-03-22 18:03:27,806] {dag.py:2937} INFO - Setting next_dagrun for example_skip_dag to 2022-03-21T22:03:27.806604+00:00
[2022-03-22 18:03:27,817] {processor.py:171} INFO - Processing /Users/adebolafagbule/opt/anaconda3/envs/airflow_env/lib/python3.8/site-packages/airflow/example_dags/example_skip_dag.py took 0.123 seconds
[2022-03-22 18:05:45,409] {processor.py:163} INFO - Started process (PID=65238) to work on /Users/adebolafagbule/opt/anaconda3/envs/airflow_env/lib/python3.8/site-packages/airflow/example_dags/example_skip_dag.py
[2022-03-22 18:05:45,411] {processor.py:642} INFO - Processing file /Users/adebolafagbule/opt/anaconda3/envs/airflow_env/lib/python3.8/site-packages/airflow/example_dags/example_skip_dag.py for tasks to queue
[2022-03-22 18:05:45,411] {logging_mixin.py:109} INFO - [2022-03-22 18:05:45,411] {dagbag.py:500} INFO - Filling up the DagBag from /Users/adebolafagbule/opt/anaconda3/envs/airflow_env/lib/python3.8/site-packages/airflow/example_dags/example_skip_dag.py
[2022-03-22 18:05:45,441] {processor.py:654} INFO - DAG(s) dict_keys(['example_skip_dag']) retrieved from /Users/adebolafagbule/opt/anaconda3/envs/airflow_env/lib/python3.8/site-packages/airflow/example_dags/example_skip_dag.py
[2022-03-22 18:05:45,458] {logging_mixin.py:109} INFO - [2022-03-22 18:05:45,458] {dag.py:2398} INFO - Sync 1 DAGs
[2022-03-22 18:05:45,466] {logging_mixin.py:109} INFO - [2022-03-22 18:05:45,466] {dag.py:2937} INFO - Setting next_dagrun for example_skip_dag to 2022-03-21T22:05:45.466678+00:00
[2022-03-22 18:05:45,475] {processor.py:171} INFO - Processing /Users/adebolafagbule/opt/anaconda3/envs/airflow_env/lib/python3.8/site-packages/airflow/example_dags/example_skip_dag.py took 0.066 seconds
[2022-03-22 18:07:32,544] {processor.py:163} INFO - Started process (PID=65320) to work on /Users/adebolafagbule/opt/anaconda3/envs/airflow_env/lib/python3.8/site-packages/airflow/example_dags/example_skip_dag.py
[2022-03-22 18:07:32,545] {processor.py:642} INFO - Processing file /Users/adebolafagbule/opt/anaconda3/envs/airflow_env/lib/python3.8/site-packages/airflow/example_dags/example_skip_dag.py for tasks to queue
[2022-03-22 18:07:32,546] {logging_mixin.py:109} INFO - [2022-03-22 18:07:32,546] {dagbag.py:500} INFO - Filling up the DagBag from /Users/adebolafagbule/opt/anaconda3/envs/airflow_env/lib/python3.8/site-packages/airflow/example_dags/example_skip_dag.py
[2022-03-22 18:07:32,603] {processor.py:654} INFO - DAG(s) dict_keys(['example_skip_dag']) retrieved from /Users/adebolafagbule/opt/anaconda3/envs/airflow_env/lib/python3.8/site-packages/airflow/example_dags/example_skip_dag.py
[2022-03-22 18:07:32,622] {logging_mixin.py:109} INFO - [2022-03-22 18:07:32,621] {dag.py:2398} INFO - Sync 1 DAGs
[2022-03-22 18:07:32,631] {logging_mixin.py:109} INFO - [2022-03-22 18:07:32,630] {dag.py:2937} INFO - Setting next_dagrun for example_skip_dag to 2022-03-21T22:07:32.630842+00:00
[2022-03-22 18:07:32,637] {processor.py:171} INFO - Processing /Users/adebolafagbule/opt/anaconda3/envs/airflow_env/lib/python3.8/site-packages/airflow/example_dags/example_skip_dag.py took 0.093 seconds
[2022-03-22 18:09:22,782] {processor.py:163} INFO - Started process (PID=65406) to work on /Users/adebolafagbule/opt/anaconda3/envs/airflow_env/lib/python3.8/site-packages/airflow/example_dags/example_skip_dag.py
[2022-03-22 18:09:22,783] {processor.py:642} INFO - Processing file /Users/adebolafagbule/opt/anaconda3/envs/airflow_env/lib/python3.8/site-packages/airflow/example_dags/example_skip_dag.py for tasks to queue
[2022-03-22 18:09:22,784] {logging_mixin.py:109} INFO - [2022-03-22 18:09:22,784] {dagbag.py:500} INFO - Filling up the DagBag from /Users/adebolafagbule/opt/anaconda3/envs/airflow_env/lib/python3.8/site-packages/airflow/example_dags/example_skip_dag.py
[2022-03-22 18:09:22,843] {processor.py:654} INFO - DAG(s) dict_keys(['example_skip_dag']) retrieved from /Users/adebolafagbule/opt/anaconda3/envs/airflow_env/lib/python3.8/site-packages/airflow/example_dags/example_skip_dag.py
[2022-03-22 18:09:22,866] {logging_mixin.py:109} INFO - [2022-03-22 18:09:22,866] {dag.py:2398} INFO - Sync 1 DAGs
[2022-03-22 18:09:22,875] {logging_mixin.py:109} INFO - [2022-03-22 18:09:22,875] {dag.py:2937} INFO - Setting next_dagrun for example_skip_dag to 2022-03-21T22:09:22.875451+00:00
[2022-03-22 18:09:22,886] {processor.py:171} INFO - Processing /Users/adebolafagbule/opt/anaconda3/envs/airflow_env/lib/python3.8/site-packages/airflow/example_dags/example_skip_dag.py took 0.104 seconds
[2022-03-22 18:11:15,386] {processor.py:163} INFO - Started process (PID=65489) to work on /Users/adebolafagbule/opt/anaconda3/envs/airflow_env/lib/python3.8/site-packages/airflow/example_dags/example_skip_dag.py
[2022-03-22 18:11:15,386] {processor.py:642} INFO - Processing file /Users/adebolafagbule/opt/anaconda3/envs/airflow_env/lib/python3.8/site-packages/airflow/example_dags/example_skip_dag.py for tasks to queue
[2022-03-22 18:11:15,387] {logging_mixin.py:109} INFO - [2022-03-22 18:11:15,387] {dagbag.py:500} INFO - Filling up the DagBag from /Users/adebolafagbule/opt/anaconda3/envs/airflow_env/lib/python3.8/site-packages/airflow/example_dags/example_skip_dag.py
[2022-03-22 18:11:15,419] {processor.py:654} INFO - DAG(s) dict_keys(['example_skip_dag']) retrieved from /Users/adebolafagbule/opt/anaconda3/envs/airflow_env/lib/python3.8/site-packages/airflow/example_dags/example_skip_dag.py
[2022-03-22 18:11:15,460] {logging_mixin.py:109} INFO - [2022-03-22 18:11:15,460] {dag.py:2398} INFO - Sync 1 DAGs
[2022-03-22 18:11:15,469] {logging_mixin.py:109} INFO - [2022-03-22 18:11:15,469] {dag.py:2937} INFO - Setting next_dagrun for example_skip_dag to 2022-03-21T22:11:15.469326+00:00
[2022-03-22 18:11:15,477] {processor.py:171} INFO - Processing /Users/adebolafagbule/opt/anaconda3/envs/airflow_env/lib/python3.8/site-packages/airflow/example_dags/example_skip_dag.py took 0.092 seconds
[2022-03-22 18:13:01,744] {processor.py:163} INFO - Started process (PID=65576) to work on /Users/adebolafagbule/opt/anaconda3/envs/airflow_env/lib/python3.8/site-packages/airflow/example_dags/example_skip_dag.py
[2022-03-22 18:13:01,745] {processor.py:642} INFO - Processing file /Users/adebolafagbule/opt/anaconda3/envs/airflow_env/lib/python3.8/site-packages/airflow/example_dags/example_skip_dag.py for tasks to queue
[2022-03-22 18:13:01,746] {logging_mixin.py:109} INFO - [2022-03-22 18:13:01,746] {dagbag.py:500} INFO - Filling up the DagBag from /Users/adebolafagbule/opt/anaconda3/envs/airflow_env/lib/python3.8/site-packages/airflow/example_dags/example_skip_dag.py
[2022-03-22 18:13:01,784] {processor.py:654} INFO - DAG(s) dict_keys(['example_skip_dag']) retrieved from /Users/adebolafagbule/opt/anaconda3/envs/airflow_env/lib/python3.8/site-packages/airflow/example_dags/example_skip_dag.py
[2022-03-22 18:13:01,799] {logging_mixin.py:109} INFO - [2022-03-22 18:13:01,799] {dag.py:2398} INFO - Sync 1 DAGs
[2022-03-22 18:13:01,808] {logging_mixin.py:109} INFO - [2022-03-22 18:13:01,808] {dag.py:2937} INFO - Setting next_dagrun for example_skip_dag to 2022-03-21T22:13:01.808035+00:00
[2022-03-22 18:13:01,814] {processor.py:171} INFO - Processing /Users/adebolafagbule/opt/anaconda3/envs/airflow_env/lib/python3.8/site-packages/airflow/example_dags/example_skip_dag.py took 0.070 seconds
[2022-03-22 18:15:00,369] {processor.py:163} INFO - Started process (PID=65667) to work on /Users/adebolafagbule/opt/anaconda3/envs/airflow_env/lib/python3.8/site-packages/airflow/example_dags/example_skip_dag.py
[2022-03-22 18:15:00,371] {processor.py:642} INFO - Processing file /Users/adebolafagbule/opt/anaconda3/envs/airflow_env/lib/python3.8/site-packages/airflow/example_dags/example_skip_dag.py for tasks to queue
[2022-03-22 18:15:00,371] {logging_mixin.py:109} INFO - [2022-03-22 18:15:00,371] {dagbag.py:500} INFO - Filling up the DagBag from /Users/adebolafagbule/opt/anaconda3/envs/airflow_env/lib/python3.8/site-packages/airflow/example_dags/example_skip_dag.py
[2022-03-22 18:15:00,442] {processor.py:654} INFO - DAG(s) dict_keys(['example_skip_dag']) retrieved from /Users/adebolafagbule/opt/anaconda3/envs/airflow_env/lib/python3.8/site-packages/airflow/example_dags/example_skip_dag.py
[2022-03-22 18:15:00,510] {logging_mixin.py:109} INFO - [2022-03-22 18:15:00,510] {dag.py:2398} INFO - Sync 1 DAGs
[2022-03-22 18:15:00,523] {logging_mixin.py:109} INFO - [2022-03-22 18:15:00,523] {dag.py:2937} INFO - Setting next_dagrun for example_skip_dag to 2022-03-21T22:15:00.522867+00:00
[2022-03-22 18:15:00,530] {processor.py:171} INFO - Processing /Users/adebolafagbule/opt/anaconda3/envs/airflow_env/lib/python3.8/site-packages/airflow/example_dags/example_skip_dag.py took 0.162 seconds
[2022-03-22 18:17:00,520] {processor.py:163} INFO - Started process (PID=65761) to work on /Users/adebolafagbule/opt/anaconda3/envs/airflow_env/lib/python3.8/site-packages/airflow/example_dags/example_skip_dag.py
[2022-03-22 18:17:00,522] {processor.py:642} INFO - Processing file /Users/adebolafagbule/opt/anaconda3/envs/airflow_env/lib/python3.8/site-packages/airflow/example_dags/example_skip_dag.py for tasks to queue
[2022-03-22 18:17:00,523] {logging_mixin.py:109} INFO - [2022-03-22 18:17:00,522] {dagbag.py:500} INFO - Filling up the DagBag from /Users/adebolafagbule/opt/anaconda3/envs/airflow_env/lib/python3.8/site-packages/airflow/example_dags/example_skip_dag.py
[2022-03-22 18:17:00,573] {processor.py:654} INFO - DAG(s) dict_keys(['example_skip_dag']) retrieved from /Users/adebolafagbule/opt/anaconda3/envs/airflow_env/lib/python3.8/site-packages/airflow/example_dags/example_skip_dag.py
[2022-03-22 18:17:00,591] {logging_mixin.py:109} INFO - [2022-03-22 18:17:00,591] {dag.py:2398} INFO - Sync 1 DAGs
[2022-03-22 18:17:00,601] {logging_mixin.py:109} INFO - [2022-03-22 18:17:00,600] {dag.py:2937} INFO - Setting next_dagrun for example_skip_dag to 2022-03-21T22:17:00.600810+00:00
[2022-03-22 18:17:00,607] {processor.py:171} INFO - Processing /Users/adebolafagbule/opt/anaconda3/envs/airflow_env/lib/python3.8/site-packages/airflow/example_dags/example_skip_dag.py took 0.088 seconds
[2022-03-22 18:18:36,404] {processor.py:163} INFO - Started process (PID=65839) to work on /Users/adebolafagbule/opt/anaconda3/envs/airflow_env/lib/python3.8/site-packages/airflow/example_dags/example_skip_dag.py
[2022-03-22 18:18:36,405] {processor.py:642} INFO - Processing file /Users/adebolafagbule/opt/anaconda3/envs/airflow_env/lib/python3.8/site-packages/airflow/example_dags/example_skip_dag.py for tasks to queue
[2022-03-22 18:18:36,405] {logging_mixin.py:109} INFO - [2022-03-22 18:18:36,405] {dagbag.py:500} INFO - Filling up the DagBag from /Users/adebolafagbule/opt/anaconda3/envs/airflow_env/lib/python3.8/site-packages/airflow/example_dags/example_skip_dag.py
[2022-03-22 18:18:36,440] {processor.py:654} INFO - DAG(s) dict_keys(['example_skip_dag']) retrieved from /Users/adebolafagbule/opt/anaconda3/envs/airflow_env/lib/python3.8/site-packages/airflow/example_dags/example_skip_dag.py
[2022-03-22 18:18:36,455] {logging_mixin.py:109} INFO - [2022-03-22 18:18:36,454] {dag.py:2398} INFO - Sync 1 DAGs
[2022-03-22 18:18:36,463] {logging_mixin.py:109} INFO - [2022-03-22 18:18:36,463] {dag.py:2937} INFO - Setting next_dagrun for example_skip_dag to 2022-03-21T22:18:36.463395+00:00
[2022-03-22 18:18:36,472] {processor.py:171} INFO - Processing /Users/adebolafagbule/opt/anaconda3/envs/airflow_env/lib/python3.8/site-packages/airflow/example_dags/example_skip_dag.py took 0.069 seconds
[2022-03-22 18:20:14,171] {processor.py:163} INFO - Started process (PID=65918) to work on /Users/adebolafagbule/opt/anaconda3/envs/airflow_env/lib/python3.8/site-packages/airflow/example_dags/example_skip_dag.py
[2022-03-22 18:20:14,172] {processor.py:642} INFO - Processing file /Users/adebolafagbule/opt/anaconda3/envs/airflow_env/lib/python3.8/site-packages/airflow/example_dags/example_skip_dag.py for tasks to queue
[2022-03-22 18:20:14,173] {logging_mixin.py:109} INFO - [2022-03-22 18:20:14,173] {dagbag.py:500} INFO - Filling up the DagBag from /Users/adebolafagbule/opt/anaconda3/envs/airflow_env/lib/python3.8/site-packages/airflow/example_dags/example_skip_dag.py
[2022-03-22 18:20:14,250] {processor.py:654} INFO - DAG(s) dict_keys(['example_skip_dag']) retrieved from /Users/adebolafagbule/opt/anaconda3/envs/airflow_env/lib/python3.8/site-packages/airflow/example_dags/example_skip_dag.py
[2022-03-22 18:20:14,270] {logging_mixin.py:109} INFO - [2022-03-22 18:20:14,269] {dag.py:2398} INFO - Sync 1 DAGs
[2022-03-22 18:20:14,279] {logging_mixin.py:109} INFO - [2022-03-22 18:20:14,279] {dag.py:2937} INFO - Setting next_dagrun for example_skip_dag to 2022-03-21T22:20:14.278840+00:00
[2022-03-22 18:20:14,285] {processor.py:171} INFO - Processing /Users/adebolafagbule/opt/anaconda3/envs/airflow_env/lib/python3.8/site-packages/airflow/example_dags/example_skip_dag.py took 0.115 seconds
[2022-03-22 18:21:45,546] {processor.py:163} INFO - Started process (PID=65996) to work on /Users/adebolafagbule/opt/anaconda3/envs/airflow_env/lib/python3.8/site-packages/airflow/example_dags/example_skip_dag.py
[2022-03-22 18:21:45,548] {processor.py:642} INFO - Processing file /Users/adebolafagbule/opt/anaconda3/envs/airflow_env/lib/python3.8/site-packages/airflow/example_dags/example_skip_dag.py for tasks to queue
[2022-03-22 18:21:45,548] {logging_mixin.py:109} INFO - [2022-03-22 18:21:45,548] {dagbag.py:500} INFO - Filling up the DagBag from /Users/adebolafagbule/opt/anaconda3/envs/airflow_env/lib/python3.8/site-packages/airflow/example_dags/example_skip_dag.py
[2022-03-22 18:21:45,589] {processor.py:654} INFO - DAG(s) dict_keys(['example_skip_dag']) retrieved from /Users/adebolafagbule/opt/anaconda3/envs/airflow_env/lib/python3.8/site-packages/airflow/example_dags/example_skip_dag.py
[2022-03-22 18:21:45,604] {logging_mixin.py:109} INFO - [2022-03-22 18:21:45,604] {dag.py:2398} INFO - Sync 1 DAGs
[2022-03-22 18:21:45,613] {logging_mixin.py:109} INFO - [2022-03-22 18:21:45,612] {dag.py:2937} INFO - Setting next_dagrun for example_skip_dag to 2022-03-21T22:21:45.612797+00:00
[2022-03-22 18:21:45,619] {processor.py:171} INFO - Processing /Users/adebolafagbule/opt/anaconda3/envs/airflow_env/lib/python3.8/site-packages/airflow/example_dags/example_skip_dag.py took 0.073 seconds
[2022-03-22 18:23:11,733] {processor.py:163} INFO - Started process (PID=66075) to work on /Users/adebolafagbule/opt/anaconda3/envs/airflow_env/lib/python3.8/site-packages/airflow/example_dags/example_skip_dag.py
[2022-03-22 18:23:11,735] {processor.py:642} INFO - Processing file /Users/adebolafagbule/opt/anaconda3/envs/airflow_env/lib/python3.8/site-packages/airflow/example_dags/example_skip_dag.py for tasks to queue
[2022-03-22 18:23:11,735] {logging_mixin.py:109} INFO - [2022-03-22 18:23:11,735] {dagbag.py:500} INFO - Filling up the DagBag from /Users/adebolafagbule/opt/anaconda3/envs/airflow_env/lib/python3.8/site-packages/airflow/example_dags/example_skip_dag.py
[2022-03-22 18:23:11,768] {processor.py:654} INFO - DAG(s) dict_keys(['example_skip_dag']) retrieved from /Users/adebolafagbule/opt/anaconda3/envs/airflow_env/lib/python3.8/site-packages/airflow/example_dags/example_skip_dag.py
[2022-03-22 18:23:11,784] {logging_mixin.py:109} INFO - [2022-03-22 18:23:11,784] {dag.py:2398} INFO - Sync 1 DAGs
[2022-03-22 18:23:11,793] {logging_mixin.py:109} INFO - [2022-03-22 18:23:11,793] {dag.py:2937} INFO - Setting next_dagrun for example_skip_dag to 2022-03-21T22:23:11.793226+00:00
[2022-03-22 18:23:11,800] {processor.py:171} INFO - Processing /Users/adebolafagbule/opt/anaconda3/envs/airflow_env/lib/python3.8/site-packages/airflow/example_dags/example_skip_dag.py took 0.067 seconds
[2022-03-22 18:24:41,241] {processor.py:163} INFO - Started process (PID=66151) to work on /Users/adebolafagbule/opt/anaconda3/envs/airflow_env/lib/python3.8/site-packages/airflow/example_dags/example_skip_dag.py
[2022-03-22 18:24:41,243] {processor.py:642} INFO - Processing file /Users/adebolafagbule/opt/anaconda3/envs/airflow_env/lib/python3.8/site-packages/airflow/example_dags/example_skip_dag.py for tasks to queue
[2022-03-22 18:24:41,244] {logging_mixin.py:109} INFO - [2022-03-22 18:24:41,243] {dagbag.py:500} INFO - Filling up the DagBag from /Users/adebolafagbule/opt/anaconda3/envs/airflow_env/lib/python3.8/site-packages/airflow/example_dags/example_skip_dag.py
[2022-03-22 18:24:41,284] {processor.py:654} INFO - DAG(s) dict_keys(['example_skip_dag']) retrieved from /Users/adebolafagbule/opt/anaconda3/envs/airflow_env/lib/python3.8/site-packages/airflow/example_dags/example_skip_dag.py
[2022-03-22 18:24:41,300] {logging_mixin.py:109} INFO - [2022-03-22 18:24:41,300] {dag.py:2398} INFO - Sync 1 DAGs
[2022-03-22 18:24:41,324] {logging_mixin.py:109} INFO - [2022-03-22 18:24:41,319] {dag.py:2937} INFO - Setting next_dagrun for example_skip_dag to 2022-03-21T22:24:41.310461+00:00
[2022-03-22 18:24:41,337] {processor.py:171} INFO - Processing /Users/adebolafagbule/opt/anaconda3/envs/airflow_env/lib/python3.8/site-packages/airflow/example_dags/example_skip_dag.py took 0.096 seconds
[2022-03-22 18:26:19,585] {processor.py:163} INFO - Started process (PID=66230) to work on /Users/adebolafagbule/opt/anaconda3/envs/airflow_env/lib/python3.8/site-packages/airflow/example_dags/example_skip_dag.py
[2022-03-22 18:26:19,587] {processor.py:642} INFO - Processing file /Users/adebolafagbule/opt/anaconda3/envs/airflow_env/lib/python3.8/site-packages/airflow/example_dags/example_skip_dag.py for tasks to queue
[2022-03-22 18:26:19,587] {logging_mixin.py:109} INFO - [2022-03-22 18:26:19,587] {dagbag.py:500} INFO - Filling up the DagBag from /Users/adebolafagbule/opt/anaconda3/envs/airflow_env/lib/python3.8/site-packages/airflow/example_dags/example_skip_dag.py
[2022-03-22 18:26:19,639] {processor.py:654} INFO - DAG(s) dict_keys(['example_skip_dag']) retrieved from /Users/adebolafagbule/opt/anaconda3/envs/airflow_env/lib/python3.8/site-packages/airflow/example_dags/example_skip_dag.py
[2022-03-22 18:26:19,658] {logging_mixin.py:109} INFO - [2022-03-22 18:26:19,658] {dag.py:2398} INFO - Sync 1 DAGs
[2022-03-22 18:26:19,668] {logging_mixin.py:109} INFO - [2022-03-22 18:26:19,668] {dag.py:2937} INFO - Setting next_dagrun for example_skip_dag to 2022-03-21T22:26:19.667914+00:00
[2022-03-22 18:26:19,677] {processor.py:171} INFO - Processing /Users/adebolafagbule/opt/anaconda3/envs/airflow_env/lib/python3.8/site-packages/airflow/example_dags/example_skip_dag.py took 0.098 seconds
[2022-03-22 18:27:58,752] {processor.py:163} INFO - Started process (PID=66315) to work on /Users/adebolafagbule/opt/anaconda3/envs/airflow_env/lib/python3.8/site-packages/airflow/example_dags/example_skip_dag.py
[2022-03-22 18:27:58,753] {processor.py:642} INFO - Processing file /Users/adebolafagbule/opt/anaconda3/envs/airflow_env/lib/python3.8/site-packages/airflow/example_dags/example_skip_dag.py for tasks to queue
[2022-03-22 18:27:58,753] {logging_mixin.py:109} INFO - [2022-03-22 18:27:58,753] {dagbag.py:500} INFO - Filling up the DagBag from /Users/adebolafagbule/opt/anaconda3/envs/airflow_env/lib/python3.8/site-packages/airflow/example_dags/example_skip_dag.py
[2022-03-22 18:27:58,787] {processor.py:654} INFO - DAG(s) dict_keys(['example_skip_dag']) retrieved from /Users/adebolafagbule/opt/anaconda3/envs/airflow_env/lib/python3.8/site-packages/airflow/example_dags/example_skip_dag.py
[2022-03-22 18:27:58,803] {logging_mixin.py:109} INFO - [2022-03-22 18:27:58,802] {dag.py:2398} INFO - Sync 1 DAGs
[2022-03-22 18:27:58,812] {logging_mixin.py:109} INFO - [2022-03-22 18:27:58,811] {dag.py:2937} INFO - Setting next_dagrun for example_skip_dag to 2022-03-21T22:27:58.811851+00:00
[2022-03-22 18:27:58,818] {processor.py:171} INFO - Processing /Users/adebolafagbule/opt/anaconda3/envs/airflow_env/lib/python3.8/site-packages/airflow/example_dags/example_skip_dag.py took 0.067 seconds
