[2022-03-21 23:44:48,791] {processor.py:163} INFO - Started process (PID=61219) to work on /Users/adebolafagbule/opt/anaconda3/envs/airflow_env/lib/python3.8/site-packages/airflow/example_dags/example_task_group_decorator.py
[2022-03-21 23:44:48,792] {processor.py:642} INFO - Processing file /Users/adebolafagbule/opt/anaconda3/envs/airflow_env/lib/python3.8/site-packages/airflow/example_dags/example_task_group_decorator.py for tasks to queue
[2022-03-21 23:44:48,793] {logging_mixin.py:109} INFO - [2022-03-21 23:44:48,793] {dagbag.py:500} INFO - Filling up the DagBag from /Users/adebolafagbule/opt/anaconda3/envs/airflow_env/lib/python3.8/site-packages/airflow/example_dags/example_task_group_decorator.py
[2022-03-21 23:44:48,911] {processor.py:654} INFO - DAG(s) dict_keys(['example_task_group_decorator']) retrieved from /Users/adebolafagbule/opt/anaconda3/envs/airflow_env/lib/python3.8/site-packages/airflow/example_dags/example_task_group_decorator.py
[2022-03-21 23:44:49,510] {logging_mixin.py:109} INFO - [2022-03-21 23:44:49,509] {dag.py:2398} INFO - Sync 1 DAGs
[2022-03-21 23:44:49,530] {logging_mixin.py:109} INFO - [2022-03-21 23:44:49,530] {dag.py:2937} INFO - Setting next_dagrun for example_task_group_decorator to 2022-03-21T03:44:49.529742+00:00
[2022-03-21 23:44:49,545] {processor.py:171} INFO - Processing /Users/adebolafagbule/opt/anaconda3/envs/airflow_env/lib/python3.8/site-packages/airflow/example_dags/example_task_group_decorator.py took 0.755 seconds
[2022-03-22 02:36:13,919] {processor.py:163} INFO - Started process (PID=61306) to work on /Users/adebolafagbule/opt/anaconda3/envs/airflow_env/lib/python3.8/site-packages/airflow/example_dags/example_task_group_decorator.py
[2022-03-22 02:36:13,920] {processor.py:642} INFO - Processing file /Users/adebolafagbule/opt/anaconda3/envs/airflow_env/lib/python3.8/site-packages/airflow/example_dags/example_task_group_decorator.py for tasks to queue
[2022-03-22 02:36:13,921] {logging_mixin.py:109} INFO - [2022-03-22 02:36:13,921] {dagbag.py:500} INFO - Filling up the DagBag from /Users/adebolafagbule/opt/anaconda3/envs/airflow_env/lib/python3.8/site-packages/airflow/example_dags/example_task_group_decorator.py
[2022-03-22 02:36:14,067] {processor.py:654} INFO - DAG(s) dict_keys(['example_task_group_decorator']) retrieved from /Users/adebolafagbule/opt/anaconda3/envs/airflow_env/lib/python3.8/site-packages/airflow/example_dags/example_task_group_decorator.py
[2022-03-22 02:36:14,712] {logging_mixin.py:109} INFO - [2022-03-22 02:36:14,709] {dag.py:2398} INFO - Sync 1 DAGs
[2022-03-22 02:36:14,732] {logging_mixin.py:109} INFO - [2022-03-22 02:36:14,732] {dag.py:2937} INFO - Setting next_dagrun for example_task_group_decorator to 2022-03-21T06:36:14.731536+00:00
[2022-03-22 02:36:14,747] {processor.py:171} INFO - Processing /Users/adebolafagbule/opt/anaconda3/envs/airflow_env/lib/python3.8/site-packages/airflow/example_dags/example_task_group_decorator.py took 0.829 seconds
[2022-03-22 05:36:07,724] {processor.py:163} INFO - Started process (PID=61419) to work on /Users/adebolafagbule/opt/anaconda3/envs/airflow_env/lib/python3.8/site-packages/airflow/example_dags/example_task_group_decorator.py
[2022-03-22 05:36:07,725] {processor.py:642} INFO - Processing file /Users/adebolafagbule/opt/anaconda3/envs/airflow_env/lib/python3.8/site-packages/airflow/example_dags/example_task_group_decorator.py for tasks to queue
[2022-03-22 05:36:07,726] {logging_mixin.py:109} INFO - [2022-03-22 05:36:07,726] {dagbag.py:500} INFO - Filling up the DagBag from /Users/adebolafagbule/opt/anaconda3/envs/airflow_env/lib/python3.8/site-packages/airflow/example_dags/example_task_group_decorator.py
[2022-03-22 05:36:07,851] {processor.py:654} INFO - DAG(s) dict_keys(['example_task_group_decorator']) retrieved from /Users/adebolafagbule/opt/anaconda3/envs/airflow_env/lib/python3.8/site-packages/airflow/example_dags/example_task_group_decorator.py
[2022-03-22 05:36:08,409] {logging_mixin.py:109} INFO - [2022-03-22 05:36:08,409] {dag.py:2398} INFO - Sync 1 DAGs
[2022-03-22 05:36:08,429] {logging_mixin.py:109} INFO - [2022-03-22 05:36:08,429] {dag.py:2937} INFO - Setting next_dagrun for example_task_group_decorator to 2022-03-21T09:36:08.429141+00:00
[2022-03-22 05:36:08,445] {processor.py:171} INFO - Processing /Users/adebolafagbule/opt/anaconda3/envs/airflow_env/lib/python3.8/site-packages/airflow/example_dags/example_task_group_decorator.py took 0.722 seconds
[2022-03-22 06:20:09,336] {processor.py:163} INFO - Started process (PID=61488) to work on /Users/adebolafagbule/opt/anaconda3/envs/airflow_env/lib/python3.8/site-packages/airflow/example_dags/example_task_group_decorator.py
[2022-03-22 06:20:09,337] {processor.py:642} INFO - Processing file /Users/adebolafagbule/opt/anaconda3/envs/airflow_env/lib/python3.8/site-packages/airflow/example_dags/example_task_group_decorator.py for tasks to queue
[2022-03-22 06:20:09,338] {logging_mixin.py:109} INFO - [2022-03-22 06:20:09,338] {dagbag.py:500} INFO - Filling up the DagBag from /Users/adebolafagbule/opt/anaconda3/envs/airflow_env/lib/python3.8/site-packages/airflow/example_dags/example_task_group_decorator.py
[2022-03-22 06:20:09,464] {processor.py:654} INFO - DAG(s) dict_keys(['example_task_group_decorator']) retrieved from /Users/adebolafagbule/opt/anaconda3/envs/airflow_env/lib/python3.8/site-packages/airflow/example_dags/example_task_group_decorator.py
[2022-03-22 06:20:10,321] {logging_mixin.py:109} INFO - [2022-03-22 06:20:10,314] {dag.py:2398} INFO - Sync 1 DAGs
[2022-03-22 06:20:10,348] {logging_mixin.py:109} INFO - [2022-03-22 06:20:10,348] {dag.py:2937} INFO - Setting next_dagrun for example_task_group_decorator to 2022-03-21T10:20:10.347668+00:00
[2022-03-22 06:20:10,399] {processor.py:171} INFO - Processing /Users/adebolafagbule/opt/anaconda3/envs/airflow_env/lib/python3.8/site-packages/airflow/example_dags/example_task_group_decorator.py took 1.064 seconds
[2022-03-22 08:11:53,434] {processor.py:163} INFO - Started process (PID=61610) to work on /Users/adebolafagbule/opt/anaconda3/envs/airflow_env/lib/python3.8/site-packages/airflow/example_dags/example_task_group_decorator.py
[2022-03-22 08:11:53,435] {processor.py:642} INFO - Processing file /Users/adebolafagbule/opt/anaconda3/envs/airflow_env/lib/python3.8/site-packages/airflow/example_dags/example_task_group_decorator.py for tasks to queue
[2022-03-22 08:11:53,436] {logging_mixin.py:109} INFO - [2022-03-22 08:11:53,436] {dagbag.py:500} INFO - Filling up the DagBag from /Users/adebolafagbule/opt/anaconda3/envs/airflow_env/lib/python3.8/site-packages/airflow/example_dags/example_task_group_decorator.py
[2022-03-22 08:11:53,551] {processor.py:654} INFO - DAG(s) dict_keys(['example_task_group_decorator']) retrieved from /Users/adebolafagbule/opt/anaconda3/envs/airflow_env/lib/python3.8/site-packages/airflow/example_dags/example_task_group_decorator.py
[2022-03-22 08:11:53,969] {logging_mixin.py:109} INFO - [2022-03-22 08:11:53,969] {dag.py:2398} INFO - Sync 1 DAGs
[2022-03-22 08:11:53,987] {logging_mixin.py:109} INFO - [2022-03-22 08:11:53,986] {dag.py:2937} INFO - Setting next_dagrun for example_task_group_decorator to 2022-03-21T12:11:53.986704+00:00
[2022-03-22 08:11:54,003] {processor.py:171} INFO - Processing /Users/adebolafagbule/opt/anaconda3/envs/airflow_env/lib/python3.8/site-packages/airflow/example_dags/example_task_group_decorator.py took 0.571 seconds
[2022-03-22 08:40:49,876] {processor.py:163} INFO - Started process (PID=61706) to work on /Users/adebolafagbule/opt/anaconda3/envs/airflow_env/lib/python3.8/site-packages/airflow/example_dags/example_task_group_decorator.py
[2022-03-22 08:40:49,877] {processor.py:642} INFO - Processing file /Users/adebolafagbule/opt/anaconda3/envs/airflow_env/lib/python3.8/site-packages/airflow/example_dags/example_task_group_decorator.py for tasks to queue
[2022-03-22 08:40:49,877] {logging_mixin.py:109} INFO - [2022-03-22 08:40:49,877] {dagbag.py:500} INFO - Filling up the DagBag from /Users/adebolafagbule/opt/anaconda3/envs/airflow_env/lib/python3.8/site-packages/airflow/example_dags/example_task_group_decorator.py
[2022-03-22 08:40:50,004] {processor.py:654} INFO - DAG(s) dict_keys(['example_task_group_decorator']) retrieved from /Users/adebolafagbule/opt/anaconda3/envs/airflow_env/lib/python3.8/site-packages/airflow/example_dags/example_task_group_decorator.py
[2022-03-22 08:40:50,543] {logging_mixin.py:109} INFO - [2022-03-22 08:40:50,543] {dag.py:2398} INFO - Sync 1 DAGs
[2022-03-22 08:40:50,561] {logging_mixin.py:109} INFO - [2022-03-22 08:40:50,560] {dag.py:2937} INFO - Setting next_dagrun for example_task_group_decorator to 2022-03-21T12:40:50.560513+00:00
[2022-03-22 08:40:50,576] {processor.py:171} INFO - Processing /Users/adebolafagbule/opt/anaconda3/envs/airflow_env/lib/python3.8/site-packages/airflow/example_dags/example_task_group_decorator.py took 0.701 seconds
[2022-03-22 08:58:47,979] {processor.py:163} INFO - Started process (PID=61768) to work on /Users/adebolafagbule/opt/anaconda3/envs/airflow_env/lib/python3.8/site-packages/airflow/example_dags/example_task_group_decorator.py
[2022-03-22 08:58:47,981] {processor.py:642} INFO - Processing file /Users/adebolafagbule/opt/anaconda3/envs/airflow_env/lib/python3.8/site-packages/airflow/example_dags/example_task_group_decorator.py for tasks to queue
[2022-03-22 08:58:47,982] {logging_mixin.py:109} INFO - [2022-03-22 08:58:47,981] {dagbag.py:500} INFO - Filling up the DagBag from /Users/adebolafagbule/opt/anaconda3/envs/airflow_env/lib/python3.8/site-packages/airflow/example_dags/example_task_group_decorator.py
[2022-03-22 08:58:48,086] {processor.py:654} INFO - DAG(s) dict_keys(['example_task_group_decorator']) retrieved from /Users/adebolafagbule/opt/anaconda3/envs/airflow_env/lib/python3.8/site-packages/airflow/example_dags/example_task_group_decorator.py
[2022-03-22 08:58:48,480] {logging_mixin.py:109} INFO - [2022-03-22 08:58:48,480] {dag.py:2398} INFO - Sync 1 DAGs
[2022-03-22 08:58:48,496] {logging_mixin.py:109} INFO - [2022-03-22 08:58:48,496] {dag.py:2937} INFO - Setting next_dagrun for example_task_group_decorator to 2022-03-21T12:58:48.496073+00:00
[2022-03-22 08:58:48,510] {processor.py:171} INFO - Processing /Users/adebolafagbule/opt/anaconda3/envs/airflow_env/lib/python3.8/site-packages/airflow/example_dags/example_task_group_decorator.py took 0.532 seconds
[2022-03-22 09:34:31,742] {processor.py:163} INFO - Started process (PID=61844) to work on /Users/adebolafagbule/opt/anaconda3/envs/airflow_env/lib/python3.8/site-packages/airflow/example_dags/example_task_group_decorator.py
[2022-03-22 09:34:31,744] {processor.py:642} INFO - Processing file /Users/adebolafagbule/opt/anaconda3/envs/airflow_env/lib/python3.8/site-packages/airflow/example_dags/example_task_group_decorator.py for tasks to queue
[2022-03-22 09:34:31,744] {logging_mixin.py:109} INFO - [2022-03-22 09:34:31,744] {dagbag.py:500} INFO - Filling up the DagBag from /Users/adebolafagbule/opt/anaconda3/envs/airflow_env/lib/python3.8/site-packages/airflow/example_dags/example_task_group_decorator.py
[2022-03-22 09:34:31,866] {processor.py:654} INFO - DAG(s) dict_keys(['example_task_group_decorator']) retrieved from /Users/adebolafagbule/opt/anaconda3/envs/airflow_env/lib/python3.8/site-packages/airflow/example_dags/example_task_group_decorator.py
[2022-03-22 09:34:32,457] {logging_mixin.py:109} INFO - [2022-03-22 09:34:32,456] {dag.py:2398} INFO - Sync 1 DAGs
[2022-03-22 09:34:32,475] {logging_mixin.py:109} INFO - [2022-03-22 09:34:32,475] {dag.py:2937} INFO - Setting next_dagrun for example_task_group_decorator to 2022-03-21T13:34:32.475499+00:00
[2022-03-22 09:34:32,492] {processor.py:171} INFO - Processing /Users/adebolafagbule/opt/anaconda3/envs/airflow_env/lib/python3.8/site-packages/airflow/example_dags/example_task_group_decorator.py took 0.751 seconds
[2022-03-22 09:52:10,896] {processor.py:163} INFO - Started process (PID=61931) to work on /Users/adebolafagbule/opt/anaconda3/envs/airflow_env/lib/python3.8/site-packages/airflow/example_dags/example_task_group_decorator.py
[2022-03-22 09:52:10,897] {processor.py:642} INFO - Processing file /Users/adebolafagbule/opt/anaconda3/envs/airflow_env/lib/python3.8/site-packages/airflow/example_dags/example_task_group_decorator.py for tasks to queue
[2022-03-22 09:52:10,897] {logging_mixin.py:109} INFO - [2022-03-22 09:52:10,897] {dagbag.py:500} INFO - Filling up the DagBag from /Users/adebolafagbule/opt/anaconda3/envs/airflow_env/lib/python3.8/site-packages/airflow/example_dags/example_task_group_decorator.py
[2022-03-22 09:52:10,945] {processor.py:654} INFO - DAG(s) dict_keys(['example_task_group_decorator']) retrieved from /Users/adebolafagbule/opt/anaconda3/envs/airflow_env/lib/python3.8/site-packages/airflow/example_dags/example_task_group_decorator.py
[2022-03-22 09:52:11,111] {logging_mixin.py:109} INFO - [2022-03-22 09:52:11,111] {dag.py:2398} INFO - Sync 1 DAGs
[2022-03-22 09:52:11,119] {logging_mixin.py:109} INFO - [2022-03-22 09:52:11,119] {dag.py:2937} INFO - Setting next_dagrun for example_task_group_decorator to 2022-03-21T13:52:11.118899+00:00
[2022-03-22 09:52:11,126] {processor.py:171} INFO - Processing /Users/adebolafagbule/opt/anaconda3/envs/airflow_env/lib/python3.8/site-packages/airflow/example_dags/example_task_group_decorator.py took 0.230 seconds
[2022-03-22 10:10:21,010] {processor.py:163} INFO - Started process (PID=62003) to work on /Users/adebolafagbule/opt/anaconda3/envs/airflow_env/lib/python3.8/site-packages/airflow/example_dags/example_task_group_decorator.py
[2022-03-22 10:10:21,010] {processor.py:642} INFO - Processing file /Users/adebolafagbule/opt/anaconda3/envs/airflow_env/lib/python3.8/site-packages/airflow/example_dags/example_task_group_decorator.py for tasks to queue
[2022-03-22 10:10:21,011] {logging_mixin.py:109} INFO - [2022-03-22 10:10:21,011] {dagbag.py:500} INFO - Filling up the DagBag from /Users/adebolafagbule/opt/anaconda3/envs/airflow_env/lib/python3.8/site-packages/airflow/example_dags/example_task_group_decorator.py
[2022-03-22 10:10:21,090] {processor.py:654} INFO - DAG(s) dict_keys(['example_task_group_decorator']) retrieved from /Users/adebolafagbule/opt/anaconda3/envs/airflow_env/lib/python3.8/site-packages/airflow/example_dags/example_task_group_decorator.py
[2022-03-22 10:10:21,369] {logging_mixin.py:109} INFO - [2022-03-22 10:10:21,368] {dag.py:2398} INFO - Sync 1 DAGs
[2022-03-22 10:10:21,379] {logging_mixin.py:109} INFO - [2022-03-22 10:10:21,379] {dag.py:2937} INFO - Setting next_dagrun for example_task_group_decorator to 2022-03-21T14:10:21.378996+00:00
[2022-03-22 10:10:21,387] {processor.py:171} INFO - Processing /Users/adebolafagbule/opt/anaconda3/envs/airflow_env/lib/python3.8/site-packages/airflow/example_dags/example_task_group_decorator.py took 0.378 seconds
[2022-03-22 10:27:42,499] {processor.py:163} INFO - Started process (PID=62069) to work on /Users/adebolafagbule/opt/anaconda3/envs/airflow_env/lib/python3.8/site-packages/airflow/example_dags/example_task_group_decorator.py
[2022-03-22 10:27:42,501] {processor.py:642} INFO - Processing file /Users/adebolafagbule/opt/anaconda3/envs/airflow_env/lib/python3.8/site-packages/airflow/example_dags/example_task_group_decorator.py for tasks to queue
[2022-03-22 10:27:42,502] {logging_mixin.py:109} INFO - [2022-03-22 10:27:42,502] {dagbag.py:500} INFO - Filling up the DagBag from /Users/adebolafagbule/opt/anaconda3/envs/airflow_env/lib/python3.8/site-packages/airflow/example_dags/example_task_group_decorator.py
[2022-03-22 10:27:42,616] {processor.py:654} INFO - DAG(s) dict_keys(['example_task_group_decorator']) retrieved from /Users/adebolafagbule/opt/anaconda3/envs/airflow_env/lib/python3.8/site-packages/airflow/example_dags/example_task_group_decorator.py
[2022-03-22 10:27:43,156] {logging_mixin.py:109} INFO - [2022-03-22 10:27:43,155] {dag.py:2398} INFO - Sync 1 DAGs
[2022-03-22 10:27:43,175] {logging_mixin.py:109} INFO - [2022-03-22 10:27:43,175] {dag.py:2937} INFO - Setting next_dagrun for example_task_group_decorator to 2022-03-21T14:27:43.174908+00:00
[2022-03-22 10:27:43,190] {processor.py:171} INFO - Processing /Users/adebolafagbule/opt/anaconda3/envs/airflow_env/lib/python3.8/site-packages/airflow/example_dags/example_task_group_decorator.py took 0.692 seconds
[2022-03-22 10:47:32,117] {processor.py:163} INFO - Started process (PID=62149) to work on /Users/adebolafagbule/opt/anaconda3/envs/airflow_env/lib/python3.8/site-packages/airflow/example_dags/example_task_group_decorator.py
[2022-03-22 10:47:32,118] {processor.py:642} INFO - Processing file /Users/adebolafagbule/opt/anaconda3/envs/airflow_env/lib/python3.8/site-packages/airflow/example_dags/example_task_group_decorator.py for tasks to queue
[2022-03-22 10:47:32,118] {logging_mixin.py:109} INFO - [2022-03-22 10:47:32,118] {dagbag.py:500} INFO - Filling up the DagBag from /Users/adebolafagbule/opt/anaconda3/envs/airflow_env/lib/python3.8/site-packages/airflow/example_dags/example_task_group_decorator.py
[2022-03-22 10:47:32,201] {processor.py:654} INFO - DAG(s) dict_keys(['example_task_group_decorator']) retrieved from /Users/adebolafagbule/opt/anaconda3/envs/airflow_env/lib/python3.8/site-packages/airflow/example_dags/example_task_group_decorator.py
[2022-03-22 10:47:32,502] {logging_mixin.py:109} INFO - [2022-03-22 10:47:32,502] {dag.py:2398} INFO - Sync 1 DAGs
[2022-03-22 10:47:32,515] {logging_mixin.py:109} INFO - [2022-03-22 10:47:32,515] {dag.py:2937} INFO - Setting next_dagrun for example_task_group_decorator to 2022-03-21T14:47:32.515280+00:00
[2022-03-22 10:47:32,555] {processor.py:171} INFO - Processing /Users/adebolafagbule/opt/anaconda3/envs/airflow_env/lib/python3.8/site-packages/airflow/example_dags/example_task_group_decorator.py took 0.439 seconds
[2022-03-22 11:01:17,909] {processor.py:163} INFO - Started process (PID=62236) to work on /Users/adebolafagbule/opt/anaconda3/envs/airflow_env/lib/python3.8/site-packages/airflow/example_dags/example_task_group_decorator.py
[2022-03-22 11:01:17,910] {processor.py:642} INFO - Processing file /Users/adebolafagbule/opt/anaconda3/envs/airflow_env/lib/python3.8/site-packages/airflow/example_dags/example_task_group_decorator.py for tasks to queue
[2022-03-22 11:01:17,911] {logging_mixin.py:109} INFO - [2022-03-22 11:01:17,911] {dagbag.py:500} INFO - Filling up the DagBag from /Users/adebolafagbule/opt/anaconda3/envs/airflow_env/lib/python3.8/site-packages/airflow/example_dags/example_task_group_decorator.py
[2022-03-22 11:01:17,968] {processor.py:654} INFO - DAG(s) dict_keys(['example_task_group_decorator']) retrieved from /Users/adebolafagbule/opt/anaconda3/envs/airflow_env/lib/python3.8/site-packages/airflow/example_dags/example_task_group_decorator.py
[2022-03-22 11:01:18,121] {logging_mixin.py:109} INFO - [2022-03-22 11:01:18,120] {dag.py:2398} INFO - Sync 1 DAGs
[2022-03-22 11:01:18,127] {logging_mixin.py:109} INFO - [2022-03-22 11:01:18,127] {dag.py:2937} INFO - Setting next_dagrun for example_task_group_decorator to 2022-03-21T15:01:18.127325+00:00
[2022-03-22 11:01:18,136] {processor.py:171} INFO - Processing /Users/adebolafagbule/opt/anaconda3/envs/airflow_env/lib/python3.8/site-packages/airflow/example_dags/example_task_group_decorator.py took 0.228 seconds
[2022-03-22 11:02:34,103] {processor.py:163} INFO - Started process (PID=62408) to work on /Users/adebolafagbule/opt/anaconda3/envs/airflow_env/lib/python3.8/site-packages/airflow/example_dags/example_task_group_decorator.py
[2022-03-22 11:02:34,104] {processor.py:642} INFO - Processing file /Users/adebolafagbule/opt/anaconda3/envs/airflow_env/lib/python3.8/site-packages/airflow/example_dags/example_task_group_decorator.py for tasks to queue
[2022-03-22 11:02:34,104] {logging_mixin.py:109} INFO - [2022-03-22 11:02:34,104] {dagbag.py:500} INFO - Filling up the DagBag from /Users/adebolafagbule/opt/anaconda3/envs/airflow_env/lib/python3.8/site-packages/airflow/example_dags/example_task_group_decorator.py
[2022-03-22 11:02:34,149] {processor.py:654} INFO - DAG(s) dict_keys(['example_task_group_decorator']) retrieved from /Users/adebolafagbule/opt/anaconda3/envs/airflow_env/lib/python3.8/site-packages/airflow/example_dags/example_task_group_decorator.py
[2022-03-22 11:02:34,313] {logging_mixin.py:109} INFO - [2022-03-22 11:02:34,313] {dag.py:2398} INFO - Sync 1 DAGs
[2022-03-22 11:02:34,320] {logging_mixin.py:109} INFO - [2022-03-22 11:02:34,319] {dag.py:2937} INFO - Setting next_dagrun for example_task_group_decorator to 2022-03-21T15:02:34.319866+00:00
[2022-03-22 11:02:34,326] {processor.py:171} INFO - Processing /Users/adebolafagbule/opt/anaconda3/envs/airflow_env/lib/python3.8/site-packages/airflow/example_dags/example_task_group_decorator.py took 0.223 seconds
[2022-03-22 11:03:49,858] {processor.py:163} INFO - Started process (PID=62494) to work on /Users/adebolafagbule/opt/anaconda3/envs/airflow_env/lib/python3.8/site-packages/airflow/example_dags/example_task_group_decorator.py
[2022-03-22 11:03:49,859] {processor.py:642} INFO - Processing file /Users/adebolafagbule/opt/anaconda3/envs/airflow_env/lib/python3.8/site-packages/airflow/example_dags/example_task_group_decorator.py for tasks to queue
[2022-03-22 11:03:49,859] {logging_mixin.py:109} INFO - [2022-03-22 11:03:49,859] {dagbag.py:500} INFO - Filling up the DagBag from /Users/adebolafagbule/opt/anaconda3/envs/airflow_env/lib/python3.8/site-packages/airflow/example_dags/example_task_group_decorator.py
[2022-03-22 11:03:49,902] {processor.py:654} INFO - DAG(s) dict_keys(['example_task_group_decorator']) retrieved from /Users/adebolafagbule/opt/anaconda3/envs/airflow_env/lib/python3.8/site-packages/airflow/example_dags/example_task_group_decorator.py
[2022-03-22 11:03:50,057] {logging_mixin.py:109} INFO - [2022-03-22 11:03:50,057] {dag.py:2398} INFO - Sync 1 DAGs
[2022-03-22 11:03:50,064] {logging_mixin.py:109} INFO - [2022-03-22 11:03:50,064] {dag.py:2937} INFO - Setting next_dagrun for example_task_group_decorator to 2022-03-21T15:03:50.063949+00:00
[2022-03-22 11:03:50,070] {processor.py:171} INFO - Processing /Users/adebolafagbule/opt/anaconda3/envs/airflow_env/lib/python3.8/site-packages/airflow/example_dags/example_task_group_decorator.py took 0.213 seconds
[2022-03-22 11:05:23,004] {processor.py:163} INFO - Started process (PID=62569) to work on /Users/adebolafagbule/opt/anaconda3/envs/airflow_env/lib/python3.8/site-packages/airflow/example_dags/example_task_group_decorator.py
[2022-03-22 11:05:23,005] {processor.py:642} INFO - Processing file /Users/adebolafagbule/opt/anaconda3/envs/airflow_env/lib/python3.8/site-packages/airflow/example_dags/example_task_group_decorator.py for tasks to queue
[2022-03-22 11:05:23,005] {logging_mixin.py:109} INFO - [2022-03-22 11:05:23,005] {dagbag.py:500} INFO - Filling up the DagBag from /Users/adebolafagbule/opt/anaconda3/envs/airflow_env/lib/python3.8/site-packages/airflow/example_dags/example_task_group_decorator.py
[2022-03-22 11:05:23,076] {processor.py:654} INFO - DAG(s) dict_keys(['example_task_group_decorator']) retrieved from /Users/adebolafagbule/opt/anaconda3/envs/airflow_env/lib/python3.8/site-packages/airflow/example_dags/example_task_group_decorator.py
[2022-03-22 11:05:23,339] {logging_mixin.py:109} INFO - [2022-03-22 11:05:23,338] {dag.py:2398} INFO - Sync 1 DAGs
[2022-03-22 11:05:23,349] {logging_mixin.py:109} INFO - [2022-03-22 11:05:23,349] {dag.py:2937} INFO - Setting next_dagrun for example_task_group_decorator to 2022-03-21T15:05:23.349601+00:00
[2022-03-22 11:05:23,360] {processor.py:171} INFO - Processing /Users/adebolafagbule/opt/anaconda3/envs/airflow_env/lib/python3.8/site-packages/airflow/example_dags/example_task_group_decorator.py took 0.357 seconds
[2022-03-22 11:24:03,900] {processor.py:163} INFO - Started process (PID=62639) to work on /Users/adebolafagbule/opt/anaconda3/envs/airflow_env/lib/python3.8/site-packages/airflow/example_dags/example_task_group_decorator.py
[2022-03-22 11:24:03,901] {processor.py:642} INFO - Processing file /Users/adebolafagbule/opt/anaconda3/envs/airflow_env/lib/python3.8/site-packages/airflow/example_dags/example_task_group_decorator.py for tasks to queue
[2022-03-22 11:24:03,901] {logging_mixin.py:109} INFO - [2022-03-22 11:24:03,901] {dagbag.py:500} INFO - Filling up the DagBag from /Users/adebolafagbule/opt/anaconda3/envs/airflow_env/lib/python3.8/site-packages/airflow/example_dags/example_task_group_decorator.py
[2022-03-22 11:24:03,982] {processor.py:654} INFO - DAG(s) dict_keys(['example_task_group_decorator']) retrieved from /Users/adebolafagbule/opt/anaconda3/envs/airflow_env/lib/python3.8/site-packages/airflow/example_dags/example_task_group_decorator.py
[2022-03-22 11:24:04,301] {logging_mixin.py:109} INFO - [2022-03-22 11:24:04,300] {dag.py:2398} INFO - Sync 1 DAGs
[2022-03-22 11:24:04,314] {logging_mixin.py:109} INFO - [2022-03-22 11:24:04,314] {dag.py:2937} INFO - Setting next_dagrun for example_task_group_decorator to 2022-03-21T15:24:04.314059+00:00
[2022-03-22 11:24:04,325] {processor.py:171} INFO - Processing /Users/adebolafagbule/opt/anaconda3/envs/airflow_env/lib/python3.8/site-packages/airflow/example_dags/example_task_group_decorator.py took 0.426 seconds
[2022-03-22 11:41:26,265] {processor.py:163} INFO - Started process (PID=62725) to work on /Users/adebolafagbule/opt/anaconda3/envs/airflow_env/lib/python3.8/site-packages/airflow/example_dags/example_task_group_decorator.py
[2022-03-22 11:41:26,267] {processor.py:642} INFO - Processing file /Users/adebolafagbule/opt/anaconda3/envs/airflow_env/lib/python3.8/site-packages/airflow/example_dags/example_task_group_decorator.py for tasks to queue
[2022-03-22 11:41:26,268] {logging_mixin.py:109} INFO - [2022-03-22 11:41:26,267] {dagbag.py:500} INFO - Filling up the DagBag from /Users/adebolafagbule/opt/anaconda3/envs/airflow_env/lib/python3.8/site-packages/airflow/example_dags/example_task_group_decorator.py
[2022-03-22 11:41:26,360] {processor.py:654} INFO - DAG(s) dict_keys(['example_task_group_decorator']) retrieved from /Users/adebolafagbule/opt/anaconda3/envs/airflow_env/lib/python3.8/site-packages/airflow/example_dags/example_task_group_decorator.py
[2022-03-22 11:41:26,698] {logging_mixin.py:109} INFO - [2022-03-22 11:41:26,698] {dag.py:2398} INFO - Sync 1 DAGs
[2022-03-22 11:41:26,712] {logging_mixin.py:109} INFO - [2022-03-22 11:41:26,712] {dag.py:2937} INFO - Setting next_dagrun for example_task_group_decorator to 2022-03-21T15:41:26.712191+00:00
[2022-03-22 11:41:26,725] {processor.py:171} INFO - Processing /Users/adebolafagbule/opt/anaconda3/envs/airflow_env/lib/python3.8/site-packages/airflow/example_dags/example_task_group_decorator.py took 0.461 seconds
[2022-03-22 12:28:58,822] {processor.py:163} INFO - Started process (PID=62817) to work on /Users/adebolafagbule/opt/anaconda3/envs/airflow_env/lib/python3.8/site-packages/airflow/example_dags/example_task_group_decorator.py
[2022-03-22 12:28:58,823] {processor.py:642} INFO - Processing file /Users/adebolafagbule/opt/anaconda3/envs/airflow_env/lib/python3.8/site-packages/airflow/example_dags/example_task_group_decorator.py for tasks to queue
[2022-03-22 12:28:58,824] {logging_mixin.py:109} INFO - [2022-03-22 12:28:58,824] {dagbag.py:500} INFO - Filling up the DagBag from /Users/adebolafagbule/opt/anaconda3/envs/airflow_env/lib/python3.8/site-packages/airflow/example_dags/example_task_group_decorator.py
[2022-03-22 12:28:58,941] {processor.py:654} INFO - DAG(s) dict_keys(['example_task_group_decorator']) retrieved from /Users/adebolafagbule/opt/anaconda3/envs/airflow_env/lib/python3.8/site-packages/airflow/example_dags/example_task_group_decorator.py
[2022-03-22 12:28:59,480] {logging_mixin.py:109} INFO - [2022-03-22 12:28:59,480] {dag.py:2398} INFO - Sync 1 DAGs
[2022-03-22 12:28:59,498] {logging_mixin.py:109} INFO - [2022-03-22 12:28:59,498] {dag.py:2937} INFO - Setting next_dagrun for example_task_group_decorator to 2022-03-21T16:28:59.498104+00:00
[2022-03-22 12:28:59,514] {processor.py:171} INFO - Processing /Users/adebolafagbule/opt/anaconda3/envs/airflow_env/lib/python3.8/site-packages/airflow/example_dags/example_task_group_decorator.py took 0.692 seconds
[2022-03-22 13:47:46,978] {processor.py:163} INFO - Started process (PID=62906) to work on /Users/adebolafagbule/opt/anaconda3/envs/airflow_env/lib/python3.8/site-packages/airflow/example_dags/example_task_group_decorator.py
[2022-03-22 13:47:46,979] {processor.py:642} INFO - Processing file /Users/adebolafagbule/opt/anaconda3/envs/airflow_env/lib/python3.8/site-packages/airflow/example_dags/example_task_group_decorator.py for tasks to queue
[2022-03-22 13:47:46,980] {logging_mixin.py:109} INFO - [2022-03-22 13:47:46,980] {dagbag.py:500} INFO - Filling up the DagBag from /Users/adebolafagbule/opt/anaconda3/envs/airflow_env/lib/python3.8/site-packages/airflow/example_dags/example_task_group_decorator.py
[2022-03-22 13:47:47,098] {processor.py:654} INFO - DAG(s) dict_keys(['example_task_group_decorator']) retrieved from /Users/adebolafagbule/opt/anaconda3/envs/airflow_env/lib/python3.8/site-packages/airflow/example_dags/example_task_group_decorator.py
[2022-03-22 13:47:47,607] {logging_mixin.py:109} INFO - [2022-03-22 13:47:47,606] {dag.py:2398} INFO - Sync 1 DAGs
[2022-03-22 13:47:47,624] {logging_mixin.py:109} INFO - [2022-03-22 13:47:47,624] {dag.py:2937} INFO - Setting next_dagrun for example_task_group_decorator to 2022-03-21T17:47:47.624007+00:00
[2022-03-22 13:47:47,639] {processor.py:171} INFO - Processing /Users/adebolafagbule/opt/anaconda3/envs/airflow_env/lib/python3.8/site-packages/airflow/example_dags/example_task_group_decorator.py took 0.662 seconds
[2022-03-22 14:12:53,170] {processor.py:163} INFO - Started process (PID=62982) to work on /Users/adebolafagbule/opt/anaconda3/envs/airflow_env/lib/python3.8/site-packages/airflow/example_dags/example_task_group_decorator.py
[2022-03-22 14:12:53,172] {processor.py:642} INFO - Processing file /Users/adebolafagbule/opt/anaconda3/envs/airflow_env/lib/python3.8/site-packages/airflow/example_dags/example_task_group_decorator.py for tasks to queue
[2022-03-22 14:12:53,173] {logging_mixin.py:109} INFO - [2022-03-22 14:12:53,173] {dagbag.py:500} INFO - Filling up the DagBag from /Users/adebolafagbule/opt/anaconda3/envs/airflow_env/lib/python3.8/site-packages/airflow/example_dags/example_task_group_decorator.py
[2022-03-22 14:12:53,286] {processor.py:654} INFO - DAG(s) dict_keys(['example_task_group_decorator']) retrieved from /Users/adebolafagbule/opt/anaconda3/envs/airflow_env/lib/python3.8/site-packages/airflow/example_dags/example_task_group_decorator.py
[2022-03-22 14:12:53,707] {logging_mixin.py:109} INFO - [2022-03-22 14:12:53,707] {dag.py:2398} INFO - Sync 1 DAGs
[2022-03-22 14:12:53,724] {logging_mixin.py:109} INFO - [2022-03-22 14:12:53,724] {dag.py:2937} INFO - Setting next_dagrun for example_task_group_decorator to 2022-03-21T18:12:53.724142+00:00
[2022-03-22 14:12:53,740] {processor.py:171} INFO - Processing /Users/adebolafagbule/opt/anaconda3/envs/airflow_env/lib/python3.8/site-packages/airflow/example_dags/example_task_group_decorator.py took 0.571 seconds
[2022-03-22 14:58:04,769] {processor.py:163} INFO - Started process (PID=63057) to work on /Users/adebolafagbule/opt/anaconda3/envs/airflow_env/lib/python3.8/site-packages/airflow/example_dags/example_task_group_decorator.py
[2022-03-22 14:58:04,771] {processor.py:642} INFO - Processing file /Users/adebolafagbule/opt/anaconda3/envs/airflow_env/lib/python3.8/site-packages/airflow/example_dags/example_task_group_decorator.py for tasks to queue
[2022-03-22 14:58:04,771] {logging_mixin.py:109} INFO - [2022-03-22 14:58:04,771] {dagbag.py:500} INFO - Filling up the DagBag from /Users/adebolafagbule/opt/anaconda3/envs/airflow_env/lib/python3.8/site-packages/airflow/example_dags/example_task_group_decorator.py
[2022-03-22 14:58:04,884] {processor.py:654} INFO - DAG(s) dict_keys(['example_task_group_decorator']) retrieved from /Users/adebolafagbule/opt/anaconda3/envs/airflow_env/lib/python3.8/site-packages/airflow/example_dags/example_task_group_decorator.py
[2022-03-22 14:58:05,410] {logging_mixin.py:109} INFO - [2022-03-22 14:58:05,408] {dag.py:2398} INFO - Sync 1 DAGs
[2022-03-22 14:58:05,426] {logging_mixin.py:109} INFO - [2022-03-22 14:58:05,426] {dag.py:2937} INFO - Setting next_dagrun for example_task_group_decorator to 2022-03-21T18:58:05.425952+00:00
[2022-03-22 14:58:05,440] {processor.py:171} INFO - Processing /Users/adebolafagbule/opt/anaconda3/envs/airflow_env/lib/python3.8/site-packages/airflow/example_dags/example_task_group_decorator.py took 0.672 seconds
[2022-03-22 15:14:54,989] {processor.py:163} INFO - Started process (PID=63185) to work on /Users/adebolafagbule/opt/anaconda3/envs/airflow_env/lib/python3.8/site-packages/airflow/example_dags/example_task_group_decorator.py
[2022-03-22 15:14:54,989] {processor.py:642} INFO - Processing file /Users/adebolafagbule/opt/anaconda3/envs/airflow_env/lib/python3.8/site-packages/airflow/example_dags/example_task_group_decorator.py for tasks to queue
[2022-03-22 15:14:54,990] {logging_mixin.py:109} INFO - [2022-03-22 15:14:54,990] {dagbag.py:500} INFO - Filling up the DagBag from /Users/adebolafagbule/opt/anaconda3/envs/airflow_env/lib/python3.8/site-packages/airflow/example_dags/example_task_group_decorator.py
[2022-03-22 15:14:55,037] {processor.py:654} INFO - DAG(s) dict_keys(['example_task_group_decorator']) retrieved from /Users/adebolafagbule/opt/anaconda3/envs/airflow_env/lib/python3.8/site-packages/airflow/example_dags/example_task_group_decorator.py
[2022-03-22 15:14:55,211] {logging_mixin.py:109} INFO - [2022-03-22 15:14:55,210] {dag.py:2398} INFO - Sync 1 DAGs
[2022-03-22 15:14:55,218] {logging_mixin.py:109} INFO - [2022-03-22 15:14:55,217] {dag.py:2937} INFO - Setting next_dagrun for example_task_group_decorator to 2022-03-21T19:14:55.217822+00:00
[2022-03-22 15:14:55,224] {processor.py:171} INFO - Processing /Users/adebolafagbule/opt/anaconda3/envs/airflow_env/lib/python3.8/site-packages/airflow/example_dags/example_task_group_decorator.py took 0.236 seconds
[2022-03-22 15:31:14,446] {processor.py:163} INFO - Started process (PID=63245) to work on /Users/adebolafagbule/opt/anaconda3/envs/airflow_env/lib/python3.8/site-packages/airflow/example_dags/example_task_group_decorator.py
[2022-03-22 15:31:14,447] {processor.py:642} INFO - Processing file /Users/adebolafagbule/opt/anaconda3/envs/airflow_env/lib/python3.8/site-packages/airflow/example_dags/example_task_group_decorator.py for tasks to queue
[2022-03-22 15:31:14,448] {logging_mixin.py:109} INFO - [2022-03-22 15:31:14,448] {dagbag.py:500} INFO - Filling up the DagBag from /Users/adebolafagbule/opt/anaconda3/envs/airflow_env/lib/python3.8/site-packages/airflow/example_dags/example_task_group_decorator.py
[2022-03-22 15:31:14,579] {processor.py:654} INFO - DAG(s) dict_keys(['example_task_group_decorator']) retrieved from /Users/adebolafagbule/opt/anaconda3/envs/airflow_env/lib/python3.8/site-packages/airflow/example_dags/example_task_group_decorator.py
[2022-03-22 15:31:15,128] {logging_mixin.py:109} INFO - [2022-03-22 15:31:15,127] {dag.py:2398} INFO - Sync 1 DAGs
[2022-03-22 15:31:15,146] {logging_mixin.py:109} INFO - [2022-03-22 15:31:15,146] {dag.py:2937} INFO - Setting next_dagrun for example_task_group_decorator to 2022-03-21T19:31:15.146037+00:00
[2022-03-22 15:31:15,161] {processor.py:171} INFO - Processing /Users/adebolafagbule/opt/anaconda3/envs/airflow_env/lib/python3.8/site-packages/airflow/example_dags/example_task_group_decorator.py took 0.716 seconds
[2022-03-22 16:01:46,818] {processor.py:163} INFO - Started process (PID=63303) to work on /Users/adebolafagbule/opt/anaconda3/envs/airflow_env/lib/python3.8/site-packages/airflow/example_dags/example_task_group_decorator.py
[2022-03-22 16:01:46,820] {processor.py:642} INFO - Processing file /Users/adebolafagbule/opt/anaconda3/envs/airflow_env/lib/python3.8/site-packages/airflow/example_dags/example_task_group_decorator.py for tasks to queue
[2022-03-22 16:01:46,820] {logging_mixin.py:109} INFO - [2022-03-22 16:01:46,820] {dagbag.py:500} INFO - Filling up the DagBag from /Users/adebolafagbule/opt/anaconda3/envs/airflow_env/lib/python3.8/site-packages/airflow/example_dags/example_task_group_decorator.py
[2022-03-22 16:01:46,916] {processor.py:654} INFO - DAG(s) dict_keys(['example_task_group_decorator']) retrieved from /Users/adebolafagbule/opt/anaconda3/envs/airflow_env/lib/python3.8/site-packages/airflow/example_dags/example_task_group_decorator.py
[2022-03-22 16:01:47,323] {logging_mixin.py:109} INFO - [2022-03-22 16:01:47,323] {dag.py:2398} INFO - Sync 1 DAGs
[2022-03-22 16:01:47,338] {logging_mixin.py:109} INFO - [2022-03-22 16:01:47,337] {dag.py:2937} INFO - Setting next_dagrun for example_task_group_decorator to 2022-03-21T20:01:47.337612+00:00
[2022-03-22 16:01:47,350] {processor.py:171} INFO - Processing /Users/adebolafagbule/opt/anaconda3/envs/airflow_env/lib/python3.8/site-packages/airflow/example_dags/example_task_group_decorator.py took 0.533 seconds
[2022-03-22 16:31:27,938] {processor.py:163} INFO - Started process (PID=63373) to work on /Users/adebolafagbule/opt/anaconda3/envs/airflow_env/lib/python3.8/site-packages/airflow/example_dags/example_task_group_decorator.py
[2022-03-22 16:31:27,940] {processor.py:642} INFO - Processing file /Users/adebolafagbule/opt/anaconda3/envs/airflow_env/lib/python3.8/site-packages/airflow/example_dags/example_task_group_decorator.py for tasks to queue
[2022-03-22 16:31:27,940] {logging_mixin.py:109} INFO - [2022-03-22 16:31:27,940] {dagbag.py:500} INFO - Filling up the DagBag from /Users/adebolafagbule/opt/anaconda3/envs/airflow_env/lib/python3.8/site-packages/airflow/example_dags/example_task_group_decorator.py
[2022-03-22 16:31:28,035] {processor.py:654} INFO - DAG(s) dict_keys(['example_task_group_decorator']) retrieved from /Users/adebolafagbule/opt/anaconda3/envs/airflow_env/lib/python3.8/site-packages/airflow/example_dags/example_task_group_decorator.py
[2022-03-22 16:31:28,370] {logging_mixin.py:109} INFO - [2022-03-22 16:31:28,370] {dag.py:2398} INFO - Sync 1 DAGs
[2022-03-22 16:31:28,384] {logging_mixin.py:109} INFO - [2022-03-22 16:31:28,384] {dag.py:2937} INFO - Setting next_dagrun for example_task_group_decorator to 2022-03-21T20:31:28.384271+00:00
[2022-03-22 16:31:28,398] {processor.py:171} INFO - Processing /Users/adebolafagbule/opt/anaconda3/envs/airflow_env/lib/python3.8/site-packages/airflow/example_dags/example_task_group_decorator.py took 0.461 seconds
[2022-03-22 17:29:27,315] {processor.py:163} INFO - Started process (PID=63460) to work on /Users/adebolafagbule/opt/anaconda3/envs/airflow_env/lib/python3.8/site-packages/airflow/example_dags/example_task_group_decorator.py
[2022-03-22 17:29:27,316] {processor.py:642} INFO - Processing file /Users/adebolafagbule/opt/anaconda3/envs/airflow_env/lib/python3.8/site-packages/airflow/example_dags/example_task_group_decorator.py for tasks to queue
[2022-03-22 17:29:27,317] {logging_mixin.py:109} INFO - [2022-03-22 17:29:27,317] {dagbag.py:500} INFO - Filling up the DagBag from /Users/adebolafagbule/opt/anaconda3/envs/airflow_env/lib/python3.8/site-packages/airflow/example_dags/example_task_group_decorator.py
[2022-03-22 17:29:27,426] {processor.py:654} INFO - DAG(s) dict_keys(['example_task_group_decorator']) retrieved from /Users/adebolafagbule/opt/anaconda3/envs/airflow_env/lib/python3.8/site-packages/airflow/example_dags/example_task_group_decorator.py
[2022-03-22 17:29:27,908] {logging_mixin.py:109} INFO - [2022-03-22 17:29:27,908] {dag.py:2398} INFO - Sync 1 DAGs
[2022-03-22 17:29:27,922] {logging_mixin.py:109} INFO - [2022-03-22 17:29:27,922] {dag.py:2937} INFO - Setting next_dagrun for example_task_group_decorator to 2022-03-21T21:29:27.922127+00:00
[2022-03-22 17:29:27,935] {processor.py:171} INFO - Processing /Users/adebolafagbule/opt/anaconda3/envs/airflow_env/lib/python3.8/site-packages/airflow/example_dags/example_task_group_decorator.py took 0.621 seconds
[2022-03-22 17:30:42,266] {processor.py:163} INFO - Started process (PID=63520) to work on /Users/adebolafagbule/opt/anaconda3/envs/airflow_env/lib/python3.8/site-packages/airflow/example_dags/example_task_group_decorator.py
[2022-03-22 17:30:42,267] {processor.py:642} INFO - Processing file /Users/adebolafagbule/opt/anaconda3/envs/airflow_env/lib/python3.8/site-packages/airflow/example_dags/example_task_group_decorator.py for tasks to queue
[2022-03-22 17:30:42,267] {logging_mixin.py:109} INFO - [2022-03-22 17:30:42,267] {dagbag.py:500} INFO - Filling up the DagBag from /Users/adebolafagbule/opt/anaconda3/envs/airflow_env/lib/python3.8/site-packages/airflow/example_dags/example_task_group_decorator.py
[2022-03-22 17:30:42,313] {processor.py:654} INFO - DAG(s) dict_keys(['example_task_group_decorator']) retrieved from /Users/adebolafagbule/opt/anaconda3/envs/airflow_env/lib/python3.8/site-packages/airflow/example_dags/example_task_group_decorator.py
[2022-03-22 17:30:42,482] {logging_mixin.py:109} INFO - [2022-03-22 17:30:42,482] {dag.py:2398} INFO - Sync 1 DAGs
[2022-03-22 17:30:42,489] {logging_mixin.py:109} INFO - [2022-03-22 17:30:42,489] {dag.py:2937} INFO - Setting next_dagrun for example_task_group_decorator to 2022-03-21T21:30:42.488936+00:00
[2022-03-22 17:30:42,496] {processor.py:171} INFO - Processing /Users/adebolafagbule/opt/anaconda3/envs/airflow_env/lib/python3.8/site-packages/airflow/example_dags/example_task_group_decorator.py took 0.230 seconds
[2022-03-22 17:32:17,246] {processor.py:163} INFO - Started process (PID=63608) to work on /Users/adebolafagbule/opt/anaconda3/envs/airflow_env/lib/python3.8/site-packages/airflow/example_dags/example_task_group_decorator.py
[2022-03-22 17:32:17,247] {processor.py:642} INFO - Processing file /Users/adebolafagbule/opt/anaconda3/envs/airflow_env/lib/python3.8/site-packages/airflow/example_dags/example_task_group_decorator.py for tasks to queue
[2022-03-22 17:32:17,247] {logging_mixin.py:109} INFO - [2022-03-22 17:32:17,247] {dagbag.py:500} INFO - Filling up the DagBag from /Users/adebolafagbule/opt/anaconda3/envs/airflow_env/lib/python3.8/site-packages/airflow/example_dags/example_task_group_decorator.py
[2022-03-22 17:32:17,303] {processor.py:654} INFO - DAG(s) dict_keys(['example_task_group_decorator']) retrieved from /Users/adebolafagbule/opt/anaconda3/envs/airflow_env/lib/python3.8/site-packages/airflow/example_dags/example_task_group_decorator.py
[2022-03-22 17:32:17,581] {logging_mixin.py:109} INFO - [2022-03-22 17:32:17,581] {dag.py:2398} INFO - Sync 1 DAGs
[2022-03-22 17:32:17,589] {logging_mixin.py:109} INFO - [2022-03-22 17:32:17,588] {dag.py:2937} INFO - Setting next_dagrun for example_task_group_decorator to 2022-03-21T21:32:17.588843+00:00
[2022-03-22 17:32:17,595] {processor.py:171} INFO - Processing /Users/adebolafagbule/opt/anaconda3/envs/airflow_env/lib/python3.8/site-packages/airflow/example_dags/example_task_group_decorator.py took 0.349 seconds
[2022-03-22 17:33:35,463] {processor.py:163} INFO - Started process (PID=63686) to work on /Users/adebolafagbule/opt/anaconda3/envs/airflow_env/lib/python3.8/site-packages/airflow/example_dags/example_task_group_decorator.py
[2022-03-22 17:33:35,464] {processor.py:642} INFO - Processing file /Users/adebolafagbule/opt/anaconda3/envs/airflow_env/lib/python3.8/site-packages/airflow/example_dags/example_task_group_decorator.py for tasks to queue
[2022-03-22 17:33:35,464] {logging_mixin.py:109} INFO - [2022-03-22 17:33:35,464] {dagbag.py:500} INFO - Filling up the DagBag from /Users/adebolafagbule/opt/anaconda3/envs/airflow_env/lib/python3.8/site-packages/airflow/example_dags/example_task_group_decorator.py
[2022-03-22 17:33:35,505] {processor.py:654} INFO - DAG(s) dict_keys(['example_task_group_decorator']) retrieved from /Users/adebolafagbule/opt/anaconda3/envs/airflow_env/lib/python3.8/site-packages/airflow/example_dags/example_task_group_decorator.py
[2022-03-22 17:33:35,660] {logging_mixin.py:109} INFO - [2022-03-22 17:33:35,660] {dag.py:2398} INFO - Sync 1 DAGs
[2022-03-22 17:33:35,666] {logging_mixin.py:109} INFO - [2022-03-22 17:33:35,666] {dag.py:2937} INFO - Setting next_dagrun for example_task_group_decorator to 2022-03-21T21:33:35.666413+00:00
[2022-03-22 17:33:35,676] {processor.py:171} INFO - Processing /Users/adebolafagbule/opt/anaconda3/envs/airflow_env/lib/python3.8/site-packages/airflow/example_dags/example_task_group_decorator.py took 0.212 seconds
[2022-03-22 17:34:47,072] {processor.py:163} INFO - Started process (PID=63757) to work on /Users/adebolafagbule/opt/anaconda3/envs/airflow_env/lib/python3.8/site-packages/airflow/example_dags/example_task_group_decorator.py
[2022-03-22 17:34:47,072] {processor.py:642} INFO - Processing file /Users/adebolafagbule/opt/anaconda3/envs/airflow_env/lib/python3.8/site-packages/airflow/example_dags/example_task_group_decorator.py for tasks to queue
[2022-03-22 17:34:47,072] {logging_mixin.py:109} INFO - [2022-03-22 17:34:47,072] {dagbag.py:500} INFO - Filling up the DagBag from /Users/adebolafagbule/opt/anaconda3/envs/airflow_env/lib/python3.8/site-packages/airflow/example_dags/example_task_group_decorator.py
[2022-03-22 17:34:47,115] {processor.py:654} INFO - DAG(s) dict_keys(['example_task_group_decorator']) retrieved from /Users/adebolafagbule/opt/anaconda3/envs/airflow_env/lib/python3.8/site-packages/airflow/example_dags/example_task_group_decorator.py
[2022-03-22 17:34:47,273] {logging_mixin.py:109} INFO - [2022-03-22 17:34:47,273] {dag.py:2398} INFO - Sync 1 DAGs
[2022-03-22 17:34:47,280] {logging_mixin.py:109} INFO - [2022-03-22 17:34:47,280] {dag.py:2937} INFO - Setting next_dagrun for example_task_group_decorator to 2022-03-21T21:34:47.280738+00:00
[2022-03-22 17:34:47,287] {processor.py:171} INFO - Processing /Users/adebolafagbule/opt/anaconda3/envs/airflow_env/lib/python3.8/site-packages/airflow/example_dags/example_task_group_decorator.py took 0.215 seconds
[2022-03-22 17:36:02,555] {processor.py:163} INFO - Started process (PID=63831) to work on /Users/adebolafagbule/opt/anaconda3/envs/airflow_env/lib/python3.8/site-packages/airflow/example_dags/example_task_group_decorator.py
[2022-03-22 17:36:02,556] {processor.py:642} INFO - Processing file /Users/adebolafagbule/opt/anaconda3/envs/airflow_env/lib/python3.8/site-packages/airflow/example_dags/example_task_group_decorator.py for tasks to queue
[2022-03-22 17:36:02,556] {logging_mixin.py:109} INFO - [2022-03-22 17:36:02,556] {dagbag.py:500} INFO - Filling up the DagBag from /Users/adebolafagbule/opt/anaconda3/envs/airflow_env/lib/python3.8/site-packages/airflow/example_dags/example_task_group_decorator.py
[2022-03-22 17:36:02,602] {processor.py:654} INFO - DAG(s) dict_keys(['example_task_group_decorator']) retrieved from /Users/adebolafagbule/opt/anaconda3/envs/airflow_env/lib/python3.8/site-packages/airflow/example_dags/example_task_group_decorator.py
[2022-03-22 17:36:02,764] {logging_mixin.py:109} INFO - [2022-03-22 17:36:02,764] {dag.py:2398} INFO - Sync 1 DAGs
[2022-03-22 17:36:02,771] {logging_mixin.py:109} INFO - [2022-03-22 17:36:02,771] {dag.py:2937} INFO - Setting next_dagrun for example_task_group_decorator to 2022-03-21T21:36:02.770934+00:00
[2022-03-22 17:36:02,777] {processor.py:171} INFO - Processing /Users/adebolafagbule/opt/anaconda3/envs/airflow_env/lib/python3.8/site-packages/airflow/example_dags/example_task_group_decorator.py took 0.223 seconds
[2022-03-22 17:37:18,034] {processor.py:163} INFO - Started process (PID=63904) to work on /Users/adebolafagbule/opt/anaconda3/envs/airflow_env/lib/python3.8/site-packages/airflow/example_dags/example_task_group_decorator.py
[2022-03-22 17:37:18,048] {processor.py:642} INFO - Processing file /Users/adebolafagbule/opt/anaconda3/envs/airflow_env/lib/python3.8/site-packages/airflow/example_dags/example_task_group_decorator.py for tasks to queue
[2022-03-22 17:37:18,049] {logging_mixin.py:109} INFO - [2022-03-22 17:37:18,049] {dagbag.py:500} INFO - Filling up the DagBag from /Users/adebolafagbule/opt/anaconda3/envs/airflow_env/lib/python3.8/site-packages/airflow/example_dags/example_task_group_decorator.py
[2022-03-22 17:37:18,107] {processor.py:654} INFO - DAG(s) dict_keys(['example_task_group_decorator']) retrieved from /Users/adebolafagbule/opt/anaconda3/envs/airflow_env/lib/python3.8/site-packages/airflow/example_dags/example_task_group_decorator.py
[2022-03-22 17:37:18,328] {logging_mixin.py:109} INFO - [2022-03-22 17:37:18,328] {dag.py:2398} INFO - Sync 1 DAGs
[2022-03-22 17:37:18,335] {logging_mixin.py:109} INFO - [2022-03-22 17:37:18,335] {dag.py:2937} INFO - Setting next_dagrun for example_task_group_decorator to 2022-03-21T21:37:18.335052+00:00
[2022-03-22 17:37:18,341] {processor.py:171} INFO - Processing /Users/adebolafagbule/opt/anaconda3/envs/airflow_env/lib/python3.8/site-packages/airflow/example_dags/example_task_group_decorator.py took 0.308 seconds
[2022-03-22 17:38:41,670] {processor.py:163} INFO - Started process (PID=63978) to work on /Users/adebolafagbule/opt/anaconda3/envs/airflow_env/lib/python3.8/site-packages/airflow/example_dags/example_task_group_decorator.py
[2022-03-22 17:38:41,671] {processor.py:642} INFO - Processing file /Users/adebolafagbule/opt/anaconda3/envs/airflow_env/lib/python3.8/site-packages/airflow/example_dags/example_task_group_decorator.py for tasks to queue
[2022-03-22 17:38:41,672] {logging_mixin.py:109} INFO - [2022-03-22 17:38:41,671] {dagbag.py:500} INFO - Filling up the DagBag from /Users/adebolafagbule/opt/anaconda3/envs/airflow_env/lib/python3.8/site-packages/airflow/example_dags/example_task_group_decorator.py
[2022-03-22 17:38:41,738] {processor.py:654} INFO - DAG(s) dict_keys(['example_task_group_decorator']) retrieved from /Users/adebolafagbule/opt/anaconda3/envs/airflow_env/lib/python3.8/site-packages/airflow/example_dags/example_task_group_decorator.py
[2022-03-22 17:38:42,231] {logging_mixin.py:109} INFO - [2022-03-22 17:38:42,230] {dag.py:2398} INFO - Sync 1 DAGs
[2022-03-22 17:38:42,260] {logging_mixin.py:109} INFO - [2022-03-22 17:38:42,260] {dag.py:2937} INFO - Setting next_dagrun for example_task_group_decorator to 2022-03-21T21:38:42.259229+00:00
[2022-03-22 17:38:42,275] {processor.py:171} INFO - Processing /Users/adebolafagbule/opt/anaconda3/envs/airflow_env/lib/python3.8/site-packages/airflow/example_dags/example_task_group_decorator.py took 0.606 seconds
[2022-03-22 17:40:12,606] {processor.py:163} INFO - Started process (PID=64058) to work on /Users/adebolafagbule/opt/anaconda3/envs/airflow_env/lib/python3.8/site-packages/airflow/example_dags/example_task_group_decorator.py
[2022-03-22 17:40:12,607] {processor.py:642} INFO - Processing file /Users/adebolafagbule/opt/anaconda3/envs/airflow_env/lib/python3.8/site-packages/airflow/example_dags/example_task_group_decorator.py for tasks to queue
[2022-03-22 17:40:12,608] {logging_mixin.py:109} INFO - [2022-03-22 17:40:12,608] {dagbag.py:500} INFO - Filling up the DagBag from /Users/adebolafagbule/opt/anaconda3/envs/airflow_env/lib/python3.8/site-packages/airflow/example_dags/example_task_group_decorator.py
[2022-03-22 17:40:12,666] {processor.py:654} INFO - DAG(s) dict_keys(['example_task_group_decorator']) retrieved from /Users/adebolafagbule/opt/anaconda3/envs/airflow_env/lib/python3.8/site-packages/airflow/example_dags/example_task_group_decorator.py
[2022-03-22 17:40:12,868] {logging_mixin.py:109} INFO - [2022-03-22 17:40:12,868] {dag.py:2398} INFO - Sync 1 DAGs
[2022-03-22 17:40:12,875] {logging_mixin.py:109} INFO - [2022-03-22 17:40:12,875] {dag.py:2937} INFO - Setting next_dagrun for example_task_group_decorator to 2022-03-21T21:40:12.875375+00:00
[2022-03-22 17:40:12,882] {processor.py:171} INFO - Processing /Users/adebolafagbule/opt/anaconda3/envs/airflow_env/lib/python3.8/site-packages/airflow/example_dags/example_task_group_decorator.py took 0.277 seconds
[2022-03-22 17:41:41,732] {processor.py:163} INFO - Started process (PID=64137) to work on /Users/adebolafagbule/opt/anaconda3/envs/airflow_env/lib/python3.8/site-packages/airflow/example_dags/example_task_group_decorator.py
[2022-03-22 17:41:41,735] {processor.py:642} INFO - Processing file /Users/adebolafagbule/opt/anaconda3/envs/airflow_env/lib/python3.8/site-packages/airflow/example_dags/example_task_group_decorator.py for tasks to queue
[2022-03-22 17:41:41,736] {logging_mixin.py:109} INFO - [2022-03-22 17:41:41,736] {dagbag.py:500} INFO - Filling up the DagBag from /Users/adebolafagbule/opt/anaconda3/envs/airflow_env/lib/python3.8/site-packages/airflow/example_dags/example_task_group_decorator.py
[2022-03-22 17:41:41,832] {processor.py:654} INFO - DAG(s) dict_keys(['example_task_group_decorator']) retrieved from /Users/adebolafagbule/opt/anaconda3/envs/airflow_env/lib/python3.8/site-packages/airflow/example_dags/example_task_group_decorator.py
[2022-03-22 17:41:42,329] {logging_mixin.py:109} INFO - [2022-03-22 17:41:42,306] {dag.py:2398} INFO - Sync 1 DAGs
[2022-03-22 17:41:42,350] {logging_mixin.py:109} INFO - [2022-03-22 17:41:42,350] {dag.py:2937} INFO - Setting next_dagrun for example_task_group_decorator to 2022-03-21T21:41:42.349894+00:00
[2022-03-22 17:41:42,362] {processor.py:171} INFO - Processing /Users/adebolafagbule/opt/anaconda3/envs/airflow_env/lib/python3.8/site-packages/airflow/example_dags/example_task_group_decorator.py took 0.642 seconds
[2022-03-22 17:43:24,571] {processor.py:163} INFO - Started process (PID=64218) to work on /Users/adebolafagbule/opt/anaconda3/envs/airflow_env/lib/python3.8/site-packages/airflow/example_dags/example_task_group_decorator.py
[2022-03-22 17:43:24,572] {processor.py:642} INFO - Processing file /Users/adebolafagbule/opt/anaconda3/envs/airflow_env/lib/python3.8/site-packages/airflow/example_dags/example_task_group_decorator.py for tasks to queue
[2022-03-22 17:43:24,572] {logging_mixin.py:109} INFO - [2022-03-22 17:43:24,572] {dagbag.py:500} INFO - Filling up the DagBag from /Users/adebolafagbule/opt/anaconda3/envs/airflow_env/lib/python3.8/site-packages/airflow/example_dags/example_task_group_decorator.py
[2022-03-22 17:43:24,624] {processor.py:654} INFO - DAG(s) dict_keys(['example_task_group_decorator']) retrieved from /Users/adebolafagbule/opt/anaconda3/envs/airflow_env/lib/python3.8/site-packages/airflow/example_dags/example_task_group_decorator.py
[2022-03-22 17:43:24,816] {logging_mixin.py:109} INFO - [2022-03-22 17:43:24,816] {dag.py:2398} INFO - Sync 1 DAGs
[2022-03-22 17:43:24,824] {logging_mixin.py:109} INFO - [2022-03-22 17:43:24,824] {dag.py:2937} INFO - Setting next_dagrun for example_task_group_decorator to 2022-03-21T21:43:24.823964+00:00
[2022-03-22 17:43:24,831] {processor.py:171} INFO - Processing /Users/adebolafagbule/opt/anaconda3/envs/airflow_env/lib/python3.8/site-packages/airflow/example_dags/example_task_group_decorator.py took 0.261 seconds
[2022-03-22 17:44:54,670] {processor.py:163} INFO - Started process (PID=64295) to work on /Users/adebolafagbule/opt/anaconda3/envs/airflow_env/lib/python3.8/site-packages/airflow/example_dags/example_task_group_decorator.py
[2022-03-22 17:44:54,671] {processor.py:642} INFO - Processing file /Users/adebolafagbule/opt/anaconda3/envs/airflow_env/lib/python3.8/site-packages/airflow/example_dags/example_task_group_decorator.py for tasks to queue
[2022-03-22 17:44:54,672] {logging_mixin.py:109} INFO - [2022-03-22 17:44:54,672] {dagbag.py:500} INFO - Filling up the DagBag from /Users/adebolafagbule/opt/anaconda3/envs/airflow_env/lib/python3.8/site-packages/airflow/example_dags/example_task_group_decorator.py
[2022-03-22 17:44:54,733] {processor.py:654} INFO - DAG(s) dict_keys(['example_task_group_decorator']) retrieved from /Users/adebolafagbule/opt/anaconda3/envs/airflow_env/lib/python3.8/site-packages/airflow/example_dags/example_task_group_decorator.py
[2022-03-22 17:44:54,957] {logging_mixin.py:109} INFO - [2022-03-22 17:44:54,957] {dag.py:2398} INFO - Sync 1 DAGs
[2022-03-22 17:44:54,964] {logging_mixin.py:109} INFO - [2022-03-22 17:44:54,964] {dag.py:2937} INFO - Setting next_dagrun for example_task_group_decorator to 2022-03-21T21:44:54.964783+00:00
[2022-03-22 17:44:54,973] {processor.py:171} INFO - Processing /Users/adebolafagbule/opt/anaconda3/envs/airflow_env/lib/python3.8/site-packages/airflow/example_dags/example_task_group_decorator.py took 0.303 seconds
[2022-03-22 17:46:29,580] {processor.py:163} INFO - Started process (PID=64383) to work on /Users/adebolafagbule/opt/anaconda3/envs/airflow_env/lib/python3.8/site-packages/airflow/example_dags/example_task_group_decorator.py
[2022-03-22 17:46:29,581] {processor.py:642} INFO - Processing file /Users/adebolafagbule/opt/anaconda3/envs/airflow_env/lib/python3.8/site-packages/airflow/example_dags/example_task_group_decorator.py for tasks to queue
[2022-03-22 17:46:29,582] {logging_mixin.py:109} INFO - [2022-03-22 17:46:29,582] {dagbag.py:500} INFO - Filling up the DagBag from /Users/adebolafagbule/opt/anaconda3/envs/airflow_env/lib/python3.8/site-packages/airflow/example_dags/example_task_group_decorator.py
[2022-03-22 17:46:29,640] {processor.py:654} INFO - DAG(s) dict_keys(['example_task_group_decorator']) retrieved from /Users/adebolafagbule/opt/anaconda3/envs/airflow_env/lib/python3.8/site-packages/airflow/example_dags/example_task_group_decorator.py
[2022-03-22 17:46:29,815] {logging_mixin.py:109} INFO - [2022-03-22 17:46:29,815] {dag.py:2398} INFO - Sync 1 DAGs
[2022-03-22 17:46:29,822] {logging_mixin.py:109} INFO - [2022-03-22 17:46:29,822] {dag.py:2937} INFO - Setting next_dagrun for example_task_group_decorator to 2022-03-21T21:46:29.822498+00:00
[2022-03-22 17:46:29,830] {processor.py:171} INFO - Processing /Users/adebolafagbule/opt/anaconda3/envs/airflow_env/lib/python3.8/site-packages/airflow/example_dags/example_task_group_decorator.py took 0.251 seconds
[2022-03-22 17:47:50,539] {processor.py:163} INFO - Started process (PID=64456) to work on /Users/adebolafagbule/opt/anaconda3/envs/airflow_env/lib/python3.8/site-packages/airflow/example_dags/example_task_group_decorator.py
[2022-03-22 17:47:50,540] {processor.py:642} INFO - Processing file /Users/adebolafagbule/opt/anaconda3/envs/airflow_env/lib/python3.8/site-packages/airflow/example_dags/example_task_group_decorator.py for tasks to queue
[2022-03-22 17:47:50,540] {logging_mixin.py:109} INFO - [2022-03-22 17:47:50,540] {dagbag.py:500} INFO - Filling up the DagBag from /Users/adebolafagbule/opt/anaconda3/envs/airflow_env/lib/python3.8/site-packages/airflow/example_dags/example_task_group_decorator.py
[2022-03-22 17:47:50,591] {processor.py:654} INFO - DAG(s) dict_keys(['example_task_group_decorator']) retrieved from /Users/adebolafagbule/opt/anaconda3/envs/airflow_env/lib/python3.8/site-packages/airflow/example_dags/example_task_group_decorator.py
[2022-03-22 17:47:50,774] {logging_mixin.py:109} INFO - [2022-03-22 17:47:50,774] {dag.py:2398} INFO - Sync 1 DAGs
[2022-03-22 17:47:50,782] {logging_mixin.py:109} INFO - [2022-03-22 17:47:50,782] {dag.py:2937} INFO - Setting next_dagrun for example_task_group_decorator to 2022-03-21T21:47:50.782330+00:00
[2022-03-22 17:47:50,790] {processor.py:171} INFO - Processing /Users/adebolafagbule/opt/anaconda3/envs/airflow_env/lib/python3.8/site-packages/airflow/example_dags/example_task_group_decorator.py took 0.252 seconds
[2022-03-22 17:49:14,358] {processor.py:163} INFO - Started process (PID=64534) to work on /Users/adebolafagbule/opt/anaconda3/envs/airflow_env/lib/python3.8/site-packages/airflow/example_dags/example_task_group_decorator.py
[2022-03-22 17:49:14,360] {processor.py:642} INFO - Processing file /Users/adebolafagbule/opt/anaconda3/envs/airflow_env/lib/python3.8/site-packages/airflow/example_dags/example_task_group_decorator.py for tasks to queue
[2022-03-22 17:49:14,360] {logging_mixin.py:109} INFO - [2022-03-22 17:49:14,360] {dagbag.py:500} INFO - Filling up the DagBag from /Users/adebolafagbule/opt/anaconda3/envs/airflow_env/lib/python3.8/site-packages/airflow/example_dags/example_task_group_decorator.py
[2022-03-22 17:49:14,419] {processor.py:654} INFO - DAG(s) dict_keys(['example_task_group_decorator']) retrieved from /Users/adebolafagbule/opt/anaconda3/envs/airflow_env/lib/python3.8/site-packages/airflow/example_dags/example_task_group_decorator.py
[2022-03-22 17:49:14,617] {logging_mixin.py:109} INFO - [2022-03-22 17:49:14,617] {dag.py:2398} INFO - Sync 1 DAGs
[2022-03-22 17:49:14,625] {logging_mixin.py:109} INFO - [2022-03-22 17:49:14,625] {dag.py:2937} INFO - Setting next_dagrun for example_task_group_decorator to 2022-03-21T21:49:14.625190+00:00
[2022-03-22 17:49:14,634] {processor.py:171} INFO - Processing /Users/adebolafagbule/opt/anaconda3/envs/airflow_env/lib/python3.8/site-packages/airflow/example_dags/example_task_group_decorator.py took 0.277 seconds
[2022-03-22 17:50:45,069] {processor.py:163} INFO - Started process (PID=64616) to work on /Users/adebolafagbule/opt/anaconda3/envs/airflow_env/lib/python3.8/site-packages/airflow/example_dags/example_task_group_decorator.py
[2022-03-22 17:50:45,070] {processor.py:642} INFO - Processing file /Users/adebolafagbule/opt/anaconda3/envs/airflow_env/lib/python3.8/site-packages/airflow/example_dags/example_task_group_decorator.py for tasks to queue
[2022-03-22 17:50:45,070] {logging_mixin.py:109} INFO - [2022-03-22 17:50:45,070] {dagbag.py:500} INFO - Filling up the DagBag from /Users/adebolafagbule/opt/anaconda3/envs/airflow_env/lib/python3.8/site-packages/airflow/example_dags/example_task_group_decorator.py
[2022-03-22 17:50:45,123] {processor.py:654} INFO - DAG(s) dict_keys(['example_task_group_decorator']) retrieved from /Users/adebolafagbule/opt/anaconda3/envs/airflow_env/lib/python3.8/site-packages/airflow/example_dags/example_task_group_decorator.py
[2022-03-22 17:50:45,312] {logging_mixin.py:109} INFO - [2022-03-22 17:50:45,311] {dag.py:2398} INFO - Sync 1 DAGs
[2022-03-22 17:50:45,319] {logging_mixin.py:109} INFO - [2022-03-22 17:50:45,319] {dag.py:2937} INFO - Setting next_dagrun for example_task_group_decorator to 2022-03-21T21:50:45.319605+00:00
[2022-03-22 17:50:45,329] {processor.py:171} INFO - Processing /Users/adebolafagbule/opt/anaconda3/envs/airflow_env/lib/python3.8/site-packages/airflow/example_dags/example_task_group_decorator.py took 0.261 seconds
[2022-03-22 17:52:15,145] {processor.py:163} INFO - Started process (PID=64694) to work on /Users/adebolafagbule/opt/anaconda3/envs/airflow_env/lib/python3.8/site-packages/airflow/example_dags/example_task_group_decorator.py
[2022-03-22 17:52:15,146] {processor.py:642} INFO - Processing file /Users/adebolafagbule/opt/anaconda3/envs/airflow_env/lib/python3.8/site-packages/airflow/example_dags/example_task_group_decorator.py for tasks to queue
[2022-03-22 17:52:15,147] {logging_mixin.py:109} INFO - [2022-03-22 17:52:15,147] {dagbag.py:500} INFO - Filling up the DagBag from /Users/adebolafagbule/opt/anaconda3/envs/airflow_env/lib/python3.8/site-packages/airflow/example_dags/example_task_group_decorator.py
[2022-03-22 17:52:15,194] {processor.py:654} INFO - DAG(s) dict_keys(['example_task_group_decorator']) retrieved from /Users/adebolafagbule/opt/anaconda3/envs/airflow_env/lib/python3.8/site-packages/airflow/example_dags/example_task_group_decorator.py
[2022-03-22 17:52:15,450] {logging_mixin.py:109} INFO - [2022-03-22 17:52:15,450] {dag.py:2398} INFO - Sync 1 DAGs
[2022-03-22 17:52:15,457] {logging_mixin.py:109} INFO - [2022-03-22 17:52:15,457] {dag.py:2937} INFO - Setting next_dagrun for example_task_group_decorator to 2022-03-21T21:52:15.457272+00:00
[2022-03-22 17:52:15,464] {processor.py:171} INFO - Processing /Users/adebolafagbule/opt/anaconda3/envs/airflow_env/lib/python3.8/site-packages/airflow/example_dags/example_task_group_decorator.py took 0.319 seconds
[2022-03-22 17:53:56,416] {processor.py:163} INFO - Started process (PID=64773) to work on /Users/adebolafagbule/opt/anaconda3/envs/airflow_env/lib/python3.8/site-packages/airflow/example_dags/example_task_group_decorator.py
[2022-03-22 17:53:56,418] {processor.py:642} INFO - Processing file /Users/adebolafagbule/opt/anaconda3/envs/airflow_env/lib/python3.8/site-packages/airflow/example_dags/example_task_group_decorator.py for tasks to queue
[2022-03-22 17:53:56,420] {logging_mixin.py:109} INFO - [2022-03-22 17:53:56,420] {dagbag.py:500} INFO - Filling up the DagBag from /Users/adebolafagbule/opt/anaconda3/envs/airflow_env/lib/python3.8/site-packages/airflow/example_dags/example_task_group_decorator.py
[2022-03-22 17:53:56,533] {processor.py:654} INFO - DAG(s) dict_keys(['example_task_group_decorator']) retrieved from /Users/adebolafagbule/opt/anaconda3/envs/airflow_env/lib/python3.8/site-packages/airflow/example_dags/example_task_group_decorator.py
[2022-03-22 17:53:57,056] {logging_mixin.py:109} INFO - [2022-03-22 17:53:57,055] {dag.py:2398} INFO - Sync 1 DAGs
[2022-03-22 17:53:57,120] {logging_mixin.py:109} INFO - [2022-03-22 17:53:57,120] {dag.py:2937} INFO - Setting next_dagrun for example_task_group_decorator to 2022-03-21T21:53:57.119817+00:00
[2022-03-22 17:53:57,292] {processor.py:171} INFO - Processing /Users/adebolafagbule/opt/anaconda3/envs/airflow_env/lib/python3.8/site-packages/airflow/example_dags/example_task_group_decorator.py took 0.882 seconds
[2022-03-22 17:55:57,167] {processor.py:163} INFO - Started process (PID=64856) to work on /Users/adebolafagbule/opt/anaconda3/envs/airflow_env/lib/python3.8/site-packages/airflow/example_dags/example_task_group_decorator.py
[2022-03-22 17:55:57,174] {processor.py:642} INFO - Processing file /Users/adebolafagbule/opt/anaconda3/envs/airflow_env/lib/python3.8/site-packages/airflow/example_dags/example_task_group_decorator.py for tasks to queue
[2022-03-22 17:55:57,180] {logging_mixin.py:109} INFO - [2022-03-22 17:55:57,180] {dagbag.py:500} INFO - Filling up the DagBag from /Users/adebolafagbule/opt/anaconda3/envs/airflow_env/lib/python3.8/site-packages/airflow/example_dags/example_task_group_decorator.py
[2022-03-22 17:55:57,271] {processor.py:654} INFO - DAG(s) dict_keys(['example_task_group_decorator']) retrieved from /Users/adebolafagbule/opt/anaconda3/envs/airflow_env/lib/python3.8/site-packages/airflow/example_dags/example_task_group_decorator.py
[2022-03-22 17:55:57,989] {logging_mixin.py:109} INFO - [2022-03-22 17:55:57,961] {dag.py:2398} INFO - Sync 1 DAGs
[2022-03-22 17:55:58,051] {logging_mixin.py:109} INFO - [2022-03-22 17:55:58,050] {dag.py:2937} INFO - Setting next_dagrun for example_task_group_decorator to 2022-03-21T21:55:58.049521+00:00
[2022-03-22 17:55:58,255] {processor.py:171} INFO - Processing /Users/adebolafagbule/opt/anaconda3/envs/airflow_env/lib/python3.8/site-packages/airflow/example_dags/example_task_group_decorator.py took 1.101 seconds
[2022-03-22 17:57:14,838] {processor.py:163} INFO - Started process (PID=64905) to work on /Users/adebolafagbule/opt/anaconda3/envs/airflow_env/lib/python3.8/site-packages/airflow/example_dags/example_task_group_decorator.py
[2022-03-22 17:57:14,839] {processor.py:642} INFO - Processing file /Users/adebolafagbule/opt/anaconda3/envs/airflow_env/lib/python3.8/site-packages/airflow/example_dags/example_task_group_decorator.py for tasks to queue
[2022-03-22 17:57:14,839] {logging_mixin.py:109} INFO - [2022-03-22 17:57:14,839] {dagbag.py:500} INFO - Filling up the DagBag from /Users/adebolafagbule/opt/anaconda3/envs/airflow_env/lib/python3.8/site-packages/airflow/example_dags/example_task_group_decorator.py
[2022-03-22 17:57:14,929] {processor.py:654} INFO - DAG(s) dict_keys(['example_task_group_decorator']) retrieved from /Users/adebolafagbule/opt/anaconda3/envs/airflow_env/lib/python3.8/site-packages/airflow/example_dags/example_task_group_decorator.py
[2022-03-22 17:57:15,400] {logging_mixin.py:109} INFO - [2022-03-22 17:57:15,398] {dag.py:2398} INFO - Sync 1 DAGs
[2022-03-22 17:57:15,409] {logging_mixin.py:109} INFO - [2022-03-22 17:57:15,409] {dag.py:2937} INFO - Setting next_dagrun for example_task_group_decorator to 2022-03-21T21:57:15.408955+00:00
[2022-03-22 17:57:15,418] {processor.py:171} INFO - Processing /Users/adebolafagbule/opt/anaconda3/envs/airflow_env/lib/python3.8/site-packages/airflow/example_dags/example_task_group_decorator.py took 0.581 seconds
[2022-03-22 17:58:30,777] {processor.py:163} INFO - Started process (PID=64953) to work on /Users/adebolafagbule/opt/anaconda3/envs/airflow_env/lib/python3.8/site-packages/airflow/example_dags/example_task_group_decorator.py
[2022-03-22 17:58:30,778] {processor.py:642} INFO - Processing file /Users/adebolafagbule/opt/anaconda3/envs/airflow_env/lib/python3.8/site-packages/airflow/example_dags/example_task_group_decorator.py for tasks to queue
[2022-03-22 17:58:30,779] {logging_mixin.py:109} INFO - [2022-03-22 17:58:30,779] {dagbag.py:500} INFO - Filling up the DagBag from /Users/adebolafagbule/opt/anaconda3/envs/airflow_env/lib/python3.8/site-packages/airflow/example_dags/example_task_group_decorator.py
[2022-03-22 17:58:30,903] {processor.py:654} INFO - DAG(s) dict_keys(['example_task_group_decorator']) retrieved from /Users/adebolafagbule/opt/anaconda3/envs/airflow_env/lib/python3.8/site-packages/airflow/example_dags/example_task_group_decorator.py
[2022-03-22 17:58:31,369] {logging_mixin.py:109} INFO - [2022-03-22 17:58:31,368] {dag.py:2398} INFO - Sync 1 DAGs
[2022-03-22 17:58:31,378] {logging_mixin.py:109} INFO - [2022-03-22 17:58:31,378] {dag.py:2937} INFO - Setting next_dagrun for example_task_group_decorator to 2022-03-21T21:58:31.377947+00:00
[2022-03-22 17:58:31,388] {processor.py:171} INFO - Processing /Users/adebolafagbule/opt/anaconda3/envs/airflow_env/lib/python3.8/site-packages/airflow/example_dags/example_task_group_decorator.py took 0.611 seconds
[2022-03-22 17:59:46,725] {processor.py:163} INFO - Started process (PID=64998) to work on /Users/adebolafagbule/opt/anaconda3/envs/airflow_env/lib/python3.8/site-packages/airflow/example_dags/example_task_group_decorator.py
[2022-03-22 17:59:46,726] {processor.py:642} INFO - Processing file /Users/adebolafagbule/opt/anaconda3/envs/airflow_env/lib/python3.8/site-packages/airflow/example_dags/example_task_group_decorator.py for tasks to queue
[2022-03-22 17:59:46,726] {logging_mixin.py:109} INFO - [2022-03-22 17:59:46,726] {dagbag.py:500} INFO - Filling up the DagBag from /Users/adebolafagbule/opt/anaconda3/envs/airflow_env/lib/python3.8/site-packages/airflow/example_dags/example_task_group_decorator.py
[2022-03-22 17:59:46,778] {processor.py:654} INFO - DAG(s) dict_keys(['example_task_group_decorator']) retrieved from /Users/adebolafagbule/opt/anaconda3/envs/airflow_env/lib/python3.8/site-packages/airflow/example_dags/example_task_group_decorator.py
[2022-03-22 17:59:47,192] {logging_mixin.py:109} INFO - [2022-03-22 17:59:47,181] {dag.py:2398} INFO - Sync 1 DAGs
[2022-03-22 17:59:47,214] {logging_mixin.py:109} INFO - [2022-03-22 17:59:47,213] {dag.py:2937} INFO - Setting next_dagrun for example_task_group_decorator to 2022-03-21T21:59:47.213196+00:00
[2022-03-22 17:59:47,225] {processor.py:171} INFO - Processing /Users/adebolafagbule/opt/anaconda3/envs/airflow_env/lib/python3.8/site-packages/airflow/example_dags/example_task_group_decorator.py took 0.501 seconds
[2022-03-22 18:00:56,455] {processor.py:163} INFO - Started process (PID=65045) to work on /Users/adebolafagbule/opt/anaconda3/envs/airflow_env/lib/python3.8/site-packages/airflow/example_dags/example_task_group_decorator.py
[2022-03-22 18:00:56,456] {processor.py:642} INFO - Processing file /Users/adebolafagbule/opt/anaconda3/envs/airflow_env/lib/python3.8/site-packages/airflow/example_dags/example_task_group_decorator.py for tasks to queue
[2022-03-22 18:00:56,456] {logging_mixin.py:109} INFO - [2022-03-22 18:00:56,456] {dagbag.py:500} INFO - Filling up the DagBag from /Users/adebolafagbule/opt/anaconda3/envs/airflow_env/lib/python3.8/site-packages/airflow/example_dags/example_task_group_decorator.py
[2022-03-22 18:00:56,604] {processor.py:654} INFO - DAG(s) dict_keys(['example_task_group_decorator']) retrieved from /Users/adebolafagbule/opt/anaconda3/envs/airflow_env/lib/python3.8/site-packages/airflow/example_dags/example_task_group_decorator.py
[2022-03-22 18:00:57,153] {logging_mixin.py:109} INFO - [2022-03-22 18:00:57,151] {dag.py:2398} INFO - Sync 1 DAGs
[2022-03-22 18:00:57,169] {logging_mixin.py:109} INFO - [2022-03-22 18:00:57,169] {dag.py:2937} INFO - Setting next_dagrun for example_task_group_decorator to 2022-03-21T22:00:57.168981+00:00
[2022-03-22 18:00:57,182] {processor.py:171} INFO - Processing /Users/adebolafagbule/opt/anaconda3/envs/airflow_env/lib/python3.8/site-packages/airflow/example_dags/example_task_group_decorator.py took 0.728 seconds
[2022-03-22 18:02:08,994] {processor.py:163} INFO - Started process (PID=65092) to work on /Users/adebolafagbule/opt/anaconda3/envs/airflow_env/lib/python3.8/site-packages/airflow/example_dags/example_task_group_decorator.py
[2022-03-22 18:02:08,996] {processor.py:642} INFO - Processing file /Users/adebolafagbule/opt/anaconda3/envs/airflow_env/lib/python3.8/site-packages/airflow/example_dags/example_task_group_decorator.py for tasks to queue
[2022-03-22 18:02:08,997] {logging_mixin.py:109} INFO - [2022-03-22 18:02:08,997] {dagbag.py:500} INFO - Filling up the DagBag from /Users/adebolafagbule/opt/anaconda3/envs/airflow_env/lib/python3.8/site-packages/airflow/example_dags/example_task_group_decorator.py
[2022-03-22 18:02:09,153] {processor.py:654} INFO - DAG(s) dict_keys(['example_task_group_decorator']) retrieved from /Users/adebolafagbule/opt/anaconda3/envs/airflow_env/lib/python3.8/site-packages/airflow/example_dags/example_task_group_decorator.py
[2022-03-22 18:02:09,543] {logging_mixin.py:109} INFO - [2022-03-22 18:02:09,542] {dag.py:2398} INFO - Sync 1 DAGs
[2022-03-22 18:02:09,587] {logging_mixin.py:109} INFO - [2022-03-22 18:02:09,587] {dag.py:2937} INFO - Setting next_dagrun for example_task_group_decorator to 2022-03-21T22:02:09.586825+00:00
[2022-03-22 18:02:09,600] {processor.py:171} INFO - Processing /Users/adebolafagbule/opt/anaconda3/envs/airflow_env/lib/python3.8/site-packages/airflow/example_dags/example_task_group_decorator.py took 0.607 seconds
[2022-03-22 18:04:25,027] {processor.py:163} INFO - Started process (PID=65181) to work on /Users/adebolafagbule/opt/anaconda3/envs/airflow_env/lib/python3.8/site-packages/airflow/example_dags/example_task_group_decorator.py
[2022-03-22 18:04:25,030] {processor.py:642} INFO - Processing file /Users/adebolafagbule/opt/anaconda3/envs/airflow_env/lib/python3.8/site-packages/airflow/example_dags/example_task_group_decorator.py for tasks to queue
[2022-03-22 18:04:25,030] {logging_mixin.py:109} INFO - [2022-03-22 18:04:25,030] {dagbag.py:500} INFO - Filling up the DagBag from /Users/adebolafagbule/opt/anaconda3/envs/airflow_env/lib/python3.8/site-packages/airflow/example_dags/example_task_group_decorator.py
[2022-03-22 18:04:25,096] {processor.py:654} INFO - DAG(s) dict_keys(['example_task_group_decorator']) retrieved from /Users/adebolafagbule/opt/anaconda3/envs/airflow_env/lib/python3.8/site-packages/airflow/example_dags/example_task_group_decorator.py
[2022-03-22 18:04:25,524] {logging_mixin.py:109} INFO - [2022-03-22 18:04:25,522] {dag.py:2398} INFO - Sync 1 DAGs
[2022-03-22 18:04:25,543] {logging_mixin.py:109} INFO - [2022-03-22 18:04:25,543] {dag.py:2937} INFO - Setting next_dagrun for example_task_group_decorator to 2022-03-21T22:04:25.542598+00:00
[2022-03-22 18:04:25,553] {processor.py:171} INFO - Processing /Users/adebolafagbule/opt/anaconda3/envs/airflow_env/lib/python3.8/site-packages/airflow/example_dags/example_task_group_decorator.py took 0.526 seconds
[2022-03-22 18:05:34,522] {processor.py:163} INFO - Started process (PID=65230) to work on /Users/adebolafagbule/opt/anaconda3/envs/airflow_env/lib/python3.8/site-packages/airflow/example_dags/example_task_group_decorator.py
[2022-03-22 18:05:34,523] {processor.py:642} INFO - Processing file /Users/adebolafagbule/opt/anaconda3/envs/airflow_env/lib/python3.8/site-packages/airflow/example_dags/example_task_group_decorator.py for tasks to queue
[2022-03-22 18:05:34,523] {logging_mixin.py:109} INFO - [2022-03-22 18:05:34,523] {dagbag.py:500} INFO - Filling up the DagBag from /Users/adebolafagbule/opt/anaconda3/envs/airflow_env/lib/python3.8/site-packages/airflow/example_dags/example_task_group_decorator.py
[2022-03-22 18:05:34,629] {processor.py:654} INFO - DAG(s) dict_keys(['example_task_group_decorator']) retrieved from /Users/adebolafagbule/opt/anaconda3/envs/airflow_env/lib/python3.8/site-packages/airflow/example_dags/example_task_group_decorator.py
[2022-03-22 18:05:35,144] {logging_mixin.py:109} INFO - [2022-03-22 18:05:35,140] {dag.py:2398} INFO - Sync 1 DAGs
[2022-03-22 18:05:35,155] {logging_mixin.py:109} INFO - [2022-03-22 18:05:35,155] {dag.py:2937} INFO - Setting next_dagrun for example_task_group_decorator to 2022-03-21T22:05:35.155115+00:00
[2022-03-22 18:05:35,164] {processor.py:171} INFO - Processing /Users/adebolafagbule/opt/anaconda3/envs/airflow_env/lib/python3.8/site-packages/airflow/example_dags/example_task_group_decorator.py took 0.642 seconds
[2022-03-22 18:07:22,376] {processor.py:163} INFO - Started process (PID=65312) to work on /Users/adebolafagbule/opt/anaconda3/envs/airflow_env/lib/python3.8/site-packages/airflow/example_dags/example_task_group_decorator.py
[2022-03-22 18:07:22,378] {processor.py:642} INFO - Processing file /Users/adebolafagbule/opt/anaconda3/envs/airflow_env/lib/python3.8/site-packages/airflow/example_dags/example_task_group_decorator.py for tasks to queue
[2022-03-22 18:07:22,378] {logging_mixin.py:109} INFO - [2022-03-22 18:07:22,378] {dagbag.py:500} INFO - Filling up the DagBag from /Users/adebolafagbule/opt/anaconda3/envs/airflow_env/lib/python3.8/site-packages/airflow/example_dags/example_task_group_decorator.py
[2022-03-22 18:07:22,449] {processor.py:654} INFO - DAG(s) dict_keys(['example_task_group_decorator']) retrieved from /Users/adebolafagbule/opt/anaconda3/envs/airflow_env/lib/python3.8/site-packages/airflow/example_dags/example_task_group_decorator.py
[2022-03-22 18:07:22,934] {logging_mixin.py:109} INFO - [2022-03-22 18:07:22,930] {dag.py:2398} INFO - Sync 1 DAGs
[2022-03-22 18:07:22,945] {logging_mixin.py:109} INFO - [2022-03-22 18:07:22,944] {dag.py:2937} INFO - Setting next_dagrun for example_task_group_decorator to 2022-03-21T22:07:22.944541+00:00
[2022-03-22 18:07:22,953] {processor.py:171} INFO - Processing /Users/adebolafagbule/opt/anaconda3/envs/airflow_env/lib/python3.8/site-packages/airflow/example_dags/example_task_group_decorator.py took 0.577 seconds
[2022-03-22 18:09:11,478] {processor.py:163} INFO - Started process (PID=65398) to work on /Users/adebolafagbule/opt/anaconda3/envs/airflow_env/lib/python3.8/site-packages/airflow/example_dags/example_task_group_decorator.py
[2022-03-22 18:09:11,480] {processor.py:642} INFO - Processing file /Users/adebolafagbule/opt/anaconda3/envs/airflow_env/lib/python3.8/site-packages/airflow/example_dags/example_task_group_decorator.py for tasks to queue
[2022-03-22 18:09:11,481] {logging_mixin.py:109} INFO - [2022-03-22 18:09:11,480] {dagbag.py:500} INFO - Filling up the DagBag from /Users/adebolafagbule/opt/anaconda3/envs/airflow_env/lib/python3.8/site-packages/airflow/example_dags/example_task_group_decorator.py
[2022-03-22 18:09:11,557] {processor.py:654} INFO - DAG(s) dict_keys(['example_task_group_decorator']) retrieved from /Users/adebolafagbule/opt/anaconda3/envs/airflow_env/lib/python3.8/site-packages/airflow/example_dags/example_task_group_decorator.py
[2022-03-22 18:09:12,095] {logging_mixin.py:109} INFO - [2022-03-22 18:09:12,094] {dag.py:2398} INFO - Sync 1 DAGs
[2022-03-22 18:09:12,132] {logging_mixin.py:109} INFO - [2022-03-22 18:09:12,132] {dag.py:2937} INFO - Setting next_dagrun for example_task_group_decorator to 2022-03-21T22:09:12.131595+00:00
[2022-03-22 18:09:12,147] {processor.py:171} INFO - Processing /Users/adebolafagbule/opt/anaconda3/envs/airflow_env/lib/python3.8/site-packages/airflow/example_dags/example_task_group_decorator.py took 0.669 seconds
[2022-03-22 18:11:05,240] {processor.py:163} INFO - Started process (PID=65481) to work on /Users/adebolafagbule/opt/anaconda3/envs/airflow_env/lib/python3.8/site-packages/airflow/example_dags/example_task_group_decorator.py
[2022-03-22 18:11:05,242] {processor.py:642} INFO - Processing file /Users/adebolafagbule/opt/anaconda3/envs/airflow_env/lib/python3.8/site-packages/airflow/example_dags/example_task_group_decorator.py for tasks to queue
[2022-03-22 18:11:05,242] {logging_mixin.py:109} INFO - [2022-03-22 18:11:05,242] {dagbag.py:500} INFO - Filling up the DagBag from /Users/adebolafagbule/opt/anaconda3/envs/airflow_env/lib/python3.8/site-packages/airflow/example_dags/example_task_group_decorator.py
[2022-03-22 18:11:05,341] {processor.py:654} INFO - DAG(s) dict_keys(['example_task_group_decorator']) retrieved from /Users/adebolafagbule/opt/anaconda3/envs/airflow_env/lib/python3.8/site-packages/airflow/example_dags/example_task_group_decorator.py
[2022-03-22 18:11:05,793] {logging_mixin.py:109} INFO - [2022-03-22 18:11:05,793] {dag.py:2398} INFO - Sync 1 DAGs
[2022-03-22 18:11:05,808] {logging_mixin.py:109} INFO - [2022-03-22 18:11:05,808] {dag.py:2937} INFO - Setting next_dagrun for example_task_group_decorator to 2022-03-21T22:11:05.808380+00:00
[2022-03-22 18:11:05,842] {processor.py:171} INFO - Processing /Users/adebolafagbule/opt/anaconda3/envs/airflow_env/lib/python3.8/site-packages/airflow/example_dags/example_task_group_decorator.py took 0.602 seconds
[2022-03-22 18:12:51,955] {processor.py:163} INFO - Started process (PID=65568) to work on /Users/adebolafagbule/opt/anaconda3/envs/airflow_env/lib/python3.8/site-packages/airflow/example_dags/example_task_group_decorator.py
[2022-03-22 18:12:51,956] {processor.py:642} INFO - Processing file /Users/adebolafagbule/opt/anaconda3/envs/airflow_env/lib/python3.8/site-packages/airflow/example_dags/example_task_group_decorator.py for tasks to queue
[2022-03-22 18:12:51,957] {logging_mixin.py:109} INFO - [2022-03-22 18:12:51,957] {dagbag.py:500} INFO - Filling up the DagBag from /Users/adebolafagbule/opt/anaconda3/envs/airflow_env/lib/python3.8/site-packages/airflow/example_dags/example_task_group_decorator.py
[2022-03-22 18:12:52,008] {processor.py:654} INFO - DAG(s) dict_keys(['example_task_group_decorator']) retrieved from /Users/adebolafagbule/opt/anaconda3/envs/airflow_env/lib/python3.8/site-packages/airflow/example_dags/example_task_group_decorator.py
[2022-03-22 18:12:52,425] {logging_mixin.py:109} INFO - [2022-03-22 18:12:52,422] {dag.py:2398} INFO - Sync 1 DAGs
[2022-03-22 18:12:52,449] {logging_mixin.py:109} INFO - [2022-03-22 18:12:52,449] {dag.py:2937} INFO - Setting next_dagrun for example_task_group_decorator to 2022-03-21T22:12:52.449145+00:00
[2022-03-22 18:12:52,469] {processor.py:171} INFO - Processing /Users/adebolafagbule/opt/anaconda3/envs/airflow_env/lib/python3.8/site-packages/airflow/example_dags/example_task_group_decorator.py took 0.514 seconds
[2022-03-22 18:14:48,197] {processor.py:163} INFO - Started process (PID=65652) to work on /Users/adebolafagbule/opt/anaconda3/envs/airflow_env/lib/python3.8/site-packages/airflow/example_dags/example_task_group_decorator.py
[2022-03-22 18:14:48,199] {processor.py:642} INFO - Processing file /Users/adebolafagbule/opt/anaconda3/envs/airflow_env/lib/python3.8/site-packages/airflow/example_dags/example_task_group_decorator.py for tasks to queue
[2022-03-22 18:14:48,199] {logging_mixin.py:109} INFO - [2022-03-22 18:14:48,199] {dagbag.py:500} INFO - Filling up the DagBag from /Users/adebolafagbule/opt/anaconda3/envs/airflow_env/lib/python3.8/site-packages/airflow/example_dags/example_task_group_decorator.py
[2022-03-22 18:14:48,254] {processor.py:654} INFO - DAG(s) dict_keys(['example_task_group_decorator']) retrieved from /Users/adebolafagbule/opt/anaconda3/envs/airflow_env/lib/python3.8/site-packages/airflow/example_dags/example_task_group_decorator.py
[2022-03-22 18:14:48,835] {logging_mixin.py:109} INFO - [2022-03-22 18:14:48,833] {dag.py:2398} INFO - Sync 1 DAGs
[2022-03-22 18:14:48,847] {logging_mixin.py:109} INFO - [2022-03-22 18:14:48,847] {dag.py:2937} INFO - Setting next_dagrun for example_task_group_decorator to 2022-03-21T22:14:48.846997+00:00
[2022-03-22 18:14:48,859] {processor.py:171} INFO - Processing /Users/adebolafagbule/opt/anaconda3/envs/airflow_env/lib/python3.8/site-packages/airflow/example_dags/example_task_group_decorator.py took 0.662 seconds
[2022-03-22 18:15:55,862] {processor.py:163} INFO - Started process (PID=65709) to work on /Users/adebolafagbule/opt/anaconda3/envs/airflow_env/lib/python3.8/site-packages/airflow/example_dags/example_task_group_decorator.py
[2022-03-22 18:15:55,863] {processor.py:642} INFO - Processing file /Users/adebolafagbule/opt/anaconda3/envs/airflow_env/lib/python3.8/site-packages/airflow/example_dags/example_task_group_decorator.py for tasks to queue
[2022-03-22 18:15:55,863] {logging_mixin.py:109} INFO - [2022-03-22 18:15:55,863] {dagbag.py:500} INFO - Filling up the DagBag from /Users/adebolafagbule/opt/anaconda3/envs/airflow_env/lib/python3.8/site-packages/airflow/example_dags/example_task_group_decorator.py
[2022-03-22 18:15:55,945] {processor.py:654} INFO - DAG(s) dict_keys(['example_task_group_decorator']) retrieved from /Users/adebolafagbule/opt/anaconda3/envs/airflow_env/lib/python3.8/site-packages/airflow/example_dags/example_task_group_decorator.py
[2022-03-22 18:15:56,220] {logging_mixin.py:109} INFO - [2022-03-22 18:15:56,220] {dag.py:2398} INFO - Sync 1 DAGs
[2022-03-22 18:15:56,228] {logging_mixin.py:109} INFO - [2022-03-22 18:15:56,228] {dag.py:2937} INFO - Setting next_dagrun for example_task_group_decorator to 2022-03-21T22:15:56.228305+00:00
[2022-03-22 18:15:56,235] {processor.py:171} INFO - Processing /Users/adebolafagbule/opt/anaconda3/envs/airflow_env/lib/python3.8/site-packages/airflow/example_dags/example_task_group_decorator.py took 0.374 seconds
[2022-03-22 18:17:37,931] {processor.py:163} INFO - Started process (PID=65791) to work on /Users/adebolafagbule/opt/anaconda3/envs/airflow_env/lib/python3.8/site-packages/airflow/example_dags/example_task_group_decorator.py
[2022-03-22 18:17:37,932] {processor.py:642} INFO - Processing file /Users/adebolafagbule/opt/anaconda3/envs/airflow_env/lib/python3.8/site-packages/airflow/example_dags/example_task_group_decorator.py for tasks to queue
[2022-03-22 18:17:37,933] {logging_mixin.py:109} INFO - [2022-03-22 18:17:37,933] {dagbag.py:500} INFO - Filling up the DagBag from /Users/adebolafagbule/opt/anaconda3/envs/airflow_env/lib/python3.8/site-packages/airflow/example_dags/example_task_group_decorator.py
[2022-03-22 18:17:38,012] {processor.py:654} INFO - DAG(s) dict_keys(['example_task_group_decorator']) retrieved from /Users/adebolafagbule/opt/anaconda3/envs/airflow_env/lib/python3.8/site-packages/airflow/example_dags/example_task_group_decorator.py
[2022-03-22 18:17:38,473] {logging_mixin.py:109} INFO - [2022-03-22 18:17:38,471] {dag.py:2398} INFO - Sync 1 DAGs
[2022-03-22 18:17:38,507] {logging_mixin.py:109} INFO - [2022-03-22 18:17:38,506] {dag.py:2937} INFO - Setting next_dagrun for example_task_group_decorator to 2022-03-21T22:17:38.504396+00:00
[2022-03-22 18:17:38,525] {processor.py:171} INFO - Processing /Users/adebolafagbule/opt/anaconda3/envs/airflow_env/lib/python3.8/site-packages/airflow/example_dags/example_task_group_decorator.py took 0.595 seconds
[2022-03-22 18:19:16,841] {processor.py:163} INFO - Started process (PID=65870) to work on /Users/adebolafagbule/opt/anaconda3/envs/airflow_env/lib/python3.8/site-packages/airflow/example_dags/example_task_group_decorator.py
[2022-03-22 18:19:16,843] {processor.py:642} INFO - Processing file /Users/adebolafagbule/opt/anaconda3/envs/airflow_env/lib/python3.8/site-packages/airflow/example_dags/example_task_group_decorator.py for tasks to queue
[2022-03-22 18:19:16,843] {logging_mixin.py:109} INFO - [2022-03-22 18:19:16,843] {dagbag.py:500} INFO - Filling up the DagBag from /Users/adebolafagbule/opt/anaconda3/envs/airflow_env/lib/python3.8/site-packages/airflow/example_dags/example_task_group_decorator.py
[2022-03-22 18:19:16,917] {processor.py:654} INFO - DAG(s) dict_keys(['example_task_group_decorator']) retrieved from /Users/adebolafagbule/opt/anaconda3/envs/airflow_env/lib/python3.8/site-packages/airflow/example_dags/example_task_group_decorator.py
[2022-03-22 18:19:17,285] {logging_mixin.py:109} INFO - [2022-03-22 18:19:17,284] {dag.py:2398} INFO - Sync 1 DAGs
[2022-03-22 18:19:17,298] {logging_mixin.py:109} INFO - [2022-03-22 18:19:17,298] {dag.py:2937} INFO - Setting next_dagrun for example_task_group_decorator to 2022-03-21T22:19:17.297724+00:00
[2022-03-22 18:19:17,307] {processor.py:171} INFO - Processing /Users/adebolafagbule/opt/anaconda3/envs/airflow_env/lib/python3.8/site-packages/airflow/example_dags/example_task_group_decorator.py took 0.466 seconds
[2022-03-22 18:20:52,916] {processor.py:163} INFO - Started process (PID=65950) to work on /Users/adebolafagbule/opt/anaconda3/envs/airflow_env/lib/python3.8/site-packages/airflow/example_dags/example_task_group_decorator.py
[2022-03-22 18:20:52,918] {processor.py:642} INFO - Processing file /Users/adebolafagbule/opt/anaconda3/envs/airflow_env/lib/python3.8/site-packages/airflow/example_dags/example_task_group_decorator.py for tasks to queue
[2022-03-22 18:20:52,918] {logging_mixin.py:109} INFO - [2022-03-22 18:20:52,918] {dagbag.py:500} INFO - Filling up the DagBag from /Users/adebolafagbule/opt/anaconda3/envs/airflow_env/lib/python3.8/site-packages/airflow/example_dags/example_task_group_decorator.py
[2022-03-22 18:20:52,967] {processor.py:654} INFO - DAG(s) dict_keys(['example_task_group_decorator']) retrieved from /Users/adebolafagbule/opt/anaconda3/envs/airflow_env/lib/python3.8/site-packages/airflow/example_dags/example_task_group_decorator.py
[2022-03-22 18:20:53,147] {logging_mixin.py:109} INFO - [2022-03-22 18:20:53,147] {dag.py:2398} INFO - Sync 1 DAGs
[2022-03-22 18:20:53,154] {logging_mixin.py:109} INFO - [2022-03-22 18:20:53,154] {dag.py:2937} INFO - Setting next_dagrun for example_task_group_decorator to 2022-03-21T22:20:53.154491+00:00
[2022-03-22 18:20:53,161] {processor.py:171} INFO - Processing /Users/adebolafagbule/opt/anaconda3/envs/airflow_env/lib/python3.8/site-packages/airflow/example_dags/example_task_group_decorator.py took 0.245 seconds
[2022-03-22 18:22:19,390] {processor.py:163} INFO - Started process (PID=66027) to work on /Users/adebolafagbule/opt/anaconda3/envs/airflow_env/lib/python3.8/site-packages/airflow/example_dags/example_task_group_decorator.py
[2022-03-22 18:22:19,391] {processor.py:642} INFO - Processing file /Users/adebolafagbule/opt/anaconda3/envs/airflow_env/lib/python3.8/site-packages/airflow/example_dags/example_task_group_decorator.py for tasks to queue
[2022-03-22 18:22:19,391] {logging_mixin.py:109} INFO - [2022-03-22 18:22:19,391] {dagbag.py:500} INFO - Filling up the DagBag from /Users/adebolafagbule/opt/anaconda3/envs/airflow_env/lib/python3.8/site-packages/airflow/example_dags/example_task_group_decorator.py
[2022-03-22 18:22:19,442] {processor.py:654} INFO - DAG(s) dict_keys(['example_task_group_decorator']) retrieved from /Users/adebolafagbule/opt/anaconda3/envs/airflow_env/lib/python3.8/site-packages/airflow/example_dags/example_task_group_decorator.py
[2022-03-22 18:22:19,623] {logging_mixin.py:109} INFO - [2022-03-22 18:22:19,623] {dag.py:2398} INFO - Sync 1 DAGs
[2022-03-22 18:22:19,630] {logging_mixin.py:109} INFO - [2022-03-22 18:22:19,630] {dag.py:2937} INFO - Setting next_dagrun for example_task_group_decorator to 2022-03-21T22:22:19.630510+00:00
[2022-03-22 18:22:19,640] {processor.py:171} INFO - Processing /Users/adebolafagbule/opt/anaconda3/envs/airflow_env/lib/python3.8/site-packages/airflow/example_dags/example_task_group_decorator.py took 0.251 seconds
[2022-03-22 18:23:47,635] {processor.py:163} INFO - Started process (PID=66105) to work on /Users/adebolafagbule/opt/anaconda3/envs/airflow_env/lib/python3.8/site-packages/airflow/example_dags/example_task_group_decorator.py
[2022-03-22 18:23:47,637] {processor.py:642} INFO - Processing file /Users/adebolafagbule/opt/anaconda3/envs/airflow_env/lib/python3.8/site-packages/airflow/example_dags/example_task_group_decorator.py for tasks to queue
[2022-03-22 18:23:47,637] {logging_mixin.py:109} INFO - [2022-03-22 18:23:47,637] {dagbag.py:500} INFO - Filling up the DagBag from /Users/adebolafagbule/opt/anaconda3/envs/airflow_env/lib/python3.8/site-packages/airflow/example_dags/example_task_group_decorator.py
[2022-03-22 18:23:47,696] {processor.py:654} INFO - DAG(s) dict_keys(['example_task_group_decorator']) retrieved from /Users/adebolafagbule/opt/anaconda3/envs/airflow_env/lib/python3.8/site-packages/airflow/example_dags/example_task_group_decorator.py
[2022-03-22 18:23:48,047] {logging_mixin.py:109} INFO - [2022-03-22 18:23:48,047] {dag.py:2398} INFO - Sync 1 DAGs
[2022-03-22 18:23:48,089] {logging_mixin.py:109} INFO - [2022-03-22 18:23:48,088] {dag.py:2937} INFO - Setting next_dagrun for example_task_group_decorator to 2022-03-21T22:23:48.087835+00:00
[2022-03-22 18:23:48,105] {processor.py:171} INFO - Processing /Users/adebolafagbule/opt/anaconda3/envs/airflow_env/lib/python3.8/site-packages/airflow/example_dags/example_task_group_decorator.py took 0.470 seconds
[2022-03-22 18:25:18,279] {processor.py:163} INFO - Started process (PID=66182) to work on /Users/adebolafagbule/opt/anaconda3/envs/airflow_env/lib/python3.8/site-packages/airflow/example_dags/example_task_group_decorator.py
[2022-03-22 18:25:18,280] {processor.py:642} INFO - Processing file /Users/adebolafagbule/opt/anaconda3/envs/airflow_env/lib/python3.8/site-packages/airflow/example_dags/example_task_group_decorator.py for tasks to queue
[2022-03-22 18:25:18,280] {logging_mixin.py:109} INFO - [2022-03-22 18:25:18,280] {dagbag.py:500} INFO - Filling up the DagBag from /Users/adebolafagbule/opt/anaconda3/envs/airflow_env/lib/python3.8/site-packages/airflow/example_dags/example_task_group_decorator.py
[2022-03-22 18:25:18,339] {processor.py:654} INFO - DAG(s) dict_keys(['example_task_group_decorator']) retrieved from /Users/adebolafagbule/opt/anaconda3/envs/airflow_env/lib/python3.8/site-packages/airflow/example_dags/example_task_group_decorator.py
[2022-03-22 18:25:18,701] {logging_mixin.py:109} INFO - [2022-03-22 18:25:18,699] {dag.py:2398} INFO - Sync 1 DAGs
[2022-03-22 18:25:18,711] {logging_mixin.py:109} INFO - [2022-03-22 18:25:18,711] {dag.py:2937} INFO - Setting next_dagrun for example_task_group_decorator to 2022-03-21T22:25:18.711231+00:00
[2022-03-22 18:25:18,721] {processor.py:171} INFO - Processing /Users/adebolafagbule/opt/anaconda3/envs/airflow_env/lib/python3.8/site-packages/airflow/example_dags/example_task_group_decorator.py took 0.442 seconds
[2022-03-22 18:27:02,036] {processor.py:163} INFO - Started process (PID=66267) to work on /Users/adebolafagbule/opt/anaconda3/envs/airflow_env/lib/python3.8/site-packages/airflow/example_dags/example_task_group_decorator.py
[2022-03-22 18:27:02,037] {processor.py:642} INFO - Processing file /Users/adebolafagbule/opt/anaconda3/envs/airflow_env/lib/python3.8/site-packages/airflow/example_dags/example_task_group_decorator.py for tasks to queue
[2022-03-22 18:27:02,038] {logging_mixin.py:109} INFO - [2022-03-22 18:27:02,038] {dagbag.py:500} INFO - Filling up the DagBag from /Users/adebolafagbule/opt/anaconda3/envs/airflow_env/lib/python3.8/site-packages/airflow/example_dags/example_task_group_decorator.py
[2022-03-22 18:27:02,098] {processor.py:654} INFO - DAG(s) dict_keys(['example_task_group_decorator']) retrieved from /Users/adebolafagbule/opt/anaconda3/envs/airflow_env/lib/python3.8/site-packages/airflow/example_dags/example_task_group_decorator.py
[2022-03-22 18:27:02,302] {logging_mixin.py:109} INFO - [2022-03-22 18:27:02,302] {dag.py:2398} INFO - Sync 1 DAGs
[2022-03-22 18:27:02,310] {logging_mixin.py:109} INFO - [2022-03-22 18:27:02,310] {dag.py:2937} INFO - Setting next_dagrun for example_task_group_decorator to 2022-03-21T22:27:02.310245+00:00
[2022-03-22 18:27:02,317] {processor.py:171} INFO - Processing /Users/adebolafagbule/opt/anaconda3/envs/airflow_env/lib/python3.8/site-packages/airflow/example_dags/example_task_group_decorator.py took 0.282 seconds
[2022-03-22 18:28:33,471] {processor.py:163} INFO - Started process (PID=66346) to work on /Users/adebolafagbule/opt/anaconda3/envs/airflow_env/lib/python3.8/site-packages/airflow/example_dags/example_task_group_decorator.py
[2022-03-22 18:28:33,473] {processor.py:642} INFO - Processing file /Users/adebolafagbule/opt/anaconda3/envs/airflow_env/lib/python3.8/site-packages/airflow/example_dags/example_task_group_decorator.py for tasks to queue
[2022-03-22 18:28:33,474] {logging_mixin.py:109} INFO - [2022-03-22 18:28:33,474] {dagbag.py:500} INFO - Filling up the DagBag from /Users/adebolafagbule/opt/anaconda3/envs/airflow_env/lib/python3.8/site-packages/airflow/example_dags/example_task_group_decorator.py
[2022-03-22 18:28:33,577] {processor.py:654} INFO - DAG(s) dict_keys(['example_task_group_decorator']) retrieved from /Users/adebolafagbule/opt/anaconda3/envs/airflow_env/lib/python3.8/site-packages/airflow/example_dags/example_task_group_decorator.py
[2022-03-22 18:28:33,803] {logging_mixin.py:109} INFO - [2022-03-22 18:28:33,803] {dag.py:2398} INFO - Sync 1 DAGs
[2022-03-22 18:28:33,812] {logging_mixin.py:109} INFO - [2022-03-22 18:28:33,812] {dag.py:2937} INFO - Setting next_dagrun for example_task_group_decorator to 2022-03-21T22:28:33.812174+00:00
[2022-03-22 18:28:33,824] {processor.py:171} INFO - Processing /Users/adebolafagbule/opt/anaconda3/envs/airflow_env/lib/python3.8/site-packages/airflow/example_dags/example_task_group_decorator.py took 0.357 seconds
