[2022-03-21 21:43:59,027] {processor.py:163} INFO - Started process (PID=61172) to work on /Users/adebolafagbule/opt/anaconda3/envs/airflow_env/lib/python3.8/site-packages/airflow/example_dags/example_branch_operator.py
[2022-03-21 21:43:59,027] {processor.py:642} INFO - Processing file /Users/adebolafagbule/opt/anaconda3/envs/airflow_env/lib/python3.8/site-packages/airflow/example_dags/example_branch_operator.py for tasks to queue
[2022-03-21 21:43:59,028] {logging_mixin.py:109} INFO - [2022-03-21 21:43:59,028] {dagbag.py:500} INFO - Filling up the DagBag from /Users/adebolafagbule/opt/anaconda3/envs/airflow_env/lib/python3.8/site-packages/airflow/example_dags/example_branch_operator.py
[2022-03-21 21:43:59,125] {processor.py:654} INFO - DAG(s) dict_keys(['example_branch_operator']) retrieved from /Users/adebolafagbule/opt/anaconda3/envs/airflow_env/lib/python3.8/site-packages/airflow/example_dags/example_branch_operator.py
[2022-03-21 21:43:59,161] {logging_mixin.py:109} INFO - [2022-03-21 21:43:59,161] {dag.py:2398} INFO - Sync 1 DAGs
[2022-03-21 21:43:59,182] {logging_mixin.py:109} INFO - [2022-03-21 21:43:59,182] {dag.py:2937} INFO - Setting next_dagrun for example_branch_operator to 2022-03-21 00:00:00+00:00
[2022-03-21 21:43:59,194] {processor.py:171} INFO - Processing /Users/adebolafagbule/opt/anaconda3/envs/airflow_env/lib/python3.8/site-packages/airflow/example_dags/example_branch_operator.py took 0.169 seconds
[2022-03-22 04:36:47,052] {processor.py:163} INFO - Started process (PID=61379) to work on /Users/adebolafagbule/opt/anaconda3/envs/airflow_env/lib/python3.8/site-packages/airflow/example_dags/example_branch_operator.py
[2022-03-22 04:36:47,053] {processor.py:642} INFO - Processing file /Users/adebolafagbule/opt/anaconda3/envs/airflow_env/lib/python3.8/site-packages/airflow/example_dags/example_branch_operator.py for tasks to queue
[2022-03-22 04:36:47,054] {logging_mixin.py:109} INFO - [2022-03-22 04:36:47,054] {dagbag.py:500} INFO - Filling up the DagBag from /Users/adebolafagbule/opt/anaconda3/envs/airflow_env/lib/python3.8/site-packages/airflow/example_dags/example_branch_operator.py
[2022-03-22 04:36:47,150] {processor.py:654} INFO - DAG(s) dict_keys(['example_branch_operator']) retrieved from /Users/adebolafagbule/opt/anaconda3/envs/airflow_env/lib/python3.8/site-packages/airflow/example_dags/example_branch_operator.py
[2022-03-22 04:36:47,184] {logging_mixin.py:109} INFO - [2022-03-22 04:36:47,183] {dag.py:2398} INFO - Sync 1 DAGs
[2022-03-22 04:36:47,204] {logging_mixin.py:109} INFO - [2022-03-22 04:36:47,204] {dag.py:2937} INFO - Setting next_dagrun for example_branch_operator to 2022-03-21 00:00:00+00:00
[2022-03-22 04:36:47,218] {processor.py:171} INFO - Processing /Users/adebolafagbule/opt/anaconda3/envs/airflow_env/lib/python3.8/site-packages/airflow/example_dags/example_branch_operator.py took 0.167 seconds
[2022-03-22 07:00:10,880] {processor.py:163} INFO - Started process (PID=61524) to work on /Users/adebolafagbule/opt/anaconda3/envs/airflow_env/lib/python3.8/site-packages/airflow/example_dags/example_branch_operator.py
[2022-03-22 07:00:10,882] {processor.py:642} INFO - Processing file /Users/adebolafagbule/opt/anaconda3/envs/airflow_env/lib/python3.8/site-packages/airflow/example_dags/example_branch_operator.py for tasks to queue
[2022-03-22 07:00:10,883] {logging_mixin.py:109} INFO - [2022-03-22 07:00:10,883] {dagbag.py:500} INFO - Filling up the DagBag from /Users/adebolafagbule/opt/anaconda3/envs/airflow_env/lib/python3.8/site-packages/airflow/example_dags/example_branch_operator.py
[2022-03-22 07:00:11,061] {processor.py:654} INFO - DAG(s) dict_keys(['example_branch_operator']) retrieved from /Users/adebolafagbule/opt/anaconda3/envs/airflow_env/lib/python3.8/site-packages/airflow/example_dags/example_branch_operator.py
[2022-03-22 07:00:11,137] {logging_mixin.py:109} INFO - [2022-03-22 07:00:11,137] {dag.py:2398} INFO - Sync 1 DAGs
[2022-03-22 07:00:11,156] {logging_mixin.py:109} INFO - [2022-03-22 07:00:11,156] {dag.py:2937} INFO - Setting next_dagrun for example_branch_operator to 2022-03-21 00:00:00+00:00
[2022-03-22 07:00:11,194] {processor.py:171} INFO - Processing /Users/adebolafagbule/opt/anaconda3/envs/airflow_env/lib/python3.8/site-packages/airflow/example_dags/example_branch_operator.py took 0.319 seconds
[2022-03-22 08:28:31,250] {processor.py:163} INFO - Started process (PID=61656) to work on /Users/adebolafagbule/opt/anaconda3/envs/airflow_env/lib/python3.8/site-packages/airflow/example_dags/example_branch_operator.py
[2022-03-22 08:28:31,252] {processor.py:642} INFO - Processing file /Users/adebolafagbule/opt/anaconda3/envs/airflow_env/lib/python3.8/site-packages/airflow/example_dags/example_branch_operator.py for tasks to queue
[2022-03-22 08:28:31,253] {logging_mixin.py:109} INFO - [2022-03-22 08:28:31,253] {dagbag.py:500} INFO - Filling up the DagBag from /Users/adebolafagbule/opt/anaconda3/envs/airflow_env/lib/python3.8/site-packages/airflow/example_dags/example_branch_operator.py
[2022-03-22 08:28:31,367] {processor.py:654} INFO - DAG(s) dict_keys(['example_branch_operator']) retrieved from /Users/adebolafagbule/opt/anaconda3/envs/airflow_env/lib/python3.8/site-packages/airflow/example_dags/example_branch_operator.py
[2022-03-22 08:28:31,410] {logging_mixin.py:109} INFO - [2022-03-22 08:28:31,410] {dag.py:2398} INFO - Sync 1 DAGs
[2022-03-22 08:28:31,433] {logging_mixin.py:109} INFO - [2022-03-22 08:28:31,432] {dag.py:2937} INFO - Setting next_dagrun for example_branch_operator to 2022-03-21 00:00:00+00:00
[2022-03-22 08:28:31,447] {processor.py:171} INFO - Processing /Users/adebolafagbule/opt/anaconda3/envs/airflow_env/lib/python3.8/site-packages/airflow/example_dags/example_branch_operator.py took 0.201 seconds
[2022-03-22 09:15:56,284] {processor.py:163} INFO - Started process (PID=61798) to work on /Users/adebolafagbule/opt/anaconda3/envs/airflow_env/lib/python3.8/site-packages/airflow/example_dags/example_branch_operator.py
[2022-03-22 09:15:56,286] {processor.py:642} INFO - Processing file /Users/adebolafagbule/opt/anaconda3/envs/airflow_env/lib/python3.8/site-packages/airflow/example_dags/example_branch_operator.py for tasks to queue
[2022-03-22 09:15:56,287] {logging_mixin.py:109} INFO - [2022-03-22 09:15:56,287] {dagbag.py:500} INFO - Filling up the DagBag from /Users/adebolafagbule/opt/anaconda3/envs/airflow_env/lib/python3.8/site-packages/airflow/example_dags/example_branch_operator.py
[2022-03-22 09:15:56,383] {processor.py:654} INFO - DAG(s) dict_keys(['example_branch_operator']) retrieved from /Users/adebolafagbule/opt/anaconda3/envs/airflow_env/lib/python3.8/site-packages/airflow/example_dags/example_branch_operator.py
[2022-03-22 09:15:56,418] {logging_mixin.py:109} INFO - [2022-03-22 09:15:56,417] {dag.py:2398} INFO - Sync 1 DAGs
[2022-03-22 09:15:56,438] {logging_mixin.py:109} INFO - [2022-03-22 09:15:56,438] {dag.py:2937} INFO - Setting next_dagrun for example_branch_operator to 2022-03-21 00:00:00+00:00
[2022-03-22 09:15:56,450] {processor.py:171} INFO - Processing /Users/adebolafagbule/opt/anaconda3/envs/airflow_env/lib/python3.8/site-packages/airflow/example_dags/example_branch_operator.py took 0.167 seconds
[2022-03-22 09:53:01,918] {processor.py:163} INFO - Started process (PID=61963) to work on /Users/adebolafagbule/opt/anaconda3/envs/airflow_env/lib/python3.8/site-packages/airflow/example_dags/example_branch_operator.py
[2022-03-22 09:53:01,919] {processor.py:642} INFO - Processing file /Users/adebolafagbule/opt/anaconda3/envs/airflow_env/lib/python3.8/site-packages/airflow/example_dags/example_branch_operator.py for tasks to queue
[2022-03-22 09:53:01,920] {logging_mixin.py:109} INFO - [2022-03-22 09:53:01,920] {dagbag.py:500} INFO - Filling up the DagBag from /Users/adebolafagbule/opt/anaconda3/envs/airflow_env/lib/python3.8/site-packages/airflow/example_dags/example_branch_operator.py
[2022-03-22 09:53:02,021] {processor.py:654} INFO - DAG(s) dict_keys(['example_branch_operator']) retrieved from /Users/adebolafagbule/opt/anaconda3/envs/airflow_env/lib/python3.8/site-packages/airflow/example_dags/example_branch_operator.py
[2022-03-22 09:53:02,055] {logging_mixin.py:109} INFO - [2022-03-22 09:53:02,055] {dag.py:2398} INFO - Sync 1 DAGs
[2022-03-22 09:53:02,077] {logging_mixin.py:109} INFO - [2022-03-22 09:53:02,076] {dag.py:2937} INFO - Setting next_dagrun for example_branch_operator to 2022-03-21 00:00:00+00:00
[2022-03-22 09:53:02,090] {processor.py:171} INFO - Processing /Users/adebolafagbule/opt/anaconda3/envs/airflow_env/lib/python3.8/site-packages/airflow/example_dags/example_branch_operator.py took 0.173 seconds
[2022-03-22 10:44:28,601] {processor.py:163} INFO - Started process (PID=62111) to work on /Users/adebolafagbule/opt/anaconda3/envs/airflow_env/lib/python3.8/site-packages/airflow/example_dags/example_branch_operator.py
[2022-03-22 10:44:28,602] {processor.py:642} INFO - Processing file /Users/adebolafagbule/opt/anaconda3/envs/airflow_env/lib/python3.8/site-packages/airflow/example_dags/example_branch_operator.py for tasks to queue
[2022-03-22 10:44:28,603] {logging_mixin.py:109} INFO - [2022-03-22 10:44:28,603] {dagbag.py:500} INFO - Filling up the DagBag from /Users/adebolafagbule/opt/anaconda3/envs/airflow_env/lib/python3.8/site-packages/airflow/example_dags/example_branch_operator.py
[2022-03-22 10:44:28,677] {processor.py:654} INFO - DAG(s) dict_keys(['example_branch_operator']) retrieved from /Users/adebolafagbule/opt/anaconda3/envs/airflow_env/lib/python3.8/site-packages/airflow/example_dags/example_branch_operator.py
[2022-03-22 10:44:28,704] {logging_mixin.py:109} INFO - [2022-03-22 10:44:28,704] {dag.py:2398} INFO - Sync 1 DAGs
[2022-03-22 10:44:28,720] {logging_mixin.py:109} INFO - [2022-03-22 10:44:28,720] {dag.py:2937} INFO - Setting next_dagrun for example_branch_operator to 2022-03-21 00:00:00+00:00
[2022-03-22 10:44:28,730] {processor.py:171} INFO - Processing /Users/adebolafagbule/opt/anaconda3/envs/airflow_env/lib/python3.8/site-packages/airflow/example_dags/example_branch_operator.py took 0.131 seconds
[2022-03-22 11:00:50,025] {processor.py:163} INFO - Started process (PID=62209) to work on /Users/adebolafagbule/opt/anaconda3/envs/airflow_env/lib/python3.8/site-packages/airflow/example_dags/example_branch_operator.py
[2022-03-22 11:00:50,031] {processor.py:642} INFO - Processing file /Users/adebolafagbule/opt/anaconda3/envs/airflow_env/lib/python3.8/site-packages/airflow/example_dags/example_branch_operator.py for tasks to queue
[2022-03-22 11:00:50,031] {logging_mixin.py:109} INFO - [2022-03-22 11:00:50,031] {dagbag.py:500} INFO - Filling up the DagBag from /Users/adebolafagbule/opt/anaconda3/envs/airflow_env/lib/python3.8/site-packages/airflow/example_dags/example_branch_operator.py
[2022-03-22 11:00:50,073] {processor.py:654} INFO - DAG(s) dict_keys(['example_branch_operator']) retrieved from /Users/adebolafagbule/opt/anaconda3/envs/airflow_env/lib/python3.8/site-packages/airflow/example_dags/example_branch_operator.py
[2022-03-22 11:00:50,087] {logging_mixin.py:109} INFO - [2022-03-22 11:00:50,087] {dag.py:2398} INFO - Sync 1 DAGs
[2022-03-22 11:00:50,095] {logging_mixin.py:109} INFO - [2022-03-22 11:00:50,095] {dag.py:2937} INFO - Setting next_dagrun for example_branch_operator to 2022-03-21 00:00:00+00:00
[2022-03-22 11:00:50,101] {processor.py:171} INFO - Processing /Users/adebolafagbule/opt/anaconda3/envs/airflow_env/lib/python3.8/site-packages/airflow/example_dags/example_branch_operator.py took 0.076 seconds
[2022-03-22 11:02:06,095] {processor.py:163} INFO - Started process (PID=62293) to work on /Users/adebolafagbule/opt/anaconda3/envs/airflow_env/lib/python3.8/site-packages/airflow/example_dags/example_branch_operator.py
[2022-03-22 11:02:06,097] {processor.py:642} INFO - Processing file /Users/adebolafagbule/opt/anaconda3/envs/airflow_env/lib/python3.8/site-packages/airflow/example_dags/example_branch_operator.py for tasks to queue
[2022-03-22 11:02:06,097] {logging_mixin.py:109} INFO - [2022-03-22 11:02:06,097] {dagbag.py:500} INFO - Filling up the DagBag from /Users/adebolafagbule/opt/anaconda3/envs/airflow_env/lib/python3.8/site-packages/airflow/example_dags/example_branch_operator.py
[2022-03-22 11:02:06,135] {processor.py:654} INFO - DAG(s) dict_keys(['example_branch_operator']) retrieved from /Users/adebolafagbule/opt/anaconda3/envs/airflow_env/lib/python3.8/site-packages/airflow/example_dags/example_branch_operator.py
[2022-03-22 11:02:06,148] {logging_mixin.py:109} INFO - [2022-03-22 11:02:06,148] {dag.py:2398} INFO - Sync 1 DAGs
[2022-03-22 11:02:06,156] {logging_mixin.py:109} INFO - [2022-03-22 11:02:06,156] {dag.py:2937} INFO - Setting next_dagrun for example_branch_operator to 2022-03-21 00:00:00+00:00
[2022-03-22 11:02:06,162] {processor.py:171} INFO - Processing /Users/adebolafagbule/opt/anaconda3/envs/airflow_env/lib/python3.8/site-packages/airflow/example_dags/example_branch_operator.py took 0.067 seconds
[2022-03-22 11:03:22,087] {processor.py:163} INFO - Started process (PID=62468) to work on /Users/adebolafagbule/opt/anaconda3/envs/airflow_env/lib/python3.8/site-packages/airflow/example_dags/example_branch_operator.py
[2022-03-22 11:03:22,089] {processor.py:642} INFO - Processing file /Users/adebolafagbule/opt/anaconda3/envs/airflow_env/lib/python3.8/site-packages/airflow/example_dags/example_branch_operator.py for tasks to queue
[2022-03-22 11:03:22,089] {logging_mixin.py:109} INFO - [2022-03-22 11:03:22,089] {dagbag.py:500} INFO - Filling up the DagBag from /Users/adebolafagbule/opt/anaconda3/envs/airflow_env/lib/python3.8/site-packages/airflow/example_dags/example_branch_operator.py
[2022-03-22 11:03:22,127] {processor.py:654} INFO - DAG(s) dict_keys(['example_branch_operator']) retrieved from /Users/adebolafagbule/opt/anaconda3/envs/airflow_env/lib/python3.8/site-packages/airflow/example_dags/example_branch_operator.py
[2022-03-22 11:03:22,140] {logging_mixin.py:109} INFO - [2022-03-22 11:03:22,140] {dag.py:2398} INFO - Sync 1 DAGs
[2022-03-22 11:03:22,148] {logging_mixin.py:109} INFO - [2022-03-22 11:03:22,148] {dag.py:2937} INFO - Setting next_dagrun for example_branch_operator to 2022-03-21 00:00:00+00:00
[2022-03-22 11:03:22,156] {processor.py:171} INFO - Processing /Users/adebolafagbule/opt/anaconda3/envs/airflow_env/lib/python3.8/site-packages/airflow/example_dags/example_branch_operator.py took 0.069 seconds
[2022-03-22 11:04:41,637] {processor.py:163} INFO - Started process (PID=62543) to work on /Users/adebolafagbule/opt/anaconda3/envs/airflow_env/lib/python3.8/site-packages/airflow/example_dags/example_branch_operator.py
[2022-03-22 11:04:41,638] {processor.py:642} INFO - Processing file /Users/adebolafagbule/opt/anaconda3/envs/airflow_env/lib/python3.8/site-packages/airflow/example_dags/example_branch_operator.py for tasks to queue
[2022-03-22 11:04:41,638] {logging_mixin.py:109} INFO - [2022-03-22 11:04:41,638] {dagbag.py:500} INFO - Filling up the DagBag from /Users/adebolafagbule/opt/anaconda3/envs/airflow_env/lib/python3.8/site-packages/airflow/example_dags/example_branch_operator.py
[2022-03-22 11:04:41,689] {processor.py:654} INFO - DAG(s) dict_keys(['example_branch_operator']) retrieved from /Users/adebolafagbule/opt/anaconda3/envs/airflow_env/lib/python3.8/site-packages/airflow/example_dags/example_branch_operator.py
[2022-03-22 11:04:41,703] {logging_mixin.py:109} INFO - [2022-03-22 11:04:41,703] {dag.py:2398} INFO - Sync 1 DAGs
[2022-03-22 11:04:41,711] {logging_mixin.py:109} INFO - [2022-03-22 11:04:41,711] {dag.py:2937} INFO - Setting next_dagrun for example_branch_operator to 2022-03-21 00:00:00+00:00
[2022-03-22 11:04:41,719] {processor.py:171} INFO - Processing /Users/adebolafagbule/opt/anaconda3/envs/airflow_env/lib/python3.8/site-packages/airflow/example_dags/example_branch_operator.py took 0.082 seconds
[2022-03-22 11:24:52,360] {processor.py:163} INFO - Started process (PID=62687) to work on /Users/adebolafagbule/opt/anaconda3/envs/airflow_env/lib/python3.8/site-packages/airflow/example_dags/example_branch_operator.py
[2022-03-22 11:24:52,360] {processor.py:642} INFO - Processing file /Users/adebolafagbule/opt/anaconda3/envs/airflow_env/lib/python3.8/site-packages/airflow/example_dags/example_branch_operator.py for tasks to queue
[2022-03-22 11:24:52,361] {logging_mixin.py:109} INFO - [2022-03-22 11:24:52,361] {dagbag.py:500} INFO - Filling up the DagBag from /Users/adebolafagbule/opt/anaconda3/envs/airflow_env/lib/python3.8/site-packages/airflow/example_dags/example_branch_operator.py
[2022-03-22 11:24:52,413] {processor.py:654} INFO - DAG(s) dict_keys(['example_branch_operator']) retrieved from /Users/adebolafagbule/opt/anaconda3/envs/airflow_env/lib/python3.8/site-packages/airflow/example_dags/example_branch_operator.py
[2022-03-22 11:24:52,434] {logging_mixin.py:109} INFO - [2022-03-22 11:24:52,434] {dag.py:2398} INFO - Sync 1 DAGs
[2022-03-22 11:24:52,446] {logging_mixin.py:109} INFO - [2022-03-22 11:24:52,445] {dag.py:2937} INFO - Setting next_dagrun for example_branch_operator to 2022-03-21 00:00:00+00:00
[2022-03-22 11:24:52,453] {processor.py:171} INFO - Processing /Users/adebolafagbule/opt/anaconda3/envs/airflow_env/lib/python3.8/site-packages/airflow/example_dags/example_branch_operator.py took 0.094 seconds
[2022-03-22 12:12:13,453] {processor.py:163} INFO - Started process (PID=62777) to work on /Users/adebolafagbule/opt/anaconda3/envs/airflow_env/lib/python3.8/site-packages/airflow/example_dags/example_branch_operator.py
[2022-03-22 12:12:13,454] {processor.py:642} INFO - Processing file /Users/adebolafagbule/opt/anaconda3/envs/airflow_env/lib/python3.8/site-packages/airflow/example_dags/example_branch_operator.py for tasks to queue
[2022-03-22 12:12:13,454] {logging_mixin.py:109} INFO - [2022-03-22 12:12:13,454] {dagbag.py:500} INFO - Filling up the DagBag from /Users/adebolafagbule/opt/anaconda3/envs/airflow_env/lib/python3.8/site-packages/airflow/example_dags/example_branch_operator.py
[2022-03-22 12:12:13,532] {processor.py:654} INFO - DAG(s) dict_keys(['example_branch_operator']) retrieved from /Users/adebolafagbule/opt/anaconda3/envs/airflow_env/lib/python3.8/site-packages/airflow/example_dags/example_branch_operator.py
[2022-03-22 12:12:13,561] {logging_mixin.py:109} INFO - [2022-03-22 12:12:13,561] {dag.py:2398} INFO - Sync 1 DAGs
[2022-03-22 12:12:13,578] {logging_mixin.py:109} INFO - [2022-03-22 12:12:13,578] {dag.py:2937} INFO - Setting next_dagrun for example_branch_operator to 2022-03-21 00:00:00+00:00
[2022-03-22 12:12:13,588] {processor.py:171} INFO - Processing /Users/adebolafagbule/opt/anaconda3/envs/airflow_env/lib/python3.8/site-packages/airflow/example_dags/example_branch_operator.py took 0.136 seconds
[2022-03-22 12:46:56,960] {processor.py:163} INFO - Started process (PID=62864) to work on /Users/adebolafagbule/opt/anaconda3/envs/airflow_env/lib/python3.8/site-packages/airflow/example_dags/example_branch_operator.py
[2022-03-22 12:46:56,962] {processor.py:642} INFO - Processing file /Users/adebolafagbule/opt/anaconda3/envs/airflow_env/lib/python3.8/site-packages/airflow/example_dags/example_branch_operator.py for tasks to queue
[2022-03-22 12:46:56,962] {logging_mixin.py:109} INFO - [2022-03-22 12:46:56,962] {dagbag.py:500} INFO - Filling up the DagBag from /Users/adebolafagbule/opt/anaconda3/envs/airflow_env/lib/python3.8/site-packages/airflow/example_dags/example_branch_operator.py
[2022-03-22 12:46:57,057] {processor.py:654} INFO - DAG(s) dict_keys(['example_branch_operator']) retrieved from /Users/adebolafagbule/opt/anaconda3/envs/airflow_env/lib/python3.8/site-packages/airflow/example_dags/example_branch_operator.py
[2022-03-22 12:46:57,092] {logging_mixin.py:109} INFO - [2022-03-22 12:46:57,092] {dag.py:2398} INFO - Sync 1 DAGs
[2022-03-22 12:46:57,113] {logging_mixin.py:109} INFO - [2022-03-22 12:46:57,112] {dag.py:2937} INFO - Setting next_dagrun for example_branch_operator to 2022-03-21 00:00:00+00:00
[2022-03-22 12:46:57,125] {processor.py:171} INFO - Processing /Users/adebolafagbule/opt/anaconda3/envs/airflow_env/lib/python3.8/site-packages/airflow/example_dags/example_branch_operator.py took 0.166 seconds
[2022-03-22 14:18:22,500] {processor.py:163} INFO - Started process (PID=63016) to work on /Users/adebolafagbule/opt/anaconda3/envs/airflow_env/lib/python3.8/site-packages/airflow/example_dags/example_branch_operator.py
[2022-03-22 14:18:22,502] {processor.py:642} INFO - Processing file /Users/adebolafagbule/opt/anaconda3/envs/airflow_env/lib/python3.8/site-packages/airflow/example_dags/example_branch_operator.py for tasks to queue
[2022-03-22 14:18:22,504] {logging_mixin.py:109} INFO - [2022-03-22 14:18:22,504] {dagbag.py:500} INFO - Filling up the DagBag from /Users/adebolafagbule/opt/anaconda3/envs/airflow_env/lib/python3.8/site-packages/airflow/example_dags/example_branch_operator.py
[2022-03-22 14:18:22,612] {processor.py:654} INFO - DAG(s) dict_keys(['example_branch_operator']) retrieved from /Users/adebolafagbule/opt/anaconda3/envs/airflow_env/lib/python3.8/site-packages/airflow/example_dags/example_branch_operator.py
[2022-03-22 14:18:22,686] {logging_mixin.py:109} INFO - [2022-03-22 14:18:22,685] {dag.py:2398} INFO - Sync 1 DAGs
[2022-03-22 14:18:22,712] {logging_mixin.py:109} INFO - [2022-03-22 14:18:22,711] {dag.py:2937} INFO - Setting next_dagrun for example_branch_operator to 2022-03-21 00:00:00+00:00
[2022-03-22 14:18:22,726] {processor.py:171} INFO - Processing /Users/adebolafagbule/opt/anaconda3/envs/airflow_env/lib/python3.8/site-packages/airflow/example_dags/example_branch_operator.py took 0.229 seconds
[2022-03-22 15:15:18,756] {processor.py:163} INFO - Started process (PID=63204) to work on /Users/adebolafagbule/opt/anaconda3/envs/airflow_env/lib/python3.8/site-packages/airflow/example_dags/example_branch_operator.py
[2022-03-22 15:15:18,757] {processor.py:642} INFO - Processing file /Users/adebolafagbule/opt/anaconda3/envs/airflow_env/lib/python3.8/site-packages/airflow/example_dags/example_branch_operator.py for tasks to queue
[2022-03-22 15:15:18,758] {logging_mixin.py:109} INFO - [2022-03-22 15:15:18,758] {dagbag.py:500} INFO - Filling up the DagBag from /Users/adebolafagbule/opt/anaconda3/envs/airflow_env/lib/python3.8/site-packages/airflow/example_dags/example_branch_operator.py
[2022-03-22 15:15:18,857] {processor.py:654} INFO - DAG(s) dict_keys(['example_branch_operator']) retrieved from /Users/adebolafagbule/opt/anaconda3/envs/airflow_env/lib/python3.8/site-packages/airflow/example_dags/example_branch_operator.py
[2022-03-22 15:15:18,894] {logging_mixin.py:109} INFO - [2022-03-22 15:15:18,893] {dag.py:2398} INFO - Sync 1 DAGs
[2022-03-22 15:15:18,914] {logging_mixin.py:109} INFO - [2022-03-22 15:15:18,914] {dag.py:2937} INFO - Setting next_dagrun for example_branch_operator to 2022-03-21 00:00:00+00:00
[2022-03-22 15:15:18,927] {processor.py:171} INFO - Processing /Users/adebolafagbule/opt/anaconda3/envs/airflow_env/lib/python3.8/site-packages/airflow/example_dags/example_branch_operator.py took 0.172 seconds
[2022-03-22 16:28:36,515] {processor.py:163} INFO - Started process (PID=63330) to work on /Users/adebolafagbule/opt/anaconda3/envs/airflow_env/lib/python3.8/site-packages/airflow/example_dags/example_branch_operator.py
[2022-03-22 16:28:36,516] {processor.py:642} INFO - Processing file /Users/adebolafagbule/opt/anaconda3/envs/airflow_env/lib/python3.8/site-packages/airflow/example_dags/example_branch_operator.py for tasks to queue
[2022-03-22 16:28:36,542] {logging_mixin.py:109} INFO - [2022-03-22 16:28:36,542] {dagbag.py:500} INFO - Filling up the DagBag from /Users/adebolafagbule/opt/anaconda3/envs/airflow_env/lib/python3.8/site-packages/airflow/example_dags/example_branch_operator.py
[2022-03-22 16:28:36,700] {processor.py:654} INFO - DAG(s) dict_keys(['example_branch_operator']) retrieved from /Users/adebolafagbule/opt/anaconda3/envs/airflow_env/lib/python3.8/site-packages/airflow/example_dags/example_branch_operator.py
[2022-03-22 16:28:36,779] {logging_mixin.py:109} INFO - [2022-03-22 16:28:36,779] {dag.py:2398} INFO - Sync 1 DAGs
[2022-03-22 16:28:36,833] {logging_mixin.py:109} INFO - [2022-03-22 16:28:36,832] {dag.py:2937} INFO - Setting next_dagrun for example_branch_operator to 2022-03-21 00:00:00+00:00
[2022-03-22 16:28:36,847] {processor.py:171} INFO - Processing /Users/adebolafagbule/opt/anaconda3/envs/airflow_env/lib/python3.8/site-packages/airflow/example_dags/example_branch_operator.py took 0.334 seconds
[2022-03-22 16:36:12,601] {processor.py:163} INFO - Started process (PID=63416) to work on /Users/adebolafagbule/opt/anaconda3/envs/airflow_env/lib/python3.8/site-packages/airflow/example_dags/example_branch_operator.py
[2022-03-22 16:36:12,603] {processor.py:642} INFO - Processing file /Users/adebolafagbule/opt/anaconda3/envs/airflow_env/lib/python3.8/site-packages/airflow/example_dags/example_branch_operator.py for tasks to queue
[2022-03-22 16:36:12,604] {logging_mixin.py:109} INFO - [2022-03-22 16:36:12,603] {dagbag.py:500} INFO - Filling up the DagBag from /Users/adebolafagbule/opt/anaconda3/envs/airflow_env/lib/python3.8/site-packages/airflow/example_dags/example_branch_operator.py
[2022-03-22 16:36:12,676] {processor.py:654} INFO - DAG(s) dict_keys(['example_branch_operator']) retrieved from /Users/adebolafagbule/opt/anaconda3/envs/airflow_env/lib/python3.8/site-packages/airflow/example_dags/example_branch_operator.py
[2022-03-22 16:36:12,701] {logging_mixin.py:109} INFO - [2022-03-22 16:36:12,701] {dag.py:2398} INFO - Sync 1 DAGs
[2022-03-22 16:36:12,716] {logging_mixin.py:109} INFO - [2022-03-22 16:36:12,716] {dag.py:2937} INFO - Setting next_dagrun for example_branch_operator to 2022-03-21 00:00:00+00:00
[2022-03-22 16:36:12,725] {processor.py:171} INFO - Processing /Users/adebolafagbule/opt/anaconda3/envs/airflow_env/lib/python3.8/site-packages/airflow/example_dags/example_branch_operator.py took 0.125 seconds
[2022-03-22 17:30:13,326] {processor.py:163} INFO - Started process (PID=63493) to work on /Users/adebolafagbule/opt/anaconda3/envs/airflow_env/lib/python3.8/site-packages/airflow/example_dags/example_branch_operator.py
[2022-03-22 17:30:13,328] {processor.py:642} INFO - Processing file /Users/adebolafagbule/opt/anaconda3/envs/airflow_env/lib/python3.8/site-packages/airflow/example_dags/example_branch_operator.py for tasks to queue
[2022-03-22 17:30:13,329] {logging_mixin.py:109} INFO - [2022-03-22 17:30:13,329] {dagbag.py:500} INFO - Filling up the DagBag from /Users/adebolafagbule/opt/anaconda3/envs/airflow_env/lib/python3.8/site-packages/airflow/example_dags/example_branch_operator.py
[2022-03-22 17:30:13,379] {processor.py:654} INFO - DAG(s) dict_keys(['example_branch_operator']) retrieved from /Users/adebolafagbule/opt/anaconda3/envs/airflow_env/lib/python3.8/site-packages/airflow/example_dags/example_branch_operator.py
[2022-03-22 17:30:13,402] {logging_mixin.py:109} INFO - [2022-03-22 17:30:13,402] {dag.py:2398} INFO - Sync 1 DAGs
[2022-03-22 17:30:13,414] {logging_mixin.py:109} INFO - [2022-03-22 17:30:13,414] {dag.py:2937} INFO - Setting next_dagrun for example_branch_operator to 2022-03-21 00:00:00+00:00
[2022-03-22 17:30:13,420] {processor.py:171} INFO - Processing /Users/adebolafagbule/opt/anaconda3/envs/airflow_env/lib/python3.8/site-packages/airflow/example_dags/example_branch_operator.py took 0.094 seconds
[2022-03-22 17:31:40,222] {processor.py:163} INFO - Started process (PID=63580) to work on /Users/adebolafagbule/opt/anaconda3/envs/airflow_env/lib/python3.8/site-packages/airflow/example_dags/example_branch_operator.py
[2022-03-22 17:31:40,223] {processor.py:642} INFO - Processing file /Users/adebolafagbule/opt/anaconda3/envs/airflow_env/lib/python3.8/site-packages/airflow/example_dags/example_branch_operator.py for tasks to queue
[2022-03-22 17:31:40,224] {logging_mixin.py:109} INFO - [2022-03-22 17:31:40,224] {dagbag.py:500} INFO - Filling up the DagBag from /Users/adebolafagbule/opt/anaconda3/envs/airflow_env/lib/python3.8/site-packages/airflow/example_dags/example_branch_operator.py
[2022-03-22 17:31:40,278] {processor.py:654} INFO - DAG(s) dict_keys(['example_branch_operator']) retrieved from /Users/adebolafagbule/opt/anaconda3/envs/airflow_env/lib/python3.8/site-packages/airflow/example_dags/example_branch_operator.py
[2022-03-22 17:31:40,294] {logging_mixin.py:109} INFO - [2022-03-22 17:31:40,294] {dag.py:2398} INFO - Sync 1 DAGs
[2022-03-22 17:31:40,303] {logging_mixin.py:109} INFO - [2022-03-22 17:31:40,303] {dag.py:2937} INFO - Setting next_dagrun for example_branch_operator to 2022-03-21 00:00:00+00:00
[2022-03-22 17:31:40,309] {processor.py:171} INFO - Processing /Users/adebolafagbule/opt/anaconda3/envs/airflow_env/lib/python3.8/site-packages/airflow/example_dags/example_branch_operator.py took 0.087 seconds
[2022-03-22 17:33:12,212] {processor.py:163} INFO - Started process (PID=63662) to work on /Users/adebolafagbule/opt/anaconda3/envs/airflow_env/lib/python3.8/site-packages/airflow/example_dags/example_branch_operator.py
[2022-03-22 17:33:12,213] {processor.py:642} INFO - Processing file /Users/adebolafagbule/opt/anaconda3/envs/airflow_env/lib/python3.8/site-packages/airflow/example_dags/example_branch_operator.py for tasks to queue
[2022-03-22 17:33:12,214] {logging_mixin.py:109} INFO - [2022-03-22 17:33:12,214] {dagbag.py:500} INFO - Filling up the DagBag from /Users/adebolafagbule/opt/anaconda3/envs/airflow_env/lib/python3.8/site-packages/airflow/example_dags/example_branch_operator.py
[2022-03-22 17:33:12,253] {processor.py:654} INFO - DAG(s) dict_keys(['example_branch_operator']) retrieved from /Users/adebolafagbule/opt/anaconda3/envs/airflow_env/lib/python3.8/site-packages/airflow/example_dags/example_branch_operator.py
[2022-03-22 17:33:12,275] {logging_mixin.py:109} INFO - [2022-03-22 17:33:12,275] {dag.py:2398} INFO - Sync 1 DAGs
[2022-03-22 17:33:12,287] {logging_mixin.py:109} INFO - [2022-03-22 17:33:12,287] {dag.py:2937} INFO - Setting next_dagrun for example_branch_operator to 2022-03-21 00:00:00+00:00
[2022-03-22 17:33:12,293] {processor.py:171} INFO - Processing /Users/adebolafagbule/opt/anaconda3/envs/airflow_env/lib/python3.8/site-packages/airflow/example_dags/example_branch_operator.py took 0.081 seconds
[2022-03-22 17:34:26,782] {processor.py:163} INFO - Started process (PID=63736) to work on /Users/adebolafagbule/opt/anaconda3/envs/airflow_env/lib/python3.8/site-packages/airflow/example_dags/example_branch_operator.py
[2022-03-22 17:34:26,783] {processor.py:642} INFO - Processing file /Users/adebolafagbule/opt/anaconda3/envs/airflow_env/lib/python3.8/site-packages/airflow/example_dags/example_branch_operator.py for tasks to queue
[2022-03-22 17:34:26,783] {logging_mixin.py:109} INFO - [2022-03-22 17:34:26,783] {dagbag.py:500} INFO - Filling up the DagBag from /Users/adebolafagbule/opt/anaconda3/envs/airflow_env/lib/python3.8/site-packages/airflow/example_dags/example_branch_operator.py
[2022-03-22 17:34:26,819] {processor.py:654} INFO - DAG(s) dict_keys(['example_branch_operator']) retrieved from /Users/adebolafagbule/opt/anaconda3/envs/airflow_env/lib/python3.8/site-packages/airflow/example_dags/example_branch_operator.py
[2022-03-22 17:34:26,832] {logging_mixin.py:109} INFO - [2022-03-22 17:34:26,831] {dag.py:2398} INFO - Sync 1 DAGs
[2022-03-22 17:34:26,839] {logging_mixin.py:109} INFO - [2022-03-22 17:34:26,839] {dag.py:2937} INFO - Setting next_dagrun for example_branch_operator to 2022-03-21 00:00:00+00:00
[2022-03-22 17:34:26,848] {processor.py:171} INFO - Processing /Users/adebolafagbule/opt/anaconda3/envs/airflow_env/lib/python3.8/site-packages/airflow/example_dags/example_branch_operator.py took 0.066 seconds
[2022-03-22 17:35:39,788] {processor.py:163} INFO - Started process (PID=63809) to work on /Users/adebolafagbule/opt/anaconda3/envs/airflow_env/lib/python3.8/site-packages/airflow/example_dags/example_branch_operator.py
[2022-03-22 17:35:39,790] {processor.py:642} INFO - Processing file /Users/adebolafagbule/opt/anaconda3/envs/airflow_env/lib/python3.8/site-packages/airflow/example_dags/example_branch_operator.py for tasks to queue
[2022-03-22 17:35:39,790] {logging_mixin.py:109} INFO - [2022-03-22 17:35:39,790] {dagbag.py:500} INFO - Filling up the DagBag from /Users/adebolafagbule/opt/anaconda3/envs/airflow_env/lib/python3.8/site-packages/airflow/example_dags/example_branch_operator.py
[2022-03-22 17:35:39,830] {processor.py:654} INFO - DAG(s) dict_keys(['example_branch_operator']) retrieved from /Users/adebolafagbule/opt/anaconda3/envs/airflow_env/lib/python3.8/site-packages/airflow/example_dags/example_branch_operator.py
[2022-03-22 17:35:39,843] {logging_mixin.py:109} INFO - [2022-03-22 17:35:39,843] {dag.py:2398} INFO - Sync 1 DAGs
[2022-03-22 17:35:39,851] {logging_mixin.py:109} INFO - [2022-03-22 17:35:39,850] {dag.py:2937} INFO - Setting next_dagrun for example_branch_operator to 2022-03-21 00:00:00+00:00
[2022-03-22 17:35:39,856] {processor.py:171} INFO - Processing /Users/adebolafagbule/opt/anaconda3/envs/airflow_env/lib/python3.8/site-packages/airflow/example_dags/example_branch_operator.py took 0.068 seconds
[2022-03-22 17:36:55,099] {processor.py:163} INFO - Started process (PID=63882) to work on /Users/adebolafagbule/opt/anaconda3/envs/airflow_env/lib/python3.8/site-packages/airflow/example_dags/example_branch_operator.py
[2022-03-22 17:36:55,100] {processor.py:642} INFO - Processing file /Users/adebolafagbule/opt/anaconda3/envs/airflow_env/lib/python3.8/site-packages/airflow/example_dags/example_branch_operator.py for tasks to queue
[2022-03-22 17:36:55,101] {logging_mixin.py:109} INFO - [2022-03-22 17:36:55,101] {dagbag.py:500} INFO - Filling up the DagBag from /Users/adebolafagbule/opt/anaconda3/envs/airflow_env/lib/python3.8/site-packages/airflow/example_dags/example_branch_operator.py
[2022-03-22 17:36:55,151] {processor.py:654} INFO - DAG(s) dict_keys(['example_branch_operator']) retrieved from /Users/adebolafagbule/opt/anaconda3/envs/airflow_env/lib/python3.8/site-packages/airflow/example_dags/example_branch_operator.py
[2022-03-22 17:36:55,166] {logging_mixin.py:109} INFO - [2022-03-22 17:36:55,166] {dag.py:2398} INFO - Sync 1 DAGs
[2022-03-22 17:36:55,174] {logging_mixin.py:109} INFO - [2022-03-22 17:36:55,174] {dag.py:2937} INFO - Setting next_dagrun for example_branch_operator to 2022-03-21 00:00:00+00:00
[2022-03-22 17:36:55,179] {processor.py:171} INFO - Processing /Users/adebolafagbule/opt/anaconda3/envs/airflow_env/lib/python3.8/site-packages/airflow/example_dags/example_branch_operator.py took 0.081 seconds
[2022-03-22 17:38:14,140] {processor.py:163} INFO - Started process (PID=63954) to work on /Users/adebolafagbule/opt/anaconda3/envs/airflow_env/lib/python3.8/site-packages/airflow/example_dags/example_branch_operator.py
[2022-03-22 17:38:14,141] {processor.py:642} INFO - Processing file /Users/adebolafagbule/opt/anaconda3/envs/airflow_env/lib/python3.8/site-packages/airflow/example_dags/example_branch_operator.py for tasks to queue
[2022-03-22 17:38:14,141] {logging_mixin.py:109} INFO - [2022-03-22 17:38:14,141] {dagbag.py:500} INFO - Filling up the DagBag from /Users/adebolafagbule/opt/anaconda3/envs/airflow_env/lib/python3.8/site-packages/airflow/example_dags/example_branch_operator.py
[2022-03-22 17:38:14,189] {processor.py:654} INFO - DAG(s) dict_keys(['example_branch_operator']) retrieved from /Users/adebolafagbule/opt/anaconda3/envs/airflow_env/lib/python3.8/site-packages/airflow/example_dags/example_branch_operator.py
[2022-03-22 17:38:14,204] {logging_mixin.py:109} INFO - [2022-03-22 17:38:14,204] {dag.py:2398} INFO - Sync 1 DAGs
[2022-03-22 17:38:14,213] {logging_mixin.py:109} INFO - [2022-03-22 17:38:14,213] {dag.py:2937} INFO - Setting next_dagrun for example_branch_operator to 2022-03-21 00:00:00+00:00
[2022-03-22 17:38:14,219] {processor.py:171} INFO - Processing /Users/adebolafagbule/opt/anaconda3/envs/airflow_env/lib/python3.8/site-packages/airflow/example_dags/example_branch_operator.py took 0.080 seconds
[2022-03-22 17:39:45,365] {processor.py:163} INFO - Started process (PID=64034) to work on /Users/adebolafagbule/opt/anaconda3/envs/airflow_env/lib/python3.8/site-packages/airflow/example_dags/example_branch_operator.py
[2022-03-22 17:39:45,366] {processor.py:642} INFO - Processing file /Users/adebolafagbule/opt/anaconda3/envs/airflow_env/lib/python3.8/site-packages/airflow/example_dags/example_branch_operator.py for tasks to queue
[2022-03-22 17:39:45,366] {logging_mixin.py:109} INFO - [2022-03-22 17:39:45,366] {dagbag.py:500} INFO - Filling up the DagBag from /Users/adebolafagbule/opt/anaconda3/envs/airflow_env/lib/python3.8/site-packages/airflow/example_dags/example_branch_operator.py
[2022-03-22 17:39:45,420] {processor.py:654} INFO - DAG(s) dict_keys(['example_branch_operator']) retrieved from /Users/adebolafagbule/opt/anaconda3/envs/airflow_env/lib/python3.8/site-packages/airflow/example_dags/example_branch_operator.py
[2022-03-22 17:39:45,436] {logging_mixin.py:109} INFO - [2022-03-22 17:39:45,436] {dag.py:2398} INFO - Sync 1 DAGs
[2022-03-22 17:39:45,445] {logging_mixin.py:109} INFO - [2022-03-22 17:39:45,445] {dag.py:2937} INFO - Setting next_dagrun for example_branch_operator to 2022-03-21 00:00:00+00:00
[2022-03-22 17:39:45,453] {processor.py:171} INFO - Processing /Users/adebolafagbule/opt/anaconda3/envs/airflow_env/lib/python3.8/site-packages/airflow/example_dags/example_branch_operator.py took 0.089 seconds
[2022-03-22 17:41:10,880] {processor.py:163} INFO - Started process (PID=64108) to work on /Users/adebolafagbule/opt/anaconda3/envs/airflow_env/lib/python3.8/site-packages/airflow/example_dags/example_branch_operator.py
[2022-03-22 17:41:10,880] {processor.py:642} INFO - Processing file /Users/adebolafagbule/opt/anaconda3/envs/airflow_env/lib/python3.8/site-packages/airflow/example_dags/example_branch_operator.py for tasks to queue
[2022-03-22 17:41:10,881] {logging_mixin.py:109} INFO - [2022-03-22 17:41:10,881] {dagbag.py:500} INFO - Filling up the DagBag from /Users/adebolafagbule/opt/anaconda3/envs/airflow_env/lib/python3.8/site-packages/airflow/example_dags/example_branch_operator.py
[2022-03-22 17:41:10,932] {processor.py:654} INFO - DAG(s) dict_keys(['example_branch_operator']) retrieved from /Users/adebolafagbule/opt/anaconda3/envs/airflow_env/lib/python3.8/site-packages/airflow/example_dags/example_branch_operator.py
[2022-03-22 17:41:10,947] {logging_mixin.py:109} INFO - [2022-03-22 17:41:10,947] {dag.py:2398} INFO - Sync 1 DAGs
[2022-03-22 17:41:10,955] {logging_mixin.py:109} INFO - [2022-03-22 17:41:10,955] {dag.py:2937} INFO - Setting next_dagrun for example_branch_operator to 2022-03-21 00:00:00+00:00
[2022-03-22 17:41:10,961] {processor.py:171} INFO - Processing /Users/adebolafagbule/opt/anaconda3/envs/airflow_env/lib/python3.8/site-packages/airflow/example_dags/example_branch_operator.py took 0.082 seconds
[2022-03-22 17:42:50,522] {processor.py:163} INFO - Started process (PID=64192) to work on /Users/adebolafagbule/opt/anaconda3/envs/airflow_env/lib/python3.8/site-packages/airflow/example_dags/example_branch_operator.py
[2022-03-22 17:42:50,523] {processor.py:642} INFO - Processing file /Users/adebolafagbule/opt/anaconda3/envs/airflow_env/lib/python3.8/site-packages/airflow/example_dags/example_branch_operator.py for tasks to queue
[2022-03-22 17:42:50,523] {logging_mixin.py:109} INFO - [2022-03-22 17:42:50,523] {dagbag.py:500} INFO - Filling up the DagBag from /Users/adebolafagbule/opt/anaconda3/envs/airflow_env/lib/python3.8/site-packages/airflow/example_dags/example_branch_operator.py
[2022-03-22 17:42:50,616] {processor.py:654} INFO - DAG(s) dict_keys(['example_branch_operator']) retrieved from /Users/adebolafagbule/opt/anaconda3/envs/airflow_env/lib/python3.8/site-packages/airflow/example_dags/example_branch_operator.py
[2022-03-22 17:42:50,675] {logging_mixin.py:109} INFO - [2022-03-22 17:42:50,675] {dag.py:2398} INFO - Sync 1 DAGs
[2022-03-22 17:42:50,690] {logging_mixin.py:109} INFO - [2022-03-22 17:42:50,690] {dag.py:2937} INFO - Setting next_dagrun for example_branch_operator to 2022-03-21 00:00:00+00:00
[2022-03-22 17:42:50,699] {processor.py:171} INFO - Processing /Users/adebolafagbule/opt/anaconda3/envs/airflow_env/lib/python3.8/site-packages/airflow/example_dags/example_branch_operator.py took 0.178 seconds
[2022-03-22 17:44:21,520] {processor.py:163} INFO - Started process (PID=64270) to work on /Users/adebolafagbule/opt/anaconda3/envs/airflow_env/lib/python3.8/site-packages/airflow/example_dags/example_branch_operator.py
[2022-03-22 17:44:21,520] {processor.py:642} INFO - Processing file /Users/adebolafagbule/opt/anaconda3/envs/airflow_env/lib/python3.8/site-packages/airflow/example_dags/example_branch_operator.py for tasks to queue
[2022-03-22 17:44:21,521] {logging_mixin.py:109} INFO - [2022-03-22 17:44:21,521] {dagbag.py:500} INFO - Filling up the DagBag from /Users/adebolafagbule/opt/anaconda3/envs/airflow_env/lib/python3.8/site-packages/airflow/example_dags/example_branch_operator.py
[2022-03-22 17:44:21,562] {processor.py:654} INFO - DAG(s) dict_keys(['example_branch_operator']) retrieved from /Users/adebolafagbule/opt/anaconda3/envs/airflow_env/lib/python3.8/site-packages/airflow/example_dags/example_branch_operator.py
[2022-03-22 17:44:21,577] {logging_mixin.py:109} INFO - [2022-03-22 17:44:21,577] {dag.py:2398} INFO - Sync 1 DAGs
[2022-03-22 17:44:21,585] {logging_mixin.py:109} INFO - [2022-03-22 17:44:21,585] {dag.py:2937} INFO - Setting next_dagrun for example_branch_operator to 2022-03-21 00:00:00+00:00
[2022-03-22 17:44:21,595] {processor.py:171} INFO - Processing /Users/adebolafagbule/opt/anaconda3/envs/airflow_env/lib/python3.8/site-packages/airflow/example_dags/example_branch_operator.py took 0.076 seconds
[2022-03-22 17:45:53,774] {processor.py:163} INFO - Started process (PID=64356) to work on /Users/adebolafagbule/opt/anaconda3/envs/airflow_env/lib/python3.8/site-packages/airflow/example_dags/example_branch_operator.py
[2022-03-22 17:45:53,776] {processor.py:642} INFO - Processing file /Users/adebolafagbule/opt/anaconda3/envs/airflow_env/lib/python3.8/site-packages/airflow/example_dags/example_branch_operator.py for tasks to queue
[2022-03-22 17:45:53,776] {logging_mixin.py:109} INFO - [2022-03-22 17:45:53,776] {dagbag.py:500} INFO - Filling up the DagBag from /Users/adebolafagbule/opt/anaconda3/envs/airflow_env/lib/python3.8/site-packages/airflow/example_dags/example_branch_operator.py
[2022-03-22 17:45:53,818] {processor.py:654} INFO - DAG(s) dict_keys(['example_branch_operator']) retrieved from /Users/adebolafagbule/opt/anaconda3/envs/airflow_env/lib/python3.8/site-packages/airflow/example_dags/example_branch_operator.py
[2022-03-22 17:45:53,833] {logging_mixin.py:109} INFO - [2022-03-22 17:45:53,833] {dag.py:2398} INFO - Sync 1 DAGs
[2022-03-22 17:45:53,842] {logging_mixin.py:109} INFO - [2022-03-22 17:45:53,842] {dag.py:2937} INFO - Setting next_dagrun for example_branch_operator to 2022-03-21 00:00:00+00:00
[2022-03-22 17:45:53,847] {processor.py:171} INFO - Processing /Users/adebolafagbule/opt/anaconda3/envs/airflow_env/lib/python3.8/site-packages/airflow/example_dags/example_branch_operator.py took 0.074 seconds
[2022-03-22 17:47:25,370] {processor.py:163} INFO - Started process (PID=64434) to work on /Users/adebolafagbule/opt/anaconda3/envs/airflow_env/lib/python3.8/site-packages/airflow/example_dags/example_branch_operator.py
[2022-03-22 17:47:25,371] {processor.py:642} INFO - Processing file /Users/adebolafagbule/opt/anaconda3/envs/airflow_env/lib/python3.8/site-packages/airflow/example_dags/example_branch_operator.py for tasks to queue
[2022-03-22 17:47:25,371] {logging_mixin.py:109} INFO - [2022-03-22 17:47:25,371] {dagbag.py:500} INFO - Filling up the DagBag from /Users/adebolafagbule/opt/anaconda3/envs/airflow_env/lib/python3.8/site-packages/airflow/example_dags/example_branch_operator.py
[2022-03-22 17:47:25,414] {processor.py:654} INFO - DAG(s) dict_keys(['example_branch_operator']) retrieved from /Users/adebolafagbule/opt/anaconda3/envs/airflow_env/lib/python3.8/site-packages/airflow/example_dags/example_branch_operator.py
[2022-03-22 17:47:25,430] {logging_mixin.py:109} INFO - [2022-03-22 17:47:25,430] {dag.py:2398} INFO - Sync 1 DAGs
[2022-03-22 17:47:25,439] {logging_mixin.py:109} INFO - [2022-03-22 17:47:25,439] {dag.py:2937} INFO - Setting next_dagrun for example_branch_operator to 2022-03-21 00:00:00+00:00
[2022-03-22 17:47:25,444] {processor.py:171} INFO - Processing /Users/adebolafagbule/opt/anaconda3/envs/airflow_env/lib/python3.8/site-packages/airflow/example_dags/example_branch_operator.py took 0.075 seconds
[2022-03-22 17:48:50,115] {processor.py:163} INFO - Started process (PID=64511) to work on /Users/adebolafagbule/opt/anaconda3/envs/airflow_env/lib/python3.8/site-packages/airflow/example_dags/example_branch_operator.py
[2022-03-22 17:48:50,116] {processor.py:642} INFO - Processing file /Users/adebolafagbule/opt/anaconda3/envs/airflow_env/lib/python3.8/site-packages/airflow/example_dags/example_branch_operator.py for tasks to queue
[2022-03-22 17:48:50,117] {logging_mixin.py:109} INFO - [2022-03-22 17:48:50,117] {dagbag.py:500} INFO - Filling up the DagBag from /Users/adebolafagbule/opt/anaconda3/envs/airflow_env/lib/python3.8/site-packages/airflow/example_dags/example_branch_operator.py
[2022-03-22 17:48:50,167] {processor.py:654} INFO - DAG(s) dict_keys(['example_branch_operator']) retrieved from /Users/adebolafagbule/opt/anaconda3/envs/airflow_env/lib/python3.8/site-packages/airflow/example_dags/example_branch_operator.py
[2022-03-22 17:48:50,182] {logging_mixin.py:109} INFO - [2022-03-22 17:48:50,182] {dag.py:2398} INFO - Sync 1 DAGs
[2022-03-22 17:48:50,191] {logging_mixin.py:109} INFO - [2022-03-22 17:48:50,191] {dag.py:2937} INFO - Setting next_dagrun for example_branch_operator to 2022-03-21 00:00:00+00:00
[2022-03-22 17:48:50,197] {processor.py:171} INFO - Processing /Users/adebolafagbule/opt/anaconda3/envs/airflow_env/lib/python3.8/site-packages/airflow/example_dags/example_branch_operator.py took 0.083 seconds
[2022-03-22 17:50:14,904] {processor.py:163} INFO - Started process (PID=64590) to work on /Users/adebolafagbule/opt/anaconda3/envs/airflow_env/lib/python3.8/site-packages/airflow/example_dags/example_branch_operator.py
[2022-03-22 17:50:14,905] {processor.py:642} INFO - Processing file /Users/adebolafagbule/opt/anaconda3/envs/airflow_env/lib/python3.8/site-packages/airflow/example_dags/example_branch_operator.py for tasks to queue
[2022-03-22 17:50:14,905] {logging_mixin.py:109} INFO - [2022-03-22 17:50:14,905] {dagbag.py:500} INFO - Filling up the DagBag from /Users/adebolafagbule/opt/anaconda3/envs/airflow_env/lib/python3.8/site-packages/airflow/example_dags/example_branch_operator.py
[2022-03-22 17:50:14,943] {processor.py:654} INFO - DAG(s) dict_keys(['example_branch_operator']) retrieved from /Users/adebolafagbule/opt/anaconda3/envs/airflow_env/lib/python3.8/site-packages/airflow/example_dags/example_branch_operator.py
[2022-03-22 17:50:14,959] {logging_mixin.py:109} INFO - [2022-03-22 17:50:14,959] {dag.py:2398} INFO - Sync 1 DAGs
[2022-03-22 17:50:14,967] {logging_mixin.py:109} INFO - [2022-03-22 17:50:14,967] {dag.py:2937} INFO - Setting next_dagrun for example_branch_operator to 2022-03-21 00:00:00+00:00
[2022-03-22 17:50:14,974] {processor.py:171} INFO - Processing /Users/adebolafagbule/opt/anaconda3/envs/airflow_env/lib/python3.8/site-packages/airflow/example_dags/example_branch_operator.py took 0.070 seconds
[2022-03-22 17:51:45,542] {processor.py:163} INFO - Started process (PID=64669) to work on /Users/adebolafagbule/opt/anaconda3/envs/airflow_env/lib/python3.8/site-packages/airflow/example_dags/example_branch_operator.py
[2022-03-22 17:51:45,544] {processor.py:642} INFO - Processing file /Users/adebolafagbule/opt/anaconda3/envs/airflow_env/lib/python3.8/site-packages/airflow/example_dags/example_branch_operator.py for tasks to queue
[2022-03-22 17:51:45,544] {logging_mixin.py:109} INFO - [2022-03-22 17:51:45,544] {dagbag.py:500} INFO - Filling up the DagBag from /Users/adebolafagbule/opt/anaconda3/envs/airflow_env/lib/python3.8/site-packages/airflow/example_dags/example_branch_operator.py
[2022-03-22 17:51:45,586] {processor.py:654} INFO - DAG(s) dict_keys(['example_branch_operator']) retrieved from /Users/adebolafagbule/opt/anaconda3/envs/airflow_env/lib/python3.8/site-packages/airflow/example_dags/example_branch_operator.py
[2022-03-22 17:51:45,602] {logging_mixin.py:109} INFO - [2022-03-22 17:51:45,602] {dag.py:2398} INFO - Sync 1 DAGs
[2022-03-22 17:51:45,610] {logging_mixin.py:109} INFO - [2022-03-22 17:51:45,610] {dag.py:2937} INFO - Setting next_dagrun for example_branch_operator to 2022-03-21 00:00:00+00:00
[2022-03-22 17:51:45,616] {processor.py:171} INFO - Processing /Users/adebolafagbule/opt/anaconda3/envs/airflow_env/lib/python3.8/site-packages/airflow/example_dags/example_branch_operator.py took 0.074 seconds
[2022-03-22 17:53:21,119] {processor.py:163} INFO - Started process (PID=64748) to work on /Users/adebolafagbule/opt/anaconda3/envs/airflow_env/lib/python3.8/site-packages/airflow/example_dags/example_branch_operator.py
[2022-03-22 17:53:21,120] {processor.py:642} INFO - Processing file /Users/adebolafagbule/opt/anaconda3/envs/airflow_env/lib/python3.8/site-packages/airflow/example_dags/example_branch_operator.py for tasks to queue
[2022-03-22 17:53:21,121] {logging_mixin.py:109} INFO - [2022-03-22 17:53:21,121] {dagbag.py:500} INFO - Filling up the DagBag from /Users/adebolafagbule/opt/anaconda3/envs/airflow_env/lib/python3.8/site-packages/airflow/example_dags/example_branch_operator.py
[2022-03-22 17:53:21,173] {processor.py:654} INFO - DAG(s) dict_keys(['example_branch_operator']) retrieved from /Users/adebolafagbule/opt/anaconda3/envs/airflow_env/lib/python3.8/site-packages/airflow/example_dags/example_branch_operator.py
[2022-03-22 17:53:21,189] {logging_mixin.py:109} INFO - [2022-03-22 17:53:21,189] {dag.py:2398} INFO - Sync 1 DAGs
[2022-03-22 17:53:21,198] {logging_mixin.py:109} INFO - [2022-03-22 17:53:21,198] {dag.py:2937} INFO - Setting next_dagrun for example_branch_operator to 2022-03-21 00:00:00+00:00
[2022-03-22 17:53:21,210] {processor.py:171} INFO - Processing /Users/adebolafagbule/opt/anaconda3/envs/airflow_env/lib/python3.8/site-packages/airflow/example_dags/example_branch_operator.py took 0.091 seconds
[2022-03-22 17:55:13,490] {processor.py:163} INFO - Started process (PID=64828) to work on /Users/adebolafagbule/opt/anaconda3/envs/airflow_env/lib/python3.8/site-packages/airflow/example_dags/example_branch_operator.py
[2022-03-22 17:55:13,492] {processor.py:642} INFO - Processing file /Users/adebolafagbule/opt/anaconda3/envs/airflow_env/lib/python3.8/site-packages/airflow/example_dags/example_branch_operator.py for tasks to queue
[2022-03-22 17:55:13,492] {logging_mixin.py:109} INFO - [2022-03-22 17:55:13,492] {dagbag.py:500} INFO - Filling up the DagBag from /Users/adebolafagbule/opt/anaconda3/envs/airflow_env/lib/python3.8/site-packages/airflow/example_dags/example_branch_operator.py
[2022-03-22 17:55:13,536] {processor.py:654} INFO - DAG(s) dict_keys(['example_branch_operator']) retrieved from /Users/adebolafagbule/opt/anaconda3/envs/airflow_env/lib/python3.8/site-packages/airflow/example_dags/example_branch_operator.py
[2022-03-22 17:55:13,561] {logging_mixin.py:109} INFO - [2022-03-22 17:55:13,561] {dag.py:2398} INFO - Sync 1 DAGs
[2022-03-22 17:55:13,573] {logging_mixin.py:109} INFO - [2022-03-22 17:55:13,573] {dag.py:2937} INFO - Setting next_dagrun for example_branch_operator to 2022-03-21 00:00:00+00:00
[2022-03-22 17:55:13,579] {processor.py:171} INFO - Processing /Users/adebolafagbule/opt/anaconda3/envs/airflow_env/lib/python3.8/site-packages/airflow/example_dags/example_branch_operator.py took 0.089 seconds
[2022-03-22 17:57:49,823] {processor.py:163} INFO - Started process (PID=64927) to work on /Users/adebolafagbule/opt/anaconda3/envs/airflow_env/lib/python3.8/site-packages/airflow/example_dags/example_branch_operator.py
[2022-03-22 17:57:49,824] {processor.py:642} INFO - Processing file /Users/adebolafagbule/opt/anaconda3/envs/airflow_env/lib/python3.8/site-packages/airflow/example_dags/example_branch_operator.py for tasks to queue
[2022-03-22 17:57:49,824] {logging_mixin.py:109} INFO - [2022-03-22 17:57:49,824] {dagbag.py:500} INFO - Filling up the DagBag from /Users/adebolafagbule/opt/anaconda3/envs/airflow_env/lib/python3.8/site-packages/airflow/example_dags/example_branch_operator.py
[2022-03-22 17:57:49,876] {processor.py:654} INFO - DAG(s) dict_keys(['example_branch_operator']) retrieved from /Users/adebolafagbule/opt/anaconda3/envs/airflow_env/lib/python3.8/site-packages/airflow/example_dags/example_branch_operator.py
[2022-03-22 17:57:49,916] {logging_mixin.py:109} INFO - [2022-03-22 17:57:49,915] {dag.py:2398} INFO - Sync 1 DAGs
[2022-03-22 17:57:49,931] {logging_mixin.py:109} INFO - [2022-03-22 17:57:49,931] {dag.py:2937} INFO - Setting next_dagrun for example_branch_operator to 2022-03-21 00:00:00+00:00
[2022-03-22 17:57:49,939] {processor.py:171} INFO - Processing /Users/adebolafagbule/opt/anaconda3/envs/airflow_env/lib/python3.8/site-packages/airflow/example_dags/example_branch_operator.py took 0.116 seconds
[2022-03-22 18:00:15,293] {processor.py:163} INFO - Started process (PID=65018) to work on /Users/adebolafagbule/opt/anaconda3/envs/airflow_env/lib/python3.8/site-packages/airflow/example_dags/example_branch_operator.py
[2022-03-22 18:00:15,294] {processor.py:642} INFO - Processing file /Users/adebolafagbule/opt/anaconda3/envs/airflow_env/lib/python3.8/site-packages/airflow/example_dags/example_branch_operator.py for tasks to queue
[2022-03-22 18:00:15,294] {logging_mixin.py:109} INFO - [2022-03-22 18:00:15,294] {dagbag.py:500} INFO - Filling up the DagBag from /Users/adebolafagbule/opt/anaconda3/envs/airflow_env/lib/python3.8/site-packages/airflow/example_dags/example_branch_operator.py
[2022-03-22 18:00:15,385] {processor.py:654} INFO - DAG(s) dict_keys(['example_branch_operator']) retrieved from /Users/adebolafagbule/opt/anaconda3/envs/airflow_env/lib/python3.8/site-packages/airflow/example_dags/example_branch_operator.py
[2022-03-22 18:00:15,420] {logging_mixin.py:109} INFO - [2022-03-22 18:00:15,420] {dag.py:2398} INFO - Sync 1 DAGs
[2022-03-22 18:00:15,430] {logging_mixin.py:109} INFO - [2022-03-22 18:00:15,430] {dag.py:2937} INFO - Setting next_dagrun for example_branch_operator to 2022-03-21 00:00:00+00:00
[2022-03-22 18:00:15,438] {processor.py:171} INFO - Processing /Users/adebolafagbule/opt/anaconda3/envs/airflow_env/lib/python3.8/site-packages/airflow/example_dags/example_branch_operator.py took 0.146 seconds
[2022-03-22 18:02:38,122] {processor.py:163} INFO - Started process (PID=65112) to work on /Users/adebolafagbule/opt/anaconda3/envs/airflow_env/lib/python3.8/site-packages/airflow/example_dags/example_branch_operator.py
[2022-03-22 18:02:38,124] {processor.py:642} INFO - Processing file /Users/adebolafagbule/opt/anaconda3/envs/airflow_env/lib/python3.8/site-packages/airflow/example_dags/example_branch_operator.py for tasks to queue
[2022-03-22 18:02:38,124] {logging_mixin.py:109} INFO - [2022-03-22 18:02:38,124] {dagbag.py:500} INFO - Filling up the DagBag from /Users/adebolafagbule/opt/anaconda3/envs/airflow_env/lib/python3.8/site-packages/airflow/example_dags/example_branch_operator.py
[2022-03-22 18:02:38,167] {processor.py:654} INFO - DAG(s) dict_keys(['example_branch_operator']) retrieved from /Users/adebolafagbule/opt/anaconda3/envs/airflow_env/lib/python3.8/site-packages/airflow/example_dags/example_branch_operator.py
[2022-03-22 18:02:38,187] {logging_mixin.py:109} INFO - [2022-03-22 18:02:38,186] {dag.py:2398} INFO - Sync 1 DAGs
[2022-03-22 18:02:38,196] {logging_mixin.py:109} INFO - [2022-03-22 18:02:38,196] {dag.py:2937} INFO - Setting next_dagrun for example_branch_operator to 2022-03-21 00:00:00+00:00
[2022-03-22 18:02:38,221] {processor.py:171} INFO - Processing /Users/adebolafagbule/opt/anaconda3/envs/airflow_env/lib/python3.8/site-packages/airflow/example_dags/example_branch_operator.py took 0.098 seconds
[2022-03-22 18:05:02,066] {processor.py:163} INFO - Started process (PID=65204) to work on /Users/adebolafagbule/opt/anaconda3/envs/airflow_env/lib/python3.8/site-packages/airflow/example_dags/example_branch_operator.py
[2022-03-22 18:05:02,068] {processor.py:642} INFO - Processing file /Users/adebolafagbule/opt/anaconda3/envs/airflow_env/lib/python3.8/site-packages/airflow/example_dags/example_branch_operator.py for tasks to queue
[2022-03-22 18:05:02,069] {logging_mixin.py:109} INFO - [2022-03-22 18:05:02,069] {dagbag.py:500} INFO - Filling up the DagBag from /Users/adebolafagbule/opt/anaconda3/envs/airflow_env/lib/python3.8/site-packages/airflow/example_dags/example_branch_operator.py
[2022-03-22 18:05:02,121] {processor.py:654} INFO - DAG(s) dict_keys(['example_branch_operator']) retrieved from /Users/adebolafagbule/opt/anaconda3/envs/airflow_env/lib/python3.8/site-packages/airflow/example_dags/example_branch_operator.py
[2022-03-22 18:05:02,137] {logging_mixin.py:109} INFO - [2022-03-22 18:05:02,136] {dag.py:2398} INFO - Sync 1 DAGs
[2022-03-22 18:05:02,145] {logging_mixin.py:109} INFO - [2022-03-22 18:05:02,145] {dag.py:2937} INFO - Setting next_dagrun for example_branch_operator to 2022-03-21 00:00:00+00:00
[2022-03-22 18:05:02,154] {processor.py:171} INFO - Processing /Users/adebolafagbule/opt/anaconda3/envs/airflow_env/lib/python3.8/site-packages/airflow/example_dags/example_branch_operator.py took 0.088 seconds
[2022-03-22 18:06:53,632] {processor.py:163} INFO - Started process (PID=65290) to work on /Users/adebolafagbule/opt/anaconda3/envs/airflow_env/lib/python3.8/site-packages/airflow/example_dags/example_branch_operator.py
[2022-03-22 18:06:53,633] {processor.py:642} INFO - Processing file /Users/adebolafagbule/opt/anaconda3/envs/airflow_env/lib/python3.8/site-packages/airflow/example_dags/example_branch_operator.py for tasks to queue
[2022-03-22 18:06:53,634] {logging_mixin.py:109} INFO - [2022-03-22 18:06:53,634] {dagbag.py:500} INFO - Filling up the DagBag from /Users/adebolafagbule/opt/anaconda3/envs/airflow_env/lib/python3.8/site-packages/airflow/example_dags/example_branch_operator.py
[2022-03-22 18:06:53,681] {processor.py:654} INFO - DAG(s) dict_keys(['example_branch_operator']) retrieved from /Users/adebolafagbule/opt/anaconda3/envs/airflow_env/lib/python3.8/site-packages/airflow/example_dags/example_branch_operator.py
[2022-03-22 18:06:53,700] {logging_mixin.py:109} INFO - [2022-03-22 18:06:53,700] {dag.py:2398} INFO - Sync 1 DAGs
[2022-03-22 18:06:53,709] {logging_mixin.py:109} INFO - [2022-03-22 18:06:53,709] {dag.py:2937} INFO - Setting next_dagrun for example_branch_operator to 2022-03-21 00:00:00+00:00
[2022-03-22 18:06:53,716] {processor.py:171} INFO - Processing /Users/adebolafagbule/opt/anaconda3/envs/airflow_env/lib/python3.8/site-packages/airflow/example_dags/example_branch_operator.py took 0.084 seconds
[2022-03-22 18:08:42,789] {processor.py:163} INFO - Started process (PID=65375) to work on /Users/adebolafagbule/opt/anaconda3/envs/airflow_env/lib/python3.8/site-packages/airflow/example_dags/example_branch_operator.py
[2022-03-22 18:08:42,790] {processor.py:642} INFO - Processing file /Users/adebolafagbule/opt/anaconda3/envs/airflow_env/lib/python3.8/site-packages/airflow/example_dags/example_branch_operator.py for tasks to queue
[2022-03-22 18:08:42,791] {logging_mixin.py:109} INFO - [2022-03-22 18:08:42,791] {dagbag.py:500} INFO - Filling up the DagBag from /Users/adebolafagbule/opt/anaconda3/envs/airflow_env/lib/python3.8/site-packages/airflow/example_dags/example_branch_operator.py
[2022-03-22 18:08:42,837] {processor.py:654} INFO - DAG(s) dict_keys(['example_branch_operator']) retrieved from /Users/adebolafagbule/opt/anaconda3/envs/airflow_env/lib/python3.8/site-packages/airflow/example_dags/example_branch_operator.py
[2022-03-22 18:08:42,854] {logging_mixin.py:109} INFO - [2022-03-22 18:08:42,854] {dag.py:2398} INFO - Sync 1 DAGs
[2022-03-22 18:08:42,863] {logging_mixin.py:109} INFO - [2022-03-22 18:08:42,863] {dag.py:2937} INFO - Setting next_dagrun for example_branch_operator to 2022-03-21 00:00:00+00:00
[2022-03-22 18:08:42,870] {processor.py:171} INFO - Processing /Users/adebolafagbule/opt/anaconda3/envs/airflow_env/lib/python3.8/site-packages/airflow/example_dags/example_branch_operator.py took 0.082 seconds
[2022-03-22 18:10:36,236] {processor.py:163} INFO - Started process (PID=65459) to work on /Users/adebolafagbule/opt/anaconda3/envs/airflow_env/lib/python3.8/site-packages/airflow/example_dags/example_branch_operator.py
[2022-03-22 18:10:36,238] {processor.py:642} INFO - Processing file /Users/adebolafagbule/opt/anaconda3/envs/airflow_env/lib/python3.8/site-packages/airflow/example_dags/example_branch_operator.py for tasks to queue
[2022-03-22 18:10:36,238] {logging_mixin.py:109} INFO - [2022-03-22 18:10:36,238] {dagbag.py:500} INFO - Filling up the DagBag from /Users/adebolafagbule/opt/anaconda3/envs/airflow_env/lib/python3.8/site-packages/airflow/example_dags/example_branch_operator.py
[2022-03-22 18:10:36,292] {processor.py:654} INFO - DAG(s) dict_keys(['example_branch_operator']) retrieved from /Users/adebolafagbule/opt/anaconda3/envs/airflow_env/lib/python3.8/site-packages/airflow/example_dags/example_branch_operator.py
[2022-03-22 18:10:36,309] {logging_mixin.py:109} INFO - [2022-03-22 18:10:36,308] {dag.py:2398} INFO - Sync 1 DAGs
[2022-03-22 18:10:36,317] {logging_mixin.py:109} INFO - [2022-03-22 18:10:36,317] {dag.py:2937} INFO - Setting next_dagrun for example_branch_operator to 2022-03-21 00:00:00+00:00
[2022-03-22 18:10:36,324] {processor.py:171} INFO - Processing /Users/adebolafagbule/opt/anaconda3/envs/airflow_env/lib/python3.8/site-packages/airflow/example_dags/example_branch_operator.py took 0.089 seconds
[2022-03-22 18:12:27,226] {processor.py:163} INFO - Started process (PID=65546) to work on /Users/adebolafagbule/opt/anaconda3/envs/airflow_env/lib/python3.8/site-packages/airflow/example_dags/example_branch_operator.py
[2022-03-22 18:12:27,228] {processor.py:642} INFO - Processing file /Users/adebolafagbule/opt/anaconda3/envs/airflow_env/lib/python3.8/site-packages/airflow/example_dags/example_branch_operator.py for tasks to queue
[2022-03-22 18:12:27,228] {logging_mixin.py:109} INFO - [2022-03-22 18:12:27,228] {dagbag.py:500} INFO - Filling up the DagBag from /Users/adebolafagbule/opt/anaconda3/envs/airflow_env/lib/python3.8/site-packages/airflow/example_dags/example_branch_operator.py
[2022-03-22 18:12:27,282] {processor.py:654} INFO - DAG(s) dict_keys(['example_branch_operator']) retrieved from /Users/adebolafagbule/opt/anaconda3/envs/airflow_env/lib/python3.8/site-packages/airflow/example_dags/example_branch_operator.py
[2022-03-22 18:12:27,298] {logging_mixin.py:109} INFO - [2022-03-22 18:12:27,297] {dag.py:2398} INFO - Sync 1 DAGs
[2022-03-22 18:12:27,307] {logging_mixin.py:109} INFO - [2022-03-22 18:12:27,307] {dag.py:2937} INFO - Setting next_dagrun for example_branch_operator to 2022-03-21 00:00:00+00:00
[2022-03-22 18:12:27,314] {processor.py:171} INFO - Processing /Users/adebolafagbule/opt/anaconda3/envs/airflow_env/lib/python3.8/site-packages/airflow/example_dags/example_branch_operator.py took 0.089 seconds
[2022-03-22 18:14:16,758] {processor.py:163} INFO - Started process (PID=65628) to work on /Users/adebolafagbule/opt/anaconda3/envs/airflow_env/lib/python3.8/site-packages/airflow/example_dags/example_branch_operator.py
[2022-03-22 18:14:16,760] {processor.py:642} INFO - Processing file /Users/adebolafagbule/opt/anaconda3/envs/airflow_env/lib/python3.8/site-packages/airflow/example_dags/example_branch_operator.py for tasks to queue
[2022-03-22 18:14:16,761] {logging_mixin.py:109} INFO - [2022-03-22 18:14:16,761] {dagbag.py:500} INFO - Filling up the DagBag from /Users/adebolafagbule/opt/anaconda3/envs/airflow_env/lib/python3.8/site-packages/airflow/example_dags/example_branch_operator.py
[2022-03-22 18:14:16,811] {processor.py:654} INFO - DAG(s) dict_keys(['example_branch_operator']) retrieved from /Users/adebolafagbule/opt/anaconda3/envs/airflow_env/lib/python3.8/site-packages/airflow/example_dags/example_branch_operator.py
[2022-03-22 18:14:16,828] {logging_mixin.py:109} INFO - [2022-03-22 18:14:16,827] {dag.py:2398} INFO - Sync 1 DAGs
[2022-03-22 18:14:16,836] {logging_mixin.py:109} INFO - [2022-03-22 18:14:16,836] {dag.py:2937} INFO - Setting next_dagrun for example_branch_operator to 2022-03-21 00:00:00+00:00
[2022-03-22 18:14:16,842] {processor.py:171} INFO - Processing /Users/adebolafagbule/opt/anaconda3/envs/airflow_env/lib/python3.8/site-packages/airflow/example_dags/example_branch_operator.py took 0.084 seconds
[2022-03-22 18:16:19,690] {processor.py:163} INFO - Started process (PID=65728) to work on /Users/adebolafagbule/opt/anaconda3/envs/airflow_env/lib/python3.8/site-packages/airflow/example_dags/example_branch_operator.py
[2022-03-22 18:16:19,692] {processor.py:642} INFO - Processing file /Users/adebolafagbule/opt/anaconda3/envs/airflow_env/lib/python3.8/site-packages/airflow/example_dags/example_branch_operator.py for tasks to queue
[2022-03-22 18:16:19,695] {logging_mixin.py:109} INFO - [2022-03-22 18:16:19,695] {dagbag.py:500} INFO - Filling up the DagBag from /Users/adebolafagbule/opt/anaconda3/envs/airflow_env/lib/python3.8/site-packages/airflow/example_dags/example_branch_operator.py
[2022-03-22 18:16:19,766] {processor.py:654} INFO - DAG(s) dict_keys(['example_branch_operator']) retrieved from /Users/adebolafagbule/opt/anaconda3/envs/airflow_env/lib/python3.8/site-packages/airflow/example_dags/example_branch_operator.py
[2022-03-22 18:16:19,783] {logging_mixin.py:109} INFO - [2022-03-22 18:16:19,783] {dag.py:2398} INFO - Sync 1 DAGs
[2022-03-22 18:16:19,793] {logging_mixin.py:109} INFO - [2022-03-22 18:16:19,793] {dag.py:2937} INFO - Setting next_dagrun for example_branch_operator to 2022-03-21 00:00:00+00:00
[2022-03-22 18:16:19,803] {processor.py:171} INFO - Processing /Users/adebolafagbule/opt/anaconda3/envs/airflow_env/lib/python3.8/site-packages/airflow/example_dags/example_branch_operator.py took 0.117 seconds
[2022-03-22 18:18:01,655] {processor.py:163} INFO - Started process (PID=65809) to work on /Users/adebolafagbule/opt/anaconda3/envs/airflow_env/lib/python3.8/site-packages/airflow/example_dags/example_branch_operator.py
[2022-03-22 18:18:01,657] {processor.py:642} INFO - Processing file /Users/adebolafagbule/opt/anaconda3/envs/airflow_env/lib/python3.8/site-packages/airflow/example_dags/example_branch_operator.py for tasks to queue
[2022-03-22 18:18:01,658] {logging_mixin.py:109} INFO - [2022-03-22 18:18:01,657] {dagbag.py:500} INFO - Filling up the DagBag from /Users/adebolafagbule/opt/anaconda3/envs/airflow_env/lib/python3.8/site-packages/airflow/example_dags/example_branch_operator.py
[2022-03-22 18:18:01,708] {processor.py:654} INFO - DAG(s) dict_keys(['example_branch_operator']) retrieved from /Users/adebolafagbule/opt/anaconda3/envs/airflow_env/lib/python3.8/site-packages/airflow/example_dags/example_branch_operator.py
[2022-03-22 18:18:01,725] {logging_mixin.py:109} INFO - [2022-03-22 18:18:01,725] {dag.py:2398} INFO - Sync 1 DAGs
[2022-03-22 18:18:01,734] {logging_mixin.py:109} INFO - [2022-03-22 18:18:01,734] {dag.py:2937} INFO - Setting next_dagrun for example_branch_operator to 2022-03-21 00:00:00+00:00
[2022-03-22 18:18:01,740] {processor.py:171} INFO - Processing /Users/adebolafagbule/opt/anaconda3/envs/airflow_env/lib/python3.8/site-packages/airflow/example_dags/example_branch_operator.py took 0.085 seconds
[2022-03-22 18:19:39,648] {processor.py:163} INFO - Started process (PID=65888) to work on /Users/adebolafagbule/opt/anaconda3/envs/airflow_env/lib/python3.8/site-packages/airflow/example_dags/example_branch_operator.py
[2022-03-22 18:19:39,649] {processor.py:642} INFO - Processing file /Users/adebolafagbule/opt/anaconda3/envs/airflow_env/lib/python3.8/site-packages/airflow/example_dags/example_branch_operator.py for tasks to queue
[2022-03-22 18:19:39,649] {logging_mixin.py:109} INFO - [2022-03-22 18:19:39,649] {dagbag.py:500} INFO - Filling up the DagBag from /Users/adebolafagbule/opt/anaconda3/envs/airflow_env/lib/python3.8/site-packages/airflow/example_dags/example_branch_operator.py
[2022-03-22 18:19:39,709] {processor.py:654} INFO - DAG(s) dict_keys(['example_branch_operator']) retrieved from /Users/adebolafagbule/opt/anaconda3/envs/airflow_env/lib/python3.8/site-packages/airflow/example_dags/example_branch_operator.py
[2022-03-22 18:19:39,734] {logging_mixin.py:109} INFO - [2022-03-22 18:19:39,734] {dag.py:2398} INFO - Sync 1 DAGs
[2022-03-22 18:19:39,746] {logging_mixin.py:109} INFO - [2022-03-22 18:19:39,746] {dag.py:2937} INFO - Setting next_dagrun for example_branch_operator to 2022-03-21 00:00:00+00:00
[2022-03-22 18:19:39,753] {processor.py:171} INFO - Processing /Users/adebolafagbule/opt/anaconda3/envs/airflow_env/lib/python3.8/site-packages/airflow/example_dags/example_branch_operator.py took 0.106 seconds
[2022-03-22 18:21:13,805] {processor.py:163} INFO - Started process (PID=65968) to work on /Users/adebolafagbule/opt/anaconda3/envs/airflow_env/lib/python3.8/site-packages/airflow/example_dags/example_branch_operator.py
[2022-03-22 18:21:13,806] {processor.py:642} INFO - Processing file /Users/adebolafagbule/opt/anaconda3/envs/airflow_env/lib/python3.8/site-packages/airflow/example_dags/example_branch_operator.py for tasks to queue
[2022-03-22 18:21:13,807] {logging_mixin.py:109} INFO - [2022-03-22 18:21:13,807] {dagbag.py:500} INFO - Filling up the DagBag from /Users/adebolafagbule/opt/anaconda3/envs/airflow_env/lib/python3.8/site-packages/airflow/example_dags/example_branch_operator.py
[2022-03-22 18:21:13,850] {processor.py:654} INFO - DAG(s) dict_keys(['example_branch_operator']) retrieved from /Users/adebolafagbule/opt/anaconda3/envs/airflow_env/lib/python3.8/site-packages/airflow/example_dags/example_branch_operator.py
[2022-03-22 18:21:13,870] {logging_mixin.py:109} INFO - [2022-03-22 18:21:13,870] {dag.py:2398} INFO - Sync 1 DAGs
[2022-03-22 18:21:13,879] {logging_mixin.py:109} INFO - [2022-03-22 18:21:13,879] {dag.py:2937} INFO - Setting next_dagrun for example_branch_operator to 2022-03-21 00:00:00+00:00
[2022-03-22 18:21:13,886] {processor.py:171} INFO - Processing /Users/adebolafagbule/opt/anaconda3/envs/airflow_env/lib/python3.8/site-packages/airflow/example_dags/example_branch_operator.py took 0.081 seconds
[2022-03-22 18:22:40,308] {processor.py:163} INFO - Started process (PID=66045) to work on /Users/adebolafagbule/opt/anaconda3/envs/airflow_env/lib/python3.8/site-packages/airflow/example_dags/example_branch_operator.py
[2022-03-22 18:22:40,309] {processor.py:642} INFO - Processing file /Users/adebolafagbule/opt/anaconda3/envs/airflow_env/lib/python3.8/site-packages/airflow/example_dags/example_branch_operator.py for tasks to queue
[2022-03-22 18:22:40,310] {logging_mixin.py:109} INFO - [2022-03-22 18:22:40,310] {dagbag.py:500} INFO - Filling up the DagBag from /Users/adebolafagbule/opt/anaconda3/envs/airflow_env/lib/python3.8/site-packages/airflow/example_dags/example_branch_operator.py
[2022-03-22 18:22:40,362] {processor.py:654} INFO - DAG(s) dict_keys(['example_branch_operator']) retrieved from /Users/adebolafagbule/opt/anaconda3/envs/airflow_env/lib/python3.8/site-packages/airflow/example_dags/example_branch_operator.py
[2022-03-22 18:22:40,385] {logging_mixin.py:109} INFO - [2022-03-22 18:22:40,385] {dag.py:2398} INFO - Sync 1 DAGs
[2022-03-22 18:22:40,397] {logging_mixin.py:109} INFO - [2022-03-22 18:22:40,397] {dag.py:2937} INFO - Setting next_dagrun for example_branch_operator to 2022-03-21 00:00:00+00:00
[2022-03-22 18:22:40,403] {processor.py:171} INFO - Processing /Users/adebolafagbule/opt/anaconda3/envs/airflow_env/lib/python3.8/site-packages/airflow/example_dags/example_branch_operator.py took 0.096 seconds
[2022-03-22 18:24:08,604] {processor.py:163} INFO - Started process (PID=66123) to work on /Users/adebolafagbule/opt/anaconda3/envs/airflow_env/lib/python3.8/site-packages/airflow/example_dags/example_branch_operator.py
[2022-03-22 18:24:08,605] {processor.py:642} INFO - Processing file /Users/adebolafagbule/opt/anaconda3/envs/airflow_env/lib/python3.8/site-packages/airflow/example_dags/example_branch_operator.py for tasks to queue
[2022-03-22 18:24:08,606] {logging_mixin.py:109} INFO - [2022-03-22 18:24:08,606] {dagbag.py:500} INFO - Filling up the DagBag from /Users/adebolafagbule/opt/anaconda3/envs/airflow_env/lib/python3.8/site-packages/airflow/example_dags/example_branch_operator.py
[2022-03-22 18:24:08,660] {processor.py:654} INFO - DAG(s) dict_keys(['example_branch_operator']) retrieved from /Users/adebolafagbule/opt/anaconda3/envs/airflow_env/lib/python3.8/site-packages/airflow/example_dags/example_branch_operator.py
[2022-03-22 18:24:08,682] {logging_mixin.py:109} INFO - [2022-03-22 18:24:08,682] {dag.py:2398} INFO - Sync 1 DAGs
[2022-03-22 18:24:08,694] {logging_mixin.py:109} INFO - [2022-03-22 18:24:08,694] {dag.py:2937} INFO - Setting next_dagrun for example_branch_operator to 2022-03-21 00:00:00+00:00
[2022-03-22 18:24:08,702] {processor.py:171} INFO - Processing /Users/adebolafagbule/opt/anaconda3/envs/airflow_env/lib/python3.8/site-packages/airflow/example_dags/example_branch_operator.py took 0.099 seconds
[2022-03-22 18:25:41,092] {processor.py:163} INFO - Started process (PID=66200) to work on /Users/adebolafagbule/opt/anaconda3/envs/airflow_env/lib/python3.8/site-packages/airflow/example_dags/example_branch_operator.py
[2022-03-22 18:25:41,093] {processor.py:642} INFO - Processing file /Users/adebolafagbule/opt/anaconda3/envs/airflow_env/lib/python3.8/site-packages/airflow/example_dags/example_branch_operator.py for tasks to queue
[2022-03-22 18:25:41,094] {logging_mixin.py:109} INFO - [2022-03-22 18:25:41,094] {dagbag.py:500} INFO - Filling up the DagBag from /Users/adebolafagbule/opt/anaconda3/envs/airflow_env/lib/python3.8/site-packages/airflow/example_dags/example_branch_operator.py
[2022-03-22 18:25:41,147] {processor.py:654} INFO - DAG(s) dict_keys(['example_branch_operator']) retrieved from /Users/adebolafagbule/opt/anaconda3/envs/airflow_env/lib/python3.8/site-packages/airflow/example_dags/example_branch_operator.py
[2022-03-22 18:25:41,167] {logging_mixin.py:109} INFO - [2022-03-22 18:25:41,167] {dag.py:2398} INFO - Sync 1 DAGs
[2022-03-22 18:25:41,178] {logging_mixin.py:109} INFO - [2022-03-22 18:25:41,178] {dag.py:2937} INFO - Setting next_dagrun for example_branch_operator to 2022-03-21 00:00:00+00:00
[2022-03-22 18:25:41,186] {processor.py:171} INFO - Processing /Users/adebolafagbule/opt/anaconda3/envs/airflow_env/lib/python3.8/site-packages/airflow/example_dags/example_branch_operator.py took 0.094 seconds
[2022-03-22 18:27:23,569] {processor.py:163} INFO - Started process (PID=66285) to work on /Users/adebolafagbule/opt/anaconda3/envs/airflow_env/lib/python3.8/site-packages/airflow/example_dags/example_branch_operator.py
[2022-03-22 18:27:23,571] {processor.py:642} INFO - Processing file /Users/adebolafagbule/opt/anaconda3/envs/airflow_env/lib/python3.8/site-packages/airflow/example_dags/example_branch_operator.py for tasks to queue
[2022-03-22 18:27:23,572] {logging_mixin.py:109} INFO - [2022-03-22 18:27:23,572] {dagbag.py:500} INFO - Filling up the DagBag from /Users/adebolafagbule/opt/anaconda3/envs/airflow_env/lib/python3.8/site-packages/airflow/example_dags/example_branch_operator.py
[2022-03-22 18:27:23,625] {processor.py:654} INFO - DAG(s) dict_keys(['example_branch_operator']) retrieved from /Users/adebolafagbule/opt/anaconda3/envs/airflow_env/lib/python3.8/site-packages/airflow/example_dags/example_branch_operator.py
[2022-03-22 18:27:23,646] {logging_mixin.py:109} INFO - [2022-03-22 18:27:23,646] {dag.py:2398} INFO - Sync 1 DAGs
[2022-03-22 18:27:23,656] {logging_mixin.py:109} INFO - [2022-03-22 18:27:23,656] {dag.py:2937} INFO - Setting next_dagrun for example_branch_operator to 2022-03-21 00:00:00+00:00
[2022-03-22 18:27:23,662] {processor.py:171} INFO - Processing /Users/adebolafagbule/opt/anaconda3/envs/airflow_env/lib/python3.8/site-packages/airflow/example_dags/example_branch_operator.py took 0.094 seconds
[2022-03-22 19:21:54,532] {processor.py:163} INFO - Started process (PID=66376) to work on /Users/adebolafagbule/opt/anaconda3/envs/airflow_env/lib/python3.8/site-packages/airflow/example_dags/example_branch_operator.py
[2022-03-22 19:21:54,533] {processor.py:642} INFO - Processing file /Users/adebolafagbule/opt/anaconda3/envs/airflow_env/lib/python3.8/site-packages/airflow/example_dags/example_branch_operator.py for tasks to queue
[2022-03-22 19:21:54,534] {logging_mixin.py:109} INFO - [2022-03-22 19:21:54,534] {dagbag.py:500} INFO - Filling up the DagBag from /Users/adebolafagbule/opt/anaconda3/envs/airflow_env/lib/python3.8/site-packages/airflow/example_dags/example_branch_operator.py
[2022-03-22 19:21:54,630] {processor.py:654} INFO - DAG(s) dict_keys(['example_branch_operator']) retrieved from /Users/adebolafagbule/opt/anaconda3/envs/airflow_env/lib/python3.8/site-packages/airflow/example_dags/example_branch_operator.py
[2022-03-22 19:21:54,664] {logging_mixin.py:109} INFO - [2022-03-22 19:21:54,664] {dag.py:2398} INFO - Sync 1 DAGs
[2022-03-22 19:21:54,684] {logging_mixin.py:109} INFO - [2022-03-22 19:21:54,683] {dag.py:2937} INFO - Setting next_dagrun for example_branch_operator to 2022-03-21 00:00:00+00:00
[2022-03-22 19:21:54,697] {processor.py:171} INFO - Processing /Users/adebolafagbule/opt/anaconda3/envs/airflow_env/lib/python3.8/site-packages/airflow/example_dags/example_branch_operator.py took 0.166 seconds
