[2022-03-25 20:25:05,421] {processor.py:163} INFO - Started process (PID=26297) to work on /Users/adebolafagbule/opt/anaconda3/envs/airflow_env/lib/python3.8/site-packages/airflow/example_dags/subdags/subdag.py
[2022-03-25 20:25:05,441] {processor.py:642} INFO - Processing file /Users/adebolafagbule/opt/anaconda3/envs/airflow_env/lib/python3.8/site-packages/airflow/example_dags/subdags/subdag.py for tasks to queue
[2022-03-25 20:25:05,441] {logging_mixin.py:109} INFO - [2022-03-25 20:25:05,441] {dagbag.py:500} INFO - Filling up the DagBag from /Users/adebolafagbule/opt/anaconda3/envs/airflow_env/lib/python3.8/site-packages/airflow/example_dags/subdags/subdag.py
[2022-03-25 20:25:05,490] {processor.py:656} WARNING - No viable dags retrieved from /Users/adebolafagbule/opt/anaconda3/envs/airflow_env/lib/python3.8/site-packages/airflow/example_dags/subdags/subdag.py
[2022-03-25 20:25:05,493] {processor.py:171} INFO - Processing /Users/adebolafagbule/opt/anaconda3/envs/airflow_env/lib/python3.8/site-packages/airflow/example_dags/subdags/subdag.py took 0.073 seconds
[2022-03-25 22:39:44,102] {processor.py:163} INFO - Started process (PID=26397) to work on /Users/adebolafagbule/opt/anaconda3/envs/airflow_env/lib/python3.8/site-packages/airflow/example_dags/subdags/subdag.py
[2022-03-25 22:39:44,103] {processor.py:642} INFO - Processing file /Users/adebolafagbule/opt/anaconda3/envs/airflow_env/lib/python3.8/site-packages/airflow/example_dags/subdags/subdag.py for tasks to queue
[2022-03-25 22:39:44,104] {logging_mixin.py:109} INFO - [2022-03-25 22:39:44,104] {dagbag.py:500} INFO - Filling up the DagBag from /Users/adebolafagbule/opt/anaconda3/envs/airflow_env/lib/python3.8/site-packages/airflow/example_dags/subdags/subdag.py
[2022-03-25 22:39:44,128] {processor.py:656} WARNING - No viable dags retrieved from /Users/adebolafagbule/opt/anaconda3/envs/airflow_env/lib/python3.8/site-packages/airflow/example_dags/subdags/subdag.py
[2022-03-25 22:39:44,129] {processor.py:171} INFO - Processing /Users/adebolafagbule/opt/anaconda3/envs/airflow_env/lib/python3.8/site-packages/airflow/example_dags/subdags/subdag.py took 0.027 seconds
[2022-03-25 23:21:52,565] {processor.py:163} INFO - Started process (PID=26535) to work on /Users/adebolafagbule/opt/anaconda3/envs/airflow_env/lib/python3.8/site-packages/airflow/example_dags/subdags/subdag.py
[2022-03-25 23:21:52,566] {processor.py:642} INFO - Processing file /Users/adebolafagbule/opt/anaconda3/envs/airflow_env/lib/python3.8/site-packages/airflow/example_dags/subdags/subdag.py for tasks to queue
[2022-03-25 23:21:52,566] {logging_mixin.py:109} INFO - [2022-03-25 23:21:52,566] {dagbag.py:500} INFO - Filling up the DagBag from /Users/adebolafagbule/opt/anaconda3/envs/airflow_env/lib/python3.8/site-packages/airflow/example_dags/subdags/subdag.py
[2022-03-25 23:21:52,589] {processor.py:656} WARNING - No viable dags retrieved from /Users/adebolafagbule/opt/anaconda3/envs/airflow_env/lib/python3.8/site-packages/airflow/example_dags/subdags/subdag.py
[2022-03-25 23:21:52,590] {processor.py:171} INFO - Processing /Users/adebolafagbule/opt/anaconda3/envs/airflow_env/lib/python3.8/site-packages/airflow/example_dags/subdags/subdag.py took 0.026 seconds
[2022-03-25 23:22:40,119] {processor.py:163} INFO - Started process (PID=26596) to work on /Users/adebolafagbule/opt/anaconda3/envs/airflow_env/lib/python3.8/site-packages/airflow/example_dags/subdags/subdag.py
[2022-03-25 23:22:40,120] {processor.py:642} INFO - Processing file /Users/adebolafagbule/opt/anaconda3/envs/airflow_env/lib/python3.8/site-packages/airflow/example_dags/subdags/subdag.py for tasks to queue
[2022-03-25 23:22:40,120] {logging_mixin.py:109} INFO - [2022-03-25 23:22:40,120] {dagbag.py:500} INFO - Filling up the DagBag from /Users/adebolafagbule/opt/anaconda3/envs/airflow_env/lib/python3.8/site-packages/airflow/example_dags/subdags/subdag.py
[2022-03-25 23:22:40,141] {processor.py:656} WARNING - No viable dags retrieved from /Users/adebolafagbule/opt/anaconda3/envs/airflow_env/lib/python3.8/site-packages/airflow/example_dags/subdags/subdag.py
[2022-03-25 23:22:40,142] {processor.py:171} INFO - Processing /Users/adebolafagbule/opt/anaconda3/envs/airflow_env/lib/python3.8/site-packages/airflow/example_dags/subdags/subdag.py took 0.023 seconds
[2022-03-25 23:23:21,926] {processor.py:163} INFO - Started process (PID=26656) to work on /Users/adebolafagbule/opt/anaconda3/envs/airflow_env/lib/python3.8/site-packages/airflow/example_dags/subdags/subdag.py
[2022-03-25 23:23:21,927] {processor.py:642} INFO - Processing file /Users/adebolafagbule/opt/anaconda3/envs/airflow_env/lib/python3.8/site-packages/airflow/example_dags/subdags/subdag.py for tasks to queue
[2022-03-25 23:23:21,927] {logging_mixin.py:109} INFO - [2022-03-25 23:23:21,927] {dagbag.py:500} INFO - Filling up the DagBag from /Users/adebolafagbule/opt/anaconda3/envs/airflow_env/lib/python3.8/site-packages/airflow/example_dags/subdags/subdag.py
[2022-03-25 23:23:21,948] {processor.py:656} WARNING - No viable dags retrieved from /Users/adebolafagbule/opt/anaconda3/envs/airflow_env/lib/python3.8/site-packages/airflow/example_dags/subdags/subdag.py
[2022-03-25 23:23:21,949] {processor.py:171} INFO - Processing /Users/adebolafagbule/opt/anaconda3/envs/airflow_env/lib/python3.8/site-packages/airflow/example_dags/subdags/subdag.py took 0.023 seconds
[2022-03-25 23:24:02,510] {processor.py:163} INFO - Started process (PID=26787) to work on /Users/adebolafagbule/opt/anaconda3/envs/airflow_env/lib/python3.8/site-packages/airflow/example_dags/subdags/subdag.py
[2022-03-25 23:24:02,511] {processor.py:642} INFO - Processing file /Users/adebolafagbule/opt/anaconda3/envs/airflow_env/lib/python3.8/site-packages/airflow/example_dags/subdags/subdag.py for tasks to queue
[2022-03-25 23:24:02,511] {logging_mixin.py:109} INFO - [2022-03-25 23:24:02,511] {dagbag.py:500} INFO - Filling up the DagBag from /Users/adebolafagbule/opt/anaconda3/envs/airflow_env/lib/python3.8/site-packages/airflow/example_dags/subdags/subdag.py
[2022-03-25 23:24:02,532] {processor.py:656} WARNING - No viable dags retrieved from /Users/adebolafagbule/opt/anaconda3/envs/airflow_env/lib/python3.8/site-packages/airflow/example_dags/subdags/subdag.py
[2022-03-25 23:24:02,533] {processor.py:171} INFO - Processing /Users/adebolafagbule/opt/anaconda3/envs/airflow_env/lib/python3.8/site-packages/airflow/example_dags/subdags/subdag.py took 0.024 seconds
[2022-03-25 23:24:43,810] {processor.py:163} INFO - Started process (PID=26834) to work on /Users/adebolafagbule/opt/anaconda3/envs/airflow_env/lib/python3.8/site-packages/airflow/example_dags/subdags/subdag.py
[2022-03-25 23:24:43,811] {processor.py:642} INFO - Processing file /Users/adebolafagbule/opt/anaconda3/envs/airflow_env/lib/python3.8/site-packages/airflow/example_dags/subdags/subdag.py for tasks to queue
[2022-03-25 23:24:43,811] {logging_mixin.py:109} INFO - [2022-03-25 23:24:43,811] {dagbag.py:500} INFO - Filling up the DagBag from /Users/adebolafagbule/opt/anaconda3/envs/airflow_env/lib/python3.8/site-packages/airflow/example_dags/subdags/subdag.py
[2022-03-25 23:24:43,833] {processor.py:656} WARNING - No viable dags retrieved from /Users/adebolafagbule/opt/anaconda3/envs/airflow_env/lib/python3.8/site-packages/airflow/example_dags/subdags/subdag.py
[2022-03-25 23:24:43,834] {processor.py:171} INFO - Processing /Users/adebolafagbule/opt/anaconda3/envs/airflow_env/lib/python3.8/site-packages/airflow/example_dags/subdags/subdag.py took 0.024 seconds
[2022-03-25 23:25:25,366] {processor.py:163} INFO - Started process (PID=26892) to work on /Users/adebolafagbule/opt/anaconda3/envs/airflow_env/lib/python3.8/site-packages/airflow/example_dags/subdags/subdag.py
[2022-03-25 23:25:25,368] {processor.py:642} INFO - Processing file /Users/adebolafagbule/opt/anaconda3/envs/airflow_env/lib/python3.8/site-packages/airflow/example_dags/subdags/subdag.py for tasks to queue
[2022-03-25 23:25:25,369] {logging_mixin.py:109} INFO - [2022-03-25 23:25:25,369] {dagbag.py:500} INFO - Filling up the DagBag from /Users/adebolafagbule/opt/anaconda3/envs/airflow_env/lib/python3.8/site-packages/airflow/example_dags/subdags/subdag.py
[2022-03-25 23:25:25,391] {processor.py:656} WARNING - No viable dags retrieved from /Users/adebolafagbule/opt/anaconda3/envs/airflow_env/lib/python3.8/site-packages/airflow/example_dags/subdags/subdag.py
[2022-03-25 23:25:25,392] {processor.py:171} INFO - Processing /Users/adebolafagbule/opt/anaconda3/envs/airflow_env/lib/python3.8/site-packages/airflow/example_dags/subdags/subdag.py took 0.027 seconds
[2022-03-25 23:26:05,802] {processor.py:163} INFO - Started process (PID=26937) to work on /Users/adebolafagbule/opt/anaconda3/envs/airflow_env/lib/python3.8/site-packages/airflow/example_dags/subdags/subdag.py
[2022-03-25 23:26:05,803] {processor.py:642} INFO - Processing file /Users/adebolafagbule/opt/anaconda3/envs/airflow_env/lib/python3.8/site-packages/airflow/example_dags/subdags/subdag.py for tasks to queue
[2022-03-25 23:26:05,803] {logging_mixin.py:109} INFO - [2022-03-25 23:26:05,803] {dagbag.py:500} INFO - Filling up the DagBag from /Users/adebolafagbule/opt/anaconda3/envs/airflow_env/lib/python3.8/site-packages/airflow/example_dags/subdags/subdag.py
[2022-03-25 23:26:05,835] {processor.py:656} WARNING - No viable dags retrieved from /Users/adebolafagbule/opt/anaconda3/envs/airflow_env/lib/python3.8/site-packages/airflow/example_dags/subdags/subdag.py
[2022-03-25 23:26:05,836] {processor.py:171} INFO - Processing /Users/adebolafagbule/opt/anaconda3/envs/airflow_env/lib/python3.8/site-packages/airflow/example_dags/subdags/subdag.py took 0.034 seconds
[2022-03-25 23:26:46,393] {processor.py:163} INFO - Started process (PID=26988) to work on /Users/adebolafagbule/opt/anaconda3/envs/airflow_env/lib/python3.8/site-packages/airflow/example_dags/subdags/subdag.py
[2022-03-25 23:26:46,394] {processor.py:642} INFO - Processing file /Users/adebolafagbule/opt/anaconda3/envs/airflow_env/lib/python3.8/site-packages/airflow/example_dags/subdags/subdag.py for tasks to queue
[2022-03-25 23:26:46,395] {logging_mixin.py:109} INFO - [2022-03-25 23:26:46,395] {dagbag.py:500} INFO - Filling up the DagBag from /Users/adebolafagbule/opt/anaconda3/envs/airflow_env/lib/python3.8/site-packages/airflow/example_dags/subdags/subdag.py
[2022-03-25 23:26:46,418] {processor.py:656} WARNING - No viable dags retrieved from /Users/adebolafagbule/opt/anaconda3/envs/airflow_env/lib/python3.8/site-packages/airflow/example_dags/subdags/subdag.py
[2022-03-25 23:26:46,419] {processor.py:171} INFO - Processing /Users/adebolafagbule/opt/anaconda3/envs/airflow_env/lib/python3.8/site-packages/airflow/example_dags/subdags/subdag.py took 0.026 seconds
[2022-03-25 23:27:28,919] {processor.py:163} INFO - Started process (PID=27040) to work on /Users/adebolafagbule/opt/anaconda3/envs/airflow_env/lib/python3.8/site-packages/airflow/example_dags/subdags/subdag.py
[2022-03-25 23:27:28,921] {processor.py:642} INFO - Processing file /Users/adebolafagbule/opt/anaconda3/envs/airflow_env/lib/python3.8/site-packages/airflow/example_dags/subdags/subdag.py for tasks to queue
[2022-03-25 23:27:28,922] {logging_mixin.py:109} INFO - [2022-03-25 23:27:28,922] {dagbag.py:500} INFO - Filling up the DagBag from /Users/adebolafagbule/opt/anaconda3/envs/airflow_env/lib/python3.8/site-packages/airflow/example_dags/subdags/subdag.py
[2022-03-25 23:27:28,967] {processor.py:656} WARNING - No viable dags retrieved from /Users/adebolafagbule/opt/anaconda3/envs/airflow_env/lib/python3.8/site-packages/airflow/example_dags/subdags/subdag.py
[2022-03-25 23:27:28,968] {processor.py:171} INFO - Processing /Users/adebolafagbule/opt/anaconda3/envs/airflow_env/lib/python3.8/site-packages/airflow/example_dags/subdags/subdag.py took 0.050 seconds
[2022-03-25 23:28:09,927] {processor.py:163} INFO - Started process (PID=27087) to work on /Users/adebolafagbule/opt/anaconda3/envs/airflow_env/lib/python3.8/site-packages/airflow/example_dags/subdags/subdag.py
[2022-03-25 23:28:09,928] {processor.py:642} INFO - Processing file /Users/adebolafagbule/opt/anaconda3/envs/airflow_env/lib/python3.8/site-packages/airflow/example_dags/subdags/subdag.py for tasks to queue
[2022-03-25 23:28:09,929] {logging_mixin.py:109} INFO - [2022-03-25 23:28:09,929] {dagbag.py:500} INFO - Filling up the DagBag from /Users/adebolafagbule/opt/anaconda3/envs/airflow_env/lib/python3.8/site-packages/airflow/example_dags/subdags/subdag.py
[2022-03-25 23:28:09,961] {processor.py:656} WARNING - No viable dags retrieved from /Users/adebolafagbule/opt/anaconda3/envs/airflow_env/lib/python3.8/site-packages/airflow/example_dags/subdags/subdag.py
[2022-03-25 23:28:09,963] {processor.py:171} INFO - Processing /Users/adebolafagbule/opt/anaconda3/envs/airflow_env/lib/python3.8/site-packages/airflow/example_dags/subdags/subdag.py took 0.036 seconds
[2022-03-25 23:28:50,198] {processor.py:163} INFO - Started process (PID=27126) to work on /Users/adebolafagbule/opt/anaconda3/envs/airflow_env/lib/python3.8/site-packages/airflow/example_dags/subdags/subdag.py
[2022-03-25 23:28:50,200] {processor.py:642} INFO - Processing file /Users/adebolafagbule/opt/anaconda3/envs/airflow_env/lib/python3.8/site-packages/airflow/example_dags/subdags/subdag.py for tasks to queue
[2022-03-25 23:28:50,200] {logging_mixin.py:109} INFO - [2022-03-25 23:28:50,200] {dagbag.py:500} INFO - Filling up the DagBag from /Users/adebolafagbule/opt/anaconda3/envs/airflow_env/lib/python3.8/site-packages/airflow/example_dags/subdags/subdag.py
[2022-03-25 23:28:50,220] {processor.py:656} WARNING - No viable dags retrieved from /Users/adebolafagbule/opt/anaconda3/envs/airflow_env/lib/python3.8/site-packages/airflow/example_dags/subdags/subdag.py
[2022-03-25 23:28:50,221] {processor.py:171} INFO - Processing /Users/adebolafagbule/opt/anaconda3/envs/airflow_env/lib/python3.8/site-packages/airflow/example_dags/subdags/subdag.py took 0.023 seconds
[2022-03-25 23:29:29,532] {processor.py:163} INFO - Started process (PID=27168) to work on /Users/adebolafagbule/opt/anaconda3/envs/airflow_env/lib/python3.8/site-packages/airflow/example_dags/subdags/subdag.py
[2022-03-25 23:29:29,534] {processor.py:642} INFO - Processing file /Users/adebolafagbule/opt/anaconda3/envs/airflow_env/lib/python3.8/site-packages/airflow/example_dags/subdags/subdag.py for tasks to queue
[2022-03-25 23:29:29,534] {logging_mixin.py:109} INFO - [2022-03-25 23:29:29,534] {dagbag.py:500} INFO - Filling up the DagBag from /Users/adebolafagbule/opt/anaconda3/envs/airflow_env/lib/python3.8/site-packages/airflow/example_dags/subdags/subdag.py
[2022-03-25 23:29:29,554] {processor.py:656} WARNING - No viable dags retrieved from /Users/adebolafagbule/opt/anaconda3/envs/airflow_env/lib/python3.8/site-packages/airflow/example_dags/subdags/subdag.py
[2022-03-25 23:29:29,556] {processor.py:171} INFO - Processing /Users/adebolafagbule/opt/anaconda3/envs/airflow_env/lib/python3.8/site-packages/airflow/example_dags/subdags/subdag.py took 0.024 seconds
[2022-03-25 23:30:12,873] {processor.py:163} INFO - Started process (PID=27226) to work on /Users/adebolafagbule/opt/anaconda3/envs/airflow_env/lib/python3.8/site-packages/airflow/example_dags/subdags/subdag.py
[2022-03-25 23:30:12,875] {processor.py:642} INFO - Processing file /Users/adebolafagbule/opt/anaconda3/envs/airflow_env/lib/python3.8/site-packages/airflow/example_dags/subdags/subdag.py for tasks to queue
[2022-03-25 23:30:12,876] {logging_mixin.py:109} INFO - [2022-03-25 23:30:12,876] {dagbag.py:500} INFO - Filling up the DagBag from /Users/adebolafagbule/opt/anaconda3/envs/airflow_env/lib/python3.8/site-packages/airflow/example_dags/subdags/subdag.py
[2022-03-25 23:30:12,900] {processor.py:656} WARNING - No viable dags retrieved from /Users/adebolafagbule/opt/anaconda3/envs/airflow_env/lib/python3.8/site-packages/airflow/example_dags/subdags/subdag.py
[2022-03-25 23:30:12,901] {processor.py:171} INFO - Processing /Users/adebolafagbule/opt/anaconda3/envs/airflow_env/lib/python3.8/site-packages/airflow/example_dags/subdags/subdag.py took 0.029 seconds
[2022-03-25 23:30:56,387] {processor.py:163} INFO - Started process (PID=27279) to work on /Users/adebolafagbule/opt/anaconda3/envs/airflow_env/lib/python3.8/site-packages/airflow/example_dags/subdags/subdag.py
[2022-03-25 23:30:56,388] {processor.py:642} INFO - Processing file /Users/adebolafagbule/opt/anaconda3/envs/airflow_env/lib/python3.8/site-packages/airflow/example_dags/subdags/subdag.py for tasks to queue
[2022-03-25 23:30:56,388] {logging_mixin.py:109} INFO - [2022-03-25 23:30:56,388] {dagbag.py:500} INFO - Filling up the DagBag from /Users/adebolafagbule/opt/anaconda3/envs/airflow_env/lib/python3.8/site-packages/airflow/example_dags/subdags/subdag.py
[2022-03-25 23:30:56,410] {processor.py:656} WARNING - No viable dags retrieved from /Users/adebolafagbule/opt/anaconda3/envs/airflow_env/lib/python3.8/site-packages/airflow/example_dags/subdags/subdag.py
[2022-03-25 23:30:56,411] {processor.py:171} INFO - Processing /Users/adebolafagbule/opt/anaconda3/envs/airflow_env/lib/python3.8/site-packages/airflow/example_dags/subdags/subdag.py took 0.024 seconds
[2022-03-25 23:31:39,598] {processor.py:163} INFO - Started process (PID=27323) to work on /Users/adebolafagbule/opt/anaconda3/envs/airflow_env/lib/python3.8/site-packages/airflow/example_dags/subdags/subdag.py
[2022-03-25 23:31:39,599] {processor.py:642} INFO - Processing file /Users/adebolafagbule/opt/anaconda3/envs/airflow_env/lib/python3.8/site-packages/airflow/example_dags/subdags/subdag.py for tasks to queue
[2022-03-25 23:31:39,599] {logging_mixin.py:109} INFO - [2022-03-25 23:31:39,599] {dagbag.py:500} INFO - Filling up the DagBag from /Users/adebolafagbule/opt/anaconda3/envs/airflow_env/lib/python3.8/site-packages/airflow/example_dags/subdags/subdag.py
[2022-03-25 23:31:39,620] {processor.py:656} WARNING - No viable dags retrieved from /Users/adebolafagbule/opt/anaconda3/envs/airflow_env/lib/python3.8/site-packages/airflow/example_dags/subdags/subdag.py
[2022-03-25 23:31:39,621] {processor.py:171} INFO - Processing /Users/adebolafagbule/opt/anaconda3/envs/airflow_env/lib/python3.8/site-packages/airflow/example_dags/subdags/subdag.py took 0.024 seconds
[2022-03-25 23:32:21,916] {processor.py:163} INFO - Started process (PID=27366) to work on /Users/adebolafagbule/opt/anaconda3/envs/airflow_env/lib/python3.8/site-packages/airflow/example_dags/subdags/subdag.py
[2022-03-25 23:32:21,916] {processor.py:642} INFO - Processing file /Users/adebolafagbule/opt/anaconda3/envs/airflow_env/lib/python3.8/site-packages/airflow/example_dags/subdags/subdag.py for tasks to queue
[2022-03-25 23:32:21,916] {logging_mixin.py:109} INFO - [2022-03-25 23:32:21,916] {dagbag.py:500} INFO - Filling up the DagBag from /Users/adebolafagbule/opt/anaconda3/envs/airflow_env/lib/python3.8/site-packages/airflow/example_dags/subdags/subdag.py
[2022-03-25 23:32:21,938] {processor.py:656} WARNING - No viable dags retrieved from /Users/adebolafagbule/opt/anaconda3/envs/airflow_env/lib/python3.8/site-packages/airflow/example_dags/subdags/subdag.py
[2022-03-25 23:32:21,939] {processor.py:171} INFO - Processing /Users/adebolafagbule/opt/anaconda3/envs/airflow_env/lib/python3.8/site-packages/airflow/example_dags/subdags/subdag.py took 0.024 seconds
[2022-03-25 23:33:03,546] {processor.py:163} INFO - Started process (PID=27409) to work on /Users/adebolafagbule/opt/anaconda3/envs/airflow_env/lib/python3.8/site-packages/airflow/example_dags/subdags/subdag.py
[2022-03-25 23:33:03,547] {processor.py:642} INFO - Processing file /Users/adebolafagbule/opt/anaconda3/envs/airflow_env/lib/python3.8/site-packages/airflow/example_dags/subdags/subdag.py for tasks to queue
[2022-03-25 23:33:03,547] {logging_mixin.py:109} INFO - [2022-03-25 23:33:03,547] {dagbag.py:500} INFO - Filling up the DagBag from /Users/adebolafagbule/opt/anaconda3/envs/airflow_env/lib/python3.8/site-packages/airflow/example_dags/subdags/subdag.py
[2022-03-25 23:33:03,572] {processor.py:656} WARNING - No viable dags retrieved from /Users/adebolafagbule/opt/anaconda3/envs/airflow_env/lib/python3.8/site-packages/airflow/example_dags/subdags/subdag.py
[2022-03-25 23:33:03,574] {processor.py:171} INFO - Processing /Users/adebolafagbule/opt/anaconda3/envs/airflow_env/lib/python3.8/site-packages/airflow/example_dags/subdags/subdag.py took 0.028 seconds
