[2022-03-25 20:24:33,706] {taskinstance.py:1037} INFO - Dependencies all met for <TaskInstance: class_training.Convert scheduled__2022-03-25T00:00:00+00:00 [queued]>
[2022-03-25 20:24:33,717] {taskinstance.py:1037} INFO - Dependencies all met for <TaskInstance: class_training.Convert scheduled__2022-03-25T00:00:00+00:00 [queued]>
[2022-03-25 20:24:33,717] {taskinstance.py:1243} INFO - 
--------------------------------------------------------------------------------
[2022-03-25 20:24:33,717] {taskinstance.py:1244} INFO - Starting attempt 1 of 2
[2022-03-25 20:24:33,718] {taskinstance.py:1245} INFO - 
--------------------------------------------------------------------------------
[2022-03-25 20:24:33,731] {taskinstance.py:1264} INFO - Executing <Task(PythonOperator): Convert> on 2022-03-25 00:00:00+00:00
[2022-03-25 20:24:33,736] {standard_task_runner.py:52} INFO - Started process 26277 to run task
[2022-03-25 20:24:33,747] {standard_task_runner.py:76} INFO - Running: ['airflow', 'tasks', 'run', 'class_training', 'Convert', 'scheduled__2022-03-25T00:00:00+00:00', '--job-id', '22', '--raw', '--subdir', 'DAGS_FOLDER/class_training.py', '--cfg-path', '/var/folders/1v/qwnb14hd7z7dhfn3xtt04sym0000gn/T/tmplch7jeb6', '--error-file', '/var/folders/1v/qwnb14hd7z7dhfn3xtt04sym0000gn/T/tmp2i9v964b']
[2022-03-25 20:24:33,751] {standard_task_runner.py:77} INFO - Job 22: Subtask Convert
[2022-03-25 20:24:33,828] {logging_mixin.py:109} INFO - Running <TaskInstance: class_training.Convert scheduled__2022-03-25T00:00:00+00:00 [running]> on host adebolas-mbp.hsd1.md.comcast.net
[2022-03-25 20:24:33,887] {taskinstance.py:1429} INFO - Exporting the following env vars:
AIRFLOW_CTX_DAG_EMAIL=adebola.fagbule1@gmail.com
AIRFLOW_CTX_DAG_OWNER=airflow
AIRFLOW_CTX_DAG_ID=class_training
AIRFLOW_CTX_TASK_ID=Convert
AIRFLOW_CTX_EXECUTION_DATE=2022-03-25T00:00:00+00:00
AIRFLOW_CTX_DAG_RUN_ID=scheduled__2022-03-25T00:00:00+00:00
[2022-03-25 20:24:33,981] {python.py:175} INFO - Done. Returned value was: None
[2022-03-25 20:24:33,994] {taskinstance.py:1272} INFO - Marking task as SUCCESS. dag_id=class_training, task_id=Convert, execution_date=20220325T000000, start_date=20220326T002433, end_date=20220326T002433
[2022-03-25 20:24:34,036] {local_task_job.py:154} INFO - Task exited with return code 0
[2022-03-25 20:24:34,082] {local_task_job.py:264} INFO - 1 downstream tasks scheduled from follow-on schedule check
