[2022-03-25 20:24:45,162] {processor.py:163} INFO - Started process (PID=26283) to work on /Users/adebolafagbule/opt/anaconda3/envs/airflow_env/lib/python3.8/site-packages/airflow/example_dags/example_branch_labels.py
[2022-03-25 20:24:45,163] {processor.py:642} INFO - Processing file /Users/adebolafagbule/opt/anaconda3/envs/airflow_env/lib/python3.8/site-packages/airflow/example_dags/example_branch_labels.py for tasks to queue
[2022-03-25 20:24:45,163] {logging_mixin.py:109} INFO - [2022-03-25 20:24:45,163] {dagbag.py:500} INFO - Filling up the DagBag from /Users/adebolafagbule/opt/anaconda3/envs/airflow_env/lib/python3.8/site-packages/airflow/example_dags/example_branch_labels.py
[2022-03-25 20:24:45,231] {processor.py:654} INFO - DAG(s) dict_keys(['example_branch_labels']) retrieved from /Users/adebolafagbule/opt/anaconda3/envs/airflow_env/lib/python3.8/site-packages/airflow/example_dags/example_branch_labels.py
[2022-03-25 20:24:45,264] {logging_mixin.py:109} INFO - [2022-03-25 20:24:45,263] {dag.py:2398} INFO - Sync 1 DAGs
[2022-03-25 20:24:45,286] {logging_mixin.py:109} INFO - [2022-03-25 20:24:45,285] {dag.py:2937} INFO - Setting next_dagrun for example_branch_labels to 2022-03-25 00:00:00+00:00
[2022-03-25 20:24:45,298] {processor.py:171} INFO - Processing /Users/adebolafagbule/opt/anaconda3/envs/airflow_env/lib/python3.8/site-packages/airflow/example_dags/example_branch_labels.py took 0.138 seconds
[2022-03-25 23:21:45,538] {processor.py:163} INFO - Started process (PID=26524) to work on /Users/adebolafagbule/opt/anaconda3/envs/airflow_env/lib/python3.8/site-packages/airflow/example_dags/example_branch_labels.py
[2022-03-25 23:21:45,538] {processor.py:642} INFO - Processing file /Users/adebolafagbule/opt/anaconda3/envs/airflow_env/lib/python3.8/site-packages/airflow/example_dags/example_branch_labels.py for tasks to queue
[2022-03-25 23:21:45,539] {logging_mixin.py:109} INFO - [2022-03-25 23:21:45,539] {dagbag.py:500} INFO - Filling up the DagBag from /Users/adebolafagbule/opt/anaconda3/envs/airflow_env/lib/python3.8/site-packages/airflow/example_dags/example_branch_labels.py
[2022-03-25 23:21:45,593] {processor.py:654} INFO - DAG(s) dict_keys(['example_branch_labels']) retrieved from /Users/adebolafagbule/opt/anaconda3/envs/airflow_env/lib/python3.8/site-packages/airflow/example_dags/example_branch_labels.py
[2022-03-25 23:21:45,608] {logging_mixin.py:109} INFO - [2022-03-25 23:21:45,608] {dag.py:2398} INFO - Sync 1 DAGs
[2022-03-25 23:21:45,618] {logging_mixin.py:109} INFO - [2022-03-25 23:21:45,618] {dag.py:2937} INFO - Setting next_dagrun for example_branch_labels to 2022-03-25 00:00:00+00:00
[2022-03-25 23:21:45,624] {processor.py:171} INFO - Processing /Users/adebolafagbule/opt/anaconda3/envs/airflow_env/lib/python3.8/site-packages/airflow/example_dags/example_branch_labels.py took 0.087 seconds
[2022-03-25 23:23:14,167] {processor.py:163} INFO - Started process (PID=26644) to work on /Users/adebolafagbule/opt/anaconda3/envs/airflow_env/lib/python3.8/site-packages/airflow/example_dags/example_branch_labels.py
[2022-03-25 23:23:14,251] {processor.py:642} INFO - Processing file /Users/adebolafagbule/opt/anaconda3/envs/airflow_env/lib/python3.8/site-packages/airflow/example_dags/example_branch_labels.py for tasks to queue
[2022-03-25 23:23:14,251] {logging_mixin.py:109} INFO - [2022-03-25 23:23:14,251] {dagbag.py:500} INFO - Filling up the DagBag from /Users/adebolafagbule/opt/anaconda3/envs/airflow_env/lib/python3.8/site-packages/airflow/example_dags/example_branch_labels.py
[2022-03-25 23:23:14,292] {processor.py:654} INFO - DAG(s) dict_keys(['example_branch_labels']) retrieved from /Users/adebolafagbule/opt/anaconda3/envs/airflow_env/lib/python3.8/site-packages/airflow/example_dags/example_branch_labels.py
[2022-03-25 23:23:14,312] {logging_mixin.py:109} INFO - [2022-03-25 23:23:14,311] {dag.py:2398} INFO - Sync 1 DAGs
[2022-03-25 23:23:14,327] {logging_mixin.py:109} INFO - [2022-03-25 23:23:14,327] {dag.py:2937} INFO - Setting next_dagrun for example_branch_labels to 2022-03-25 00:00:00+00:00
[2022-03-25 23:23:14,336] {processor.py:171} INFO - Processing /Users/adebolafagbule/opt/anaconda3/envs/airflow_env/lib/python3.8/site-packages/airflow/example_dags/example_branch_labels.py took 0.169 seconds
[2022-03-25 23:24:36,277] {processor.py:163} INFO - Started process (PID=26827) to work on /Users/adebolafagbule/opt/anaconda3/envs/airflow_env/lib/python3.8/site-packages/airflow/example_dags/example_branch_labels.py
[2022-03-25 23:24:36,278] {processor.py:642} INFO - Processing file /Users/adebolafagbule/opt/anaconda3/envs/airflow_env/lib/python3.8/site-packages/airflow/example_dags/example_branch_labels.py for tasks to queue
[2022-03-25 23:24:36,278] {logging_mixin.py:109} INFO - [2022-03-25 23:24:36,278] {dagbag.py:500} INFO - Filling up the DagBag from /Users/adebolafagbule/opt/anaconda3/envs/airflow_env/lib/python3.8/site-packages/airflow/example_dags/example_branch_labels.py
[2022-03-25 23:24:36,306] {processor.py:654} INFO - DAG(s) dict_keys(['example_branch_labels']) retrieved from /Users/adebolafagbule/opt/anaconda3/envs/airflow_env/lib/python3.8/site-packages/airflow/example_dags/example_branch_labels.py
[2022-03-25 23:24:36,319] {logging_mixin.py:109} INFO - [2022-03-25 23:24:36,319] {dag.py:2398} INFO - Sync 1 DAGs
[2022-03-25 23:24:36,328] {logging_mixin.py:109} INFO - [2022-03-25 23:24:36,328] {dag.py:2937} INFO - Setting next_dagrun for example_branch_labels to 2022-03-25 00:00:00+00:00
[2022-03-25 23:24:36,333] {processor.py:171} INFO - Processing /Users/adebolafagbule/opt/anaconda3/envs/airflow_env/lib/python3.8/site-packages/airflow/example_dags/example_branch_labels.py took 0.056 seconds
[2022-03-25 23:25:59,306] {processor.py:163} INFO - Started process (PID=26930) to work on /Users/adebolafagbule/opt/anaconda3/envs/airflow_env/lib/python3.8/site-packages/airflow/example_dags/example_branch_labels.py
[2022-03-25 23:25:59,306] {processor.py:642} INFO - Processing file /Users/adebolafagbule/opt/anaconda3/envs/airflow_env/lib/python3.8/site-packages/airflow/example_dags/example_branch_labels.py for tasks to queue
[2022-03-25 23:25:59,307] {logging_mixin.py:109} INFO - [2022-03-25 23:25:59,307] {dagbag.py:500} INFO - Filling up the DagBag from /Users/adebolafagbule/opt/anaconda3/envs/airflow_env/lib/python3.8/site-packages/airflow/example_dags/example_branch_labels.py
[2022-03-25 23:25:59,340] {processor.py:654} INFO - DAG(s) dict_keys(['example_branch_labels']) retrieved from /Users/adebolafagbule/opt/anaconda3/envs/airflow_env/lib/python3.8/site-packages/airflow/example_dags/example_branch_labels.py
[2022-03-25 23:25:59,356] {logging_mixin.py:109} INFO - [2022-03-25 23:25:59,356] {dag.py:2398} INFO - Sync 1 DAGs
[2022-03-25 23:25:59,366] {logging_mixin.py:109} INFO - [2022-03-25 23:25:59,366] {dag.py:2937} INFO - Setting next_dagrun for example_branch_labels to 2022-03-25 00:00:00+00:00
[2022-03-25 23:25:59,371] {processor.py:171} INFO - Processing /Users/adebolafagbule/opt/anaconda3/envs/airflow_env/lib/python3.8/site-packages/airflow/example_dags/example_branch_labels.py took 0.066 seconds
[2022-03-25 23:27:22,151] {processor.py:163} INFO - Started process (PID=27033) to work on /Users/adebolafagbule/opt/anaconda3/envs/airflow_env/lib/python3.8/site-packages/airflow/example_dags/example_branch_labels.py
[2022-03-25 23:27:22,152] {processor.py:642} INFO - Processing file /Users/adebolafagbule/opt/anaconda3/envs/airflow_env/lib/python3.8/site-packages/airflow/example_dags/example_branch_labels.py for tasks to queue
[2022-03-25 23:27:22,152] {logging_mixin.py:109} INFO - [2022-03-25 23:27:22,152] {dagbag.py:500} INFO - Filling up the DagBag from /Users/adebolafagbule/opt/anaconda3/envs/airflow_env/lib/python3.8/site-packages/airflow/example_dags/example_branch_labels.py
[2022-03-25 23:27:22,180] {processor.py:654} INFO - DAG(s) dict_keys(['example_branch_labels']) retrieved from /Users/adebolafagbule/opt/anaconda3/envs/airflow_env/lib/python3.8/site-packages/airflow/example_dags/example_branch_labels.py
[2022-03-25 23:27:22,194] {logging_mixin.py:109} INFO - [2022-03-25 23:27:22,194] {dag.py:2398} INFO - Sync 1 DAGs
[2022-03-25 23:27:22,203] {logging_mixin.py:109} INFO - [2022-03-25 23:27:22,203] {dag.py:2937} INFO - Setting next_dagrun for example_branch_labels to 2022-03-25 00:00:00+00:00
[2022-03-25 23:27:22,209] {processor.py:171} INFO - Processing /Users/adebolafagbule/opt/anaconda3/envs/airflow_env/lib/python3.8/site-packages/airflow/example_dags/example_branch_labels.py took 0.058 seconds
[2022-03-25 23:28:43,668] {processor.py:163} INFO - Started process (PID=27120) to work on /Users/adebolafagbule/opt/anaconda3/envs/airflow_env/lib/python3.8/site-packages/airflow/example_dags/example_branch_labels.py
[2022-03-25 23:28:43,669] {processor.py:642} INFO - Processing file /Users/adebolafagbule/opt/anaconda3/envs/airflow_env/lib/python3.8/site-packages/airflow/example_dags/example_branch_labels.py for tasks to queue
[2022-03-25 23:28:43,669] {logging_mixin.py:109} INFO - [2022-03-25 23:28:43,669] {dagbag.py:500} INFO - Filling up the DagBag from /Users/adebolafagbule/opt/anaconda3/envs/airflow_env/lib/python3.8/site-packages/airflow/example_dags/example_branch_labels.py
[2022-03-25 23:28:43,697] {processor.py:654} INFO - DAG(s) dict_keys(['example_branch_labels']) retrieved from /Users/adebolafagbule/opt/anaconda3/envs/airflow_env/lib/python3.8/site-packages/airflow/example_dags/example_branch_labels.py
[2022-03-25 23:28:43,709] {logging_mixin.py:109} INFO - [2022-03-25 23:28:43,709] {dag.py:2398} INFO - Sync 1 DAGs
[2022-03-25 23:28:43,718] {logging_mixin.py:109} INFO - [2022-03-25 23:28:43,718] {dag.py:2937} INFO - Setting next_dagrun for example_branch_labels to 2022-03-25 00:00:00+00:00
[2022-03-25 23:28:43,725] {processor.py:171} INFO - Processing /Users/adebolafagbule/opt/anaconda3/envs/airflow_env/lib/python3.8/site-packages/airflow/example_dags/example_branch_labels.py took 0.058 seconds
[2022-03-25 23:30:05,276] {processor.py:163} INFO - Started process (PID=27209) to work on /Users/adebolafagbule/opt/anaconda3/envs/airflow_env/lib/python3.8/site-packages/airflow/example_dags/example_branch_labels.py
[2022-03-25 23:30:05,276] {processor.py:642} INFO - Processing file /Users/adebolafagbule/opt/anaconda3/envs/airflow_env/lib/python3.8/site-packages/airflow/example_dags/example_branch_labels.py for tasks to queue
[2022-03-25 23:30:05,276] {logging_mixin.py:109} INFO - [2022-03-25 23:30:05,276] {dagbag.py:500} INFO - Filling up the DagBag from /Users/adebolafagbule/opt/anaconda3/envs/airflow_env/lib/python3.8/site-packages/airflow/example_dags/example_branch_labels.py
[2022-03-25 23:30:05,305] {processor.py:654} INFO - DAG(s) dict_keys(['example_branch_labels']) retrieved from /Users/adebolafagbule/opt/anaconda3/envs/airflow_env/lib/python3.8/site-packages/airflow/example_dags/example_branch_labels.py
[2022-03-25 23:30:05,322] {logging_mixin.py:109} INFO - [2022-03-25 23:30:05,322] {dag.py:2398} INFO - Sync 1 DAGs
[2022-03-25 23:30:05,333] {logging_mixin.py:109} INFO - [2022-03-25 23:30:05,333] {dag.py:2937} INFO - Setting next_dagrun for example_branch_labels to 2022-03-25 00:00:00+00:00
[2022-03-25 23:30:05,339] {processor.py:171} INFO - Processing /Users/adebolafagbule/opt/anaconda3/envs/airflow_env/lib/python3.8/site-packages/airflow/example_dags/example_branch_labels.py took 0.064 seconds
[2022-03-25 23:31:32,837] {processor.py:163} INFO - Started process (PID=27317) to work on /Users/adebolafagbule/opt/anaconda3/envs/airflow_env/lib/python3.8/site-packages/airflow/example_dags/example_branch_labels.py
[2022-03-25 23:31:32,838] {processor.py:642} INFO - Processing file /Users/adebolafagbule/opt/anaconda3/envs/airflow_env/lib/python3.8/site-packages/airflow/example_dags/example_branch_labels.py for tasks to queue
[2022-03-25 23:31:32,838] {logging_mixin.py:109} INFO - [2022-03-25 23:31:32,838] {dagbag.py:500} INFO - Filling up the DagBag from /Users/adebolafagbule/opt/anaconda3/envs/airflow_env/lib/python3.8/site-packages/airflow/example_dags/example_branch_labels.py
[2022-03-25 23:31:32,866] {processor.py:654} INFO - DAG(s) dict_keys(['example_branch_labels']) retrieved from /Users/adebolafagbule/opt/anaconda3/envs/airflow_env/lib/python3.8/site-packages/airflow/example_dags/example_branch_labels.py
[2022-03-25 23:31:32,879] {logging_mixin.py:109} INFO - [2022-03-25 23:31:32,879] {dag.py:2398} INFO - Sync 1 DAGs
[2022-03-25 23:31:32,889] {logging_mixin.py:109} INFO - [2022-03-25 23:31:32,889] {dag.py:2937} INFO - Setting next_dagrun for example_branch_labels to 2022-03-25 00:00:00+00:00
[2022-03-25 23:31:32,897] {processor.py:171} INFO - Processing /Users/adebolafagbule/opt/anaconda3/envs/airflow_env/lib/python3.8/site-packages/airflow/example_dags/example_branch_labels.py took 0.060 seconds
[2022-03-25 23:32:56,099] {processor.py:163} INFO - Started process (PID=27402) to work on /Users/adebolafagbule/opt/anaconda3/envs/airflow_env/lib/python3.8/site-packages/airflow/example_dags/example_branch_labels.py
[2022-03-25 23:32:56,100] {processor.py:642} INFO - Processing file /Users/adebolafagbule/opt/anaconda3/envs/airflow_env/lib/python3.8/site-packages/airflow/example_dags/example_branch_labels.py for tasks to queue
[2022-03-25 23:32:56,100] {logging_mixin.py:109} INFO - [2022-03-25 23:32:56,100] {dagbag.py:500} INFO - Filling up the DagBag from /Users/adebolafagbule/opt/anaconda3/envs/airflow_env/lib/python3.8/site-packages/airflow/example_dags/example_branch_labels.py
[2022-03-25 23:32:56,129] {processor.py:654} INFO - DAG(s) dict_keys(['example_branch_labels']) retrieved from /Users/adebolafagbule/opt/anaconda3/envs/airflow_env/lib/python3.8/site-packages/airflow/example_dags/example_branch_labels.py
[2022-03-25 23:32:56,142] {logging_mixin.py:109} INFO - [2022-03-25 23:32:56,142] {dag.py:2398} INFO - Sync 1 DAGs
[2022-03-25 23:32:56,151] {logging_mixin.py:109} INFO - [2022-03-25 23:32:56,151] {dag.py:2937} INFO - Setting next_dagrun for example_branch_labels to 2022-03-25 00:00:00+00:00
[2022-03-25 23:32:56,156] {processor.py:171} INFO - Processing /Users/adebolafagbule/opt/anaconda3/envs/airflow_env/lib/python3.8/site-packages/airflow/example_dags/example_branch_labels.py took 0.058 seconds
