[2022-03-25 20:24:29,377] {processor.py:163} INFO - Started process (PID=26273) to work on /Users/adebolafagbule/opt/anaconda3/envs/airflow_env/lib/python3.8/site-packages/airflow/example_dags/example_branch_python_dop_operator_3.py
[2022-03-25 20:24:29,378] {processor.py:642} INFO - Processing file /Users/adebolafagbule/opt/anaconda3/envs/airflow_env/lib/python3.8/site-packages/airflow/example_dags/example_branch_python_dop_operator_3.py for tasks to queue
[2022-03-25 20:24:29,379] {logging_mixin.py:109} INFO - [2022-03-25 20:24:29,379] {dagbag.py:500} INFO - Filling up the DagBag from /Users/adebolafagbule/opt/anaconda3/envs/airflow_env/lib/python3.8/site-packages/airflow/example_dags/example_branch_python_dop_operator_3.py
[2022-03-25 20:24:29,476] {processor.py:654} INFO - DAG(s) dict_keys(['example_branch_dop_operator_v3']) retrieved from /Users/adebolafagbule/opt/anaconda3/envs/airflow_env/lib/python3.8/site-packages/airflow/example_dags/example_branch_python_dop_operator_3.py
[2022-03-25 20:24:29,512] {logging_mixin.py:109} INFO - [2022-03-25 20:24:29,511] {dag.py:2398} INFO - Sync 1 DAGs
[2022-03-25 20:24:29,542] {logging_mixin.py:109} INFO - [2022-03-25 20:24:29,542] {dag.py:2937} INFO - Setting next_dagrun for example_branch_dop_operator_v3 to 2022-03-26T00:23:00+00:00
[2022-03-25 20:24:29,556] {processor.py:171} INFO - Processing /Users/adebolafagbule/opt/anaconda3/envs/airflow_env/lib/python3.8/site-packages/airflow/example_dags/example_branch_python_dop_operator_3.py took 0.180 seconds
[2022-03-25 23:21:40,520] {processor.py:163} INFO - Started process (PID=26504) to work on /Users/adebolafagbule/opt/anaconda3/envs/airflow_env/lib/python3.8/site-packages/airflow/example_dags/example_branch_python_dop_operator_3.py
[2022-03-25 23:21:40,521] {processor.py:642} INFO - Processing file /Users/adebolafagbule/opt/anaconda3/envs/airflow_env/lib/python3.8/site-packages/airflow/example_dags/example_branch_python_dop_operator_3.py for tasks to queue
[2022-03-25 23:21:40,522] {logging_mixin.py:109} INFO - [2022-03-25 23:21:40,522] {dagbag.py:500} INFO - Filling up the DagBag from /Users/adebolafagbule/opt/anaconda3/envs/airflow_env/lib/python3.8/site-packages/airflow/example_dags/example_branch_python_dop_operator_3.py
[2022-03-25 23:21:40,592] {processor.py:654} INFO - DAG(s) dict_keys(['example_branch_dop_operator_v3']) retrieved from /Users/adebolafagbule/opt/anaconda3/envs/airflow_env/lib/python3.8/site-packages/airflow/example_dags/example_branch_python_dop_operator_3.py
[2022-03-25 23:21:40,639] {logging_mixin.py:109} INFO - [2022-03-25 23:21:40,639] {dag.py:2398} INFO - Sync 1 DAGs
[2022-03-25 23:21:40,676] {logging_mixin.py:109} INFO - [2022-03-25 23:21:40,676] {dag.py:2937} INFO - Setting next_dagrun for example_branch_dop_operator_v3 to 2022-03-26T03:20:00+00:00
[2022-03-25 23:21:40,689] {processor.py:171} INFO - Processing /Users/adebolafagbule/opt/anaconda3/envs/airflow_env/lib/python3.8/site-packages/airflow/example_dags/example_branch_python_dop_operator_3.py took 0.169 seconds
[2022-03-25 23:23:09,383] {processor.py:163} INFO - Started process (PID=26638) to work on /Users/adebolafagbule/opt/anaconda3/envs/airflow_env/lib/python3.8/site-packages/airflow/example_dags/example_branch_python_dop_operator_3.py
[2022-03-25 23:23:09,384] {processor.py:642} INFO - Processing file /Users/adebolafagbule/opt/anaconda3/envs/airflow_env/lib/python3.8/site-packages/airflow/example_dags/example_branch_python_dop_operator_3.py for tasks to queue
[2022-03-25 23:23:09,385] {logging_mixin.py:109} INFO - [2022-03-25 23:23:09,385] {dagbag.py:500} INFO - Filling up the DagBag from /Users/adebolafagbule/opt/anaconda3/envs/airflow_env/lib/python3.8/site-packages/airflow/example_dags/example_branch_python_dop_operator_3.py
[2022-03-25 23:23:09,424] {processor.py:654} INFO - DAG(s) dict_keys(['example_branch_dop_operator_v3']) retrieved from /Users/adebolafagbule/opt/anaconda3/envs/airflow_env/lib/python3.8/site-packages/airflow/example_dags/example_branch_python_dop_operator_3.py
[2022-03-25 23:23:09,438] {logging_mixin.py:109} INFO - [2022-03-25 23:23:09,438] {dag.py:2398} INFO - Sync 1 DAGs
[2022-03-25 23:23:09,449] {logging_mixin.py:109} INFO - [2022-03-25 23:23:09,449] {dag.py:2937} INFO - Setting next_dagrun for example_branch_dop_operator_v3 to 2022-03-26T03:22:00+00:00
[2022-03-25 23:23:09,455] {processor.py:171} INFO - Processing /Users/adebolafagbule/opt/anaconda3/envs/airflow_env/lib/python3.8/site-packages/airflow/example_dags/example_branch_python_dop_operator_3.py took 0.072 seconds
[2022-03-25 23:24:32,492] {processor.py:163} INFO - Started process (PID=26822) to work on /Users/adebolafagbule/opt/anaconda3/envs/airflow_env/lib/python3.8/site-packages/airflow/example_dags/example_branch_python_dop_operator_3.py
[2022-03-25 23:24:32,494] {processor.py:642} INFO - Processing file /Users/adebolafagbule/opt/anaconda3/envs/airflow_env/lib/python3.8/site-packages/airflow/example_dags/example_branch_python_dop_operator_3.py for tasks to queue
[2022-03-25 23:24:32,495] {logging_mixin.py:109} INFO - [2022-03-25 23:24:32,494] {dagbag.py:500} INFO - Filling up the DagBag from /Users/adebolafagbule/opt/anaconda3/envs/airflow_env/lib/python3.8/site-packages/airflow/example_dags/example_branch_python_dop_operator_3.py
[2022-03-25 23:24:32,540] {processor.py:654} INFO - DAG(s) dict_keys(['example_branch_dop_operator_v3']) retrieved from /Users/adebolafagbule/opt/anaconda3/envs/airflow_env/lib/python3.8/site-packages/airflow/example_dags/example_branch_python_dop_operator_3.py
[2022-03-25 23:24:32,557] {logging_mixin.py:109} INFO - [2022-03-25 23:24:32,557] {dag.py:2398} INFO - Sync 1 DAGs
[2022-03-25 23:24:32,569] {logging_mixin.py:109} INFO - [2022-03-25 23:24:32,569] {dag.py:2937} INFO - Setting next_dagrun for example_branch_dop_operator_v3 to 2022-03-26T03:23:00+00:00
[2022-03-25 23:24:32,578] {processor.py:171} INFO - Processing /Users/adebolafagbule/opt/anaconda3/envs/airflow_env/lib/python3.8/site-packages/airflow/example_dags/example_branch_python_dop_operator_3.py took 0.086 seconds
[2022-03-25 23:25:55,549] {processor.py:163} INFO - Started process (PID=26926) to work on /Users/adebolafagbule/opt/anaconda3/envs/airflow_env/lib/python3.8/site-packages/airflow/example_dags/example_branch_python_dop_operator_3.py
[2022-03-25 23:25:55,550] {processor.py:642} INFO - Processing file /Users/adebolafagbule/opt/anaconda3/envs/airflow_env/lib/python3.8/site-packages/airflow/example_dags/example_branch_python_dop_operator_3.py for tasks to queue
[2022-03-25 23:25:55,550] {logging_mixin.py:109} INFO - [2022-03-25 23:25:55,550] {dagbag.py:500} INFO - Filling up the DagBag from /Users/adebolafagbule/opt/anaconda3/envs/airflow_env/lib/python3.8/site-packages/airflow/example_dags/example_branch_python_dop_operator_3.py
[2022-03-25 23:25:55,587] {processor.py:654} INFO - DAG(s) dict_keys(['example_branch_dop_operator_v3']) retrieved from /Users/adebolafagbule/opt/anaconda3/envs/airflow_env/lib/python3.8/site-packages/airflow/example_dags/example_branch_python_dop_operator_3.py
[2022-03-25 23:25:55,600] {logging_mixin.py:109} INFO - [2022-03-25 23:25:55,600] {dag.py:2398} INFO - Sync 1 DAGs
[2022-03-25 23:25:55,610] {logging_mixin.py:109} INFO - [2022-03-25 23:25:55,610] {dag.py:2937} INFO - Setting next_dagrun for example_branch_dop_operator_v3 to 2022-03-26T03:24:00+00:00
[2022-03-25 23:25:55,616] {processor.py:171} INFO - Processing /Users/adebolafagbule/opt/anaconda3/envs/airflow_env/lib/python3.8/site-packages/airflow/example_dags/example_branch_python_dop_operator_3.py took 0.067 seconds
[2022-03-25 23:27:17,307] {processor.py:163} INFO - Started process (PID=27025) to work on /Users/adebolafagbule/opt/anaconda3/envs/airflow_env/lib/python3.8/site-packages/airflow/example_dags/example_branch_python_dop_operator_3.py
[2022-03-25 23:27:17,310] {processor.py:642} INFO - Processing file /Users/adebolafagbule/opt/anaconda3/envs/airflow_env/lib/python3.8/site-packages/airflow/example_dags/example_branch_python_dop_operator_3.py for tasks to queue
[2022-03-25 23:27:17,310] {logging_mixin.py:109} INFO - [2022-03-25 23:27:17,310] {dagbag.py:500} INFO - Filling up the DagBag from /Users/adebolafagbule/opt/anaconda3/envs/airflow_env/lib/python3.8/site-packages/airflow/example_dags/example_branch_python_dop_operator_3.py
[2022-03-25 23:27:17,353] {processor.py:654} INFO - DAG(s) dict_keys(['example_branch_dop_operator_v3']) retrieved from /Users/adebolafagbule/opt/anaconda3/envs/airflow_env/lib/python3.8/site-packages/airflow/example_dags/example_branch_python_dop_operator_3.py
[2022-03-25 23:27:17,368] {logging_mixin.py:109} INFO - [2022-03-25 23:27:17,368] {dag.py:2398} INFO - Sync 1 DAGs
[2022-03-25 23:27:17,387] {logging_mixin.py:109} INFO - [2022-03-25 23:27:17,387] {dag.py:2937} INFO - Setting next_dagrun for example_branch_dop_operator_v3 to 2022-03-26T03:26:00+00:00
[2022-03-25 23:27:17,395] {processor.py:171} INFO - Processing /Users/adebolafagbule/opt/anaconda3/envs/airflow_env/lib/python3.8/site-packages/airflow/example_dags/example_branch_python_dop_operator_3.py took 0.089 seconds
[2022-03-25 23:28:39,057] {processor.py:163} INFO - Started process (PID=27116) to work on /Users/adebolafagbule/opt/anaconda3/envs/airflow_env/lib/python3.8/site-packages/airflow/example_dags/example_branch_python_dop_operator_3.py
[2022-03-25 23:28:39,058] {processor.py:642} INFO - Processing file /Users/adebolafagbule/opt/anaconda3/envs/airflow_env/lib/python3.8/site-packages/airflow/example_dags/example_branch_python_dop_operator_3.py for tasks to queue
[2022-03-25 23:28:39,058] {logging_mixin.py:109} INFO - [2022-03-25 23:28:39,058] {dagbag.py:500} INFO - Filling up the DagBag from /Users/adebolafagbule/opt/anaconda3/envs/airflow_env/lib/python3.8/site-packages/airflow/example_dags/example_branch_python_dop_operator_3.py
[2022-03-25 23:28:39,099] {processor.py:654} INFO - DAG(s) dict_keys(['example_branch_dop_operator_v3']) retrieved from /Users/adebolafagbule/opt/anaconda3/envs/airflow_env/lib/python3.8/site-packages/airflow/example_dags/example_branch_python_dop_operator_3.py
[2022-03-25 23:28:39,114] {logging_mixin.py:109} INFO - [2022-03-25 23:28:39,114] {dag.py:2398} INFO - Sync 1 DAGs
[2022-03-25 23:28:39,127] {logging_mixin.py:109} INFO - [2022-03-25 23:28:39,127] {dag.py:2937} INFO - Setting next_dagrun for example_branch_dop_operator_v3 to 2022-03-26T03:27:00+00:00
[2022-03-25 23:28:39,134] {processor.py:171} INFO - Processing /Users/adebolafagbule/opt/anaconda3/envs/airflow_env/lib/python3.8/site-packages/airflow/example_dags/example_branch_python_dop_operator_3.py took 0.078 seconds
[2022-03-25 23:30:00,116] {processor.py:163} INFO - Started process (PID=27197) to work on /Users/adebolafagbule/opt/anaconda3/envs/airflow_env/lib/python3.8/site-packages/airflow/example_dags/example_branch_python_dop_operator_3.py
[2022-03-25 23:30:00,116] {processor.py:642} INFO - Processing file /Users/adebolafagbule/opt/anaconda3/envs/airflow_env/lib/python3.8/site-packages/airflow/example_dags/example_branch_python_dop_operator_3.py for tasks to queue
[2022-03-25 23:30:00,117] {logging_mixin.py:109} INFO - [2022-03-25 23:30:00,117] {dagbag.py:500} INFO - Filling up the DagBag from /Users/adebolafagbule/opt/anaconda3/envs/airflow_env/lib/python3.8/site-packages/airflow/example_dags/example_branch_python_dop_operator_3.py
[2022-03-25 23:30:00,157] {processor.py:654} INFO - DAG(s) dict_keys(['example_branch_dop_operator_v3']) retrieved from /Users/adebolafagbule/opt/anaconda3/envs/airflow_env/lib/python3.8/site-packages/airflow/example_dags/example_branch_python_dop_operator_3.py
[2022-03-25 23:30:00,173] {logging_mixin.py:109} INFO - [2022-03-25 23:30:00,173] {dag.py:2398} INFO - Sync 1 DAGs
[2022-03-25 23:30:00,185] {logging_mixin.py:109} INFO - [2022-03-25 23:30:00,185] {dag.py:2937} INFO - Setting next_dagrun for example_branch_dop_operator_v3 to 2022-03-26T03:29:00+00:00
[2022-03-25 23:30:00,191] {processor.py:171} INFO - Processing /Users/adebolafagbule/opt/anaconda3/envs/airflow_env/lib/python3.8/site-packages/airflow/example_dags/example_branch_python_dop_operator_3.py took 0.076 seconds
[2022-03-25 23:31:28,868] {processor.py:163} INFO - Started process (PID=27313) to work on /Users/adebolafagbule/opt/anaconda3/envs/airflow_env/lib/python3.8/site-packages/airflow/example_dags/example_branch_python_dop_operator_3.py
[2022-03-25 23:31:28,869] {processor.py:642} INFO - Processing file /Users/adebolafagbule/opt/anaconda3/envs/airflow_env/lib/python3.8/site-packages/airflow/example_dags/example_branch_python_dop_operator_3.py for tasks to queue
[2022-03-25 23:31:28,870] {logging_mixin.py:109} INFO - [2022-03-25 23:31:28,870] {dagbag.py:500} INFO - Filling up the DagBag from /Users/adebolafagbule/opt/anaconda3/envs/airflow_env/lib/python3.8/site-packages/airflow/example_dags/example_branch_python_dop_operator_3.py
[2022-03-25 23:31:28,908] {processor.py:654} INFO - DAG(s) dict_keys(['example_branch_dop_operator_v3']) retrieved from /Users/adebolafagbule/opt/anaconda3/envs/airflow_env/lib/python3.8/site-packages/airflow/example_dags/example_branch_python_dop_operator_3.py
[2022-03-25 23:31:28,922] {logging_mixin.py:109} INFO - [2022-03-25 23:31:28,921] {dag.py:2398} INFO - Sync 1 DAGs
[2022-03-25 23:31:28,932] {logging_mixin.py:109} INFO - [2022-03-25 23:31:28,932] {dag.py:2937} INFO - Setting next_dagrun for example_branch_dop_operator_v3 to 2022-03-26T03:30:00+00:00
[2022-03-25 23:31:28,939] {processor.py:171} INFO - Processing /Users/adebolafagbule/opt/anaconda3/envs/airflow_env/lib/python3.8/site-packages/airflow/example_dags/example_branch_python_dop_operator_3.py took 0.071 seconds
[2022-03-25 23:32:51,531] {processor.py:163} INFO - Started process (PID=27397) to work on /Users/adebolafagbule/opt/anaconda3/envs/airflow_env/lib/python3.8/site-packages/airflow/example_dags/example_branch_python_dop_operator_3.py
[2022-03-25 23:32:51,532] {processor.py:642} INFO - Processing file /Users/adebolafagbule/opt/anaconda3/envs/airflow_env/lib/python3.8/site-packages/airflow/example_dags/example_branch_python_dop_operator_3.py for tasks to queue
[2022-03-25 23:32:51,532] {logging_mixin.py:109} INFO - [2022-03-25 23:32:51,532] {dagbag.py:500} INFO - Filling up the DagBag from /Users/adebolafagbule/opt/anaconda3/envs/airflow_env/lib/python3.8/site-packages/airflow/example_dags/example_branch_python_dop_operator_3.py
[2022-03-25 23:32:51,569] {processor.py:654} INFO - DAG(s) dict_keys(['example_branch_dop_operator_v3']) retrieved from /Users/adebolafagbule/opt/anaconda3/envs/airflow_env/lib/python3.8/site-packages/airflow/example_dags/example_branch_python_dop_operator_3.py
[2022-03-25 23:32:51,583] {logging_mixin.py:109} INFO - [2022-03-25 23:32:51,583] {dag.py:2398} INFO - Sync 1 DAGs
[2022-03-25 23:32:51,593] {logging_mixin.py:109} INFO - [2022-03-25 23:32:51,593] {dag.py:2937} INFO - Setting next_dagrun for example_branch_dop_operator_v3 to 2022-03-26T03:31:00+00:00
[2022-03-25 23:32:51,600] {processor.py:171} INFO - Processing /Users/adebolafagbule/opt/anaconda3/envs/airflow_env/lib/python3.8/site-packages/airflow/example_dags/example_branch_python_dop_operator_3.py took 0.069 seconds
