[2022-03-25 21:39:23,903] {processor.py:163} INFO - Started process (PID=26377) to work on /Users/adebolafagbule/opt/anaconda3/envs/airflow_env/lib/python3.8/site-packages/airflow/example_dags/example_external_task_marker_dag.py
[2022-03-25 21:39:23,904] {processor.py:642} INFO - Processing file /Users/adebolafagbule/opt/anaconda3/envs/airflow_env/lib/python3.8/site-packages/airflow/example_dags/example_external_task_marker_dag.py for tasks to queue
[2022-03-25 21:39:23,904] {logging_mixin.py:109} INFO - [2022-03-25 21:39:23,904] {dagbag.py:500} INFO - Filling up the DagBag from /Users/adebolafagbule/opt/anaconda3/envs/airflow_env/lib/python3.8/site-packages/airflow/example_dags/example_external_task_marker_dag.py
[2022-03-25 21:39:23,973] {processor.py:654} INFO - DAG(s) dict_keys(['example_external_task_marker_parent', 'example_external_task_marker_child']) retrieved from /Users/adebolafagbule/opt/anaconda3/envs/airflow_env/lib/python3.8/site-packages/airflow/example_dags/example_external_task_marker_dag.py
[2022-03-25 21:39:24,009] {logging_mixin.py:109} INFO - [2022-03-25 21:39:24,009] {dag.py:2398} INFO - Sync 2 DAGs
[2022-03-25 21:39:24,029] {logging_mixin.py:109} INFO - [2022-03-25 21:39:24,029] {dag.py:2937} INFO - Setting next_dagrun for example_external_task_marker_child to None
[2022-03-25 21:39:24,030] {logging_mixin.py:109} INFO - [2022-03-25 21:39:24,029] {dag.py:2937} INFO - Setting next_dagrun for example_external_task_marker_parent to None
[2022-03-25 21:39:24,043] {processor.py:171} INFO - Processing /Users/adebolafagbule/opt/anaconda3/envs/airflow_env/lib/python3.8/site-packages/airflow/example_dags/example_external_task_marker_dag.py took 0.141 seconds
[2022-03-25 23:22:26,880] {processor.py:163} INFO - Started process (PID=26583) to work on /Users/adebolafagbule/opt/anaconda3/envs/airflow_env/lib/python3.8/site-packages/airflow/example_dags/example_external_task_marker_dag.py
[2022-03-25 23:22:26,882] {processor.py:642} INFO - Processing file /Users/adebolafagbule/opt/anaconda3/envs/airflow_env/lib/python3.8/site-packages/airflow/example_dags/example_external_task_marker_dag.py for tasks to queue
[2022-03-25 23:22:26,882] {logging_mixin.py:109} INFO - [2022-03-25 23:22:26,882] {dagbag.py:500} INFO - Filling up the DagBag from /Users/adebolafagbule/opt/anaconda3/envs/airflow_env/lib/python3.8/site-packages/airflow/example_dags/example_external_task_marker_dag.py
[2022-03-25 23:22:26,916] {processor.py:654} INFO - DAG(s) dict_keys(['example_external_task_marker_parent', 'example_external_task_marker_child']) retrieved from /Users/adebolafagbule/opt/anaconda3/envs/airflow_env/lib/python3.8/site-packages/airflow/example_dags/example_external_task_marker_dag.py
[2022-03-25 23:22:26,933] {logging_mixin.py:109} INFO - [2022-03-25 23:22:26,932] {dag.py:2398} INFO - Sync 2 DAGs
[2022-03-25 23:22:26,941] {logging_mixin.py:109} INFO - [2022-03-25 23:22:26,941] {dag.py:2937} INFO - Setting next_dagrun for example_external_task_marker_child to None
[2022-03-25 23:22:26,941] {logging_mixin.py:109} INFO - [2022-03-25 23:22:26,941] {dag.py:2937} INFO - Setting next_dagrun for example_external_task_marker_parent to None
[2022-03-25 23:22:26,948] {processor.py:171} INFO - Processing /Users/adebolafagbule/opt/anaconda3/envs/airflow_env/lib/python3.8/site-packages/airflow/example_dags/example_external_task_marker_dag.py took 0.068 seconds
[2022-03-25 23:23:49,947] {processor.py:163} INFO - Started process (PID=26772) to work on /Users/adebolafagbule/opt/anaconda3/envs/airflow_env/lib/python3.8/site-packages/airflow/example_dags/example_external_task_marker_dag.py
[2022-03-25 23:23:49,948] {processor.py:642} INFO - Processing file /Users/adebolafagbule/opt/anaconda3/envs/airflow_env/lib/python3.8/site-packages/airflow/example_dags/example_external_task_marker_dag.py for tasks to queue
[2022-03-25 23:23:49,948] {logging_mixin.py:109} INFO - [2022-03-25 23:23:49,948] {dagbag.py:500} INFO - Filling up the DagBag from /Users/adebolafagbule/opt/anaconda3/envs/airflow_env/lib/python3.8/site-packages/airflow/example_dags/example_external_task_marker_dag.py
[2022-03-25 23:23:49,978] {processor.py:654} INFO - DAG(s) dict_keys(['example_external_task_marker_parent', 'example_external_task_marker_child']) retrieved from /Users/adebolafagbule/opt/anaconda3/envs/airflow_env/lib/python3.8/site-packages/airflow/example_dags/example_external_task_marker_dag.py
[2022-03-25 23:23:49,993] {logging_mixin.py:109} INFO - [2022-03-25 23:23:49,993] {dag.py:2398} INFO - Sync 2 DAGs
[2022-03-25 23:23:50,000] {logging_mixin.py:109} INFO - [2022-03-25 23:23:50,000] {dag.py:2937} INFO - Setting next_dagrun for example_external_task_marker_child to None
[2022-03-25 23:23:50,000] {logging_mixin.py:109} INFO - [2022-03-25 23:23:50,000] {dag.py:2937} INFO - Setting next_dagrun for example_external_task_marker_parent to None
[2022-03-25 23:23:50,006] {processor.py:171} INFO - Processing /Users/adebolafagbule/opt/anaconda3/envs/airflow_env/lib/python3.8/site-packages/airflow/example_dags/example_external_task_marker_dag.py took 0.060 seconds
[2022-03-25 23:25:11,628] {processor.py:163} INFO - Started process (PID=26879) to work on /Users/adebolafagbule/opt/anaconda3/envs/airflow_env/lib/python3.8/site-packages/airflow/example_dags/example_external_task_marker_dag.py
[2022-03-25 23:25:11,631] {processor.py:642} INFO - Processing file /Users/adebolafagbule/opt/anaconda3/envs/airflow_env/lib/python3.8/site-packages/airflow/example_dags/example_external_task_marker_dag.py for tasks to queue
[2022-03-25 23:25:11,631] {logging_mixin.py:109} INFO - [2022-03-25 23:25:11,631] {dagbag.py:500} INFO - Filling up the DagBag from /Users/adebolafagbule/opt/anaconda3/envs/airflow_env/lib/python3.8/site-packages/airflow/example_dags/example_external_task_marker_dag.py
[2022-03-25 23:25:11,666] {processor.py:654} INFO - DAG(s) dict_keys(['example_external_task_marker_parent', 'example_external_task_marker_child']) retrieved from /Users/adebolafagbule/opt/anaconda3/envs/airflow_env/lib/python3.8/site-packages/airflow/example_dags/example_external_task_marker_dag.py
[2022-03-25 23:25:11,680] {logging_mixin.py:109} INFO - [2022-03-25 23:25:11,680] {dag.py:2398} INFO - Sync 2 DAGs
[2022-03-25 23:25:11,687] {logging_mixin.py:109} INFO - [2022-03-25 23:25:11,687] {dag.py:2937} INFO - Setting next_dagrun for example_external_task_marker_child to None
[2022-03-25 23:25:11,688] {logging_mixin.py:109} INFO - [2022-03-25 23:25:11,688] {dag.py:2937} INFO - Setting next_dagrun for example_external_task_marker_parent to None
[2022-03-25 23:25:11,693] {processor.py:171} INFO - Processing /Users/adebolafagbule/opt/anaconda3/envs/airflow_env/lib/python3.8/site-packages/airflow/example_dags/example_external_task_marker_dag.py took 0.066 seconds
[2022-03-25 23:26:32,906] {processor.py:163} INFO - Started process (PID=26965) to work on /Users/adebolafagbule/opt/anaconda3/envs/airflow_env/lib/python3.8/site-packages/airflow/example_dags/example_external_task_marker_dag.py
[2022-03-25 23:26:32,907] {processor.py:642} INFO - Processing file /Users/adebolafagbule/opt/anaconda3/envs/airflow_env/lib/python3.8/site-packages/airflow/example_dags/example_external_task_marker_dag.py for tasks to queue
[2022-03-25 23:26:32,907] {logging_mixin.py:109} INFO - [2022-03-25 23:26:32,907] {dagbag.py:500} INFO - Filling up the DagBag from /Users/adebolafagbule/opt/anaconda3/envs/airflow_env/lib/python3.8/site-packages/airflow/example_dags/example_external_task_marker_dag.py
[2022-03-25 23:26:32,935] {processor.py:654} INFO - DAG(s) dict_keys(['example_external_task_marker_parent', 'example_external_task_marker_child']) retrieved from /Users/adebolafagbule/opt/anaconda3/envs/airflow_env/lib/python3.8/site-packages/airflow/example_dags/example_external_task_marker_dag.py
[2022-03-25 23:26:32,950] {logging_mixin.py:109} INFO - [2022-03-25 23:26:32,950] {dag.py:2398} INFO - Sync 2 DAGs
[2022-03-25 23:26:32,958] {logging_mixin.py:109} INFO - [2022-03-25 23:26:32,958] {dag.py:2937} INFO - Setting next_dagrun for example_external_task_marker_child to None
[2022-03-25 23:26:32,958] {logging_mixin.py:109} INFO - [2022-03-25 23:26:32,958] {dag.py:2937} INFO - Setting next_dagrun for example_external_task_marker_parent to None
[2022-03-25 23:26:32,963] {processor.py:171} INFO - Processing /Users/adebolafagbule/opt/anaconda3/envs/airflow_env/lib/python3.8/site-packages/airflow/example_dags/example_external_task_marker_dag.py took 0.058 seconds
[2022-03-25 23:27:56,882] {processor.py:163} INFO - Started process (PID=27075) to work on /Users/adebolafagbule/opt/anaconda3/envs/airflow_env/lib/python3.8/site-packages/airflow/example_dags/example_external_task_marker_dag.py
[2022-03-25 23:27:56,883] {processor.py:642} INFO - Processing file /Users/adebolafagbule/opt/anaconda3/envs/airflow_env/lib/python3.8/site-packages/airflow/example_dags/example_external_task_marker_dag.py for tasks to queue
[2022-03-25 23:27:56,883] {logging_mixin.py:109} INFO - [2022-03-25 23:27:56,883] {dagbag.py:500} INFO - Filling up the DagBag from /Users/adebolafagbule/opt/anaconda3/envs/airflow_env/lib/python3.8/site-packages/airflow/example_dags/example_external_task_marker_dag.py
[2022-03-25 23:27:56,914] {processor.py:654} INFO - DAG(s) dict_keys(['example_external_task_marker_parent', 'example_external_task_marker_child']) retrieved from /Users/adebolafagbule/opt/anaconda3/envs/airflow_env/lib/python3.8/site-packages/airflow/example_dags/example_external_task_marker_dag.py
[2022-03-25 23:27:56,928] {logging_mixin.py:109} INFO - [2022-03-25 23:27:56,928] {dag.py:2398} INFO - Sync 2 DAGs
[2022-03-25 23:27:56,936] {logging_mixin.py:109} INFO - [2022-03-25 23:27:56,936] {dag.py:2937} INFO - Setting next_dagrun for example_external_task_marker_child to None
[2022-03-25 23:27:56,936] {logging_mixin.py:109} INFO - [2022-03-25 23:27:56,936] {dag.py:2937} INFO - Setting next_dagrun for example_external_task_marker_parent to None
[2022-03-25 23:27:56,943] {processor.py:171} INFO - Processing /Users/adebolafagbule/opt/anaconda3/envs/airflow_env/lib/python3.8/site-packages/airflow/example_dags/example_external_task_marker_dag.py took 0.062 seconds
[2022-03-25 23:29:16,998] {processor.py:163} INFO - Started process (PID=27155) to work on /Users/adebolafagbule/opt/anaconda3/envs/airflow_env/lib/python3.8/site-packages/airflow/example_dags/example_external_task_marker_dag.py
[2022-03-25 23:29:16,999] {processor.py:642} INFO - Processing file /Users/adebolafagbule/opt/anaconda3/envs/airflow_env/lib/python3.8/site-packages/airflow/example_dags/example_external_task_marker_dag.py for tasks to queue
[2022-03-25 23:29:16,999] {logging_mixin.py:109} INFO - [2022-03-25 23:29:16,999] {dagbag.py:500} INFO - Filling up the DagBag from /Users/adebolafagbule/opt/anaconda3/envs/airflow_env/lib/python3.8/site-packages/airflow/example_dags/example_external_task_marker_dag.py
[2022-03-25 23:29:17,028] {processor.py:654} INFO - DAG(s) dict_keys(['example_external_task_marker_parent', 'example_external_task_marker_child']) retrieved from /Users/adebolafagbule/opt/anaconda3/envs/airflow_env/lib/python3.8/site-packages/airflow/example_dags/example_external_task_marker_dag.py
[2022-03-25 23:29:17,042] {logging_mixin.py:109} INFO - [2022-03-25 23:29:17,042] {dag.py:2398} INFO - Sync 2 DAGs
[2022-03-25 23:29:17,049] {logging_mixin.py:109} INFO - [2022-03-25 23:29:17,049] {dag.py:2937} INFO - Setting next_dagrun for example_external_task_marker_child to None
[2022-03-25 23:29:17,050] {logging_mixin.py:109} INFO - [2022-03-25 23:29:17,050] {dag.py:2937} INFO - Setting next_dagrun for example_external_task_marker_parent to None
[2022-03-25 23:29:17,060] {processor.py:171} INFO - Processing /Users/adebolafagbule/opt/anaconda3/envs/airflow_env/lib/python3.8/site-packages/airflow/example_dags/example_external_task_marker_dag.py took 0.063 seconds
[2022-03-25 23:30:42,742] {processor.py:163} INFO - Started process (PID=27261) to work on /Users/adebolafagbule/opt/anaconda3/envs/airflow_env/lib/python3.8/site-packages/airflow/example_dags/example_external_task_marker_dag.py
[2022-03-25 23:30:42,742] {processor.py:642} INFO - Processing file /Users/adebolafagbule/opt/anaconda3/envs/airflow_env/lib/python3.8/site-packages/airflow/example_dags/example_external_task_marker_dag.py for tasks to queue
[2022-03-25 23:30:42,742] {logging_mixin.py:109} INFO - [2022-03-25 23:30:42,742] {dagbag.py:500} INFO - Filling up the DagBag from /Users/adebolafagbule/opt/anaconda3/envs/airflow_env/lib/python3.8/site-packages/airflow/example_dags/example_external_task_marker_dag.py
[2022-03-25 23:30:42,774] {processor.py:654} INFO - DAG(s) dict_keys(['example_external_task_marker_parent', 'example_external_task_marker_child']) retrieved from /Users/adebolafagbule/opt/anaconda3/envs/airflow_env/lib/python3.8/site-packages/airflow/example_dags/example_external_task_marker_dag.py
[2022-03-25 23:30:42,788] {logging_mixin.py:109} INFO - [2022-03-25 23:30:42,788] {dag.py:2398} INFO - Sync 2 DAGs
[2022-03-25 23:30:42,796] {logging_mixin.py:109} INFO - [2022-03-25 23:30:42,796] {dag.py:2937} INFO - Setting next_dagrun for example_external_task_marker_child to None
[2022-03-25 23:30:42,796] {logging_mixin.py:109} INFO - [2022-03-25 23:30:42,796] {dag.py:2937} INFO - Setting next_dagrun for example_external_task_marker_parent to None
[2022-03-25 23:30:42,801] {processor.py:171} INFO - Processing /Users/adebolafagbule/opt/anaconda3/envs/airflow_env/lib/python3.8/site-packages/airflow/example_dags/example_external_task_marker_dag.py took 0.060 seconds
[2022-03-25 23:32:08,849] {processor.py:163} INFO - Started process (PID=27352) to work on /Users/adebolafagbule/opt/anaconda3/envs/airflow_env/lib/python3.8/site-packages/airflow/example_dags/example_external_task_marker_dag.py
[2022-03-25 23:32:08,850] {processor.py:642} INFO - Processing file /Users/adebolafagbule/opt/anaconda3/envs/airflow_env/lib/python3.8/site-packages/airflow/example_dags/example_external_task_marker_dag.py for tasks to queue
[2022-03-25 23:32:08,850] {logging_mixin.py:109} INFO - [2022-03-25 23:32:08,850] {dagbag.py:500} INFO - Filling up the DagBag from /Users/adebolafagbule/opt/anaconda3/envs/airflow_env/lib/python3.8/site-packages/airflow/example_dags/example_external_task_marker_dag.py
[2022-03-25 23:32:08,879] {processor.py:654} INFO - DAG(s) dict_keys(['example_external_task_marker_parent', 'example_external_task_marker_child']) retrieved from /Users/adebolafagbule/opt/anaconda3/envs/airflow_env/lib/python3.8/site-packages/airflow/example_dags/example_external_task_marker_dag.py
[2022-03-25 23:32:08,894] {logging_mixin.py:109} INFO - [2022-03-25 23:32:08,894] {dag.py:2398} INFO - Sync 2 DAGs
[2022-03-25 23:32:08,902] {logging_mixin.py:109} INFO - [2022-03-25 23:32:08,902] {dag.py:2937} INFO - Setting next_dagrun for example_external_task_marker_child to None
[2022-03-25 23:32:08,902] {logging_mixin.py:109} INFO - [2022-03-25 23:32:08,902] {dag.py:2937} INFO - Setting next_dagrun for example_external_task_marker_parent to None
[2022-03-25 23:32:08,908] {processor.py:171} INFO - Processing /Users/adebolafagbule/opt/anaconda3/envs/airflow_env/lib/python3.8/site-packages/airflow/example_dags/example_external_task_marker_dag.py took 0.060 seconds
