[2022-03-25 20:24:37,167] {processor.py:163} INFO - Started process (PID=26278) to work on /Users/adebolafagbule/opt/anaconda3/envs/airflow_env/lib/python3.8/site-packages/airflow/example_dags/example_branch_operator.py
[2022-03-25 20:24:37,168] {processor.py:642} INFO - Processing file /Users/adebolafagbule/opt/anaconda3/envs/airflow_env/lib/python3.8/site-packages/airflow/example_dags/example_branch_operator.py for tasks to queue
[2022-03-25 20:24:37,169] {logging_mixin.py:109} INFO - [2022-03-25 20:24:37,169] {dagbag.py:500} INFO - Filling up the DagBag from /Users/adebolafagbule/opt/anaconda3/envs/airflow_env/lib/python3.8/site-packages/airflow/example_dags/example_branch_operator.py
[2022-03-25 20:24:37,265] {processor.py:654} INFO - DAG(s) dict_keys(['example_branch_operator']) retrieved from /Users/adebolafagbule/opt/anaconda3/envs/airflow_env/lib/python3.8/site-packages/airflow/example_dags/example_branch_operator.py
[2022-03-25 20:24:37,301] {logging_mixin.py:109} INFO - [2022-03-25 20:24:37,301] {dag.py:2398} INFO - Sync 1 DAGs
[2022-03-25 20:24:37,321] {logging_mixin.py:109} INFO - [2022-03-25 20:24:37,321] {dag.py:2937} INFO - Setting next_dagrun for example_branch_operator to 2022-03-25 00:00:00+00:00
[2022-03-25 20:24:37,334] {processor.py:171} INFO - Processing /Users/adebolafagbule/opt/anaconda3/envs/airflow_env/lib/python3.8/site-packages/airflow/example_dags/example_branch_operator.py took 0.168 seconds
[2022-03-25 23:21:43,105] {processor.py:163} INFO - Started process (PID=26514) to work on /Users/adebolafagbule/opt/anaconda3/envs/airflow_env/lib/python3.8/site-packages/airflow/example_dags/example_branch_operator.py
[2022-03-25 23:21:43,105] {processor.py:642} INFO - Processing file /Users/adebolafagbule/opt/anaconda3/envs/airflow_env/lib/python3.8/site-packages/airflow/example_dags/example_branch_operator.py for tasks to queue
[2022-03-25 23:21:43,105] {logging_mixin.py:109} INFO - [2022-03-25 23:21:43,105] {dagbag.py:500} INFO - Filling up the DagBag from /Users/adebolafagbule/opt/anaconda3/envs/airflow_env/lib/python3.8/site-packages/airflow/example_dags/example_branch_operator.py
[2022-03-25 23:21:43,145] {processor.py:654} INFO - DAG(s) dict_keys(['example_branch_operator']) retrieved from /Users/adebolafagbule/opt/anaconda3/envs/airflow_env/lib/python3.8/site-packages/airflow/example_dags/example_branch_operator.py
[2022-03-25 23:21:43,160] {logging_mixin.py:109} INFO - [2022-03-25 23:21:43,160] {dag.py:2398} INFO - Sync 1 DAGs
[2022-03-25 23:21:43,169] {logging_mixin.py:109} INFO - [2022-03-25 23:21:43,169] {dag.py:2937} INFO - Setting next_dagrun for example_branch_operator to 2022-03-25 00:00:00+00:00
[2022-03-25 23:21:43,176] {processor.py:171} INFO - Processing /Users/adebolafagbule/opt/anaconda3/envs/airflow_env/lib/python3.8/site-packages/airflow/example_dags/example_branch_operator.py took 0.072 seconds
[2022-03-25 23:23:11,677] {processor.py:163} INFO - Started process (PID=26640) to work on /Users/adebolafagbule/opt/anaconda3/envs/airflow_env/lib/python3.8/site-packages/airflow/example_dags/example_branch_operator.py
[2022-03-25 23:23:11,678] {processor.py:642} INFO - Processing file /Users/adebolafagbule/opt/anaconda3/envs/airflow_env/lib/python3.8/site-packages/airflow/example_dags/example_branch_operator.py for tasks to queue
[2022-03-25 23:23:11,678] {logging_mixin.py:109} INFO - [2022-03-25 23:23:11,678] {dagbag.py:500} INFO - Filling up the DagBag from /Users/adebolafagbule/opt/anaconda3/envs/airflow_env/lib/python3.8/site-packages/airflow/example_dags/example_branch_operator.py
[2022-03-25 23:23:11,721] {processor.py:654} INFO - DAG(s) dict_keys(['example_branch_operator']) retrieved from /Users/adebolafagbule/opt/anaconda3/envs/airflow_env/lib/python3.8/site-packages/airflow/example_dags/example_branch_operator.py
[2022-03-25 23:23:11,737] {logging_mixin.py:109} INFO - [2022-03-25 23:23:11,737] {dag.py:2398} INFO - Sync 1 DAGs
[2022-03-25 23:23:11,745] {logging_mixin.py:109} INFO - [2022-03-25 23:23:11,745] {dag.py:2937} INFO - Setting next_dagrun for example_branch_operator to 2022-03-25 00:00:00+00:00
[2022-03-25 23:23:11,751] {processor.py:171} INFO - Processing /Users/adebolafagbule/opt/anaconda3/envs/airflow_env/lib/python3.8/site-packages/airflow/example_dags/example_branch_operator.py took 0.074 seconds
[2022-03-25 23:24:34,378] {processor.py:163} INFO - Started process (PID=26825) to work on /Users/adebolafagbule/opt/anaconda3/envs/airflow_env/lib/python3.8/site-packages/airflow/example_dags/example_branch_operator.py
[2022-03-25 23:24:34,379] {processor.py:642} INFO - Processing file /Users/adebolafagbule/opt/anaconda3/envs/airflow_env/lib/python3.8/site-packages/airflow/example_dags/example_branch_operator.py for tasks to queue
[2022-03-25 23:24:34,379] {logging_mixin.py:109} INFO - [2022-03-25 23:24:34,379] {dagbag.py:500} INFO - Filling up the DagBag from /Users/adebolafagbule/opt/anaconda3/envs/airflow_env/lib/python3.8/site-packages/airflow/example_dags/example_branch_operator.py
[2022-03-25 23:24:34,419] {processor.py:654} INFO - DAG(s) dict_keys(['example_branch_operator']) retrieved from /Users/adebolafagbule/opt/anaconda3/envs/airflow_env/lib/python3.8/site-packages/airflow/example_dags/example_branch_operator.py
[2022-03-25 23:24:34,433] {logging_mixin.py:109} INFO - [2022-03-25 23:24:34,433] {dag.py:2398} INFO - Sync 1 DAGs
[2022-03-25 23:24:34,441] {logging_mixin.py:109} INFO - [2022-03-25 23:24:34,441] {dag.py:2937} INFO - Setting next_dagrun for example_branch_operator to 2022-03-25 00:00:00+00:00
[2022-03-25 23:24:34,446] {processor.py:171} INFO - Processing /Users/adebolafagbule/opt/anaconda3/envs/airflow_env/lib/python3.8/site-packages/airflow/example_dags/example_branch_operator.py took 0.068 seconds
[2022-03-25 23:25:56,923] {processor.py:163} INFO - Started process (PID=26928) to work on /Users/adebolafagbule/opt/anaconda3/envs/airflow_env/lib/python3.8/site-packages/airflow/example_dags/example_branch_operator.py
[2022-03-25 23:25:56,924] {processor.py:642} INFO - Processing file /Users/adebolafagbule/opt/anaconda3/envs/airflow_env/lib/python3.8/site-packages/airflow/example_dags/example_branch_operator.py for tasks to queue
[2022-03-25 23:25:56,925] {logging_mixin.py:109} INFO - [2022-03-25 23:25:56,925] {dagbag.py:500} INFO - Filling up the DagBag from /Users/adebolafagbule/opt/anaconda3/envs/airflow_env/lib/python3.8/site-packages/airflow/example_dags/example_branch_operator.py
[2022-03-25 23:25:56,963] {processor.py:654} INFO - DAG(s) dict_keys(['example_branch_operator']) retrieved from /Users/adebolafagbule/opt/anaconda3/envs/airflow_env/lib/python3.8/site-packages/airflow/example_dags/example_branch_operator.py
[2022-03-25 23:25:56,976] {logging_mixin.py:109} INFO - [2022-03-25 23:25:56,976] {dag.py:2398} INFO - Sync 1 DAGs
[2022-03-25 23:25:56,984] {logging_mixin.py:109} INFO - [2022-03-25 23:25:56,984] {dag.py:2937} INFO - Setting next_dagrun for example_branch_operator to 2022-03-25 00:00:00+00:00
[2022-03-25 23:25:56,990] {processor.py:171} INFO - Processing /Users/adebolafagbule/opt/anaconda3/envs/airflow_env/lib/python3.8/site-packages/airflow/example_dags/example_branch_operator.py took 0.067 seconds
[2022-03-25 23:27:19,761] {processor.py:163} INFO - Started process (PID=27031) to work on /Users/adebolafagbule/opt/anaconda3/envs/airflow_env/lib/python3.8/site-packages/airflow/example_dags/example_branch_operator.py
[2022-03-25 23:27:19,762] {processor.py:642} INFO - Processing file /Users/adebolafagbule/opt/anaconda3/envs/airflow_env/lib/python3.8/site-packages/airflow/example_dags/example_branch_operator.py for tasks to queue
[2022-03-25 23:27:19,762] {logging_mixin.py:109} INFO - [2022-03-25 23:27:19,762] {dagbag.py:500} INFO - Filling up the DagBag from /Users/adebolafagbule/opt/anaconda3/envs/airflow_env/lib/python3.8/site-packages/airflow/example_dags/example_branch_operator.py
[2022-03-25 23:27:19,810] {processor.py:654} INFO - DAG(s) dict_keys(['example_branch_operator']) retrieved from /Users/adebolafagbule/opt/anaconda3/envs/airflow_env/lib/python3.8/site-packages/airflow/example_dags/example_branch_operator.py
[2022-03-25 23:27:19,826] {logging_mixin.py:109} INFO - [2022-03-25 23:27:19,826] {dag.py:2398} INFO - Sync 1 DAGs
[2022-03-25 23:27:19,835] {logging_mixin.py:109} INFO - [2022-03-25 23:27:19,835] {dag.py:2937} INFO - Setting next_dagrun for example_branch_operator to 2022-03-25 00:00:00+00:00
[2022-03-25 23:27:19,855] {processor.py:171} INFO - Processing /Users/adebolafagbule/opt/anaconda3/envs/airflow_env/lib/python3.8/site-packages/airflow/example_dags/example_branch_operator.py took 0.095 seconds
[2022-03-25 23:28:41,397] {processor.py:163} INFO - Started process (PID=27118) to work on /Users/adebolafagbule/opt/anaconda3/envs/airflow_env/lib/python3.8/site-packages/airflow/example_dags/example_branch_operator.py
[2022-03-25 23:28:41,397] {processor.py:642} INFO - Processing file /Users/adebolafagbule/opt/anaconda3/envs/airflow_env/lib/python3.8/site-packages/airflow/example_dags/example_branch_operator.py for tasks to queue
[2022-03-25 23:28:41,397] {logging_mixin.py:109} INFO - [2022-03-25 23:28:41,397] {dagbag.py:500} INFO - Filling up the DagBag from /Users/adebolafagbule/opt/anaconda3/envs/airflow_env/lib/python3.8/site-packages/airflow/example_dags/example_branch_operator.py
[2022-03-25 23:28:41,436] {processor.py:654} INFO - DAG(s) dict_keys(['example_branch_operator']) retrieved from /Users/adebolafagbule/opt/anaconda3/envs/airflow_env/lib/python3.8/site-packages/airflow/example_dags/example_branch_operator.py
[2022-03-25 23:28:41,449] {logging_mixin.py:109} INFO - [2022-03-25 23:28:41,449] {dag.py:2398} INFO - Sync 1 DAGs
[2022-03-25 23:28:41,458] {logging_mixin.py:109} INFO - [2022-03-25 23:28:41,458] {dag.py:2937} INFO - Setting next_dagrun for example_branch_operator to 2022-03-25 00:00:00+00:00
[2022-03-25 23:28:41,464] {processor.py:171} INFO - Processing /Users/adebolafagbule/opt/anaconda3/envs/airflow_env/lib/python3.8/site-packages/airflow/example_dags/example_branch_operator.py took 0.068 seconds
[2022-03-25 23:30:02,830] {processor.py:163} INFO - Started process (PID=27200) to work on /Users/adebolafagbule/opt/anaconda3/envs/airflow_env/lib/python3.8/site-packages/airflow/example_dags/example_branch_operator.py
[2022-03-25 23:30:02,831] {processor.py:642} INFO - Processing file /Users/adebolafagbule/opt/anaconda3/envs/airflow_env/lib/python3.8/site-packages/airflow/example_dags/example_branch_operator.py for tasks to queue
[2022-03-25 23:30:02,831] {logging_mixin.py:109} INFO - [2022-03-25 23:30:02,831] {dagbag.py:500} INFO - Filling up the DagBag from /Users/adebolafagbule/opt/anaconda3/envs/airflow_env/lib/python3.8/site-packages/airflow/example_dags/example_branch_operator.py
[2022-03-25 23:30:02,874] {processor.py:654} INFO - DAG(s) dict_keys(['example_branch_operator']) retrieved from /Users/adebolafagbule/opt/anaconda3/envs/airflow_env/lib/python3.8/site-packages/airflow/example_dags/example_branch_operator.py
[2022-03-25 23:30:02,888] {logging_mixin.py:109} INFO - [2022-03-25 23:30:02,887] {dag.py:2398} INFO - Sync 1 DAGs
[2022-03-25 23:30:02,896] {logging_mixin.py:109} INFO - [2022-03-25 23:30:02,896] {dag.py:2937} INFO - Setting next_dagrun for example_branch_operator to 2022-03-25 00:00:00+00:00
[2022-03-25 23:30:02,901] {processor.py:171} INFO - Processing /Users/adebolafagbule/opt/anaconda3/envs/airflow_env/lib/python3.8/site-packages/airflow/example_dags/example_branch_operator.py took 0.071 seconds
[2022-03-25 23:31:30,473] {processor.py:163} INFO - Started process (PID=27315) to work on /Users/adebolafagbule/opt/anaconda3/envs/airflow_env/lib/python3.8/site-packages/airflow/example_dags/example_branch_operator.py
[2022-03-25 23:31:30,474] {processor.py:642} INFO - Processing file /Users/adebolafagbule/opt/anaconda3/envs/airflow_env/lib/python3.8/site-packages/airflow/example_dags/example_branch_operator.py for tasks to queue
[2022-03-25 23:31:30,475] {logging_mixin.py:109} INFO - [2022-03-25 23:31:30,474] {dagbag.py:500} INFO - Filling up the DagBag from /Users/adebolafagbule/opt/anaconda3/envs/airflow_env/lib/python3.8/site-packages/airflow/example_dags/example_branch_operator.py
[2022-03-25 23:31:30,516] {processor.py:654} INFO - DAG(s) dict_keys(['example_branch_operator']) retrieved from /Users/adebolafagbule/opt/anaconda3/envs/airflow_env/lib/python3.8/site-packages/airflow/example_dags/example_branch_operator.py
[2022-03-25 23:31:30,529] {logging_mixin.py:109} INFO - [2022-03-25 23:31:30,529] {dag.py:2398} INFO - Sync 1 DAGs
[2022-03-25 23:31:30,538] {logging_mixin.py:109} INFO - [2022-03-25 23:31:30,538] {dag.py:2937} INFO - Setting next_dagrun for example_branch_operator to 2022-03-25 00:00:00+00:00
[2022-03-25 23:31:30,544] {processor.py:171} INFO - Processing /Users/adebolafagbule/opt/anaconda3/envs/airflow_env/lib/python3.8/site-packages/airflow/example_dags/example_branch_operator.py took 0.072 seconds
[2022-03-25 23:32:53,820] {processor.py:163} INFO - Started process (PID=27400) to work on /Users/adebolafagbule/opt/anaconda3/envs/airflow_env/lib/python3.8/site-packages/airflow/example_dags/example_branch_operator.py
[2022-03-25 23:32:53,821] {processor.py:642} INFO - Processing file /Users/adebolafagbule/opt/anaconda3/envs/airflow_env/lib/python3.8/site-packages/airflow/example_dags/example_branch_operator.py for tasks to queue
[2022-03-25 23:32:53,822] {logging_mixin.py:109} INFO - [2022-03-25 23:32:53,822] {dagbag.py:500} INFO - Filling up the DagBag from /Users/adebolafagbule/opt/anaconda3/envs/airflow_env/lib/python3.8/site-packages/airflow/example_dags/example_branch_operator.py
[2022-03-25 23:32:53,860] {processor.py:654} INFO - DAG(s) dict_keys(['example_branch_operator']) retrieved from /Users/adebolafagbule/opt/anaconda3/envs/airflow_env/lib/python3.8/site-packages/airflow/example_dags/example_branch_operator.py
[2022-03-25 23:32:53,874] {logging_mixin.py:109} INFO - [2022-03-25 23:32:53,874] {dag.py:2398} INFO - Sync 1 DAGs
[2022-03-25 23:32:53,882] {logging_mixin.py:109} INFO - [2022-03-25 23:32:53,882] {dag.py:2937} INFO - Setting next_dagrun for example_branch_operator to 2022-03-25 00:00:00+00:00
[2022-03-25 23:32:53,889] {processor.py:171} INFO - Processing /Users/adebolafagbule/opt/anaconda3/envs/airflow_env/lib/python3.8/site-packages/airflow/example_dags/example_branch_operator.py took 0.069 seconds
[2022-03-25 23:34:18,586] {processor.py:163} INFO - Started process (PID=27516) to work on /Users/adebolafagbule/opt/anaconda3/envs/airflow_env/lib/python3.8/site-packages/airflow/example_dags/example_branch_operator.py
[2022-03-25 23:34:18,587] {processor.py:642} INFO - Processing file /Users/adebolafagbule/opt/anaconda3/envs/airflow_env/lib/python3.8/site-packages/airflow/example_dags/example_branch_operator.py for tasks to queue
[2022-03-25 23:34:18,588] {logging_mixin.py:109} INFO - [2022-03-25 23:34:18,588] {dagbag.py:500} INFO - Filling up the DagBag from /Users/adebolafagbule/opt/anaconda3/envs/airflow_env/lib/python3.8/site-packages/airflow/example_dags/example_branch_operator.py
[2022-03-25 23:34:18,626] {processor.py:654} INFO - DAG(s) dict_keys(['example_branch_operator']) retrieved from /Users/adebolafagbule/opt/anaconda3/envs/airflow_env/lib/python3.8/site-packages/airflow/example_dags/example_branch_operator.py
[2022-03-25 23:34:18,639] {logging_mixin.py:109} INFO - [2022-03-25 23:34:18,638] {dag.py:2398} INFO - Sync 1 DAGs
[2022-03-25 23:34:18,647] {logging_mixin.py:109} INFO - [2022-03-25 23:34:18,646] {dag.py:2937} INFO - Setting next_dagrun for example_branch_operator to 2022-03-25 00:00:00+00:00
[2022-03-25 23:34:18,655] {processor.py:171} INFO - Processing /Users/adebolafagbule/opt/anaconda3/envs/airflow_env/lib/python3.8/site-packages/airflow/example_dags/example_branch_operator.py took 0.069 seconds
[2022-03-25 23:35:39,703] {processor.py:163} INFO - Started process (PID=27600) to work on /Users/adebolafagbule/opt/anaconda3/envs/airflow_env/lib/python3.8/site-packages/airflow/example_dags/example_branch_operator.py
[2022-03-25 23:35:39,704] {processor.py:642} INFO - Processing file /Users/adebolafagbule/opt/anaconda3/envs/airflow_env/lib/python3.8/site-packages/airflow/example_dags/example_branch_operator.py for tasks to queue
[2022-03-25 23:35:39,704] {logging_mixin.py:109} INFO - [2022-03-25 23:35:39,704] {dagbag.py:500} INFO - Filling up the DagBag from /Users/adebolafagbule/opt/anaconda3/envs/airflow_env/lib/python3.8/site-packages/airflow/example_dags/example_branch_operator.py
[2022-03-25 23:35:39,746] {processor.py:654} INFO - DAG(s) dict_keys(['example_branch_operator']) retrieved from /Users/adebolafagbule/opt/anaconda3/envs/airflow_env/lib/python3.8/site-packages/airflow/example_dags/example_branch_operator.py
[2022-03-25 23:35:39,759] {logging_mixin.py:109} INFO - [2022-03-25 23:35:39,759] {dag.py:2398} INFO - Sync 1 DAGs
[2022-03-25 23:35:39,768] {logging_mixin.py:109} INFO - [2022-03-25 23:35:39,768] {dag.py:2937} INFO - Setting next_dagrun for example_branch_operator to 2022-03-25 00:00:00+00:00
[2022-03-25 23:35:39,775] {processor.py:171} INFO - Processing /Users/adebolafagbule/opt/anaconda3/envs/airflow_env/lib/python3.8/site-packages/airflow/example_dags/example_branch_operator.py took 0.072 seconds
[2022-03-25 23:37:00,698] {processor.py:163} INFO - Started process (PID=27683) to work on /Users/adebolafagbule/opt/anaconda3/envs/airflow_env/lib/python3.8/site-packages/airflow/example_dags/example_branch_operator.py
[2022-03-25 23:37:00,698] {processor.py:642} INFO - Processing file /Users/adebolafagbule/opt/anaconda3/envs/airflow_env/lib/python3.8/site-packages/airflow/example_dags/example_branch_operator.py for tasks to queue
[2022-03-25 23:37:00,699] {logging_mixin.py:109} INFO - [2022-03-25 23:37:00,698] {dagbag.py:500} INFO - Filling up the DagBag from /Users/adebolafagbule/opt/anaconda3/envs/airflow_env/lib/python3.8/site-packages/airflow/example_dags/example_branch_operator.py
[2022-03-25 23:37:00,737] {processor.py:654} INFO - DAG(s) dict_keys(['example_branch_operator']) retrieved from /Users/adebolafagbule/opt/anaconda3/envs/airflow_env/lib/python3.8/site-packages/airflow/example_dags/example_branch_operator.py
[2022-03-25 23:37:00,750] {logging_mixin.py:109} INFO - [2022-03-25 23:37:00,750] {dag.py:2398} INFO - Sync 1 DAGs
[2022-03-25 23:37:00,758] {logging_mixin.py:109} INFO - [2022-03-25 23:37:00,758] {dag.py:2937} INFO - Setting next_dagrun for example_branch_operator to 2022-03-25 00:00:00+00:00
[2022-03-25 23:37:00,764] {processor.py:171} INFO - Processing /Users/adebolafagbule/opt/anaconda3/envs/airflow_env/lib/python3.8/site-packages/airflow/example_dags/example_branch_operator.py took 0.066 seconds
[2022-03-25 23:38:15,488] {processor.py:163} INFO - Started process (PID=27758) to work on /Users/adebolafagbule/opt/anaconda3/envs/airflow_env/lib/python3.8/site-packages/airflow/example_dags/example_branch_operator.py
[2022-03-25 23:38:15,489] {processor.py:642} INFO - Processing file /Users/adebolafagbule/opt/anaconda3/envs/airflow_env/lib/python3.8/site-packages/airflow/example_dags/example_branch_operator.py for tasks to queue
[2022-03-25 23:38:15,490] {logging_mixin.py:109} INFO - [2022-03-25 23:38:15,490] {dagbag.py:500} INFO - Filling up the DagBag from /Users/adebolafagbule/opt/anaconda3/envs/airflow_env/lib/python3.8/site-packages/airflow/example_dags/example_branch_operator.py
[2022-03-25 23:38:15,530] {processor.py:654} INFO - DAG(s) dict_keys(['example_branch_operator']) retrieved from /Users/adebolafagbule/opt/anaconda3/envs/airflow_env/lib/python3.8/site-packages/airflow/example_dags/example_branch_operator.py
[2022-03-25 23:38:15,545] {logging_mixin.py:109} INFO - [2022-03-25 23:38:15,545] {dag.py:2398} INFO - Sync 1 DAGs
[2022-03-25 23:38:15,553] {logging_mixin.py:109} INFO - [2022-03-25 23:38:15,553] {dag.py:2937} INFO - Setting next_dagrun for example_branch_operator to 2022-03-25 00:00:00+00:00
[2022-03-25 23:38:15,560] {processor.py:171} INFO - Processing /Users/adebolafagbule/opt/anaconda3/envs/airflow_env/lib/python3.8/site-packages/airflow/example_dags/example_branch_operator.py took 0.072 seconds
[2022-03-25 23:39:37,647] {processor.py:163} INFO - Started process (PID=27860) to work on /Users/adebolafagbule/opt/anaconda3/envs/airflow_env/lib/python3.8/site-packages/airflow/example_dags/example_branch_operator.py
[2022-03-25 23:39:37,647] {processor.py:642} INFO - Processing file /Users/adebolafagbule/opt/anaconda3/envs/airflow_env/lib/python3.8/site-packages/airflow/example_dags/example_branch_operator.py for tasks to queue
[2022-03-25 23:39:37,648] {logging_mixin.py:109} INFO - [2022-03-25 23:39:37,647] {dagbag.py:500} INFO - Filling up the DagBag from /Users/adebolafagbule/opt/anaconda3/envs/airflow_env/lib/python3.8/site-packages/airflow/example_dags/example_branch_operator.py
[2022-03-25 23:39:37,686] {processor.py:654} INFO - DAG(s) dict_keys(['example_branch_operator']) retrieved from /Users/adebolafagbule/opt/anaconda3/envs/airflow_env/lib/python3.8/site-packages/airflow/example_dags/example_branch_operator.py
[2022-03-25 23:39:37,699] {logging_mixin.py:109} INFO - [2022-03-25 23:39:37,698] {dag.py:2398} INFO - Sync 1 DAGs
[2022-03-25 23:39:37,706] {logging_mixin.py:109} INFO - [2022-03-25 23:39:37,706] {dag.py:2937} INFO - Setting next_dagrun for example_branch_operator to 2022-03-25 00:00:00+00:00
[2022-03-25 23:39:37,712] {processor.py:171} INFO - Processing /Users/adebolafagbule/opt/anaconda3/envs/airflow_env/lib/python3.8/site-packages/airflow/example_dags/example_branch_operator.py took 0.066 seconds
[2022-03-25 23:40:58,442] {processor.py:163} INFO - Started process (PID=27947) to work on /Users/adebolafagbule/opt/anaconda3/envs/airflow_env/lib/python3.8/site-packages/airflow/example_dags/example_branch_operator.py
[2022-03-25 23:40:58,443] {processor.py:642} INFO - Processing file /Users/adebolafagbule/opt/anaconda3/envs/airflow_env/lib/python3.8/site-packages/airflow/example_dags/example_branch_operator.py for tasks to queue
[2022-03-25 23:40:58,444] {logging_mixin.py:109} INFO - [2022-03-25 23:40:58,444] {dagbag.py:500} INFO - Filling up the DagBag from /Users/adebolafagbule/opt/anaconda3/envs/airflow_env/lib/python3.8/site-packages/airflow/example_dags/example_branch_operator.py
[2022-03-25 23:40:58,494] {processor.py:654} INFO - DAG(s) dict_keys(['example_branch_operator']) retrieved from /Users/adebolafagbule/opt/anaconda3/envs/airflow_env/lib/python3.8/site-packages/airflow/example_dags/example_branch_operator.py
[2022-03-25 23:40:58,507] {logging_mixin.py:109} INFO - [2022-03-25 23:40:58,507] {dag.py:2398} INFO - Sync 1 DAGs
[2022-03-25 23:40:58,515] {logging_mixin.py:109} INFO - [2022-03-25 23:40:58,515] {dag.py:2937} INFO - Setting next_dagrun for example_branch_operator to 2022-03-25 00:00:00+00:00
[2022-03-25 23:40:58,521] {processor.py:171} INFO - Processing /Users/adebolafagbule/opt/anaconda3/envs/airflow_env/lib/python3.8/site-packages/airflow/example_dags/example_branch_operator.py took 0.079 seconds
[2022-03-25 23:42:18,437] {processor.py:163} INFO - Started process (PID=28033) to work on /Users/adebolafagbule/opt/anaconda3/envs/airflow_env/lib/python3.8/site-packages/airflow/example_dags/example_branch_operator.py
[2022-03-25 23:42:18,438] {processor.py:642} INFO - Processing file /Users/adebolafagbule/opt/anaconda3/envs/airflow_env/lib/python3.8/site-packages/airflow/example_dags/example_branch_operator.py for tasks to queue
[2022-03-25 23:42:18,439] {logging_mixin.py:109} INFO - [2022-03-25 23:42:18,439] {dagbag.py:500} INFO - Filling up the DagBag from /Users/adebolafagbule/opt/anaconda3/envs/airflow_env/lib/python3.8/site-packages/airflow/example_dags/example_branch_operator.py
[2022-03-25 23:42:18,476] {processor.py:654} INFO - DAG(s) dict_keys(['example_branch_operator']) retrieved from /Users/adebolafagbule/opt/anaconda3/envs/airflow_env/lib/python3.8/site-packages/airflow/example_dags/example_branch_operator.py
[2022-03-25 23:42:18,488] {logging_mixin.py:109} INFO - [2022-03-25 23:42:18,488] {dag.py:2398} INFO - Sync 1 DAGs
[2022-03-25 23:42:18,496] {logging_mixin.py:109} INFO - [2022-03-25 23:42:18,496] {dag.py:2937} INFO - Setting next_dagrun for example_branch_operator to 2022-03-25 00:00:00+00:00
[2022-03-25 23:42:18,503] {processor.py:171} INFO - Processing /Users/adebolafagbule/opt/anaconda3/envs/airflow_env/lib/python3.8/site-packages/airflow/example_dags/example_branch_operator.py took 0.067 seconds
[2022-03-25 23:43:37,609] {processor.py:163} INFO - Started process (PID=28124) to work on /Users/adebolafagbule/opt/anaconda3/envs/airflow_env/lib/python3.8/site-packages/airflow/example_dags/example_branch_operator.py
[2022-03-25 23:43:37,609] {processor.py:642} INFO - Processing file /Users/adebolafagbule/opt/anaconda3/envs/airflow_env/lib/python3.8/site-packages/airflow/example_dags/example_branch_operator.py for tasks to queue
[2022-03-25 23:43:37,610] {logging_mixin.py:109} INFO - [2022-03-25 23:43:37,610] {dagbag.py:500} INFO - Filling up the DagBag from /Users/adebolafagbule/opt/anaconda3/envs/airflow_env/lib/python3.8/site-packages/airflow/example_dags/example_branch_operator.py
[2022-03-25 23:43:37,649] {processor.py:654} INFO - DAG(s) dict_keys(['example_branch_operator']) retrieved from /Users/adebolafagbule/opt/anaconda3/envs/airflow_env/lib/python3.8/site-packages/airflow/example_dags/example_branch_operator.py
[2022-03-25 23:43:37,663] {logging_mixin.py:109} INFO - [2022-03-25 23:43:37,663] {dag.py:2398} INFO - Sync 1 DAGs
[2022-03-25 23:43:37,672] {logging_mixin.py:109} INFO - [2022-03-25 23:43:37,672] {dag.py:2937} INFO - Setting next_dagrun for example_branch_operator to 2022-03-25 00:00:00+00:00
[2022-03-25 23:43:37,678] {processor.py:171} INFO - Processing /Users/adebolafagbule/opt/anaconda3/envs/airflow_env/lib/python3.8/site-packages/airflow/example_dags/example_branch_operator.py took 0.070 seconds
[2022-03-25 23:45:00,321] {processor.py:163} INFO - Started process (PID=28206) to work on /Users/adebolafagbule/opt/anaconda3/envs/airflow_env/lib/python3.8/site-packages/airflow/example_dags/example_branch_operator.py
[2022-03-25 23:45:00,321] {processor.py:642} INFO - Processing file /Users/adebolafagbule/opt/anaconda3/envs/airflow_env/lib/python3.8/site-packages/airflow/example_dags/example_branch_operator.py for tasks to queue
[2022-03-25 23:45:00,322] {logging_mixin.py:109} INFO - [2022-03-25 23:45:00,322] {dagbag.py:500} INFO - Filling up the DagBag from /Users/adebolafagbule/opt/anaconda3/envs/airflow_env/lib/python3.8/site-packages/airflow/example_dags/example_branch_operator.py
[2022-03-25 23:45:00,360] {processor.py:654} INFO - DAG(s) dict_keys(['example_branch_operator']) retrieved from /Users/adebolafagbule/opt/anaconda3/envs/airflow_env/lib/python3.8/site-packages/airflow/example_dags/example_branch_operator.py
[2022-03-25 23:45:00,374] {logging_mixin.py:109} INFO - [2022-03-25 23:45:00,373] {dag.py:2398} INFO - Sync 1 DAGs
[2022-03-25 23:45:00,382] {logging_mixin.py:109} INFO - [2022-03-25 23:45:00,382] {dag.py:2937} INFO - Setting next_dagrun for example_branch_operator to 2022-03-25 00:00:00+00:00
[2022-03-25 23:45:00,388] {processor.py:171} INFO - Processing /Users/adebolafagbule/opt/anaconda3/envs/airflow_env/lib/python3.8/site-packages/airflow/example_dags/example_branch_operator.py took 0.067 seconds
[2022-03-25 23:46:23,288] {processor.py:163} INFO - Started process (PID=28290) to work on /Users/adebolafagbule/opt/anaconda3/envs/airflow_env/lib/python3.8/site-packages/airflow/example_dags/example_branch_operator.py
[2022-03-25 23:46:23,289] {processor.py:642} INFO - Processing file /Users/adebolafagbule/opt/anaconda3/envs/airflow_env/lib/python3.8/site-packages/airflow/example_dags/example_branch_operator.py for tasks to queue
[2022-03-25 23:46:23,289] {logging_mixin.py:109} INFO - [2022-03-25 23:46:23,289] {dagbag.py:500} INFO - Filling up the DagBag from /Users/adebolafagbule/opt/anaconda3/envs/airflow_env/lib/python3.8/site-packages/airflow/example_dags/example_branch_operator.py
[2022-03-25 23:46:23,327] {processor.py:654} INFO - DAG(s) dict_keys(['example_branch_operator']) retrieved from /Users/adebolafagbule/opt/anaconda3/envs/airflow_env/lib/python3.8/site-packages/airflow/example_dags/example_branch_operator.py
[2022-03-25 23:46:23,340] {logging_mixin.py:109} INFO - [2022-03-25 23:46:23,340] {dag.py:2398} INFO - Sync 1 DAGs
[2022-03-25 23:46:23,348] {logging_mixin.py:109} INFO - [2022-03-25 23:46:23,348] {dag.py:2937} INFO - Setting next_dagrun for example_branch_operator to 2022-03-25 00:00:00+00:00
[2022-03-25 23:46:23,354] {processor.py:171} INFO - Processing /Users/adebolafagbule/opt/anaconda3/envs/airflow_env/lib/python3.8/site-packages/airflow/example_dags/example_branch_operator.py took 0.066 seconds
[2022-03-25 23:47:44,361] {processor.py:163} INFO - Started process (PID=28379) to work on /Users/adebolafagbule/opt/anaconda3/envs/airflow_env/lib/python3.8/site-packages/airflow/example_dags/example_branch_operator.py
[2022-03-25 23:47:44,362] {processor.py:642} INFO - Processing file /Users/adebolafagbule/opt/anaconda3/envs/airflow_env/lib/python3.8/site-packages/airflow/example_dags/example_branch_operator.py for tasks to queue
[2022-03-25 23:47:44,363] {logging_mixin.py:109} INFO - [2022-03-25 23:47:44,363] {dagbag.py:500} INFO - Filling up the DagBag from /Users/adebolafagbule/opt/anaconda3/envs/airflow_env/lib/python3.8/site-packages/airflow/example_dags/example_branch_operator.py
[2022-03-25 23:47:44,402] {processor.py:654} INFO - DAG(s) dict_keys(['example_branch_operator']) retrieved from /Users/adebolafagbule/opt/anaconda3/envs/airflow_env/lib/python3.8/site-packages/airflow/example_dags/example_branch_operator.py
[2022-03-25 23:47:44,416] {logging_mixin.py:109} INFO - [2022-03-25 23:47:44,416] {dag.py:2398} INFO - Sync 1 DAGs
[2022-03-25 23:47:44,424] {logging_mixin.py:109} INFO - [2022-03-25 23:47:44,424] {dag.py:2937} INFO - Setting next_dagrun for example_branch_operator to 2022-03-25 00:00:00+00:00
[2022-03-25 23:47:44,431] {processor.py:171} INFO - Processing /Users/adebolafagbule/opt/anaconda3/envs/airflow_env/lib/python3.8/site-packages/airflow/example_dags/example_branch_operator.py took 0.070 seconds
[2022-03-25 23:49:01,986] {processor.py:163} INFO - Started process (PID=28458) to work on /Users/adebolafagbule/opt/anaconda3/envs/airflow_env/lib/python3.8/site-packages/airflow/example_dags/example_branch_operator.py
[2022-03-25 23:49:01,987] {processor.py:642} INFO - Processing file /Users/adebolafagbule/opt/anaconda3/envs/airflow_env/lib/python3.8/site-packages/airflow/example_dags/example_branch_operator.py for tasks to queue
[2022-03-25 23:49:01,987] {logging_mixin.py:109} INFO - [2022-03-25 23:49:01,987] {dagbag.py:500} INFO - Filling up the DagBag from /Users/adebolafagbule/opt/anaconda3/envs/airflow_env/lib/python3.8/site-packages/airflow/example_dags/example_branch_operator.py
[2022-03-25 23:49:02,027] {processor.py:654} INFO - DAG(s) dict_keys(['example_branch_operator']) retrieved from /Users/adebolafagbule/opt/anaconda3/envs/airflow_env/lib/python3.8/site-packages/airflow/example_dags/example_branch_operator.py
[2022-03-25 23:49:02,042] {logging_mixin.py:109} INFO - [2022-03-25 23:49:02,042] {dag.py:2398} INFO - Sync 1 DAGs
[2022-03-25 23:49:02,050] {logging_mixin.py:109} INFO - [2022-03-25 23:49:02,050] {dag.py:2937} INFO - Setting next_dagrun for example_branch_operator to 2022-03-25 00:00:00+00:00
[2022-03-25 23:49:02,056] {processor.py:171} INFO - Processing /Users/adebolafagbule/opt/anaconda3/envs/airflow_env/lib/python3.8/site-packages/airflow/example_dags/example_branch_operator.py took 0.070 seconds
[2022-03-25 23:50:21,344] {processor.py:163} INFO - Started process (PID=28533) to work on /Users/adebolafagbule/opt/anaconda3/envs/airflow_env/lib/python3.8/site-packages/airflow/example_dags/example_branch_operator.py
[2022-03-25 23:50:21,345] {processor.py:642} INFO - Processing file /Users/adebolafagbule/opt/anaconda3/envs/airflow_env/lib/python3.8/site-packages/airflow/example_dags/example_branch_operator.py for tasks to queue
[2022-03-25 23:50:21,346] {logging_mixin.py:109} INFO - [2022-03-25 23:50:21,346] {dagbag.py:500} INFO - Filling up the DagBag from /Users/adebolafagbule/opt/anaconda3/envs/airflow_env/lib/python3.8/site-packages/airflow/example_dags/example_branch_operator.py
[2022-03-25 23:50:21,385] {processor.py:654} INFO - DAG(s) dict_keys(['example_branch_operator']) retrieved from /Users/adebolafagbule/opt/anaconda3/envs/airflow_env/lib/python3.8/site-packages/airflow/example_dags/example_branch_operator.py
[2022-03-25 23:50:21,398] {logging_mixin.py:109} INFO - [2022-03-25 23:50:21,398] {dag.py:2398} INFO - Sync 1 DAGs
[2022-03-25 23:50:21,406] {logging_mixin.py:109} INFO - [2022-03-25 23:50:21,406] {dag.py:2937} INFO - Setting next_dagrun for example_branch_operator to 2022-03-25 00:00:00+00:00
[2022-03-25 23:50:21,412] {processor.py:171} INFO - Processing /Users/adebolafagbule/opt/anaconda3/envs/airflow_env/lib/python3.8/site-packages/airflow/example_dags/example_branch_operator.py took 0.068 seconds
[2022-03-25 23:51:42,808] {processor.py:163} INFO - Started process (PID=28624) to work on /Users/adebolafagbule/opt/anaconda3/envs/airflow_env/lib/python3.8/site-packages/airflow/example_dags/example_branch_operator.py
[2022-03-25 23:51:42,809] {processor.py:642} INFO - Processing file /Users/adebolafagbule/opt/anaconda3/envs/airflow_env/lib/python3.8/site-packages/airflow/example_dags/example_branch_operator.py for tasks to queue
[2022-03-25 23:51:42,809] {logging_mixin.py:109} INFO - [2022-03-25 23:51:42,809] {dagbag.py:500} INFO - Filling up the DagBag from /Users/adebolafagbule/opt/anaconda3/envs/airflow_env/lib/python3.8/site-packages/airflow/example_dags/example_branch_operator.py
[2022-03-25 23:51:42,848] {processor.py:654} INFO - DAG(s) dict_keys(['example_branch_operator']) retrieved from /Users/adebolafagbule/opt/anaconda3/envs/airflow_env/lib/python3.8/site-packages/airflow/example_dags/example_branch_operator.py
[2022-03-25 23:51:42,861] {logging_mixin.py:109} INFO - [2022-03-25 23:51:42,861] {dag.py:2398} INFO - Sync 1 DAGs
[2022-03-25 23:51:42,869] {logging_mixin.py:109} INFO - [2022-03-25 23:51:42,869] {dag.py:2937} INFO - Setting next_dagrun for example_branch_operator to 2022-03-25 00:00:00+00:00
[2022-03-25 23:51:42,874] {processor.py:171} INFO - Processing /Users/adebolafagbule/opt/anaconda3/envs/airflow_env/lib/python3.8/site-packages/airflow/example_dags/example_branch_operator.py took 0.067 seconds
[2022-03-25 23:53:03,944] {processor.py:163} INFO - Started process (PID=28708) to work on /Users/adebolafagbule/opt/anaconda3/envs/airflow_env/lib/python3.8/site-packages/airflow/example_dags/example_branch_operator.py
[2022-03-25 23:53:03,944] {processor.py:642} INFO - Processing file /Users/adebolafagbule/opt/anaconda3/envs/airflow_env/lib/python3.8/site-packages/airflow/example_dags/example_branch_operator.py for tasks to queue
[2022-03-25 23:53:03,944] {logging_mixin.py:109} INFO - [2022-03-25 23:53:03,944] {dagbag.py:500} INFO - Filling up the DagBag from /Users/adebolafagbule/opt/anaconda3/envs/airflow_env/lib/python3.8/site-packages/airflow/example_dags/example_branch_operator.py
[2022-03-25 23:53:03,985] {processor.py:654} INFO - DAG(s) dict_keys(['example_branch_operator']) retrieved from /Users/adebolafagbule/opt/anaconda3/envs/airflow_env/lib/python3.8/site-packages/airflow/example_dags/example_branch_operator.py
[2022-03-25 23:53:03,998] {logging_mixin.py:109} INFO - [2022-03-25 23:53:03,998] {dag.py:2398} INFO - Sync 1 DAGs
[2022-03-25 23:53:04,007] {logging_mixin.py:109} INFO - [2022-03-25 23:53:04,007] {dag.py:2937} INFO - Setting next_dagrun for example_branch_operator to 2022-03-25 00:00:00+00:00
[2022-03-25 23:53:04,014] {processor.py:171} INFO - Processing /Users/adebolafagbule/opt/anaconda3/envs/airflow_env/lib/python3.8/site-packages/airflow/example_dags/example_branch_operator.py took 0.070 seconds
[2022-03-25 23:54:26,412] {processor.py:163} INFO - Started process (PID=28788) to work on /Users/adebolafagbule/opt/anaconda3/envs/airflow_env/lib/python3.8/site-packages/airflow/example_dags/example_branch_operator.py
[2022-03-25 23:54:26,413] {processor.py:642} INFO - Processing file /Users/adebolafagbule/opt/anaconda3/envs/airflow_env/lib/python3.8/site-packages/airflow/example_dags/example_branch_operator.py for tasks to queue
[2022-03-25 23:54:26,413] {logging_mixin.py:109} INFO - [2022-03-25 23:54:26,413] {dagbag.py:500} INFO - Filling up the DagBag from /Users/adebolafagbule/opt/anaconda3/envs/airflow_env/lib/python3.8/site-packages/airflow/example_dags/example_branch_operator.py
[2022-03-25 23:54:26,452] {processor.py:654} INFO - DAG(s) dict_keys(['example_branch_operator']) retrieved from /Users/adebolafagbule/opt/anaconda3/envs/airflow_env/lib/python3.8/site-packages/airflow/example_dags/example_branch_operator.py
[2022-03-25 23:54:26,465] {logging_mixin.py:109} INFO - [2022-03-25 23:54:26,465] {dag.py:2398} INFO - Sync 1 DAGs
[2022-03-25 23:54:26,473] {logging_mixin.py:109} INFO - [2022-03-25 23:54:26,473] {dag.py:2937} INFO - Setting next_dagrun for example_branch_operator to 2022-03-25 00:00:00+00:00
[2022-03-25 23:54:26,478] {processor.py:171} INFO - Processing /Users/adebolafagbule/opt/anaconda3/envs/airflow_env/lib/python3.8/site-packages/airflow/example_dags/example_branch_operator.py took 0.066 seconds
[2022-03-25 23:55:47,858] {processor.py:163} INFO - Started process (PID=28867) to work on /Users/adebolafagbule/opt/anaconda3/envs/airflow_env/lib/python3.8/site-packages/airflow/example_dags/example_branch_operator.py
[2022-03-25 23:55:47,859] {processor.py:642} INFO - Processing file /Users/adebolafagbule/opt/anaconda3/envs/airflow_env/lib/python3.8/site-packages/airflow/example_dags/example_branch_operator.py for tasks to queue
[2022-03-25 23:55:47,859] {logging_mixin.py:109} INFO - [2022-03-25 23:55:47,859] {dagbag.py:500} INFO - Filling up the DagBag from /Users/adebolafagbule/opt/anaconda3/envs/airflow_env/lib/python3.8/site-packages/airflow/example_dags/example_branch_operator.py
[2022-03-25 23:55:47,897] {processor.py:654} INFO - DAG(s) dict_keys(['example_branch_operator']) retrieved from /Users/adebolafagbule/opt/anaconda3/envs/airflow_env/lib/python3.8/site-packages/airflow/example_dags/example_branch_operator.py
[2022-03-25 23:55:47,910] {logging_mixin.py:109} INFO - [2022-03-25 23:55:47,910] {dag.py:2398} INFO - Sync 1 DAGs
[2022-03-25 23:55:47,918] {logging_mixin.py:109} INFO - [2022-03-25 23:55:47,918] {dag.py:2937} INFO - Setting next_dagrun for example_branch_operator to 2022-03-25 00:00:00+00:00
[2022-03-25 23:55:47,923] {processor.py:171} INFO - Processing /Users/adebolafagbule/opt/anaconda3/envs/airflow_env/lib/python3.8/site-packages/airflow/example_dags/example_branch_operator.py took 0.065 seconds
[2022-03-25 23:57:09,067] {processor.py:163} INFO - Started process (PID=28950) to work on /Users/adebolafagbule/opt/anaconda3/envs/airflow_env/lib/python3.8/site-packages/airflow/example_dags/example_branch_operator.py
[2022-03-25 23:57:09,068] {processor.py:642} INFO - Processing file /Users/adebolafagbule/opt/anaconda3/envs/airflow_env/lib/python3.8/site-packages/airflow/example_dags/example_branch_operator.py for tasks to queue
[2022-03-25 23:57:09,068] {logging_mixin.py:109} INFO - [2022-03-25 23:57:09,068] {dagbag.py:500} INFO - Filling up the DagBag from /Users/adebolafagbule/opt/anaconda3/envs/airflow_env/lib/python3.8/site-packages/airflow/example_dags/example_branch_operator.py
[2022-03-25 23:57:09,108] {processor.py:654} INFO - DAG(s) dict_keys(['example_branch_operator']) retrieved from /Users/adebolafagbule/opt/anaconda3/envs/airflow_env/lib/python3.8/site-packages/airflow/example_dags/example_branch_operator.py
[2022-03-25 23:57:09,121] {logging_mixin.py:109} INFO - [2022-03-25 23:57:09,121] {dag.py:2398} INFO - Sync 1 DAGs
[2022-03-25 23:57:09,129] {logging_mixin.py:109} INFO - [2022-03-25 23:57:09,129] {dag.py:2937} INFO - Setting next_dagrun for example_branch_operator to 2022-03-25 00:00:00+00:00
[2022-03-25 23:57:09,134] {processor.py:171} INFO - Processing /Users/adebolafagbule/opt/anaconda3/envs/airflow_env/lib/python3.8/site-packages/airflow/example_dags/example_branch_operator.py took 0.068 seconds
[2022-03-25 23:58:30,763] {processor.py:163} INFO - Started process (PID=29043) to work on /Users/adebolafagbule/opt/anaconda3/envs/airflow_env/lib/python3.8/site-packages/airflow/example_dags/example_branch_operator.py
[2022-03-25 23:58:30,765] {processor.py:642} INFO - Processing file /Users/adebolafagbule/opt/anaconda3/envs/airflow_env/lib/python3.8/site-packages/airflow/example_dags/example_branch_operator.py for tasks to queue
[2022-03-25 23:58:30,765] {logging_mixin.py:109} INFO - [2022-03-25 23:58:30,765] {dagbag.py:500} INFO - Filling up the DagBag from /Users/adebolafagbule/opt/anaconda3/envs/airflow_env/lib/python3.8/site-packages/airflow/example_dags/example_branch_operator.py
[2022-03-25 23:58:30,803] {processor.py:654} INFO - DAG(s) dict_keys(['example_branch_operator']) retrieved from /Users/adebolafagbule/opt/anaconda3/envs/airflow_env/lib/python3.8/site-packages/airflow/example_dags/example_branch_operator.py
[2022-03-25 23:58:30,817] {logging_mixin.py:109} INFO - [2022-03-25 23:58:30,817] {dag.py:2398} INFO - Sync 1 DAGs
[2022-03-25 23:58:30,825] {logging_mixin.py:109} INFO - [2022-03-25 23:58:30,824] {dag.py:2937} INFO - Setting next_dagrun for example_branch_operator to 2022-03-25 00:00:00+00:00
[2022-03-25 23:58:30,830] {processor.py:171} INFO - Processing /Users/adebolafagbule/opt/anaconda3/envs/airflow_env/lib/python3.8/site-packages/airflow/example_dags/example_branch_operator.py took 0.067 seconds
[2022-03-25 23:59:48,489] {processor.py:163} INFO - Started process (PID=29120) to work on /Users/adebolafagbule/opt/anaconda3/envs/airflow_env/lib/python3.8/site-packages/airflow/example_dags/example_branch_operator.py
[2022-03-25 23:59:48,490] {processor.py:642} INFO - Processing file /Users/adebolafagbule/opt/anaconda3/envs/airflow_env/lib/python3.8/site-packages/airflow/example_dags/example_branch_operator.py for tasks to queue
[2022-03-25 23:59:48,490] {logging_mixin.py:109} INFO - [2022-03-25 23:59:48,490] {dagbag.py:500} INFO - Filling up the DagBag from /Users/adebolafagbule/opt/anaconda3/envs/airflow_env/lib/python3.8/site-packages/airflow/example_dags/example_branch_operator.py
[2022-03-25 23:59:48,527] {processor.py:654} INFO - DAG(s) dict_keys(['example_branch_operator']) retrieved from /Users/adebolafagbule/opt/anaconda3/envs/airflow_env/lib/python3.8/site-packages/airflow/example_dags/example_branch_operator.py
[2022-03-25 23:59:48,541] {logging_mixin.py:109} INFO - [2022-03-25 23:59:48,541] {dag.py:2398} INFO - Sync 1 DAGs
[2022-03-25 23:59:48,549] {logging_mixin.py:109} INFO - [2022-03-25 23:59:48,549] {dag.py:2937} INFO - Setting next_dagrun for example_branch_operator to 2022-03-25 00:00:00+00:00
[2022-03-25 23:59:48,555] {processor.py:171} INFO - Processing /Users/adebolafagbule/opt/anaconda3/envs/airflow_env/lib/python3.8/site-packages/airflow/example_dags/example_branch_operator.py took 0.066 seconds
[2022-03-26 00:01:16,647] {processor.py:163} INFO - Started process (PID=29222) to work on /Users/adebolafagbule/opt/anaconda3/envs/airflow_env/lib/python3.8/site-packages/airflow/example_dags/example_branch_operator.py
[2022-03-26 00:01:16,648] {processor.py:642} INFO - Processing file /Users/adebolafagbule/opt/anaconda3/envs/airflow_env/lib/python3.8/site-packages/airflow/example_dags/example_branch_operator.py for tasks to queue
[2022-03-26 00:01:16,648] {logging_mixin.py:109} INFO - [2022-03-26 00:01:16,648] {dagbag.py:500} INFO - Filling up the DagBag from /Users/adebolafagbule/opt/anaconda3/envs/airflow_env/lib/python3.8/site-packages/airflow/example_dags/example_branch_operator.py
[2022-03-26 00:01:16,705] {processor.py:654} INFO - DAG(s) dict_keys(['example_branch_operator']) retrieved from /Users/adebolafagbule/opt/anaconda3/envs/airflow_env/lib/python3.8/site-packages/airflow/example_dags/example_branch_operator.py
[2022-03-26 00:01:16,720] {logging_mixin.py:109} INFO - [2022-03-26 00:01:16,720] {dag.py:2398} INFO - Sync 1 DAGs
[2022-03-26 00:01:16,728] {logging_mixin.py:109} INFO - [2022-03-26 00:01:16,728] {dag.py:2937} INFO - Setting next_dagrun for example_branch_operator to 2022-03-25 00:00:00+00:00
[2022-03-26 00:01:16,734] {processor.py:171} INFO - Processing /Users/adebolafagbule/opt/anaconda3/envs/airflow_env/lib/python3.8/site-packages/airflow/example_dags/example_branch_operator.py took 0.088 seconds
[2022-03-26 00:02:38,246] {processor.py:163} INFO - Started process (PID=29313) to work on /Users/adebolafagbule/opt/anaconda3/envs/airflow_env/lib/python3.8/site-packages/airflow/example_dags/example_branch_operator.py
[2022-03-26 00:02:38,247] {processor.py:642} INFO - Processing file /Users/adebolafagbule/opt/anaconda3/envs/airflow_env/lib/python3.8/site-packages/airflow/example_dags/example_branch_operator.py for tasks to queue
[2022-03-26 00:02:38,247] {logging_mixin.py:109} INFO - [2022-03-26 00:02:38,247] {dagbag.py:500} INFO - Filling up the DagBag from /Users/adebolafagbule/opt/anaconda3/envs/airflow_env/lib/python3.8/site-packages/airflow/example_dags/example_branch_operator.py
[2022-03-26 00:02:38,286] {processor.py:654} INFO - DAG(s) dict_keys(['example_branch_operator']) retrieved from /Users/adebolafagbule/opt/anaconda3/envs/airflow_env/lib/python3.8/site-packages/airflow/example_dags/example_branch_operator.py
[2022-03-26 00:02:38,299] {logging_mixin.py:109} INFO - [2022-03-26 00:02:38,299] {dag.py:2398} INFO - Sync 1 DAGs
[2022-03-26 00:02:38,307] {logging_mixin.py:109} INFO - [2022-03-26 00:02:38,307] {dag.py:2937} INFO - Setting next_dagrun for example_branch_operator to 2022-03-25 00:00:00+00:00
[2022-03-26 00:02:38,313] {processor.py:171} INFO - Processing /Users/adebolafagbule/opt/anaconda3/envs/airflow_env/lib/python3.8/site-packages/airflow/example_dags/example_branch_operator.py took 0.067 seconds
[2022-03-26 00:03:58,311] {processor.py:163} INFO - Started process (PID=29394) to work on /Users/adebolafagbule/opt/anaconda3/envs/airflow_env/lib/python3.8/site-packages/airflow/example_dags/example_branch_operator.py
[2022-03-26 00:03:58,312] {processor.py:642} INFO - Processing file /Users/adebolafagbule/opt/anaconda3/envs/airflow_env/lib/python3.8/site-packages/airflow/example_dags/example_branch_operator.py for tasks to queue
[2022-03-26 00:03:58,312] {logging_mixin.py:109} INFO - [2022-03-26 00:03:58,312] {dagbag.py:500} INFO - Filling up the DagBag from /Users/adebolafagbule/opt/anaconda3/envs/airflow_env/lib/python3.8/site-packages/airflow/example_dags/example_branch_operator.py
[2022-03-26 00:03:58,350] {processor.py:654} INFO - DAG(s) dict_keys(['example_branch_operator']) retrieved from /Users/adebolafagbule/opt/anaconda3/envs/airflow_env/lib/python3.8/site-packages/airflow/example_dags/example_branch_operator.py
[2022-03-26 00:03:58,363] {logging_mixin.py:109} INFO - [2022-03-26 00:03:58,363] {dag.py:2398} INFO - Sync 1 DAGs
[2022-03-26 00:03:58,371] {logging_mixin.py:109} INFO - [2022-03-26 00:03:58,371] {dag.py:2937} INFO - Setting next_dagrun for example_branch_operator to 2022-03-25 00:00:00+00:00
[2022-03-26 00:03:58,376] {processor.py:171} INFO - Processing /Users/adebolafagbule/opt/anaconda3/envs/airflow_env/lib/python3.8/site-packages/airflow/example_dags/example_branch_operator.py took 0.066 seconds
[2022-03-26 00:05:19,338] {processor.py:163} INFO - Started process (PID=29476) to work on /Users/adebolafagbule/opt/anaconda3/envs/airflow_env/lib/python3.8/site-packages/airflow/example_dags/example_branch_operator.py
[2022-03-26 00:05:19,339] {processor.py:642} INFO - Processing file /Users/adebolafagbule/opt/anaconda3/envs/airflow_env/lib/python3.8/site-packages/airflow/example_dags/example_branch_operator.py for tasks to queue
[2022-03-26 00:05:19,339] {logging_mixin.py:109} INFO - [2022-03-26 00:05:19,339] {dagbag.py:500} INFO - Filling up the DagBag from /Users/adebolafagbule/opt/anaconda3/envs/airflow_env/lib/python3.8/site-packages/airflow/example_dags/example_branch_operator.py
[2022-03-26 00:05:19,391] {processor.py:654} INFO - DAG(s) dict_keys(['example_branch_operator']) retrieved from /Users/adebolafagbule/opt/anaconda3/envs/airflow_env/lib/python3.8/site-packages/airflow/example_dags/example_branch_operator.py
[2022-03-26 00:05:19,404] {logging_mixin.py:109} INFO - [2022-03-26 00:05:19,404] {dag.py:2398} INFO - Sync 1 DAGs
[2022-03-26 00:05:19,412] {logging_mixin.py:109} INFO - [2022-03-26 00:05:19,412] {dag.py:2937} INFO - Setting next_dagrun for example_branch_operator to 2022-03-25 00:00:00+00:00
[2022-03-26 00:05:19,417] {processor.py:171} INFO - Processing /Users/adebolafagbule/opt/anaconda3/envs/airflow_env/lib/python3.8/site-packages/airflow/example_dags/example_branch_operator.py took 0.080 seconds
[2022-03-26 00:06:40,089] {processor.py:163} INFO - Started process (PID=29563) to work on /Users/adebolafagbule/opt/anaconda3/envs/airflow_env/lib/python3.8/site-packages/airflow/example_dags/example_branch_operator.py
[2022-03-26 00:06:40,089] {processor.py:642} INFO - Processing file /Users/adebolafagbule/opt/anaconda3/envs/airflow_env/lib/python3.8/site-packages/airflow/example_dags/example_branch_operator.py for tasks to queue
[2022-03-26 00:06:40,090] {logging_mixin.py:109} INFO - [2022-03-26 00:06:40,089] {dagbag.py:500} INFO - Filling up the DagBag from /Users/adebolafagbule/opt/anaconda3/envs/airflow_env/lib/python3.8/site-packages/airflow/example_dags/example_branch_operator.py
[2022-03-26 00:06:40,130] {processor.py:654} INFO - DAG(s) dict_keys(['example_branch_operator']) retrieved from /Users/adebolafagbule/opt/anaconda3/envs/airflow_env/lib/python3.8/site-packages/airflow/example_dags/example_branch_operator.py
[2022-03-26 00:06:40,143] {logging_mixin.py:109} INFO - [2022-03-26 00:06:40,143] {dag.py:2398} INFO - Sync 1 DAGs
[2022-03-26 00:06:40,152] {logging_mixin.py:109} INFO - [2022-03-26 00:06:40,151] {dag.py:2937} INFO - Setting next_dagrun for example_branch_operator to 2022-03-25 00:00:00+00:00
[2022-03-26 00:06:40,157] {processor.py:171} INFO - Processing /Users/adebolafagbule/opt/anaconda3/envs/airflow_env/lib/python3.8/site-packages/airflow/example_dags/example_branch_operator.py took 0.069 seconds
[2022-03-26 00:08:02,004] {processor.py:163} INFO - Started process (PID=29651) to work on /Users/adebolafagbule/opt/anaconda3/envs/airflow_env/lib/python3.8/site-packages/airflow/example_dags/example_branch_operator.py
[2022-03-26 00:08:02,005] {processor.py:642} INFO - Processing file /Users/adebolafagbule/opt/anaconda3/envs/airflow_env/lib/python3.8/site-packages/airflow/example_dags/example_branch_operator.py for tasks to queue
[2022-03-26 00:08:02,006] {logging_mixin.py:109} INFO - [2022-03-26 00:08:02,006] {dagbag.py:500} INFO - Filling up the DagBag from /Users/adebolafagbule/opt/anaconda3/envs/airflow_env/lib/python3.8/site-packages/airflow/example_dags/example_branch_operator.py
[2022-03-26 00:08:02,045] {processor.py:654} INFO - DAG(s) dict_keys(['example_branch_operator']) retrieved from /Users/adebolafagbule/opt/anaconda3/envs/airflow_env/lib/python3.8/site-packages/airflow/example_dags/example_branch_operator.py
[2022-03-26 00:08:02,058] {logging_mixin.py:109} INFO - [2022-03-26 00:08:02,058] {dag.py:2398} INFO - Sync 1 DAGs
[2022-03-26 00:08:02,066] {logging_mixin.py:109} INFO - [2022-03-26 00:08:02,066] {dag.py:2937} INFO - Setting next_dagrun for example_branch_operator to 2022-03-25 00:00:00+00:00
[2022-03-26 00:08:02,071] {processor.py:171} INFO - Processing /Users/adebolafagbule/opt/anaconda3/envs/airflow_env/lib/python3.8/site-packages/airflow/example_dags/example_branch_operator.py took 0.067 seconds
[2022-03-26 00:09:27,980] {processor.py:163} INFO - Started process (PID=29752) to work on /Users/adebolafagbule/opt/anaconda3/envs/airflow_env/lib/python3.8/site-packages/airflow/example_dags/example_branch_operator.py
[2022-03-26 00:09:27,981] {processor.py:642} INFO - Processing file /Users/adebolafagbule/opt/anaconda3/envs/airflow_env/lib/python3.8/site-packages/airflow/example_dags/example_branch_operator.py for tasks to queue
[2022-03-26 00:09:27,981] {logging_mixin.py:109} INFO - [2022-03-26 00:09:27,981] {dagbag.py:500} INFO - Filling up the DagBag from /Users/adebolafagbule/opt/anaconda3/envs/airflow_env/lib/python3.8/site-packages/airflow/example_dags/example_branch_operator.py
[2022-03-26 00:09:28,026] {processor.py:654} INFO - DAG(s) dict_keys(['example_branch_operator']) retrieved from /Users/adebolafagbule/opt/anaconda3/envs/airflow_env/lib/python3.8/site-packages/airflow/example_dags/example_branch_operator.py
[2022-03-26 00:09:28,043] {logging_mixin.py:109} INFO - [2022-03-26 00:09:28,042] {dag.py:2398} INFO - Sync 1 DAGs
[2022-03-26 00:09:28,052] {logging_mixin.py:109} INFO - [2022-03-26 00:09:28,052] {dag.py:2937} INFO - Setting next_dagrun for example_branch_operator to 2022-03-25 00:00:00+00:00
[2022-03-26 00:09:28,059] {processor.py:171} INFO - Processing /Users/adebolafagbule/opt/anaconda3/envs/airflow_env/lib/python3.8/site-packages/airflow/example_dags/example_branch_operator.py took 0.079 seconds
[2022-03-26 00:10:48,654] {processor.py:163} INFO - Started process (PID=29836) to work on /Users/adebolafagbule/opt/anaconda3/envs/airflow_env/lib/python3.8/site-packages/airflow/example_dags/example_branch_operator.py
[2022-03-26 00:10:48,654] {processor.py:642} INFO - Processing file /Users/adebolafagbule/opt/anaconda3/envs/airflow_env/lib/python3.8/site-packages/airflow/example_dags/example_branch_operator.py for tasks to queue
[2022-03-26 00:10:48,655] {logging_mixin.py:109} INFO - [2022-03-26 00:10:48,655] {dagbag.py:500} INFO - Filling up the DagBag from /Users/adebolafagbule/opt/anaconda3/envs/airflow_env/lib/python3.8/site-packages/airflow/example_dags/example_branch_operator.py
[2022-03-26 00:10:48,692] {processor.py:654} INFO - DAG(s) dict_keys(['example_branch_operator']) retrieved from /Users/adebolafagbule/opt/anaconda3/envs/airflow_env/lib/python3.8/site-packages/airflow/example_dags/example_branch_operator.py
[2022-03-26 00:10:48,706] {logging_mixin.py:109} INFO - [2022-03-26 00:10:48,706] {dag.py:2398} INFO - Sync 1 DAGs
[2022-03-26 00:10:48,714] {logging_mixin.py:109} INFO - [2022-03-26 00:10:48,714] {dag.py:2937} INFO - Setting next_dagrun for example_branch_operator to 2022-03-25 00:00:00+00:00
[2022-03-26 00:10:48,719] {processor.py:171} INFO - Processing /Users/adebolafagbule/opt/anaconda3/envs/airflow_env/lib/python3.8/site-packages/airflow/example_dags/example_branch_operator.py took 0.065 seconds
[2022-03-26 00:12:10,688] {processor.py:163} INFO - Started process (PID=29929) to work on /Users/adebolafagbule/opt/anaconda3/envs/airflow_env/lib/python3.8/site-packages/airflow/example_dags/example_branch_operator.py
[2022-03-26 00:12:10,689] {processor.py:642} INFO - Processing file /Users/adebolafagbule/opt/anaconda3/envs/airflow_env/lib/python3.8/site-packages/airflow/example_dags/example_branch_operator.py for tasks to queue
[2022-03-26 00:12:10,689] {logging_mixin.py:109} INFO - [2022-03-26 00:12:10,689] {dagbag.py:500} INFO - Filling up the DagBag from /Users/adebolafagbule/opt/anaconda3/envs/airflow_env/lib/python3.8/site-packages/airflow/example_dags/example_branch_operator.py
[2022-03-26 00:12:10,728] {processor.py:654} INFO - DAG(s) dict_keys(['example_branch_operator']) retrieved from /Users/adebolafagbule/opt/anaconda3/envs/airflow_env/lib/python3.8/site-packages/airflow/example_dags/example_branch_operator.py
[2022-03-26 00:12:10,742] {logging_mixin.py:109} INFO - [2022-03-26 00:12:10,742] {dag.py:2398} INFO - Sync 1 DAGs
[2022-03-26 00:12:10,751] {logging_mixin.py:109} INFO - [2022-03-26 00:12:10,751] {dag.py:2937} INFO - Setting next_dagrun for example_branch_operator to 2022-03-25 00:00:00+00:00
[2022-03-26 00:12:10,756] {processor.py:171} INFO - Processing /Users/adebolafagbule/opt/anaconda3/envs/airflow_env/lib/python3.8/site-packages/airflow/example_dags/example_branch_operator.py took 0.068 seconds
[2022-03-26 00:13:32,860] {processor.py:163} INFO - Started process (PID=30027) to work on /Users/adebolafagbule/opt/anaconda3/envs/airflow_env/lib/python3.8/site-packages/airflow/example_dags/example_branch_operator.py
[2022-03-26 00:13:32,861] {processor.py:642} INFO - Processing file /Users/adebolafagbule/opt/anaconda3/envs/airflow_env/lib/python3.8/site-packages/airflow/example_dags/example_branch_operator.py for tasks to queue
[2022-03-26 00:13:32,861] {logging_mixin.py:109} INFO - [2022-03-26 00:13:32,861] {dagbag.py:500} INFO - Filling up the DagBag from /Users/adebolafagbule/opt/anaconda3/envs/airflow_env/lib/python3.8/site-packages/airflow/example_dags/example_branch_operator.py
[2022-03-26 00:13:32,902] {processor.py:654} INFO - DAG(s) dict_keys(['example_branch_operator']) retrieved from /Users/adebolafagbule/opt/anaconda3/envs/airflow_env/lib/python3.8/site-packages/airflow/example_dags/example_branch_operator.py
[2022-03-26 00:13:32,916] {logging_mixin.py:109} INFO - [2022-03-26 00:13:32,916] {dag.py:2398} INFO - Sync 1 DAGs
[2022-03-26 00:13:32,924] {logging_mixin.py:109} INFO - [2022-03-26 00:13:32,924] {dag.py:2937} INFO - Setting next_dagrun for example_branch_operator to 2022-03-25 00:00:00+00:00
[2022-03-26 00:13:32,930] {processor.py:171} INFO - Processing /Users/adebolafagbule/opt/anaconda3/envs/airflow_env/lib/python3.8/site-packages/airflow/example_dags/example_branch_operator.py took 0.071 seconds
[2022-03-26 00:14:53,123] {processor.py:163} INFO - Started process (PID=30114) to work on /Users/adebolafagbule/opt/anaconda3/envs/airflow_env/lib/python3.8/site-packages/airflow/example_dags/example_branch_operator.py
[2022-03-26 00:14:53,124] {processor.py:642} INFO - Processing file /Users/adebolafagbule/opt/anaconda3/envs/airflow_env/lib/python3.8/site-packages/airflow/example_dags/example_branch_operator.py for tasks to queue
[2022-03-26 00:14:53,124] {logging_mixin.py:109} INFO - [2022-03-26 00:14:53,124] {dagbag.py:500} INFO - Filling up the DagBag from /Users/adebolafagbule/opt/anaconda3/envs/airflow_env/lib/python3.8/site-packages/airflow/example_dags/example_branch_operator.py
[2022-03-26 00:14:53,168] {processor.py:654} INFO - DAG(s) dict_keys(['example_branch_operator']) retrieved from /Users/adebolafagbule/opt/anaconda3/envs/airflow_env/lib/python3.8/site-packages/airflow/example_dags/example_branch_operator.py
[2022-03-26 00:14:53,183] {logging_mixin.py:109} INFO - [2022-03-26 00:14:53,183] {dag.py:2398} INFO - Sync 1 DAGs
[2022-03-26 00:14:53,192] {logging_mixin.py:109} INFO - [2022-03-26 00:14:53,192] {dag.py:2937} INFO - Setting next_dagrun for example_branch_operator to 2022-03-25 00:00:00+00:00
[2022-03-26 00:14:53,197] {processor.py:171} INFO - Processing /Users/adebolafagbule/opt/anaconda3/envs/airflow_env/lib/python3.8/site-packages/airflow/example_dags/example_branch_operator.py took 0.075 seconds
[2022-03-26 00:16:14,724] {processor.py:163} INFO - Started process (PID=30203) to work on /Users/adebolafagbule/opt/anaconda3/envs/airflow_env/lib/python3.8/site-packages/airflow/example_dags/example_branch_operator.py
[2022-03-26 00:16:14,724] {processor.py:642} INFO - Processing file /Users/adebolafagbule/opt/anaconda3/envs/airflow_env/lib/python3.8/site-packages/airflow/example_dags/example_branch_operator.py for tasks to queue
[2022-03-26 00:16:14,725] {logging_mixin.py:109} INFO - [2022-03-26 00:16:14,725] {dagbag.py:500} INFO - Filling up the DagBag from /Users/adebolafagbule/opt/anaconda3/envs/airflow_env/lib/python3.8/site-packages/airflow/example_dags/example_branch_operator.py
[2022-03-26 00:16:14,762] {processor.py:654} INFO - DAG(s) dict_keys(['example_branch_operator']) retrieved from /Users/adebolafagbule/opt/anaconda3/envs/airflow_env/lib/python3.8/site-packages/airflow/example_dags/example_branch_operator.py
[2022-03-26 00:16:14,776] {logging_mixin.py:109} INFO - [2022-03-26 00:16:14,775] {dag.py:2398} INFO - Sync 1 DAGs
[2022-03-26 00:16:14,783] {logging_mixin.py:109} INFO - [2022-03-26 00:16:14,783] {dag.py:2937} INFO - Setting next_dagrun for example_branch_operator to 2022-03-25 00:00:00+00:00
[2022-03-26 00:16:14,789] {processor.py:171} INFO - Processing /Users/adebolafagbule/opt/anaconda3/envs/airflow_env/lib/python3.8/site-packages/airflow/example_dags/example_branch_operator.py took 0.065 seconds
[2022-03-26 00:17:35,138] {processor.py:163} INFO - Started process (PID=30287) to work on /Users/adebolafagbule/opt/anaconda3/envs/airflow_env/lib/python3.8/site-packages/airflow/example_dags/example_branch_operator.py
[2022-03-26 00:17:35,138] {processor.py:642} INFO - Processing file /Users/adebolafagbule/opt/anaconda3/envs/airflow_env/lib/python3.8/site-packages/airflow/example_dags/example_branch_operator.py for tasks to queue
[2022-03-26 00:17:35,138] {logging_mixin.py:109} INFO - [2022-03-26 00:17:35,138] {dagbag.py:500} INFO - Filling up the DagBag from /Users/adebolafagbule/opt/anaconda3/envs/airflow_env/lib/python3.8/site-packages/airflow/example_dags/example_branch_operator.py
[2022-03-26 00:17:35,189] {processor.py:654} INFO - DAG(s) dict_keys(['example_branch_operator']) retrieved from /Users/adebolafagbule/opt/anaconda3/envs/airflow_env/lib/python3.8/site-packages/airflow/example_dags/example_branch_operator.py
[2022-03-26 00:17:35,203] {logging_mixin.py:109} INFO - [2022-03-26 00:17:35,203] {dag.py:2398} INFO - Sync 1 DAGs
[2022-03-26 00:17:35,211] {logging_mixin.py:109} INFO - [2022-03-26 00:17:35,211] {dag.py:2937} INFO - Setting next_dagrun for example_branch_operator to 2022-03-25 00:00:00+00:00
[2022-03-26 00:17:35,216] {processor.py:171} INFO - Processing /Users/adebolafagbule/opt/anaconda3/envs/airflow_env/lib/python3.8/site-packages/airflow/example_dags/example_branch_operator.py took 0.079 seconds
[2022-03-26 00:18:55,983] {processor.py:163} INFO - Started process (PID=30373) to work on /Users/adebolafagbule/opt/anaconda3/envs/airflow_env/lib/python3.8/site-packages/airflow/example_dags/example_branch_operator.py
[2022-03-26 00:18:55,983] {processor.py:642} INFO - Processing file /Users/adebolafagbule/opt/anaconda3/envs/airflow_env/lib/python3.8/site-packages/airflow/example_dags/example_branch_operator.py for tasks to queue
[2022-03-26 00:18:55,983] {logging_mixin.py:109} INFO - [2022-03-26 00:18:55,983] {dagbag.py:500} INFO - Filling up the DagBag from /Users/adebolafagbule/opt/anaconda3/envs/airflow_env/lib/python3.8/site-packages/airflow/example_dags/example_branch_operator.py
[2022-03-26 00:18:56,034] {processor.py:654} INFO - DAG(s) dict_keys(['example_branch_operator']) retrieved from /Users/adebolafagbule/opt/anaconda3/envs/airflow_env/lib/python3.8/site-packages/airflow/example_dags/example_branch_operator.py
[2022-03-26 00:18:56,048] {logging_mixin.py:109} INFO - [2022-03-26 00:18:56,048] {dag.py:2398} INFO - Sync 1 DAGs
[2022-03-26 00:18:56,056] {logging_mixin.py:109} INFO - [2022-03-26 00:18:56,056] {dag.py:2937} INFO - Setting next_dagrun for example_branch_operator to 2022-03-25 00:00:00+00:00
[2022-03-26 00:18:56,061] {processor.py:171} INFO - Processing /Users/adebolafagbule/opt/anaconda3/envs/airflow_env/lib/python3.8/site-packages/airflow/example_dags/example_branch_operator.py took 0.079 seconds
[2022-03-26 00:20:12,837] {processor.py:163} INFO - Started process (PID=30456) to work on /Users/adebolafagbule/opt/anaconda3/envs/airflow_env/lib/python3.8/site-packages/airflow/example_dags/example_branch_operator.py
[2022-03-26 00:20:12,837] {processor.py:642} INFO - Processing file /Users/adebolafagbule/opt/anaconda3/envs/airflow_env/lib/python3.8/site-packages/airflow/example_dags/example_branch_operator.py for tasks to queue
[2022-03-26 00:20:12,838] {logging_mixin.py:109} INFO - [2022-03-26 00:20:12,838] {dagbag.py:500} INFO - Filling up the DagBag from /Users/adebolafagbule/opt/anaconda3/envs/airflow_env/lib/python3.8/site-packages/airflow/example_dags/example_branch_operator.py
[2022-03-26 00:20:12,880] {processor.py:654} INFO - DAG(s) dict_keys(['example_branch_operator']) retrieved from /Users/adebolafagbule/opt/anaconda3/envs/airflow_env/lib/python3.8/site-packages/airflow/example_dags/example_branch_operator.py
[2022-03-26 00:20:12,896] {logging_mixin.py:109} INFO - [2022-03-26 00:20:12,896] {dag.py:2398} INFO - Sync 1 DAGs
[2022-03-26 00:20:12,905] {logging_mixin.py:109} INFO - [2022-03-26 00:20:12,905] {dag.py:2937} INFO - Setting next_dagrun for example_branch_operator to 2022-03-25 00:00:00+00:00
[2022-03-26 00:20:12,912] {processor.py:171} INFO - Processing /Users/adebolafagbule/opt/anaconda3/envs/airflow_env/lib/python3.8/site-packages/airflow/example_dags/example_branch_operator.py took 0.076 seconds
[2022-03-26 00:21:33,800] {processor.py:163} INFO - Started process (PID=30546) to work on /Users/adebolafagbule/opt/anaconda3/envs/airflow_env/lib/python3.8/site-packages/airflow/example_dags/example_branch_operator.py
[2022-03-26 00:21:33,801] {processor.py:642} INFO - Processing file /Users/adebolafagbule/opt/anaconda3/envs/airflow_env/lib/python3.8/site-packages/airflow/example_dags/example_branch_operator.py for tasks to queue
[2022-03-26 00:21:33,801] {logging_mixin.py:109} INFO - [2022-03-26 00:21:33,801] {dagbag.py:500} INFO - Filling up the DagBag from /Users/adebolafagbule/opt/anaconda3/envs/airflow_env/lib/python3.8/site-packages/airflow/example_dags/example_branch_operator.py
[2022-03-26 00:21:33,838] {processor.py:654} INFO - DAG(s) dict_keys(['example_branch_operator']) retrieved from /Users/adebolafagbule/opt/anaconda3/envs/airflow_env/lib/python3.8/site-packages/airflow/example_dags/example_branch_operator.py
[2022-03-26 00:21:33,851] {logging_mixin.py:109} INFO - [2022-03-26 00:21:33,851] {dag.py:2398} INFO - Sync 1 DAGs
[2022-03-26 00:21:33,859] {logging_mixin.py:109} INFO - [2022-03-26 00:21:33,859] {dag.py:2937} INFO - Setting next_dagrun for example_branch_operator to 2022-03-25 00:00:00+00:00
[2022-03-26 00:21:33,864] {processor.py:171} INFO - Processing /Users/adebolafagbule/opt/anaconda3/envs/airflow_env/lib/python3.8/site-packages/airflow/example_dags/example_branch_operator.py took 0.065 seconds
[2022-03-26 00:22:56,015] {processor.py:163} INFO - Started process (PID=30638) to work on /Users/adebolafagbule/opt/anaconda3/envs/airflow_env/lib/python3.8/site-packages/airflow/example_dags/example_branch_operator.py
[2022-03-26 00:22:56,016] {processor.py:642} INFO - Processing file /Users/adebolafagbule/opt/anaconda3/envs/airflow_env/lib/python3.8/site-packages/airflow/example_dags/example_branch_operator.py for tasks to queue
[2022-03-26 00:22:56,017] {logging_mixin.py:109} INFO - [2022-03-26 00:22:56,017] {dagbag.py:500} INFO - Filling up the DagBag from /Users/adebolafagbule/opt/anaconda3/envs/airflow_env/lib/python3.8/site-packages/airflow/example_dags/example_branch_operator.py
[2022-03-26 00:22:56,059] {processor.py:654} INFO - DAG(s) dict_keys(['example_branch_operator']) retrieved from /Users/adebolafagbule/opt/anaconda3/envs/airflow_env/lib/python3.8/site-packages/airflow/example_dags/example_branch_operator.py
[2022-03-26 00:22:56,073] {logging_mixin.py:109} INFO - [2022-03-26 00:22:56,073] {dag.py:2398} INFO - Sync 1 DAGs
[2022-03-26 00:22:56,081] {logging_mixin.py:109} INFO - [2022-03-26 00:22:56,081] {dag.py:2937} INFO - Setting next_dagrun for example_branch_operator to 2022-03-25 00:00:00+00:00
[2022-03-26 00:22:56,086] {processor.py:171} INFO - Processing /Users/adebolafagbule/opt/anaconda3/envs/airflow_env/lib/python3.8/site-packages/airflow/example_dags/example_branch_operator.py took 0.071 seconds
[2022-03-26 00:24:18,104] {processor.py:163} INFO - Started process (PID=30734) to work on /Users/adebolafagbule/opt/anaconda3/envs/airflow_env/lib/python3.8/site-packages/airflow/example_dags/example_branch_operator.py
[2022-03-26 00:24:18,105] {processor.py:642} INFO - Processing file /Users/adebolafagbule/opt/anaconda3/envs/airflow_env/lib/python3.8/site-packages/airflow/example_dags/example_branch_operator.py for tasks to queue
[2022-03-26 00:24:18,105] {logging_mixin.py:109} INFO - [2022-03-26 00:24:18,105] {dagbag.py:500} INFO - Filling up the DagBag from /Users/adebolafagbule/opt/anaconda3/envs/airflow_env/lib/python3.8/site-packages/airflow/example_dags/example_branch_operator.py
[2022-03-26 00:24:18,146] {processor.py:654} INFO - DAG(s) dict_keys(['example_branch_operator']) retrieved from /Users/adebolafagbule/opt/anaconda3/envs/airflow_env/lib/python3.8/site-packages/airflow/example_dags/example_branch_operator.py
[2022-03-26 00:24:18,160] {logging_mixin.py:109} INFO - [2022-03-26 00:24:18,160] {dag.py:2398} INFO - Sync 1 DAGs
[2022-03-26 00:24:18,169] {logging_mixin.py:109} INFO - [2022-03-26 00:24:18,169] {dag.py:2937} INFO - Setting next_dagrun for example_branch_operator to 2022-03-25 00:00:00+00:00
[2022-03-26 00:24:18,175] {processor.py:171} INFO - Processing /Users/adebolafagbule/opt/anaconda3/envs/airflow_env/lib/python3.8/site-packages/airflow/example_dags/example_branch_operator.py took 0.072 seconds
[2022-03-26 00:25:36,638] {processor.py:163} INFO - Started process (PID=30827) to work on /Users/adebolafagbule/opt/anaconda3/envs/airflow_env/lib/python3.8/site-packages/airflow/example_dags/example_branch_operator.py
[2022-03-26 00:25:36,639] {processor.py:642} INFO - Processing file /Users/adebolafagbule/opt/anaconda3/envs/airflow_env/lib/python3.8/site-packages/airflow/example_dags/example_branch_operator.py for tasks to queue
[2022-03-26 00:25:36,639] {logging_mixin.py:109} INFO - [2022-03-26 00:25:36,639] {dagbag.py:500} INFO - Filling up the DagBag from /Users/adebolafagbule/opt/anaconda3/envs/airflow_env/lib/python3.8/site-packages/airflow/example_dags/example_branch_operator.py
[2022-03-26 00:25:36,677] {processor.py:654} INFO - DAG(s) dict_keys(['example_branch_operator']) retrieved from /Users/adebolafagbule/opt/anaconda3/envs/airflow_env/lib/python3.8/site-packages/airflow/example_dags/example_branch_operator.py
[2022-03-26 00:25:36,691] {logging_mixin.py:109} INFO - [2022-03-26 00:25:36,691] {dag.py:2398} INFO - Sync 1 DAGs
[2022-03-26 00:25:36,699] {logging_mixin.py:109} INFO - [2022-03-26 00:25:36,699] {dag.py:2937} INFO - Setting next_dagrun for example_branch_operator to 2022-03-25 00:00:00+00:00
[2022-03-26 00:25:36,704] {processor.py:171} INFO - Processing /Users/adebolafagbule/opt/anaconda3/envs/airflow_env/lib/python3.8/site-packages/airflow/example_dags/example_branch_operator.py took 0.067 seconds
[2022-03-26 00:26:58,223] {processor.py:163} INFO - Started process (PID=30918) to work on /Users/adebolafagbule/opt/anaconda3/envs/airflow_env/lib/python3.8/site-packages/airflow/example_dags/example_branch_operator.py
[2022-03-26 00:26:58,223] {processor.py:642} INFO - Processing file /Users/adebolafagbule/opt/anaconda3/envs/airflow_env/lib/python3.8/site-packages/airflow/example_dags/example_branch_operator.py for tasks to queue
[2022-03-26 00:26:58,224] {logging_mixin.py:109} INFO - [2022-03-26 00:26:58,224] {dagbag.py:500} INFO - Filling up the DagBag from /Users/adebolafagbule/opt/anaconda3/envs/airflow_env/lib/python3.8/site-packages/airflow/example_dags/example_branch_operator.py
[2022-03-26 00:26:58,263] {processor.py:654} INFO - DAG(s) dict_keys(['example_branch_operator']) retrieved from /Users/adebolafagbule/opt/anaconda3/envs/airflow_env/lib/python3.8/site-packages/airflow/example_dags/example_branch_operator.py
[2022-03-26 00:26:58,276] {logging_mixin.py:109} INFO - [2022-03-26 00:26:58,276] {dag.py:2398} INFO - Sync 1 DAGs
[2022-03-26 00:26:58,284] {logging_mixin.py:109} INFO - [2022-03-26 00:26:58,284] {dag.py:2937} INFO - Setting next_dagrun for example_branch_operator to 2022-03-25 00:00:00+00:00
[2022-03-26 00:26:58,289] {processor.py:171} INFO - Processing /Users/adebolafagbule/opt/anaconda3/envs/airflow_env/lib/python3.8/site-packages/airflow/example_dags/example_branch_operator.py took 0.067 seconds
[2022-03-26 00:28:28,511] {processor.py:163} INFO - Started process (PID=31027) to work on /Users/adebolafagbule/opt/anaconda3/envs/airflow_env/lib/python3.8/site-packages/airflow/example_dags/example_branch_operator.py
[2022-03-26 00:28:28,512] {processor.py:642} INFO - Processing file /Users/adebolafagbule/opt/anaconda3/envs/airflow_env/lib/python3.8/site-packages/airflow/example_dags/example_branch_operator.py for tasks to queue
[2022-03-26 00:28:28,512] {logging_mixin.py:109} INFO - [2022-03-26 00:28:28,512] {dagbag.py:500} INFO - Filling up the DagBag from /Users/adebolafagbule/opt/anaconda3/envs/airflow_env/lib/python3.8/site-packages/airflow/example_dags/example_branch_operator.py
[2022-03-26 00:28:28,550] {processor.py:654} INFO - DAG(s) dict_keys(['example_branch_operator']) retrieved from /Users/adebolafagbule/opt/anaconda3/envs/airflow_env/lib/python3.8/site-packages/airflow/example_dags/example_branch_operator.py
[2022-03-26 00:28:28,563] {logging_mixin.py:109} INFO - [2022-03-26 00:28:28,563] {dag.py:2398} INFO - Sync 1 DAGs
[2022-03-26 00:28:28,571] {logging_mixin.py:109} INFO - [2022-03-26 00:28:28,571] {dag.py:2937} INFO - Setting next_dagrun for example_branch_operator to 2022-03-25 00:00:00+00:00
[2022-03-26 00:28:28,576] {processor.py:171} INFO - Processing /Users/adebolafagbule/opt/anaconda3/envs/airflow_env/lib/python3.8/site-packages/airflow/example_dags/example_branch_operator.py took 0.065 seconds
[2022-03-26 00:29:55,332] {processor.py:163} INFO - Started process (PID=31124) to work on /Users/adebolafagbule/opt/anaconda3/envs/airflow_env/lib/python3.8/site-packages/airflow/example_dags/example_branch_operator.py
[2022-03-26 00:29:55,333] {processor.py:642} INFO - Processing file /Users/adebolafagbule/opt/anaconda3/envs/airflow_env/lib/python3.8/site-packages/airflow/example_dags/example_branch_operator.py for tasks to queue
[2022-03-26 00:29:55,333] {logging_mixin.py:109} INFO - [2022-03-26 00:29:55,333] {dagbag.py:500} INFO - Filling up the DagBag from /Users/adebolafagbule/opt/anaconda3/envs/airflow_env/lib/python3.8/site-packages/airflow/example_dags/example_branch_operator.py
[2022-03-26 00:29:55,372] {processor.py:654} INFO - DAG(s) dict_keys(['example_branch_operator']) retrieved from /Users/adebolafagbule/opt/anaconda3/envs/airflow_env/lib/python3.8/site-packages/airflow/example_dags/example_branch_operator.py
[2022-03-26 00:29:55,386] {logging_mixin.py:109} INFO - [2022-03-26 00:29:55,386] {dag.py:2398} INFO - Sync 1 DAGs
[2022-03-26 00:29:55,394] {logging_mixin.py:109} INFO - [2022-03-26 00:29:55,394] {dag.py:2937} INFO - Setting next_dagrun for example_branch_operator to 2022-03-25 00:00:00+00:00
[2022-03-26 00:29:55,400] {processor.py:171} INFO - Processing /Users/adebolafagbule/opt/anaconda3/envs/airflow_env/lib/python3.8/site-packages/airflow/example_dags/example_branch_operator.py took 0.068 seconds
[2022-03-26 00:31:25,708] {processor.py:163} INFO - Started process (PID=31222) to work on /Users/adebolafagbule/opt/anaconda3/envs/airflow_env/lib/python3.8/site-packages/airflow/example_dags/example_branch_operator.py
[2022-03-26 00:31:25,709] {processor.py:642} INFO - Processing file /Users/adebolafagbule/opt/anaconda3/envs/airflow_env/lib/python3.8/site-packages/airflow/example_dags/example_branch_operator.py for tasks to queue
[2022-03-26 00:31:25,709] {logging_mixin.py:109} INFO - [2022-03-26 00:31:25,709] {dagbag.py:500} INFO - Filling up the DagBag from /Users/adebolafagbule/opt/anaconda3/envs/airflow_env/lib/python3.8/site-packages/airflow/example_dags/example_branch_operator.py
[2022-03-26 00:31:25,749] {processor.py:654} INFO - DAG(s) dict_keys(['example_branch_operator']) retrieved from /Users/adebolafagbule/opt/anaconda3/envs/airflow_env/lib/python3.8/site-packages/airflow/example_dags/example_branch_operator.py
[2022-03-26 00:31:25,762] {logging_mixin.py:109} INFO - [2022-03-26 00:31:25,762] {dag.py:2398} INFO - Sync 1 DAGs
[2022-03-26 00:31:25,771] {logging_mixin.py:109} INFO - [2022-03-26 00:31:25,771] {dag.py:2937} INFO - Setting next_dagrun for example_branch_operator to 2022-03-25 00:00:00+00:00
[2022-03-26 00:31:25,776] {processor.py:171} INFO - Processing /Users/adebolafagbule/opt/anaconda3/envs/airflow_env/lib/python3.8/site-packages/airflow/example_dags/example_branch_operator.py took 0.069 seconds
[2022-03-26 00:32:53,691] {processor.py:163} INFO - Started process (PID=31326) to work on /Users/adebolafagbule/opt/anaconda3/envs/airflow_env/lib/python3.8/site-packages/airflow/example_dags/example_branch_operator.py
[2022-03-26 00:32:53,692] {processor.py:642} INFO - Processing file /Users/adebolafagbule/opt/anaconda3/envs/airflow_env/lib/python3.8/site-packages/airflow/example_dags/example_branch_operator.py for tasks to queue
[2022-03-26 00:32:53,692] {logging_mixin.py:109} INFO - [2022-03-26 00:32:53,692] {dagbag.py:500} INFO - Filling up the DagBag from /Users/adebolafagbule/opt/anaconda3/envs/airflow_env/lib/python3.8/site-packages/airflow/example_dags/example_branch_operator.py
[2022-03-26 00:32:53,731] {processor.py:654} INFO - DAG(s) dict_keys(['example_branch_operator']) retrieved from /Users/adebolafagbule/opt/anaconda3/envs/airflow_env/lib/python3.8/site-packages/airflow/example_dags/example_branch_operator.py
[2022-03-26 00:32:53,744] {logging_mixin.py:109} INFO - [2022-03-26 00:32:53,744] {dag.py:2398} INFO - Sync 1 DAGs
[2022-03-26 00:32:53,752] {logging_mixin.py:109} INFO - [2022-03-26 00:32:53,752] {dag.py:2937} INFO - Setting next_dagrun for example_branch_operator to 2022-03-25 00:00:00+00:00
[2022-03-26 00:32:53,758] {processor.py:171} INFO - Processing /Users/adebolafagbule/opt/anaconda3/envs/airflow_env/lib/python3.8/site-packages/airflow/example_dags/example_branch_operator.py took 0.067 seconds
[2022-03-26 00:34:15,458] {processor.py:163} INFO - Started process (PID=31409) to work on /Users/adebolafagbule/opt/anaconda3/envs/airflow_env/lib/python3.8/site-packages/airflow/example_dags/example_branch_operator.py
[2022-03-26 00:34:15,459] {processor.py:642} INFO - Processing file /Users/adebolafagbule/opt/anaconda3/envs/airflow_env/lib/python3.8/site-packages/airflow/example_dags/example_branch_operator.py for tasks to queue
[2022-03-26 00:34:15,459] {logging_mixin.py:109} INFO - [2022-03-26 00:34:15,459] {dagbag.py:500} INFO - Filling up the DagBag from /Users/adebolafagbule/opt/anaconda3/envs/airflow_env/lib/python3.8/site-packages/airflow/example_dags/example_branch_operator.py
[2022-03-26 00:34:15,499] {processor.py:654} INFO - DAG(s) dict_keys(['example_branch_operator']) retrieved from /Users/adebolafagbule/opt/anaconda3/envs/airflow_env/lib/python3.8/site-packages/airflow/example_dags/example_branch_operator.py
[2022-03-26 00:34:15,514] {logging_mixin.py:109} INFO - [2022-03-26 00:34:15,514] {dag.py:2398} INFO - Sync 1 DAGs
[2022-03-26 00:34:15,522] {logging_mixin.py:109} INFO - [2022-03-26 00:34:15,522] {dag.py:2937} INFO - Setting next_dagrun for example_branch_operator to 2022-03-25 00:00:00+00:00
[2022-03-26 00:34:15,527] {processor.py:171} INFO - Processing /Users/adebolafagbule/opt/anaconda3/envs/airflow_env/lib/python3.8/site-packages/airflow/example_dags/example_branch_operator.py took 0.070 seconds
[2022-03-26 00:35:36,858] {processor.py:163} INFO - Started process (PID=31489) to work on /Users/adebolafagbule/opt/anaconda3/envs/airflow_env/lib/python3.8/site-packages/airflow/example_dags/example_branch_operator.py
[2022-03-26 00:35:36,858] {processor.py:642} INFO - Processing file /Users/adebolafagbule/opt/anaconda3/envs/airflow_env/lib/python3.8/site-packages/airflow/example_dags/example_branch_operator.py for tasks to queue
[2022-03-26 00:35:36,859] {logging_mixin.py:109} INFO - [2022-03-26 00:35:36,859] {dagbag.py:500} INFO - Filling up the DagBag from /Users/adebolafagbule/opt/anaconda3/envs/airflow_env/lib/python3.8/site-packages/airflow/example_dags/example_branch_operator.py
[2022-03-26 00:35:36,896] {processor.py:654} INFO - DAG(s) dict_keys(['example_branch_operator']) retrieved from /Users/adebolafagbule/opt/anaconda3/envs/airflow_env/lib/python3.8/site-packages/airflow/example_dags/example_branch_operator.py
[2022-03-26 00:35:36,909] {logging_mixin.py:109} INFO - [2022-03-26 00:35:36,909] {dag.py:2398} INFO - Sync 1 DAGs
[2022-03-26 00:35:36,917] {logging_mixin.py:109} INFO - [2022-03-26 00:35:36,917] {dag.py:2937} INFO - Setting next_dagrun for example_branch_operator to 2022-03-25 00:00:00+00:00
[2022-03-26 00:35:36,922] {processor.py:171} INFO - Processing /Users/adebolafagbule/opt/anaconda3/envs/airflow_env/lib/python3.8/site-packages/airflow/example_dags/example_branch_operator.py took 0.065 seconds
[2022-03-26 00:36:57,306] {processor.py:163} INFO - Started process (PID=31581) to work on /Users/adebolafagbule/opt/anaconda3/envs/airflow_env/lib/python3.8/site-packages/airflow/example_dags/example_branch_operator.py
[2022-03-26 00:36:57,307] {processor.py:642} INFO - Processing file /Users/adebolafagbule/opt/anaconda3/envs/airflow_env/lib/python3.8/site-packages/airflow/example_dags/example_branch_operator.py for tasks to queue
[2022-03-26 00:36:57,308] {logging_mixin.py:109} INFO - [2022-03-26 00:36:57,308] {dagbag.py:500} INFO - Filling up the DagBag from /Users/adebolafagbule/opt/anaconda3/envs/airflow_env/lib/python3.8/site-packages/airflow/example_dags/example_branch_operator.py
[2022-03-26 00:36:57,348] {processor.py:654} INFO - DAG(s) dict_keys(['example_branch_operator']) retrieved from /Users/adebolafagbule/opt/anaconda3/envs/airflow_env/lib/python3.8/site-packages/airflow/example_dags/example_branch_operator.py
[2022-03-26 00:36:57,361] {logging_mixin.py:109} INFO - [2022-03-26 00:36:57,361] {dag.py:2398} INFO - Sync 1 DAGs
[2022-03-26 00:36:57,368] {logging_mixin.py:109} INFO - [2022-03-26 00:36:57,368] {dag.py:2937} INFO - Setting next_dagrun for example_branch_operator to 2022-03-25 00:00:00+00:00
[2022-03-26 00:36:57,374] {processor.py:171} INFO - Processing /Users/adebolafagbule/opt/anaconda3/envs/airflow_env/lib/python3.8/site-packages/airflow/example_dags/example_branch_operator.py took 0.069 seconds
[2022-03-26 00:38:32,863] {processor.py:163} INFO - Started process (PID=31682) to work on /Users/adebolafagbule/opt/anaconda3/envs/airflow_env/lib/python3.8/site-packages/airflow/example_dags/example_branch_operator.py
[2022-03-26 00:38:32,864] {processor.py:642} INFO - Processing file /Users/adebolafagbule/opt/anaconda3/envs/airflow_env/lib/python3.8/site-packages/airflow/example_dags/example_branch_operator.py for tasks to queue
[2022-03-26 00:38:32,864] {logging_mixin.py:109} INFO - [2022-03-26 00:38:32,864] {dagbag.py:500} INFO - Filling up the DagBag from /Users/adebolafagbule/opt/anaconda3/envs/airflow_env/lib/python3.8/site-packages/airflow/example_dags/example_branch_operator.py
[2022-03-26 00:38:32,904] {processor.py:654} INFO - DAG(s) dict_keys(['example_branch_operator']) retrieved from /Users/adebolafagbule/opt/anaconda3/envs/airflow_env/lib/python3.8/site-packages/airflow/example_dags/example_branch_operator.py
[2022-03-26 00:38:32,918] {logging_mixin.py:109} INFO - [2022-03-26 00:38:32,918] {dag.py:2398} INFO - Sync 1 DAGs
[2022-03-26 00:38:32,927] {logging_mixin.py:109} INFO - [2022-03-26 00:38:32,927] {dag.py:2937} INFO - Setting next_dagrun for example_branch_operator to 2022-03-25 00:00:00+00:00
[2022-03-26 00:38:32,932] {processor.py:171} INFO - Processing /Users/adebolafagbule/opt/anaconda3/envs/airflow_env/lib/python3.8/site-packages/airflow/example_dags/example_branch_operator.py took 0.069 seconds
[2022-03-26 00:40:04,694] {processor.py:163} INFO - Started process (PID=31781) to work on /Users/adebolafagbule/opt/anaconda3/envs/airflow_env/lib/python3.8/site-packages/airflow/example_dags/example_branch_operator.py
[2022-03-26 00:40:04,694] {processor.py:642} INFO - Processing file /Users/adebolafagbule/opt/anaconda3/envs/airflow_env/lib/python3.8/site-packages/airflow/example_dags/example_branch_operator.py for tasks to queue
[2022-03-26 00:40:04,694] {logging_mixin.py:109} INFO - [2022-03-26 00:40:04,694] {dagbag.py:500} INFO - Filling up the DagBag from /Users/adebolafagbule/opt/anaconda3/envs/airflow_env/lib/python3.8/site-packages/airflow/example_dags/example_branch_operator.py
[2022-03-26 00:40:04,734] {processor.py:654} INFO - DAG(s) dict_keys(['example_branch_operator']) retrieved from /Users/adebolafagbule/opt/anaconda3/envs/airflow_env/lib/python3.8/site-packages/airflow/example_dags/example_branch_operator.py
[2022-03-26 00:40:04,747] {logging_mixin.py:109} INFO - [2022-03-26 00:40:04,747] {dag.py:2398} INFO - Sync 1 DAGs
[2022-03-26 00:40:04,756] {logging_mixin.py:109} INFO - [2022-03-26 00:40:04,756] {dag.py:2937} INFO - Setting next_dagrun for example_branch_operator to 2022-03-25 00:00:00+00:00
[2022-03-26 00:40:04,761] {processor.py:171} INFO - Processing /Users/adebolafagbule/opt/anaconda3/envs/airflow_env/lib/python3.8/site-packages/airflow/example_dags/example_branch_operator.py took 0.068 seconds
[2022-03-26 00:41:30,142] {processor.py:163} INFO - Started process (PID=31867) to work on /Users/adebolafagbule/opt/anaconda3/envs/airflow_env/lib/python3.8/site-packages/airflow/example_dags/example_branch_operator.py
[2022-03-26 00:41:30,143] {processor.py:642} INFO - Processing file /Users/adebolafagbule/opt/anaconda3/envs/airflow_env/lib/python3.8/site-packages/airflow/example_dags/example_branch_operator.py for tasks to queue
[2022-03-26 00:41:30,144] {logging_mixin.py:109} INFO - [2022-03-26 00:41:30,144] {dagbag.py:500} INFO - Filling up the DagBag from /Users/adebolafagbule/opt/anaconda3/envs/airflow_env/lib/python3.8/site-packages/airflow/example_dags/example_branch_operator.py
[2022-03-26 00:41:30,183] {processor.py:654} INFO - DAG(s) dict_keys(['example_branch_operator']) retrieved from /Users/adebolafagbule/opt/anaconda3/envs/airflow_env/lib/python3.8/site-packages/airflow/example_dags/example_branch_operator.py
[2022-03-26 00:41:30,196] {logging_mixin.py:109} INFO - [2022-03-26 00:41:30,196] {dag.py:2398} INFO - Sync 1 DAGs
[2022-03-26 00:41:30,203] {logging_mixin.py:109} INFO - [2022-03-26 00:41:30,203] {dag.py:2937} INFO - Setting next_dagrun for example_branch_operator to 2022-03-25 00:00:00+00:00
[2022-03-26 00:41:30,209] {processor.py:171} INFO - Processing /Users/adebolafagbule/opt/anaconda3/envs/airflow_env/lib/python3.8/site-packages/airflow/example_dags/example_branch_operator.py took 0.067 seconds
[2022-03-26 00:42:50,200] {processor.py:163} INFO - Started process (PID=31955) to work on /Users/adebolafagbule/opt/anaconda3/envs/airflow_env/lib/python3.8/site-packages/airflow/example_dags/example_branch_operator.py
[2022-03-26 00:42:50,201] {processor.py:642} INFO - Processing file /Users/adebolafagbule/opt/anaconda3/envs/airflow_env/lib/python3.8/site-packages/airflow/example_dags/example_branch_operator.py for tasks to queue
[2022-03-26 00:42:50,201] {logging_mixin.py:109} INFO - [2022-03-26 00:42:50,201] {dagbag.py:500} INFO - Filling up the DagBag from /Users/adebolafagbule/opt/anaconda3/envs/airflow_env/lib/python3.8/site-packages/airflow/example_dags/example_branch_operator.py
[2022-03-26 00:42:50,239] {processor.py:654} INFO - DAG(s) dict_keys(['example_branch_operator']) retrieved from /Users/adebolafagbule/opt/anaconda3/envs/airflow_env/lib/python3.8/site-packages/airflow/example_dags/example_branch_operator.py
[2022-03-26 00:42:50,252] {logging_mixin.py:109} INFO - [2022-03-26 00:42:50,252] {dag.py:2398} INFO - Sync 1 DAGs
[2022-03-26 00:42:50,260] {logging_mixin.py:109} INFO - [2022-03-26 00:42:50,260] {dag.py:2937} INFO - Setting next_dagrun for example_branch_operator to 2022-03-25 00:00:00+00:00
[2022-03-26 00:42:50,266] {processor.py:171} INFO - Processing /Users/adebolafagbule/opt/anaconda3/envs/airflow_env/lib/python3.8/site-packages/airflow/example_dags/example_branch_operator.py took 0.066 seconds
[2022-03-26 00:44:09,360] {processor.py:163} INFO - Started process (PID=32037) to work on /Users/adebolafagbule/opt/anaconda3/envs/airflow_env/lib/python3.8/site-packages/airflow/example_dags/example_branch_operator.py
[2022-03-26 00:44:09,361] {processor.py:642} INFO - Processing file /Users/adebolafagbule/opt/anaconda3/envs/airflow_env/lib/python3.8/site-packages/airflow/example_dags/example_branch_operator.py for tasks to queue
[2022-03-26 00:44:09,362] {logging_mixin.py:109} INFO - [2022-03-26 00:44:09,362] {dagbag.py:500} INFO - Filling up the DagBag from /Users/adebolafagbule/opt/anaconda3/envs/airflow_env/lib/python3.8/site-packages/airflow/example_dags/example_branch_operator.py
[2022-03-26 00:44:09,402] {processor.py:654} INFO - DAG(s) dict_keys(['example_branch_operator']) retrieved from /Users/adebolafagbule/opt/anaconda3/envs/airflow_env/lib/python3.8/site-packages/airflow/example_dags/example_branch_operator.py
[2022-03-26 00:44:09,416] {logging_mixin.py:109} INFO - [2022-03-26 00:44:09,416] {dag.py:2398} INFO - Sync 1 DAGs
[2022-03-26 00:44:09,424] {logging_mixin.py:109} INFO - [2022-03-26 00:44:09,424] {dag.py:2937} INFO - Setting next_dagrun for example_branch_operator to 2022-03-25 00:00:00+00:00
[2022-03-26 00:44:09,430] {processor.py:171} INFO - Processing /Users/adebolafagbule/opt/anaconda3/envs/airflow_env/lib/python3.8/site-packages/airflow/example_dags/example_branch_operator.py took 0.070 seconds
[2022-03-26 00:45:30,829] {processor.py:163} INFO - Started process (PID=32119) to work on /Users/adebolafagbule/opt/anaconda3/envs/airflow_env/lib/python3.8/site-packages/airflow/example_dags/example_branch_operator.py
[2022-03-26 00:45:30,830] {processor.py:642} INFO - Processing file /Users/adebolafagbule/opt/anaconda3/envs/airflow_env/lib/python3.8/site-packages/airflow/example_dags/example_branch_operator.py for tasks to queue
[2022-03-26 00:45:30,831] {logging_mixin.py:109} INFO - [2022-03-26 00:45:30,831] {dagbag.py:500} INFO - Filling up the DagBag from /Users/adebolafagbule/opt/anaconda3/envs/airflow_env/lib/python3.8/site-packages/airflow/example_dags/example_branch_operator.py
[2022-03-26 00:45:30,868] {processor.py:654} INFO - DAG(s) dict_keys(['example_branch_operator']) retrieved from /Users/adebolafagbule/opt/anaconda3/envs/airflow_env/lib/python3.8/site-packages/airflow/example_dags/example_branch_operator.py
[2022-03-26 00:45:30,882] {logging_mixin.py:109} INFO - [2022-03-26 00:45:30,882] {dag.py:2398} INFO - Sync 1 DAGs
[2022-03-26 00:45:30,890] {logging_mixin.py:109} INFO - [2022-03-26 00:45:30,890] {dag.py:2937} INFO - Setting next_dagrun for example_branch_operator to 2022-03-25 00:00:00+00:00
[2022-03-26 00:45:30,895] {processor.py:171} INFO - Processing /Users/adebolafagbule/opt/anaconda3/envs/airflow_env/lib/python3.8/site-packages/airflow/example_dags/example_branch_operator.py took 0.067 seconds
[2022-03-26 00:47:04,551] {processor.py:163} INFO - Started process (PID=32240) to work on /Users/adebolafagbule/opt/anaconda3/envs/airflow_env/lib/python3.8/site-packages/airflow/example_dags/example_branch_operator.py
[2022-03-26 00:47:04,552] {processor.py:642} INFO - Processing file /Users/adebolafagbule/opt/anaconda3/envs/airflow_env/lib/python3.8/site-packages/airflow/example_dags/example_branch_operator.py for tasks to queue
[2022-03-26 00:47:04,552] {logging_mixin.py:109} INFO - [2022-03-26 00:47:04,552] {dagbag.py:500} INFO - Filling up the DagBag from /Users/adebolafagbule/opt/anaconda3/envs/airflow_env/lib/python3.8/site-packages/airflow/example_dags/example_branch_operator.py
[2022-03-26 00:47:04,589] {processor.py:654} INFO - DAG(s) dict_keys(['example_branch_operator']) retrieved from /Users/adebolafagbule/opt/anaconda3/envs/airflow_env/lib/python3.8/site-packages/airflow/example_dags/example_branch_operator.py
[2022-03-26 00:47:04,602] {logging_mixin.py:109} INFO - [2022-03-26 00:47:04,602] {dag.py:2398} INFO - Sync 1 DAGs
[2022-03-26 00:47:04,611] {logging_mixin.py:109} INFO - [2022-03-26 00:47:04,611] {dag.py:2937} INFO - Setting next_dagrun for example_branch_operator to 2022-03-25 00:00:00+00:00
[2022-03-26 00:47:04,616] {processor.py:171} INFO - Processing /Users/adebolafagbule/opt/anaconda3/envs/airflow_env/lib/python3.8/site-packages/airflow/example_dags/example_branch_operator.py took 0.066 seconds
[2022-03-26 00:48:30,092] {processor.py:163} INFO - Started process (PID=32333) to work on /Users/adebolafagbule/opt/anaconda3/envs/airflow_env/lib/python3.8/site-packages/airflow/example_dags/example_branch_operator.py
[2022-03-26 00:48:30,093] {processor.py:642} INFO - Processing file /Users/adebolafagbule/opt/anaconda3/envs/airflow_env/lib/python3.8/site-packages/airflow/example_dags/example_branch_operator.py for tasks to queue
[2022-03-26 00:48:30,094] {logging_mixin.py:109} INFO - [2022-03-26 00:48:30,094] {dagbag.py:500} INFO - Filling up the DagBag from /Users/adebolafagbule/opt/anaconda3/envs/airflow_env/lib/python3.8/site-packages/airflow/example_dags/example_branch_operator.py
[2022-03-26 00:48:30,133] {processor.py:654} INFO - DAG(s) dict_keys(['example_branch_operator']) retrieved from /Users/adebolafagbule/opt/anaconda3/envs/airflow_env/lib/python3.8/site-packages/airflow/example_dags/example_branch_operator.py
[2022-03-26 00:48:30,147] {logging_mixin.py:109} INFO - [2022-03-26 00:48:30,146] {dag.py:2398} INFO - Sync 1 DAGs
[2022-03-26 00:48:30,155] {logging_mixin.py:109} INFO - [2022-03-26 00:48:30,155] {dag.py:2937} INFO - Setting next_dagrun for example_branch_operator to 2022-03-25 00:00:00+00:00
[2022-03-26 00:48:30,162] {processor.py:171} INFO - Processing /Users/adebolafagbule/opt/anaconda3/envs/airflow_env/lib/python3.8/site-packages/airflow/example_dags/example_branch_operator.py took 0.070 seconds
[2022-03-26 00:49:51,808] {processor.py:163} INFO - Started process (PID=32428) to work on /Users/adebolafagbule/opt/anaconda3/envs/airflow_env/lib/python3.8/site-packages/airflow/example_dags/example_branch_operator.py
[2022-03-26 00:49:51,809] {processor.py:642} INFO - Processing file /Users/adebolafagbule/opt/anaconda3/envs/airflow_env/lib/python3.8/site-packages/airflow/example_dags/example_branch_operator.py for tasks to queue
[2022-03-26 00:49:51,810] {logging_mixin.py:109} INFO - [2022-03-26 00:49:51,809] {dagbag.py:500} INFO - Filling up the DagBag from /Users/adebolafagbule/opt/anaconda3/envs/airflow_env/lib/python3.8/site-packages/airflow/example_dags/example_branch_operator.py
[2022-03-26 00:49:51,849] {processor.py:654} INFO - DAG(s) dict_keys(['example_branch_operator']) retrieved from /Users/adebolafagbule/opt/anaconda3/envs/airflow_env/lib/python3.8/site-packages/airflow/example_dags/example_branch_operator.py
[2022-03-26 00:49:51,863] {logging_mixin.py:109} INFO - [2022-03-26 00:49:51,862] {dag.py:2398} INFO - Sync 1 DAGs
[2022-03-26 00:49:51,870] {logging_mixin.py:109} INFO - [2022-03-26 00:49:51,870] {dag.py:2937} INFO - Setting next_dagrun for example_branch_operator to 2022-03-25 00:00:00+00:00
[2022-03-26 00:49:51,876] {processor.py:171} INFO - Processing /Users/adebolafagbule/opt/anaconda3/envs/airflow_env/lib/python3.8/site-packages/airflow/example_dags/example_branch_operator.py took 0.069 seconds
[2022-03-26 00:51:14,478] {processor.py:163} INFO - Started process (PID=32516) to work on /Users/adebolafagbule/opt/anaconda3/envs/airflow_env/lib/python3.8/site-packages/airflow/example_dags/example_branch_operator.py
[2022-03-26 00:51:14,480] {processor.py:642} INFO - Processing file /Users/adebolafagbule/opt/anaconda3/envs/airflow_env/lib/python3.8/site-packages/airflow/example_dags/example_branch_operator.py for tasks to queue
[2022-03-26 00:51:14,481] {logging_mixin.py:109} INFO - [2022-03-26 00:51:14,480] {dagbag.py:500} INFO - Filling up the DagBag from /Users/adebolafagbule/opt/anaconda3/envs/airflow_env/lib/python3.8/site-packages/airflow/example_dags/example_branch_operator.py
[2022-03-26 00:51:14,530] {processor.py:654} INFO - DAG(s) dict_keys(['example_branch_operator']) retrieved from /Users/adebolafagbule/opt/anaconda3/envs/airflow_env/lib/python3.8/site-packages/airflow/example_dags/example_branch_operator.py
[2022-03-26 00:51:14,544] {logging_mixin.py:109} INFO - [2022-03-26 00:51:14,544] {dag.py:2398} INFO - Sync 1 DAGs
[2022-03-26 00:51:14,552] {logging_mixin.py:109} INFO - [2022-03-26 00:51:14,552] {dag.py:2937} INFO - Setting next_dagrun for example_branch_operator to 2022-03-25 00:00:00+00:00
[2022-03-26 00:51:14,558] {processor.py:171} INFO - Processing /Users/adebolafagbule/opt/anaconda3/envs/airflow_env/lib/python3.8/site-packages/airflow/example_dags/example_branch_operator.py took 0.081 seconds
[2022-03-26 00:52:36,801] {processor.py:163} INFO - Started process (PID=32611) to work on /Users/adebolafagbule/opt/anaconda3/envs/airflow_env/lib/python3.8/site-packages/airflow/example_dags/example_branch_operator.py
[2022-03-26 00:52:36,802] {processor.py:642} INFO - Processing file /Users/adebolafagbule/opt/anaconda3/envs/airflow_env/lib/python3.8/site-packages/airflow/example_dags/example_branch_operator.py for tasks to queue
[2022-03-26 00:52:36,803] {logging_mixin.py:109} INFO - [2022-03-26 00:52:36,803] {dagbag.py:500} INFO - Filling up the DagBag from /Users/adebolafagbule/opt/anaconda3/envs/airflow_env/lib/python3.8/site-packages/airflow/example_dags/example_branch_operator.py
[2022-03-26 00:52:36,841] {processor.py:654} INFO - DAG(s) dict_keys(['example_branch_operator']) retrieved from /Users/adebolafagbule/opt/anaconda3/envs/airflow_env/lib/python3.8/site-packages/airflow/example_dags/example_branch_operator.py
[2022-03-26 00:52:36,855] {logging_mixin.py:109} INFO - [2022-03-26 00:52:36,855] {dag.py:2398} INFO - Sync 1 DAGs
[2022-03-26 00:52:36,863] {logging_mixin.py:109} INFO - [2022-03-26 00:52:36,863] {dag.py:2937} INFO - Setting next_dagrun for example_branch_operator to 2022-03-25 00:00:00+00:00
[2022-03-26 00:52:36,869] {processor.py:171} INFO - Processing /Users/adebolafagbule/opt/anaconda3/envs/airflow_env/lib/python3.8/site-packages/airflow/example_dags/example_branch_operator.py took 0.068 seconds
