[2022-03-25 21:39:00,973] {processor.py:163} INFO - Started process (PID=26364) to work on /Users/adebolafagbule/opt/anaconda3/envs/airflow_env/lib/python3.8/site-packages/airflow/example_dags/example_python_operator.py
[2022-03-25 21:39:00,973] {processor.py:642} INFO - Processing file /Users/adebolafagbule/opt/anaconda3/envs/airflow_env/lib/python3.8/site-packages/airflow/example_dags/example_python_operator.py for tasks to queue
[2022-03-25 21:39:00,973] {logging_mixin.py:109} INFO - [2022-03-25 21:39:00,973] {dagbag.py:500} INFO - Filling up the DagBag from /Users/adebolafagbule/opt/anaconda3/envs/airflow_env/lib/python3.8/site-packages/airflow/example_dags/example_python_operator.py
[2022-03-25 21:39:00,990] {logging_mixin.py:109} INFO - [2022-03-25 21:39:00,990] {example_python_operator.py:68} WARNING - The virtalenv_python example task requires virtualenv, please install it.
[2022-03-25 21:39:01,013] {processor.py:654} INFO - DAG(s) dict_keys(['example_python_operator']) retrieved from /Users/adebolafagbule/opt/anaconda3/envs/airflow_env/lib/python3.8/site-packages/airflow/example_dags/example_python_operator.py
[2022-03-25 21:39:01,026] {logging_mixin.py:109} INFO - [2022-03-25 21:39:01,026] {dag.py:2398} INFO - Sync 1 DAGs
[2022-03-25 21:39:01,033] {logging_mixin.py:109} INFO - [2022-03-25 21:39:01,033] {dag.py:2937} INFO - Setting next_dagrun for example_python_operator to None
[2022-03-25 21:39:01,038] {processor.py:171} INFO - Processing /Users/adebolafagbule/opt/anaconda3/envs/airflow_env/lib/python3.8/site-packages/airflow/example_dags/example_python_operator.py took 0.066 seconds
[2022-03-25 23:21:33,436] {processor.py:163} INFO - Started process (PID=26496) to work on /Users/adebolafagbule/opt/anaconda3/envs/airflow_env/lib/python3.8/site-packages/airflow/example_dags/example_python_operator.py
[2022-03-25 23:21:33,437] {processor.py:642} INFO - Processing file /Users/adebolafagbule/opt/anaconda3/envs/airflow_env/lib/python3.8/site-packages/airflow/example_dags/example_python_operator.py for tasks to queue
[2022-03-25 23:21:33,437] {logging_mixin.py:109} INFO - [2022-03-25 23:21:33,437] {dagbag.py:500} INFO - Filling up the DagBag from /Users/adebolafagbule/opt/anaconda3/envs/airflow_env/lib/python3.8/site-packages/airflow/example_dags/example_python_operator.py
[2022-03-25 23:21:33,453] {logging_mixin.py:109} INFO - [2022-03-25 23:21:33,453] {example_python_operator.py:68} WARNING - The virtalenv_python example task requires virtualenv, please install it.
[2022-03-25 23:21:33,477] {processor.py:654} INFO - DAG(s) dict_keys(['example_python_operator']) retrieved from /Users/adebolafagbule/opt/anaconda3/envs/airflow_env/lib/python3.8/site-packages/airflow/example_dags/example_python_operator.py
[2022-03-25 23:21:33,492] {logging_mixin.py:109} INFO - [2022-03-25 23:21:33,492] {dag.py:2398} INFO - Sync 1 DAGs
[2022-03-25 23:21:33,499] {logging_mixin.py:109} INFO - [2022-03-25 23:21:33,499] {dag.py:2937} INFO - Setting next_dagrun for example_python_operator to None
[2022-03-25 23:21:33,505] {processor.py:171} INFO - Processing /Users/adebolafagbule/opt/anaconda3/envs/airflow_env/lib/python3.8/site-packages/airflow/example_dags/example_python_operator.py took 0.070 seconds
[2022-03-25 23:23:03,082] {processor.py:163} INFO - Started process (PID=26626) to work on /Users/adebolafagbule/opt/anaconda3/envs/airflow_env/lib/python3.8/site-packages/airflow/example_dags/example_python_operator.py
[2022-03-25 23:23:03,082] {processor.py:642} INFO - Processing file /Users/adebolafagbule/opt/anaconda3/envs/airflow_env/lib/python3.8/site-packages/airflow/example_dags/example_python_operator.py for tasks to queue
[2022-03-25 23:23:03,083] {logging_mixin.py:109} INFO - [2022-03-25 23:23:03,083] {dagbag.py:500} INFO - Filling up the DagBag from /Users/adebolafagbule/opt/anaconda3/envs/airflow_env/lib/python3.8/site-packages/airflow/example_dags/example_python_operator.py
[2022-03-25 23:23:03,099] {logging_mixin.py:109} INFO - [2022-03-25 23:23:03,099] {example_python_operator.py:68} WARNING - The virtalenv_python example task requires virtualenv, please install it.
[2022-03-25 23:23:03,123] {processor.py:654} INFO - DAG(s) dict_keys(['example_python_operator']) retrieved from /Users/adebolafagbule/opt/anaconda3/envs/airflow_env/lib/python3.8/site-packages/airflow/example_dags/example_python_operator.py
[2022-03-25 23:23:03,137] {logging_mixin.py:109} INFO - [2022-03-25 23:23:03,136] {dag.py:2398} INFO - Sync 1 DAGs
[2022-03-25 23:23:03,143] {logging_mixin.py:109} INFO - [2022-03-25 23:23:03,143] {dag.py:2937} INFO - Setting next_dagrun for example_python_operator to None
[2022-03-25 23:23:03,149] {processor.py:171} INFO - Processing /Users/adebolafagbule/opt/anaconda3/envs/airflow_env/lib/python3.8/site-packages/airflow/example_dags/example_python_operator.py took 0.067 seconds
[2022-03-25 23:24:26,163] {processor.py:163} INFO - Started process (PID=26816) to work on /Users/adebolafagbule/opt/anaconda3/envs/airflow_env/lib/python3.8/site-packages/airflow/example_dags/example_python_operator.py
[2022-03-25 23:24:26,164] {processor.py:642} INFO - Processing file /Users/adebolafagbule/opt/anaconda3/envs/airflow_env/lib/python3.8/site-packages/airflow/example_dags/example_python_operator.py for tasks to queue
[2022-03-25 23:24:26,164] {logging_mixin.py:109} INFO - [2022-03-25 23:24:26,164] {dagbag.py:500} INFO - Filling up the DagBag from /Users/adebolafagbule/opt/anaconda3/envs/airflow_env/lib/python3.8/site-packages/airflow/example_dags/example_python_operator.py
[2022-03-25 23:24:26,187] {logging_mixin.py:109} INFO - [2022-03-25 23:24:26,187] {example_python_operator.py:68} WARNING - The virtalenv_python example task requires virtualenv, please install it.
[2022-03-25 23:24:26,211] {processor.py:654} INFO - DAG(s) dict_keys(['example_python_operator']) retrieved from /Users/adebolafagbule/opt/anaconda3/envs/airflow_env/lib/python3.8/site-packages/airflow/example_dags/example_python_operator.py
[2022-03-25 23:24:26,229] {logging_mixin.py:109} INFO - [2022-03-25 23:24:26,229] {dag.py:2398} INFO - Sync 1 DAGs
[2022-03-25 23:24:26,240] {logging_mixin.py:109} INFO - [2022-03-25 23:24:26,240] {dag.py:2937} INFO - Setting next_dagrun for example_python_operator to None
[2022-03-25 23:24:26,247] {processor.py:171} INFO - Processing /Users/adebolafagbule/opt/anaconda3/envs/airflow_env/lib/python3.8/site-packages/airflow/example_dags/example_python_operator.py took 0.084 seconds
[2022-03-25 23:25:49,255] {processor.py:163} INFO - Started process (PID=26920) to work on /Users/adebolafagbule/opt/anaconda3/envs/airflow_env/lib/python3.8/site-packages/airflow/example_dags/example_python_operator.py
[2022-03-25 23:25:49,256] {processor.py:642} INFO - Processing file /Users/adebolafagbule/opt/anaconda3/envs/airflow_env/lib/python3.8/site-packages/airflow/example_dags/example_python_operator.py for tasks to queue
[2022-03-25 23:25:49,256] {logging_mixin.py:109} INFO - [2022-03-25 23:25:49,256] {dagbag.py:500} INFO - Filling up the DagBag from /Users/adebolafagbule/opt/anaconda3/envs/airflow_env/lib/python3.8/site-packages/airflow/example_dags/example_python_operator.py
[2022-03-25 23:25:49,274] {logging_mixin.py:109} INFO - [2022-03-25 23:25:49,274] {example_python_operator.py:68} WARNING - The virtalenv_python example task requires virtualenv, please install it.
[2022-03-25 23:25:49,297] {processor.py:654} INFO - DAG(s) dict_keys(['example_python_operator']) retrieved from /Users/adebolafagbule/opt/anaconda3/envs/airflow_env/lib/python3.8/site-packages/airflow/example_dags/example_python_operator.py
[2022-03-25 23:25:49,309] {logging_mixin.py:109} INFO - [2022-03-25 23:25:49,309] {dag.py:2398} INFO - Sync 1 DAGs
[2022-03-25 23:25:49,315] {logging_mixin.py:109} INFO - [2022-03-25 23:25:49,315] {dag.py:2937} INFO - Setting next_dagrun for example_python_operator to None
[2022-03-25 23:25:49,321] {processor.py:171} INFO - Processing /Users/adebolafagbule/opt/anaconda3/envs/airflow_env/lib/python3.8/site-packages/airflow/example_dags/example_python_operator.py took 0.067 seconds
[2022-03-25 23:27:10,713] {processor.py:163} INFO - Started process (PID=27018) to work on /Users/adebolafagbule/opt/anaconda3/envs/airflow_env/lib/python3.8/site-packages/airflow/example_dags/example_python_operator.py
[2022-03-25 23:27:10,713] {processor.py:642} INFO - Processing file /Users/adebolafagbule/opt/anaconda3/envs/airflow_env/lib/python3.8/site-packages/airflow/example_dags/example_python_operator.py for tasks to queue
[2022-03-25 23:27:10,713] {logging_mixin.py:109} INFO - [2022-03-25 23:27:10,713] {dagbag.py:500} INFO - Filling up the DagBag from /Users/adebolafagbule/opt/anaconda3/envs/airflow_env/lib/python3.8/site-packages/airflow/example_dags/example_python_operator.py
[2022-03-25 23:27:10,729] {logging_mixin.py:109} INFO - [2022-03-25 23:27:10,729] {example_python_operator.py:68} WARNING - The virtalenv_python example task requires virtualenv, please install it.
[2022-03-25 23:27:10,752] {processor.py:654} INFO - DAG(s) dict_keys(['example_python_operator']) retrieved from /Users/adebolafagbule/opt/anaconda3/envs/airflow_env/lib/python3.8/site-packages/airflow/example_dags/example_python_operator.py
[2022-03-25 23:27:10,765] {logging_mixin.py:109} INFO - [2022-03-25 23:27:10,765] {dag.py:2398} INFO - Sync 1 DAGs
[2022-03-25 23:27:10,772] {logging_mixin.py:109} INFO - [2022-03-25 23:27:10,772] {dag.py:2937} INFO - Setting next_dagrun for example_python_operator to None
[2022-03-25 23:27:10,776] {processor.py:171} INFO - Processing /Users/adebolafagbule/opt/anaconda3/envs/airflow_env/lib/python3.8/site-packages/airflow/example_dags/example_python_operator.py took 0.064 seconds
[2022-03-25 23:28:32,626] {processor.py:163} INFO - Started process (PID=27110) to work on /Users/adebolafagbule/opt/anaconda3/envs/airflow_env/lib/python3.8/site-packages/airflow/example_dags/example_python_operator.py
[2022-03-25 23:28:32,627] {processor.py:642} INFO - Processing file /Users/adebolafagbule/opt/anaconda3/envs/airflow_env/lib/python3.8/site-packages/airflow/example_dags/example_python_operator.py for tasks to queue
[2022-03-25 23:28:32,628] {logging_mixin.py:109} INFO - [2022-03-25 23:28:32,628] {dagbag.py:500} INFO - Filling up the DagBag from /Users/adebolafagbule/opt/anaconda3/envs/airflow_env/lib/python3.8/site-packages/airflow/example_dags/example_python_operator.py
[2022-03-25 23:28:32,655] {logging_mixin.py:109} INFO - [2022-03-25 23:28:32,655] {example_python_operator.py:68} WARNING - The virtalenv_python example task requires virtualenv, please install it.
[2022-03-25 23:28:32,680] {processor.py:654} INFO - DAG(s) dict_keys(['example_python_operator']) retrieved from /Users/adebolafagbule/opt/anaconda3/envs/airflow_env/lib/python3.8/site-packages/airflow/example_dags/example_python_operator.py
[2022-03-25 23:28:32,692] {logging_mixin.py:109} INFO - [2022-03-25 23:28:32,692] {dag.py:2398} INFO - Sync 1 DAGs
[2022-03-25 23:28:32,698] {logging_mixin.py:109} INFO - [2022-03-25 23:28:32,698] {dag.py:2937} INFO - Setting next_dagrun for example_python_operator to None
[2022-03-25 23:28:32,704] {processor.py:171} INFO - Processing /Users/adebolafagbule/opt/anaconda3/envs/airflow_env/lib/python3.8/site-packages/airflow/example_dags/example_python_operator.py took 0.079 seconds
[2022-03-25 23:29:53,540] {processor.py:163} INFO - Started process (PID=27191) to work on /Users/adebolafagbule/opt/anaconda3/envs/airflow_env/lib/python3.8/site-packages/airflow/example_dags/example_python_operator.py
[2022-03-25 23:29:53,541] {processor.py:642} INFO - Processing file /Users/adebolafagbule/opt/anaconda3/envs/airflow_env/lib/python3.8/site-packages/airflow/example_dags/example_python_operator.py for tasks to queue
[2022-03-25 23:29:53,541] {logging_mixin.py:109} INFO - [2022-03-25 23:29:53,541] {dagbag.py:500} INFO - Filling up the DagBag from /Users/adebolafagbule/opt/anaconda3/envs/airflow_env/lib/python3.8/site-packages/airflow/example_dags/example_python_operator.py
[2022-03-25 23:29:53,571] {logging_mixin.py:109} INFO - [2022-03-25 23:29:53,571] {example_python_operator.py:68} WARNING - The virtalenv_python example task requires virtualenv, please install it.
[2022-03-25 23:29:53,597] {processor.py:654} INFO - DAG(s) dict_keys(['example_python_operator']) retrieved from /Users/adebolafagbule/opt/anaconda3/envs/airflow_env/lib/python3.8/site-packages/airflow/example_dags/example_python_operator.py
[2022-03-25 23:29:53,613] {logging_mixin.py:109} INFO - [2022-03-25 23:29:53,613] {dag.py:2398} INFO - Sync 1 DAGs
[2022-03-25 23:29:53,621] {logging_mixin.py:109} INFO - [2022-03-25 23:29:53,621] {dag.py:2937} INFO - Setting next_dagrun for example_python_operator to None
[2022-03-25 23:29:53,626] {processor.py:171} INFO - Processing /Users/adebolafagbule/opt/anaconda3/envs/airflow_env/lib/python3.8/site-packages/airflow/example_dags/example_python_operator.py took 0.086 seconds
[2022-03-25 23:31:22,278] {processor.py:163} INFO - Started process (PID=27305) to work on /Users/adebolafagbule/opt/anaconda3/envs/airflow_env/lib/python3.8/site-packages/airflow/example_dags/example_python_operator.py
[2022-03-25 23:31:22,279] {processor.py:642} INFO - Processing file /Users/adebolafagbule/opt/anaconda3/envs/airflow_env/lib/python3.8/site-packages/airflow/example_dags/example_python_operator.py for tasks to queue
[2022-03-25 23:31:22,279] {logging_mixin.py:109} INFO - [2022-03-25 23:31:22,279] {dagbag.py:500} INFO - Filling up the DagBag from /Users/adebolafagbule/opt/anaconda3/envs/airflow_env/lib/python3.8/site-packages/airflow/example_dags/example_python_operator.py
[2022-03-25 23:31:22,300] {logging_mixin.py:109} INFO - [2022-03-25 23:31:22,300] {example_python_operator.py:68} WARNING - The virtalenv_python example task requires virtualenv, please install it.
[2022-03-25 23:31:22,328] {processor.py:654} INFO - DAG(s) dict_keys(['example_python_operator']) retrieved from /Users/adebolafagbule/opt/anaconda3/envs/airflow_env/lib/python3.8/site-packages/airflow/example_dags/example_python_operator.py
[2022-03-25 23:31:22,342] {logging_mixin.py:109} INFO - [2022-03-25 23:31:22,341] {dag.py:2398} INFO - Sync 1 DAGs
[2022-03-25 23:31:22,348] {logging_mixin.py:109} INFO - [2022-03-25 23:31:22,348] {dag.py:2937} INFO - Setting next_dagrun for example_python_operator to None
[2022-03-25 23:31:22,354] {processor.py:171} INFO - Processing /Users/adebolafagbule/opt/anaconda3/envs/airflow_env/lib/python3.8/site-packages/airflow/example_dags/example_python_operator.py took 0.077 seconds
[2022-03-25 23:32:45,221] {processor.py:163} INFO - Started process (PID=27391) to work on /Users/adebolafagbule/opt/anaconda3/envs/airflow_env/lib/python3.8/site-packages/airflow/example_dags/example_python_operator.py
[2022-03-25 23:32:45,223] {processor.py:642} INFO - Processing file /Users/adebolafagbule/opt/anaconda3/envs/airflow_env/lib/python3.8/site-packages/airflow/example_dags/example_python_operator.py for tasks to queue
[2022-03-25 23:32:45,224] {logging_mixin.py:109} INFO - [2022-03-25 23:32:45,224] {dagbag.py:500} INFO - Filling up the DagBag from /Users/adebolafagbule/opt/anaconda3/envs/airflow_env/lib/python3.8/site-packages/airflow/example_dags/example_python_operator.py
[2022-03-25 23:32:45,243] {logging_mixin.py:109} INFO - [2022-03-25 23:32:45,243] {example_python_operator.py:68} WARNING - The virtalenv_python example task requires virtualenv, please install it.
[2022-03-25 23:32:45,268] {processor.py:654} INFO - DAG(s) dict_keys(['example_python_operator']) retrieved from /Users/adebolafagbule/opt/anaconda3/envs/airflow_env/lib/python3.8/site-packages/airflow/example_dags/example_python_operator.py
[2022-03-25 23:32:45,281] {logging_mixin.py:109} INFO - [2022-03-25 23:32:45,281] {dag.py:2398} INFO - Sync 1 DAGs
[2022-03-25 23:32:45,288] {logging_mixin.py:109} INFO - [2022-03-25 23:32:45,288] {dag.py:2937} INFO - Setting next_dagrun for example_python_operator to None
[2022-03-25 23:32:45,294] {processor.py:171} INFO - Processing /Users/adebolafagbule/opt/anaconda3/envs/airflow_env/lib/python3.8/site-packages/airflow/example_dags/example_python_operator.py took 0.073 seconds
