[2022-03-25 20:24:52,996] {processor.py:163} INFO - Started process (PID=26289) to work on /Users/adebolafagbule/opt/anaconda3/envs/airflow_env/lib/python3.8/site-packages/airflow/example_dags/example_bash_operator.py
[2022-03-25 20:24:52,997] {processor.py:642} INFO - Processing file /Users/adebolafagbule/opt/anaconda3/envs/airflow_env/lib/python3.8/site-packages/airflow/example_dags/example_bash_operator.py for tasks to queue
[2022-03-25 20:24:52,997] {logging_mixin.py:109} INFO - [2022-03-25 20:24:52,997] {dagbag.py:500} INFO - Filling up the DagBag from /Users/adebolafagbule/opt/anaconda3/envs/airflow_env/lib/python3.8/site-packages/airflow/example_dags/example_bash_operator.py
[2022-03-25 20:24:53,070] {processor.py:654} INFO - DAG(s) dict_keys(['example_bash_operator']) retrieved from /Users/adebolafagbule/opt/anaconda3/envs/airflow_env/lib/python3.8/site-packages/airflow/example_dags/example_bash_operator.py
[2022-03-25 20:24:53,105] {logging_mixin.py:109} INFO - [2022-03-25 20:24:53,104] {dag.py:2398} INFO - Sync 1 DAGs
[2022-03-25 20:24:53,127] {logging_mixin.py:109} INFO - [2022-03-25 20:24:53,127] {dag.py:2937} INFO - Setting next_dagrun for example_bash_operator to 2022-03-25 00:00:00+00:00
[2022-03-25 20:24:53,140] {processor.py:171} INFO - Processing /Users/adebolafagbule/opt/anaconda3/envs/airflow_env/lib/python3.8/site-packages/airflow/example_dags/example_bash_operator.py took 0.145 seconds
[2022-03-25 23:21:47,151] {processor.py:163} INFO - Started process (PID=26529) to work on /Users/adebolafagbule/opt/anaconda3/envs/airflow_env/lib/python3.8/site-packages/airflow/example_dags/example_bash_operator.py
[2022-03-25 23:21:47,151] {processor.py:642} INFO - Processing file /Users/adebolafagbule/opt/anaconda3/envs/airflow_env/lib/python3.8/site-packages/airflow/example_dags/example_bash_operator.py for tasks to queue
[2022-03-25 23:21:47,152] {logging_mixin.py:109} INFO - [2022-03-25 23:21:47,152] {dagbag.py:500} INFO - Filling up the DagBag from /Users/adebolafagbule/opt/anaconda3/envs/airflow_env/lib/python3.8/site-packages/airflow/example_dags/example_bash_operator.py
[2022-03-25 23:21:47,187] {processor.py:654} INFO - DAG(s) dict_keys(['example_bash_operator']) retrieved from /Users/adebolafagbule/opt/anaconda3/envs/airflow_env/lib/python3.8/site-packages/airflow/example_dags/example_bash_operator.py
[2022-03-25 23:21:47,203] {logging_mixin.py:109} INFO - [2022-03-25 23:21:47,203] {dag.py:2398} INFO - Sync 1 DAGs
[2022-03-25 23:21:47,228] {logging_mixin.py:109} INFO - [2022-03-25 23:21:47,228] {dag.py:2937} INFO - Setting next_dagrun for example_bash_operator to 2022-03-25 00:00:00+00:00
[2022-03-25 23:21:47,236] {processor.py:171} INFO - Processing /Users/adebolafagbule/opt/anaconda3/envs/airflow_env/lib/python3.8/site-packages/airflow/example_dags/example_bash_operator.py took 0.085 seconds
[2022-03-25 23:23:16,813] {processor.py:163} INFO - Started process (PID=26651) to work on /Users/adebolafagbule/opt/anaconda3/envs/airflow_env/lib/python3.8/site-packages/airflow/example_dags/example_bash_operator.py
[2022-03-25 23:23:16,813] {processor.py:642} INFO - Processing file /Users/adebolafagbule/opt/anaconda3/envs/airflow_env/lib/python3.8/site-packages/airflow/example_dags/example_bash_operator.py for tasks to queue
[2022-03-25 23:23:16,814] {logging_mixin.py:109} INFO - [2022-03-25 23:23:16,814] {dagbag.py:500} INFO - Filling up the DagBag from /Users/adebolafagbule/opt/anaconda3/envs/airflow_env/lib/python3.8/site-packages/airflow/example_dags/example_bash_operator.py
[2022-03-25 23:23:16,845] {processor.py:654} INFO - DAG(s) dict_keys(['example_bash_operator']) retrieved from /Users/adebolafagbule/opt/anaconda3/envs/airflow_env/lib/python3.8/site-packages/airflow/example_dags/example_bash_operator.py
[2022-03-25 23:23:16,860] {logging_mixin.py:109} INFO - [2022-03-25 23:23:16,860] {dag.py:2398} INFO - Sync 1 DAGs
[2022-03-25 23:23:16,869] {logging_mixin.py:109} INFO - [2022-03-25 23:23:16,869] {dag.py:2937} INFO - Setting next_dagrun for example_bash_operator to 2022-03-25 00:00:00+00:00
[2022-03-25 23:23:16,875] {processor.py:171} INFO - Processing /Users/adebolafagbule/opt/anaconda3/envs/airflow_env/lib/python3.8/site-packages/airflow/example_dags/example_bash_operator.py took 0.062 seconds
[2022-03-25 23:24:39,054] {processor.py:163} INFO - Started process (PID=26829) to work on /Users/adebolafagbule/opt/anaconda3/envs/airflow_env/lib/python3.8/site-packages/airflow/example_dags/example_bash_operator.py
[2022-03-25 23:24:39,054] {processor.py:642} INFO - Processing file /Users/adebolafagbule/opt/anaconda3/envs/airflow_env/lib/python3.8/site-packages/airflow/example_dags/example_bash_operator.py for tasks to queue
[2022-03-25 23:24:39,054] {logging_mixin.py:109} INFO - [2022-03-25 23:24:39,054] {dagbag.py:500} INFO - Filling up the DagBag from /Users/adebolafagbule/opt/anaconda3/envs/airflow_env/lib/python3.8/site-packages/airflow/example_dags/example_bash_operator.py
[2022-03-25 23:24:39,097] {processor.py:654} INFO - DAG(s) dict_keys(['example_bash_operator']) retrieved from /Users/adebolafagbule/opt/anaconda3/envs/airflow_env/lib/python3.8/site-packages/airflow/example_dags/example_bash_operator.py
[2022-03-25 23:24:39,110] {logging_mixin.py:109} INFO - [2022-03-25 23:24:39,110] {dag.py:2398} INFO - Sync 1 DAGs
[2022-03-25 23:24:39,119] {logging_mixin.py:109} INFO - [2022-03-25 23:24:39,118] {dag.py:2937} INFO - Setting next_dagrun for example_bash_operator to 2022-03-25 00:00:00+00:00
[2022-03-25 23:24:39,124] {processor.py:171} INFO - Processing /Users/adebolafagbule/opt/anaconda3/envs/airflow_env/lib/python3.8/site-packages/airflow/example_dags/example_bash_operator.py took 0.070 seconds
[2022-03-25 23:26:01,576] {processor.py:163} INFO - Started process (PID=26933) to work on /Users/adebolafagbule/opt/anaconda3/envs/airflow_env/lib/python3.8/site-packages/airflow/example_dags/example_bash_operator.py
[2022-03-25 23:26:01,577] {processor.py:642} INFO - Processing file /Users/adebolafagbule/opt/anaconda3/envs/airflow_env/lib/python3.8/site-packages/airflow/example_dags/example_bash_operator.py for tasks to queue
[2022-03-25 23:26:01,577] {logging_mixin.py:109} INFO - [2022-03-25 23:26:01,577] {dagbag.py:500} INFO - Filling up the DagBag from /Users/adebolafagbule/opt/anaconda3/envs/airflow_env/lib/python3.8/site-packages/airflow/example_dags/example_bash_operator.py
[2022-03-25 23:26:01,606] {processor.py:654} INFO - DAG(s) dict_keys(['example_bash_operator']) retrieved from /Users/adebolafagbule/opt/anaconda3/envs/airflow_env/lib/python3.8/site-packages/airflow/example_dags/example_bash_operator.py
[2022-03-25 23:26:01,619] {logging_mixin.py:109} INFO - [2022-03-25 23:26:01,619] {dag.py:2398} INFO - Sync 1 DAGs
[2022-03-25 23:26:01,628] {logging_mixin.py:109} INFO - [2022-03-25 23:26:01,628] {dag.py:2937} INFO - Setting next_dagrun for example_bash_operator to 2022-03-25 00:00:00+00:00
[2022-03-25 23:26:01,633] {processor.py:171} INFO - Processing /Users/adebolafagbule/opt/anaconda3/envs/airflow_env/lib/python3.8/site-packages/airflow/example_dags/example_bash_operator.py took 0.058 seconds
[2022-03-25 23:27:23,706] {processor.py:163} INFO - Started process (PID=27036) to work on /Users/adebolafagbule/opt/anaconda3/envs/airflow_env/lib/python3.8/site-packages/airflow/example_dags/example_bash_operator.py
[2022-03-25 23:27:23,707] {processor.py:642} INFO - Processing file /Users/adebolafagbule/opt/anaconda3/envs/airflow_env/lib/python3.8/site-packages/airflow/example_dags/example_bash_operator.py for tasks to queue
[2022-03-25 23:27:23,707] {logging_mixin.py:109} INFO - [2022-03-25 23:27:23,707] {dagbag.py:500} INFO - Filling up the DagBag from /Users/adebolafagbule/opt/anaconda3/envs/airflow_env/lib/python3.8/site-packages/airflow/example_dags/example_bash_operator.py
[2022-03-25 23:27:23,739] {processor.py:654} INFO - DAG(s) dict_keys(['example_bash_operator']) retrieved from /Users/adebolafagbule/opt/anaconda3/envs/airflow_env/lib/python3.8/site-packages/airflow/example_dags/example_bash_operator.py
[2022-03-25 23:27:23,753] {logging_mixin.py:109} INFO - [2022-03-25 23:27:23,753] {dag.py:2398} INFO - Sync 1 DAGs
[2022-03-25 23:27:23,762] {logging_mixin.py:109} INFO - [2022-03-25 23:27:23,762] {dag.py:2937} INFO - Setting next_dagrun for example_bash_operator to 2022-03-25 00:00:00+00:00
[2022-03-25 23:27:23,768] {processor.py:171} INFO - Processing /Users/adebolafagbule/opt/anaconda3/envs/airflow_env/lib/python3.8/site-packages/airflow/example_dags/example_bash_operator.py took 0.062 seconds
[2022-03-25 23:28:45,366] {processor.py:163} INFO - Started process (PID=27122) to work on /Users/adebolafagbule/opt/anaconda3/envs/airflow_env/lib/python3.8/site-packages/airflow/example_dags/example_bash_operator.py
[2022-03-25 23:28:45,368] {processor.py:642} INFO - Processing file /Users/adebolafagbule/opt/anaconda3/envs/airflow_env/lib/python3.8/site-packages/airflow/example_dags/example_bash_operator.py for tasks to queue
[2022-03-25 23:28:45,368] {logging_mixin.py:109} INFO - [2022-03-25 23:28:45,368] {dagbag.py:500} INFO - Filling up the DagBag from /Users/adebolafagbule/opt/anaconda3/envs/airflow_env/lib/python3.8/site-packages/airflow/example_dags/example_bash_operator.py
[2022-03-25 23:28:45,406] {processor.py:654} INFO - DAG(s) dict_keys(['example_bash_operator']) retrieved from /Users/adebolafagbule/opt/anaconda3/envs/airflow_env/lib/python3.8/site-packages/airflow/example_dags/example_bash_operator.py
[2022-03-25 23:28:45,421] {logging_mixin.py:109} INFO - [2022-03-25 23:28:45,421] {dag.py:2398} INFO - Sync 1 DAGs
[2022-03-25 23:28:45,432] {logging_mixin.py:109} INFO - [2022-03-25 23:28:45,432] {dag.py:2937} INFO - Setting next_dagrun for example_bash_operator to 2022-03-25 00:00:00+00:00
[2022-03-25 23:28:45,437] {processor.py:171} INFO - Processing /Users/adebolafagbule/opt/anaconda3/envs/airflow_env/lib/python3.8/site-packages/airflow/example_dags/example_bash_operator.py took 0.072 seconds
[2022-03-25 23:30:07,795] {processor.py:163} INFO - Started process (PID=27214) to work on /Users/adebolafagbule/opt/anaconda3/envs/airflow_env/lib/python3.8/site-packages/airflow/example_dags/example_bash_operator.py
[2022-03-25 23:30:07,795] {processor.py:642} INFO - Processing file /Users/adebolafagbule/opt/anaconda3/envs/airflow_env/lib/python3.8/site-packages/airflow/example_dags/example_bash_operator.py for tasks to queue
[2022-03-25 23:30:07,796] {logging_mixin.py:109} INFO - [2022-03-25 23:30:07,796] {dagbag.py:500} INFO - Filling up the DagBag from /Users/adebolafagbule/opt/anaconda3/envs/airflow_env/lib/python3.8/site-packages/airflow/example_dags/example_bash_operator.py
[2022-03-25 23:30:07,828] {processor.py:654} INFO - DAG(s) dict_keys(['example_bash_operator']) retrieved from /Users/adebolafagbule/opt/anaconda3/envs/airflow_env/lib/python3.8/site-packages/airflow/example_dags/example_bash_operator.py
[2022-03-25 23:30:07,877] {logging_mixin.py:109} INFO - [2022-03-25 23:30:07,877] {dag.py:2398} INFO - Sync 1 DAGs
[2022-03-25 23:30:07,888] {logging_mixin.py:109} INFO - [2022-03-25 23:30:07,888] {dag.py:2937} INFO - Setting next_dagrun for example_bash_operator to 2022-03-25 00:00:00+00:00
[2022-03-25 23:30:07,894] {processor.py:171} INFO - Processing /Users/adebolafagbule/opt/anaconda3/envs/airflow_env/lib/python3.8/site-packages/airflow/example_dags/example_bash_operator.py took 0.099 seconds
[2022-03-25 23:31:35,150] {processor.py:163} INFO - Started process (PID=27319) to work on /Users/adebolafagbule/opt/anaconda3/envs/airflow_env/lib/python3.8/site-packages/airflow/example_dags/example_bash_operator.py
[2022-03-25 23:31:35,151] {processor.py:642} INFO - Processing file /Users/adebolafagbule/opt/anaconda3/envs/airflow_env/lib/python3.8/site-packages/airflow/example_dags/example_bash_operator.py for tasks to queue
[2022-03-25 23:31:35,152] {logging_mixin.py:109} INFO - [2022-03-25 23:31:35,152] {dagbag.py:500} INFO - Filling up the DagBag from /Users/adebolafagbule/opt/anaconda3/envs/airflow_env/lib/python3.8/site-packages/airflow/example_dags/example_bash_operator.py
[2022-03-25 23:31:35,183] {processor.py:654} INFO - DAG(s) dict_keys(['example_bash_operator']) retrieved from /Users/adebolafagbule/opt/anaconda3/envs/airflow_env/lib/python3.8/site-packages/airflow/example_dags/example_bash_operator.py
[2022-03-25 23:31:35,197] {logging_mixin.py:109} INFO - [2022-03-25 23:31:35,197] {dag.py:2398} INFO - Sync 1 DAGs
[2022-03-25 23:31:35,206] {logging_mixin.py:109} INFO - [2022-03-25 23:31:35,205] {dag.py:2937} INFO - Setting next_dagrun for example_bash_operator to 2022-03-25 00:00:00+00:00
[2022-03-25 23:31:35,211] {processor.py:171} INFO - Processing /Users/adebolafagbule/opt/anaconda3/envs/airflow_env/lib/python3.8/site-packages/airflow/example_dags/example_bash_operator.py took 0.061 seconds
[2022-03-25 23:32:57,826] {processor.py:163} INFO - Started process (PID=27404) to work on /Users/adebolafagbule/opt/anaconda3/envs/airflow_env/lib/python3.8/site-packages/airflow/example_dags/example_bash_operator.py
[2022-03-25 23:32:57,827] {processor.py:642} INFO - Processing file /Users/adebolafagbule/opt/anaconda3/envs/airflow_env/lib/python3.8/site-packages/airflow/example_dags/example_bash_operator.py for tasks to queue
[2022-03-25 23:32:57,827] {logging_mixin.py:109} INFO - [2022-03-25 23:32:57,827] {dagbag.py:500} INFO - Filling up the DagBag from /Users/adebolafagbule/opt/anaconda3/envs/airflow_env/lib/python3.8/site-packages/airflow/example_dags/example_bash_operator.py
[2022-03-25 23:32:57,861] {processor.py:654} INFO - DAG(s) dict_keys(['example_bash_operator']) retrieved from /Users/adebolafagbule/opt/anaconda3/envs/airflow_env/lib/python3.8/site-packages/airflow/example_dags/example_bash_operator.py
[2022-03-25 23:32:57,874] {logging_mixin.py:109} INFO - [2022-03-25 23:32:57,874] {dag.py:2398} INFO - Sync 1 DAGs
[2022-03-25 23:32:57,882] {logging_mixin.py:109} INFO - [2022-03-25 23:32:57,882] {dag.py:2937} INFO - Setting next_dagrun for example_bash_operator to 2022-03-25 00:00:00+00:00
[2022-03-25 23:32:57,888] {processor.py:171} INFO - Processing /Users/adebolafagbule/opt/anaconda3/envs/airflow_env/lib/python3.8/site-packages/airflow/example_dags/example_bash_operator.py took 0.063 seconds
