[2022-03-25 21:38:57,151] {processor.py:163} INFO - Started process (PID=26354) to work on /Users/adebolafagbule/opt/anaconda3/envs/airflow_env/lib/python3.8/site-packages/airflow/example_dags/example_skip_dag.py
[2022-03-25 21:38:57,151] {processor.py:642} INFO - Processing file /Users/adebolafagbule/opt/anaconda3/envs/airflow_env/lib/python3.8/site-packages/airflow/example_dags/example_skip_dag.py for tasks to queue
[2022-03-25 21:38:57,151] {logging_mixin.py:109} INFO - [2022-03-25 21:38:57,151] {dagbag.py:500} INFO - Filling up the DagBag from /Users/adebolafagbule/opt/anaconda3/envs/airflow_env/lib/python3.8/site-packages/airflow/example_dags/example_skip_dag.py
[2022-03-25 21:38:57,178] {processor.py:654} INFO - DAG(s) dict_keys(['example_skip_dag']) retrieved from /Users/adebolafagbule/opt/anaconda3/envs/airflow_env/lib/python3.8/site-packages/airflow/example_dags/example_skip_dag.py
[2022-03-25 21:38:57,191] {logging_mixin.py:109} INFO - [2022-03-25 21:38:57,191] {dag.py:2398} INFO - Sync 1 DAGs
[2022-03-25 21:38:57,199] {logging_mixin.py:109} INFO - [2022-03-25 21:38:57,199] {dag.py:2937} INFO - Setting next_dagrun for example_skip_dag to 2022-03-25T01:38:57.198998+00:00
[2022-03-25 21:38:57,204] {processor.py:171} INFO - Processing /Users/adebolafagbule/opt/anaconda3/envs/airflow_env/lib/python3.8/site-packages/airflow/example_dags/example_skip_dag.py took 0.054 seconds
[2022-03-25 23:21:28,508] {processor.py:163} INFO - Started process (PID=26484) to work on /Users/adebolafagbule/opt/anaconda3/envs/airflow_env/lib/python3.8/site-packages/airflow/example_dags/example_skip_dag.py
[2022-03-25 23:21:28,509] {processor.py:642} INFO - Processing file /Users/adebolafagbule/opt/anaconda3/envs/airflow_env/lib/python3.8/site-packages/airflow/example_dags/example_skip_dag.py for tasks to queue
[2022-03-25 23:21:28,509] {logging_mixin.py:109} INFO - [2022-03-25 23:21:28,509] {dagbag.py:500} INFO - Filling up the DagBag from /Users/adebolafagbule/opt/anaconda3/envs/airflow_env/lib/python3.8/site-packages/airflow/example_dags/example_skip_dag.py
[2022-03-25 23:21:28,546] {processor.py:654} INFO - DAG(s) dict_keys(['example_skip_dag']) retrieved from /Users/adebolafagbule/opt/anaconda3/envs/airflow_env/lib/python3.8/site-packages/airflow/example_dags/example_skip_dag.py
[2022-03-25 23:21:28,565] {logging_mixin.py:109} INFO - [2022-03-25 23:21:28,564] {dag.py:2398} INFO - Sync 1 DAGs
[2022-03-25 23:21:28,577] {logging_mixin.py:109} INFO - [2022-03-25 23:21:28,577] {dag.py:2937} INFO - Setting next_dagrun for example_skip_dag to 2022-03-25T03:21:28.577666+00:00
[2022-03-25 23:21:28,586] {processor.py:171} INFO - Processing /Users/adebolafagbule/opt/anaconda3/envs/airflow_env/lib/python3.8/site-packages/airflow/example_dags/example_skip_dag.py took 0.078 seconds
[2022-03-25 23:22:59,111] {processor.py:163} INFO - Started process (PID=26621) to work on /Users/adebolafagbule/opt/anaconda3/envs/airflow_env/lib/python3.8/site-packages/airflow/example_dags/example_skip_dag.py
[2022-03-25 23:22:59,112] {processor.py:642} INFO - Processing file /Users/adebolafagbule/opt/anaconda3/envs/airflow_env/lib/python3.8/site-packages/airflow/example_dags/example_skip_dag.py for tasks to queue
[2022-03-25 23:22:59,112] {logging_mixin.py:109} INFO - [2022-03-25 23:22:59,112] {dagbag.py:500} INFO - Filling up the DagBag from /Users/adebolafagbule/opt/anaconda3/envs/airflow_env/lib/python3.8/site-packages/airflow/example_dags/example_skip_dag.py
[2022-03-25 23:22:59,140] {processor.py:654} INFO - DAG(s) dict_keys(['example_skip_dag']) retrieved from /Users/adebolafagbule/opt/anaconda3/envs/airflow_env/lib/python3.8/site-packages/airflow/example_dags/example_skip_dag.py
[2022-03-25 23:22:59,154] {logging_mixin.py:109} INFO - [2022-03-25 23:22:59,154] {dag.py:2398} INFO - Sync 1 DAGs
[2022-03-25 23:22:59,163] {logging_mixin.py:109} INFO - [2022-03-25 23:22:59,163] {dag.py:2937} INFO - Setting next_dagrun for example_skip_dag to 2022-03-25T03:22:59.163770+00:00
[2022-03-25 23:22:59,169] {processor.py:171} INFO - Processing /Users/adebolafagbule/opt/anaconda3/envs/airflow_env/lib/python3.8/site-packages/airflow/example_dags/example_skip_dag.py took 0.059 seconds
[2022-03-25 23:24:21,671] {processor.py:163} INFO - Started process (PID=26812) to work on /Users/adebolafagbule/opt/anaconda3/envs/airflow_env/lib/python3.8/site-packages/airflow/example_dags/example_skip_dag.py
[2022-03-25 23:24:21,671] {processor.py:642} INFO - Processing file /Users/adebolafagbule/opt/anaconda3/envs/airflow_env/lib/python3.8/site-packages/airflow/example_dags/example_skip_dag.py for tasks to queue
[2022-03-25 23:24:21,672] {logging_mixin.py:109} INFO - [2022-03-25 23:24:21,672] {dagbag.py:500} INFO - Filling up the DagBag from /Users/adebolafagbule/opt/anaconda3/envs/airflow_env/lib/python3.8/site-packages/airflow/example_dags/example_skip_dag.py
[2022-03-25 23:24:21,703] {processor.py:654} INFO - DAG(s) dict_keys(['example_skip_dag']) retrieved from /Users/adebolafagbule/opt/anaconda3/envs/airflow_env/lib/python3.8/site-packages/airflow/example_dags/example_skip_dag.py
[2022-03-25 23:24:21,718] {logging_mixin.py:109} INFO - [2022-03-25 23:24:21,718] {dag.py:2398} INFO - Sync 1 DAGs
[2022-03-25 23:24:21,726] {logging_mixin.py:109} INFO - [2022-03-25 23:24:21,726] {dag.py:2937} INFO - Setting next_dagrun for example_skip_dag to 2022-03-25T03:24:21.726746+00:00
[2022-03-25 23:24:21,732] {processor.py:171} INFO - Processing /Users/adebolafagbule/opt/anaconda3/envs/airflow_env/lib/python3.8/site-packages/airflow/example_dags/example_skip_dag.py took 0.061 seconds
[2022-03-25 23:25:44,717] {processor.py:163} INFO - Started process (PID=26916) to work on /Users/adebolafagbule/opt/anaconda3/envs/airflow_env/lib/python3.8/site-packages/airflow/example_dags/example_skip_dag.py
[2022-03-25 23:25:44,719] {processor.py:642} INFO - Processing file /Users/adebolafagbule/opt/anaconda3/envs/airflow_env/lib/python3.8/site-packages/airflow/example_dags/example_skip_dag.py for tasks to queue
[2022-03-25 23:25:44,720] {logging_mixin.py:109} INFO - [2022-03-25 23:25:44,720] {dagbag.py:500} INFO - Filling up the DagBag from /Users/adebolafagbule/opt/anaconda3/envs/airflow_env/lib/python3.8/site-packages/airflow/example_dags/example_skip_dag.py
[2022-03-25 23:25:44,751] {processor.py:654} INFO - DAG(s) dict_keys(['example_skip_dag']) retrieved from /Users/adebolafagbule/opt/anaconda3/envs/airflow_env/lib/python3.8/site-packages/airflow/example_dags/example_skip_dag.py
[2022-03-25 23:25:44,764] {logging_mixin.py:109} INFO - [2022-03-25 23:25:44,764] {dag.py:2398} INFO - Sync 1 DAGs
[2022-03-25 23:25:44,773] {logging_mixin.py:109} INFO - [2022-03-25 23:25:44,773] {dag.py:2937} INFO - Setting next_dagrun for example_skip_dag to 2022-03-25T03:25:44.773190+00:00
[2022-03-25 23:25:44,779] {processor.py:171} INFO - Processing /Users/adebolafagbule/opt/anaconda3/envs/airflow_env/lib/python3.8/site-packages/airflow/example_dags/example_skip_dag.py took 0.062 seconds
[2022-03-25 23:27:06,029] {processor.py:163} INFO - Started process (PID=27014) to work on /Users/adebolafagbule/opt/anaconda3/envs/airflow_env/lib/python3.8/site-packages/airflow/example_dags/example_skip_dag.py
[2022-03-25 23:27:06,029] {processor.py:642} INFO - Processing file /Users/adebolafagbule/opt/anaconda3/envs/airflow_env/lib/python3.8/site-packages/airflow/example_dags/example_skip_dag.py for tasks to queue
[2022-03-25 23:27:06,029] {logging_mixin.py:109} INFO - [2022-03-25 23:27:06,029] {dagbag.py:500} INFO - Filling up the DagBag from /Users/adebolafagbule/opt/anaconda3/envs/airflow_env/lib/python3.8/site-packages/airflow/example_dags/example_skip_dag.py
[2022-03-25 23:27:06,058] {processor.py:654} INFO - DAG(s) dict_keys(['example_skip_dag']) retrieved from /Users/adebolafagbule/opt/anaconda3/envs/airflow_env/lib/python3.8/site-packages/airflow/example_dags/example_skip_dag.py
[2022-03-25 23:27:06,072] {logging_mixin.py:109} INFO - [2022-03-25 23:27:06,072] {dag.py:2398} INFO - Sync 1 DAGs
[2022-03-25 23:27:06,080] {logging_mixin.py:109} INFO - [2022-03-25 23:27:06,080] {dag.py:2937} INFO - Setting next_dagrun for example_skip_dag to 2022-03-25T03:27:06.080349+00:00
[2022-03-25 23:27:06,085] {processor.py:171} INFO - Processing /Users/adebolafagbule/opt/anaconda3/envs/airflow_env/lib/python3.8/site-packages/airflow/example_dags/example_skip_dag.py took 0.057 seconds
[2022-03-25 23:28:28,649] {processor.py:163} INFO - Started process (PID=27106) to work on /Users/adebolafagbule/opt/anaconda3/envs/airflow_env/lib/python3.8/site-packages/airflow/example_dags/example_skip_dag.py
[2022-03-25 23:28:28,650] {processor.py:642} INFO - Processing file /Users/adebolafagbule/opt/anaconda3/envs/airflow_env/lib/python3.8/site-packages/airflow/example_dags/example_skip_dag.py for tasks to queue
[2022-03-25 23:28:28,651] {logging_mixin.py:109} INFO - [2022-03-25 23:28:28,651] {dagbag.py:500} INFO - Filling up the DagBag from /Users/adebolafagbule/opt/anaconda3/envs/airflow_env/lib/python3.8/site-packages/airflow/example_dags/example_skip_dag.py
[2022-03-25 23:28:28,690] {processor.py:654} INFO - DAG(s) dict_keys(['example_skip_dag']) retrieved from /Users/adebolafagbule/opt/anaconda3/envs/airflow_env/lib/python3.8/site-packages/airflow/example_dags/example_skip_dag.py
[2022-03-25 23:28:28,704] {logging_mixin.py:109} INFO - [2022-03-25 23:28:28,704] {dag.py:2398} INFO - Sync 1 DAGs
[2022-03-25 23:28:28,711] {logging_mixin.py:109} INFO - [2022-03-25 23:28:28,711] {dag.py:2937} INFO - Setting next_dagrun for example_skip_dag to 2022-03-25T03:28:28.711724+00:00
[2022-03-25 23:28:28,717] {processor.py:171} INFO - Processing /Users/adebolafagbule/opt/anaconda3/envs/airflow_env/lib/python3.8/site-packages/airflow/example_dags/example_skip_dag.py took 0.069 seconds
[2022-03-25 23:29:48,673] {processor.py:163} INFO - Started process (PID=27187) to work on /Users/adebolafagbule/opt/anaconda3/envs/airflow_env/lib/python3.8/site-packages/airflow/example_dags/example_skip_dag.py
[2022-03-25 23:29:48,674] {processor.py:642} INFO - Processing file /Users/adebolafagbule/opt/anaconda3/envs/airflow_env/lib/python3.8/site-packages/airflow/example_dags/example_skip_dag.py for tasks to queue
[2022-03-25 23:29:48,675] {logging_mixin.py:109} INFO - [2022-03-25 23:29:48,675] {dagbag.py:500} INFO - Filling up the DagBag from /Users/adebolafagbule/opt/anaconda3/envs/airflow_env/lib/python3.8/site-packages/airflow/example_dags/example_skip_dag.py
[2022-03-25 23:29:48,703] {processor.py:654} INFO - DAG(s) dict_keys(['example_skip_dag']) retrieved from /Users/adebolafagbule/opt/anaconda3/envs/airflow_env/lib/python3.8/site-packages/airflow/example_dags/example_skip_dag.py
[2022-03-25 23:29:48,716] {logging_mixin.py:109} INFO - [2022-03-25 23:29:48,716] {dag.py:2398} INFO - Sync 1 DAGs
[2022-03-25 23:29:48,724] {logging_mixin.py:109} INFO - [2022-03-25 23:29:48,724] {dag.py:2937} INFO - Setting next_dagrun for example_skip_dag to 2022-03-25T03:29:48.724645+00:00
[2022-03-25 23:29:48,732] {processor.py:171} INFO - Processing /Users/adebolafagbule/opt/anaconda3/envs/airflow_env/lib/python3.8/site-packages/airflow/example_dags/example_skip_dag.py took 0.059 seconds
[2022-03-25 23:31:17,410] {processor.py:163} INFO - Started process (PID=27301) to work on /Users/adebolafagbule/opt/anaconda3/envs/airflow_env/lib/python3.8/site-packages/airflow/example_dags/example_skip_dag.py
[2022-03-25 23:31:17,411] {processor.py:642} INFO - Processing file /Users/adebolafagbule/opt/anaconda3/envs/airflow_env/lib/python3.8/site-packages/airflow/example_dags/example_skip_dag.py for tasks to queue
[2022-03-25 23:31:17,412] {logging_mixin.py:109} INFO - [2022-03-25 23:31:17,412] {dagbag.py:500} INFO - Filling up the DagBag from /Users/adebolafagbule/opt/anaconda3/envs/airflow_env/lib/python3.8/site-packages/airflow/example_dags/example_skip_dag.py
[2022-03-25 23:31:17,438] {processor.py:654} INFO - DAG(s) dict_keys(['example_skip_dag']) retrieved from /Users/adebolafagbule/opt/anaconda3/envs/airflow_env/lib/python3.8/site-packages/airflow/example_dags/example_skip_dag.py
[2022-03-25 23:31:17,451] {logging_mixin.py:109} INFO - [2022-03-25 23:31:17,451] {dag.py:2398} INFO - Sync 1 DAGs
[2022-03-25 23:31:17,459] {logging_mixin.py:109} INFO - [2022-03-25 23:31:17,459] {dag.py:2937} INFO - Setting next_dagrun for example_skip_dag to 2022-03-25T03:31:17.459051+00:00
[2022-03-25 23:31:17,466] {processor.py:171} INFO - Processing /Users/adebolafagbule/opt/anaconda3/envs/airflow_env/lib/python3.8/site-packages/airflow/example_dags/example_skip_dag.py took 0.056 seconds
[2022-03-25 23:32:41,026] {processor.py:163} INFO - Started process (PID=27387) to work on /Users/adebolafagbule/opt/anaconda3/envs/airflow_env/lib/python3.8/site-packages/airflow/example_dags/example_skip_dag.py
[2022-03-25 23:32:41,027] {processor.py:642} INFO - Processing file /Users/adebolafagbule/opt/anaconda3/envs/airflow_env/lib/python3.8/site-packages/airflow/example_dags/example_skip_dag.py for tasks to queue
[2022-03-25 23:32:41,027] {logging_mixin.py:109} INFO - [2022-03-25 23:32:41,027] {dagbag.py:500} INFO - Filling up the DagBag from /Users/adebolafagbule/opt/anaconda3/envs/airflow_env/lib/python3.8/site-packages/airflow/example_dags/example_skip_dag.py
[2022-03-25 23:32:41,056] {processor.py:654} INFO - DAG(s) dict_keys(['example_skip_dag']) retrieved from /Users/adebolafagbule/opt/anaconda3/envs/airflow_env/lib/python3.8/site-packages/airflow/example_dags/example_skip_dag.py
[2022-03-25 23:32:41,072] {logging_mixin.py:109} INFO - [2022-03-25 23:32:41,071] {dag.py:2398} INFO - Sync 1 DAGs
[2022-03-25 23:32:41,080] {logging_mixin.py:109} INFO - [2022-03-25 23:32:41,080] {dag.py:2937} INFO - Setting next_dagrun for example_skip_dag to 2022-03-25T03:32:41.079874+00:00
[2022-03-25 23:32:41,085] {processor.py:171} INFO - Processing /Users/adebolafagbule/opt/anaconda3/envs/airflow_env/lib/python3.8/site-packages/airflow/example_dags/example_skip_dag.py took 0.060 seconds
