[2022-03-25 21:25:33,946] {processor.py:163} INFO - Started process (PID=26325) to work on /Users/adebolafagbule/opt/anaconda3/envs/airflow_env/lib/python3.8/site-packages/airflow/example_dags/example_trigger_target_dag.py
[2022-03-25 21:25:33,947] {processor.py:642} INFO - Processing file /Users/adebolafagbule/opt/anaconda3/envs/airflow_env/lib/python3.8/site-packages/airflow/example_dags/example_trigger_target_dag.py for tasks to queue
[2022-03-25 21:25:33,947] {logging_mixin.py:109} INFO - [2022-03-25 21:25:33,947] {dagbag.py:500} INFO - Filling up the DagBag from /Users/adebolafagbule/opt/anaconda3/envs/airflow_env/lib/python3.8/site-packages/airflow/example_dags/example_trigger_target_dag.py
[2022-03-25 21:25:34,054] {processor.py:654} INFO - DAG(s) dict_keys(['example_trigger_target_dag']) retrieved from /Users/adebolafagbule/opt/anaconda3/envs/airflow_env/lib/python3.8/site-packages/airflow/example_dags/example_trigger_target_dag.py
[2022-03-25 21:25:34,085] {logging_mixin.py:109} INFO - [2022-03-25 21:25:34,085] {dag.py:2398} INFO - Sync 1 DAGs
[2022-03-25 21:25:34,107] {logging_mixin.py:109} INFO - [2022-03-25 21:25:34,107] {dag.py:2937} INFO - Setting next_dagrun for example_trigger_target_dag to None
[2022-03-25 21:25:34,120] {processor.py:171} INFO - Processing /Users/adebolafagbule/opt/anaconda3/envs/airflow_env/lib/python3.8/site-packages/airflow/example_dags/example_trigger_target_dag.py took 0.175 seconds
[2022-03-25 22:40:14,940] {processor.py:163} INFO - Started process (PID=26421) to work on /Users/adebolafagbule/opt/anaconda3/envs/airflow_env/lib/python3.8/site-packages/airflow/example_dags/example_trigger_target_dag.py
[2022-03-25 22:40:14,941] {processor.py:642} INFO - Processing file /Users/adebolafagbule/opt/anaconda3/envs/airflow_env/lib/python3.8/site-packages/airflow/example_dags/example_trigger_target_dag.py for tasks to queue
[2022-03-25 22:40:14,942] {logging_mixin.py:109} INFO - [2022-03-25 22:40:14,942] {dagbag.py:500} INFO - Filling up the DagBag from /Users/adebolafagbule/opt/anaconda3/envs/airflow_env/lib/python3.8/site-packages/airflow/example_dags/example_trigger_target_dag.py
[2022-03-25 22:40:15,041] {processor.py:654} INFO - DAG(s) dict_keys(['example_trigger_target_dag']) retrieved from /Users/adebolafagbule/opt/anaconda3/envs/airflow_env/lib/python3.8/site-packages/airflow/example_dags/example_trigger_target_dag.py
[2022-03-25 22:40:15,073] {logging_mixin.py:109} INFO - [2022-03-25 22:40:15,073] {dag.py:2398} INFO - Sync 1 DAGs
[2022-03-25 22:40:15,090] {logging_mixin.py:109} INFO - [2022-03-25 22:40:15,089] {dag.py:2937} INFO - Setting next_dagrun for example_trigger_target_dag to None
[2022-03-25 22:40:15,103] {processor.py:171} INFO - Processing /Users/adebolafagbule/opt/anaconda3/envs/airflow_env/lib/python3.8/site-packages/airflow/example_dags/example_trigger_target_dag.py took 0.164 seconds
[2022-03-25 23:22:10,426] {processor.py:163} INFO - Started process (PID=26561) to work on /Users/adebolafagbule/opt/anaconda3/envs/airflow_env/lib/python3.8/site-packages/airflow/example_dags/example_trigger_target_dag.py
[2022-03-25 23:22:10,426] {processor.py:642} INFO - Processing file /Users/adebolafagbule/opt/anaconda3/envs/airflow_env/lib/python3.8/site-packages/airflow/example_dags/example_trigger_target_dag.py for tasks to queue
[2022-03-25 23:22:10,427] {logging_mixin.py:109} INFO - [2022-03-25 23:22:10,427] {dagbag.py:500} INFO - Filling up the DagBag from /Users/adebolafagbule/opt/anaconda3/envs/airflow_env/lib/python3.8/site-packages/airflow/example_dags/example_trigger_target_dag.py
[2022-03-25 23:22:10,470] {processor.py:654} INFO - DAG(s) dict_keys(['example_trigger_target_dag']) retrieved from /Users/adebolafagbule/opt/anaconda3/envs/airflow_env/lib/python3.8/site-packages/airflow/example_dags/example_trigger_target_dag.py
[2022-03-25 23:22:10,483] {logging_mixin.py:109} INFO - [2022-03-25 23:22:10,483] {dag.py:2398} INFO - Sync 1 DAGs
[2022-03-25 23:22:10,489] {logging_mixin.py:109} INFO - [2022-03-25 23:22:10,489] {dag.py:2937} INFO - Setting next_dagrun for example_trigger_target_dag to None
[2022-03-25 23:22:10,495] {processor.py:171} INFO - Processing /Users/adebolafagbule/opt/anaconda3/envs/airflow_env/lib/python3.8/site-packages/airflow/example_dags/example_trigger_target_dag.py took 0.070 seconds
[2022-03-25 23:23:33,098] {processor.py:163} INFO - Started process (PID=26669) to work on /Users/adebolafagbule/opt/anaconda3/envs/airflow_env/lib/python3.8/site-packages/airflow/example_dags/example_trigger_target_dag.py
[2022-03-25 23:23:33,099] {processor.py:642} INFO - Processing file /Users/adebolafagbule/opt/anaconda3/envs/airflow_env/lib/python3.8/site-packages/airflow/example_dags/example_trigger_target_dag.py for tasks to queue
[2022-03-25 23:23:33,099] {logging_mixin.py:109} INFO - [2022-03-25 23:23:33,099] {dagbag.py:500} INFO - Filling up the DagBag from /Users/adebolafagbule/opt/anaconda3/envs/airflow_env/lib/python3.8/site-packages/airflow/example_dags/example_trigger_target_dag.py
[2022-03-25 23:23:33,142] {processor.py:654} INFO - DAG(s) dict_keys(['example_trigger_target_dag']) retrieved from /Users/adebolafagbule/opt/anaconda3/envs/airflow_env/lib/python3.8/site-packages/airflow/example_dags/example_trigger_target_dag.py
[2022-03-25 23:23:33,154] {logging_mixin.py:109} INFO - [2022-03-25 23:23:33,154] {dag.py:2398} INFO - Sync 1 DAGs
[2022-03-25 23:23:33,161] {logging_mixin.py:109} INFO - [2022-03-25 23:23:33,161] {dag.py:2937} INFO - Setting next_dagrun for example_trigger_target_dag to None
[2022-03-25 23:23:33,166] {processor.py:171} INFO - Processing /Users/adebolafagbule/opt/anaconda3/envs/airflow_env/lib/python3.8/site-packages/airflow/example_dags/example_trigger_target_dag.py took 0.069 seconds
[2022-03-25 23:24:54,042] {processor.py:163} INFO - Started process (PID=26846) to work on /Users/adebolafagbule/opt/anaconda3/envs/airflow_env/lib/python3.8/site-packages/airflow/example_dags/example_trigger_target_dag.py
[2022-03-25 23:24:54,042] {processor.py:642} INFO - Processing file /Users/adebolafagbule/opt/anaconda3/envs/airflow_env/lib/python3.8/site-packages/airflow/example_dags/example_trigger_target_dag.py for tasks to queue
[2022-03-25 23:24:54,042] {logging_mixin.py:109} INFO - [2022-03-25 23:24:54,042] {dagbag.py:500} INFO - Filling up the DagBag from /Users/adebolafagbule/opt/anaconda3/envs/airflow_env/lib/python3.8/site-packages/airflow/example_dags/example_trigger_target_dag.py
[2022-03-25 23:24:54,085] {processor.py:654} INFO - DAG(s) dict_keys(['example_trigger_target_dag']) retrieved from /Users/adebolafagbule/opt/anaconda3/envs/airflow_env/lib/python3.8/site-packages/airflow/example_dags/example_trigger_target_dag.py
[2022-03-25 23:24:54,098] {logging_mixin.py:109} INFO - [2022-03-25 23:24:54,098] {dag.py:2398} INFO - Sync 1 DAGs
[2022-03-25 23:24:54,105] {logging_mixin.py:109} INFO - [2022-03-25 23:24:54,105] {dag.py:2937} INFO - Setting next_dagrun for example_trigger_target_dag to None
[2022-03-25 23:24:54,111] {processor.py:171} INFO - Processing /Users/adebolafagbule/opt/anaconda3/envs/airflow_env/lib/python3.8/site-packages/airflow/example_dags/example_trigger_target_dag.py took 0.070 seconds
[2022-03-25 23:26:16,084] {processor.py:163} INFO - Started process (PID=26949) to work on /Users/adebolafagbule/opt/anaconda3/envs/airflow_env/lib/python3.8/site-packages/airflow/example_dags/example_trigger_target_dag.py
[2022-03-25 23:26:16,085] {processor.py:642} INFO - Processing file /Users/adebolafagbule/opt/anaconda3/envs/airflow_env/lib/python3.8/site-packages/airflow/example_dags/example_trigger_target_dag.py for tasks to queue
[2022-03-25 23:26:16,085] {logging_mixin.py:109} INFO - [2022-03-25 23:26:16,085] {dagbag.py:500} INFO - Filling up the DagBag from /Users/adebolafagbule/opt/anaconda3/envs/airflow_env/lib/python3.8/site-packages/airflow/example_dags/example_trigger_target_dag.py
[2022-03-25 23:26:16,124] {processor.py:654} INFO - DAG(s) dict_keys(['example_trigger_target_dag']) retrieved from /Users/adebolafagbule/opt/anaconda3/envs/airflow_env/lib/python3.8/site-packages/airflow/example_dags/example_trigger_target_dag.py
[2022-03-25 23:26:16,136] {logging_mixin.py:109} INFO - [2022-03-25 23:26:16,136] {dag.py:2398} INFO - Sync 1 DAGs
[2022-03-25 23:26:16,142] {logging_mixin.py:109} INFO - [2022-03-25 23:26:16,142] {dag.py:2937} INFO - Setting next_dagrun for example_trigger_target_dag to None
[2022-03-25 23:26:16,151] {processor.py:171} INFO - Processing /Users/adebolafagbule/opt/anaconda3/envs/airflow_env/lib/python3.8/site-packages/airflow/example_dags/example_trigger_target_dag.py took 0.067 seconds
[2022-03-25 23:27:40,325] {processor.py:163} INFO - Started process (PID=27059) to work on /Users/adebolafagbule/opt/anaconda3/envs/airflow_env/lib/python3.8/site-packages/airflow/example_dags/example_trigger_target_dag.py
[2022-03-25 23:27:40,325] {processor.py:642} INFO - Processing file /Users/adebolafagbule/opt/anaconda3/envs/airflow_env/lib/python3.8/site-packages/airflow/example_dags/example_trigger_target_dag.py for tasks to queue
[2022-03-25 23:27:40,326] {logging_mixin.py:109} INFO - [2022-03-25 23:27:40,326] {dagbag.py:500} INFO - Filling up the DagBag from /Users/adebolafagbule/opt/anaconda3/envs/airflow_env/lib/python3.8/site-packages/airflow/example_dags/example_trigger_target_dag.py
[2022-03-25 23:27:40,377] {processor.py:654} INFO - DAG(s) dict_keys(['example_trigger_target_dag']) retrieved from /Users/adebolafagbule/opt/anaconda3/envs/airflow_env/lib/python3.8/site-packages/airflow/example_dags/example_trigger_target_dag.py
[2022-03-25 23:27:40,390] {logging_mixin.py:109} INFO - [2022-03-25 23:27:40,390] {dag.py:2398} INFO - Sync 1 DAGs
[2022-03-25 23:27:40,396] {logging_mixin.py:109} INFO - [2022-03-25 23:27:40,396] {dag.py:2937} INFO - Setting next_dagrun for example_trigger_target_dag to None
[2022-03-25 23:27:40,404] {processor.py:171} INFO - Processing /Users/adebolafagbule/opt/anaconda3/envs/airflow_env/lib/python3.8/site-packages/airflow/example_dags/example_trigger_target_dag.py took 0.079 seconds
[2022-03-25 23:29:00,270] {processor.py:163} INFO - Started process (PID=27137) to work on /Users/adebolafagbule/opt/anaconda3/envs/airflow_env/lib/python3.8/site-packages/airflow/example_dags/example_trigger_target_dag.py
[2022-03-25 23:29:00,272] {processor.py:642} INFO - Processing file /Users/adebolafagbule/opt/anaconda3/envs/airflow_env/lib/python3.8/site-packages/airflow/example_dags/example_trigger_target_dag.py for tasks to queue
[2022-03-25 23:29:00,273] {logging_mixin.py:109} INFO - [2022-03-25 23:29:00,272] {dagbag.py:500} INFO - Filling up the DagBag from /Users/adebolafagbule/opt/anaconda3/envs/airflow_env/lib/python3.8/site-packages/airflow/example_dags/example_trigger_target_dag.py
[2022-03-25 23:29:00,314] {processor.py:654} INFO - DAG(s) dict_keys(['example_trigger_target_dag']) retrieved from /Users/adebolafagbule/opt/anaconda3/envs/airflow_env/lib/python3.8/site-packages/airflow/example_dags/example_trigger_target_dag.py
[2022-03-25 23:29:00,327] {logging_mixin.py:109} INFO - [2022-03-25 23:29:00,327] {dag.py:2398} INFO - Sync 1 DAGs
[2022-03-25 23:29:00,333] {logging_mixin.py:109} INFO - [2022-03-25 23:29:00,333] {dag.py:2937} INFO - Setting next_dagrun for example_trigger_target_dag to None
[2022-03-25 23:29:00,338] {processor.py:171} INFO - Processing /Users/adebolafagbule/opt/anaconda3/envs/airflow_env/lib/python3.8/site-packages/airflow/example_dags/example_trigger_target_dag.py took 0.068 seconds
[2022-03-25 23:30:26,396] {processor.py:163} INFO - Started process (PID=27242) to work on /Users/adebolafagbule/opt/anaconda3/envs/airflow_env/lib/python3.8/site-packages/airflow/example_dags/example_trigger_target_dag.py
[2022-03-25 23:30:26,397] {processor.py:642} INFO - Processing file /Users/adebolafagbule/opt/anaconda3/envs/airflow_env/lib/python3.8/site-packages/airflow/example_dags/example_trigger_target_dag.py for tasks to queue
[2022-03-25 23:30:26,398] {logging_mixin.py:109} INFO - [2022-03-25 23:30:26,397] {dagbag.py:500} INFO - Filling up the DagBag from /Users/adebolafagbule/opt/anaconda3/envs/airflow_env/lib/python3.8/site-packages/airflow/example_dags/example_trigger_target_dag.py
[2022-03-25 23:30:26,439] {processor.py:654} INFO - DAG(s) dict_keys(['example_trigger_target_dag']) retrieved from /Users/adebolafagbule/opt/anaconda3/envs/airflow_env/lib/python3.8/site-packages/airflow/example_dags/example_trigger_target_dag.py
[2022-03-25 23:30:26,452] {logging_mixin.py:109} INFO - [2022-03-25 23:30:26,452] {dag.py:2398} INFO - Sync 1 DAGs
[2022-03-25 23:30:26,459] {logging_mixin.py:109} INFO - [2022-03-25 23:30:26,459] {dag.py:2937} INFO - Setting next_dagrun for example_trigger_target_dag to None
[2022-03-25 23:30:26,465] {processor.py:171} INFO - Processing /Users/adebolafagbule/opt/anaconda3/envs/airflow_env/lib/python3.8/site-packages/airflow/example_dags/example_trigger_target_dag.py took 0.069 seconds
[2022-03-25 23:31:49,948] {processor.py:163} INFO - Started process (PID=27335) to work on /Users/adebolafagbule/opt/anaconda3/envs/airflow_env/lib/python3.8/site-packages/airflow/example_dags/example_trigger_target_dag.py
[2022-03-25 23:31:49,949] {processor.py:642} INFO - Processing file /Users/adebolafagbule/opt/anaconda3/envs/airflow_env/lib/python3.8/site-packages/airflow/example_dags/example_trigger_target_dag.py for tasks to queue
[2022-03-25 23:31:49,949] {logging_mixin.py:109} INFO - [2022-03-25 23:31:49,949] {dagbag.py:500} INFO - Filling up the DagBag from /Users/adebolafagbule/opt/anaconda3/envs/airflow_env/lib/python3.8/site-packages/airflow/example_dags/example_trigger_target_dag.py
[2022-03-25 23:31:49,991] {processor.py:654} INFO - DAG(s) dict_keys(['example_trigger_target_dag']) retrieved from /Users/adebolafagbule/opt/anaconda3/envs/airflow_env/lib/python3.8/site-packages/airflow/example_dags/example_trigger_target_dag.py
[2022-03-25 23:31:50,004] {logging_mixin.py:109} INFO - [2022-03-25 23:31:50,004] {dag.py:2398} INFO - Sync 1 DAGs
[2022-03-25 23:31:50,011] {logging_mixin.py:109} INFO - [2022-03-25 23:31:50,011] {dag.py:2937} INFO - Setting next_dagrun for example_trigger_target_dag to None
[2022-03-25 23:31:50,017] {processor.py:171} INFO - Processing /Users/adebolafagbule/opt/anaconda3/envs/airflow_env/lib/python3.8/site-packages/airflow/example_dags/example_trigger_target_dag.py took 0.069 seconds
[2022-03-25 23:33:14,957] {processor.py:163} INFO - Started process (PID=27420) to work on /Users/adebolafagbule/opt/anaconda3/envs/airflow_env/lib/python3.8/site-packages/airflow/example_dags/example_trigger_target_dag.py
[2022-03-25 23:33:14,958] {processor.py:642} INFO - Processing file /Users/adebolafagbule/opt/anaconda3/envs/airflow_env/lib/python3.8/site-packages/airflow/example_dags/example_trigger_target_dag.py for tasks to queue
[2022-03-25 23:33:14,958] {logging_mixin.py:109} INFO - [2022-03-25 23:33:14,958] {dagbag.py:500} INFO - Filling up the DagBag from /Users/adebolafagbule/opt/anaconda3/envs/airflow_env/lib/python3.8/site-packages/airflow/example_dags/example_trigger_target_dag.py
[2022-03-25 23:33:15,001] {processor.py:654} INFO - DAG(s) dict_keys(['example_trigger_target_dag']) retrieved from /Users/adebolafagbule/opt/anaconda3/envs/airflow_env/lib/python3.8/site-packages/airflow/example_dags/example_trigger_target_dag.py
[2022-03-25 23:33:15,015] {logging_mixin.py:109} INFO - [2022-03-25 23:33:15,015] {dag.py:2398} INFO - Sync 1 DAGs
[2022-03-25 23:33:15,021] {logging_mixin.py:109} INFO - [2022-03-25 23:33:15,021] {dag.py:2937} INFO - Setting next_dagrun for example_trigger_target_dag to None
[2022-03-25 23:33:15,027] {processor.py:171} INFO - Processing /Users/adebolafagbule/opt/anaconda3/envs/airflow_env/lib/python3.8/site-packages/airflow/example_dags/example_trigger_target_dag.py took 0.070 seconds
