[2022-03-25 21:39:07,744] {processor.py:163} INFO - Started process (PID=26369) to work on /Users/adebolafagbule/opt/anaconda3/envs/airflow_env/lib/python3.8/site-packages/airflow/example_dags/example_nested_branch_dag.py
[2022-03-25 21:39:07,745] {processor.py:642} INFO - Processing file /Users/adebolafagbule/opt/anaconda3/envs/airflow_env/lib/python3.8/site-packages/airflow/example_dags/example_nested_branch_dag.py for tasks to queue
[2022-03-25 21:39:07,745] {logging_mixin.py:109} INFO - [2022-03-25 21:39:07,745] {dagbag.py:500} INFO - Filling up the DagBag from /Users/adebolafagbule/opt/anaconda3/envs/airflow_env/lib/python3.8/site-packages/airflow/example_dags/example_nested_branch_dag.py
[2022-03-25 21:39:07,839] {processor.py:654} INFO - DAG(s) dict_keys(['example_nested_branch_dag']) retrieved from /Users/adebolafagbule/opt/anaconda3/envs/airflow_env/lib/python3.8/site-packages/airflow/example_dags/example_nested_branch_dag.py
[2022-03-25 21:39:07,872] {logging_mixin.py:109} INFO - [2022-03-25 21:39:07,871] {dag.py:2398} INFO - Sync 1 DAGs
[2022-03-25 21:39:07,891] {logging_mixin.py:109} INFO - [2022-03-25 21:39:07,891] {dag.py:2937} INFO - Setting next_dagrun for example_nested_branch_dag to 2022-03-25 00:00:00+00:00
[2022-03-25 21:39:07,905] {processor.py:171} INFO - Processing /Users/adebolafagbule/opt/anaconda3/envs/airflow_env/lib/python3.8/site-packages/airflow/example_dags/example_nested_branch_dag.py took 0.162 seconds
[2022-03-25 23:21:37,412] {processor.py:163} INFO - Started process (PID=26501) to work on /Users/adebolafagbule/opt/anaconda3/envs/airflow_env/lib/python3.8/site-packages/airflow/example_dags/example_nested_branch_dag.py
[2022-03-25 23:21:37,413] {processor.py:642} INFO - Processing file /Users/adebolafagbule/opt/anaconda3/envs/airflow_env/lib/python3.8/site-packages/airflow/example_dags/example_nested_branch_dag.py for tasks to queue
[2022-03-25 23:21:37,414] {logging_mixin.py:109} INFO - [2022-03-25 23:21:37,413] {dagbag.py:500} INFO - Filling up the DagBag from /Users/adebolafagbule/opt/anaconda3/envs/airflow_env/lib/python3.8/site-packages/airflow/example_dags/example_nested_branch_dag.py
[2022-03-25 23:21:37,457] {processor.py:654} INFO - DAG(s) dict_keys(['example_nested_branch_dag']) retrieved from /Users/adebolafagbule/opt/anaconda3/envs/airflow_env/lib/python3.8/site-packages/airflow/example_dags/example_nested_branch_dag.py
[2022-03-25 23:21:37,477] {logging_mixin.py:109} INFO - [2022-03-25 23:21:37,477] {dag.py:2398} INFO - Sync 1 DAGs
[2022-03-25 23:21:37,490] {logging_mixin.py:109} INFO - [2022-03-25 23:21:37,489] {dag.py:2937} INFO - Setting next_dagrun for example_nested_branch_dag to 2022-03-25 00:00:00+00:00
[2022-03-25 23:21:37,495] {processor.py:171} INFO - Processing /Users/adebolafagbule/opt/anaconda3/envs/airflow_env/lib/python3.8/site-packages/airflow/example_dags/example_nested_branch_dag.py took 0.083 seconds
[2022-03-25 23:23:07,831] {processor.py:163} INFO - Started process (PID=26636) to work on /Users/adebolafagbule/opt/anaconda3/envs/airflow_env/lib/python3.8/site-packages/airflow/example_dags/example_nested_branch_dag.py
[2022-03-25 23:23:07,832] {processor.py:642} INFO - Processing file /Users/adebolafagbule/opt/anaconda3/envs/airflow_env/lib/python3.8/site-packages/airflow/example_dags/example_nested_branch_dag.py for tasks to queue
[2022-03-25 23:23:07,832] {logging_mixin.py:109} INFO - [2022-03-25 23:23:07,832] {dagbag.py:500} INFO - Filling up the DagBag from /Users/adebolafagbule/opt/anaconda3/envs/airflow_env/lib/python3.8/site-packages/airflow/example_dags/example_nested_branch_dag.py
[2022-03-25 23:23:07,870] {processor.py:654} INFO - DAG(s) dict_keys(['example_nested_branch_dag']) retrieved from /Users/adebolafagbule/opt/anaconda3/envs/airflow_env/lib/python3.8/site-packages/airflow/example_dags/example_nested_branch_dag.py
[2022-03-25 23:23:07,884] {logging_mixin.py:109} INFO - [2022-03-25 23:23:07,884] {dag.py:2398} INFO - Sync 1 DAGs
[2022-03-25 23:23:07,892] {logging_mixin.py:109} INFO - [2022-03-25 23:23:07,892] {dag.py:2937} INFO - Setting next_dagrun for example_nested_branch_dag to 2022-03-25 00:00:00+00:00
[2022-03-25 23:23:07,897] {processor.py:171} INFO - Processing /Users/adebolafagbule/opt/anaconda3/envs/airflow_env/lib/python3.8/site-packages/airflow/example_dags/example_nested_branch_dag.py took 0.067 seconds
[2022-03-25 23:24:30,197] {processor.py:163} INFO - Started process (PID=26820) to work on /Users/adebolafagbule/opt/anaconda3/envs/airflow_env/lib/python3.8/site-packages/airflow/example_dags/example_nested_branch_dag.py
[2022-03-25 23:24:30,199] {processor.py:642} INFO - Processing file /Users/adebolafagbule/opt/anaconda3/envs/airflow_env/lib/python3.8/site-packages/airflow/example_dags/example_nested_branch_dag.py for tasks to queue
[2022-03-25 23:24:30,199] {logging_mixin.py:109} INFO - [2022-03-25 23:24:30,199] {dagbag.py:500} INFO - Filling up the DagBag from /Users/adebolafagbule/opt/anaconda3/envs/airflow_env/lib/python3.8/site-packages/airflow/example_dags/example_nested_branch_dag.py
[2022-03-25 23:24:30,236] {processor.py:654} INFO - DAG(s) dict_keys(['example_nested_branch_dag']) retrieved from /Users/adebolafagbule/opt/anaconda3/envs/airflow_env/lib/python3.8/site-packages/airflow/example_dags/example_nested_branch_dag.py
[2022-03-25 23:24:30,250] {logging_mixin.py:109} INFO - [2022-03-25 23:24:30,250] {dag.py:2398} INFO - Sync 1 DAGs
[2022-03-25 23:24:30,258] {logging_mixin.py:109} INFO - [2022-03-25 23:24:30,258] {dag.py:2937} INFO - Setting next_dagrun for example_nested_branch_dag to 2022-03-25 00:00:00+00:00
[2022-03-25 23:24:30,264] {processor.py:171} INFO - Processing /Users/adebolafagbule/opt/anaconda3/envs/airflow_env/lib/python3.8/site-packages/airflow/example_dags/example_nested_branch_dag.py took 0.067 seconds
[2022-03-25 23:25:53,267] {processor.py:163} INFO - Started process (PID=26924) to work on /Users/adebolafagbule/opt/anaconda3/envs/airflow_env/lib/python3.8/site-packages/airflow/example_dags/example_nested_branch_dag.py
[2022-03-25 23:25:53,267] {processor.py:642} INFO - Processing file /Users/adebolafagbule/opt/anaconda3/envs/airflow_env/lib/python3.8/site-packages/airflow/example_dags/example_nested_branch_dag.py for tasks to queue
[2022-03-25 23:25:53,268] {logging_mixin.py:109} INFO - [2022-03-25 23:25:53,268] {dagbag.py:500} INFO - Filling up the DagBag from /Users/adebolafagbule/opt/anaconda3/envs/airflow_env/lib/python3.8/site-packages/airflow/example_dags/example_nested_branch_dag.py
[2022-03-25 23:25:53,306] {processor.py:654} INFO - DAG(s) dict_keys(['example_nested_branch_dag']) retrieved from /Users/adebolafagbule/opt/anaconda3/envs/airflow_env/lib/python3.8/site-packages/airflow/example_dags/example_nested_branch_dag.py
[2022-03-25 23:25:53,318] {logging_mixin.py:109} INFO - [2022-03-25 23:25:53,318] {dag.py:2398} INFO - Sync 1 DAGs
[2022-03-25 23:25:53,326] {logging_mixin.py:109} INFO - [2022-03-25 23:25:53,326] {dag.py:2937} INFO - Setting next_dagrun for example_nested_branch_dag to 2022-03-25 00:00:00+00:00
[2022-03-25 23:25:53,334] {processor.py:171} INFO - Processing /Users/adebolafagbule/opt/anaconda3/envs/airflow_env/lib/python3.8/site-packages/airflow/example_dags/example_nested_branch_dag.py took 0.068 seconds
[2022-03-25 23:27:14,793] {processor.py:163} INFO - Started process (PID=27022) to work on /Users/adebolafagbule/opt/anaconda3/envs/airflow_env/lib/python3.8/site-packages/airflow/example_dags/example_nested_branch_dag.py
[2022-03-25 23:27:14,794] {processor.py:642} INFO - Processing file /Users/adebolafagbule/opt/anaconda3/envs/airflow_env/lib/python3.8/site-packages/airflow/example_dags/example_nested_branch_dag.py for tasks to queue
[2022-03-25 23:27:14,794] {logging_mixin.py:109} INFO - [2022-03-25 23:27:14,794] {dagbag.py:500} INFO - Filling up the DagBag from /Users/adebolafagbule/opt/anaconda3/envs/airflow_env/lib/python3.8/site-packages/airflow/example_dags/example_nested_branch_dag.py
[2022-03-25 23:27:14,840] {processor.py:654} INFO - DAG(s) dict_keys(['example_nested_branch_dag']) retrieved from /Users/adebolafagbule/opt/anaconda3/envs/airflow_env/lib/python3.8/site-packages/airflow/example_dags/example_nested_branch_dag.py
[2022-03-25 23:27:14,854] {logging_mixin.py:109} INFO - [2022-03-25 23:27:14,854] {dag.py:2398} INFO - Sync 1 DAGs
[2022-03-25 23:27:14,862] {logging_mixin.py:109} INFO - [2022-03-25 23:27:14,862] {dag.py:2937} INFO - Setting next_dagrun for example_nested_branch_dag to 2022-03-25 00:00:00+00:00
[2022-03-25 23:27:14,867] {processor.py:171} INFO - Processing /Users/adebolafagbule/opt/anaconda3/envs/airflow_env/lib/python3.8/site-packages/airflow/example_dags/example_nested_branch_dag.py took 0.075 seconds
[2022-03-25 23:28:37,167] {processor.py:163} INFO - Started process (PID=27114) to work on /Users/adebolafagbule/opt/anaconda3/envs/airflow_env/lib/python3.8/site-packages/airflow/example_dags/example_nested_branch_dag.py
[2022-03-25 23:28:37,168] {processor.py:642} INFO - Processing file /Users/adebolafagbule/opt/anaconda3/envs/airflow_env/lib/python3.8/site-packages/airflow/example_dags/example_nested_branch_dag.py for tasks to queue
[2022-03-25 23:28:37,168] {logging_mixin.py:109} INFO - [2022-03-25 23:28:37,168] {dagbag.py:500} INFO - Filling up the DagBag from /Users/adebolafagbule/opt/anaconda3/envs/airflow_env/lib/python3.8/site-packages/airflow/example_dags/example_nested_branch_dag.py
[2022-03-25 23:28:37,206] {processor.py:654} INFO - DAG(s) dict_keys(['example_nested_branch_dag']) retrieved from /Users/adebolafagbule/opt/anaconda3/envs/airflow_env/lib/python3.8/site-packages/airflow/example_dags/example_nested_branch_dag.py
[2022-03-25 23:28:37,220] {logging_mixin.py:109} INFO - [2022-03-25 23:28:37,220] {dag.py:2398} INFO - Sync 1 DAGs
[2022-03-25 23:28:37,229] {logging_mixin.py:109} INFO - [2022-03-25 23:28:37,228] {dag.py:2937} INFO - Setting next_dagrun for example_nested_branch_dag to 2022-03-25 00:00:00+00:00
[2022-03-25 23:28:37,234] {processor.py:171} INFO - Processing /Users/adebolafagbule/opt/anaconda3/envs/airflow_env/lib/python3.8/site-packages/airflow/example_dags/example_nested_branch_dag.py took 0.067 seconds
[2022-03-25 23:29:57,474] {processor.py:163} INFO - Started process (PID=27195) to work on /Users/adebolafagbule/opt/anaconda3/envs/airflow_env/lib/python3.8/site-packages/airflow/example_dags/example_nested_branch_dag.py
[2022-03-25 23:29:57,475] {processor.py:642} INFO - Processing file /Users/adebolafagbule/opt/anaconda3/envs/airflow_env/lib/python3.8/site-packages/airflow/example_dags/example_nested_branch_dag.py for tasks to queue
[2022-03-25 23:29:57,476] {logging_mixin.py:109} INFO - [2022-03-25 23:29:57,476] {dagbag.py:500} INFO - Filling up the DagBag from /Users/adebolafagbule/opt/anaconda3/envs/airflow_env/lib/python3.8/site-packages/airflow/example_dags/example_nested_branch_dag.py
[2022-03-25 23:29:57,515] {processor.py:654} INFO - DAG(s) dict_keys(['example_nested_branch_dag']) retrieved from /Users/adebolafagbule/opt/anaconda3/envs/airflow_env/lib/python3.8/site-packages/airflow/example_dags/example_nested_branch_dag.py
[2022-03-25 23:29:57,528] {logging_mixin.py:109} INFO - [2022-03-25 23:29:57,528] {dag.py:2398} INFO - Sync 1 DAGs
[2022-03-25 23:29:57,536] {logging_mixin.py:109} INFO - [2022-03-25 23:29:57,536] {dag.py:2937} INFO - Setting next_dagrun for example_nested_branch_dag to 2022-03-25 00:00:00+00:00
[2022-03-25 23:29:57,542] {processor.py:171} INFO - Processing /Users/adebolafagbule/opt/anaconda3/envs/airflow_env/lib/python3.8/site-packages/airflow/example_dags/example_nested_branch_dag.py took 0.068 seconds
[2022-03-25 23:31:26,559] {processor.py:163} INFO - Started process (PID=27311) to work on /Users/adebolafagbule/opt/anaconda3/envs/airflow_env/lib/python3.8/site-packages/airflow/example_dags/example_nested_branch_dag.py
[2022-03-25 23:31:26,559] {processor.py:642} INFO - Processing file /Users/adebolafagbule/opt/anaconda3/envs/airflow_env/lib/python3.8/site-packages/airflow/example_dags/example_nested_branch_dag.py for tasks to queue
[2022-03-25 23:31:26,560] {logging_mixin.py:109} INFO - [2022-03-25 23:31:26,560] {dagbag.py:500} INFO - Filling up the DagBag from /Users/adebolafagbule/opt/anaconda3/envs/airflow_env/lib/python3.8/site-packages/airflow/example_dags/example_nested_branch_dag.py
[2022-03-25 23:31:26,602] {processor.py:654} INFO - DAG(s) dict_keys(['example_nested_branch_dag']) retrieved from /Users/adebolafagbule/opt/anaconda3/envs/airflow_env/lib/python3.8/site-packages/airflow/example_dags/example_nested_branch_dag.py
[2022-03-25 23:31:26,615] {logging_mixin.py:109} INFO - [2022-03-25 23:31:26,615] {dag.py:2398} INFO - Sync 1 DAGs
[2022-03-25 23:31:26,624] {logging_mixin.py:109} INFO - [2022-03-25 23:31:26,624] {dag.py:2937} INFO - Setting next_dagrun for example_nested_branch_dag to 2022-03-25 00:00:00+00:00
[2022-03-25 23:31:26,630] {processor.py:171} INFO - Processing /Users/adebolafagbule/opt/anaconda3/envs/airflow_env/lib/python3.8/site-packages/airflow/example_dags/example_nested_branch_dag.py took 0.072 seconds
[2022-03-25 23:32:49,826] {processor.py:163} INFO - Started process (PID=27395) to work on /Users/adebolafagbule/opt/anaconda3/envs/airflow_env/lib/python3.8/site-packages/airflow/example_dags/example_nested_branch_dag.py
[2022-03-25 23:32:49,827] {processor.py:642} INFO - Processing file /Users/adebolafagbule/opt/anaconda3/envs/airflow_env/lib/python3.8/site-packages/airflow/example_dags/example_nested_branch_dag.py for tasks to queue
[2022-03-25 23:32:49,827] {logging_mixin.py:109} INFO - [2022-03-25 23:32:49,827] {dagbag.py:500} INFO - Filling up the DagBag from /Users/adebolafagbule/opt/anaconda3/envs/airflow_env/lib/python3.8/site-packages/airflow/example_dags/example_nested_branch_dag.py
[2022-03-25 23:32:49,865] {processor.py:654} INFO - DAG(s) dict_keys(['example_nested_branch_dag']) retrieved from /Users/adebolafagbule/opt/anaconda3/envs/airflow_env/lib/python3.8/site-packages/airflow/example_dags/example_nested_branch_dag.py
[2022-03-25 23:32:49,879] {logging_mixin.py:109} INFO - [2022-03-25 23:32:49,879] {dag.py:2398} INFO - Sync 1 DAGs
[2022-03-25 23:32:49,887] {logging_mixin.py:109} INFO - [2022-03-25 23:32:49,887] {dag.py:2937} INFO - Setting next_dagrun for example_nested_branch_dag to 2022-03-25 00:00:00+00:00
[2022-03-25 23:32:49,893] {processor.py:171} INFO - Processing /Users/adebolafagbule/opt/anaconda3/envs/airflow_env/lib/python3.8/site-packages/airflow/example_dags/example_nested_branch_dag.py took 0.068 seconds
