[2022-03-25 21:38:59,428] {processor.py:163} INFO - Started process (PID=26361) to work on /Users/adebolafagbule/opt/anaconda3/envs/airflow_env/lib/python3.8/site-packages/airflow/example_dags/example_short_circuit_operator.py
[2022-03-25 21:38:59,428] {processor.py:642} INFO - Processing file /Users/adebolafagbule/opt/anaconda3/envs/airflow_env/lib/python3.8/site-packages/airflow/example_dags/example_short_circuit_operator.py for tasks to queue
[2022-03-25 21:38:59,428] {logging_mixin.py:109} INFO - [2022-03-25 21:38:59,428] {dagbag.py:500} INFO - Filling up the DagBag from /Users/adebolafagbule/opt/anaconda3/envs/airflow_env/lib/python3.8/site-packages/airflow/example_dags/example_short_circuit_operator.py
[2022-03-25 21:38:59,464] {processor.py:654} INFO - DAG(s) dict_keys(['example_short_circuit_operator']) retrieved from /Users/adebolafagbule/opt/anaconda3/envs/airflow_env/lib/python3.8/site-packages/airflow/example_dags/example_short_circuit_operator.py
[2022-03-25 21:38:59,480] {logging_mixin.py:109} INFO - [2022-03-25 21:38:59,480] {dag.py:2398} INFO - Sync 1 DAGs
[2022-03-25 21:38:59,487] {logging_mixin.py:109} INFO - [2022-03-25 21:38:59,487] {dag.py:2937} INFO - Setting next_dagrun for example_short_circuit_operator to 2022-03-25T01:38:59.486880+00:00
[2022-03-25 21:38:59,492] {processor.py:171} INFO - Processing /Users/adebolafagbule/opt/anaconda3/envs/airflow_env/lib/python3.8/site-packages/airflow/example_dags/example_short_circuit_operator.py took 0.065 seconds
[2022-03-25 23:21:31,062] {processor.py:163} INFO - Started process (PID=26493) to work on /Users/adebolafagbule/opt/anaconda3/envs/airflow_env/lib/python3.8/site-packages/airflow/example_dags/example_short_circuit_operator.py
[2022-03-25 23:21:31,066] {processor.py:642} INFO - Processing file /Users/adebolafagbule/opt/anaconda3/envs/airflow_env/lib/python3.8/site-packages/airflow/example_dags/example_short_circuit_operator.py for tasks to queue
[2022-03-25 23:21:31,066] {logging_mixin.py:109} INFO - [2022-03-25 23:21:31,066] {dagbag.py:500} INFO - Filling up the DagBag from /Users/adebolafagbule/opt/anaconda3/envs/airflow_env/lib/python3.8/site-packages/airflow/example_dags/example_short_circuit_operator.py
[2022-03-25 23:21:31,112] {processor.py:654} INFO - DAG(s) dict_keys(['example_short_circuit_operator']) retrieved from /Users/adebolafagbule/opt/anaconda3/envs/airflow_env/lib/python3.8/site-packages/airflow/example_dags/example_short_circuit_operator.py
[2022-03-25 23:21:31,128] {logging_mixin.py:109} INFO - [2022-03-25 23:21:31,128] {dag.py:2398} INFO - Sync 1 DAGs
[2022-03-25 23:21:31,135] {logging_mixin.py:109} INFO - [2022-03-25 23:21:31,135] {dag.py:2937} INFO - Setting next_dagrun for example_short_circuit_operator to 2022-03-25T03:21:31.135456+00:00
[2022-03-25 23:21:31,141] {processor.py:171} INFO - Processing /Users/adebolafagbule/opt/anaconda3/envs/airflow_env/lib/python3.8/site-packages/airflow/example_dags/example_short_circuit_operator.py took 0.079 seconds
[2022-03-25 23:23:01,369] {processor.py:163} INFO - Started process (PID=26623) to work on /Users/adebolafagbule/opt/anaconda3/envs/airflow_env/lib/python3.8/site-packages/airflow/example_dags/example_short_circuit_operator.py
[2022-03-25 23:23:01,370] {processor.py:642} INFO - Processing file /Users/adebolafagbule/opt/anaconda3/envs/airflow_env/lib/python3.8/site-packages/airflow/example_dags/example_short_circuit_operator.py for tasks to queue
[2022-03-25 23:23:01,370] {logging_mixin.py:109} INFO - [2022-03-25 23:23:01,370] {dagbag.py:500} INFO - Filling up the DagBag from /Users/adebolafagbule/opt/anaconda3/envs/airflow_env/lib/python3.8/site-packages/airflow/example_dags/example_short_circuit_operator.py
[2022-03-25 23:23:01,406] {processor.py:654} INFO - DAG(s) dict_keys(['example_short_circuit_operator']) retrieved from /Users/adebolafagbule/opt/anaconda3/envs/airflow_env/lib/python3.8/site-packages/airflow/example_dags/example_short_circuit_operator.py
[2022-03-25 23:23:01,420] {logging_mixin.py:109} INFO - [2022-03-25 23:23:01,420] {dag.py:2398} INFO - Sync 1 DAGs
[2022-03-25 23:23:01,427] {logging_mixin.py:109} INFO - [2022-03-25 23:23:01,427] {dag.py:2937} INFO - Setting next_dagrun for example_short_circuit_operator to 2022-03-25T03:23:01.426934+00:00
[2022-03-25 23:23:01,434] {processor.py:171} INFO - Processing /Users/adebolafagbule/opt/anaconda3/envs/airflow_env/lib/python3.8/site-packages/airflow/example_dags/example_short_circuit_operator.py took 0.065 seconds
[2022-03-25 23:24:23,916] {processor.py:163} INFO - Started process (PID=26814) to work on /Users/adebolafagbule/opt/anaconda3/envs/airflow_env/lib/python3.8/site-packages/airflow/example_dags/example_short_circuit_operator.py
[2022-03-25 23:24:23,917] {processor.py:642} INFO - Processing file /Users/adebolafagbule/opt/anaconda3/envs/airflow_env/lib/python3.8/site-packages/airflow/example_dags/example_short_circuit_operator.py for tasks to queue
[2022-03-25 23:24:23,917] {logging_mixin.py:109} INFO - [2022-03-25 23:24:23,917] {dagbag.py:500} INFO - Filling up the DagBag from /Users/adebolafagbule/opt/anaconda3/envs/airflow_env/lib/python3.8/site-packages/airflow/example_dags/example_short_circuit_operator.py
[2022-03-25 23:24:23,954] {processor.py:654} INFO - DAG(s) dict_keys(['example_short_circuit_operator']) retrieved from /Users/adebolafagbule/opt/anaconda3/envs/airflow_env/lib/python3.8/site-packages/airflow/example_dags/example_short_circuit_operator.py
[2022-03-25 23:24:23,968] {logging_mixin.py:109} INFO - [2022-03-25 23:24:23,968] {dag.py:2398} INFO - Sync 1 DAGs
[2022-03-25 23:24:23,974] {logging_mixin.py:109} INFO - [2022-03-25 23:24:23,974] {dag.py:2937} INFO - Setting next_dagrun for example_short_circuit_operator to 2022-03-25T03:24:23.974543+00:00
[2022-03-25 23:24:23,982] {processor.py:171} INFO - Processing /Users/adebolafagbule/opt/anaconda3/envs/airflow_env/lib/python3.8/site-packages/airflow/example_dags/example_short_circuit_operator.py took 0.067 seconds
[2022-03-25 23:25:46,983] {processor.py:163} INFO - Started process (PID=26918) to work on /Users/adebolafagbule/opt/anaconda3/envs/airflow_env/lib/python3.8/site-packages/airflow/example_dags/example_short_circuit_operator.py
[2022-03-25 23:25:46,984] {processor.py:642} INFO - Processing file /Users/adebolafagbule/opt/anaconda3/envs/airflow_env/lib/python3.8/site-packages/airflow/example_dags/example_short_circuit_operator.py for tasks to queue
[2022-03-25 23:25:46,985] {logging_mixin.py:109} INFO - [2022-03-25 23:25:46,984] {dagbag.py:500} INFO - Filling up the DagBag from /Users/adebolafagbule/opt/anaconda3/envs/airflow_env/lib/python3.8/site-packages/airflow/example_dags/example_short_circuit_operator.py
[2022-03-25 23:25:47,020] {processor.py:654} INFO - DAG(s) dict_keys(['example_short_circuit_operator']) retrieved from /Users/adebolafagbule/opt/anaconda3/envs/airflow_env/lib/python3.8/site-packages/airflow/example_dags/example_short_circuit_operator.py
[2022-03-25 23:25:47,036] {logging_mixin.py:109} INFO - [2022-03-25 23:25:47,036] {dag.py:2398} INFO - Sync 1 DAGs
[2022-03-25 23:25:47,043] {logging_mixin.py:109} INFO - [2022-03-25 23:25:47,043] {dag.py:2937} INFO - Setting next_dagrun for example_short_circuit_operator to 2022-03-25T03:25:47.043651+00:00
[2022-03-25 23:25:47,049] {processor.py:171} INFO - Processing /Users/adebolafagbule/opt/anaconda3/envs/airflow_env/lib/python3.8/site-packages/airflow/example_dags/example_short_circuit_operator.py took 0.067 seconds
[2022-03-25 23:27:08,412] {processor.py:163} INFO - Started process (PID=27016) to work on /Users/adebolafagbule/opt/anaconda3/envs/airflow_env/lib/python3.8/site-packages/airflow/example_dags/example_short_circuit_operator.py
[2022-03-25 23:27:08,412] {processor.py:642} INFO - Processing file /Users/adebolafagbule/opt/anaconda3/envs/airflow_env/lib/python3.8/site-packages/airflow/example_dags/example_short_circuit_operator.py for tasks to queue
[2022-03-25 23:27:08,412] {logging_mixin.py:109} INFO - [2022-03-25 23:27:08,412] {dagbag.py:500} INFO - Filling up the DagBag from /Users/adebolafagbule/opt/anaconda3/envs/airflow_env/lib/python3.8/site-packages/airflow/example_dags/example_short_circuit_operator.py
[2022-03-25 23:27:08,449] {processor.py:654} INFO - DAG(s) dict_keys(['example_short_circuit_operator']) retrieved from /Users/adebolafagbule/opt/anaconda3/envs/airflow_env/lib/python3.8/site-packages/airflow/example_dags/example_short_circuit_operator.py
[2022-03-25 23:27:08,464] {logging_mixin.py:109} INFO - [2022-03-25 23:27:08,463] {dag.py:2398} INFO - Sync 1 DAGs
[2022-03-25 23:27:08,470] {logging_mixin.py:109} INFO - [2022-03-25 23:27:08,470] {dag.py:2937} INFO - Setting next_dagrun for example_short_circuit_operator to 2022-03-25T03:27:08.470690+00:00
[2022-03-25 23:27:08,476] {processor.py:171} INFO - Processing /Users/adebolafagbule/opt/anaconda3/envs/airflow_env/lib/python3.8/site-packages/airflow/example_dags/example_short_circuit_operator.py took 0.065 seconds
[2022-03-25 23:28:30,891] {processor.py:163} INFO - Started process (PID=27108) to work on /Users/adebolafagbule/opt/anaconda3/envs/airflow_env/lib/python3.8/site-packages/airflow/example_dags/example_short_circuit_operator.py
[2022-03-25 23:28:30,893] {processor.py:642} INFO - Processing file /Users/adebolafagbule/opt/anaconda3/envs/airflow_env/lib/python3.8/site-packages/airflow/example_dags/example_short_circuit_operator.py for tasks to queue
[2022-03-25 23:28:30,893] {logging_mixin.py:109} INFO - [2022-03-25 23:28:30,893] {dagbag.py:500} INFO - Filling up the DagBag from /Users/adebolafagbule/opt/anaconda3/envs/airflow_env/lib/python3.8/site-packages/airflow/example_dags/example_short_circuit_operator.py
[2022-03-25 23:28:30,935] {processor.py:654} INFO - DAG(s) dict_keys(['example_short_circuit_operator']) retrieved from /Users/adebolafagbule/opt/anaconda3/envs/airflow_env/lib/python3.8/site-packages/airflow/example_dags/example_short_circuit_operator.py
[2022-03-25 23:28:30,950] {logging_mixin.py:109} INFO - [2022-03-25 23:28:30,950] {dag.py:2398} INFO - Sync 1 DAGs
[2022-03-25 23:28:30,957] {logging_mixin.py:109} INFO - [2022-03-25 23:28:30,956] {dag.py:2937} INFO - Setting next_dagrun for example_short_circuit_operator to 2022-03-25T03:28:30.956851+00:00
[2022-03-25 23:28:30,962] {processor.py:171} INFO - Processing /Users/adebolafagbule/opt/anaconda3/envs/airflow_env/lib/python3.8/site-packages/airflow/example_dags/example_short_circuit_operator.py took 0.072 seconds
[2022-03-25 23:29:51,144] {processor.py:163} INFO - Started process (PID=27189) to work on /Users/adebolafagbule/opt/anaconda3/envs/airflow_env/lib/python3.8/site-packages/airflow/example_dags/example_short_circuit_operator.py
[2022-03-25 23:29:51,147] {processor.py:642} INFO - Processing file /Users/adebolafagbule/opt/anaconda3/envs/airflow_env/lib/python3.8/site-packages/airflow/example_dags/example_short_circuit_operator.py for tasks to queue
[2022-03-25 23:29:51,147] {logging_mixin.py:109} INFO - [2022-03-25 23:29:51,147] {dagbag.py:500} INFO - Filling up the DagBag from /Users/adebolafagbule/opt/anaconda3/envs/airflow_env/lib/python3.8/site-packages/airflow/example_dags/example_short_circuit_operator.py
[2022-03-25 23:29:51,192] {processor.py:654} INFO - DAG(s) dict_keys(['example_short_circuit_operator']) retrieved from /Users/adebolafagbule/opt/anaconda3/envs/airflow_env/lib/python3.8/site-packages/airflow/example_dags/example_short_circuit_operator.py
[2022-03-25 23:29:51,207] {logging_mixin.py:109} INFO - [2022-03-25 23:29:51,207] {dag.py:2398} INFO - Sync 1 DAGs
[2022-03-25 23:29:51,214] {logging_mixin.py:109} INFO - [2022-03-25 23:29:51,214] {dag.py:2937} INFO - Setting next_dagrun for example_short_circuit_operator to 2022-03-25T03:29:51.214432+00:00
[2022-03-25 23:29:51,221] {processor.py:171} INFO - Processing /Users/adebolafagbule/opt/anaconda3/envs/airflow_env/lib/python3.8/site-packages/airflow/example_dags/example_short_circuit_operator.py took 0.077 seconds
[2022-03-25 23:31:19,788] {processor.py:163} INFO - Started process (PID=27303) to work on /Users/adebolafagbule/opt/anaconda3/envs/airflow_env/lib/python3.8/site-packages/airflow/example_dags/example_short_circuit_operator.py
[2022-03-25 23:31:19,789] {processor.py:642} INFO - Processing file /Users/adebolafagbule/opt/anaconda3/envs/airflow_env/lib/python3.8/site-packages/airflow/example_dags/example_short_circuit_operator.py for tasks to queue
[2022-03-25 23:31:19,789] {logging_mixin.py:109} INFO - [2022-03-25 23:31:19,789] {dagbag.py:500} INFO - Filling up the DagBag from /Users/adebolafagbule/opt/anaconda3/envs/airflow_env/lib/python3.8/site-packages/airflow/example_dags/example_short_circuit_operator.py
[2022-03-25 23:31:19,830] {processor.py:654} INFO - DAG(s) dict_keys(['example_short_circuit_operator']) retrieved from /Users/adebolafagbule/opt/anaconda3/envs/airflow_env/lib/python3.8/site-packages/airflow/example_dags/example_short_circuit_operator.py
[2022-03-25 23:31:19,847] {logging_mixin.py:109} INFO - [2022-03-25 23:31:19,847] {dag.py:2398} INFO - Sync 1 DAGs
[2022-03-25 23:31:19,857] {logging_mixin.py:109} INFO - [2022-03-25 23:31:19,857] {dag.py:2937} INFO - Setting next_dagrun for example_short_circuit_operator to 2022-03-25T03:31:19.857024+00:00
[2022-03-25 23:31:19,863] {processor.py:171} INFO - Processing /Users/adebolafagbule/opt/anaconda3/envs/airflow_env/lib/python3.8/site-packages/airflow/example_dags/example_short_circuit_operator.py took 0.075 seconds
[2022-03-25 23:32:43,317] {processor.py:163} INFO - Started process (PID=27389) to work on /Users/adebolafagbule/opt/anaconda3/envs/airflow_env/lib/python3.8/site-packages/airflow/example_dags/example_short_circuit_operator.py
[2022-03-25 23:32:43,318] {processor.py:642} INFO - Processing file /Users/adebolafagbule/opt/anaconda3/envs/airflow_env/lib/python3.8/site-packages/airflow/example_dags/example_short_circuit_operator.py for tasks to queue
[2022-03-25 23:32:43,318] {logging_mixin.py:109} INFO - [2022-03-25 23:32:43,318] {dagbag.py:500} INFO - Filling up the DagBag from /Users/adebolafagbule/opt/anaconda3/envs/airflow_env/lib/python3.8/site-packages/airflow/example_dags/example_short_circuit_operator.py
[2022-03-25 23:32:43,359] {processor.py:654} INFO - DAG(s) dict_keys(['example_short_circuit_operator']) retrieved from /Users/adebolafagbule/opt/anaconda3/envs/airflow_env/lib/python3.8/site-packages/airflow/example_dags/example_short_circuit_operator.py
[2022-03-25 23:32:43,374] {logging_mixin.py:109} INFO - [2022-03-25 23:32:43,374] {dag.py:2398} INFO - Sync 1 DAGs
[2022-03-25 23:32:43,380] {logging_mixin.py:109} INFO - [2022-03-25 23:32:43,380] {dag.py:2937} INFO - Setting next_dagrun for example_short_circuit_operator to 2022-03-25T03:32:43.380647+00:00
[2022-03-25 23:32:43,386] {processor.py:171} INFO - Processing /Users/adebolafagbule/opt/anaconda3/envs/airflow_env/lib/python3.8/site-packages/airflow/example_dags/example_short_circuit_operator.py took 0.070 seconds
