[2022-03-25 21:39:38,698] {processor.py:163} INFO - Started process (PID=26385) to work on /Users/adebolafagbule/opt/anaconda3/envs/airflow_env/lib/python3.8/site-packages/airflow/example_dags/example_branch_datetime_operator.py
[2022-03-25 21:39:38,699] {processor.py:642} INFO - Processing file /Users/adebolafagbule/opt/anaconda3/envs/airflow_env/lib/python3.8/site-packages/airflow/example_dags/example_branch_datetime_operator.py for tasks to queue
[2022-03-25 21:39:38,699] {logging_mixin.py:109} INFO - [2022-03-25 21:39:38,699] {dagbag.py:500} INFO - Filling up the DagBag from /Users/adebolafagbule/opt/anaconda3/envs/airflow_env/lib/python3.8/site-packages/airflow/example_dags/example_branch_datetime_operator.py
[2022-03-25 21:39:38,756] {processor.py:654} INFO - DAG(s) dict_keys(['example_branch_datetime_operator_2']) retrieved from /Users/adebolafagbule/opt/anaconda3/envs/airflow_env/lib/python3.8/site-packages/airflow/example_dags/example_branch_datetime_operator.py
[2022-03-25 21:39:38,781] {logging_mixin.py:109} INFO - [2022-03-25 21:39:38,781] {dag.py:2398} INFO - Sync 1 DAGs
[2022-03-25 21:39:38,798] {logging_mixin.py:109} INFO - [2022-03-25 21:39:38,798] {dag.py:2937} INFO - Setting next_dagrun for example_branch_datetime_operator_2 to 2022-03-26T00:00:00+00:00
[2022-03-25 21:39:38,809] {processor.py:171} INFO - Processing /Users/adebolafagbule/opt/anaconda3/envs/airflow_env/lib/python3.8/site-packages/airflow/example_dags/example_branch_datetime_operator.py took 0.112 seconds
[2022-03-25 23:22:35,523] {processor.py:163} INFO - Started process (PID=26592) to work on /Users/adebolafagbule/opt/anaconda3/envs/airflow_env/lib/python3.8/site-packages/airflow/example_dags/example_branch_datetime_operator.py
[2022-03-25 23:22:35,524] {processor.py:642} INFO - Processing file /Users/adebolafagbule/opt/anaconda3/envs/airflow_env/lib/python3.8/site-packages/airflow/example_dags/example_branch_datetime_operator.py for tasks to queue
[2022-03-25 23:22:35,524] {logging_mixin.py:109} INFO - [2022-03-25 23:22:35,524] {dagbag.py:500} INFO - Filling up the DagBag from /Users/adebolafagbule/opt/anaconda3/envs/airflow_env/lib/python3.8/site-packages/airflow/example_dags/example_branch_datetime_operator.py
[2022-03-25 23:22:35,554] {processor.py:654} INFO - DAG(s) dict_keys(['example_branch_datetime_operator_2']) retrieved from /Users/adebolafagbule/opt/anaconda3/envs/airflow_env/lib/python3.8/site-packages/airflow/example_dags/example_branch_datetime_operator.py
[2022-03-25 23:22:35,567] {logging_mixin.py:109} INFO - [2022-03-25 23:22:35,567] {dag.py:2398} INFO - Sync 1 DAGs
[2022-03-25 23:22:35,577] {logging_mixin.py:109} INFO - [2022-03-25 23:22:35,577] {dag.py:2937} INFO - Setting next_dagrun for example_branch_datetime_operator_2 to 2022-03-26T00:00:00+00:00
[2022-03-25 23:22:35,582] {processor.py:171} INFO - Processing /Users/adebolafagbule/opt/anaconda3/envs/airflow_env/lib/python3.8/site-packages/airflow/example_dags/example_branch_datetime_operator.py took 0.060 seconds
[2022-03-25 23:23:58,478] {processor.py:163} INFO - Started process (PID=26780) to work on /Users/adebolafagbule/opt/anaconda3/envs/airflow_env/lib/python3.8/site-packages/airflow/example_dags/example_branch_datetime_operator.py
[2022-03-25 23:23:58,479] {processor.py:642} INFO - Processing file /Users/adebolafagbule/opt/anaconda3/envs/airflow_env/lib/python3.8/site-packages/airflow/example_dags/example_branch_datetime_operator.py for tasks to queue
[2022-03-25 23:23:58,479] {logging_mixin.py:109} INFO - [2022-03-25 23:23:58,479] {dagbag.py:500} INFO - Filling up the DagBag from /Users/adebolafagbule/opt/anaconda3/envs/airflow_env/lib/python3.8/site-packages/airflow/example_dags/example_branch_datetime_operator.py
[2022-03-25 23:23:58,521] {processor.py:654} INFO - DAG(s) dict_keys(['example_branch_datetime_operator_2']) retrieved from /Users/adebolafagbule/opt/anaconda3/envs/airflow_env/lib/python3.8/site-packages/airflow/example_dags/example_branch_datetime_operator.py
[2022-03-25 23:23:58,534] {logging_mixin.py:109} INFO - [2022-03-25 23:23:58,534] {dag.py:2398} INFO - Sync 1 DAGs
[2022-03-25 23:23:58,543] {logging_mixin.py:109} INFO - [2022-03-25 23:23:58,542] {dag.py:2937} INFO - Setting next_dagrun for example_branch_datetime_operator_2 to 2022-03-26T00:00:00+00:00
[2022-03-25 23:23:58,551] {processor.py:171} INFO - Processing /Users/adebolafagbule/opt/anaconda3/envs/airflow_env/lib/python3.8/site-packages/airflow/example_dags/example_branch_datetime_operator.py took 0.074 seconds
[2022-03-25 23:25:20,234] {processor.py:163} INFO - Started process (PID=26887) to work on /Users/adebolafagbule/opt/anaconda3/envs/airflow_env/lib/python3.8/site-packages/airflow/example_dags/example_branch_datetime_operator.py
[2022-03-25 23:25:20,235] {processor.py:642} INFO - Processing file /Users/adebolafagbule/opt/anaconda3/envs/airflow_env/lib/python3.8/site-packages/airflow/example_dags/example_branch_datetime_operator.py for tasks to queue
[2022-03-25 23:25:20,235] {logging_mixin.py:109} INFO - [2022-03-25 23:25:20,235] {dagbag.py:500} INFO - Filling up the DagBag from /Users/adebolafagbule/opt/anaconda3/envs/airflow_env/lib/python3.8/site-packages/airflow/example_dags/example_branch_datetime_operator.py
[2022-03-25 23:25:20,268] {processor.py:654} INFO - DAG(s) dict_keys(['example_branch_datetime_operator_2']) retrieved from /Users/adebolafagbule/opt/anaconda3/envs/airflow_env/lib/python3.8/site-packages/airflow/example_dags/example_branch_datetime_operator.py
[2022-03-25 23:25:20,282] {logging_mixin.py:109} INFO - [2022-03-25 23:25:20,282] {dag.py:2398} INFO - Sync 1 DAGs
[2022-03-25 23:25:20,291] {logging_mixin.py:109} INFO - [2022-03-25 23:25:20,291] {dag.py:2937} INFO - Setting next_dagrun for example_branch_datetime_operator_2 to 2022-03-26T00:00:00+00:00
[2022-03-25 23:25:20,297] {processor.py:171} INFO - Processing /Users/adebolafagbule/opt/anaconda3/envs/airflow_env/lib/python3.8/site-packages/airflow/example_dags/example_branch_datetime_operator.py took 0.063 seconds
[2022-03-25 23:26:41,401] {processor.py:163} INFO - Started process (PID=26984) to work on /Users/adebolafagbule/opt/anaconda3/envs/airflow_env/lib/python3.8/site-packages/airflow/example_dags/example_branch_datetime_operator.py
[2022-03-25 23:26:41,402] {processor.py:642} INFO - Processing file /Users/adebolafagbule/opt/anaconda3/envs/airflow_env/lib/python3.8/site-packages/airflow/example_dags/example_branch_datetime_operator.py for tasks to queue
[2022-03-25 23:26:41,402] {logging_mixin.py:109} INFO - [2022-03-25 23:26:41,402] {dagbag.py:500} INFO - Filling up the DagBag from /Users/adebolafagbule/opt/anaconda3/envs/airflow_env/lib/python3.8/site-packages/airflow/example_dags/example_branch_datetime_operator.py
[2022-03-25 23:26:41,432] {processor.py:654} INFO - DAG(s) dict_keys(['example_branch_datetime_operator_2']) retrieved from /Users/adebolafagbule/opt/anaconda3/envs/airflow_env/lib/python3.8/site-packages/airflow/example_dags/example_branch_datetime_operator.py
[2022-03-25 23:26:41,444] {logging_mixin.py:109} INFO - [2022-03-25 23:26:41,444] {dag.py:2398} INFO - Sync 1 DAGs
[2022-03-25 23:26:41,453] {logging_mixin.py:109} INFO - [2022-03-25 23:26:41,452] {dag.py:2937} INFO - Setting next_dagrun for example_branch_datetime_operator_2 to 2022-03-26T00:00:00+00:00
[2022-03-25 23:26:41,457] {processor.py:171} INFO - Processing /Users/adebolafagbule/opt/anaconda3/envs/airflow_env/lib/python3.8/site-packages/airflow/example_dags/example_branch_datetime_operator.py took 0.056 seconds
[2022-03-25 23:28:05,477] {processor.py:163} INFO - Started process (PID=27083) to work on /Users/adebolafagbule/opt/anaconda3/envs/airflow_env/lib/python3.8/site-packages/airflow/example_dags/example_branch_datetime_operator.py
[2022-03-25 23:28:05,477] {processor.py:642} INFO - Processing file /Users/adebolafagbule/opt/anaconda3/envs/airflow_env/lib/python3.8/site-packages/airflow/example_dags/example_branch_datetime_operator.py for tasks to queue
[2022-03-25 23:28:05,477] {logging_mixin.py:109} INFO - [2022-03-25 23:28:05,477] {dagbag.py:500} INFO - Filling up the DagBag from /Users/adebolafagbule/opt/anaconda3/envs/airflow_env/lib/python3.8/site-packages/airflow/example_dags/example_branch_datetime_operator.py
[2022-03-25 23:28:05,533] {processor.py:654} INFO - DAG(s) dict_keys(['example_branch_datetime_operator_2']) retrieved from /Users/adebolafagbule/opt/anaconda3/envs/airflow_env/lib/python3.8/site-packages/airflow/example_dags/example_branch_datetime_operator.py
[2022-03-25 23:28:05,546] {logging_mixin.py:109} INFO - [2022-03-25 23:28:05,546] {dag.py:2398} INFO - Sync 1 DAGs
[2022-03-25 23:28:05,556] {logging_mixin.py:109} INFO - [2022-03-25 23:28:05,556] {dag.py:2937} INFO - Setting next_dagrun for example_branch_datetime_operator_2 to 2022-03-26T00:00:00+00:00
[2022-03-25 23:28:05,562] {processor.py:171} INFO - Processing /Users/adebolafagbule/opt/anaconda3/envs/airflow_env/lib/python3.8/site-packages/airflow/example_dags/example_branch_datetime_operator.py took 0.086 seconds
[2022-03-25 23:29:25,472] {processor.py:163} INFO - Started process (PID=27164) to work on /Users/adebolafagbule/opt/anaconda3/envs/airflow_env/lib/python3.8/site-packages/airflow/example_dags/example_branch_datetime_operator.py
[2022-03-25 23:29:25,473] {processor.py:642} INFO - Processing file /Users/adebolafagbule/opt/anaconda3/envs/airflow_env/lib/python3.8/site-packages/airflow/example_dags/example_branch_datetime_operator.py for tasks to queue
[2022-03-25 23:29:25,473] {logging_mixin.py:109} INFO - [2022-03-25 23:29:25,473] {dagbag.py:500} INFO - Filling up the DagBag from /Users/adebolafagbule/opt/anaconda3/envs/airflow_env/lib/python3.8/site-packages/airflow/example_dags/example_branch_datetime_operator.py
[2022-03-25 23:29:25,502] {processor.py:654} INFO - DAG(s) dict_keys(['example_branch_datetime_operator_2']) retrieved from /Users/adebolafagbule/opt/anaconda3/envs/airflow_env/lib/python3.8/site-packages/airflow/example_dags/example_branch_datetime_operator.py
[2022-03-25 23:29:25,514] {logging_mixin.py:109} INFO - [2022-03-25 23:29:25,514] {dag.py:2398} INFO - Sync 1 DAGs
[2022-03-25 23:29:25,522] {logging_mixin.py:109} INFO - [2022-03-25 23:29:25,522] {dag.py:2937} INFO - Setting next_dagrun for example_branch_datetime_operator_2 to 2022-03-26T00:00:00+00:00
[2022-03-25 23:29:25,528] {processor.py:171} INFO - Processing /Users/adebolafagbule/opt/anaconda3/envs/airflow_env/lib/python3.8/site-packages/airflow/example_dags/example_branch_datetime_operator.py took 0.056 seconds
[2022-03-25 23:30:52,028] {processor.py:163} INFO - Started process (PID=27274) to work on /Users/adebolafagbule/opt/anaconda3/envs/airflow_env/lib/python3.8/site-packages/airflow/example_dags/example_branch_datetime_operator.py
[2022-03-25 23:30:52,028] {processor.py:642} INFO - Processing file /Users/adebolafagbule/opt/anaconda3/envs/airflow_env/lib/python3.8/site-packages/airflow/example_dags/example_branch_datetime_operator.py for tasks to queue
[2022-03-25 23:30:52,029] {logging_mixin.py:109} INFO - [2022-03-25 23:30:52,028] {dagbag.py:500} INFO - Filling up the DagBag from /Users/adebolafagbule/opt/anaconda3/envs/airflow_env/lib/python3.8/site-packages/airflow/example_dags/example_branch_datetime_operator.py
[2022-03-25 23:30:52,068] {processor.py:654} INFO - DAG(s) dict_keys(['example_branch_datetime_operator_2']) retrieved from /Users/adebolafagbule/opt/anaconda3/envs/airflow_env/lib/python3.8/site-packages/airflow/example_dags/example_branch_datetime_operator.py
[2022-03-25 23:30:52,083] {logging_mixin.py:109} INFO - [2022-03-25 23:30:52,082] {dag.py:2398} INFO - Sync 1 DAGs
[2022-03-25 23:30:52,092] {logging_mixin.py:109} INFO - [2022-03-25 23:30:52,092] {dag.py:2937} INFO - Setting next_dagrun for example_branch_datetime_operator_2 to 2022-03-26T00:00:00+00:00
[2022-03-25 23:30:52,097] {processor.py:171} INFO - Processing /Users/adebolafagbule/opt/anaconda3/envs/airflow_env/lib/python3.8/site-packages/airflow/example_dags/example_branch_datetime_operator.py took 0.070 seconds
[2022-03-25 23:32:17,433] {processor.py:163} INFO - Started process (PID=27361) to work on /Users/adebolafagbule/opt/anaconda3/envs/airflow_env/lib/python3.8/site-packages/airflow/example_dags/example_branch_datetime_operator.py
[2022-03-25 23:32:17,434] {processor.py:642} INFO - Processing file /Users/adebolafagbule/opt/anaconda3/envs/airflow_env/lib/python3.8/site-packages/airflow/example_dags/example_branch_datetime_operator.py for tasks to queue
[2022-03-25 23:32:17,434] {logging_mixin.py:109} INFO - [2022-03-25 23:32:17,434] {dagbag.py:500} INFO - Filling up the DagBag from /Users/adebolafagbule/opt/anaconda3/envs/airflow_env/lib/python3.8/site-packages/airflow/example_dags/example_branch_datetime_operator.py
[2022-03-25 23:32:17,463] {processor.py:654} INFO - DAG(s) dict_keys(['example_branch_datetime_operator_2']) retrieved from /Users/adebolafagbule/opt/anaconda3/envs/airflow_env/lib/python3.8/site-packages/airflow/example_dags/example_branch_datetime_operator.py
[2022-03-25 23:32:17,477] {logging_mixin.py:109} INFO - [2022-03-25 23:32:17,477] {dag.py:2398} INFO - Sync 1 DAGs
[2022-03-25 23:32:17,487] {logging_mixin.py:109} INFO - [2022-03-25 23:32:17,487] {dag.py:2937} INFO - Setting next_dagrun for example_branch_datetime_operator_2 to 2022-03-26T00:00:00+00:00
[2022-03-25 23:32:17,492] {processor.py:171} INFO - Processing /Users/adebolafagbule/opt/anaconda3/envs/airflow_env/lib/python3.8/site-packages/airflow/example_dags/example_branch_datetime_operator.py took 0.060 seconds
