[2022-03-25 21:25:45,721] {processor.py:163} INFO - Started process (PID=26331) to work on /Users/adebolafagbule/opt/anaconda3/envs/airflow_env/lib/python3.8/site-packages/airflow/example_dags/example_task_group_decorator.py
[2022-03-25 21:25:45,722] {processor.py:642} INFO - Processing file /Users/adebolafagbule/opt/anaconda3/envs/airflow_env/lib/python3.8/site-packages/airflow/example_dags/example_task_group_decorator.py for tasks to queue
[2022-03-25 21:25:45,722] {logging_mixin.py:109} INFO - [2022-03-25 21:25:45,722] {dagbag.py:500} INFO - Filling up the DagBag from /Users/adebolafagbule/opt/anaconda3/envs/airflow_env/lib/python3.8/site-packages/airflow/example_dags/example_task_group_decorator.py
[2022-03-25 21:25:45,825] {processor.py:654} INFO - DAG(s) dict_keys(['example_task_group_decorator']) retrieved from /Users/adebolafagbule/opt/anaconda3/envs/airflow_env/lib/python3.8/site-packages/airflow/example_dags/example_task_group_decorator.py
[2022-03-25 21:25:46,322] {logging_mixin.py:109} INFO - [2022-03-25 21:25:46,321] {dag.py:2398} INFO - Sync 1 DAGs
[2022-03-25 21:25:46,337] {logging_mixin.py:109} INFO - [2022-03-25 21:25:46,336] {dag.py:2937} INFO - Setting next_dagrun for example_task_group_decorator to 2022-03-25T01:25:46.336673+00:00
[2022-03-25 21:25:46,350] {processor.py:171} INFO - Processing /Users/adebolafagbule/opt/anaconda3/envs/airflow_env/lib/python3.8/site-packages/airflow/example_dags/example_task_group_decorator.py took 0.630 seconds
[2022-03-25 22:40:26,288] {processor.py:163} INFO - Started process (PID=26427) to work on /Users/adebolafagbule/opt/anaconda3/envs/airflow_env/lib/python3.8/site-packages/airflow/example_dags/example_task_group_decorator.py
[2022-03-25 22:40:26,290] {processor.py:642} INFO - Processing file /Users/adebolafagbule/opt/anaconda3/envs/airflow_env/lib/python3.8/site-packages/airflow/example_dags/example_task_group_decorator.py for tasks to queue
[2022-03-25 22:40:26,290] {logging_mixin.py:109} INFO - [2022-03-25 22:40:26,290] {dagbag.py:500} INFO - Filling up the DagBag from /Users/adebolafagbule/opt/anaconda3/envs/airflow_env/lib/python3.8/site-packages/airflow/example_dags/example_task_group_decorator.py
[2022-03-25 22:40:26,386] {processor.py:654} INFO - DAG(s) dict_keys(['example_task_group_decorator']) retrieved from /Users/adebolafagbule/opt/anaconda3/envs/airflow_env/lib/python3.8/site-packages/airflow/example_dags/example_task_group_decorator.py
[2022-03-25 22:40:26,768] {logging_mixin.py:109} INFO - [2022-03-25 22:40:26,767] {dag.py:2398} INFO - Sync 1 DAGs
[2022-03-25 22:40:26,782] {logging_mixin.py:109} INFO - [2022-03-25 22:40:26,782] {dag.py:2937} INFO - Setting next_dagrun for example_task_group_decorator to 2022-03-25T02:40:26.782358+00:00
[2022-03-25 22:40:26,795] {processor.py:171} INFO - Processing /Users/adebolafagbule/opt/anaconda3/envs/airflow_env/lib/python3.8/site-packages/airflow/example_dags/example_task_group_decorator.py took 0.508 seconds
[2022-03-25 23:22:15,739] {processor.py:163} INFO - Started process (PID=26567) to work on /Users/adebolafagbule/opt/anaconda3/envs/airflow_env/lib/python3.8/site-packages/airflow/example_dags/example_task_group_decorator.py
[2022-03-25 23:22:15,740] {processor.py:642} INFO - Processing file /Users/adebolafagbule/opt/anaconda3/envs/airflow_env/lib/python3.8/site-packages/airflow/example_dags/example_task_group_decorator.py for tasks to queue
[2022-03-25 23:22:15,741] {logging_mixin.py:109} INFO - [2022-03-25 23:22:15,741] {dagbag.py:500} INFO - Filling up the DagBag from /Users/adebolafagbule/opt/anaconda3/envs/airflow_env/lib/python3.8/site-packages/airflow/example_dags/example_task_group_decorator.py
[2022-03-25 23:22:15,788] {processor.py:654} INFO - DAG(s) dict_keys(['example_task_group_decorator']) retrieved from /Users/adebolafagbule/opt/anaconda3/envs/airflow_env/lib/python3.8/site-packages/airflow/example_dags/example_task_group_decorator.py
[2022-03-25 23:22:15,956] {logging_mixin.py:109} INFO - [2022-03-25 23:22:15,956] {dag.py:2398} INFO - Sync 1 DAGs
[2022-03-25 23:22:15,963] {logging_mixin.py:109} INFO - [2022-03-25 23:22:15,963] {dag.py:2937} INFO - Setting next_dagrun for example_task_group_decorator to 2022-03-25T03:22:15.963454+00:00
[2022-03-25 23:22:15,970] {processor.py:171} INFO - Processing /Users/adebolafagbule/opt/anaconda3/envs/airflow_env/lib/python3.8/site-packages/airflow/example_dags/example_task_group_decorator.py took 0.232 seconds
[2022-03-25 23:23:39,703] {processor.py:163} INFO - Started process (PID=26680) to work on /Users/adebolafagbule/opt/anaconda3/envs/airflow_env/lib/python3.8/site-packages/airflow/example_dags/example_task_group_decorator.py
[2022-03-25 23:23:39,703] {processor.py:642} INFO - Processing file /Users/adebolafagbule/opt/anaconda3/envs/airflow_env/lib/python3.8/site-packages/airflow/example_dags/example_task_group_decorator.py for tasks to queue
[2022-03-25 23:23:39,704] {logging_mixin.py:109} INFO - [2022-03-25 23:23:39,704] {dagbag.py:500} INFO - Filling up the DagBag from /Users/adebolafagbule/opt/anaconda3/envs/airflow_env/lib/python3.8/site-packages/airflow/example_dags/example_task_group_decorator.py
[2022-03-25 23:23:39,750] {processor.py:654} INFO - DAG(s) dict_keys(['example_task_group_decorator']) retrieved from /Users/adebolafagbule/opt/anaconda3/envs/airflow_env/lib/python3.8/site-packages/airflow/example_dags/example_task_group_decorator.py
[2022-03-25 23:23:39,908] {logging_mixin.py:109} INFO - [2022-03-25 23:23:39,908] {dag.py:2398} INFO - Sync 1 DAGs
[2022-03-25 23:23:39,915] {logging_mixin.py:109} INFO - [2022-03-25 23:23:39,915] {dag.py:2937} INFO - Setting next_dagrun for example_task_group_decorator to 2022-03-25T03:23:39.915093+00:00
[2022-03-25 23:23:39,922] {processor.py:171} INFO - Processing /Users/adebolafagbule/opt/anaconda3/envs/airflow_env/lib/python3.8/site-packages/airflow/example_dags/example_task_group_decorator.py took 0.220 seconds
[2022-03-25 23:25:00,391] {processor.py:163} INFO - Started process (PID=26853) to work on /Users/adebolafagbule/opt/anaconda3/envs/airflow_env/lib/python3.8/site-packages/airflow/example_dags/example_task_group_decorator.py
[2022-03-25 23:25:00,391] {processor.py:642} INFO - Processing file /Users/adebolafagbule/opt/anaconda3/envs/airflow_env/lib/python3.8/site-packages/airflow/example_dags/example_task_group_decorator.py for tasks to queue
[2022-03-25 23:25:00,392] {logging_mixin.py:109} INFO - [2022-03-25 23:25:00,392] {dagbag.py:500} INFO - Filling up the DagBag from /Users/adebolafagbule/opt/anaconda3/envs/airflow_env/lib/python3.8/site-packages/airflow/example_dags/example_task_group_decorator.py
[2022-03-25 23:25:00,439] {processor.py:654} INFO - DAG(s) dict_keys(['example_task_group_decorator']) retrieved from /Users/adebolafagbule/opt/anaconda3/envs/airflow_env/lib/python3.8/site-packages/airflow/example_dags/example_task_group_decorator.py
[2022-03-25 23:25:00,603] {logging_mixin.py:109} INFO - [2022-03-25 23:25:00,603] {dag.py:2398} INFO - Sync 1 DAGs
[2022-03-25 23:25:00,610] {logging_mixin.py:109} INFO - [2022-03-25 23:25:00,610] {dag.py:2937} INFO - Setting next_dagrun for example_task_group_decorator to 2022-03-25T03:25:00.610269+00:00
[2022-03-25 23:25:00,617] {processor.py:171} INFO - Processing /Users/adebolafagbule/opt/anaconda3/envs/airflow_env/lib/python3.8/site-packages/airflow/example_dags/example_task_group_decorator.py took 0.226 seconds
[2022-03-25 23:26:22,377] {processor.py:163} INFO - Started process (PID=26955) to work on /Users/adebolafagbule/opt/anaconda3/envs/airflow_env/lib/python3.8/site-packages/airflow/example_dags/example_task_group_decorator.py
[2022-03-25 23:26:22,378] {processor.py:642} INFO - Processing file /Users/adebolafagbule/opt/anaconda3/envs/airflow_env/lib/python3.8/site-packages/airflow/example_dags/example_task_group_decorator.py for tasks to queue
[2022-03-25 23:26:22,378] {logging_mixin.py:109} INFO - [2022-03-25 23:26:22,378] {dagbag.py:500} INFO - Filling up the DagBag from /Users/adebolafagbule/opt/anaconda3/envs/airflow_env/lib/python3.8/site-packages/airflow/example_dags/example_task_group_decorator.py
[2022-03-25 23:26:22,421] {processor.py:654} INFO - DAG(s) dict_keys(['example_task_group_decorator']) retrieved from /Users/adebolafagbule/opt/anaconda3/envs/airflow_env/lib/python3.8/site-packages/airflow/example_dags/example_task_group_decorator.py
[2022-03-25 23:26:22,578] {logging_mixin.py:109} INFO - [2022-03-25 23:26:22,578] {dag.py:2398} INFO - Sync 1 DAGs
[2022-03-25 23:26:22,585] {logging_mixin.py:109} INFO - [2022-03-25 23:26:22,585] {dag.py:2937} INFO - Setting next_dagrun for example_task_group_decorator to 2022-03-25T03:26:22.585563+00:00
[2022-03-25 23:26:22,592] {processor.py:171} INFO - Processing /Users/adebolafagbule/opt/anaconda3/envs/airflow_env/lib/python3.8/site-packages/airflow/example_dags/example_task_group_decorator.py took 0.216 seconds
[2022-03-25 23:27:46,620] {processor.py:163} INFO - Started process (PID=27065) to work on /Users/adebolafagbule/opt/anaconda3/envs/airflow_env/lib/python3.8/site-packages/airflow/example_dags/example_task_group_decorator.py
[2022-03-25 23:27:46,621] {processor.py:642} INFO - Processing file /Users/adebolafagbule/opt/anaconda3/envs/airflow_env/lib/python3.8/site-packages/airflow/example_dags/example_task_group_decorator.py for tasks to queue
[2022-03-25 23:27:46,622] {logging_mixin.py:109} INFO - [2022-03-25 23:27:46,622] {dagbag.py:500} INFO - Filling up the DagBag from /Users/adebolafagbule/opt/anaconda3/envs/airflow_env/lib/python3.8/site-packages/airflow/example_dags/example_task_group_decorator.py
[2022-03-25 23:27:46,669] {processor.py:654} INFO - DAG(s) dict_keys(['example_task_group_decorator']) retrieved from /Users/adebolafagbule/opt/anaconda3/envs/airflow_env/lib/python3.8/site-packages/airflow/example_dags/example_task_group_decorator.py
[2022-03-25 23:27:46,822] {logging_mixin.py:109} INFO - [2022-03-25 23:27:46,822] {dag.py:2398} INFO - Sync 1 DAGs
[2022-03-25 23:27:46,829] {logging_mixin.py:109} INFO - [2022-03-25 23:27:46,829] {dag.py:2937} INFO - Setting next_dagrun for example_task_group_decorator to 2022-03-25T03:27:46.829060+00:00
[2022-03-25 23:27:46,836] {processor.py:171} INFO - Processing /Users/adebolafagbule/opt/anaconda3/envs/airflow_env/lib/python3.8/site-packages/airflow/example_dags/example_task_group_decorator.py took 0.216 seconds
[2022-03-25 23:29:06,383] {processor.py:163} INFO - Started process (PID=27144) to work on /Users/adebolafagbule/opt/anaconda3/envs/airflow_env/lib/python3.8/site-packages/airflow/example_dags/example_task_group_decorator.py
[2022-03-25 23:29:06,384] {processor.py:642} INFO - Processing file /Users/adebolafagbule/opt/anaconda3/envs/airflow_env/lib/python3.8/site-packages/airflow/example_dags/example_task_group_decorator.py for tasks to queue
[2022-03-25 23:29:06,385] {logging_mixin.py:109} INFO - [2022-03-25 23:29:06,385] {dagbag.py:500} INFO - Filling up the DagBag from /Users/adebolafagbule/opt/anaconda3/envs/airflow_env/lib/python3.8/site-packages/airflow/example_dags/example_task_group_decorator.py
[2022-03-25 23:29:06,429] {processor.py:654} INFO - DAG(s) dict_keys(['example_task_group_decorator']) retrieved from /Users/adebolafagbule/opt/anaconda3/envs/airflow_env/lib/python3.8/site-packages/airflow/example_dags/example_task_group_decorator.py
[2022-03-25 23:29:06,584] {logging_mixin.py:109} INFO - [2022-03-25 23:29:06,584] {dag.py:2398} INFO - Sync 1 DAGs
[2022-03-25 23:29:06,590] {logging_mixin.py:109} INFO - [2022-03-25 23:29:06,590] {dag.py:2937} INFO - Setting next_dagrun for example_task_group_decorator to 2022-03-25T03:29:06.590502+00:00
[2022-03-25 23:29:06,597] {processor.py:171} INFO - Processing /Users/adebolafagbule/opt/anaconda3/envs/airflow_env/lib/python3.8/site-packages/airflow/example_dags/example_task_group_decorator.py took 0.215 seconds
[2022-03-25 23:30:32,506] {processor.py:163} INFO - Started process (PID=27248) to work on /Users/adebolafagbule/opt/anaconda3/envs/airflow_env/lib/python3.8/site-packages/airflow/example_dags/example_task_group_decorator.py
[2022-03-25 23:30:32,507] {processor.py:642} INFO - Processing file /Users/adebolafagbule/opt/anaconda3/envs/airflow_env/lib/python3.8/site-packages/airflow/example_dags/example_task_group_decorator.py for tasks to queue
[2022-03-25 23:30:32,508] {logging_mixin.py:109} INFO - [2022-03-25 23:30:32,508] {dagbag.py:500} INFO - Filling up the DagBag from /Users/adebolafagbule/opt/anaconda3/envs/airflow_env/lib/python3.8/site-packages/airflow/example_dags/example_task_group_decorator.py
[2022-03-25 23:30:32,555] {processor.py:654} INFO - DAG(s) dict_keys(['example_task_group_decorator']) retrieved from /Users/adebolafagbule/opt/anaconda3/envs/airflow_env/lib/python3.8/site-packages/airflow/example_dags/example_task_group_decorator.py
[2022-03-25 23:30:32,713] {logging_mixin.py:109} INFO - [2022-03-25 23:30:32,713] {dag.py:2398} INFO - Sync 1 DAGs
[2022-03-25 23:30:32,720] {logging_mixin.py:109} INFO - [2022-03-25 23:30:32,720] {dag.py:2937} INFO - Setting next_dagrun for example_task_group_decorator to 2022-03-25T03:30:32.720117+00:00
[2022-03-25 23:30:32,726] {processor.py:171} INFO - Processing /Users/adebolafagbule/opt/anaconda3/envs/airflow_env/lib/python3.8/site-packages/airflow/example_dags/example_task_group_decorator.py took 0.221 seconds
[2022-03-25 23:31:57,560] {processor.py:163} INFO - Started process (PID=27342) to work on /Users/adebolafagbule/opt/anaconda3/envs/airflow_env/lib/python3.8/site-packages/airflow/example_dags/example_task_group_decorator.py
[2022-03-25 23:31:57,560] {processor.py:642} INFO - Processing file /Users/adebolafagbule/opt/anaconda3/envs/airflow_env/lib/python3.8/site-packages/airflow/example_dags/example_task_group_decorator.py for tasks to queue
[2022-03-25 23:31:57,560] {logging_mixin.py:109} INFO - [2022-03-25 23:31:57,560] {dagbag.py:500} INFO - Filling up the DagBag from /Users/adebolafagbule/opt/anaconda3/envs/airflow_env/lib/python3.8/site-packages/airflow/example_dags/example_task_group_decorator.py
[2022-03-25 23:31:57,608] {processor.py:654} INFO - DAG(s) dict_keys(['example_task_group_decorator']) retrieved from /Users/adebolafagbule/opt/anaconda3/envs/airflow_env/lib/python3.8/site-packages/airflow/example_dags/example_task_group_decorator.py
[2022-03-25 23:31:57,786] {logging_mixin.py:109} INFO - [2022-03-25 23:31:57,786] {dag.py:2398} INFO - Sync 1 DAGs
[2022-03-25 23:31:57,793] {logging_mixin.py:109} INFO - [2022-03-25 23:31:57,793] {dag.py:2937} INFO - Setting next_dagrun for example_task_group_decorator to 2022-03-25T03:31:57.793044+00:00
[2022-03-25 23:31:57,800] {processor.py:171} INFO - Processing /Users/adebolafagbule/opt/anaconda3/envs/airflow_env/lib/python3.8/site-packages/airflow/example_dags/example_task_group_decorator.py took 0.241 seconds
[2022-03-25 23:33:21,352] {processor.py:163} INFO - Started process (PID=27426) to work on /Users/adebolafagbule/opt/anaconda3/envs/airflow_env/lib/python3.8/site-packages/airflow/example_dags/example_task_group_decorator.py
[2022-03-25 23:33:21,354] {processor.py:642} INFO - Processing file /Users/adebolafagbule/opt/anaconda3/envs/airflow_env/lib/python3.8/site-packages/airflow/example_dags/example_task_group_decorator.py for tasks to queue
[2022-03-25 23:33:21,354] {logging_mixin.py:109} INFO - [2022-03-25 23:33:21,354] {dagbag.py:500} INFO - Filling up the DagBag from /Users/adebolafagbule/opt/anaconda3/envs/airflow_env/lib/python3.8/site-packages/airflow/example_dags/example_task_group_decorator.py
[2022-03-25 23:33:21,412] {processor.py:654} INFO - DAG(s) dict_keys(['example_task_group_decorator']) retrieved from /Users/adebolafagbule/opt/anaconda3/envs/airflow_env/lib/python3.8/site-packages/airflow/example_dags/example_task_group_decorator.py
[2022-03-25 23:33:21,577] {logging_mixin.py:109} INFO - [2022-03-25 23:33:21,577] {dag.py:2398} INFO - Sync 1 DAGs
[2022-03-25 23:33:21,584] {logging_mixin.py:109} INFO - [2022-03-25 23:33:21,584] {dag.py:2937} INFO - Setting next_dagrun for example_task_group_decorator to 2022-03-25T03:33:21.584540+00:00
[2022-03-25 23:33:21,591] {processor.py:171} INFO - Processing /Users/adebolafagbule/opt/anaconda3/envs/airflow_env/lib/python3.8/site-packages/airflow/example_dags/example_task_group_decorator.py took 0.239 seconds
