[2022-03-25 21:25:41,840] {processor.py:163} INFO - Started process (PID=26329) to work on /Users/adebolafagbule/opt/anaconda3/envs/airflow_env/lib/python3.8/site-packages/airflow/example_dags/example_time_delta_sensor_async.py
[2022-03-25 21:25:41,841] {processor.py:642} INFO - Processing file /Users/adebolafagbule/opt/anaconda3/envs/airflow_env/lib/python3.8/site-packages/airflow/example_dags/example_time_delta_sensor_async.py for tasks to queue
[2022-03-25 21:25:41,842] {logging_mixin.py:109} INFO - [2022-03-25 21:25:41,842] {dagbag.py:500} INFO - Filling up the DagBag from /Users/adebolafagbule/opt/anaconda3/envs/airflow_env/lib/python3.8/site-packages/airflow/example_dags/example_time_delta_sensor_async.py
[2022-03-25 21:25:41,909] {processor.py:654} INFO - DAG(s) dict_keys(['example_time_delta_sensor_async']) retrieved from /Users/adebolafagbule/opt/anaconda3/envs/airflow_env/lib/python3.8/site-packages/airflow/example_dags/example_time_delta_sensor_async.py
[2022-03-25 21:25:41,939] {logging_mixin.py:109} INFO - [2022-03-25 21:25:41,939] {dag.py:2398} INFO - Sync 1 DAGs
[2022-03-25 21:25:41,957] {logging_mixin.py:109} INFO - [2022-03-25 21:25:41,957] {dag.py:2937} INFO - Setting next_dagrun for example_time_delta_sensor_async to None
[2022-03-25 21:25:41,968] {processor.py:171} INFO - Processing /Users/adebolafagbule/opt/anaconda3/envs/airflow_env/lib/python3.8/site-packages/airflow/example_dags/example_time_delta_sensor_async.py took 0.129 seconds
[2022-03-25 22:40:22,683] {processor.py:163} INFO - Started process (PID=26425) to work on /Users/adebolafagbule/opt/anaconda3/envs/airflow_env/lib/python3.8/site-packages/airflow/example_dags/example_time_delta_sensor_async.py
[2022-03-25 22:40:22,685] {processor.py:642} INFO - Processing file /Users/adebolafagbule/opt/anaconda3/envs/airflow_env/lib/python3.8/site-packages/airflow/example_dags/example_time_delta_sensor_async.py for tasks to queue
[2022-03-25 22:40:22,686] {logging_mixin.py:109} INFO - [2022-03-25 22:40:22,686] {dagbag.py:500} INFO - Filling up the DagBag from /Users/adebolafagbule/opt/anaconda3/envs/airflow_env/lib/python3.8/site-packages/airflow/example_dags/example_time_delta_sensor_async.py
[2022-03-25 22:40:22,749] {processor.py:654} INFO - DAG(s) dict_keys(['example_time_delta_sensor_async']) retrieved from /Users/adebolafagbule/opt/anaconda3/envs/airflow_env/lib/python3.8/site-packages/airflow/example_dags/example_time_delta_sensor_async.py
[2022-03-25 22:40:22,777] {logging_mixin.py:109} INFO - [2022-03-25 22:40:22,777] {dag.py:2398} INFO - Sync 1 DAGs
[2022-03-25 22:40:22,794] {logging_mixin.py:109} INFO - [2022-03-25 22:40:22,794] {dag.py:2937} INFO - Setting next_dagrun for example_time_delta_sensor_async to None
[2022-03-25 22:40:22,805] {processor.py:171} INFO - Processing /Users/adebolafagbule/opt/anaconda3/envs/airflow_env/lib/python3.8/site-packages/airflow/example_dags/example_time_delta_sensor_async.py took 0.122 seconds
[2022-03-25 23:22:13,456] {processor.py:163} INFO - Started process (PID=26565) to work on /Users/adebolafagbule/opt/anaconda3/envs/airflow_env/lib/python3.8/site-packages/airflow/example_dags/example_time_delta_sensor_async.py
[2022-03-25 23:22:13,457] {processor.py:642} INFO - Processing file /Users/adebolafagbule/opt/anaconda3/envs/airflow_env/lib/python3.8/site-packages/airflow/example_dags/example_time_delta_sensor_async.py for tasks to queue
[2022-03-25 23:22:13,457] {logging_mixin.py:109} INFO - [2022-03-25 23:22:13,457] {dagbag.py:500} INFO - Filling up the DagBag from /Users/adebolafagbule/opt/anaconda3/envs/airflow_env/lib/python3.8/site-packages/airflow/example_dags/example_time_delta_sensor_async.py
[2022-03-25 23:22:13,488] {processor.py:654} INFO - DAG(s) dict_keys(['example_time_delta_sensor_async']) retrieved from /Users/adebolafagbule/opt/anaconda3/envs/airflow_env/lib/python3.8/site-packages/airflow/example_dags/example_time_delta_sensor_async.py
[2022-03-25 23:22:13,501] {logging_mixin.py:109} INFO - [2022-03-25 23:22:13,500] {dag.py:2398} INFO - Sync 1 DAGs
[2022-03-25 23:22:13,508] {logging_mixin.py:109} INFO - [2022-03-25 23:22:13,508] {dag.py:2937} INFO - Setting next_dagrun for example_time_delta_sensor_async to None
[2022-03-25 23:22:13,513] {processor.py:171} INFO - Processing /Users/adebolafagbule/opt/anaconda3/envs/airflow_env/lib/python3.8/site-packages/airflow/example_dags/example_time_delta_sensor_async.py took 0.058 seconds
[2022-03-25 23:23:37,429] {processor.py:163} INFO - Started process (PID=26678) to work on /Users/adebolafagbule/opt/anaconda3/envs/airflow_env/lib/python3.8/site-packages/airflow/example_dags/example_time_delta_sensor_async.py
[2022-03-25 23:23:37,429] {processor.py:642} INFO - Processing file /Users/adebolafagbule/opt/anaconda3/envs/airflow_env/lib/python3.8/site-packages/airflow/example_dags/example_time_delta_sensor_async.py for tasks to queue
[2022-03-25 23:23:37,430] {logging_mixin.py:109} INFO - [2022-03-25 23:23:37,430] {dagbag.py:500} INFO - Filling up the DagBag from /Users/adebolafagbule/opt/anaconda3/envs/airflow_env/lib/python3.8/site-packages/airflow/example_dags/example_time_delta_sensor_async.py
[2022-03-25 23:23:37,457] {processor.py:654} INFO - DAG(s) dict_keys(['example_time_delta_sensor_async']) retrieved from /Users/adebolafagbule/opt/anaconda3/envs/airflow_env/lib/python3.8/site-packages/airflow/example_dags/example_time_delta_sensor_async.py
[2022-03-25 23:23:37,469] {logging_mixin.py:109} INFO - [2022-03-25 23:23:37,469] {dag.py:2398} INFO - Sync 1 DAGs
[2022-03-25 23:23:37,477] {logging_mixin.py:109} INFO - [2022-03-25 23:23:37,477] {dag.py:2937} INFO - Setting next_dagrun for example_time_delta_sensor_async to None
[2022-03-25 23:23:37,484] {processor.py:171} INFO - Processing /Users/adebolafagbule/opt/anaconda3/envs/airflow_env/lib/python3.8/site-packages/airflow/example_dags/example_time_delta_sensor_async.py took 0.056 seconds
[2022-03-25 23:24:58,762] {processor.py:163} INFO - Started process (PID=26850) to work on /Users/adebolafagbule/opt/anaconda3/envs/airflow_env/lib/python3.8/site-packages/airflow/example_dags/example_time_delta_sensor_async.py
[2022-03-25 23:24:58,763] {processor.py:642} INFO - Processing file /Users/adebolafagbule/opt/anaconda3/envs/airflow_env/lib/python3.8/site-packages/airflow/example_dags/example_time_delta_sensor_async.py for tasks to queue
[2022-03-25 23:24:58,764] {logging_mixin.py:109} INFO - [2022-03-25 23:24:58,764] {dagbag.py:500} INFO - Filling up the DagBag from /Users/adebolafagbule/opt/anaconda3/envs/airflow_env/lib/python3.8/site-packages/airflow/example_dags/example_time_delta_sensor_async.py
[2022-03-25 23:24:58,793] {processor.py:654} INFO - DAG(s) dict_keys(['example_time_delta_sensor_async']) retrieved from /Users/adebolafagbule/opt/anaconda3/envs/airflow_env/lib/python3.8/site-packages/airflow/example_dags/example_time_delta_sensor_async.py
[2022-03-25 23:24:58,806] {logging_mixin.py:109} INFO - [2022-03-25 23:24:58,805] {dag.py:2398} INFO - Sync 1 DAGs
[2022-03-25 23:24:58,813] {logging_mixin.py:109} INFO - [2022-03-25 23:24:58,813] {dag.py:2937} INFO - Setting next_dagrun for example_time_delta_sensor_async to None
[2022-03-25 23:24:58,819] {processor.py:171} INFO - Processing /Users/adebolafagbule/opt/anaconda3/envs/airflow_env/lib/python3.8/site-packages/airflow/example_dags/example_time_delta_sensor_async.py took 0.057 seconds
[2022-03-25 23:26:20,562] {processor.py:163} INFO - Started process (PID=26953) to work on /Users/adebolafagbule/opt/anaconda3/envs/airflow_env/lib/python3.8/site-packages/airflow/example_dags/example_time_delta_sensor_async.py
[2022-03-25 23:26:20,563] {processor.py:642} INFO - Processing file /Users/adebolafagbule/opt/anaconda3/envs/airflow_env/lib/python3.8/site-packages/airflow/example_dags/example_time_delta_sensor_async.py for tasks to queue
[2022-03-25 23:26:20,564] {logging_mixin.py:109} INFO - [2022-03-25 23:26:20,564] {dagbag.py:500} INFO - Filling up the DagBag from /Users/adebolafagbule/opt/anaconda3/envs/airflow_env/lib/python3.8/site-packages/airflow/example_dags/example_time_delta_sensor_async.py
[2022-03-25 23:26:20,604] {processor.py:654} INFO - DAG(s) dict_keys(['example_time_delta_sensor_async']) retrieved from /Users/adebolafagbule/opt/anaconda3/envs/airflow_env/lib/python3.8/site-packages/airflow/example_dags/example_time_delta_sensor_async.py
[2022-03-25 23:26:20,617] {logging_mixin.py:109} INFO - [2022-03-25 23:26:20,617] {dag.py:2398} INFO - Sync 1 DAGs
[2022-03-25 23:26:20,624] {logging_mixin.py:109} INFO - [2022-03-25 23:26:20,624] {dag.py:2937} INFO - Setting next_dagrun for example_time_delta_sensor_async to None
[2022-03-25 23:26:20,630] {processor.py:171} INFO - Processing /Users/adebolafagbule/opt/anaconda3/envs/airflow_env/lib/python3.8/site-packages/airflow/example_dags/example_time_delta_sensor_async.py took 0.069 seconds
[2022-03-25 23:27:44,369] {processor.py:163} INFO - Started process (PID=27063) to work on /Users/adebolafagbule/opt/anaconda3/envs/airflow_env/lib/python3.8/site-packages/airflow/example_dags/example_time_delta_sensor_async.py
[2022-03-25 23:27:44,371] {processor.py:642} INFO - Processing file /Users/adebolafagbule/opt/anaconda3/envs/airflow_env/lib/python3.8/site-packages/airflow/example_dags/example_time_delta_sensor_async.py for tasks to queue
[2022-03-25 23:27:44,372] {logging_mixin.py:109} INFO - [2022-03-25 23:27:44,371] {dagbag.py:500} INFO - Filling up the DagBag from /Users/adebolafagbule/opt/anaconda3/envs/airflow_env/lib/python3.8/site-packages/airflow/example_dags/example_time_delta_sensor_async.py
[2022-03-25 23:27:44,416] {processor.py:654} INFO - DAG(s) dict_keys(['example_time_delta_sensor_async']) retrieved from /Users/adebolafagbule/opt/anaconda3/envs/airflow_env/lib/python3.8/site-packages/airflow/example_dags/example_time_delta_sensor_async.py
[2022-03-25 23:27:44,429] {logging_mixin.py:109} INFO - [2022-03-25 23:27:44,429] {dag.py:2398} INFO - Sync 1 DAGs
[2022-03-25 23:27:44,436] {logging_mixin.py:109} INFO - [2022-03-25 23:27:44,436] {dag.py:2937} INFO - Setting next_dagrun for example_time_delta_sensor_async to None
[2022-03-25 23:27:44,445] {processor.py:171} INFO - Processing /Users/adebolafagbule/opt/anaconda3/envs/airflow_env/lib/python3.8/site-packages/airflow/example_dags/example_time_delta_sensor_async.py took 0.076 seconds
[2022-03-25 23:29:04,253] {processor.py:163} INFO - Started process (PID=27141) to work on /Users/adebolafagbule/opt/anaconda3/envs/airflow_env/lib/python3.8/site-packages/airflow/example_dags/example_time_delta_sensor_async.py
[2022-03-25 23:29:04,254] {processor.py:642} INFO - Processing file /Users/adebolafagbule/opt/anaconda3/envs/airflow_env/lib/python3.8/site-packages/airflow/example_dags/example_time_delta_sensor_async.py for tasks to queue
[2022-03-25 23:29:04,255] {logging_mixin.py:109} INFO - [2022-03-25 23:29:04,255] {dagbag.py:500} INFO - Filling up the DagBag from /Users/adebolafagbule/opt/anaconda3/envs/airflow_env/lib/python3.8/site-packages/airflow/example_dags/example_time_delta_sensor_async.py
[2022-03-25 23:29:04,297] {processor.py:654} INFO - DAG(s) dict_keys(['example_time_delta_sensor_async']) retrieved from /Users/adebolafagbule/opt/anaconda3/envs/airflow_env/lib/python3.8/site-packages/airflow/example_dags/example_time_delta_sensor_async.py
[2022-03-25 23:29:04,310] {logging_mixin.py:109} INFO - [2022-03-25 23:29:04,310] {dag.py:2398} INFO - Sync 1 DAGs
[2022-03-25 23:29:04,317] {logging_mixin.py:109} INFO - [2022-03-25 23:29:04,317] {dag.py:2937} INFO - Setting next_dagrun for example_time_delta_sensor_async to None
[2022-03-25 23:29:04,323] {processor.py:171} INFO - Processing /Users/adebolafagbule/opt/anaconda3/envs/airflow_env/lib/python3.8/site-packages/airflow/example_dags/example_time_delta_sensor_async.py took 0.070 seconds
[2022-03-25 23:30:30,222] {processor.py:163} INFO - Started process (PID=27246) to work on /Users/adebolafagbule/opt/anaconda3/envs/airflow_env/lib/python3.8/site-packages/airflow/example_dags/example_time_delta_sensor_async.py
[2022-03-25 23:30:30,224] {processor.py:642} INFO - Processing file /Users/adebolafagbule/opt/anaconda3/envs/airflow_env/lib/python3.8/site-packages/airflow/example_dags/example_time_delta_sensor_async.py for tasks to queue
[2022-03-25 23:30:30,224] {logging_mixin.py:109} INFO - [2022-03-25 23:30:30,224] {dagbag.py:500} INFO - Filling up the DagBag from /Users/adebolafagbule/opt/anaconda3/envs/airflow_env/lib/python3.8/site-packages/airflow/example_dags/example_time_delta_sensor_async.py
[2022-03-25 23:30:30,257] {processor.py:654} INFO - DAG(s) dict_keys(['example_time_delta_sensor_async']) retrieved from /Users/adebolafagbule/opt/anaconda3/envs/airflow_env/lib/python3.8/site-packages/airflow/example_dags/example_time_delta_sensor_async.py
[2022-03-25 23:30:30,269] {logging_mixin.py:109} INFO - [2022-03-25 23:30:30,269] {dag.py:2398} INFO - Sync 1 DAGs
[2022-03-25 23:30:30,278] {logging_mixin.py:109} INFO - [2022-03-25 23:30:30,278] {dag.py:2937} INFO - Setting next_dagrun for example_time_delta_sensor_async to None
[2022-03-25 23:30:30,283] {processor.py:171} INFO - Processing /Users/adebolafagbule/opt/anaconda3/envs/airflow_env/lib/python3.8/site-packages/airflow/example_dags/example_time_delta_sensor_async.py took 0.062 seconds
[2022-03-25 23:31:55,013] {processor.py:163} INFO - Started process (PID=27339) to work on /Users/adebolafagbule/opt/anaconda3/envs/airflow_env/lib/python3.8/site-packages/airflow/example_dags/example_time_delta_sensor_async.py
[2022-03-25 23:31:55,013] {processor.py:642} INFO - Processing file /Users/adebolafagbule/opt/anaconda3/envs/airflow_env/lib/python3.8/site-packages/airflow/example_dags/example_time_delta_sensor_async.py for tasks to queue
[2022-03-25 23:31:55,014] {logging_mixin.py:109} INFO - [2022-03-25 23:31:55,014] {dagbag.py:500} INFO - Filling up the DagBag from /Users/adebolafagbule/opt/anaconda3/envs/airflow_env/lib/python3.8/site-packages/airflow/example_dags/example_time_delta_sensor_async.py
[2022-03-25 23:31:55,046] {processor.py:654} INFO - DAG(s) dict_keys(['example_time_delta_sensor_async']) retrieved from /Users/adebolafagbule/opt/anaconda3/envs/airflow_env/lib/python3.8/site-packages/airflow/example_dags/example_time_delta_sensor_async.py
[2022-03-25 23:31:55,059] {logging_mixin.py:109} INFO - [2022-03-25 23:31:55,059] {dag.py:2398} INFO - Sync 1 DAGs
[2022-03-25 23:31:55,067] {logging_mixin.py:109} INFO - [2022-03-25 23:31:55,067] {dag.py:2937} INFO - Setting next_dagrun for example_time_delta_sensor_async to None
[2022-03-25 23:31:55,072] {processor.py:171} INFO - Processing /Users/adebolafagbule/opt/anaconda3/envs/airflow_env/lib/python3.8/site-packages/airflow/example_dags/example_time_delta_sensor_async.py took 0.060 seconds
[2022-03-25 23:33:18,766] {processor.py:163} INFO - Started process (PID=27424) to work on /Users/adebolafagbule/opt/anaconda3/envs/airflow_env/lib/python3.8/site-packages/airflow/example_dags/example_time_delta_sensor_async.py
[2022-03-25 23:33:18,767] {processor.py:642} INFO - Processing file /Users/adebolafagbule/opt/anaconda3/envs/airflow_env/lib/python3.8/site-packages/airflow/example_dags/example_time_delta_sensor_async.py for tasks to queue
[2022-03-25 23:33:18,768] {logging_mixin.py:109} INFO - [2022-03-25 23:33:18,768] {dagbag.py:500} INFO - Filling up the DagBag from /Users/adebolafagbule/opt/anaconda3/envs/airflow_env/lib/python3.8/site-packages/airflow/example_dags/example_time_delta_sensor_async.py
[2022-03-25 23:33:18,801] {processor.py:654} INFO - DAG(s) dict_keys(['example_time_delta_sensor_async']) retrieved from /Users/adebolafagbule/opt/anaconda3/envs/airflow_env/lib/python3.8/site-packages/airflow/example_dags/example_time_delta_sensor_async.py
[2022-03-25 23:33:18,815] {logging_mixin.py:109} INFO - [2022-03-25 23:33:18,815] {dag.py:2398} INFO - Sync 1 DAGs
[2022-03-25 23:33:18,822] {logging_mixin.py:109} INFO - [2022-03-25 23:33:18,822] {dag.py:2937} INFO - Setting next_dagrun for example_time_delta_sensor_async to None
[2022-03-25 23:33:18,828] {processor.py:171} INFO - Processing /Users/adebolafagbule/opt/anaconda3/envs/airflow_env/lib/python3.8/site-packages/airflow/example_dags/example_time_delta_sensor_async.py took 0.062 seconds
