[2022-03-25 21:25:50,021] {processor.py:163} INFO - Started process (PID=26333) to work on /Users/adebolafagbule/opt/anaconda3/envs/airflow_env/lib/python3.8/site-packages/airflow/example_dags/example_task_group.py
[2022-03-25 21:25:50,021] {processor.py:642} INFO - Processing file /Users/adebolafagbule/opt/anaconda3/envs/airflow_env/lib/python3.8/site-packages/airflow/example_dags/example_task_group.py for tasks to queue
[2022-03-25 21:25:50,022] {logging_mixin.py:109} INFO - [2022-03-25 21:25:50,022] {dagbag.py:500} INFO - Filling up the DagBag from /Users/adebolafagbule/opt/anaconda3/envs/airflow_env/lib/python3.8/site-packages/airflow/example_dags/example_task_group.py
[2022-03-25 21:25:50,086] {processor.py:654} INFO - DAG(s) dict_keys(['example_task_group']) retrieved from /Users/adebolafagbule/opt/anaconda3/envs/airflow_env/lib/python3.8/site-packages/airflow/example_dags/example_task_group.py
[2022-03-25 21:25:50,113] {logging_mixin.py:109} INFO - [2022-03-25 21:25:50,113] {dag.py:2398} INFO - Sync 1 DAGs
[2022-03-25 21:25:50,129] {logging_mixin.py:109} INFO - [2022-03-25 21:25:50,129] {dag.py:2937} INFO - Setting next_dagrun for example_task_group to 2022-03-25T01:25:50.128848+00:00
[2022-03-25 21:25:50,140] {processor.py:171} INFO - Processing /Users/adebolafagbule/opt/anaconda3/envs/airflow_env/lib/python3.8/site-packages/airflow/example_dags/example_task_group.py took 0.120 seconds
[2022-03-25 22:40:30,144] {processor.py:163} INFO - Started process (PID=26429) to work on /Users/adebolafagbule/opt/anaconda3/envs/airflow_env/lib/python3.8/site-packages/airflow/example_dags/example_task_group.py
[2022-03-25 22:40:30,145] {processor.py:642} INFO - Processing file /Users/adebolafagbule/opt/anaconda3/envs/airflow_env/lib/python3.8/site-packages/airflow/example_dags/example_task_group.py for tasks to queue
[2022-03-25 22:40:30,146] {logging_mixin.py:109} INFO - [2022-03-25 22:40:30,146] {dagbag.py:500} INFO - Filling up the DagBag from /Users/adebolafagbule/opt/anaconda3/envs/airflow_env/lib/python3.8/site-packages/airflow/example_dags/example_task_group.py
[2022-03-25 22:40:30,203] {processor.py:654} INFO - DAG(s) dict_keys(['example_task_group']) retrieved from /Users/adebolafagbule/opt/anaconda3/envs/airflow_env/lib/python3.8/site-packages/airflow/example_dags/example_task_group.py
[2022-03-25 22:40:30,231] {logging_mixin.py:109} INFO - [2022-03-25 22:40:30,231] {dag.py:2398} INFO - Sync 1 DAGs
[2022-03-25 22:40:30,246] {logging_mixin.py:109} INFO - [2022-03-25 22:40:30,246] {dag.py:2937} INFO - Setting next_dagrun for example_task_group to 2022-03-25T02:40:30.246522+00:00
[2022-03-25 22:40:30,257] {processor.py:171} INFO - Processing /Users/adebolafagbule/opt/anaconda3/envs/airflow_env/lib/python3.8/site-packages/airflow/example_dags/example_task_group.py took 0.114 seconds
[2022-03-25 23:22:18,237] {processor.py:163} INFO - Started process (PID=26569) to work on /Users/adebolafagbule/opt/anaconda3/envs/airflow_env/lib/python3.8/site-packages/airflow/example_dags/example_task_group.py
[2022-03-25 23:22:18,238] {processor.py:642} INFO - Processing file /Users/adebolafagbule/opt/anaconda3/envs/airflow_env/lib/python3.8/site-packages/airflow/example_dags/example_task_group.py for tasks to queue
[2022-03-25 23:22:18,238] {logging_mixin.py:109} INFO - [2022-03-25 23:22:18,238] {dagbag.py:500} INFO - Filling up the DagBag from /Users/adebolafagbule/opt/anaconda3/envs/airflow_env/lib/python3.8/site-packages/airflow/example_dags/example_task_group.py
[2022-03-25 23:22:18,267] {processor.py:654} INFO - DAG(s) dict_keys(['example_task_group']) retrieved from /Users/adebolafagbule/opt/anaconda3/envs/airflow_env/lib/python3.8/site-packages/airflow/example_dags/example_task_group.py
[2022-03-25 23:22:18,281] {logging_mixin.py:109} INFO - [2022-03-25 23:22:18,281] {dag.py:2398} INFO - Sync 1 DAGs
[2022-03-25 23:22:18,289] {logging_mixin.py:109} INFO - [2022-03-25 23:22:18,289] {dag.py:2937} INFO - Setting next_dagrun for example_task_group to 2022-03-25T03:22:18.289077+00:00
[2022-03-25 23:22:18,295] {processor.py:171} INFO - Processing /Users/adebolafagbule/opt/anaconda3/envs/airflow_env/lib/python3.8/site-packages/airflow/example_dags/example_task_group.py took 0.058 seconds
[2022-03-25 23:23:42,140] {processor.py:163} INFO - Started process (PID=26682) to work on /Users/adebolafagbule/opt/anaconda3/envs/airflow_env/lib/python3.8/site-packages/airflow/example_dags/example_task_group.py
[2022-03-25 23:23:42,141] {processor.py:642} INFO - Processing file /Users/adebolafagbule/opt/anaconda3/envs/airflow_env/lib/python3.8/site-packages/airflow/example_dags/example_task_group.py for tasks to queue
[2022-03-25 23:23:42,142] {logging_mixin.py:109} INFO - [2022-03-25 23:23:42,142] {dagbag.py:500} INFO - Filling up the DagBag from /Users/adebolafagbule/opt/anaconda3/envs/airflow_env/lib/python3.8/site-packages/airflow/example_dags/example_task_group.py
[2022-03-25 23:23:42,184] {processor.py:654} INFO - DAG(s) dict_keys(['example_task_group']) retrieved from /Users/adebolafagbule/opt/anaconda3/envs/airflow_env/lib/python3.8/site-packages/airflow/example_dags/example_task_group.py
[2022-03-25 23:23:42,197] {logging_mixin.py:109} INFO - [2022-03-25 23:23:42,197] {dag.py:2398} INFO - Sync 1 DAGs
[2022-03-25 23:23:42,204] {logging_mixin.py:109} INFO - [2022-03-25 23:23:42,204] {dag.py:2937} INFO - Setting next_dagrun for example_task_group to 2022-03-25T03:23:42.204706+00:00
[2022-03-25 23:23:42,210] {processor.py:171} INFO - Processing /Users/adebolafagbule/opt/anaconda3/envs/airflow_env/lib/python3.8/site-packages/airflow/example_dags/example_task_group.py took 0.070 seconds
[2022-03-25 23:25:02,916] {processor.py:163} INFO - Started process (PID=26856) to work on /Users/adebolafagbule/opt/anaconda3/envs/airflow_env/lib/python3.8/site-packages/airflow/example_dags/example_task_group.py
[2022-03-25 23:25:02,917] {processor.py:642} INFO - Processing file /Users/adebolafagbule/opt/anaconda3/envs/airflow_env/lib/python3.8/site-packages/airflow/example_dags/example_task_group.py for tasks to queue
[2022-03-25 23:25:02,917] {logging_mixin.py:109} INFO - [2022-03-25 23:25:02,917] {dagbag.py:500} INFO - Filling up the DagBag from /Users/adebolafagbule/opt/anaconda3/envs/airflow_env/lib/python3.8/site-packages/airflow/example_dags/example_task_group.py
[2022-03-25 23:25:02,947] {processor.py:654} INFO - DAG(s) dict_keys(['example_task_group']) retrieved from /Users/adebolafagbule/opt/anaconda3/envs/airflow_env/lib/python3.8/site-packages/airflow/example_dags/example_task_group.py
[2022-03-25 23:25:02,962] {logging_mixin.py:109} INFO - [2022-03-25 23:25:02,962] {dag.py:2398} INFO - Sync 1 DAGs
[2022-03-25 23:25:02,970] {logging_mixin.py:109} INFO - [2022-03-25 23:25:02,970] {dag.py:2937} INFO - Setting next_dagrun for example_task_group to 2022-03-25T03:25:02.970187+00:00
[2022-03-25 23:25:02,976] {processor.py:171} INFO - Processing /Users/adebolafagbule/opt/anaconda3/envs/airflow_env/lib/python3.8/site-packages/airflow/example_dags/example_task_group.py took 0.060 seconds
[2022-03-25 23:26:24,823] {processor.py:163} INFO - Started process (PID=26957) to work on /Users/adebolafagbule/opt/anaconda3/envs/airflow_env/lib/python3.8/site-packages/airflow/example_dags/example_task_group.py
[2022-03-25 23:26:24,824] {processor.py:642} INFO - Processing file /Users/adebolafagbule/opt/anaconda3/envs/airflow_env/lib/python3.8/site-packages/airflow/example_dags/example_task_group.py for tasks to queue
[2022-03-25 23:26:24,825] {logging_mixin.py:109} INFO - [2022-03-25 23:26:24,824] {dagbag.py:500} INFO - Filling up the DagBag from /Users/adebolafagbule/opt/anaconda3/envs/airflow_env/lib/python3.8/site-packages/airflow/example_dags/example_task_group.py
[2022-03-25 23:26:24,851] {processor.py:654} INFO - DAG(s) dict_keys(['example_task_group']) retrieved from /Users/adebolafagbule/opt/anaconda3/envs/airflow_env/lib/python3.8/site-packages/airflow/example_dags/example_task_group.py
[2022-03-25 23:26:24,865] {logging_mixin.py:109} INFO - [2022-03-25 23:26:24,865] {dag.py:2398} INFO - Sync 1 DAGs
[2022-03-25 23:26:24,873] {logging_mixin.py:109} INFO - [2022-03-25 23:26:24,873] {dag.py:2937} INFO - Setting next_dagrun for example_task_group to 2022-03-25T03:26:24.872924+00:00
[2022-03-25 23:26:24,880] {processor.py:171} INFO - Processing /Users/adebolafagbule/opt/anaconda3/envs/airflow_env/lib/python3.8/site-packages/airflow/example_dags/example_task_group.py took 0.058 seconds
[2022-03-25 23:27:48,400] {processor.py:163} INFO - Started process (PID=27067) to work on /Users/adebolafagbule/opt/anaconda3/envs/airflow_env/lib/python3.8/site-packages/airflow/example_dags/example_task_group.py
[2022-03-25 23:27:48,401] {processor.py:642} INFO - Processing file /Users/adebolafagbule/opt/anaconda3/envs/airflow_env/lib/python3.8/site-packages/airflow/example_dags/example_task_group.py for tasks to queue
[2022-03-25 23:27:48,402] {logging_mixin.py:109} INFO - [2022-03-25 23:27:48,401] {dagbag.py:500} INFO - Filling up the DagBag from /Users/adebolafagbule/opt/anaconda3/envs/airflow_env/lib/python3.8/site-packages/airflow/example_dags/example_task_group.py
[2022-03-25 23:27:48,433] {processor.py:654} INFO - DAG(s) dict_keys(['example_task_group']) retrieved from /Users/adebolafagbule/opt/anaconda3/envs/airflow_env/lib/python3.8/site-packages/airflow/example_dags/example_task_group.py
[2022-03-25 23:27:48,447] {logging_mixin.py:109} INFO - [2022-03-25 23:27:48,447] {dag.py:2398} INFO - Sync 1 DAGs
[2022-03-25 23:27:48,455] {logging_mixin.py:109} INFO - [2022-03-25 23:27:48,454] {dag.py:2937} INFO - Setting next_dagrun for example_task_group to 2022-03-25T03:27:48.454848+00:00
[2022-03-25 23:27:48,460] {processor.py:171} INFO - Processing /Users/adebolafagbule/opt/anaconda3/envs/airflow_env/lib/python3.8/site-packages/airflow/example_dags/example_task_group.py took 0.060 seconds
[2022-03-25 23:29:08,870] {processor.py:163} INFO - Started process (PID=27146) to work on /Users/adebolafagbule/opt/anaconda3/envs/airflow_env/lib/python3.8/site-packages/airflow/example_dags/example_task_group.py
[2022-03-25 23:29:08,871] {processor.py:642} INFO - Processing file /Users/adebolafagbule/opt/anaconda3/envs/airflow_env/lib/python3.8/site-packages/airflow/example_dags/example_task_group.py for tasks to queue
[2022-03-25 23:29:08,871] {logging_mixin.py:109} INFO - [2022-03-25 23:29:08,871] {dagbag.py:500} INFO - Filling up the DagBag from /Users/adebolafagbule/opt/anaconda3/envs/airflow_env/lib/python3.8/site-packages/airflow/example_dags/example_task_group.py
[2022-03-25 23:29:08,900] {processor.py:654} INFO - DAG(s) dict_keys(['example_task_group']) retrieved from /Users/adebolafagbule/opt/anaconda3/envs/airflow_env/lib/python3.8/site-packages/airflow/example_dags/example_task_group.py
[2022-03-25 23:29:08,914] {logging_mixin.py:109} INFO - [2022-03-25 23:29:08,914] {dag.py:2398} INFO - Sync 1 DAGs
[2022-03-25 23:29:08,922] {logging_mixin.py:109} INFO - [2022-03-25 23:29:08,922] {dag.py:2937} INFO - Setting next_dagrun for example_task_group to 2022-03-25T03:29:08.922245+00:00
[2022-03-25 23:29:08,928] {processor.py:171} INFO - Processing /Users/adebolafagbule/opt/anaconda3/envs/airflow_env/lib/python3.8/site-packages/airflow/example_dags/example_task_group.py took 0.058 seconds
[2022-03-25 23:30:34,215] {processor.py:163} INFO - Started process (PID=27250) to work on /Users/adebolafagbule/opt/anaconda3/envs/airflow_env/lib/python3.8/site-packages/airflow/example_dags/example_task_group.py
[2022-03-25 23:30:34,216] {processor.py:642} INFO - Processing file /Users/adebolafagbule/opt/anaconda3/envs/airflow_env/lib/python3.8/site-packages/airflow/example_dags/example_task_group.py for tasks to queue
[2022-03-25 23:30:34,217] {logging_mixin.py:109} INFO - [2022-03-25 23:30:34,217] {dagbag.py:500} INFO - Filling up the DagBag from /Users/adebolafagbule/opt/anaconda3/envs/airflow_env/lib/python3.8/site-packages/airflow/example_dags/example_task_group.py
[2022-03-25 23:30:34,251] {processor.py:654} INFO - DAG(s) dict_keys(['example_task_group']) retrieved from /Users/adebolafagbule/opt/anaconda3/envs/airflow_env/lib/python3.8/site-packages/airflow/example_dags/example_task_group.py
[2022-03-25 23:30:34,264] {logging_mixin.py:109} INFO - [2022-03-25 23:30:34,264] {dag.py:2398} INFO - Sync 1 DAGs
[2022-03-25 23:30:34,271] {logging_mixin.py:109} INFO - [2022-03-25 23:30:34,271] {dag.py:2937} INFO - Setting next_dagrun for example_task_group to 2022-03-25T03:30:34.271464+00:00
[2022-03-25 23:30:34,277] {processor.py:171} INFO - Processing /Users/adebolafagbule/opt/anaconda3/envs/airflow_env/lib/python3.8/site-packages/airflow/example_dags/example_task_group.py took 0.062 seconds
[2022-03-25 23:32:00,145] {processor.py:163} INFO - Started process (PID=27344) to work on /Users/adebolafagbule/opt/anaconda3/envs/airflow_env/lib/python3.8/site-packages/airflow/example_dags/example_task_group.py
[2022-03-25 23:32:00,146] {processor.py:642} INFO - Processing file /Users/adebolafagbule/opt/anaconda3/envs/airflow_env/lib/python3.8/site-packages/airflow/example_dags/example_task_group.py for tasks to queue
[2022-03-25 23:32:00,146] {logging_mixin.py:109} INFO - [2022-03-25 23:32:00,146] {dagbag.py:500} INFO - Filling up the DagBag from /Users/adebolafagbule/opt/anaconda3/envs/airflow_env/lib/python3.8/site-packages/airflow/example_dags/example_task_group.py
[2022-03-25 23:32:00,180] {processor.py:654} INFO - DAG(s) dict_keys(['example_task_group']) retrieved from /Users/adebolafagbule/opt/anaconda3/envs/airflow_env/lib/python3.8/site-packages/airflow/example_dags/example_task_group.py
[2022-03-25 23:32:00,194] {logging_mixin.py:109} INFO - [2022-03-25 23:32:00,194] {dag.py:2398} INFO - Sync 1 DAGs
[2022-03-25 23:32:00,202] {logging_mixin.py:109} INFO - [2022-03-25 23:32:00,202] {dag.py:2937} INFO - Setting next_dagrun for example_task_group to 2022-03-25T03:32:00.202503+00:00
[2022-03-25 23:32:00,208] {processor.py:171} INFO - Processing /Users/adebolafagbule/opt/anaconda3/envs/airflow_env/lib/python3.8/site-packages/airflow/example_dags/example_task_group.py took 0.063 seconds
[2022-03-25 23:33:23,882] {processor.py:163} INFO - Started process (PID=27430) to work on /Users/adebolafagbule/opt/anaconda3/envs/airflow_env/lib/python3.8/site-packages/airflow/example_dags/example_task_group.py
[2022-03-25 23:33:23,883] {processor.py:642} INFO - Processing file /Users/adebolafagbule/opt/anaconda3/envs/airflow_env/lib/python3.8/site-packages/airflow/example_dags/example_task_group.py for tasks to queue
[2022-03-25 23:33:23,883] {logging_mixin.py:109} INFO - [2022-03-25 23:33:23,883] {dagbag.py:500} INFO - Filling up the DagBag from /Users/adebolafagbule/opt/anaconda3/envs/airflow_env/lib/python3.8/site-packages/airflow/example_dags/example_task_group.py
[2022-03-25 23:33:23,913] {processor.py:654} INFO - DAG(s) dict_keys(['example_task_group']) retrieved from /Users/adebolafagbule/opt/anaconda3/envs/airflow_env/lib/python3.8/site-packages/airflow/example_dags/example_task_group.py
[2022-03-25 23:33:23,928] {logging_mixin.py:109} INFO - [2022-03-25 23:33:23,928] {dag.py:2398} INFO - Sync 1 DAGs
[2022-03-25 23:33:23,936] {logging_mixin.py:109} INFO - [2022-03-25 23:33:23,936] {dag.py:2937} INFO - Setting next_dagrun for example_task_group to 2022-03-25T03:33:23.936309+00:00
[2022-03-25 23:33:23,942] {processor.py:171} INFO - Processing /Users/adebolafagbule/opt/anaconda3/envs/airflow_env/lib/python3.8/site-packages/airflow/example_dags/example_task_group.py took 0.060 seconds
[2022-03-25 23:34:47,838] {processor.py:163} INFO - Started process (PID=27547) to work on /Users/adebolafagbule/opt/anaconda3/envs/airflow_env/lib/python3.8/site-packages/airflow/example_dags/example_task_group.py
[2022-03-25 23:34:47,839] {processor.py:642} INFO - Processing file /Users/adebolafagbule/opt/anaconda3/envs/airflow_env/lib/python3.8/site-packages/airflow/example_dags/example_task_group.py for tasks to queue
[2022-03-25 23:34:47,840] {logging_mixin.py:109} INFO - [2022-03-25 23:34:47,840] {dagbag.py:500} INFO - Filling up the DagBag from /Users/adebolafagbule/opt/anaconda3/envs/airflow_env/lib/python3.8/site-packages/airflow/example_dags/example_task_group.py
[2022-03-25 23:34:47,869] {processor.py:654} INFO - DAG(s) dict_keys(['example_task_group']) retrieved from /Users/adebolafagbule/opt/anaconda3/envs/airflow_env/lib/python3.8/site-packages/airflow/example_dags/example_task_group.py
[2022-03-25 23:34:47,882] {logging_mixin.py:109} INFO - [2022-03-25 23:34:47,882] {dag.py:2398} INFO - Sync 1 DAGs
[2022-03-25 23:34:47,890] {logging_mixin.py:109} INFO - [2022-03-25 23:34:47,890] {dag.py:2937} INFO - Setting next_dagrun for example_task_group to 2022-03-25T03:34:47.890007+00:00
[2022-03-25 23:34:47,895] {processor.py:171} INFO - Processing /Users/adebolafagbule/opt/anaconda3/envs/airflow_env/lib/python3.8/site-packages/airflow/example_dags/example_task_group.py took 0.057 seconds
[2022-03-25 23:36:07,366] {processor.py:163} INFO - Started process (PID=27626) to work on /Users/adebolafagbule/opt/anaconda3/envs/airflow_env/lib/python3.8/site-packages/airflow/example_dags/example_task_group.py
[2022-03-25 23:36:07,368] {processor.py:642} INFO - Processing file /Users/adebolafagbule/opt/anaconda3/envs/airflow_env/lib/python3.8/site-packages/airflow/example_dags/example_task_group.py for tasks to queue
[2022-03-25 23:36:07,368] {logging_mixin.py:109} INFO - [2022-03-25 23:36:07,368] {dagbag.py:500} INFO - Filling up the DagBag from /Users/adebolafagbule/opt/anaconda3/envs/airflow_env/lib/python3.8/site-packages/airflow/example_dags/example_task_group.py
[2022-03-25 23:36:07,399] {processor.py:654} INFO - DAG(s) dict_keys(['example_task_group']) retrieved from /Users/adebolafagbule/opt/anaconda3/envs/airflow_env/lib/python3.8/site-packages/airflow/example_dags/example_task_group.py
[2022-03-25 23:36:07,413] {logging_mixin.py:109} INFO - [2022-03-25 23:36:07,412] {dag.py:2398} INFO - Sync 1 DAGs
[2022-03-25 23:36:07,420] {logging_mixin.py:109} INFO - [2022-03-25 23:36:07,420] {dag.py:2937} INFO - Setting next_dagrun for example_task_group to 2022-03-25T03:36:07.420493+00:00
[2022-03-25 23:36:07,426] {processor.py:171} INFO - Processing /Users/adebolafagbule/opt/anaconda3/envs/airflow_env/lib/python3.8/site-packages/airflow/example_dags/example_task_group.py took 0.060 seconds
[2022-03-25 23:37:25,968] {processor.py:163} INFO - Started process (PID=27709) to work on /Users/adebolafagbule/opt/anaconda3/envs/airflow_env/lib/python3.8/site-packages/airflow/example_dags/example_task_group.py
[2022-03-25 23:37:25,968] {processor.py:642} INFO - Processing file /Users/adebolafagbule/opt/anaconda3/envs/airflow_env/lib/python3.8/site-packages/airflow/example_dags/example_task_group.py for tasks to queue
[2022-03-25 23:37:25,968] {logging_mixin.py:109} INFO - [2022-03-25 23:37:25,968] {dagbag.py:500} INFO - Filling up the DagBag from /Users/adebolafagbule/opt/anaconda3/envs/airflow_env/lib/python3.8/site-packages/airflow/example_dags/example_task_group.py
[2022-03-25 23:37:25,998] {processor.py:654} INFO - DAG(s) dict_keys(['example_task_group']) retrieved from /Users/adebolafagbule/opt/anaconda3/envs/airflow_env/lib/python3.8/site-packages/airflow/example_dags/example_task_group.py
[2022-03-25 23:37:26,012] {logging_mixin.py:109} INFO - [2022-03-25 23:37:26,012] {dag.py:2398} INFO - Sync 1 DAGs
[2022-03-25 23:37:26,020] {logging_mixin.py:109} INFO - [2022-03-25 23:37:26,019] {dag.py:2937} INFO - Setting next_dagrun for example_task_group to 2022-03-25T03:37:26.019856+00:00
[2022-03-25 23:37:26,025] {processor.py:171} INFO - Processing /Users/adebolafagbule/opt/anaconda3/envs/airflow_env/lib/python3.8/site-packages/airflow/example_dags/example_task_group.py took 0.058 seconds
[2022-03-25 23:38:43,748] {processor.py:163} INFO - Started process (PID=27800) to work on /Users/adebolafagbule/opt/anaconda3/envs/airflow_env/lib/python3.8/site-packages/airflow/example_dags/example_task_group.py
[2022-03-25 23:38:43,750] {processor.py:642} INFO - Processing file /Users/adebolafagbule/opt/anaconda3/envs/airflow_env/lib/python3.8/site-packages/airflow/example_dags/example_task_group.py for tasks to queue
[2022-03-25 23:38:43,750] {logging_mixin.py:109} INFO - [2022-03-25 23:38:43,750] {dagbag.py:500} INFO - Filling up the DagBag from /Users/adebolafagbule/opt/anaconda3/envs/airflow_env/lib/python3.8/site-packages/airflow/example_dags/example_task_group.py
[2022-03-25 23:38:43,779] {processor.py:654} INFO - DAG(s) dict_keys(['example_task_group']) retrieved from /Users/adebolafagbule/opt/anaconda3/envs/airflow_env/lib/python3.8/site-packages/airflow/example_dags/example_task_group.py
[2022-03-25 23:38:43,792] {logging_mixin.py:109} INFO - [2022-03-25 23:38:43,792] {dag.py:2398} INFO - Sync 1 DAGs
[2022-03-25 23:38:43,799] {logging_mixin.py:109} INFO - [2022-03-25 23:38:43,799] {dag.py:2937} INFO - Setting next_dagrun for example_task_group to 2022-03-25T03:38:43.799551+00:00
[2022-03-25 23:38:43,810] {processor.py:171} INFO - Processing /Users/adebolafagbule/opt/anaconda3/envs/airflow_env/lib/python3.8/site-packages/airflow/example_dags/example_task_group.py took 0.062 seconds
[2022-03-25 23:40:05,630] {processor.py:163} INFO - Started process (PID=27888) to work on /Users/adebolafagbule/opt/anaconda3/envs/airflow_env/lib/python3.8/site-packages/airflow/example_dags/example_task_group.py
[2022-03-25 23:40:05,632] {processor.py:642} INFO - Processing file /Users/adebolafagbule/opt/anaconda3/envs/airflow_env/lib/python3.8/site-packages/airflow/example_dags/example_task_group.py for tasks to queue
[2022-03-25 23:40:05,632] {logging_mixin.py:109} INFO - [2022-03-25 23:40:05,632] {dagbag.py:500} INFO - Filling up the DagBag from /Users/adebolafagbule/opt/anaconda3/envs/airflow_env/lib/python3.8/site-packages/airflow/example_dags/example_task_group.py
[2022-03-25 23:40:05,663] {processor.py:654} INFO - DAG(s) dict_keys(['example_task_group']) retrieved from /Users/adebolafagbule/opt/anaconda3/envs/airflow_env/lib/python3.8/site-packages/airflow/example_dags/example_task_group.py
[2022-03-25 23:40:05,676] {logging_mixin.py:109} INFO - [2022-03-25 23:40:05,676] {dag.py:2398} INFO - Sync 1 DAGs
[2022-03-25 23:40:05,683] {logging_mixin.py:109} INFO - [2022-03-25 23:40:05,683] {dag.py:2937} INFO - Setting next_dagrun for example_task_group to 2022-03-25T03:40:05.683585+00:00
[2022-03-25 23:40:05,689] {processor.py:171} INFO - Processing /Users/adebolafagbule/opt/anaconda3/envs/airflow_env/lib/python3.8/site-packages/airflow/example_dags/example_task_group.py took 0.059 seconds
[2022-03-25 23:41:25,292] {processor.py:163} INFO - Started process (PID=27975) to work on /Users/adebolafagbule/opt/anaconda3/envs/airflow_env/lib/python3.8/site-packages/airflow/example_dags/example_task_group.py
[2022-03-25 23:41:25,293] {processor.py:642} INFO - Processing file /Users/adebolafagbule/opt/anaconda3/envs/airflow_env/lib/python3.8/site-packages/airflow/example_dags/example_task_group.py for tasks to queue
[2022-03-25 23:41:25,293] {logging_mixin.py:109} INFO - [2022-03-25 23:41:25,293] {dagbag.py:500} INFO - Filling up the DagBag from /Users/adebolafagbule/opt/anaconda3/envs/airflow_env/lib/python3.8/site-packages/airflow/example_dags/example_task_group.py
[2022-03-25 23:41:25,323] {processor.py:654} INFO - DAG(s) dict_keys(['example_task_group']) retrieved from /Users/adebolafagbule/opt/anaconda3/envs/airflow_env/lib/python3.8/site-packages/airflow/example_dags/example_task_group.py
[2022-03-25 23:41:25,336] {logging_mixin.py:109} INFO - [2022-03-25 23:41:25,336] {dag.py:2398} INFO - Sync 1 DAGs
[2022-03-25 23:41:25,344] {logging_mixin.py:109} INFO - [2022-03-25 23:41:25,344] {dag.py:2937} INFO - Setting next_dagrun for example_task_group to 2022-03-25T03:41:25.343975+00:00
[2022-03-25 23:41:25,349] {processor.py:171} INFO - Processing /Users/adebolafagbule/opt/anaconda3/envs/airflow_env/lib/python3.8/site-packages/airflow/example_dags/example_task_group.py took 0.058 seconds
[2022-03-25 23:42:45,056] {processor.py:163} INFO - Started process (PID=28066) to work on /Users/adebolafagbule/opt/anaconda3/envs/airflow_env/lib/python3.8/site-packages/airflow/example_dags/example_task_group.py
[2022-03-25 23:42:45,058] {processor.py:642} INFO - Processing file /Users/adebolafagbule/opt/anaconda3/envs/airflow_env/lib/python3.8/site-packages/airflow/example_dags/example_task_group.py for tasks to queue
[2022-03-25 23:42:45,058] {logging_mixin.py:109} INFO - [2022-03-25 23:42:45,058] {dagbag.py:500} INFO - Filling up the DagBag from /Users/adebolafagbule/opt/anaconda3/envs/airflow_env/lib/python3.8/site-packages/airflow/example_dags/example_task_group.py
[2022-03-25 23:42:45,092] {processor.py:654} INFO - DAG(s) dict_keys(['example_task_group']) retrieved from /Users/adebolafagbule/opt/anaconda3/envs/airflow_env/lib/python3.8/site-packages/airflow/example_dags/example_task_group.py
[2022-03-25 23:42:45,107] {logging_mixin.py:109} INFO - [2022-03-25 23:42:45,107] {dag.py:2398} INFO - Sync 1 DAGs
[2022-03-25 23:42:45,114] {logging_mixin.py:109} INFO - [2022-03-25 23:42:45,114] {dag.py:2937} INFO - Setting next_dagrun for example_task_group to 2022-03-25T03:42:45.114757+00:00
[2022-03-25 23:42:45,121] {processor.py:171} INFO - Processing /Users/adebolafagbule/opt/anaconda3/envs/airflow_env/lib/python3.8/site-packages/airflow/example_dags/example_task_group.py took 0.066 seconds
[2022-03-25 23:44:07,309] {processor.py:163} INFO - Started process (PID=28152) to work on /Users/adebolafagbule/opt/anaconda3/envs/airflow_env/lib/python3.8/site-packages/airflow/example_dags/example_task_group.py
[2022-03-25 23:44:07,310] {processor.py:642} INFO - Processing file /Users/adebolafagbule/opt/anaconda3/envs/airflow_env/lib/python3.8/site-packages/airflow/example_dags/example_task_group.py for tasks to queue
[2022-03-25 23:44:07,310] {logging_mixin.py:109} INFO - [2022-03-25 23:44:07,310] {dagbag.py:500} INFO - Filling up the DagBag from /Users/adebolafagbule/opt/anaconda3/envs/airflow_env/lib/python3.8/site-packages/airflow/example_dags/example_task_group.py
[2022-03-25 23:44:07,341] {processor.py:654} INFO - DAG(s) dict_keys(['example_task_group']) retrieved from /Users/adebolafagbule/opt/anaconda3/envs/airflow_env/lib/python3.8/site-packages/airflow/example_dags/example_task_group.py
[2022-03-25 23:44:07,355] {logging_mixin.py:109} INFO - [2022-03-25 23:44:07,354] {dag.py:2398} INFO - Sync 1 DAGs
[2022-03-25 23:44:07,362] {logging_mixin.py:109} INFO - [2022-03-25 23:44:07,362] {dag.py:2937} INFO - Setting next_dagrun for example_task_group to 2022-03-25T03:44:07.362140+00:00
[2022-03-25 23:44:07,368] {processor.py:171} INFO - Processing /Users/adebolafagbule/opt/anaconda3/envs/airflow_env/lib/python3.8/site-packages/airflow/example_dags/example_task_group.py took 0.060 seconds
[2022-03-25 23:45:28,273] {processor.py:163} INFO - Started process (PID=28232) to work on /Users/adebolafagbule/opt/anaconda3/envs/airflow_env/lib/python3.8/site-packages/airflow/example_dags/example_task_group.py
[2022-03-25 23:45:28,276] {processor.py:642} INFO - Processing file /Users/adebolafagbule/opt/anaconda3/envs/airflow_env/lib/python3.8/site-packages/airflow/example_dags/example_task_group.py for tasks to queue
[2022-03-25 23:45:28,277] {logging_mixin.py:109} INFO - [2022-03-25 23:45:28,277] {dagbag.py:500} INFO - Filling up the DagBag from /Users/adebolafagbule/opt/anaconda3/envs/airflow_env/lib/python3.8/site-packages/airflow/example_dags/example_task_group.py
[2022-03-25 23:45:28,308] {processor.py:654} INFO - DAG(s) dict_keys(['example_task_group']) retrieved from /Users/adebolafagbule/opt/anaconda3/envs/airflow_env/lib/python3.8/site-packages/airflow/example_dags/example_task_group.py
[2022-03-25 23:45:28,321] {logging_mixin.py:109} INFO - [2022-03-25 23:45:28,321] {dag.py:2398} INFO - Sync 1 DAGs
[2022-03-25 23:45:28,329] {logging_mixin.py:109} INFO - [2022-03-25 23:45:28,329] {dag.py:2937} INFO - Setting next_dagrun for example_task_group to 2022-03-25T03:45:28.329115+00:00
[2022-03-25 23:45:28,334] {processor.py:171} INFO - Processing /Users/adebolafagbule/opt/anaconda3/envs/airflow_env/lib/python3.8/site-packages/airflow/example_dags/example_task_group.py took 0.062 seconds
[2022-03-25 23:46:51,360] {processor.py:163} INFO - Started process (PID=28316) to work on /Users/adebolafagbule/opt/anaconda3/envs/airflow_env/lib/python3.8/site-packages/airflow/example_dags/example_task_group.py
[2022-03-25 23:46:51,360] {processor.py:642} INFO - Processing file /Users/adebolafagbule/opt/anaconda3/envs/airflow_env/lib/python3.8/site-packages/airflow/example_dags/example_task_group.py for tasks to queue
[2022-03-25 23:46:51,361] {logging_mixin.py:109} INFO - [2022-03-25 23:46:51,361] {dagbag.py:500} INFO - Filling up the DagBag from /Users/adebolafagbule/opt/anaconda3/envs/airflow_env/lib/python3.8/site-packages/airflow/example_dags/example_task_group.py
[2022-03-25 23:46:51,388] {processor.py:654} INFO - DAG(s) dict_keys(['example_task_group']) retrieved from /Users/adebolafagbule/opt/anaconda3/envs/airflow_env/lib/python3.8/site-packages/airflow/example_dags/example_task_group.py
[2022-03-25 23:46:51,401] {logging_mixin.py:109} INFO - [2022-03-25 23:46:51,401] {dag.py:2398} INFO - Sync 1 DAGs
[2022-03-25 23:46:51,409] {logging_mixin.py:109} INFO - [2022-03-25 23:46:51,409] {dag.py:2937} INFO - Setting next_dagrun for example_task_group to 2022-03-25T03:46:51.409209+00:00
[2022-03-25 23:46:51,419] {processor.py:171} INFO - Processing /Users/adebolafagbule/opt/anaconda3/envs/airflow_env/lib/python3.8/site-packages/airflow/example_dags/example_task_group.py took 0.060 seconds
[2022-03-25 23:48:10,239] {processor.py:163} INFO - Started process (PID=28405) to work on /Users/adebolafagbule/opt/anaconda3/envs/airflow_env/lib/python3.8/site-packages/airflow/example_dags/example_task_group.py
[2022-03-25 23:48:10,239] {processor.py:642} INFO - Processing file /Users/adebolafagbule/opt/anaconda3/envs/airflow_env/lib/python3.8/site-packages/airflow/example_dags/example_task_group.py for tasks to queue
[2022-03-25 23:48:10,240] {logging_mixin.py:109} INFO - [2022-03-25 23:48:10,240] {dagbag.py:500} INFO - Filling up the DagBag from /Users/adebolafagbule/opt/anaconda3/envs/airflow_env/lib/python3.8/site-packages/airflow/example_dags/example_task_group.py
[2022-03-25 23:48:10,272] {processor.py:654} INFO - DAG(s) dict_keys(['example_task_group']) retrieved from /Users/adebolafagbule/opt/anaconda3/envs/airflow_env/lib/python3.8/site-packages/airflow/example_dags/example_task_group.py
[2022-03-25 23:48:10,286] {logging_mixin.py:109} INFO - [2022-03-25 23:48:10,286] {dag.py:2398} INFO - Sync 1 DAGs
[2022-03-25 23:48:10,294] {logging_mixin.py:109} INFO - [2022-03-25 23:48:10,294] {dag.py:2937} INFO - Setting next_dagrun for example_task_group to 2022-03-25T03:48:10.294323+00:00
[2022-03-25 23:48:10,299] {processor.py:171} INFO - Processing /Users/adebolafagbule/opt/anaconda3/envs/airflow_env/lib/python3.8/site-packages/airflow/example_dags/example_task_group.py took 0.061 seconds
[2022-03-25 23:49:28,112] {processor.py:163} INFO - Started process (PID=28482) to work on /Users/adebolafagbule/opt/anaconda3/envs/airflow_env/lib/python3.8/site-packages/airflow/example_dags/example_task_group.py
[2022-03-25 23:49:28,113] {processor.py:642} INFO - Processing file /Users/adebolafagbule/opt/anaconda3/envs/airflow_env/lib/python3.8/site-packages/airflow/example_dags/example_task_group.py for tasks to queue
[2022-03-25 23:49:28,113] {logging_mixin.py:109} INFO - [2022-03-25 23:49:28,113] {dagbag.py:500} INFO - Filling up the DagBag from /Users/adebolafagbule/opt/anaconda3/envs/airflow_env/lib/python3.8/site-packages/airflow/example_dags/example_task_group.py
[2022-03-25 23:49:28,145] {processor.py:654} INFO - DAG(s) dict_keys(['example_task_group']) retrieved from /Users/adebolafagbule/opt/anaconda3/envs/airflow_env/lib/python3.8/site-packages/airflow/example_dags/example_task_group.py
[2022-03-25 23:49:28,159] {logging_mixin.py:109} INFO - [2022-03-25 23:49:28,159] {dag.py:2398} INFO - Sync 1 DAGs
[2022-03-25 23:49:28,166] {logging_mixin.py:109} INFO - [2022-03-25 23:49:28,166] {dag.py:2937} INFO - Setting next_dagrun for example_task_group to 2022-03-25T03:49:28.166665+00:00
[2022-03-25 23:49:28,172] {processor.py:171} INFO - Processing /Users/adebolafagbule/opt/anaconda3/envs/airflow_env/lib/python3.8/site-packages/airflow/example_dags/example_task_group.py took 0.061 seconds
[2022-03-25 23:50:48,333] {processor.py:163} INFO - Started process (PID=28562) to work on /Users/adebolafagbule/opt/anaconda3/envs/airflow_env/lib/python3.8/site-packages/airflow/example_dags/example_task_group.py
[2022-03-25 23:50:48,333] {processor.py:642} INFO - Processing file /Users/adebolafagbule/opt/anaconda3/envs/airflow_env/lib/python3.8/site-packages/airflow/example_dags/example_task_group.py for tasks to queue
[2022-03-25 23:50:48,333] {logging_mixin.py:109} INFO - [2022-03-25 23:50:48,333] {dagbag.py:500} INFO - Filling up the DagBag from /Users/adebolafagbule/opt/anaconda3/envs/airflow_env/lib/python3.8/site-packages/airflow/example_dags/example_task_group.py
[2022-03-25 23:50:48,361] {processor.py:654} INFO - DAG(s) dict_keys(['example_task_group']) retrieved from /Users/adebolafagbule/opt/anaconda3/envs/airflow_env/lib/python3.8/site-packages/airflow/example_dags/example_task_group.py
[2022-03-25 23:50:48,375] {logging_mixin.py:109} INFO - [2022-03-25 23:50:48,374] {dag.py:2398} INFO - Sync 1 DAGs
[2022-03-25 23:50:48,382] {logging_mixin.py:109} INFO - [2022-03-25 23:50:48,382] {dag.py:2937} INFO - Setting next_dagrun for example_task_group to 2022-03-25T03:50:48.382035+00:00
[2022-03-25 23:50:48,388] {processor.py:171} INFO - Processing /Users/adebolafagbule/opt/anaconda3/envs/airflow_env/lib/python3.8/site-packages/airflow/example_dags/example_task_group.py took 0.055 seconds
[2022-03-25 23:52:11,107] {processor.py:163} INFO - Started process (PID=28650) to work on /Users/adebolafagbule/opt/anaconda3/envs/airflow_env/lib/python3.8/site-packages/airflow/example_dags/example_task_group.py
[2022-03-25 23:52:11,108] {processor.py:642} INFO - Processing file /Users/adebolafagbule/opt/anaconda3/envs/airflow_env/lib/python3.8/site-packages/airflow/example_dags/example_task_group.py for tasks to queue
[2022-03-25 23:52:11,108] {logging_mixin.py:109} INFO - [2022-03-25 23:52:11,108] {dagbag.py:500} INFO - Filling up the DagBag from /Users/adebolafagbule/opt/anaconda3/envs/airflow_env/lib/python3.8/site-packages/airflow/example_dags/example_task_group.py
[2022-03-25 23:52:11,141] {processor.py:654} INFO - DAG(s) dict_keys(['example_task_group']) retrieved from /Users/adebolafagbule/opt/anaconda3/envs/airflow_env/lib/python3.8/site-packages/airflow/example_dags/example_task_group.py
[2022-03-25 23:52:11,157] {logging_mixin.py:109} INFO - [2022-03-25 23:52:11,157] {dag.py:2398} INFO - Sync 1 DAGs
[2022-03-25 23:52:11,166] {logging_mixin.py:109} INFO - [2022-03-25 23:52:11,166] {dag.py:2937} INFO - Setting next_dagrun for example_task_group to 2022-03-25T03:52:11.166265+00:00
[2022-03-25 23:52:11,172] {processor.py:171} INFO - Processing /Users/adebolafagbule/opt/anaconda3/envs/airflow_env/lib/python3.8/site-packages/airflow/example_dags/example_task_group.py took 0.066 seconds
[2022-03-25 23:53:33,941] {processor.py:163} INFO - Started process (PID=28736) to work on /Users/adebolafagbule/opt/anaconda3/envs/airflow_env/lib/python3.8/site-packages/airflow/example_dags/example_task_group.py
[2022-03-25 23:53:33,941] {processor.py:642} INFO - Processing file /Users/adebolafagbule/opt/anaconda3/envs/airflow_env/lib/python3.8/site-packages/airflow/example_dags/example_task_group.py for tasks to queue
[2022-03-25 23:53:33,941] {logging_mixin.py:109} INFO - [2022-03-25 23:53:33,941] {dagbag.py:500} INFO - Filling up the DagBag from /Users/adebolafagbule/opt/anaconda3/envs/airflow_env/lib/python3.8/site-packages/airflow/example_dags/example_task_group.py
[2022-03-25 23:53:33,971] {processor.py:654} INFO - DAG(s) dict_keys(['example_task_group']) retrieved from /Users/adebolafagbule/opt/anaconda3/envs/airflow_env/lib/python3.8/site-packages/airflow/example_dags/example_task_group.py
[2022-03-25 23:53:33,984] {logging_mixin.py:109} INFO - [2022-03-25 23:53:33,984] {dag.py:2398} INFO - Sync 1 DAGs
[2022-03-25 23:53:33,992] {logging_mixin.py:109} INFO - [2022-03-25 23:53:33,992] {dag.py:2937} INFO - Setting next_dagrun for example_task_group to 2022-03-25T03:53:33.992313+00:00
[2022-03-25 23:53:33,998] {processor.py:171} INFO - Processing /Users/adebolafagbule/opt/anaconda3/envs/airflow_env/lib/python3.8/site-packages/airflow/example_dags/example_task_group.py took 0.058 seconds
[2022-03-25 23:54:53,741] {processor.py:163} INFO - Started process (PID=28814) to work on /Users/adebolafagbule/opt/anaconda3/envs/airflow_env/lib/python3.8/site-packages/airflow/example_dags/example_task_group.py
[2022-03-25 23:54:53,742] {processor.py:642} INFO - Processing file /Users/adebolafagbule/opt/anaconda3/envs/airflow_env/lib/python3.8/site-packages/airflow/example_dags/example_task_group.py for tasks to queue
[2022-03-25 23:54:53,743] {logging_mixin.py:109} INFO - [2022-03-25 23:54:53,742] {dagbag.py:500} INFO - Filling up the DagBag from /Users/adebolafagbule/opt/anaconda3/envs/airflow_env/lib/python3.8/site-packages/airflow/example_dags/example_task_group.py
[2022-03-25 23:54:53,773] {processor.py:654} INFO - DAG(s) dict_keys(['example_task_group']) retrieved from /Users/adebolafagbule/opt/anaconda3/envs/airflow_env/lib/python3.8/site-packages/airflow/example_dags/example_task_group.py
[2022-03-25 23:54:53,787] {logging_mixin.py:109} INFO - [2022-03-25 23:54:53,787] {dag.py:2398} INFO - Sync 1 DAGs
[2022-03-25 23:54:53,795] {logging_mixin.py:109} INFO - [2022-03-25 23:54:53,794] {dag.py:2937} INFO - Setting next_dagrun for example_task_group to 2022-03-25T03:54:53.794841+00:00
[2022-03-25 23:54:53,801] {processor.py:171} INFO - Processing /Users/adebolafagbule/opt/anaconda3/envs/airflow_env/lib/python3.8/site-packages/airflow/example_dags/example_task_group.py took 0.060 seconds
[2022-03-25 23:56:15,628] {processor.py:163} INFO - Started process (PID=28895) to work on /Users/adebolafagbule/opt/anaconda3/envs/airflow_env/lib/python3.8/site-packages/airflow/example_dags/example_task_group.py
[2022-03-25 23:56:15,630] {processor.py:642} INFO - Processing file /Users/adebolafagbule/opt/anaconda3/envs/airflow_env/lib/python3.8/site-packages/airflow/example_dags/example_task_group.py for tasks to queue
[2022-03-25 23:56:15,630] {logging_mixin.py:109} INFO - [2022-03-25 23:56:15,630] {dagbag.py:500} INFO - Filling up the DagBag from /Users/adebolafagbule/opt/anaconda3/envs/airflow_env/lib/python3.8/site-packages/airflow/example_dags/example_task_group.py
[2022-03-25 23:56:15,659] {processor.py:654} INFO - DAG(s) dict_keys(['example_task_group']) retrieved from /Users/adebolafagbule/opt/anaconda3/envs/airflow_env/lib/python3.8/site-packages/airflow/example_dags/example_task_group.py
[2022-03-25 23:56:15,672] {logging_mixin.py:109} INFO - [2022-03-25 23:56:15,672] {dag.py:2398} INFO - Sync 1 DAGs
[2022-03-25 23:56:15,679] {logging_mixin.py:109} INFO - [2022-03-25 23:56:15,679] {dag.py:2937} INFO - Setting next_dagrun for example_task_group to 2022-03-25T03:56:15.679682+00:00
[2022-03-25 23:56:15,688] {processor.py:171} INFO - Processing /Users/adebolafagbule/opt/anaconda3/envs/airflow_env/lib/python3.8/site-packages/airflow/example_dags/example_task_group.py took 0.060 seconds
[2022-03-25 23:57:37,697] {processor.py:163} INFO - Started process (PID=28980) to work on /Users/adebolafagbule/opt/anaconda3/envs/airflow_env/lib/python3.8/site-packages/airflow/example_dags/example_task_group.py
[2022-03-25 23:57:37,698] {processor.py:642} INFO - Processing file /Users/adebolafagbule/opt/anaconda3/envs/airflow_env/lib/python3.8/site-packages/airflow/example_dags/example_task_group.py for tasks to queue
[2022-03-25 23:57:37,699] {logging_mixin.py:109} INFO - [2022-03-25 23:57:37,699] {dagbag.py:500} INFO - Filling up the DagBag from /Users/adebolafagbule/opt/anaconda3/envs/airflow_env/lib/python3.8/site-packages/airflow/example_dags/example_task_group.py
[2022-03-25 23:57:37,728] {processor.py:654} INFO - DAG(s) dict_keys(['example_task_group']) retrieved from /Users/adebolafagbule/opt/anaconda3/envs/airflow_env/lib/python3.8/site-packages/airflow/example_dags/example_task_group.py
[2022-03-25 23:57:37,742] {logging_mixin.py:109} INFO - [2022-03-25 23:57:37,742] {dag.py:2398} INFO - Sync 1 DAGs
[2022-03-25 23:57:37,750] {logging_mixin.py:109} INFO - [2022-03-25 23:57:37,750] {dag.py:2937} INFO - Setting next_dagrun for example_task_group to 2022-03-25T03:57:37.750122+00:00
[2022-03-25 23:57:37,755] {processor.py:171} INFO - Processing /Users/adebolafagbule/opt/anaconda3/envs/airflow_env/lib/python3.8/site-packages/airflow/example_dags/example_task_group.py took 0.058 seconds
[2022-03-25 23:58:55,944] {processor.py:163} INFO - Started process (PID=29068) to work on /Users/adebolafagbule/opt/anaconda3/envs/airflow_env/lib/python3.8/site-packages/airflow/example_dags/example_task_group.py
[2022-03-25 23:58:55,945] {processor.py:642} INFO - Processing file /Users/adebolafagbule/opt/anaconda3/envs/airflow_env/lib/python3.8/site-packages/airflow/example_dags/example_task_group.py for tasks to queue
[2022-03-25 23:58:55,946] {logging_mixin.py:109} INFO - [2022-03-25 23:58:55,945] {dagbag.py:500} INFO - Filling up the DagBag from /Users/adebolafagbule/opt/anaconda3/envs/airflow_env/lib/python3.8/site-packages/airflow/example_dags/example_task_group.py
[2022-03-25 23:58:55,974] {processor.py:654} INFO - DAG(s) dict_keys(['example_task_group']) retrieved from /Users/adebolafagbule/opt/anaconda3/envs/airflow_env/lib/python3.8/site-packages/airflow/example_dags/example_task_group.py
[2022-03-25 23:58:55,988] {logging_mixin.py:109} INFO - [2022-03-25 23:58:55,987] {dag.py:2398} INFO - Sync 1 DAGs
[2022-03-25 23:58:55,995] {logging_mixin.py:109} INFO - [2022-03-25 23:58:55,995] {dag.py:2937} INFO - Setting next_dagrun for example_task_group to 2022-03-25T03:58:55.994977+00:00
[2022-03-25 23:58:56,001] {processor.py:171} INFO - Processing /Users/adebolafagbule/opt/anaconda3/envs/airflow_env/lib/python3.8/site-packages/airflow/example_dags/example_task_group.py took 0.057 seconds
[2022-03-26 00:00:15,603] {processor.py:163} INFO - Started process (PID=29149) to work on /Users/adebolafagbule/opt/anaconda3/envs/airflow_env/lib/python3.8/site-packages/airflow/example_dags/example_task_group.py
[2022-03-26 00:00:15,604] {processor.py:642} INFO - Processing file /Users/adebolafagbule/opt/anaconda3/envs/airflow_env/lib/python3.8/site-packages/airflow/example_dags/example_task_group.py for tasks to queue
[2022-03-26 00:00:15,604] {logging_mixin.py:109} INFO - [2022-03-26 00:00:15,604] {dagbag.py:500} INFO - Filling up the DagBag from /Users/adebolafagbule/opt/anaconda3/envs/airflow_env/lib/python3.8/site-packages/airflow/example_dags/example_task_group.py
[2022-03-26 00:00:15,633] {processor.py:654} INFO - DAG(s) dict_keys(['example_task_group']) retrieved from /Users/adebolafagbule/opt/anaconda3/envs/airflow_env/lib/python3.8/site-packages/airflow/example_dags/example_task_group.py
[2022-03-26 00:00:15,647] {logging_mixin.py:109} INFO - [2022-03-26 00:00:15,646] {dag.py:2398} INFO - Sync 1 DAGs
[2022-03-26 00:00:15,654] {logging_mixin.py:109} INFO - [2022-03-26 00:00:15,654] {dag.py:2937} INFO - Setting next_dagrun for example_task_group to 2022-03-25T04:00:15.654089+00:00
[2022-03-26 00:00:15,660] {processor.py:171} INFO - Processing /Users/adebolafagbule/opt/anaconda3/envs/airflow_env/lib/python3.8/site-packages/airflow/example_dags/example_task_group.py took 0.057 seconds
[2022-03-26 00:01:45,191] {processor.py:163} INFO - Started process (PID=29251) to work on /Users/adebolafagbule/opt/anaconda3/envs/airflow_env/lib/python3.8/site-packages/airflow/example_dags/example_task_group.py
[2022-03-26 00:01:45,192] {processor.py:642} INFO - Processing file /Users/adebolafagbule/opt/anaconda3/envs/airflow_env/lib/python3.8/site-packages/airflow/example_dags/example_task_group.py for tasks to queue
[2022-03-26 00:01:45,192] {logging_mixin.py:109} INFO - [2022-03-26 00:01:45,192] {dagbag.py:500} INFO - Filling up the DagBag from /Users/adebolafagbule/opt/anaconda3/envs/airflow_env/lib/python3.8/site-packages/airflow/example_dags/example_task_group.py
[2022-03-26 00:01:45,223] {processor.py:654} INFO - DAG(s) dict_keys(['example_task_group']) retrieved from /Users/adebolafagbule/opt/anaconda3/envs/airflow_env/lib/python3.8/site-packages/airflow/example_dags/example_task_group.py
[2022-03-26 00:01:45,237] {logging_mixin.py:109} INFO - [2022-03-26 00:01:45,236] {dag.py:2398} INFO - Sync 1 DAGs
[2022-03-26 00:01:45,244] {logging_mixin.py:109} INFO - [2022-03-26 00:01:45,244] {dag.py:2937} INFO - Setting next_dagrun for example_task_group to 2022-03-25T04:01:45.244487+00:00
[2022-03-26 00:01:45,249] {processor.py:171} INFO - Processing /Users/adebolafagbule/opt/anaconda3/envs/airflow_env/lib/python3.8/site-packages/airflow/example_dags/example_task_group.py took 0.058 seconds
[2022-03-26 00:03:05,916] {processor.py:163} INFO - Started process (PID=29342) to work on /Users/adebolafagbule/opt/anaconda3/envs/airflow_env/lib/python3.8/site-packages/airflow/example_dags/example_task_group.py
[2022-03-26 00:03:05,917] {processor.py:642} INFO - Processing file /Users/adebolafagbule/opt/anaconda3/envs/airflow_env/lib/python3.8/site-packages/airflow/example_dags/example_task_group.py for tasks to queue
[2022-03-26 00:03:05,917] {logging_mixin.py:109} INFO - [2022-03-26 00:03:05,917] {dagbag.py:500} INFO - Filling up the DagBag from /Users/adebolafagbule/opt/anaconda3/envs/airflow_env/lib/python3.8/site-packages/airflow/example_dags/example_task_group.py
[2022-03-26 00:03:05,946] {processor.py:654} INFO - DAG(s) dict_keys(['example_task_group']) retrieved from /Users/adebolafagbule/opt/anaconda3/envs/airflow_env/lib/python3.8/site-packages/airflow/example_dags/example_task_group.py
[2022-03-26 00:03:05,960] {logging_mixin.py:109} INFO - [2022-03-26 00:03:05,960] {dag.py:2398} INFO - Sync 1 DAGs
[2022-03-26 00:03:05,967] {logging_mixin.py:109} INFO - [2022-03-26 00:03:05,967] {dag.py:2937} INFO - Setting next_dagrun for example_task_group to 2022-03-25T04:03:05.967666+00:00
[2022-03-26 00:03:05,973] {processor.py:171} INFO - Processing /Users/adebolafagbule/opt/anaconda3/envs/airflow_env/lib/python3.8/site-packages/airflow/example_dags/example_task_group.py took 0.058 seconds
[2022-03-26 00:04:25,898] {processor.py:163} INFO - Started process (PID=29422) to work on /Users/adebolafagbule/opt/anaconda3/envs/airflow_env/lib/python3.8/site-packages/airflow/example_dags/example_task_group.py
[2022-03-26 00:04:25,899] {processor.py:642} INFO - Processing file /Users/adebolafagbule/opt/anaconda3/envs/airflow_env/lib/python3.8/site-packages/airflow/example_dags/example_task_group.py for tasks to queue
[2022-03-26 00:04:25,900] {logging_mixin.py:109} INFO - [2022-03-26 00:04:25,900] {dagbag.py:500} INFO - Filling up the DagBag from /Users/adebolafagbule/opt/anaconda3/envs/airflow_env/lib/python3.8/site-packages/airflow/example_dags/example_task_group.py
[2022-03-26 00:04:25,928] {processor.py:654} INFO - DAG(s) dict_keys(['example_task_group']) retrieved from /Users/adebolafagbule/opt/anaconda3/envs/airflow_env/lib/python3.8/site-packages/airflow/example_dags/example_task_group.py
[2022-03-26 00:04:25,942] {logging_mixin.py:109} INFO - [2022-03-26 00:04:25,942] {dag.py:2398} INFO - Sync 1 DAGs
[2022-03-26 00:04:25,949] {logging_mixin.py:109} INFO - [2022-03-26 00:04:25,949] {dag.py:2937} INFO - Setting next_dagrun for example_task_group to 2022-03-25T04:04:25.949629+00:00
[2022-03-26 00:04:25,957] {processor.py:171} INFO - Processing /Users/adebolafagbule/opt/anaconda3/envs/airflow_env/lib/python3.8/site-packages/airflow/example_dags/example_task_group.py took 0.060 seconds
[2022-03-26 00:05:47,144] {processor.py:163} INFO - Started process (PID=29504) to work on /Users/adebolafagbule/opt/anaconda3/envs/airflow_env/lib/python3.8/site-packages/airflow/example_dags/example_task_group.py
[2022-03-26 00:05:47,145] {processor.py:642} INFO - Processing file /Users/adebolafagbule/opt/anaconda3/envs/airflow_env/lib/python3.8/site-packages/airflow/example_dags/example_task_group.py for tasks to queue
[2022-03-26 00:05:47,146] {logging_mixin.py:109} INFO - [2022-03-26 00:05:47,146] {dagbag.py:500} INFO - Filling up the DagBag from /Users/adebolafagbule/opt/anaconda3/envs/airflow_env/lib/python3.8/site-packages/airflow/example_dags/example_task_group.py
[2022-03-26 00:05:47,178] {processor.py:654} INFO - DAG(s) dict_keys(['example_task_group']) retrieved from /Users/adebolafagbule/opt/anaconda3/envs/airflow_env/lib/python3.8/site-packages/airflow/example_dags/example_task_group.py
[2022-03-26 00:05:47,193] {logging_mixin.py:109} INFO - [2022-03-26 00:05:47,192] {dag.py:2398} INFO - Sync 1 DAGs
[2022-03-26 00:05:47,200] {logging_mixin.py:109} INFO - [2022-03-26 00:05:47,200] {dag.py:2937} INFO - Setting next_dagrun for example_task_group to 2022-03-25T04:05:47.200236+00:00
[2022-03-26 00:05:47,205] {processor.py:171} INFO - Processing /Users/adebolafagbule/opt/anaconda3/envs/airflow_env/lib/python3.8/site-packages/airflow/example_dags/example_task_group.py took 0.061 seconds
[2022-03-26 00:07:08,339] {processor.py:163} INFO - Started process (PID=29595) to work on /Users/adebolafagbule/opt/anaconda3/envs/airflow_env/lib/python3.8/site-packages/airflow/example_dags/example_task_group.py
[2022-03-26 00:07:08,340] {processor.py:642} INFO - Processing file /Users/adebolafagbule/opt/anaconda3/envs/airflow_env/lib/python3.8/site-packages/airflow/example_dags/example_task_group.py for tasks to queue
[2022-03-26 00:07:08,340] {logging_mixin.py:109} INFO - [2022-03-26 00:07:08,340] {dagbag.py:500} INFO - Filling up the DagBag from /Users/adebolafagbule/opt/anaconda3/envs/airflow_env/lib/python3.8/site-packages/airflow/example_dags/example_task_group.py
[2022-03-26 00:07:08,371] {processor.py:654} INFO - DAG(s) dict_keys(['example_task_group']) retrieved from /Users/adebolafagbule/opt/anaconda3/envs/airflow_env/lib/python3.8/site-packages/airflow/example_dags/example_task_group.py
[2022-03-26 00:07:08,384] {logging_mixin.py:109} INFO - [2022-03-26 00:07:08,384] {dag.py:2398} INFO - Sync 1 DAGs
[2022-03-26 00:07:08,391] {logging_mixin.py:109} INFO - [2022-03-26 00:07:08,391] {dag.py:2937} INFO - Setting next_dagrun for example_task_group to 2022-03-25T04:07:08.391672+00:00
[2022-03-26 00:07:08,397] {processor.py:171} INFO - Processing /Users/adebolafagbule/opt/anaconda3/envs/airflow_env/lib/python3.8/site-packages/airflow/example_dags/example_task_group.py took 0.058 seconds
[2022-03-26 00:08:33,854] {processor.py:163} INFO - Started process (PID=29685) to work on /Users/adebolafagbule/opt/anaconda3/envs/airflow_env/lib/python3.8/site-packages/airflow/example_dags/example_task_group.py
[2022-03-26 00:08:33,857] {processor.py:642} INFO - Processing file /Users/adebolafagbule/opt/anaconda3/envs/airflow_env/lib/python3.8/site-packages/airflow/example_dags/example_task_group.py for tasks to queue
[2022-03-26 00:08:33,858] {logging_mixin.py:109} INFO - [2022-03-26 00:08:33,858] {dagbag.py:500} INFO - Filling up the DagBag from /Users/adebolafagbule/opt/anaconda3/envs/airflow_env/lib/python3.8/site-packages/airflow/example_dags/example_task_group.py
[2022-03-26 00:08:33,890] {processor.py:654} INFO - DAG(s) dict_keys(['example_task_group']) retrieved from /Users/adebolafagbule/opt/anaconda3/envs/airflow_env/lib/python3.8/site-packages/airflow/example_dags/example_task_group.py
[2022-03-26 00:08:33,903] {logging_mixin.py:109} INFO - [2022-03-26 00:08:33,903] {dag.py:2398} INFO - Sync 1 DAGs
[2022-03-26 00:08:33,910] {logging_mixin.py:109} INFO - [2022-03-26 00:08:33,910] {dag.py:2937} INFO - Setting next_dagrun for example_task_group to 2022-03-25T04:08:33.910703+00:00
[2022-03-26 00:08:33,918] {processor.py:171} INFO - Processing /Users/adebolafagbule/opt/anaconda3/envs/airflow_env/lib/python3.8/site-packages/airflow/example_dags/example_task_group.py took 0.063 seconds
[2022-03-26 00:09:56,154] {processor.py:163} INFO - Started process (PID=29783) to work on /Users/adebolafagbule/opt/anaconda3/envs/airflow_env/lib/python3.8/site-packages/airflow/example_dags/example_task_group.py
[2022-03-26 00:09:56,155] {processor.py:642} INFO - Processing file /Users/adebolafagbule/opt/anaconda3/envs/airflow_env/lib/python3.8/site-packages/airflow/example_dags/example_task_group.py for tasks to queue
[2022-03-26 00:09:56,156] {logging_mixin.py:109} INFO - [2022-03-26 00:09:56,156] {dagbag.py:500} INFO - Filling up the DagBag from /Users/adebolafagbule/opt/anaconda3/envs/airflow_env/lib/python3.8/site-packages/airflow/example_dags/example_task_group.py
[2022-03-26 00:09:56,197] {processor.py:654} INFO - DAG(s) dict_keys(['example_task_group']) retrieved from /Users/adebolafagbule/opt/anaconda3/envs/airflow_env/lib/python3.8/site-packages/airflow/example_dags/example_task_group.py
[2022-03-26 00:09:56,211] {logging_mixin.py:109} INFO - [2022-03-26 00:09:56,211] {dag.py:2398} INFO - Sync 1 DAGs
[2022-03-26 00:09:56,219] {logging_mixin.py:109} INFO - [2022-03-26 00:09:56,218] {dag.py:2937} INFO - Setting next_dagrun for example_task_group to 2022-03-25T04:09:56.218789+00:00
[2022-03-26 00:09:56,224] {processor.py:171} INFO - Processing /Users/adebolafagbule/opt/anaconda3/envs/airflow_env/lib/python3.8/site-packages/airflow/example_dags/example_task_group.py took 0.071 seconds
[2022-03-26 00:11:16,960] {processor.py:163} INFO - Started process (PID=29865) to work on /Users/adebolafagbule/opt/anaconda3/envs/airflow_env/lib/python3.8/site-packages/airflow/example_dags/example_task_group.py
[2022-03-26 00:11:16,961] {processor.py:642} INFO - Processing file /Users/adebolafagbule/opt/anaconda3/envs/airflow_env/lib/python3.8/site-packages/airflow/example_dags/example_task_group.py for tasks to queue
[2022-03-26 00:11:16,961] {logging_mixin.py:109} INFO - [2022-03-26 00:11:16,961] {dagbag.py:500} INFO - Filling up the DagBag from /Users/adebolafagbule/opt/anaconda3/envs/airflow_env/lib/python3.8/site-packages/airflow/example_dags/example_task_group.py
[2022-03-26 00:11:16,991] {processor.py:654} INFO - DAG(s) dict_keys(['example_task_group']) retrieved from /Users/adebolafagbule/opt/anaconda3/envs/airflow_env/lib/python3.8/site-packages/airflow/example_dags/example_task_group.py
[2022-03-26 00:11:17,004] {logging_mixin.py:109} INFO - [2022-03-26 00:11:17,004] {dag.py:2398} INFO - Sync 1 DAGs
[2022-03-26 00:11:17,012] {logging_mixin.py:109} INFO - [2022-03-26 00:11:17,012] {dag.py:2937} INFO - Setting next_dagrun for example_task_group to 2022-03-25T04:11:17.012036+00:00
[2022-03-26 00:11:17,017] {processor.py:171} INFO - Processing /Users/adebolafagbule/opt/anaconda3/envs/airflow_env/lib/python3.8/site-packages/airflow/example_dags/example_task_group.py took 0.058 seconds
[2022-03-26 00:12:39,758] {processor.py:163} INFO - Started process (PID=29965) to work on /Users/adebolafagbule/opt/anaconda3/envs/airflow_env/lib/python3.8/site-packages/airflow/example_dags/example_task_group.py
[2022-03-26 00:12:39,759] {processor.py:642} INFO - Processing file /Users/adebolafagbule/opt/anaconda3/envs/airflow_env/lib/python3.8/site-packages/airflow/example_dags/example_task_group.py for tasks to queue
[2022-03-26 00:12:39,759] {logging_mixin.py:109} INFO - [2022-03-26 00:12:39,759] {dagbag.py:500} INFO - Filling up the DagBag from /Users/adebolafagbule/opt/anaconda3/envs/airflow_env/lib/python3.8/site-packages/airflow/example_dags/example_task_group.py
[2022-03-26 00:12:39,789] {processor.py:654} INFO - DAG(s) dict_keys(['example_task_group']) retrieved from /Users/adebolafagbule/opt/anaconda3/envs/airflow_env/lib/python3.8/site-packages/airflow/example_dags/example_task_group.py
[2022-03-26 00:12:39,802] {logging_mixin.py:109} INFO - [2022-03-26 00:12:39,802] {dag.py:2398} INFO - Sync 1 DAGs
[2022-03-26 00:12:39,810] {logging_mixin.py:109} INFO - [2022-03-26 00:12:39,810] {dag.py:2937} INFO - Setting next_dagrun for example_task_group to 2022-03-25T04:12:39.810108+00:00
[2022-03-26 00:12:39,816] {processor.py:171} INFO - Processing /Users/adebolafagbule/opt/anaconda3/envs/airflow_env/lib/python3.8/site-packages/airflow/example_dags/example_task_group.py took 0.059 seconds
[2022-03-26 00:14:00,813] {processor.py:163} INFO - Started process (PID=30059) to work on /Users/adebolafagbule/opt/anaconda3/envs/airflow_env/lib/python3.8/site-packages/airflow/example_dags/example_task_group.py
[2022-03-26 00:14:00,815] {processor.py:642} INFO - Processing file /Users/adebolafagbule/opt/anaconda3/envs/airflow_env/lib/python3.8/site-packages/airflow/example_dags/example_task_group.py for tasks to queue
[2022-03-26 00:14:00,815] {logging_mixin.py:109} INFO - [2022-03-26 00:14:00,815] {dagbag.py:500} INFO - Filling up the DagBag from /Users/adebolafagbule/opt/anaconda3/envs/airflow_env/lib/python3.8/site-packages/airflow/example_dags/example_task_group.py
[2022-03-26 00:14:00,845] {processor.py:654} INFO - DAG(s) dict_keys(['example_task_group']) retrieved from /Users/adebolafagbule/opt/anaconda3/envs/airflow_env/lib/python3.8/site-packages/airflow/example_dags/example_task_group.py
[2022-03-26 00:14:00,858] {logging_mixin.py:109} INFO - [2022-03-26 00:14:00,858] {dag.py:2398} INFO - Sync 1 DAGs
[2022-03-26 00:14:00,865] {logging_mixin.py:109} INFO - [2022-03-26 00:14:00,865] {dag.py:2937} INFO - Setting next_dagrun for example_task_group to 2022-03-25T04:14:00.865461+00:00
[2022-03-26 00:14:00,874] {processor.py:171} INFO - Processing /Users/adebolafagbule/opt/anaconda3/envs/airflow_env/lib/python3.8/site-packages/airflow/example_dags/example_task_group.py took 0.061 seconds
[2022-03-26 00:15:21,212] {processor.py:163} INFO - Started process (PID=30148) to work on /Users/adebolafagbule/opt/anaconda3/envs/airflow_env/lib/python3.8/site-packages/airflow/example_dags/example_task_group.py
[2022-03-26 00:15:21,213] {processor.py:642} INFO - Processing file /Users/adebolafagbule/opt/anaconda3/envs/airflow_env/lib/python3.8/site-packages/airflow/example_dags/example_task_group.py for tasks to queue
[2022-03-26 00:15:21,213] {logging_mixin.py:109} INFO - [2022-03-26 00:15:21,213] {dagbag.py:500} INFO - Filling up the DagBag from /Users/adebolafagbule/opt/anaconda3/envs/airflow_env/lib/python3.8/site-packages/airflow/example_dags/example_task_group.py
[2022-03-26 00:15:21,246] {processor.py:654} INFO - DAG(s) dict_keys(['example_task_group']) retrieved from /Users/adebolafagbule/opt/anaconda3/envs/airflow_env/lib/python3.8/site-packages/airflow/example_dags/example_task_group.py
[2022-03-26 00:15:21,260] {logging_mixin.py:109} INFO - [2022-03-26 00:15:21,260] {dag.py:2398} INFO - Sync 1 DAGs
[2022-03-26 00:15:21,268] {logging_mixin.py:109} INFO - [2022-03-26 00:15:21,268] {dag.py:2937} INFO - Setting next_dagrun for example_task_group to 2022-03-25T04:15:21.268608+00:00
[2022-03-26 00:15:21,275] {processor.py:171} INFO - Processing /Users/adebolafagbule/opt/anaconda3/envs/airflow_env/lib/python3.8/site-packages/airflow/example_dags/example_task_group.py took 0.063 seconds
[2022-03-26 00:16:41,702] {processor.py:163} INFO - Started process (PID=30232) to work on /Users/adebolafagbule/opt/anaconda3/envs/airflow_env/lib/python3.8/site-packages/airflow/example_dags/example_task_group.py
[2022-03-26 00:16:41,703] {processor.py:642} INFO - Processing file /Users/adebolafagbule/opt/anaconda3/envs/airflow_env/lib/python3.8/site-packages/airflow/example_dags/example_task_group.py for tasks to queue
[2022-03-26 00:16:41,703] {logging_mixin.py:109} INFO - [2022-03-26 00:16:41,703] {dagbag.py:500} INFO - Filling up the DagBag from /Users/adebolafagbule/opt/anaconda3/envs/airflow_env/lib/python3.8/site-packages/airflow/example_dags/example_task_group.py
[2022-03-26 00:16:41,730] {processor.py:654} INFO - DAG(s) dict_keys(['example_task_group']) retrieved from /Users/adebolafagbule/opt/anaconda3/envs/airflow_env/lib/python3.8/site-packages/airflow/example_dags/example_task_group.py
[2022-03-26 00:16:41,744] {logging_mixin.py:109} INFO - [2022-03-26 00:16:41,744] {dag.py:2398} INFO - Sync 1 DAGs
[2022-03-26 00:16:41,752] {logging_mixin.py:109} INFO - [2022-03-26 00:16:41,752] {dag.py:2937} INFO - Setting next_dagrun for example_task_group to 2022-03-25T04:16:41.751944+00:00
[2022-03-26 00:16:41,758] {processor.py:171} INFO - Processing /Users/adebolafagbule/opt/anaconda3/envs/airflow_env/lib/python3.8/site-packages/airflow/example_dags/example_task_group.py took 0.056 seconds
[2022-03-26 00:18:01,948] {processor.py:163} INFO - Started process (PID=30317) to work on /Users/adebolafagbule/opt/anaconda3/envs/airflow_env/lib/python3.8/site-packages/airflow/example_dags/example_task_group.py
[2022-03-26 00:18:01,948] {processor.py:642} INFO - Processing file /Users/adebolafagbule/opt/anaconda3/envs/airflow_env/lib/python3.8/site-packages/airflow/example_dags/example_task_group.py for tasks to queue
[2022-03-26 00:18:01,949] {logging_mixin.py:109} INFO - [2022-03-26 00:18:01,949] {dagbag.py:500} INFO - Filling up the DagBag from /Users/adebolafagbule/opt/anaconda3/envs/airflow_env/lib/python3.8/site-packages/airflow/example_dags/example_task_group.py
[2022-03-26 00:18:01,979] {processor.py:654} INFO - DAG(s) dict_keys(['example_task_group']) retrieved from /Users/adebolafagbule/opt/anaconda3/envs/airflow_env/lib/python3.8/site-packages/airflow/example_dags/example_task_group.py
[2022-03-26 00:18:01,993] {logging_mixin.py:109} INFO - [2022-03-26 00:18:01,993] {dag.py:2398} INFO - Sync 1 DAGs
[2022-03-26 00:18:02,001] {logging_mixin.py:109} INFO - [2022-03-26 00:18:02,001] {dag.py:2937} INFO - Setting next_dagrun for example_task_group to 2022-03-25T04:18:02.001701+00:00
[2022-03-26 00:18:02,008] {processor.py:171} INFO - Processing /Users/adebolafagbule/opt/anaconda3/envs/airflow_env/lib/python3.8/site-packages/airflow/example_dags/example_task_group.py took 0.060 seconds
[2022-03-26 00:19:22,961] {processor.py:163} INFO - Started process (PID=30406) to work on /Users/adebolafagbule/opt/anaconda3/envs/airflow_env/lib/python3.8/site-packages/airflow/example_dags/example_task_group.py
[2022-03-26 00:19:22,962] {processor.py:642} INFO - Processing file /Users/adebolafagbule/opt/anaconda3/envs/airflow_env/lib/python3.8/site-packages/airflow/example_dags/example_task_group.py for tasks to queue
[2022-03-26 00:19:22,962] {logging_mixin.py:109} INFO - [2022-03-26 00:19:22,962] {dagbag.py:500} INFO - Filling up the DagBag from /Users/adebolafagbule/opt/anaconda3/envs/airflow_env/lib/python3.8/site-packages/airflow/example_dags/example_task_group.py
[2022-03-26 00:19:22,993] {processor.py:654} INFO - DAG(s) dict_keys(['example_task_group']) retrieved from /Users/adebolafagbule/opt/anaconda3/envs/airflow_env/lib/python3.8/site-packages/airflow/example_dags/example_task_group.py
[2022-03-26 00:19:23,007] {logging_mixin.py:109} INFO - [2022-03-26 00:19:23,006] {dag.py:2398} INFO - Sync 1 DAGs
[2022-03-26 00:19:23,015] {logging_mixin.py:109} INFO - [2022-03-26 00:19:23,015] {dag.py:2937} INFO - Setting next_dagrun for example_task_group to 2022-03-25T04:19:23.015036+00:00
[2022-03-26 00:19:23,021] {processor.py:171} INFO - Processing /Users/adebolafagbule/opt/anaconda3/envs/airflow_env/lib/python3.8/site-packages/airflow/example_dags/example_task_group.py took 0.060 seconds
[2022-03-26 00:20:40,691] {processor.py:163} INFO - Started process (PID=30488) to work on /Users/adebolafagbule/opt/anaconda3/envs/airflow_env/lib/python3.8/site-packages/airflow/example_dags/example_task_group.py
[2022-03-26 00:20:40,692] {processor.py:642} INFO - Processing file /Users/adebolafagbule/opt/anaconda3/envs/airflow_env/lib/python3.8/site-packages/airflow/example_dags/example_task_group.py for tasks to queue
[2022-03-26 00:20:40,692] {logging_mixin.py:109} INFO - [2022-03-26 00:20:40,692] {dagbag.py:500} INFO - Filling up the DagBag from /Users/adebolafagbule/opt/anaconda3/envs/airflow_env/lib/python3.8/site-packages/airflow/example_dags/example_task_group.py
[2022-03-26 00:20:40,722] {processor.py:654} INFO - DAG(s) dict_keys(['example_task_group']) retrieved from /Users/adebolafagbule/opt/anaconda3/envs/airflow_env/lib/python3.8/site-packages/airflow/example_dags/example_task_group.py
[2022-03-26 00:20:40,735] {logging_mixin.py:109} INFO - [2022-03-26 00:20:40,735] {dag.py:2398} INFO - Sync 1 DAGs
[2022-03-26 00:20:40,743] {logging_mixin.py:109} INFO - [2022-03-26 00:20:40,743] {dag.py:2937} INFO - Setting next_dagrun for example_task_group to 2022-03-25T04:20:40.743155+00:00
[2022-03-26 00:20:40,749] {processor.py:171} INFO - Processing /Users/adebolafagbule/opt/anaconda3/envs/airflow_env/lib/python3.8/site-packages/airflow/example_dags/example_task_group.py took 0.059 seconds
[2022-03-26 00:22:00,759] {processor.py:163} INFO - Started process (PID=30572) to work on /Users/adebolafagbule/opt/anaconda3/envs/airflow_env/lib/python3.8/site-packages/airflow/example_dags/example_task_group.py
[2022-03-26 00:22:00,760] {processor.py:642} INFO - Processing file /Users/adebolafagbule/opt/anaconda3/envs/airflow_env/lib/python3.8/site-packages/airflow/example_dags/example_task_group.py for tasks to queue
[2022-03-26 00:22:00,760] {logging_mixin.py:109} INFO - [2022-03-26 00:22:00,760] {dagbag.py:500} INFO - Filling up the DagBag from /Users/adebolafagbule/opt/anaconda3/envs/airflow_env/lib/python3.8/site-packages/airflow/example_dags/example_task_group.py
[2022-03-26 00:22:00,788] {processor.py:654} INFO - DAG(s) dict_keys(['example_task_group']) retrieved from /Users/adebolafagbule/opt/anaconda3/envs/airflow_env/lib/python3.8/site-packages/airflow/example_dags/example_task_group.py
[2022-03-26 00:22:00,801] {logging_mixin.py:109} INFO - [2022-03-26 00:22:00,801] {dag.py:2398} INFO - Sync 1 DAGs
[2022-03-26 00:22:00,809] {logging_mixin.py:109} INFO - [2022-03-26 00:22:00,809] {dag.py:2937} INFO - Setting next_dagrun for example_task_group to 2022-03-25T04:22:00.809171+00:00
[2022-03-26 00:22:00,816] {processor.py:171} INFO - Processing /Users/adebolafagbule/opt/anaconda3/envs/airflow_env/lib/python3.8/site-packages/airflow/example_dags/example_task_group.py took 0.058 seconds
[2022-03-26 00:23:24,987] {processor.py:163} INFO - Started process (PID=30673) to work on /Users/adebolafagbule/opt/anaconda3/envs/airflow_env/lib/python3.8/site-packages/airflow/example_dags/example_task_group.py
[2022-03-26 00:23:24,987] {processor.py:642} INFO - Processing file /Users/adebolafagbule/opt/anaconda3/envs/airflow_env/lib/python3.8/site-packages/airflow/example_dags/example_task_group.py for tasks to queue
[2022-03-26 00:23:24,987] {logging_mixin.py:109} INFO - [2022-03-26 00:23:24,987] {dagbag.py:500} INFO - Filling up the DagBag from /Users/adebolafagbule/opt/anaconda3/envs/airflow_env/lib/python3.8/site-packages/airflow/example_dags/example_task_group.py
[2022-03-26 00:23:25,018] {processor.py:654} INFO - DAG(s) dict_keys(['example_task_group']) retrieved from /Users/adebolafagbule/opt/anaconda3/envs/airflow_env/lib/python3.8/site-packages/airflow/example_dags/example_task_group.py
[2022-03-26 00:23:25,032] {logging_mixin.py:109} INFO - [2022-03-26 00:23:25,032] {dag.py:2398} INFO - Sync 1 DAGs
[2022-03-26 00:23:25,040] {logging_mixin.py:109} INFO - [2022-03-26 00:23:25,040] {dag.py:2937} INFO - Setting next_dagrun for example_task_group to 2022-03-25T04:23:25.039985+00:00
[2022-03-26 00:23:25,046] {processor.py:171} INFO - Processing /Users/adebolafagbule/opt/anaconda3/envs/airflow_env/lib/python3.8/site-packages/airflow/example_dags/example_task_group.py took 0.060 seconds
[2022-03-26 00:24:43,891] {processor.py:163} INFO - Started process (PID=30765) to work on /Users/adebolafagbule/opt/anaconda3/envs/airflow_env/lib/python3.8/site-packages/airflow/example_dags/example_task_group.py
[2022-03-26 00:24:43,892] {processor.py:642} INFO - Processing file /Users/adebolafagbule/opt/anaconda3/envs/airflow_env/lib/python3.8/site-packages/airflow/example_dags/example_task_group.py for tasks to queue
[2022-03-26 00:24:43,893] {logging_mixin.py:109} INFO - [2022-03-26 00:24:43,893] {dagbag.py:500} INFO - Filling up the DagBag from /Users/adebolafagbule/opt/anaconda3/envs/airflow_env/lib/python3.8/site-packages/airflow/example_dags/example_task_group.py
[2022-03-26 00:24:43,923] {processor.py:654} INFO - DAG(s) dict_keys(['example_task_group']) retrieved from /Users/adebolafagbule/opt/anaconda3/envs/airflow_env/lib/python3.8/site-packages/airflow/example_dags/example_task_group.py
[2022-03-26 00:24:43,936] {logging_mixin.py:109} INFO - [2022-03-26 00:24:43,936] {dag.py:2398} INFO - Sync 1 DAGs
[2022-03-26 00:24:43,944] {logging_mixin.py:109} INFO - [2022-03-26 00:24:43,944] {dag.py:2937} INFO - Setting next_dagrun for example_task_group to 2022-03-25T04:24:43.944713+00:00
[2022-03-26 00:24:43,950] {processor.py:171} INFO - Processing /Users/adebolafagbule/opt/anaconda3/envs/airflow_env/lib/python3.8/site-packages/airflow/example_dags/example_task_group.py took 0.059 seconds
[2022-03-26 00:26:03,777] {processor.py:163} INFO - Started process (PID=30854) to work on /Users/adebolafagbule/opt/anaconda3/envs/airflow_env/lib/python3.8/site-packages/airflow/example_dags/example_task_group.py
[2022-03-26 00:26:03,779] {processor.py:642} INFO - Processing file /Users/adebolafagbule/opt/anaconda3/envs/airflow_env/lib/python3.8/site-packages/airflow/example_dags/example_task_group.py for tasks to queue
[2022-03-26 00:26:03,779] {logging_mixin.py:109} INFO - [2022-03-26 00:26:03,779] {dagbag.py:500} INFO - Filling up the DagBag from /Users/adebolafagbule/opt/anaconda3/envs/airflow_env/lib/python3.8/site-packages/airflow/example_dags/example_task_group.py
[2022-03-26 00:26:03,808] {processor.py:654} INFO - DAG(s) dict_keys(['example_task_group']) retrieved from /Users/adebolafagbule/opt/anaconda3/envs/airflow_env/lib/python3.8/site-packages/airflow/example_dags/example_task_group.py
[2022-03-26 00:26:03,822] {logging_mixin.py:109} INFO - [2022-03-26 00:26:03,822] {dag.py:2398} INFO - Sync 1 DAGs
[2022-03-26 00:26:03,829] {logging_mixin.py:109} INFO - [2022-03-26 00:26:03,829] {dag.py:2937} INFO - Setting next_dagrun for example_task_group to 2022-03-25T04:26:03.829369+00:00
[2022-03-26 00:26:03,837] {processor.py:171} INFO - Processing /Users/adebolafagbule/opt/anaconda3/envs/airflow_env/lib/python3.8/site-packages/airflow/example_dags/example_task_group.py took 0.060 seconds
[2022-03-26 00:27:25,506] {processor.py:163} INFO - Started process (PID=30951) to work on /Users/adebolafagbule/opt/anaconda3/envs/airflow_env/lib/python3.8/site-packages/airflow/example_dags/example_task_group.py
[2022-03-26 00:27:25,507] {processor.py:642} INFO - Processing file /Users/adebolafagbule/opt/anaconda3/envs/airflow_env/lib/python3.8/site-packages/airflow/example_dags/example_task_group.py for tasks to queue
[2022-03-26 00:27:25,507] {logging_mixin.py:109} INFO - [2022-03-26 00:27:25,507] {dagbag.py:500} INFO - Filling up the DagBag from /Users/adebolafagbule/opt/anaconda3/envs/airflow_env/lib/python3.8/site-packages/airflow/example_dags/example_task_group.py
[2022-03-26 00:27:25,539] {processor.py:654} INFO - DAG(s) dict_keys(['example_task_group']) retrieved from /Users/adebolafagbule/opt/anaconda3/envs/airflow_env/lib/python3.8/site-packages/airflow/example_dags/example_task_group.py
[2022-03-26 00:27:25,553] {logging_mixin.py:109} INFO - [2022-03-26 00:27:25,553] {dag.py:2398} INFO - Sync 1 DAGs
[2022-03-26 00:27:25,561] {logging_mixin.py:109} INFO - [2022-03-26 00:27:25,561] {dag.py:2937} INFO - Setting next_dagrun for example_task_group to 2022-03-25T04:27:25.561426+00:00
[2022-03-26 00:27:25,567] {processor.py:171} INFO - Processing /Users/adebolafagbule/opt/anaconda3/envs/airflow_env/lib/python3.8/site-packages/airflow/example_dags/example_task_group.py took 0.062 seconds
[2022-03-26 00:28:56,146] {processor.py:163} INFO - Started process (PID=31057) to work on /Users/adebolafagbule/opt/anaconda3/envs/airflow_env/lib/python3.8/site-packages/airflow/example_dags/example_task_group.py
[2022-03-26 00:28:56,147] {processor.py:642} INFO - Processing file /Users/adebolafagbule/opt/anaconda3/envs/airflow_env/lib/python3.8/site-packages/airflow/example_dags/example_task_group.py for tasks to queue
[2022-03-26 00:28:56,147] {logging_mixin.py:109} INFO - [2022-03-26 00:28:56,147] {dagbag.py:500} INFO - Filling up the DagBag from /Users/adebolafagbule/opt/anaconda3/envs/airflow_env/lib/python3.8/site-packages/airflow/example_dags/example_task_group.py
[2022-03-26 00:28:56,176] {processor.py:654} INFO - DAG(s) dict_keys(['example_task_group']) retrieved from /Users/adebolafagbule/opt/anaconda3/envs/airflow_env/lib/python3.8/site-packages/airflow/example_dags/example_task_group.py
[2022-03-26 00:28:56,190] {logging_mixin.py:109} INFO - [2022-03-26 00:28:56,189] {dag.py:2398} INFO - Sync 1 DAGs
[2022-03-26 00:28:56,197] {logging_mixin.py:109} INFO - [2022-03-26 00:28:56,197] {dag.py:2937} INFO - Setting next_dagrun for example_task_group to 2022-03-25T04:28:56.197315+00:00
[2022-03-26 00:28:56,203] {processor.py:171} INFO - Processing /Users/adebolafagbule/opt/anaconda3/envs/airflow_env/lib/python3.8/site-packages/airflow/example_dags/example_task_group.py took 0.057 seconds
[2022-03-26 00:30:29,074] {processor.py:163} INFO - Started process (PID=31161) to work on /Users/adebolafagbule/opt/anaconda3/envs/airflow_env/lib/python3.8/site-packages/airflow/example_dags/example_task_group.py
[2022-03-26 00:30:29,075] {processor.py:642} INFO - Processing file /Users/adebolafagbule/opt/anaconda3/envs/airflow_env/lib/python3.8/site-packages/airflow/example_dags/example_task_group.py for tasks to queue
[2022-03-26 00:30:29,075] {logging_mixin.py:109} INFO - [2022-03-26 00:30:29,075] {dagbag.py:500} INFO - Filling up the DagBag from /Users/adebolafagbule/opt/anaconda3/envs/airflow_env/lib/python3.8/site-packages/airflow/example_dags/example_task_group.py
[2022-03-26 00:30:29,105] {processor.py:654} INFO - DAG(s) dict_keys(['example_task_group']) retrieved from /Users/adebolafagbule/opt/anaconda3/envs/airflow_env/lib/python3.8/site-packages/airflow/example_dags/example_task_group.py
[2022-03-26 00:30:29,118] {logging_mixin.py:109} INFO - [2022-03-26 00:30:29,118] {dag.py:2398} INFO - Sync 1 DAGs
[2022-03-26 00:30:29,127] {logging_mixin.py:109} INFO - [2022-03-26 00:30:29,127] {dag.py:2937} INFO - Setting next_dagrun for example_task_group to 2022-03-25T04:30:29.126873+00:00
[2022-03-26 00:30:29,133] {processor.py:171} INFO - Processing /Users/adebolafagbule/opt/anaconda3/envs/airflow_env/lib/python3.8/site-packages/airflow/example_dags/example_task_group.py took 0.059 seconds
[2022-03-26 00:31:56,981] {processor.py:163} INFO - Started process (PID=31259) to work on /Users/adebolafagbule/opt/anaconda3/envs/airflow_env/lib/python3.8/site-packages/airflow/example_dags/example_task_group.py
[2022-03-26 00:31:56,981] {processor.py:642} INFO - Processing file /Users/adebolafagbule/opt/anaconda3/envs/airflow_env/lib/python3.8/site-packages/airflow/example_dags/example_task_group.py for tasks to queue
[2022-03-26 00:31:56,982] {logging_mixin.py:109} INFO - [2022-03-26 00:31:56,982] {dagbag.py:500} INFO - Filling up the DagBag from /Users/adebolafagbule/opt/anaconda3/envs/airflow_env/lib/python3.8/site-packages/airflow/example_dags/example_task_group.py
[2022-03-26 00:31:57,021] {processor.py:654} INFO - DAG(s) dict_keys(['example_task_group']) retrieved from /Users/adebolafagbule/opt/anaconda3/envs/airflow_env/lib/python3.8/site-packages/airflow/example_dags/example_task_group.py
[2022-03-26 00:31:57,047] {logging_mixin.py:109} INFO - [2022-03-26 00:31:57,047] {dag.py:2398} INFO - Sync 1 DAGs
[2022-03-26 00:31:57,066] {logging_mixin.py:109} INFO - [2022-03-26 00:31:57,066] {dag.py:2937} INFO - Setting next_dagrun for example_task_group to 2022-03-25T04:31:57.066404+00:00
[2022-03-26 00:31:57,080] {processor.py:171} INFO - Processing /Users/adebolafagbule/opt/anaconda3/envs/airflow_env/lib/python3.8/site-packages/airflow/example_dags/example_task_group.py took 0.100 seconds
[2022-03-26 00:33:22,466] {processor.py:163} INFO - Started process (PID=31354) to work on /Users/adebolafagbule/opt/anaconda3/envs/airflow_env/lib/python3.8/site-packages/airflow/example_dags/example_task_group.py
[2022-03-26 00:33:22,467] {processor.py:642} INFO - Processing file /Users/adebolafagbule/opt/anaconda3/envs/airflow_env/lib/python3.8/site-packages/airflow/example_dags/example_task_group.py for tasks to queue
[2022-03-26 00:33:22,467] {logging_mixin.py:109} INFO - [2022-03-26 00:33:22,467] {dagbag.py:500} INFO - Filling up the DagBag from /Users/adebolafagbule/opt/anaconda3/envs/airflow_env/lib/python3.8/site-packages/airflow/example_dags/example_task_group.py
[2022-03-26 00:33:22,497] {processor.py:654} INFO - DAG(s) dict_keys(['example_task_group']) retrieved from /Users/adebolafagbule/opt/anaconda3/envs/airflow_env/lib/python3.8/site-packages/airflow/example_dags/example_task_group.py
[2022-03-26 00:33:22,510] {logging_mixin.py:109} INFO - [2022-03-26 00:33:22,510] {dag.py:2398} INFO - Sync 1 DAGs
[2022-03-26 00:33:22,518] {logging_mixin.py:109} INFO - [2022-03-26 00:33:22,518] {dag.py:2937} INFO - Setting next_dagrun for example_task_group to 2022-03-25T04:33:22.518244+00:00
[2022-03-26 00:33:22,524] {processor.py:171} INFO - Processing /Users/adebolafagbule/opt/anaconda3/envs/airflow_env/lib/python3.8/site-packages/airflow/example_dags/example_task_group.py took 0.058 seconds
[2022-03-26 00:34:44,003] {processor.py:163} INFO - Started process (PID=31437) to work on /Users/adebolafagbule/opt/anaconda3/envs/airflow_env/lib/python3.8/site-packages/airflow/example_dags/example_task_group.py
[2022-03-26 00:34:44,004] {processor.py:642} INFO - Processing file /Users/adebolafagbule/opt/anaconda3/envs/airflow_env/lib/python3.8/site-packages/airflow/example_dags/example_task_group.py for tasks to queue
[2022-03-26 00:34:44,004] {logging_mixin.py:109} INFO - [2022-03-26 00:34:44,004] {dagbag.py:500} INFO - Filling up the DagBag from /Users/adebolafagbule/opt/anaconda3/envs/airflow_env/lib/python3.8/site-packages/airflow/example_dags/example_task_group.py
[2022-03-26 00:34:44,034] {processor.py:654} INFO - DAG(s) dict_keys(['example_task_group']) retrieved from /Users/adebolafagbule/opt/anaconda3/envs/airflow_env/lib/python3.8/site-packages/airflow/example_dags/example_task_group.py
[2022-03-26 00:34:44,048] {logging_mixin.py:109} INFO - [2022-03-26 00:34:44,048] {dag.py:2398} INFO - Sync 1 DAGs
[2022-03-26 00:34:44,055] {logging_mixin.py:109} INFO - [2022-03-26 00:34:44,055] {dag.py:2937} INFO - Setting next_dagrun for example_task_group to 2022-03-25T04:34:44.055567+00:00
[2022-03-26 00:34:44,061] {processor.py:171} INFO - Processing /Users/adebolafagbule/opt/anaconda3/envs/airflow_env/lib/python3.8/site-packages/airflow/example_dags/example_task_group.py took 0.058 seconds
[2022-03-26 00:36:03,945] {processor.py:163} INFO - Started process (PID=31519) to work on /Users/adebolafagbule/opt/anaconda3/envs/airflow_env/lib/python3.8/site-packages/airflow/example_dags/example_task_group.py
[2022-03-26 00:36:03,946] {processor.py:642} INFO - Processing file /Users/adebolafagbule/opt/anaconda3/envs/airflow_env/lib/python3.8/site-packages/airflow/example_dags/example_task_group.py for tasks to queue
[2022-03-26 00:36:03,946] {logging_mixin.py:109} INFO - [2022-03-26 00:36:03,946] {dagbag.py:500} INFO - Filling up the DagBag from /Users/adebolafagbule/opt/anaconda3/envs/airflow_env/lib/python3.8/site-packages/airflow/example_dags/example_task_group.py
[2022-03-26 00:36:03,977] {processor.py:654} INFO - DAG(s) dict_keys(['example_task_group']) retrieved from /Users/adebolafagbule/opt/anaconda3/envs/airflow_env/lib/python3.8/site-packages/airflow/example_dags/example_task_group.py
[2022-03-26 00:36:03,991] {logging_mixin.py:109} INFO - [2022-03-26 00:36:03,991] {dag.py:2398} INFO - Sync 1 DAGs
[2022-03-26 00:36:03,998] {logging_mixin.py:109} INFO - [2022-03-26 00:36:03,998] {dag.py:2937} INFO - Setting next_dagrun for example_task_group to 2022-03-25T04:36:03.998565+00:00
[2022-03-26 00:36:04,004] {processor.py:171} INFO - Processing /Users/adebolafagbule/opt/anaconda3/envs/airflow_env/lib/python3.8/site-packages/airflow/example_dags/example_task_group.py took 0.060 seconds
[2022-03-26 00:37:29,667] {processor.py:163} INFO - Started process (PID=31614) to work on /Users/adebolafagbule/opt/anaconda3/envs/airflow_env/lib/python3.8/site-packages/airflow/example_dags/example_task_group.py
[2022-03-26 00:37:29,667] {processor.py:642} INFO - Processing file /Users/adebolafagbule/opt/anaconda3/envs/airflow_env/lib/python3.8/site-packages/airflow/example_dags/example_task_group.py for tasks to queue
[2022-03-26 00:37:29,667] {logging_mixin.py:109} INFO - [2022-03-26 00:37:29,667] {dagbag.py:500} INFO - Filling up the DagBag from /Users/adebolafagbule/opt/anaconda3/envs/airflow_env/lib/python3.8/site-packages/airflow/example_dags/example_task_group.py
[2022-03-26 00:37:29,708] {processor.py:654} INFO - DAG(s) dict_keys(['example_task_group']) retrieved from /Users/adebolafagbule/opt/anaconda3/envs/airflow_env/lib/python3.8/site-packages/airflow/example_dags/example_task_group.py
[2022-03-26 00:37:29,723] {logging_mixin.py:109} INFO - [2022-03-26 00:37:29,723] {dag.py:2398} INFO - Sync 1 DAGs
[2022-03-26 00:37:29,731] {logging_mixin.py:109} INFO - [2022-03-26 00:37:29,731] {dag.py:2937} INFO - Setting next_dagrun for example_task_group to 2022-03-25T04:37:29.730911+00:00
[2022-03-26 00:37:29,736] {processor.py:171} INFO - Processing /Users/adebolafagbule/opt/anaconda3/envs/airflow_env/lib/python3.8/site-packages/airflow/example_dags/example_task_group.py took 0.070 seconds
[2022-03-26 00:39:09,049] {processor.py:163} INFO - Started process (PID=31724) to work on /Users/adebolafagbule/opt/anaconda3/envs/airflow_env/lib/python3.8/site-packages/airflow/example_dags/example_task_group.py
[2022-03-26 00:39:09,050] {processor.py:642} INFO - Processing file /Users/adebolafagbule/opt/anaconda3/envs/airflow_env/lib/python3.8/site-packages/airflow/example_dags/example_task_group.py for tasks to queue
[2022-03-26 00:39:09,050] {logging_mixin.py:109} INFO - [2022-03-26 00:39:09,050] {dagbag.py:500} INFO - Filling up the DagBag from /Users/adebolafagbule/opt/anaconda3/envs/airflow_env/lib/python3.8/site-packages/airflow/example_dags/example_task_group.py
[2022-03-26 00:39:09,081] {processor.py:654} INFO - DAG(s) dict_keys(['example_task_group']) retrieved from /Users/adebolafagbule/opt/anaconda3/envs/airflow_env/lib/python3.8/site-packages/airflow/example_dags/example_task_group.py
[2022-03-26 00:39:09,097] {logging_mixin.py:109} INFO - [2022-03-26 00:39:09,096] {dag.py:2398} INFO - Sync 1 DAGs
[2022-03-26 00:39:09,104] {logging_mixin.py:109} INFO - [2022-03-26 00:39:09,104] {dag.py:2937} INFO - Setting next_dagrun for example_task_group to 2022-03-25T04:39:09.104687+00:00
[2022-03-26 00:39:09,110] {processor.py:171} INFO - Processing /Users/adebolafagbule/opt/anaconda3/envs/airflow_env/lib/python3.8/site-packages/airflow/example_dags/example_task_group.py took 0.062 seconds
[2022-03-26 00:40:37,212] {processor.py:163} INFO - Started process (PID=31812) to work on /Users/adebolafagbule/opt/anaconda3/envs/airflow_env/lib/python3.8/site-packages/airflow/example_dags/example_task_group.py
[2022-03-26 00:40:37,213] {processor.py:642} INFO - Processing file /Users/adebolafagbule/opt/anaconda3/envs/airflow_env/lib/python3.8/site-packages/airflow/example_dags/example_task_group.py for tasks to queue
[2022-03-26 00:40:37,213] {logging_mixin.py:109} INFO - [2022-03-26 00:40:37,213] {dagbag.py:500} INFO - Filling up the DagBag from /Users/adebolafagbule/opt/anaconda3/envs/airflow_env/lib/python3.8/site-packages/airflow/example_dags/example_task_group.py
[2022-03-26 00:40:37,243] {processor.py:654} INFO - DAG(s) dict_keys(['example_task_group']) retrieved from /Users/adebolafagbule/opt/anaconda3/envs/airflow_env/lib/python3.8/site-packages/airflow/example_dags/example_task_group.py
[2022-03-26 00:40:37,257] {logging_mixin.py:109} INFO - [2022-03-26 00:40:37,256] {dag.py:2398} INFO - Sync 1 DAGs
[2022-03-26 00:40:37,264] {logging_mixin.py:109} INFO - [2022-03-26 00:40:37,264] {dag.py:2937} INFO - Setting next_dagrun for example_task_group to 2022-03-25T04:40:37.264454+00:00
[2022-03-26 00:40:37,270] {processor.py:171} INFO - Processing /Users/adebolafagbule/opt/anaconda3/envs/airflow_env/lib/python3.8/site-packages/airflow/example_dags/example_task_group.py took 0.058 seconds
[2022-03-26 00:41:57,161] {processor.py:163} INFO - Started process (PID=31895) to work on /Users/adebolafagbule/opt/anaconda3/envs/airflow_env/lib/python3.8/site-packages/airflow/example_dags/example_task_group.py
[2022-03-26 00:41:57,163] {processor.py:642} INFO - Processing file /Users/adebolafagbule/opt/anaconda3/envs/airflow_env/lib/python3.8/site-packages/airflow/example_dags/example_task_group.py for tasks to queue
[2022-03-26 00:41:57,163] {logging_mixin.py:109} INFO - [2022-03-26 00:41:57,163] {dagbag.py:500} INFO - Filling up the DagBag from /Users/adebolafagbule/opt/anaconda3/envs/airflow_env/lib/python3.8/site-packages/airflow/example_dags/example_task_group.py
[2022-03-26 00:41:57,193] {processor.py:654} INFO - DAG(s) dict_keys(['example_task_group']) retrieved from /Users/adebolafagbule/opt/anaconda3/envs/airflow_env/lib/python3.8/site-packages/airflow/example_dags/example_task_group.py
[2022-03-26 00:41:57,206] {logging_mixin.py:109} INFO - [2022-03-26 00:41:57,206] {dag.py:2398} INFO - Sync 1 DAGs
[2022-03-26 00:41:57,213] {logging_mixin.py:109} INFO - [2022-03-26 00:41:57,213] {dag.py:2937} INFO - Setting next_dagrun for example_task_group to 2022-03-25T04:41:57.213812+00:00
[2022-03-26 00:41:57,220] {processor.py:171} INFO - Processing /Users/adebolafagbule/opt/anaconda3/envs/airflow_env/lib/python3.8/site-packages/airflow/example_dags/example_task_group.py took 0.059 seconds
[2022-03-26 00:43:15,674] {processor.py:163} INFO - Started process (PID=31982) to work on /Users/adebolafagbule/opt/anaconda3/envs/airflow_env/lib/python3.8/site-packages/airflow/example_dags/example_task_group.py
[2022-03-26 00:43:15,675] {processor.py:642} INFO - Processing file /Users/adebolafagbule/opt/anaconda3/envs/airflow_env/lib/python3.8/site-packages/airflow/example_dags/example_task_group.py for tasks to queue
[2022-03-26 00:43:15,676] {logging_mixin.py:109} INFO - [2022-03-26 00:43:15,676] {dagbag.py:500} INFO - Filling up the DagBag from /Users/adebolafagbule/opt/anaconda3/envs/airflow_env/lib/python3.8/site-packages/airflow/example_dags/example_task_group.py
[2022-03-26 00:43:15,706] {processor.py:654} INFO - DAG(s) dict_keys(['example_task_group']) retrieved from /Users/adebolafagbule/opt/anaconda3/envs/airflow_env/lib/python3.8/site-packages/airflow/example_dags/example_task_group.py
[2022-03-26 00:43:15,719] {logging_mixin.py:109} INFO - [2022-03-26 00:43:15,719] {dag.py:2398} INFO - Sync 1 DAGs
[2022-03-26 00:43:15,727] {logging_mixin.py:109} INFO - [2022-03-26 00:43:15,727] {dag.py:2937} INFO - Setting next_dagrun for example_task_group to 2022-03-25T04:43:15.727301+00:00
[2022-03-26 00:43:15,733] {processor.py:171} INFO - Processing /Users/adebolafagbule/opt/anaconda3/envs/airflow_env/lib/python3.8/site-packages/airflow/example_dags/example_task_group.py took 0.059 seconds
[2022-03-26 00:44:37,577] {processor.py:163} INFO - Started process (PID=32063) to work on /Users/adebolafagbule/opt/anaconda3/envs/airflow_env/lib/python3.8/site-packages/airflow/example_dags/example_task_group.py
[2022-03-26 00:44:37,577] {processor.py:642} INFO - Processing file /Users/adebolafagbule/opt/anaconda3/envs/airflow_env/lib/python3.8/site-packages/airflow/example_dags/example_task_group.py for tasks to queue
[2022-03-26 00:44:37,578] {logging_mixin.py:109} INFO - [2022-03-26 00:44:37,578] {dagbag.py:500} INFO - Filling up the DagBag from /Users/adebolafagbule/opt/anaconda3/envs/airflow_env/lib/python3.8/site-packages/airflow/example_dags/example_task_group.py
[2022-03-26 00:44:37,609] {processor.py:654} INFO - DAG(s) dict_keys(['example_task_group']) retrieved from /Users/adebolafagbule/opt/anaconda3/envs/airflow_env/lib/python3.8/site-packages/airflow/example_dags/example_task_group.py
[2022-03-26 00:44:37,622] {logging_mixin.py:109} INFO - [2022-03-26 00:44:37,622] {dag.py:2398} INFO - Sync 1 DAGs
[2022-03-26 00:44:37,630] {logging_mixin.py:109} INFO - [2022-03-26 00:44:37,630] {dag.py:2937} INFO - Setting next_dagrun for example_task_group to 2022-03-25T04:44:37.629907+00:00
[2022-03-26 00:44:37,635] {processor.py:171} INFO - Processing /Users/adebolafagbule/opt/anaconda3/envs/airflow_env/lib/python3.8/site-packages/airflow/example_dags/example_task_group.py took 0.059 seconds
[2022-03-26 00:46:00,200] {processor.py:163} INFO - Started process (PID=32152) to work on /Users/adebolafagbule/opt/anaconda3/envs/airflow_env/lib/python3.8/site-packages/airflow/example_dags/example_task_group.py
[2022-03-26 00:46:00,201] {processor.py:642} INFO - Processing file /Users/adebolafagbule/opt/anaconda3/envs/airflow_env/lib/python3.8/site-packages/airflow/example_dags/example_task_group.py for tasks to queue
[2022-03-26 00:46:00,202] {logging_mixin.py:109} INFO - [2022-03-26 00:46:00,202] {dagbag.py:500} INFO - Filling up the DagBag from /Users/adebolafagbule/opt/anaconda3/envs/airflow_env/lib/python3.8/site-packages/airflow/example_dags/example_task_group.py
[2022-03-26 00:46:00,232] {processor.py:654} INFO - DAG(s) dict_keys(['example_task_group']) retrieved from /Users/adebolafagbule/opt/anaconda3/envs/airflow_env/lib/python3.8/site-packages/airflow/example_dags/example_task_group.py
[2022-03-26 00:46:00,248] {logging_mixin.py:109} INFO - [2022-03-26 00:46:00,248] {dag.py:2398} INFO - Sync 1 DAGs
[2022-03-26 00:46:00,256] {logging_mixin.py:109} INFO - [2022-03-26 00:46:00,255] {dag.py:2937} INFO - Setting next_dagrun for example_task_group to 2022-03-25T04:46:00.255831+00:00
[2022-03-26 00:46:00,262] {processor.py:171} INFO - Processing /Users/adebolafagbule/opt/anaconda3/envs/airflow_env/lib/python3.8/site-packages/airflow/example_dags/example_task_group.py took 0.062 seconds
[2022-03-26 00:47:34,286] {processor.py:163} INFO - Started process (PID=32276) to work on /Users/adebolafagbule/opt/anaconda3/envs/airflow_env/lib/python3.8/site-packages/airflow/example_dags/example_task_group.py
[2022-03-26 00:47:34,287] {processor.py:642} INFO - Processing file /Users/adebolafagbule/opt/anaconda3/envs/airflow_env/lib/python3.8/site-packages/airflow/example_dags/example_task_group.py for tasks to queue
[2022-03-26 00:47:34,288] {logging_mixin.py:109} INFO - [2022-03-26 00:47:34,288] {dagbag.py:500} INFO - Filling up the DagBag from /Users/adebolafagbule/opt/anaconda3/envs/airflow_env/lib/python3.8/site-packages/airflow/example_dags/example_task_group.py
[2022-03-26 00:47:34,317] {processor.py:654} INFO - DAG(s) dict_keys(['example_task_group']) retrieved from /Users/adebolafagbule/opt/anaconda3/envs/airflow_env/lib/python3.8/site-packages/airflow/example_dags/example_task_group.py
[2022-03-26 00:47:34,330] {logging_mixin.py:109} INFO - [2022-03-26 00:47:34,330] {dag.py:2398} INFO - Sync 1 DAGs
[2022-03-26 00:47:34,338] {logging_mixin.py:109} INFO - [2022-03-26 00:47:34,338] {dag.py:2937} INFO - Setting next_dagrun for example_task_group to 2022-03-25T04:47:34.337973+00:00
[2022-03-26 00:47:34,346] {processor.py:171} INFO - Processing /Users/adebolafagbule/opt/anaconda3/envs/airflow_env/lib/python3.8/site-packages/airflow/example_dags/example_task_group.py took 0.060 seconds
[2022-03-26 00:48:59,640] {processor.py:163} INFO - Started process (PID=32362) to work on /Users/adebolafagbule/opt/anaconda3/envs/airflow_env/lib/python3.8/site-packages/airflow/example_dags/example_task_group.py
[2022-03-26 00:48:59,641] {processor.py:642} INFO - Processing file /Users/adebolafagbule/opt/anaconda3/envs/airflow_env/lib/python3.8/site-packages/airflow/example_dags/example_task_group.py for tasks to queue
[2022-03-26 00:48:59,642] {logging_mixin.py:109} INFO - [2022-03-26 00:48:59,642] {dagbag.py:500} INFO - Filling up the DagBag from /Users/adebolafagbule/opt/anaconda3/envs/airflow_env/lib/python3.8/site-packages/airflow/example_dags/example_task_group.py
[2022-03-26 00:48:59,673] {processor.py:654} INFO - DAG(s) dict_keys(['example_task_group']) retrieved from /Users/adebolafagbule/opt/anaconda3/envs/airflow_env/lib/python3.8/site-packages/airflow/example_dags/example_task_group.py
[2022-03-26 00:48:59,686] {logging_mixin.py:109} INFO - [2022-03-26 00:48:59,686] {dag.py:2398} INFO - Sync 1 DAGs
[2022-03-26 00:48:59,693] {logging_mixin.py:109} INFO - [2022-03-26 00:48:59,693] {dag.py:2937} INFO - Setting next_dagrun for example_task_group to 2022-03-25T04:48:59.693701+00:00
[2022-03-26 00:48:59,699] {processor.py:171} INFO - Processing /Users/adebolafagbule/opt/anaconda3/envs/airflow_env/lib/python3.8/site-packages/airflow/example_dags/example_task_group.py took 0.059 seconds
[2022-03-26 00:50:21,202] {processor.py:163} INFO - Started process (PID=32460) to work on /Users/adebolafagbule/opt/anaconda3/envs/airflow_env/lib/python3.8/site-packages/airflow/example_dags/example_task_group.py
[2022-03-26 00:50:21,203] {processor.py:642} INFO - Processing file /Users/adebolafagbule/opt/anaconda3/envs/airflow_env/lib/python3.8/site-packages/airflow/example_dags/example_task_group.py for tasks to queue
[2022-03-26 00:50:21,203] {logging_mixin.py:109} INFO - [2022-03-26 00:50:21,203] {dagbag.py:500} INFO - Filling up the DagBag from /Users/adebolafagbule/opt/anaconda3/envs/airflow_env/lib/python3.8/site-packages/airflow/example_dags/example_task_group.py
[2022-03-26 00:50:21,233] {processor.py:654} INFO - DAG(s) dict_keys(['example_task_group']) retrieved from /Users/adebolafagbule/opt/anaconda3/envs/airflow_env/lib/python3.8/site-packages/airflow/example_dags/example_task_group.py
[2022-03-26 00:50:21,247] {logging_mixin.py:109} INFO - [2022-03-26 00:50:21,247] {dag.py:2398} INFO - Sync 1 DAGs
[2022-03-26 00:50:21,254] {logging_mixin.py:109} INFO - [2022-03-26 00:50:21,254] {dag.py:2937} INFO - Setting next_dagrun for example_task_group to 2022-03-25T04:50:21.254256+00:00
[2022-03-26 00:50:21,259] {processor.py:171} INFO - Processing /Users/adebolafagbule/opt/anaconda3/envs/airflow_env/lib/python3.8/site-packages/airflow/example_dags/example_task_group.py took 0.058 seconds
[2022-03-26 00:51:42,842] {processor.py:163} INFO - Started process (PID=32548) to work on /Users/adebolafagbule/opt/anaconda3/envs/airflow_env/lib/python3.8/site-packages/airflow/example_dags/example_task_group.py
[2022-03-26 00:51:42,843] {processor.py:642} INFO - Processing file /Users/adebolafagbule/opt/anaconda3/envs/airflow_env/lib/python3.8/site-packages/airflow/example_dags/example_task_group.py for tasks to queue
[2022-03-26 00:51:42,844] {logging_mixin.py:109} INFO - [2022-03-26 00:51:42,843] {dagbag.py:500} INFO - Filling up the DagBag from /Users/adebolafagbule/opt/anaconda3/envs/airflow_env/lib/python3.8/site-packages/airflow/example_dags/example_task_group.py
[2022-03-26 00:51:42,872] {processor.py:654} INFO - DAG(s) dict_keys(['example_task_group']) retrieved from /Users/adebolafagbule/opt/anaconda3/envs/airflow_env/lib/python3.8/site-packages/airflow/example_dags/example_task_group.py
[2022-03-26 00:51:42,885] {logging_mixin.py:109} INFO - [2022-03-26 00:51:42,885] {dag.py:2398} INFO - Sync 1 DAGs
[2022-03-26 00:51:42,892] {logging_mixin.py:109} INFO - [2022-03-26 00:51:42,892] {dag.py:2937} INFO - Setting next_dagrun for example_task_group to 2022-03-25T04:51:42.892399+00:00
[2022-03-26 00:51:42,901] {processor.py:171} INFO - Processing /Users/adebolafagbule/opt/anaconda3/envs/airflow_env/lib/python3.8/site-packages/airflow/example_dags/example_task_group.py took 0.060 seconds
