[2022-03-25 21:39:11,852] {processor.py:163} INFO - Started process (PID=26371) to work on /Users/adebolafagbule/opt/anaconda3/envs/airflow_env/lib/python3.8/site-packages/airflow/example_dags/example_latest_only_with_trigger.py
[2022-03-25 21:39:11,852] {processor.py:642} INFO - Processing file /Users/adebolafagbule/opt/anaconda3/envs/airflow_env/lib/python3.8/site-packages/airflow/example_dags/example_latest_only_with_trigger.py for tasks to queue
[2022-03-25 21:39:11,853] {logging_mixin.py:109} INFO - [2022-03-25 21:39:11,853] {dagbag.py:500} INFO - Filling up the DagBag from /Users/adebolafagbule/opt/anaconda3/envs/airflow_env/lib/python3.8/site-packages/airflow/example_dags/example_latest_only_with_trigger.py
[2022-03-25 21:39:11,923] {processor.py:654} INFO - DAG(s) dict_keys(['latest_only_with_trigger']) retrieved from /Users/adebolafagbule/opt/anaconda3/envs/airflow_env/lib/python3.8/site-packages/airflow/example_dags/example_latest_only_with_trigger.py
[2022-03-25 21:39:11,956] {logging_mixin.py:109} INFO - [2022-03-25 21:39:11,956] {dag.py:2398} INFO - Sync 1 DAGs
[2022-03-25 21:39:11,975] {logging_mixin.py:109} INFO - [2022-03-25 21:39:11,975] {dag.py:2937} INFO - Setting next_dagrun for latest_only_with_trigger to 2022-03-25T21:39:11.975081+00:00
[2022-03-25 21:39:11,988] {processor.py:171} INFO - Processing /Users/adebolafagbule/opt/anaconda3/envs/airflow_env/lib/python3.8/site-packages/airflow/example_dags/example_latest_only_with_trigger.py took 0.138 seconds
[2022-03-25 23:22:20,549] {processor.py:163} INFO - Started process (PID=26571) to work on /Users/adebolafagbule/opt/anaconda3/envs/airflow_env/lib/python3.8/site-packages/airflow/example_dags/example_latest_only_with_trigger.py
[2022-03-25 23:22:20,550] {processor.py:642} INFO - Processing file /Users/adebolafagbule/opt/anaconda3/envs/airflow_env/lib/python3.8/site-packages/airflow/example_dags/example_latest_only_with_trigger.py for tasks to queue
[2022-03-25 23:22:20,550] {logging_mixin.py:109} INFO - [2022-03-25 23:22:20,550] {dagbag.py:500} INFO - Filling up the DagBag from /Users/adebolafagbule/opt/anaconda3/envs/airflow_env/lib/python3.8/site-packages/airflow/example_dags/example_latest_only_with_trigger.py
[2022-03-25 23:22:20,578] {processor.py:654} INFO - DAG(s) dict_keys(['latest_only_with_trigger']) retrieved from /Users/adebolafagbule/opt/anaconda3/envs/airflow_env/lib/python3.8/site-packages/airflow/example_dags/example_latest_only_with_trigger.py
[2022-03-25 23:22:20,591] {logging_mixin.py:109} INFO - [2022-03-25 23:22:20,591] {dag.py:2398} INFO - Sync 1 DAGs
[2022-03-25 23:22:20,599] {logging_mixin.py:109} INFO - [2022-03-25 23:22:20,599] {dag.py:2937} INFO - Setting next_dagrun for latest_only_with_trigger to 2022-03-25T23:22:20.599550+00:00
[2022-03-25 23:22:20,604] {processor.py:171} INFO - Processing /Users/adebolafagbule/opt/anaconda3/envs/airflow_env/lib/python3.8/site-packages/airflow/example_dags/example_latest_only_with_trigger.py took 0.056 seconds
[2022-03-25 23:23:43,690] {processor.py:163} INFO - Started process (PID=26684) to work on /Users/adebolafagbule/opt/anaconda3/envs/airflow_env/lib/python3.8/site-packages/airflow/example_dags/example_latest_only_with_trigger.py
[2022-03-25 23:23:43,691] {processor.py:642} INFO - Processing file /Users/adebolafagbule/opt/anaconda3/envs/airflow_env/lib/python3.8/site-packages/airflow/example_dags/example_latest_only_with_trigger.py for tasks to queue
[2022-03-25 23:23:43,692] {logging_mixin.py:109} INFO - [2022-03-25 23:23:43,692] {dagbag.py:500} INFO - Filling up the DagBag from /Users/adebolafagbule/opt/anaconda3/envs/airflow_env/lib/python3.8/site-packages/airflow/example_dags/example_latest_only_with_trigger.py
[2022-03-25 23:23:43,721] {processor.py:654} INFO - DAG(s) dict_keys(['latest_only_with_trigger']) retrieved from /Users/adebolafagbule/opt/anaconda3/envs/airflow_env/lib/python3.8/site-packages/airflow/example_dags/example_latest_only_with_trigger.py
[2022-03-25 23:23:43,734] {logging_mixin.py:109} INFO - [2022-03-25 23:23:43,734] {dag.py:2398} INFO - Sync 1 DAGs
[2022-03-25 23:23:43,741] {logging_mixin.py:109} INFO - [2022-03-25 23:23:43,741] {dag.py:2937} INFO - Setting next_dagrun for latest_only_with_trigger to 2022-03-25T23:23:43.741584+00:00
[2022-03-25 23:23:43,747] {processor.py:171} INFO - Processing /Users/adebolafagbule/opt/anaconda3/envs/airflow_env/lib/python3.8/site-packages/airflow/example_dags/example_latest_only_with_trigger.py took 0.057 seconds
[2022-03-25 23:25:05,357] {processor.py:163} INFO - Started process (PID=26862) to work on /Users/adebolafagbule/opt/anaconda3/envs/airflow_env/lib/python3.8/site-packages/airflow/example_dags/example_latest_only_with_trigger.py
[2022-03-25 23:25:05,358] {processor.py:642} INFO - Processing file /Users/adebolafagbule/opt/anaconda3/envs/airflow_env/lib/python3.8/site-packages/airflow/example_dags/example_latest_only_with_trigger.py for tasks to queue
[2022-03-25 23:25:05,359] {logging_mixin.py:109} INFO - [2022-03-25 23:25:05,358] {dagbag.py:500} INFO - Filling up the DagBag from /Users/adebolafagbule/opt/anaconda3/envs/airflow_env/lib/python3.8/site-packages/airflow/example_dags/example_latest_only_with_trigger.py
[2022-03-25 23:25:05,400] {processor.py:654} INFO - DAG(s) dict_keys(['latest_only_with_trigger']) retrieved from /Users/adebolafagbule/opt/anaconda3/envs/airflow_env/lib/python3.8/site-packages/airflow/example_dags/example_latest_only_with_trigger.py
[2022-03-25 23:25:05,414] {logging_mixin.py:109} INFO - [2022-03-25 23:25:05,414] {dag.py:2398} INFO - Sync 1 DAGs
[2022-03-25 23:25:05,421] {logging_mixin.py:109} INFO - [2022-03-25 23:25:05,421] {dag.py:2937} INFO - Setting next_dagrun for latest_only_with_trigger to 2022-03-25T23:25:05.421205+00:00
[2022-03-25 23:25:05,427] {processor.py:171} INFO - Processing /Users/adebolafagbule/opt/anaconda3/envs/airflow_env/lib/python3.8/site-packages/airflow/example_dags/example_latest_only_with_trigger.py took 0.071 seconds
[2022-03-25 23:26:27,036] {processor.py:163} INFO - Started process (PID=26959) to work on /Users/adebolafagbule/opt/anaconda3/envs/airflow_env/lib/python3.8/site-packages/airflow/example_dags/example_latest_only_with_trigger.py
[2022-03-25 23:26:27,038] {processor.py:642} INFO - Processing file /Users/adebolafagbule/opt/anaconda3/envs/airflow_env/lib/python3.8/site-packages/airflow/example_dags/example_latest_only_with_trigger.py for tasks to queue
[2022-03-25 23:26:27,038] {logging_mixin.py:109} INFO - [2022-03-25 23:26:27,038] {dagbag.py:500} INFO - Filling up the DagBag from /Users/adebolafagbule/opt/anaconda3/envs/airflow_env/lib/python3.8/site-packages/airflow/example_dags/example_latest_only_with_trigger.py
[2022-03-25 23:26:27,077] {processor.py:654} INFO - DAG(s) dict_keys(['latest_only_with_trigger']) retrieved from /Users/adebolafagbule/opt/anaconda3/envs/airflow_env/lib/python3.8/site-packages/airflow/example_dags/example_latest_only_with_trigger.py
[2022-03-25 23:26:27,090] {logging_mixin.py:109} INFO - [2022-03-25 23:26:27,090] {dag.py:2398} INFO - Sync 1 DAGs
[2022-03-25 23:26:27,097] {logging_mixin.py:109} INFO - [2022-03-25 23:26:27,097] {dag.py:2937} INFO - Setting next_dagrun for latest_only_with_trigger to 2022-03-25T23:26:27.097384+00:00
[2022-03-25 23:26:27,103] {processor.py:171} INFO - Processing /Users/adebolafagbule/opt/anaconda3/envs/airflow_env/lib/python3.8/site-packages/airflow/example_dags/example_latest_only_with_trigger.py took 0.067 seconds
[2022-03-25 23:27:50,739] {processor.py:163} INFO - Started process (PID=27069) to work on /Users/adebolafagbule/opt/anaconda3/envs/airflow_env/lib/python3.8/site-packages/airflow/example_dags/example_latest_only_with_trigger.py
[2022-03-25 23:27:50,740] {processor.py:642} INFO - Processing file /Users/adebolafagbule/opt/anaconda3/envs/airflow_env/lib/python3.8/site-packages/airflow/example_dags/example_latest_only_with_trigger.py for tasks to queue
[2022-03-25 23:27:50,740] {logging_mixin.py:109} INFO - [2022-03-25 23:27:50,740] {dagbag.py:500} INFO - Filling up the DagBag from /Users/adebolafagbule/opt/anaconda3/envs/airflow_env/lib/python3.8/site-packages/airflow/example_dags/example_latest_only_with_trigger.py
[2022-03-25 23:27:50,777] {processor.py:654} INFO - DAG(s) dict_keys(['latest_only_with_trigger']) retrieved from /Users/adebolafagbule/opt/anaconda3/envs/airflow_env/lib/python3.8/site-packages/airflow/example_dags/example_latest_only_with_trigger.py
[2022-03-25 23:27:50,793] {logging_mixin.py:109} INFO - [2022-03-25 23:27:50,793] {dag.py:2398} INFO - Sync 1 DAGs
[2022-03-25 23:27:50,802] {logging_mixin.py:109} INFO - [2022-03-25 23:27:50,802] {dag.py:2937} INFO - Setting next_dagrun for latest_only_with_trigger to 2022-03-25T23:27:50.802640+00:00
[2022-03-25 23:27:50,808] {processor.py:171} INFO - Processing /Users/adebolafagbule/opt/anaconda3/envs/airflow_env/lib/python3.8/site-packages/airflow/example_dags/example_latest_only_with_trigger.py took 0.069 seconds
[2022-03-25 23:29:10,701] {processor.py:163} INFO - Started process (PID=27148) to work on /Users/adebolafagbule/opt/anaconda3/envs/airflow_env/lib/python3.8/site-packages/airflow/example_dags/example_latest_only_with_trigger.py
[2022-03-25 23:29:10,712] {processor.py:642} INFO - Processing file /Users/adebolafagbule/opt/anaconda3/envs/airflow_env/lib/python3.8/site-packages/airflow/example_dags/example_latest_only_with_trigger.py for tasks to queue
[2022-03-25 23:29:10,712] {logging_mixin.py:109} INFO - [2022-03-25 23:29:10,712] {dagbag.py:500} INFO - Filling up the DagBag from /Users/adebolafagbule/opt/anaconda3/envs/airflow_env/lib/python3.8/site-packages/airflow/example_dags/example_latest_only_with_trigger.py
[2022-03-25 23:29:10,752] {processor.py:654} INFO - DAG(s) dict_keys(['latest_only_with_trigger']) retrieved from /Users/adebolafagbule/opt/anaconda3/envs/airflow_env/lib/python3.8/site-packages/airflow/example_dags/example_latest_only_with_trigger.py
[2022-03-25 23:29:10,766] {logging_mixin.py:109} INFO - [2022-03-25 23:29:10,766] {dag.py:2398} INFO - Sync 1 DAGs
[2022-03-25 23:29:10,774] {logging_mixin.py:109} INFO - [2022-03-25 23:29:10,774] {dag.py:2937} INFO - Setting next_dagrun for latest_only_with_trigger to 2022-03-25T23:29:10.774168+00:00
[2022-03-25 23:29:10,779] {processor.py:171} INFO - Processing /Users/adebolafagbule/opt/anaconda3/envs/airflow_env/lib/python3.8/site-packages/airflow/example_dags/example_latest_only_with_trigger.py took 0.079 seconds
[2022-03-25 23:30:36,477] {processor.py:163} INFO - Started process (PID=27252) to work on /Users/adebolafagbule/opt/anaconda3/envs/airflow_env/lib/python3.8/site-packages/airflow/example_dags/example_latest_only_with_trigger.py
[2022-03-25 23:30:36,478] {processor.py:642} INFO - Processing file /Users/adebolafagbule/opt/anaconda3/envs/airflow_env/lib/python3.8/site-packages/airflow/example_dags/example_latest_only_with_trigger.py for tasks to queue
[2022-03-25 23:30:36,479] {logging_mixin.py:109} INFO - [2022-03-25 23:30:36,479] {dagbag.py:500} INFO - Filling up the DagBag from /Users/adebolafagbule/opt/anaconda3/envs/airflow_env/lib/python3.8/site-packages/airflow/example_dags/example_latest_only_with_trigger.py
[2022-03-25 23:30:36,511] {processor.py:654} INFO - DAG(s) dict_keys(['latest_only_with_trigger']) retrieved from /Users/adebolafagbule/opt/anaconda3/envs/airflow_env/lib/python3.8/site-packages/airflow/example_dags/example_latest_only_with_trigger.py
[2022-03-25 23:30:36,524] {logging_mixin.py:109} INFO - [2022-03-25 23:30:36,524] {dag.py:2398} INFO - Sync 1 DAGs
[2022-03-25 23:30:36,532] {logging_mixin.py:109} INFO - [2022-03-25 23:30:36,532] {dag.py:2937} INFO - Setting next_dagrun for latest_only_with_trigger to 2022-03-25T23:30:36.532432+00:00
[2022-03-25 23:30:36,538] {processor.py:171} INFO - Processing /Users/adebolafagbule/opt/anaconda3/envs/airflow_env/lib/python3.8/site-packages/airflow/example_dags/example_latest_only_with_trigger.py took 0.061 seconds
[2022-03-25 23:32:02,049] {processor.py:163} INFO - Started process (PID=27346) to work on /Users/adebolafagbule/opt/anaconda3/envs/airflow_env/lib/python3.8/site-packages/airflow/example_dags/example_latest_only_with_trigger.py
[2022-03-25 23:32:02,050] {processor.py:642} INFO - Processing file /Users/adebolafagbule/opt/anaconda3/envs/airflow_env/lib/python3.8/site-packages/airflow/example_dags/example_latest_only_with_trigger.py for tasks to queue
[2022-03-25 23:32:02,051] {logging_mixin.py:109} INFO - [2022-03-25 23:32:02,051] {dagbag.py:500} INFO - Filling up the DagBag from /Users/adebolafagbule/opt/anaconda3/envs/airflow_env/lib/python3.8/site-packages/airflow/example_dags/example_latest_only_with_trigger.py
[2022-03-25 23:32:02,081] {processor.py:654} INFO - DAG(s) dict_keys(['latest_only_with_trigger']) retrieved from /Users/adebolafagbule/opt/anaconda3/envs/airflow_env/lib/python3.8/site-packages/airflow/example_dags/example_latest_only_with_trigger.py
[2022-03-25 23:32:02,096] {logging_mixin.py:109} INFO - [2022-03-25 23:32:02,095] {dag.py:2398} INFO - Sync 1 DAGs
[2022-03-25 23:32:02,105] {logging_mixin.py:109} INFO - [2022-03-25 23:32:02,104] {dag.py:2937} INFO - Setting next_dagrun for latest_only_with_trigger to 2022-03-25T23:32:02.104825+00:00
[2022-03-25 23:32:02,110] {processor.py:171} INFO - Processing /Users/adebolafagbule/opt/anaconda3/envs/airflow_env/lib/python3.8/site-packages/airflow/example_dags/example_latest_only_with_trigger.py took 0.061 seconds
[2022-03-25 23:33:26,149] {processor.py:163} INFO - Started process (PID=27433) to work on /Users/adebolafagbule/opt/anaconda3/envs/airflow_env/lib/python3.8/site-packages/airflow/example_dags/example_latest_only_with_trigger.py
[2022-03-25 23:33:26,150] {processor.py:642} INFO - Processing file /Users/adebolafagbule/opt/anaconda3/envs/airflow_env/lib/python3.8/site-packages/airflow/example_dags/example_latest_only_with_trigger.py for tasks to queue
[2022-03-25 23:33:26,151] {logging_mixin.py:109} INFO - [2022-03-25 23:33:26,151] {dagbag.py:500} INFO - Filling up the DagBag from /Users/adebolafagbule/opt/anaconda3/envs/airflow_env/lib/python3.8/site-packages/airflow/example_dags/example_latest_only_with_trigger.py
[2022-03-25 23:33:26,185] {processor.py:654} INFO - DAG(s) dict_keys(['latest_only_with_trigger']) retrieved from /Users/adebolafagbule/opt/anaconda3/envs/airflow_env/lib/python3.8/site-packages/airflow/example_dags/example_latest_only_with_trigger.py
[2022-03-25 23:33:26,199] {logging_mixin.py:109} INFO - [2022-03-25 23:33:26,199] {dag.py:2398} INFO - Sync 1 DAGs
[2022-03-25 23:33:26,206] {logging_mixin.py:109} INFO - [2022-03-25 23:33:26,206] {dag.py:2937} INFO - Setting next_dagrun for latest_only_with_trigger to 2022-03-25T23:33:26.206548+00:00
[2022-03-25 23:33:26,211] {processor.py:171} INFO - Processing /Users/adebolafagbule/opt/anaconda3/envs/airflow_env/lib/python3.8/site-packages/airflow/example_dags/example_latest_only_with_trigger.py took 0.063 seconds
