[2022-03-25 21:25:29,109] {processor.py:163} INFO - Started process (PID=26323) to work on /Users/adebolafagbule/opt/anaconda3/envs/airflow_env/lib/python3.8/site-packages/airflow/example_dags/example_xcom.py
[2022-03-25 21:25:29,109] {processor.py:642} INFO - Processing file /Users/adebolafagbule/opt/anaconda3/envs/airflow_env/lib/python3.8/site-packages/airflow/example_dags/example_xcom.py for tasks to queue
[2022-03-25 21:25:29,110] {logging_mixin.py:109} INFO - [2022-03-25 21:25:29,110] {dagbag.py:500} INFO - Filling up the DagBag from /Users/adebolafagbule/opt/anaconda3/envs/airflow_env/lib/python3.8/site-packages/airflow/example_dags/example_xcom.py
[2022-03-25 21:25:29,226] {processor.py:654} INFO - DAG(s) dict_keys(['example_xcom']) retrieved from /Users/adebolafagbule/opt/anaconda3/envs/airflow_env/lib/python3.8/site-packages/airflow/example_dags/example_xcom.py
[2022-03-25 21:25:29,706] {logging_mixin.py:109} INFO - [2022-03-25 21:25:29,704] {dag.py:2398} INFO - Sync 1 DAGs
[2022-03-25 21:25:29,724] {logging_mixin.py:109} INFO - [2022-03-25 21:25:29,723] {dag.py:2937} INFO - Setting next_dagrun for example_xcom to 2021-01-01T00:00:00+00:00
[2022-03-25 21:25:29,739] {processor.py:171} INFO - Processing /Users/adebolafagbule/opt/anaconda3/envs/airflow_env/lib/python3.8/site-packages/airflow/example_dags/example_xcom.py took 0.632 seconds
[2022-03-25 22:40:10,985] {processor.py:163} INFO - Started process (PID=26419) to work on /Users/adebolafagbule/opt/anaconda3/envs/airflow_env/lib/python3.8/site-packages/airflow/example_dags/example_xcom.py
[2022-03-25 22:40:10,986] {processor.py:642} INFO - Processing file /Users/adebolafagbule/opt/anaconda3/envs/airflow_env/lib/python3.8/site-packages/airflow/example_dags/example_xcom.py for tasks to queue
[2022-03-25 22:40:10,987] {logging_mixin.py:109} INFO - [2022-03-25 22:40:10,987] {dagbag.py:500} INFO - Filling up the DagBag from /Users/adebolafagbule/opt/anaconda3/envs/airflow_env/lib/python3.8/site-packages/airflow/example_dags/example_xcom.py
[2022-03-25 22:40:11,088] {processor.py:654} INFO - DAG(s) dict_keys(['example_xcom']) retrieved from /Users/adebolafagbule/opt/anaconda3/envs/airflow_env/lib/python3.8/site-packages/airflow/example_dags/example_xcom.py
[2022-03-25 22:40:11,506] {logging_mixin.py:109} INFO - [2022-03-25 22:40:11,506] {dag.py:2398} INFO - Sync 1 DAGs
[2022-03-25 22:40:11,537] {logging_mixin.py:109} INFO - [2022-03-25 22:40:11,536] {dag.py:2937} INFO - Setting next_dagrun for example_xcom to 2021-01-01T00:00:00+00:00
[2022-03-25 22:40:11,551] {processor.py:171} INFO - Processing /Users/adebolafagbule/opt/anaconda3/envs/airflow_env/lib/python3.8/site-packages/airflow/example_dags/example_xcom.py took 0.567 seconds
[2022-03-25 23:22:07,977] {processor.py:163} INFO - Started process (PID=26558) to work on /Users/adebolafagbule/opt/anaconda3/envs/airflow_env/lib/python3.8/site-packages/airflow/example_dags/example_xcom.py
[2022-03-25 23:22:07,978] {processor.py:642} INFO - Processing file /Users/adebolafagbule/opt/anaconda3/envs/airflow_env/lib/python3.8/site-packages/airflow/example_dags/example_xcom.py for tasks to queue
[2022-03-25 23:22:07,978] {logging_mixin.py:109} INFO - [2022-03-25 23:22:07,978] {dagbag.py:500} INFO - Filling up the DagBag from /Users/adebolafagbule/opt/anaconda3/envs/airflow_env/lib/python3.8/site-packages/airflow/example_dags/example_xcom.py
[2022-03-25 23:22:08,021] {processor.py:654} INFO - DAG(s) dict_keys(['example_xcom']) retrieved from /Users/adebolafagbule/opt/anaconda3/envs/airflow_env/lib/python3.8/site-packages/airflow/example_dags/example_xcom.py
[2022-03-25 23:22:08,180] {logging_mixin.py:109} INFO - [2022-03-25 23:22:08,179] {dag.py:2398} INFO - Sync 1 DAGs
[2022-03-25 23:22:08,186] {logging_mixin.py:109} INFO - [2022-03-25 23:22:08,186] {dag.py:2937} INFO - Setting next_dagrun for example_xcom to 2021-01-01T00:00:00+00:00
[2022-03-25 23:22:08,192] {processor.py:171} INFO - Processing /Users/adebolafagbule/opt/anaconda3/envs/airflow_env/lib/python3.8/site-packages/airflow/example_dags/example_xcom.py took 0.216 seconds
[2022-03-25 23:23:30,971] {processor.py:163} INFO - Started process (PID=26666) to work on /Users/adebolafagbule/opt/anaconda3/envs/airflow_env/lib/python3.8/site-packages/airflow/example_dags/example_xcom.py
[2022-03-25 23:23:30,972] {processor.py:642} INFO - Processing file /Users/adebolafagbule/opt/anaconda3/envs/airflow_env/lib/python3.8/site-packages/airflow/example_dags/example_xcom.py for tasks to queue
[2022-03-25 23:23:30,972] {logging_mixin.py:109} INFO - [2022-03-25 23:23:30,972] {dagbag.py:500} INFO - Filling up the DagBag from /Users/adebolafagbule/opt/anaconda3/envs/airflow_env/lib/python3.8/site-packages/airflow/example_dags/example_xcom.py
[2022-03-25 23:23:31,016] {processor.py:654} INFO - DAG(s) dict_keys(['example_xcom']) retrieved from /Users/adebolafagbule/opt/anaconda3/envs/airflow_env/lib/python3.8/site-packages/airflow/example_dags/example_xcom.py
[2022-03-25 23:23:31,180] {logging_mixin.py:109} INFO - [2022-03-25 23:23:31,180] {dag.py:2398} INFO - Sync 1 DAGs
[2022-03-25 23:23:31,187] {logging_mixin.py:109} INFO - [2022-03-25 23:23:31,187] {dag.py:2937} INFO - Setting next_dagrun for example_xcom to 2021-01-01T00:00:00+00:00
[2022-03-25 23:23:31,193] {processor.py:171} INFO - Processing /Users/adebolafagbule/opt/anaconda3/envs/airflow_env/lib/python3.8/site-packages/airflow/example_dags/example_xcom.py took 0.222 seconds
[2022-03-25 23:24:52,544] {processor.py:163} INFO - Started process (PID=26844) to work on /Users/adebolafagbule/opt/anaconda3/envs/airflow_env/lib/python3.8/site-packages/airflow/example_dags/example_xcom.py
[2022-03-25 23:24:52,545] {processor.py:642} INFO - Processing file /Users/adebolafagbule/opt/anaconda3/envs/airflow_env/lib/python3.8/site-packages/airflow/example_dags/example_xcom.py for tasks to queue
[2022-03-25 23:24:52,546] {logging_mixin.py:109} INFO - [2022-03-25 23:24:52,546] {dagbag.py:500} INFO - Filling up the DagBag from /Users/adebolafagbule/opt/anaconda3/envs/airflow_env/lib/python3.8/site-packages/airflow/example_dags/example_xcom.py
[2022-03-25 23:24:52,589] {processor.py:654} INFO - DAG(s) dict_keys(['example_xcom']) retrieved from /Users/adebolafagbule/opt/anaconda3/envs/airflow_env/lib/python3.8/site-packages/airflow/example_dags/example_xcom.py
[2022-03-25 23:24:52,751] {logging_mixin.py:109} INFO - [2022-03-25 23:24:52,750] {dag.py:2398} INFO - Sync 1 DAGs
[2022-03-25 23:24:52,757] {logging_mixin.py:109} INFO - [2022-03-25 23:24:52,757] {dag.py:2937} INFO - Setting next_dagrun for example_xcom to 2021-01-01T00:00:00+00:00
[2022-03-25 23:24:52,764] {processor.py:171} INFO - Processing /Users/adebolafagbule/opt/anaconda3/envs/airflow_env/lib/python3.8/site-packages/airflow/example_dags/example_xcom.py took 0.220 seconds
[2022-03-25 23:26:14,618] {processor.py:163} INFO - Started process (PID=26947) to work on /Users/adebolafagbule/opt/anaconda3/envs/airflow_env/lib/python3.8/site-packages/airflow/example_dags/example_xcom.py
[2022-03-25 23:26:14,619] {processor.py:642} INFO - Processing file /Users/adebolafagbule/opt/anaconda3/envs/airflow_env/lib/python3.8/site-packages/airflow/example_dags/example_xcom.py for tasks to queue
[2022-03-25 23:26:14,619] {logging_mixin.py:109} INFO - [2022-03-25 23:26:14,619] {dagbag.py:500} INFO - Filling up the DagBag from /Users/adebolafagbule/opt/anaconda3/envs/airflow_env/lib/python3.8/site-packages/airflow/example_dags/example_xcom.py
[2022-03-25 23:26:14,663] {processor.py:654} INFO - DAG(s) dict_keys(['example_xcom']) retrieved from /Users/adebolafagbule/opt/anaconda3/envs/airflow_env/lib/python3.8/site-packages/airflow/example_dags/example_xcom.py
[2022-03-25 23:26:14,818] {logging_mixin.py:109} INFO - [2022-03-25 23:26:14,818] {dag.py:2398} INFO - Sync 1 DAGs
[2022-03-25 23:26:14,825] {logging_mixin.py:109} INFO - [2022-03-25 23:26:14,824] {dag.py:2937} INFO - Setting next_dagrun for example_xcom to 2021-01-01T00:00:00+00:00
[2022-03-25 23:26:14,831] {processor.py:171} INFO - Processing /Users/adebolafagbule/opt/anaconda3/envs/airflow_env/lib/python3.8/site-packages/airflow/example_dags/example_xcom.py took 0.214 seconds
[2022-03-25 23:27:37,884] {processor.py:163} INFO - Started process (PID=27057) to work on /Users/adebolafagbule/opt/anaconda3/envs/airflow_env/lib/python3.8/site-packages/airflow/example_dags/example_xcom.py
[2022-03-25 23:27:37,885] {processor.py:642} INFO - Processing file /Users/adebolafagbule/opt/anaconda3/envs/airflow_env/lib/python3.8/site-packages/airflow/example_dags/example_xcom.py for tasks to queue
[2022-03-25 23:27:37,886] {logging_mixin.py:109} INFO - [2022-03-25 23:27:37,886] {dagbag.py:500} INFO - Filling up the DagBag from /Users/adebolafagbule/opt/anaconda3/envs/airflow_env/lib/python3.8/site-packages/airflow/example_dags/example_xcom.py
[2022-03-25 23:27:37,933] {processor.py:654} INFO - DAG(s) dict_keys(['example_xcom']) retrieved from /Users/adebolafagbule/opt/anaconda3/envs/airflow_env/lib/python3.8/site-packages/airflow/example_dags/example_xcom.py
[2022-03-25 23:27:38,088] {logging_mixin.py:109} INFO - [2022-03-25 23:27:38,088] {dag.py:2398} INFO - Sync 1 DAGs
[2022-03-25 23:27:38,096] {logging_mixin.py:109} INFO - [2022-03-25 23:27:38,096] {dag.py:2937} INFO - Setting next_dagrun for example_xcom to 2021-01-01T00:00:00+00:00
[2022-03-25 23:27:38,102] {processor.py:171} INFO - Processing /Users/adebolafagbule/opt/anaconda3/envs/airflow_env/lib/python3.8/site-packages/airflow/example_dags/example_xcom.py took 0.218 seconds
[2022-03-25 23:28:57,827] {processor.py:163} INFO - Started process (PID=27135) to work on /Users/adebolafagbule/opt/anaconda3/envs/airflow_env/lib/python3.8/site-packages/airflow/example_dags/example_xcom.py
[2022-03-25 23:28:57,828] {processor.py:642} INFO - Processing file /Users/adebolafagbule/opt/anaconda3/envs/airflow_env/lib/python3.8/site-packages/airflow/example_dags/example_xcom.py for tasks to queue
[2022-03-25 23:28:57,829] {logging_mixin.py:109} INFO - [2022-03-25 23:28:57,829] {dagbag.py:500} INFO - Filling up the DagBag from /Users/adebolafagbule/opt/anaconda3/envs/airflow_env/lib/python3.8/site-packages/airflow/example_dags/example_xcom.py
[2022-03-25 23:28:57,871] {processor.py:654} INFO - DAG(s) dict_keys(['example_xcom']) retrieved from /Users/adebolafagbule/opt/anaconda3/envs/airflow_env/lib/python3.8/site-packages/airflow/example_dags/example_xcom.py
[2022-03-25 23:28:58,028] {logging_mixin.py:109} INFO - [2022-03-25 23:28:58,028] {dag.py:2398} INFO - Sync 1 DAGs
[2022-03-25 23:28:58,034] {logging_mixin.py:109} INFO - [2022-03-25 23:28:58,034] {dag.py:2937} INFO - Setting next_dagrun for example_xcom to 2021-01-01T00:00:00+00:00
[2022-03-25 23:28:58,040] {processor.py:171} INFO - Processing /Users/adebolafagbule/opt/anaconda3/envs/airflow_env/lib/python3.8/site-packages/airflow/example_dags/example_xcom.py took 0.214 seconds
[2022-03-25 23:30:23,939] {processor.py:163} INFO - Started process (PID=27240) to work on /Users/adebolafagbule/opt/anaconda3/envs/airflow_env/lib/python3.8/site-packages/airflow/example_dags/example_xcom.py
[2022-03-25 23:30:23,940] {processor.py:642} INFO - Processing file /Users/adebolafagbule/opt/anaconda3/envs/airflow_env/lib/python3.8/site-packages/airflow/example_dags/example_xcom.py for tasks to queue
[2022-03-25 23:30:23,940] {logging_mixin.py:109} INFO - [2022-03-25 23:30:23,940] {dagbag.py:500} INFO - Filling up the DagBag from /Users/adebolafagbule/opt/anaconda3/envs/airflow_env/lib/python3.8/site-packages/airflow/example_dags/example_xcom.py
[2022-03-25 23:30:23,986] {processor.py:654} INFO - DAG(s) dict_keys(['example_xcom']) retrieved from /Users/adebolafagbule/opt/anaconda3/envs/airflow_env/lib/python3.8/site-packages/airflow/example_dags/example_xcom.py
[2022-03-25 23:30:24,144] {logging_mixin.py:109} INFO - [2022-03-25 23:30:24,144] {dag.py:2398} INFO - Sync 1 DAGs
[2022-03-25 23:30:24,151] {logging_mixin.py:109} INFO - [2022-03-25 23:30:24,150] {dag.py:2937} INFO - Setting next_dagrun for example_xcom to 2021-01-01T00:00:00+00:00
[2022-03-25 23:30:24,156] {processor.py:171} INFO - Processing /Users/adebolafagbule/opt/anaconda3/envs/airflow_env/lib/python3.8/site-packages/airflow/example_dags/example_xcom.py took 0.218 seconds
[2022-03-25 23:31:47,965] {processor.py:163} INFO - Started process (PID=27333) to work on /Users/adebolafagbule/opt/anaconda3/envs/airflow_env/lib/python3.8/site-packages/airflow/example_dags/example_xcom.py
[2022-03-25 23:31:47,966] {processor.py:642} INFO - Processing file /Users/adebolafagbule/opt/anaconda3/envs/airflow_env/lib/python3.8/site-packages/airflow/example_dags/example_xcom.py for tasks to queue
[2022-03-25 23:31:47,967] {logging_mixin.py:109} INFO - [2022-03-25 23:31:47,967] {dagbag.py:500} INFO - Filling up the DagBag from /Users/adebolafagbule/opt/anaconda3/envs/airflow_env/lib/python3.8/site-packages/airflow/example_dags/example_xcom.py
[2022-03-25 23:31:48,009] {processor.py:654} INFO - DAG(s) dict_keys(['example_xcom']) retrieved from /Users/adebolafagbule/opt/anaconda3/envs/airflow_env/lib/python3.8/site-packages/airflow/example_dags/example_xcom.py
[2022-03-25 23:31:48,165] {logging_mixin.py:109} INFO - [2022-03-25 23:31:48,165] {dag.py:2398} INFO - Sync 1 DAGs
[2022-03-25 23:31:48,171] {logging_mixin.py:109} INFO - [2022-03-25 23:31:48,171] {dag.py:2937} INFO - Setting next_dagrun for example_xcom to 2021-01-01T00:00:00+00:00
[2022-03-25 23:31:48,177] {processor.py:171} INFO - Processing /Users/adebolafagbule/opt/anaconda3/envs/airflow_env/lib/python3.8/site-packages/airflow/example_dags/example_xcom.py took 0.212 seconds
[2022-03-25 23:33:12,461] {processor.py:163} INFO - Started process (PID=27418) to work on /Users/adebolafagbule/opt/anaconda3/envs/airflow_env/lib/python3.8/site-packages/airflow/example_dags/example_xcom.py
[2022-03-25 23:33:12,462] {processor.py:642} INFO - Processing file /Users/adebolafagbule/opt/anaconda3/envs/airflow_env/lib/python3.8/site-packages/airflow/example_dags/example_xcom.py for tasks to queue
[2022-03-25 23:33:12,463] {logging_mixin.py:109} INFO - [2022-03-25 23:33:12,463] {dagbag.py:500} INFO - Filling up the DagBag from /Users/adebolafagbule/opt/anaconda3/envs/airflow_env/lib/python3.8/site-packages/airflow/example_dags/example_xcom.py
[2022-03-25 23:33:12,506] {processor.py:654} INFO - DAG(s) dict_keys(['example_xcom']) retrieved from /Users/adebolafagbule/opt/anaconda3/envs/airflow_env/lib/python3.8/site-packages/airflow/example_dags/example_xcom.py
[2022-03-25 23:33:12,671] {logging_mixin.py:109} INFO - [2022-03-25 23:33:12,671] {dag.py:2398} INFO - Sync 1 DAGs
[2022-03-25 23:33:12,677] {logging_mixin.py:109} INFO - [2022-03-25 23:33:12,677] {dag.py:2937} INFO - Setting next_dagrun for example_xcom to 2021-01-01T00:00:00+00:00
[2022-03-25 23:33:12,683] {processor.py:171} INFO - Processing /Users/adebolafagbule/opt/anaconda3/envs/airflow_env/lib/python3.8/site-packages/airflow/example_dags/example_xcom.py took 0.223 seconds
[2022-03-25 23:34:36,648] {processor.py:163} INFO - Started process (PID=27537) to work on /Users/adebolafagbule/opt/anaconda3/envs/airflow_env/lib/python3.8/site-packages/airflow/example_dags/example_xcom.py
[2022-03-25 23:34:36,648] {processor.py:642} INFO - Processing file /Users/adebolafagbule/opt/anaconda3/envs/airflow_env/lib/python3.8/site-packages/airflow/example_dags/example_xcom.py for tasks to queue
[2022-03-25 23:34:36,649] {logging_mixin.py:109} INFO - [2022-03-25 23:34:36,649] {dagbag.py:500} INFO - Filling up the DagBag from /Users/adebolafagbule/opt/anaconda3/envs/airflow_env/lib/python3.8/site-packages/airflow/example_dags/example_xcom.py
[2022-03-25 23:34:36,690] {processor.py:654} INFO - DAG(s) dict_keys(['example_xcom']) retrieved from /Users/adebolafagbule/opt/anaconda3/envs/airflow_env/lib/python3.8/site-packages/airflow/example_dags/example_xcom.py
[2022-03-25 23:34:36,846] {logging_mixin.py:109} INFO - [2022-03-25 23:34:36,846] {dag.py:2398} INFO - Sync 1 DAGs
[2022-03-25 23:34:36,853] {logging_mixin.py:109} INFO - [2022-03-25 23:34:36,853] {dag.py:2937} INFO - Setting next_dagrun for example_xcom to 2021-01-01T00:00:00+00:00
[2022-03-25 23:34:36,859] {processor.py:171} INFO - Processing /Users/adebolafagbule/opt/anaconda3/envs/airflow_env/lib/python3.8/site-packages/airflow/example_dags/example_xcom.py took 0.212 seconds
[2022-03-25 23:35:57,190] {processor.py:163} INFO - Started process (PID=27616) to work on /Users/adebolafagbule/opt/anaconda3/envs/airflow_env/lib/python3.8/site-packages/airflow/example_dags/example_xcom.py
[2022-03-25 23:35:57,191] {processor.py:642} INFO - Processing file /Users/adebolafagbule/opt/anaconda3/envs/airflow_env/lib/python3.8/site-packages/airflow/example_dags/example_xcom.py for tasks to queue
[2022-03-25 23:35:57,191] {logging_mixin.py:109} INFO - [2022-03-25 23:35:57,191] {dagbag.py:500} INFO - Filling up the DagBag from /Users/adebolafagbule/opt/anaconda3/envs/airflow_env/lib/python3.8/site-packages/airflow/example_dags/example_xcom.py
[2022-03-25 23:35:57,241] {processor.py:654} INFO - DAG(s) dict_keys(['example_xcom']) retrieved from /Users/adebolafagbule/opt/anaconda3/envs/airflow_env/lib/python3.8/site-packages/airflow/example_dags/example_xcom.py
[2022-03-25 23:35:57,395] {logging_mixin.py:109} INFO - [2022-03-25 23:35:57,395] {dag.py:2398} INFO - Sync 1 DAGs
[2022-03-25 23:35:57,402] {logging_mixin.py:109} INFO - [2022-03-25 23:35:57,402] {dag.py:2937} INFO - Setting next_dagrun for example_xcom to 2021-01-01T00:00:00+00:00
[2022-03-25 23:35:57,408] {processor.py:171} INFO - Processing /Users/adebolafagbule/opt/anaconda3/envs/airflow_env/lib/python3.8/site-packages/airflow/example_dags/example_xcom.py took 0.219 seconds
[2022-03-25 23:37:14,646] {processor.py:163} INFO - Started process (PID=27699) to work on /Users/adebolafagbule/opt/anaconda3/envs/airflow_env/lib/python3.8/site-packages/airflow/example_dags/example_xcom.py
[2022-03-25 23:37:14,647] {processor.py:642} INFO - Processing file /Users/adebolafagbule/opt/anaconda3/envs/airflow_env/lib/python3.8/site-packages/airflow/example_dags/example_xcom.py for tasks to queue
[2022-03-25 23:37:14,648] {logging_mixin.py:109} INFO - [2022-03-25 23:37:14,647] {dagbag.py:500} INFO - Filling up the DagBag from /Users/adebolafagbule/opt/anaconda3/envs/airflow_env/lib/python3.8/site-packages/airflow/example_dags/example_xcom.py
[2022-03-25 23:37:14,691] {processor.py:654} INFO - DAG(s) dict_keys(['example_xcom']) retrieved from /Users/adebolafagbule/opt/anaconda3/envs/airflow_env/lib/python3.8/site-packages/airflow/example_dags/example_xcom.py
[2022-03-25 23:37:14,926] {logging_mixin.py:109} INFO - [2022-03-25 23:37:14,925] {dag.py:2398} INFO - Sync 1 DAGs
[2022-03-25 23:37:14,932] {logging_mixin.py:109} INFO - [2022-03-25 23:37:14,932] {dag.py:2937} INFO - Setting next_dagrun for example_xcom to 2021-01-01T00:00:00+00:00
[2022-03-25 23:37:14,939] {processor.py:171} INFO - Processing /Users/adebolafagbule/opt/anaconda3/envs/airflow_env/lib/python3.8/site-packages/airflow/example_dags/example_xcom.py took 0.293 seconds
[2022-03-25 23:38:33,562] {processor.py:163} INFO - Started process (PID=27787) to work on /Users/adebolafagbule/opt/anaconda3/envs/airflow_env/lib/python3.8/site-packages/airflow/example_dags/example_xcom.py
[2022-03-25 23:38:33,564] {processor.py:642} INFO - Processing file /Users/adebolafagbule/opt/anaconda3/envs/airflow_env/lib/python3.8/site-packages/airflow/example_dags/example_xcom.py for tasks to queue
[2022-03-25 23:38:33,565] {logging_mixin.py:109} INFO - [2022-03-25 23:38:33,564] {dagbag.py:500} INFO - Filling up the DagBag from /Users/adebolafagbule/opt/anaconda3/envs/airflow_env/lib/python3.8/site-packages/airflow/example_dags/example_xcom.py
[2022-03-25 23:38:33,621] {processor.py:654} INFO - DAG(s) dict_keys(['example_xcom']) retrieved from /Users/adebolafagbule/opt/anaconda3/envs/airflow_env/lib/python3.8/site-packages/airflow/example_dags/example_xcom.py
[2022-03-25 23:38:33,779] {logging_mixin.py:109} INFO - [2022-03-25 23:38:33,779] {dag.py:2398} INFO - Sync 1 DAGs
[2022-03-25 23:38:33,786] {logging_mixin.py:109} INFO - [2022-03-25 23:38:33,786] {dag.py:2937} INFO - Setting next_dagrun for example_xcom to 2021-01-01T00:00:00+00:00
[2022-03-25 23:38:33,792] {processor.py:171} INFO - Processing /Users/adebolafagbule/opt/anaconda3/envs/airflow_env/lib/python3.8/site-packages/airflow/example_dags/example_xcom.py took 0.230 seconds
[2022-03-25 23:39:55,360] {processor.py:163} INFO - Started process (PID=27877) to work on /Users/adebolafagbule/opt/anaconda3/envs/airflow_env/lib/python3.8/site-packages/airflow/example_dags/example_xcom.py
[2022-03-25 23:39:55,361] {processor.py:642} INFO - Processing file /Users/adebolafagbule/opt/anaconda3/envs/airflow_env/lib/python3.8/site-packages/airflow/example_dags/example_xcom.py for tasks to queue
[2022-03-25 23:39:55,361] {logging_mixin.py:109} INFO - [2022-03-25 23:39:55,361] {dagbag.py:500} INFO - Filling up the DagBag from /Users/adebolafagbule/opt/anaconda3/envs/airflow_env/lib/python3.8/site-packages/airflow/example_dags/example_xcom.py
[2022-03-25 23:39:55,406] {processor.py:654} INFO - DAG(s) dict_keys(['example_xcom']) retrieved from /Users/adebolafagbule/opt/anaconda3/envs/airflow_env/lib/python3.8/site-packages/airflow/example_dags/example_xcom.py
[2022-03-25 23:39:55,576] {logging_mixin.py:109} INFO - [2022-03-25 23:39:55,576] {dag.py:2398} INFO - Sync 1 DAGs
[2022-03-25 23:39:55,584] {logging_mixin.py:109} INFO - [2022-03-25 23:39:55,584] {dag.py:2937} INFO - Setting next_dagrun for example_xcom to 2021-01-01T00:00:00+00:00
[2022-03-25 23:39:55,591] {processor.py:171} INFO - Processing /Users/adebolafagbule/opt/anaconda3/envs/airflow_env/lib/python3.8/site-packages/airflow/example_dags/example_xcom.py took 0.232 seconds
[2022-03-25 23:41:15,064] {processor.py:163} INFO - Started process (PID=27963) to work on /Users/adebolafagbule/opt/anaconda3/envs/airflow_env/lib/python3.8/site-packages/airflow/example_dags/example_xcom.py
[2022-03-25 23:41:15,066] {processor.py:642} INFO - Processing file /Users/adebolafagbule/opt/anaconda3/envs/airflow_env/lib/python3.8/site-packages/airflow/example_dags/example_xcom.py for tasks to queue
[2022-03-25 23:41:15,066] {logging_mixin.py:109} INFO - [2022-03-25 23:41:15,066] {dagbag.py:500} INFO - Filling up the DagBag from /Users/adebolafagbule/opt/anaconda3/envs/airflow_env/lib/python3.8/site-packages/airflow/example_dags/example_xcom.py
[2022-03-25 23:41:15,119] {processor.py:654} INFO - DAG(s) dict_keys(['example_xcom']) retrieved from /Users/adebolafagbule/opt/anaconda3/envs/airflow_env/lib/python3.8/site-packages/airflow/example_dags/example_xcom.py
[2022-03-25 23:41:15,271] {logging_mixin.py:109} INFO - [2022-03-25 23:41:15,271] {dag.py:2398} INFO - Sync 1 DAGs
[2022-03-25 23:41:15,277] {logging_mixin.py:109} INFO - [2022-03-25 23:41:15,277] {dag.py:2937} INFO - Setting next_dagrun for example_xcom to 2021-01-01T00:00:00+00:00
[2022-03-25 23:41:15,286] {processor.py:171} INFO - Processing /Users/adebolafagbule/opt/anaconda3/envs/airflow_env/lib/python3.8/site-packages/airflow/example_dags/example_xcom.py took 0.222 seconds
[2022-03-25 23:42:33,518] {processor.py:163} INFO - Started process (PID=28052) to work on /Users/adebolafagbule/opt/anaconda3/envs/airflow_env/lib/python3.8/site-packages/airflow/example_dags/example_xcom.py
[2022-03-25 23:42:33,519] {processor.py:642} INFO - Processing file /Users/adebolafagbule/opt/anaconda3/envs/airflow_env/lib/python3.8/site-packages/airflow/example_dags/example_xcom.py for tasks to queue
[2022-03-25 23:42:33,519] {logging_mixin.py:109} INFO - [2022-03-25 23:42:33,519] {dagbag.py:500} INFO - Filling up the DagBag from /Users/adebolafagbule/opt/anaconda3/envs/airflow_env/lib/python3.8/site-packages/airflow/example_dags/example_xcom.py
[2022-03-25 23:42:33,559] {processor.py:654} INFO - DAG(s) dict_keys(['example_xcom']) retrieved from /Users/adebolafagbule/opt/anaconda3/envs/airflow_env/lib/python3.8/site-packages/airflow/example_dags/example_xcom.py
[2022-03-25 23:42:33,843] {logging_mixin.py:109} INFO - [2022-03-25 23:42:33,843] {dag.py:2398} INFO - Sync 1 DAGs
[2022-03-25 23:42:33,850] {logging_mixin.py:109} INFO - [2022-03-25 23:42:33,850] {dag.py:2937} INFO - Setting next_dagrun for example_xcom to 2021-01-01T00:00:00+00:00
[2022-03-25 23:42:33,857] {processor.py:171} INFO - Processing /Users/adebolafagbule/opt/anaconda3/envs/airflow_env/lib/python3.8/site-packages/airflow/example_dags/example_xcom.py took 0.339 seconds
[2022-03-25 23:43:55,996] {processor.py:163} INFO - Started process (PID=28142) to work on /Users/adebolafagbule/opt/anaconda3/envs/airflow_env/lib/python3.8/site-packages/airflow/example_dags/example_xcom.py
[2022-03-25 23:43:55,997] {processor.py:642} INFO - Processing file /Users/adebolafagbule/opt/anaconda3/envs/airflow_env/lib/python3.8/site-packages/airflow/example_dags/example_xcom.py for tasks to queue
[2022-03-25 23:43:55,997] {logging_mixin.py:109} INFO - [2022-03-25 23:43:55,997] {dagbag.py:500} INFO - Filling up the DagBag from /Users/adebolafagbule/opt/anaconda3/envs/airflow_env/lib/python3.8/site-packages/airflow/example_dags/example_xcom.py
[2022-03-25 23:43:56,044] {processor.py:654} INFO - DAG(s) dict_keys(['example_xcom']) retrieved from /Users/adebolafagbule/opt/anaconda3/envs/airflow_env/lib/python3.8/site-packages/airflow/example_dags/example_xcom.py
[2022-03-25 23:43:56,210] {logging_mixin.py:109} INFO - [2022-03-25 23:43:56,210] {dag.py:2398} INFO - Sync 1 DAGs
[2022-03-25 23:43:56,217] {logging_mixin.py:109} INFO - [2022-03-25 23:43:56,217] {dag.py:2937} INFO - Setting next_dagrun for example_xcom to 2021-01-01T00:00:00+00:00
[2022-03-25 23:43:56,223] {processor.py:171} INFO - Processing /Users/adebolafagbule/opt/anaconda3/envs/airflow_env/lib/python3.8/site-packages/airflow/example_dags/example_xcom.py took 0.228 seconds
[2022-03-25 23:45:16,956] {processor.py:163} INFO - Started process (PID=28222) to work on /Users/adebolafagbule/opt/anaconda3/envs/airflow_env/lib/python3.8/site-packages/airflow/example_dags/example_xcom.py
[2022-03-25 23:45:16,957] {processor.py:642} INFO - Processing file /Users/adebolafagbule/opt/anaconda3/envs/airflow_env/lib/python3.8/site-packages/airflow/example_dags/example_xcom.py for tasks to queue
[2022-03-25 23:45:16,957] {logging_mixin.py:109} INFO - [2022-03-25 23:45:16,957] {dagbag.py:500} INFO - Filling up the DagBag from /Users/adebolafagbule/opt/anaconda3/envs/airflow_env/lib/python3.8/site-packages/airflow/example_dags/example_xcom.py
[2022-03-25 23:45:16,997] {processor.py:654} INFO - DAG(s) dict_keys(['example_xcom']) retrieved from /Users/adebolafagbule/opt/anaconda3/envs/airflow_env/lib/python3.8/site-packages/airflow/example_dags/example_xcom.py
[2022-03-25 23:45:17,157] {logging_mixin.py:109} INFO - [2022-03-25 23:45:17,156] {dag.py:2398} INFO - Sync 1 DAGs
[2022-03-25 23:45:17,163] {logging_mixin.py:109} INFO - [2022-03-25 23:45:17,163] {dag.py:2937} INFO - Setting next_dagrun for example_xcom to 2021-01-01T00:00:00+00:00
[2022-03-25 23:45:17,170] {processor.py:171} INFO - Processing /Users/adebolafagbule/opt/anaconda3/envs/airflow_env/lib/python3.8/site-packages/airflow/example_dags/example_xcom.py took 0.214 seconds
[2022-03-25 23:46:40,489] {processor.py:163} INFO - Started process (PID=28306) to work on /Users/adebolafagbule/opt/anaconda3/envs/airflow_env/lib/python3.8/site-packages/airflow/example_dags/example_xcom.py
[2022-03-25 23:46:40,490] {processor.py:642} INFO - Processing file /Users/adebolafagbule/opt/anaconda3/envs/airflow_env/lib/python3.8/site-packages/airflow/example_dags/example_xcom.py for tasks to queue
[2022-03-25 23:46:40,490] {logging_mixin.py:109} INFO - [2022-03-25 23:46:40,490] {dagbag.py:500} INFO - Filling up the DagBag from /Users/adebolafagbule/opt/anaconda3/envs/airflow_env/lib/python3.8/site-packages/airflow/example_dags/example_xcom.py
[2022-03-25 23:46:40,530] {processor.py:654} INFO - DAG(s) dict_keys(['example_xcom']) retrieved from /Users/adebolafagbule/opt/anaconda3/envs/airflow_env/lib/python3.8/site-packages/airflow/example_dags/example_xcom.py
[2022-03-25 23:46:40,685] {logging_mixin.py:109} INFO - [2022-03-25 23:46:40,685] {dag.py:2398} INFO - Sync 1 DAGs
[2022-03-25 23:46:40,692] {logging_mixin.py:109} INFO - [2022-03-25 23:46:40,692] {dag.py:2937} INFO - Setting next_dagrun for example_xcom to 2021-01-01T00:00:00+00:00
[2022-03-25 23:46:40,698] {processor.py:171} INFO - Processing /Users/adebolafagbule/opt/anaconda3/envs/airflow_env/lib/python3.8/site-packages/airflow/example_dags/example_xcom.py took 0.210 seconds
[2022-03-25 23:47:59,893] {processor.py:163} INFO - Started process (PID=28394) to work on /Users/adebolafagbule/opt/anaconda3/envs/airflow_env/lib/python3.8/site-packages/airflow/example_dags/example_xcom.py
[2022-03-25 23:47:59,894] {processor.py:642} INFO - Processing file /Users/adebolafagbule/opt/anaconda3/envs/airflow_env/lib/python3.8/site-packages/airflow/example_dags/example_xcom.py for tasks to queue
[2022-03-25 23:47:59,894] {logging_mixin.py:109} INFO - [2022-03-25 23:47:59,894] {dagbag.py:500} INFO - Filling up the DagBag from /Users/adebolafagbule/opt/anaconda3/envs/airflow_env/lib/python3.8/site-packages/airflow/example_dags/example_xcom.py
[2022-03-25 23:47:59,936] {processor.py:654} INFO - DAG(s) dict_keys(['example_xcom']) retrieved from /Users/adebolafagbule/opt/anaconda3/envs/airflow_env/lib/python3.8/site-packages/airflow/example_dags/example_xcom.py
[2022-03-25 23:48:00,105] {logging_mixin.py:109} INFO - [2022-03-25 23:48:00,104] {dag.py:2398} INFO - Sync 1 DAGs
[2022-03-25 23:48:00,112] {logging_mixin.py:109} INFO - [2022-03-25 23:48:00,111] {dag.py:2937} INFO - Setting next_dagrun for example_xcom to 2021-01-01T00:00:00+00:00
[2022-03-25 23:48:00,118] {processor.py:171} INFO - Processing /Users/adebolafagbule/opt/anaconda3/envs/airflow_env/lib/python3.8/site-packages/airflow/example_dags/example_xcom.py took 0.226 seconds
[2022-03-25 23:49:17,626] {processor.py:163} INFO - Started process (PID=28472) to work on /Users/adebolafagbule/opt/anaconda3/envs/airflow_env/lib/python3.8/site-packages/airflow/example_dags/example_xcom.py
[2022-03-25 23:49:17,628] {processor.py:642} INFO - Processing file /Users/adebolafagbule/opt/anaconda3/envs/airflow_env/lib/python3.8/site-packages/airflow/example_dags/example_xcom.py for tasks to queue
[2022-03-25 23:49:17,628] {logging_mixin.py:109} INFO - [2022-03-25 23:49:17,628] {dagbag.py:500} INFO - Filling up the DagBag from /Users/adebolafagbule/opt/anaconda3/envs/airflow_env/lib/python3.8/site-packages/airflow/example_dags/example_xcom.py
[2022-03-25 23:49:17,671] {processor.py:654} INFO - DAG(s) dict_keys(['example_xcom']) retrieved from /Users/adebolafagbule/opt/anaconda3/envs/airflow_env/lib/python3.8/site-packages/airflow/example_dags/example_xcom.py
[2022-03-25 23:49:18,039] {logging_mixin.py:109} INFO - [2022-03-25 23:49:18,039] {dag.py:2398} INFO - Sync 1 DAGs
[2022-03-25 23:49:18,046] {logging_mixin.py:109} INFO - [2022-03-25 23:49:18,046] {dag.py:2937} INFO - Setting next_dagrun for example_xcom to 2021-01-01T00:00:00+00:00
[2022-03-25 23:49:18,052] {processor.py:171} INFO - Processing /Users/adebolafagbule/opt/anaconda3/envs/airflow_env/lib/python3.8/site-packages/airflow/example_dags/example_xcom.py took 0.426 seconds
[2022-03-25 23:50:37,643] {processor.py:163} INFO - Started process (PID=28551) to work on /Users/adebolafagbule/opt/anaconda3/envs/airflow_env/lib/python3.8/site-packages/airflow/example_dags/example_xcom.py
[2022-03-25 23:50:37,643] {processor.py:642} INFO - Processing file /Users/adebolafagbule/opt/anaconda3/envs/airflow_env/lib/python3.8/site-packages/airflow/example_dags/example_xcom.py for tasks to queue
[2022-03-25 23:50:37,644] {logging_mixin.py:109} INFO - [2022-03-25 23:50:37,644] {dagbag.py:500} INFO - Filling up the DagBag from /Users/adebolafagbule/opt/anaconda3/envs/airflow_env/lib/python3.8/site-packages/airflow/example_dags/example_xcom.py
[2022-03-25 23:50:37,684] {processor.py:654} INFO - DAG(s) dict_keys(['example_xcom']) retrieved from /Users/adebolafagbule/opt/anaconda3/envs/airflow_env/lib/python3.8/site-packages/airflow/example_dags/example_xcom.py
[2022-03-25 23:50:37,845] {logging_mixin.py:109} INFO - [2022-03-25 23:50:37,845] {dag.py:2398} INFO - Sync 1 DAGs
[2022-03-25 23:50:37,851] {logging_mixin.py:109} INFO - [2022-03-25 23:50:37,851] {dag.py:2937} INFO - Setting next_dagrun for example_xcom to 2021-01-01T00:00:00+00:00
[2022-03-25 23:50:37,857] {processor.py:171} INFO - Processing /Users/adebolafagbule/opt/anaconda3/envs/airflow_env/lib/python3.8/site-packages/airflow/example_dags/example_xcom.py took 0.215 seconds
[2022-03-25 23:51:59,976] {processor.py:163} INFO - Started process (PID=28640) to work on /Users/adebolafagbule/opt/anaconda3/envs/airflow_env/lib/python3.8/site-packages/airflow/example_dags/example_xcom.py
[2022-03-25 23:51:59,977] {processor.py:642} INFO - Processing file /Users/adebolafagbule/opt/anaconda3/envs/airflow_env/lib/python3.8/site-packages/airflow/example_dags/example_xcom.py for tasks to queue
[2022-03-25 23:51:59,977] {logging_mixin.py:109} INFO - [2022-03-25 23:51:59,977] {dagbag.py:500} INFO - Filling up the DagBag from /Users/adebolafagbule/opt/anaconda3/envs/airflow_env/lib/python3.8/site-packages/airflow/example_dags/example_xcom.py
[2022-03-25 23:52:00,019] {processor.py:654} INFO - DAG(s) dict_keys(['example_xcom']) retrieved from /Users/adebolafagbule/opt/anaconda3/envs/airflow_env/lib/python3.8/site-packages/airflow/example_dags/example_xcom.py
[2022-03-25 23:52:00,184] {logging_mixin.py:109} INFO - [2022-03-25 23:52:00,184] {dag.py:2398} INFO - Sync 1 DAGs
[2022-03-25 23:52:00,191] {logging_mixin.py:109} INFO - [2022-03-25 23:52:00,191] {dag.py:2937} INFO - Setting next_dagrun for example_xcom to 2021-01-01T00:00:00+00:00
[2022-03-25 23:52:00,197] {processor.py:171} INFO - Processing /Users/adebolafagbule/opt/anaconda3/envs/airflow_env/lib/python3.8/site-packages/airflow/example_dags/example_xcom.py took 0.222 seconds
[2022-03-25 23:53:22,630] {processor.py:163} INFO - Started process (PID=28726) to work on /Users/adebolafagbule/opt/anaconda3/envs/airflow_env/lib/python3.8/site-packages/airflow/example_dags/example_xcom.py
[2022-03-25 23:53:22,631] {processor.py:642} INFO - Processing file /Users/adebolafagbule/opt/anaconda3/envs/airflow_env/lib/python3.8/site-packages/airflow/example_dags/example_xcom.py for tasks to queue
[2022-03-25 23:53:22,631] {logging_mixin.py:109} INFO - [2022-03-25 23:53:22,631] {dagbag.py:500} INFO - Filling up the DagBag from /Users/adebolafagbule/opt/anaconda3/envs/airflow_env/lib/python3.8/site-packages/airflow/example_dags/example_xcom.py
[2022-03-25 23:53:22,683] {processor.py:654} INFO - DAG(s) dict_keys(['example_xcom']) retrieved from /Users/adebolafagbule/opt/anaconda3/envs/airflow_env/lib/python3.8/site-packages/airflow/example_dags/example_xcom.py
[2022-03-25 23:53:22,852] {logging_mixin.py:109} INFO - [2022-03-25 23:53:22,852] {dag.py:2398} INFO - Sync 1 DAGs
[2022-03-25 23:53:22,860] {logging_mixin.py:109} INFO - [2022-03-25 23:53:22,859] {dag.py:2937} INFO - Setting next_dagrun for example_xcom to 2021-01-01T00:00:00+00:00
[2022-03-25 23:53:22,868] {processor.py:171} INFO - Processing /Users/adebolafagbule/opt/anaconda3/envs/airflow_env/lib/python3.8/site-packages/airflow/example_dags/example_xcom.py took 0.238 seconds
[2022-03-25 23:54:43,977] {processor.py:163} INFO - Started process (PID=28804) to work on /Users/adebolafagbule/opt/anaconda3/envs/airflow_env/lib/python3.8/site-packages/airflow/example_dags/example_xcom.py
[2022-03-25 23:54:43,978] {processor.py:642} INFO - Processing file /Users/adebolafagbule/opt/anaconda3/envs/airflow_env/lib/python3.8/site-packages/airflow/example_dags/example_xcom.py for tasks to queue
[2022-03-25 23:54:43,978] {logging_mixin.py:109} INFO - [2022-03-25 23:54:43,978] {dagbag.py:500} INFO - Filling up the DagBag from /Users/adebolafagbule/opt/anaconda3/envs/airflow_env/lib/python3.8/site-packages/airflow/example_dags/example_xcom.py
[2022-03-25 23:54:44,020] {processor.py:654} INFO - DAG(s) dict_keys(['example_xcom']) retrieved from /Users/adebolafagbule/opt/anaconda3/envs/airflow_env/lib/python3.8/site-packages/airflow/example_dags/example_xcom.py
[2022-03-25 23:54:44,180] {logging_mixin.py:109} INFO - [2022-03-25 23:54:44,179] {dag.py:2398} INFO - Sync 1 DAGs
[2022-03-25 23:54:44,187] {logging_mixin.py:109} INFO - [2022-03-25 23:54:44,187] {dag.py:2937} INFO - Setting next_dagrun for example_xcom to 2021-01-01T00:00:00+00:00
[2022-03-25 23:54:44,193] {processor.py:171} INFO - Processing /Users/adebolafagbule/opt/anaconda3/envs/airflow_env/lib/python3.8/site-packages/airflow/example_dags/example_xcom.py took 0.216 seconds
[2022-03-25 23:56:05,292] {processor.py:163} INFO - Started process (PID=28885) to work on /Users/adebolafagbule/opt/anaconda3/envs/airflow_env/lib/python3.8/site-packages/airflow/example_dags/example_xcom.py
[2022-03-25 23:56:05,293] {processor.py:642} INFO - Processing file /Users/adebolafagbule/opt/anaconda3/envs/airflow_env/lib/python3.8/site-packages/airflow/example_dags/example_xcom.py for tasks to queue
[2022-03-25 23:56:05,293] {logging_mixin.py:109} INFO - [2022-03-25 23:56:05,293] {dagbag.py:500} INFO - Filling up the DagBag from /Users/adebolafagbule/opt/anaconda3/envs/airflow_env/lib/python3.8/site-packages/airflow/example_dags/example_xcom.py
[2022-03-25 23:56:05,335] {processor.py:654} INFO - DAG(s) dict_keys(['example_xcom']) retrieved from /Users/adebolafagbule/opt/anaconda3/envs/airflow_env/lib/python3.8/site-packages/airflow/example_dags/example_xcom.py
[2022-03-25 23:56:05,494] {logging_mixin.py:109} INFO - [2022-03-25 23:56:05,494] {dag.py:2398} INFO - Sync 1 DAGs
[2022-03-25 23:56:05,501] {logging_mixin.py:109} INFO - [2022-03-25 23:56:05,501] {dag.py:2937} INFO - Setting next_dagrun for example_xcom to 2021-01-01T00:00:00+00:00
[2022-03-25 23:56:05,508] {processor.py:171} INFO - Processing /Users/adebolafagbule/opt/anaconda3/envs/airflow_env/lib/python3.8/site-packages/airflow/example_dags/example_xcom.py took 0.216 seconds
[2022-03-25 23:57:26,451] {processor.py:163} INFO - Started process (PID=28966) to work on /Users/adebolafagbule/opt/anaconda3/envs/airflow_env/lib/python3.8/site-packages/airflow/example_dags/example_xcom.py
[2022-03-25 23:57:26,452] {processor.py:642} INFO - Processing file /Users/adebolafagbule/opt/anaconda3/envs/airflow_env/lib/python3.8/site-packages/airflow/example_dags/example_xcom.py for tasks to queue
[2022-03-25 23:57:26,452] {logging_mixin.py:109} INFO - [2022-03-25 23:57:26,452] {dagbag.py:500} INFO - Filling up the DagBag from /Users/adebolafagbule/opt/anaconda3/envs/airflow_env/lib/python3.8/site-packages/airflow/example_dags/example_xcom.py
[2022-03-25 23:57:26,492] {processor.py:654} INFO - DAG(s) dict_keys(['example_xcom']) retrieved from /Users/adebolafagbule/opt/anaconda3/envs/airflow_env/lib/python3.8/site-packages/airflow/example_dags/example_xcom.py
[2022-03-25 23:57:26,652] {logging_mixin.py:109} INFO - [2022-03-25 23:57:26,652] {dag.py:2398} INFO - Sync 1 DAGs
[2022-03-25 23:57:26,659] {logging_mixin.py:109} INFO - [2022-03-25 23:57:26,659] {dag.py:2937} INFO - Setting next_dagrun for example_xcom to 2021-01-01T00:00:00+00:00
[2022-03-25 23:57:26,665] {processor.py:171} INFO - Processing /Users/adebolafagbule/opt/anaconda3/envs/airflow_env/lib/python3.8/site-packages/airflow/example_dags/example_xcom.py took 0.215 seconds
[2022-03-25 23:58:45,417] {processor.py:163} INFO - Started process (PID=29057) to work on /Users/adebolafagbule/opt/anaconda3/envs/airflow_env/lib/python3.8/site-packages/airflow/example_dags/example_xcom.py
[2022-03-25 23:58:45,418] {processor.py:642} INFO - Processing file /Users/adebolafagbule/opt/anaconda3/envs/airflow_env/lib/python3.8/site-packages/airflow/example_dags/example_xcom.py for tasks to queue
[2022-03-25 23:58:45,419] {logging_mixin.py:109} INFO - [2022-03-25 23:58:45,419] {dagbag.py:500} INFO - Filling up the DagBag from /Users/adebolafagbule/opt/anaconda3/envs/airflow_env/lib/python3.8/site-packages/airflow/example_dags/example_xcom.py
[2022-03-25 23:58:45,458] {processor.py:654} INFO - DAG(s) dict_keys(['example_xcom']) retrieved from /Users/adebolafagbule/opt/anaconda3/envs/airflow_env/lib/python3.8/site-packages/airflow/example_dags/example_xcom.py
[2022-03-25 23:58:45,617] {logging_mixin.py:109} INFO - [2022-03-25 23:58:45,617] {dag.py:2398} INFO - Sync 1 DAGs
[2022-03-25 23:58:45,624] {logging_mixin.py:109} INFO - [2022-03-25 23:58:45,624] {dag.py:2937} INFO - Setting next_dagrun for example_xcom to 2021-01-01T00:00:00+00:00
[2022-03-25 23:58:45,630] {processor.py:171} INFO - Processing /Users/adebolafagbule/opt/anaconda3/envs/airflow_env/lib/python3.8/site-packages/airflow/example_dags/example_xcom.py took 0.213 seconds
[2022-03-26 00:00:05,192] {processor.py:163} INFO - Started process (PID=29139) to work on /Users/adebolafagbule/opt/anaconda3/envs/airflow_env/lib/python3.8/site-packages/airflow/example_dags/example_xcom.py
[2022-03-26 00:00:05,192] {processor.py:642} INFO - Processing file /Users/adebolafagbule/opt/anaconda3/envs/airflow_env/lib/python3.8/site-packages/airflow/example_dags/example_xcom.py for tasks to queue
[2022-03-26 00:00:05,192] {logging_mixin.py:109} INFO - [2022-03-26 00:00:05,192] {dagbag.py:500} INFO - Filling up the DagBag from /Users/adebolafagbule/opt/anaconda3/envs/airflow_env/lib/python3.8/site-packages/airflow/example_dags/example_xcom.py
[2022-03-26 00:00:05,232] {processor.py:654} INFO - DAG(s) dict_keys(['example_xcom']) retrieved from /Users/adebolafagbule/opt/anaconda3/envs/airflow_env/lib/python3.8/site-packages/airflow/example_dags/example_xcom.py
[2022-03-26 00:00:05,389] {logging_mixin.py:109} INFO - [2022-03-26 00:00:05,389] {dag.py:2398} INFO - Sync 1 DAGs
[2022-03-26 00:00:05,396] {logging_mixin.py:109} INFO - [2022-03-26 00:00:05,396] {dag.py:2937} INFO - Setting next_dagrun for example_xcom to 2021-01-01T00:00:00+00:00
[2022-03-26 00:00:05,402] {processor.py:171} INFO - Processing /Users/adebolafagbule/opt/anaconda3/envs/airflow_env/lib/python3.8/site-packages/airflow/example_dags/example_xcom.py took 0.211 seconds
[2022-03-26 00:00:57,720] {processor.py:163} INFO - Started process (PID=29200) to work on /Users/adebolafagbule/opt/anaconda3/envs/airflow_env/lib/python3.8/site-packages/airflow/example_dags/example_xcom.py
[2022-03-26 00:00:57,722] {processor.py:642} INFO - Processing file /Users/adebolafagbule/opt/anaconda3/envs/airflow_env/lib/python3.8/site-packages/airflow/example_dags/example_xcom.py for tasks to queue
[2022-03-26 00:00:57,723] {logging_mixin.py:109} INFO - [2022-03-26 00:00:57,723] {dagbag.py:500} INFO - Filling up the DagBag from /Users/adebolafagbule/opt/anaconda3/envs/airflow_env/lib/python3.8/site-packages/airflow/example_dags/example_xcom.py
[2022-03-26 00:00:57,765] {processor.py:654} INFO - DAG(s) dict_keys(['example_xcom']) retrieved from /Users/adebolafagbule/opt/anaconda3/envs/airflow_env/lib/python3.8/site-packages/airflow/example_dags/example_xcom.py
[2022-03-26 00:00:57,922] {logging_mixin.py:109} INFO - [2022-03-26 00:00:57,922] {dag.py:2398} INFO - Sync 1 DAGs
[2022-03-26 00:00:57,929] {logging_mixin.py:109} INFO - [2022-03-26 00:00:57,929] {dag.py:2937} INFO - Setting next_dagrun for example_xcom to 2021-01-01T00:00:00+00:00
[2022-03-26 00:00:57,935] {processor.py:171} INFO - Processing /Users/adebolafagbule/opt/anaconda3/envs/airflow_env/lib/python3.8/site-packages/airflow/example_dags/example_xcom.py took 0.216 seconds
[2022-03-26 00:02:18,537] {processor.py:163} INFO - Started process (PID=29294) to work on /Users/adebolafagbule/opt/anaconda3/envs/airflow_env/lib/python3.8/site-packages/airflow/example_dags/example_xcom.py
[2022-03-26 00:02:18,538] {processor.py:642} INFO - Processing file /Users/adebolafagbule/opt/anaconda3/envs/airflow_env/lib/python3.8/site-packages/airflow/example_dags/example_xcom.py for tasks to queue
[2022-03-26 00:02:18,538] {logging_mixin.py:109} INFO - [2022-03-26 00:02:18,538] {dagbag.py:500} INFO - Filling up the DagBag from /Users/adebolafagbule/opt/anaconda3/envs/airflow_env/lib/python3.8/site-packages/airflow/example_dags/example_xcom.py
[2022-03-26 00:02:18,580] {processor.py:654} INFO - DAG(s) dict_keys(['example_xcom']) retrieved from /Users/adebolafagbule/opt/anaconda3/envs/airflow_env/lib/python3.8/site-packages/airflow/example_dags/example_xcom.py
[2022-03-26 00:02:18,740] {logging_mixin.py:109} INFO - [2022-03-26 00:02:18,740] {dag.py:2398} INFO - Sync 1 DAGs
[2022-03-26 00:02:18,747] {logging_mixin.py:109} INFO - [2022-03-26 00:02:18,747] {dag.py:2937} INFO - Setting next_dagrun for example_xcom to 2021-01-01T00:00:00+00:00
[2022-03-26 00:02:18,753] {processor.py:171} INFO - Processing /Users/adebolafagbule/opt/anaconda3/envs/airflow_env/lib/python3.8/site-packages/airflow/example_dags/example_xcom.py took 0.216 seconds
[2022-03-26 00:03:39,171] {processor.py:163} INFO - Started process (PID=29376) to work on /Users/adebolafagbule/opt/anaconda3/envs/airflow_env/lib/python3.8/site-packages/airflow/example_dags/example_xcom.py
[2022-03-26 00:03:39,172] {processor.py:642} INFO - Processing file /Users/adebolafagbule/opt/anaconda3/envs/airflow_env/lib/python3.8/site-packages/airflow/example_dags/example_xcom.py for tasks to queue
[2022-03-26 00:03:39,172] {logging_mixin.py:109} INFO - [2022-03-26 00:03:39,172] {dagbag.py:500} INFO - Filling up the DagBag from /Users/adebolafagbule/opt/anaconda3/envs/airflow_env/lib/python3.8/site-packages/airflow/example_dags/example_xcom.py
[2022-03-26 00:03:39,218] {processor.py:654} INFO - DAG(s) dict_keys(['example_xcom']) retrieved from /Users/adebolafagbule/opt/anaconda3/envs/airflow_env/lib/python3.8/site-packages/airflow/example_dags/example_xcom.py
[2022-03-26 00:03:39,380] {logging_mixin.py:109} INFO - [2022-03-26 00:03:39,380] {dag.py:2398} INFO - Sync 1 DAGs
[2022-03-26 00:03:39,386] {logging_mixin.py:109} INFO - [2022-03-26 00:03:39,386] {dag.py:2937} INFO - Setting next_dagrun for example_xcom to 2021-01-01T00:00:00+00:00
[2022-03-26 00:03:39,393] {processor.py:171} INFO - Processing /Users/adebolafagbule/opt/anaconda3/envs/airflow_env/lib/python3.8/site-packages/airflow/example_dags/example_xcom.py took 0.222 seconds
[2022-03-26 00:04:59,980] {processor.py:163} INFO - Started process (PID=29456) to work on /Users/adebolafagbule/opt/anaconda3/envs/airflow_env/lib/python3.8/site-packages/airflow/example_dags/example_xcom.py
[2022-03-26 00:04:59,981] {processor.py:642} INFO - Processing file /Users/adebolafagbule/opt/anaconda3/envs/airflow_env/lib/python3.8/site-packages/airflow/example_dags/example_xcom.py for tasks to queue
[2022-03-26 00:04:59,982] {logging_mixin.py:109} INFO - [2022-03-26 00:04:59,982] {dagbag.py:500} INFO - Filling up the DagBag from /Users/adebolafagbule/opt/anaconda3/envs/airflow_env/lib/python3.8/site-packages/airflow/example_dags/example_xcom.py
[2022-03-26 00:05:00,023] {processor.py:654} INFO - DAG(s) dict_keys(['example_xcom']) retrieved from /Users/adebolafagbule/opt/anaconda3/envs/airflow_env/lib/python3.8/site-packages/airflow/example_dags/example_xcom.py
[2022-03-26 00:05:00,185] {logging_mixin.py:109} INFO - [2022-03-26 00:05:00,185] {dag.py:2398} INFO - Sync 1 DAGs
[2022-03-26 00:05:00,192] {logging_mixin.py:109} INFO - [2022-03-26 00:05:00,192] {dag.py:2937} INFO - Setting next_dagrun for example_xcom to 2021-01-01T00:00:00+00:00
[2022-03-26 00:05:00,199] {processor.py:171} INFO - Processing /Users/adebolafagbule/opt/anaconda3/envs/airflow_env/lib/python3.8/site-packages/airflow/example_dags/example_xcom.py took 0.219 seconds
[2022-03-26 00:06:21,017] {processor.py:163} INFO - Started process (PID=29537) to work on /Users/adebolafagbule/opt/anaconda3/envs/airflow_env/lib/python3.8/site-packages/airflow/example_dags/example_xcom.py
[2022-03-26 00:06:21,018] {processor.py:642} INFO - Processing file /Users/adebolafagbule/opt/anaconda3/envs/airflow_env/lib/python3.8/site-packages/airflow/example_dags/example_xcom.py for tasks to queue
[2022-03-26 00:06:21,018] {logging_mixin.py:109} INFO - [2022-03-26 00:06:21,018] {dagbag.py:500} INFO - Filling up the DagBag from /Users/adebolafagbule/opt/anaconda3/envs/airflow_env/lib/python3.8/site-packages/airflow/example_dags/example_xcom.py
[2022-03-26 00:06:21,058] {processor.py:654} INFO - DAG(s) dict_keys(['example_xcom']) retrieved from /Users/adebolafagbule/opt/anaconda3/envs/airflow_env/lib/python3.8/site-packages/airflow/example_dags/example_xcom.py
[2022-03-26 00:06:21,218] {logging_mixin.py:109} INFO - [2022-03-26 00:06:21,218] {dag.py:2398} INFO - Sync 1 DAGs
[2022-03-26 00:06:21,225] {logging_mixin.py:109} INFO - [2022-03-26 00:06:21,225] {dag.py:2937} INFO - Setting next_dagrun for example_xcom to 2021-01-01T00:00:00+00:00
[2022-03-26 00:06:21,231] {processor.py:171} INFO - Processing /Users/adebolafagbule/opt/anaconda3/envs/airflow_env/lib/python3.8/site-packages/airflow/example_dags/example_xcom.py took 0.215 seconds
[2022-03-26 00:07:42,945] {processor.py:163} INFO - Started process (PID=29633) to work on /Users/adebolafagbule/opt/anaconda3/envs/airflow_env/lib/python3.8/site-packages/airflow/example_dags/example_xcom.py
[2022-03-26 00:07:42,945] {processor.py:642} INFO - Processing file /Users/adebolafagbule/opt/anaconda3/envs/airflow_env/lib/python3.8/site-packages/airflow/example_dags/example_xcom.py for tasks to queue
[2022-03-26 00:07:42,946] {logging_mixin.py:109} INFO - [2022-03-26 00:07:42,946] {dagbag.py:500} INFO - Filling up the DagBag from /Users/adebolafagbule/opt/anaconda3/envs/airflow_env/lib/python3.8/site-packages/airflow/example_dags/example_xcom.py
[2022-03-26 00:07:42,988] {processor.py:654} INFO - DAG(s) dict_keys(['example_xcom']) retrieved from /Users/adebolafagbule/opt/anaconda3/envs/airflow_env/lib/python3.8/site-packages/airflow/example_dags/example_xcom.py
[2022-03-26 00:07:43,147] {logging_mixin.py:109} INFO - [2022-03-26 00:07:43,147] {dag.py:2398} INFO - Sync 1 DAGs
[2022-03-26 00:07:43,154] {logging_mixin.py:109} INFO - [2022-03-26 00:07:43,154] {dag.py:2937} INFO - Setting next_dagrun for example_xcom to 2021-01-01T00:00:00+00:00
[2022-03-26 00:07:43,161] {processor.py:171} INFO - Processing /Users/adebolafagbule/opt/anaconda3/envs/airflow_env/lib/python3.8/site-packages/airflow/example_dags/example_xcom.py took 0.217 seconds
[2022-03-26 00:09:08,744] {processor.py:163} INFO - Started process (PID=29728) to work on /Users/adebolafagbule/opt/anaconda3/envs/airflow_env/lib/python3.8/site-packages/airflow/example_dags/example_xcom.py
[2022-03-26 00:09:08,746] {processor.py:642} INFO - Processing file /Users/adebolafagbule/opt/anaconda3/envs/airflow_env/lib/python3.8/site-packages/airflow/example_dags/example_xcom.py for tasks to queue
[2022-03-26 00:09:08,746] {logging_mixin.py:109} INFO - [2022-03-26 00:09:08,746] {dagbag.py:500} INFO - Filling up the DagBag from /Users/adebolafagbule/opt/anaconda3/envs/airflow_env/lib/python3.8/site-packages/airflow/example_dags/example_xcom.py
[2022-03-26 00:09:08,788] {processor.py:654} INFO - DAG(s) dict_keys(['example_xcom']) retrieved from /Users/adebolafagbule/opt/anaconda3/envs/airflow_env/lib/python3.8/site-packages/airflow/example_dags/example_xcom.py
[2022-03-26 00:09:08,950] {logging_mixin.py:109} INFO - [2022-03-26 00:09:08,950] {dag.py:2398} INFO - Sync 1 DAGs
[2022-03-26 00:09:08,957] {logging_mixin.py:109} INFO - [2022-03-26 00:09:08,957] {dag.py:2937} INFO - Setting next_dagrun for example_xcom to 2021-01-01T00:00:00+00:00
[2022-03-26 00:09:08,964] {processor.py:171} INFO - Processing /Users/adebolafagbule/opt/anaconda3/envs/airflow_env/lib/python3.8/site-packages/airflow/example_dags/example_xcom.py took 0.220 seconds
[2022-03-26 00:10:30,018] {processor.py:163} INFO - Started process (PID=29817) to work on /Users/adebolafagbule/opt/anaconda3/envs/airflow_env/lib/python3.8/site-packages/airflow/example_dags/example_xcom.py
[2022-03-26 00:10:30,019] {processor.py:642} INFO - Processing file /Users/adebolafagbule/opt/anaconda3/envs/airflow_env/lib/python3.8/site-packages/airflow/example_dags/example_xcom.py for tasks to queue
[2022-03-26 00:10:30,020] {logging_mixin.py:109} INFO - [2022-03-26 00:10:30,020] {dagbag.py:500} INFO - Filling up the DagBag from /Users/adebolafagbule/opt/anaconda3/envs/airflow_env/lib/python3.8/site-packages/airflow/example_dags/example_xcom.py
[2022-03-26 00:10:30,063] {processor.py:654} INFO - DAG(s) dict_keys(['example_xcom']) retrieved from /Users/adebolafagbule/opt/anaconda3/envs/airflow_env/lib/python3.8/site-packages/airflow/example_dags/example_xcom.py
[2022-03-26 00:10:30,223] {logging_mixin.py:109} INFO - [2022-03-26 00:10:30,223] {dag.py:2398} INFO - Sync 1 DAGs
[2022-03-26 00:10:30,229] {logging_mixin.py:109} INFO - [2022-03-26 00:10:30,229] {dag.py:2937} INFO - Setting next_dagrun for example_xcom to 2021-01-01T00:00:00+00:00
[2022-03-26 00:10:30,236] {processor.py:171} INFO - Processing /Users/adebolafagbule/opt/anaconda3/envs/airflow_env/lib/python3.8/site-packages/airflow/example_dags/example_xcom.py took 0.218 seconds
[2022-03-26 00:11:51,588] {processor.py:163} INFO - Started process (PID=29910) to work on /Users/adebolafagbule/opt/anaconda3/envs/airflow_env/lib/python3.8/site-packages/airflow/example_dags/example_xcom.py
[2022-03-26 00:11:51,588] {processor.py:642} INFO - Processing file /Users/adebolafagbule/opt/anaconda3/envs/airflow_env/lib/python3.8/site-packages/airflow/example_dags/example_xcom.py for tasks to queue
[2022-03-26 00:11:51,589] {logging_mixin.py:109} INFO - [2022-03-26 00:11:51,589] {dagbag.py:500} INFO - Filling up the DagBag from /Users/adebolafagbule/opt/anaconda3/envs/airflow_env/lib/python3.8/site-packages/airflow/example_dags/example_xcom.py
[2022-03-26 00:11:51,630] {processor.py:654} INFO - DAG(s) dict_keys(['example_xcom']) retrieved from /Users/adebolafagbule/opt/anaconda3/envs/airflow_env/lib/python3.8/site-packages/airflow/example_dags/example_xcom.py
[2022-03-26 00:11:51,795] {logging_mixin.py:109} INFO - [2022-03-26 00:11:51,794] {dag.py:2398} INFO - Sync 1 DAGs
[2022-03-26 00:11:51,802] {logging_mixin.py:109} INFO - [2022-03-26 00:11:51,802] {dag.py:2937} INFO - Setting next_dagrun for example_xcom to 2021-01-01T00:00:00+00:00
[2022-03-26 00:11:51,808] {processor.py:171} INFO - Processing /Users/adebolafagbule/opt/anaconda3/envs/airflow_env/lib/python3.8/site-packages/airflow/example_dags/example_xcom.py took 0.221 seconds
[2022-03-26 00:13:13,820] {processor.py:163} INFO - Started process (PID=30005) to work on /Users/adebolafagbule/opt/anaconda3/envs/airflow_env/lib/python3.8/site-packages/airflow/example_dags/example_xcom.py
[2022-03-26 00:13:13,821] {processor.py:642} INFO - Processing file /Users/adebolafagbule/opt/anaconda3/envs/airflow_env/lib/python3.8/site-packages/airflow/example_dags/example_xcom.py for tasks to queue
[2022-03-26 00:13:13,822] {logging_mixin.py:109} INFO - [2022-03-26 00:13:13,822] {dagbag.py:500} INFO - Filling up the DagBag from /Users/adebolafagbule/opt/anaconda3/envs/airflow_env/lib/python3.8/site-packages/airflow/example_dags/example_xcom.py
[2022-03-26 00:13:13,862] {processor.py:654} INFO - DAG(s) dict_keys(['example_xcom']) retrieved from /Users/adebolafagbule/opt/anaconda3/envs/airflow_env/lib/python3.8/site-packages/airflow/example_dags/example_xcom.py
[2022-03-26 00:13:14,027] {logging_mixin.py:109} INFO - [2022-03-26 00:13:14,026] {dag.py:2398} INFO - Sync 1 DAGs
[2022-03-26 00:13:14,033] {logging_mixin.py:109} INFO - [2022-03-26 00:13:14,033] {dag.py:2937} INFO - Setting next_dagrun for example_xcom to 2021-01-01T00:00:00+00:00
[2022-03-26 00:13:14,040] {processor.py:171} INFO - Processing /Users/adebolafagbule/opt/anaconda3/envs/airflow_env/lib/python3.8/site-packages/airflow/example_dags/example_xcom.py took 0.221 seconds
[2022-03-26 00:14:34,158] {processor.py:163} INFO - Started process (PID=30093) to work on /Users/adebolafagbule/opt/anaconda3/envs/airflow_env/lib/python3.8/site-packages/airflow/example_dags/example_xcom.py
[2022-03-26 00:14:34,159] {processor.py:642} INFO - Processing file /Users/adebolafagbule/opt/anaconda3/envs/airflow_env/lib/python3.8/site-packages/airflow/example_dags/example_xcom.py for tasks to queue
[2022-03-26 00:14:34,159] {logging_mixin.py:109} INFO - [2022-03-26 00:14:34,159] {dagbag.py:500} INFO - Filling up the DagBag from /Users/adebolafagbule/opt/anaconda3/envs/airflow_env/lib/python3.8/site-packages/airflow/example_dags/example_xcom.py
[2022-03-26 00:14:34,200] {processor.py:654} INFO - DAG(s) dict_keys(['example_xcom']) retrieved from /Users/adebolafagbule/opt/anaconda3/envs/airflow_env/lib/python3.8/site-packages/airflow/example_dags/example_xcom.py
[2022-03-26 00:14:34,364] {logging_mixin.py:109} INFO - [2022-03-26 00:14:34,363] {dag.py:2398} INFO - Sync 1 DAGs
[2022-03-26 00:14:34,370] {logging_mixin.py:109} INFO - [2022-03-26 00:14:34,370] {dag.py:2937} INFO - Setting next_dagrun for example_xcom to 2021-01-01T00:00:00+00:00
[2022-03-26 00:14:34,377] {processor.py:171} INFO - Processing /Users/adebolafagbule/opt/anaconda3/envs/airflow_env/lib/python3.8/site-packages/airflow/example_dags/example_xcom.py took 0.219 seconds
[2022-03-26 00:15:56,162] {processor.py:163} INFO - Started process (PID=30184) to work on /Users/adebolafagbule/opt/anaconda3/envs/airflow_env/lib/python3.8/site-packages/airflow/example_dags/example_xcom.py
[2022-03-26 00:15:56,163] {processor.py:642} INFO - Processing file /Users/adebolafagbule/opt/anaconda3/envs/airflow_env/lib/python3.8/site-packages/airflow/example_dags/example_xcom.py for tasks to queue
[2022-03-26 00:15:56,163] {logging_mixin.py:109} INFO - [2022-03-26 00:15:56,163] {dagbag.py:500} INFO - Filling up the DagBag from /Users/adebolafagbule/opt/anaconda3/envs/airflow_env/lib/python3.8/site-packages/airflow/example_dags/example_xcom.py
[2022-03-26 00:15:56,202] {processor.py:654} INFO - DAG(s) dict_keys(['example_xcom']) retrieved from /Users/adebolafagbule/opt/anaconda3/envs/airflow_env/lib/python3.8/site-packages/airflow/example_dags/example_xcom.py
[2022-03-26 00:15:56,361] {logging_mixin.py:109} INFO - [2022-03-26 00:15:56,361] {dag.py:2398} INFO - Sync 1 DAGs
[2022-03-26 00:15:56,367] {logging_mixin.py:109} INFO - [2022-03-26 00:15:56,367] {dag.py:2937} INFO - Setting next_dagrun for example_xcom to 2021-01-01T00:00:00+00:00
[2022-03-26 00:15:56,373] {processor.py:171} INFO - Processing /Users/adebolafagbule/opt/anaconda3/envs/airflow_env/lib/python3.8/site-packages/airflow/example_dags/example_xcom.py took 0.211 seconds
[2022-03-26 00:17:16,517] {processor.py:163} INFO - Started process (PID=30269) to work on /Users/adebolafagbule/opt/anaconda3/envs/airflow_env/lib/python3.8/site-packages/airflow/example_dags/example_xcom.py
[2022-03-26 00:17:16,517] {processor.py:642} INFO - Processing file /Users/adebolafagbule/opt/anaconda3/envs/airflow_env/lib/python3.8/site-packages/airflow/example_dags/example_xcom.py for tasks to queue
[2022-03-26 00:17:16,518] {logging_mixin.py:109} INFO - [2022-03-26 00:17:16,518] {dagbag.py:500} INFO - Filling up the DagBag from /Users/adebolafagbule/opt/anaconda3/envs/airflow_env/lib/python3.8/site-packages/airflow/example_dags/example_xcom.py
[2022-03-26 00:17:16,558] {processor.py:654} INFO - DAG(s) dict_keys(['example_xcom']) retrieved from /Users/adebolafagbule/opt/anaconda3/envs/airflow_env/lib/python3.8/site-packages/airflow/example_dags/example_xcom.py
[2022-03-26 00:17:16,714] {logging_mixin.py:109} INFO - [2022-03-26 00:17:16,714] {dag.py:2398} INFO - Sync 1 DAGs
[2022-03-26 00:17:16,721] {logging_mixin.py:109} INFO - [2022-03-26 00:17:16,720] {dag.py:2937} INFO - Setting next_dagrun for example_xcom to 2021-01-01T00:00:00+00:00
[2022-03-26 00:17:16,727] {processor.py:171} INFO - Processing /Users/adebolafagbule/opt/anaconda3/envs/airflow_env/lib/python3.8/site-packages/airflow/example_dags/example_xcom.py took 0.210 seconds
[2022-03-26 00:18:35,747] {processor.py:163} INFO - Started process (PID=30352) to work on /Users/adebolafagbule/opt/anaconda3/envs/airflow_env/lib/python3.8/site-packages/airflow/example_dags/example_xcom.py
[2022-03-26 00:18:35,749] {processor.py:642} INFO - Processing file /Users/adebolafagbule/opt/anaconda3/envs/airflow_env/lib/python3.8/site-packages/airflow/example_dags/example_xcom.py for tasks to queue
[2022-03-26 00:18:35,749] {logging_mixin.py:109} INFO - [2022-03-26 00:18:35,749] {dagbag.py:500} INFO - Filling up the DagBag from /Users/adebolafagbule/opt/anaconda3/envs/airflow_env/lib/python3.8/site-packages/airflow/example_dags/example_xcom.py
[2022-03-26 00:18:35,789] {processor.py:654} INFO - DAG(s) dict_keys(['example_xcom']) retrieved from /Users/adebolafagbule/opt/anaconda3/envs/airflow_env/lib/python3.8/site-packages/airflow/example_dags/example_xcom.py
[2022-03-26 00:18:35,948] {logging_mixin.py:109} INFO - [2022-03-26 00:18:35,948] {dag.py:2398} INFO - Sync 1 DAGs
[2022-03-26 00:18:35,955] {logging_mixin.py:109} INFO - [2022-03-26 00:18:35,955] {dag.py:2937} INFO - Setting next_dagrun for example_xcom to 2021-01-01T00:00:00+00:00
[2022-03-26 00:18:35,962] {processor.py:171} INFO - Processing /Users/adebolafagbule/opt/anaconda3/envs/airflow_env/lib/python3.8/site-packages/airflow/example_dags/example_xcom.py took 0.215 seconds
[2022-03-26 00:19:53,661] {processor.py:163} INFO - Started process (PID=30436) to work on /Users/adebolafagbule/opt/anaconda3/envs/airflow_env/lib/python3.8/site-packages/airflow/example_dags/example_xcom.py
[2022-03-26 00:19:53,662] {processor.py:642} INFO - Processing file /Users/adebolafagbule/opt/anaconda3/envs/airflow_env/lib/python3.8/site-packages/airflow/example_dags/example_xcom.py for tasks to queue
[2022-03-26 00:19:53,663] {logging_mixin.py:109} INFO - [2022-03-26 00:19:53,663] {dagbag.py:500} INFO - Filling up the DagBag from /Users/adebolafagbule/opt/anaconda3/envs/airflow_env/lib/python3.8/site-packages/airflow/example_dags/example_xcom.py
[2022-03-26 00:19:53,705] {processor.py:654} INFO - DAG(s) dict_keys(['example_xcom']) retrieved from /Users/adebolafagbule/opt/anaconda3/envs/airflow_env/lib/python3.8/site-packages/airflow/example_dags/example_xcom.py
[2022-03-26 00:19:53,870] {logging_mixin.py:109} INFO - [2022-03-26 00:19:53,870] {dag.py:2398} INFO - Sync 1 DAGs
[2022-03-26 00:19:53,877] {logging_mixin.py:109} INFO - [2022-03-26 00:19:53,876] {dag.py:2937} INFO - Setting next_dagrun for example_xcom to 2021-01-01T00:00:00+00:00
[2022-03-26 00:19:53,882] {processor.py:171} INFO - Processing /Users/adebolafagbule/opt/anaconda3/envs/airflow_env/lib/python3.8/site-packages/airflow/example_dags/example_xcom.py took 0.222 seconds
[2022-03-26 00:21:14,948] {processor.py:163} INFO - Started process (PID=30526) to work on /Users/adebolafagbule/opt/anaconda3/envs/airflow_env/lib/python3.8/site-packages/airflow/example_dags/example_xcom.py
[2022-03-26 00:21:14,951] {processor.py:642} INFO - Processing file /Users/adebolafagbule/opt/anaconda3/envs/airflow_env/lib/python3.8/site-packages/airflow/example_dags/example_xcom.py for tasks to queue
[2022-03-26 00:21:14,952] {logging_mixin.py:109} INFO - [2022-03-26 00:21:14,952] {dagbag.py:500} INFO - Filling up the DagBag from /Users/adebolafagbule/opt/anaconda3/envs/airflow_env/lib/python3.8/site-packages/airflow/example_dags/example_xcom.py
[2022-03-26 00:21:14,995] {processor.py:654} INFO - DAG(s) dict_keys(['example_xcom']) retrieved from /Users/adebolafagbule/opt/anaconda3/envs/airflow_env/lib/python3.8/site-packages/airflow/example_dags/example_xcom.py
[2022-03-26 00:21:15,155] {logging_mixin.py:109} INFO - [2022-03-26 00:21:15,154] {dag.py:2398} INFO - Sync 1 DAGs
[2022-03-26 00:21:15,161] {logging_mixin.py:109} INFO - [2022-03-26 00:21:15,161] {dag.py:2937} INFO - Setting next_dagrun for example_xcom to 2021-01-01T00:00:00+00:00
[2022-03-26 00:21:15,167] {processor.py:171} INFO - Processing /Users/adebolafagbule/opt/anaconda3/envs/airflow_env/lib/python3.8/site-packages/airflow/example_dags/example_xcom.py took 0.219 seconds
[2022-03-26 00:22:36,665] {processor.py:163} INFO - Started process (PID=30618) to work on /Users/adebolafagbule/opt/anaconda3/envs/airflow_env/lib/python3.8/site-packages/airflow/example_dags/example_xcom.py
[2022-03-26 00:22:36,671] {processor.py:642} INFO - Processing file /Users/adebolafagbule/opt/anaconda3/envs/airflow_env/lib/python3.8/site-packages/airflow/example_dags/example_xcom.py for tasks to queue
[2022-03-26 00:22:36,672] {logging_mixin.py:109} INFO - [2022-03-26 00:22:36,672] {dagbag.py:500} INFO - Filling up the DagBag from /Users/adebolafagbule/opt/anaconda3/envs/airflow_env/lib/python3.8/site-packages/airflow/example_dags/example_xcom.py
[2022-03-26 00:22:36,727] {processor.py:654} INFO - DAG(s) dict_keys(['example_xcom']) retrieved from /Users/adebolafagbule/opt/anaconda3/envs/airflow_env/lib/python3.8/site-packages/airflow/example_dags/example_xcom.py
[2022-03-26 00:22:36,885] {logging_mixin.py:109} INFO - [2022-03-26 00:22:36,884] {dag.py:2398} INFO - Sync 1 DAGs
[2022-03-26 00:22:36,891] {logging_mixin.py:109} INFO - [2022-03-26 00:22:36,891] {dag.py:2937} INFO - Setting next_dagrun for example_xcom to 2021-01-01T00:00:00+00:00
[2022-03-26 00:22:36,897] {processor.py:171} INFO - Processing /Users/adebolafagbule/opt/anaconda3/envs/airflow_env/lib/python3.8/site-packages/airflow/example_dags/example_xcom.py took 0.232 seconds
[2022-03-26 00:23:59,357] {processor.py:163} INFO - Started process (PID=30714) to work on /Users/adebolafagbule/opt/anaconda3/envs/airflow_env/lib/python3.8/site-packages/airflow/example_dags/example_xcom.py
[2022-03-26 00:23:59,359] {processor.py:642} INFO - Processing file /Users/adebolafagbule/opt/anaconda3/envs/airflow_env/lib/python3.8/site-packages/airflow/example_dags/example_xcom.py for tasks to queue
[2022-03-26 00:23:59,359] {logging_mixin.py:109} INFO - [2022-03-26 00:23:59,359] {dagbag.py:500} INFO - Filling up the DagBag from /Users/adebolafagbule/opt/anaconda3/envs/airflow_env/lib/python3.8/site-packages/airflow/example_dags/example_xcom.py
[2022-03-26 00:23:59,400] {processor.py:654} INFO - DAG(s) dict_keys(['example_xcom']) retrieved from /Users/adebolafagbule/opt/anaconda3/envs/airflow_env/lib/python3.8/site-packages/airflow/example_dags/example_xcom.py
[2022-03-26 00:23:59,567] {logging_mixin.py:109} INFO - [2022-03-26 00:23:59,567] {dag.py:2398} INFO - Sync 1 DAGs
[2022-03-26 00:23:59,573] {logging_mixin.py:109} INFO - [2022-03-26 00:23:59,573] {dag.py:2937} INFO - Setting next_dagrun for example_xcom to 2021-01-01T00:00:00+00:00
[2022-03-26 00:23:59,580] {processor.py:171} INFO - Processing /Users/adebolafagbule/opt/anaconda3/envs/airflow_env/lib/python3.8/site-packages/airflow/example_dags/example_xcom.py took 0.223 seconds
[2022-03-26 00:25:17,856] {processor.py:163} INFO - Started process (PID=30806) to work on /Users/adebolafagbule/opt/anaconda3/envs/airflow_env/lib/python3.8/site-packages/airflow/example_dags/example_xcom.py
[2022-03-26 00:25:17,856] {processor.py:642} INFO - Processing file /Users/adebolafagbule/opt/anaconda3/envs/airflow_env/lib/python3.8/site-packages/airflow/example_dags/example_xcom.py for tasks to queue
[2022-03-26 00:25:17,856] {logging_mixin.py:109} INFO - [2022-03-26 00:25:17,856] {dagbag.py:500} INFO - Filling up the DagBag from /Users/adebolafagbule/opt/anaconda3/envs/airflow_env/lib/python3.8/site-packages/airflow/example_dags/example_xcom.py
[2022-03-26 00:25:17,897] {processor.py:654} INFO - DAG(s) dict_keys(['example_xcom']) retrieved from /Users/adebolafagbule/opt/anaconda3/envs/airflow_env/lib/python3.8/site-packages/airflow/example_dags/example_xcom.py
[2022-03-26 00:25:18,067] {logging_mixin.py:109} INFO - [2022-03-26 00:25:18,067] {dag.py:2398} INFO - Sync 1 DAGs
[2022-03-26 00:25:18,074] {logging_mixin.py:109} INFO - [2022-03-26 00:25:18,074] {dag.py:2937} INFO - Setting next_dagrun for example_xcom to 2021-01-01T00:00:00+00:00
[2022-03-26 00:25:18,080] {processor.py:171} INFO - Processing /Users/adebolafagbule/opt/anaconda3/envs/airflow_env/lib/python3.8/site-packages/airflow/example_dags/example_xcom.py took 0.225 seconds
[2022-03-26 00:26:38,393] {processor.py:163} INFO - Started process (PID=30895) to work on /Users/adebolafagbule/opt/anaconda3/envs/airflow_env/lib/python3.8/site-packages/airflow/example_dags/example_xcom.py
[2022-03-26 00:26:38,394] {processor.py:642} INFO - Processing file /Users/adebolafagbule/opt/anaconda3/envs/airflow_env/lib/python3.8/site-packages/airflow/example_dags/example_xcom.py for tasks to queue
[2022-03-26 00:26:38,394] {logging_mixin.py:109} INFO - [2022-03-26 00:26:38,394] {dagbag.py:500} INFO - Filling up the DagBag from /Users/adebolafagbule/opt/anaconda3/envs/airflow_env/lib/python3.8/site-packages/airflow/example_dags/example_xcom.py
[2022-03-26 00:26:38,440] {processor.py:654} INFO - DAG(s) dict_keys(['example_xcom']) retrieved from /Users/adebolafagbule/opt/anaconda3/envs/airflow_env/lib/python3.8/site-packages/airflow/example_dags/example_xcom.py
[2022-03-26 00:26:38,620] {logging_mixin.py:109} INFO - [2022-03-26 00:26:38,620] {dag.py:2398} INFO - Sync 1 DAGs
[2022-03-26 00:26:38,627] {logging_mixin.py:109} INFO - [2022-03-26 00:26:38,627] {dag.py:2937} INFO - Setting next_dagrun for example_xcom to 2021-01-01T00:00:00+00:00
[2022-03-26 00:26:38,634] {processor.py:171} INFO - Processing /Users/adebolafagbule/opt/anaconda3/envs/airflow_env/lib/python3.8/site-packages/airflow/example_dags/example_xcom.py took 0.241 seconds
[2022-03-26 00:28:07,113] {processor.py:163} INFO - Started process (PID=31006) to work on /Users/adebolafagbule/opt/anaconda3/envs/airflow_env/lib/python3.8/site-packages/airflow/example_dags/example_xcom.py
[2022-03-26 00:28:07,114] {processor.py:642} INFO - Processing file /Users/adebolafagbule/opt/anaconda3/envs/airflow_env/lib/python3.8/site-packages/airflow/example_dags/example_xcom.py for tasks to queue
[2022-03-26 00:28:07,114] {logging_mixin.py:109} INFO - [2022-03-26 00:28:07,114] {dagbag.py:500} INFO - Filling up the DagBag from /Users/adebolafagbule/opt/anaconda3/envs/airflow_env/lib/python3.8/site-packages/airflow/example_dags/example_xcom.py
[2022-03-26 00:28:07,157] {processor.py:654} INFO - DAG(s) dict_keys(['example_xcom']) retrieved from /Users/adebolafagbule/opt/anaconda3/envs/airflow_env/lib/python3.8/site-packages/airflow/example_dags/example_xcom.py
[2022-03-26 00:28:07,315] {logging_mixin.py:109} INFO - [2022-03-26 00:28:07,315] {dag.py:2398} INFO - Sync 1 DAGs
[2022-03-26 00:28:07,322] {logging_mixin.py:109} INFO - [2022-03-26 00:28:07,322] {dag.py:2937} INFO - Setting next_dagrun for example_xcom to 2021-01-01T00:00:00+00:00
[2022-03-26 00:28:07,328] {processor.py:171} INFO - Processing /Users/adebolafagbule/opt/anaconda3/envs/airflow_env/lib/python3.8/site-packages/airflow/example_dags/example_xcom.py took 0.216 seconds
[2022-03-26 00:29:29,823] {processor.py:163} INFO - Started process (PID=31093) to work on /Users/adebolafagbule/opt/anaconda3/envs/airflow_env/lib/python3.8/site-packages/airflow/example_dags/example_xcom.py
[2022-03-26 00:29:29,824] {processor.py:642} INFO - Processing file /Users/adebolafagbule/opt/anaconda3/envs/airflow_env/lib/python3.8/site-packages/airflow/example_dags/example_xcom.py for tasks to queue
[2022-03-26 00:29:29,824] {logging_mixin.py:109} INFO - [2022-03-26 00:29:29,824] {dagbag.py:500} INFO - Filling up the DagBag from /Users/adebolafagbule/opt/anaconda3/envs/airflow_env/lib/python3.8/site-packages/airflow/example_dags/example_xcom.py
[2022-03-26 00:29:29,865] {processor.py:654} INFO - DAG(s) dict_keys(['example_xcom']) retrieved from /Users/adebolafagbule/opt/anaconda3/envs/airflow_env/lib/python3.8/site-packages/airflow/example_dags/example_xcom.py
[2022-03-26 00:29:30,026] {logging_mixin.py:109} INFO - [2022-03-26 00:29:30,026] {dag.py:2398} INFO - Sync 1 DAGs
[2022-03-26 00:29:30,033] {logging_mixin.py:109} INFO - [2022-03-26 00:29:30,033] {dag.py:2937} INFO - Setting next_dagrun for example_xcom to 2021-01-01T00:00:00+00:00
[2022-03-26 00:29:30,040] {processor.py:171} INFO - Processing /Users/adebolafagbule/opt/anaconda3/envs/airflow_env/lib/python3.8/site-packages/airflow/example_dags/example_xcom.py took 0.217 seconds
[2022-03-26 00:30:20,017] {processor.py:163} INFO - Started process (PID=31153) to work on /Users/adebolafagbule/opt/anaconda3/envs/airflow_env/lib/python3.8/site-packages/airflow/example_dags/example_xcom.py
[2022-03-26 00:30:20,019] {processor.py:642} INFO - Processing file /Users/adebolafagbule/opt/anaconda3/envs/airflow_env/lib/python3.8/site-packages/airflow/example_dags/example_xcom.py for tasks to queue
[2022-03-26 00:30:20,019] {logging_mixin.py:109} INFO - [2022-03-26 00:30:20,019] {dagbag.py:500} INFO - Filling up the DagBag from /Users/adebolafagbule/opt/anaconda3/envs/airflow_env/lib/python3.8/site-packages/airflow/example_dags/example_xcom.py
[2022-03-26 00:30:20,062] {processor.py:654} INFO - DAG(s) dict_keys(['example_xcom']) retrieved from /Users/adebolafagbule/opt/anaconda3/envs/airflow_env/lib/python3.8/site-packages/airflow/example_dags/example_xcom.py
[2022-03-26 00:30:20,220] {logging_mixin.py:109} INFO - [2022-03-26 00:30:20,220] {dag.py:2398} INFO - Sync 1 DAGs
[2022-03-26 00:30:20,227] {logging_mixin.py:109} INFO - [2022-03-26 00:30:20,227] {dag.py:2937} INFO - Setting next_dagrun for example_xcom to 2021-01-01T00:00:00+00:00
[2022-03-26 00:30:20,234] {processor.py:171} INFO - Processing /Users/adebolafagbule/opt/anaconda3/envs/airflow_env/lib/python3.8/site-packages/airflow/example_dags/example_xcom.py took 0.217 seconds
[2022-03-26 00:31:46,809] {processor.py:163} INFO - Started process (PID=31247) to work on /Users/adebolafagbule/opt/anaconda3/envs/airflow_env/lib/python3.8/site-packages/airflow/example_dags/example_xcom.py
[2022-03-26 00:31:46,810] {processor.py:642} INFO - Processing file /Users/adebolafagbule/opt/anaconda3/envs/airflow_env/lib/python3.8/site-packages/airflow/example_dags/example_xcom.py for tasks to queue
[2022-03-26 00:31:46,810] {logging_mixin.py:109} INFO - [2022-03-26 00:31:46,810] {dagbag.py:500} INFO - Filling up the DagBag from /Users/adebolafagbule/opt/anaconda3/envs/airflow_env/lib/python3.8/site-packages/airflow/example_dags/example_xcom.py
[2022-03-26 00:31:46,858] {processor.py:654} INFO - DAG(s) dict_keys(['example_xcom']) retrieved from /Users/adebolafagbule/opt/anaconda3/envs/airflow_env/lib/python3.8/site-packages/airflow/example_dags/example_xcom.py
[2022-03-26 00:31:47,054] {logging_mixin.py:109} INFO - [2022-03-26 00:31:47,053] {dag.py:2398} INFO - Sync 1 DAGs
[2022-03-26 00:31:47,062] {logging_mixin.py:109} INFO - [2022-03-26 00:31:47,062] {dag.py:2937} INFO - Setting next_dagrun for example_xcom to 2021-01-01T00:00:00+00:00
[2022-03-26 00:31:47,069] {processor.py:171} INFO - Processing /Users/adebolafagbule/opt/anaconda3/envs/airflow_env/lib/python3.8/site-packages/airflow/example_dags/example_xcom.py took 0.261 seconds
[2022-03-26 00:33:12,792] {processor.py:163} INFO - Started process (PID=31345) to work on /Users/adebolafagbule/opt/anaconda3/envs/airflow_env/lib/python3.8/site-packages/airflow/example_dags/example_xcom.py
[2022-03-26 00:33:12,793] {processor.py:642} INFO - Processing file /Users/adebolafagbule/opt/anaconda3/envs/airflow_env/lib/python3.8/site-packages/airflow/example_dags/example_xcom.py for tasks to queue
[2022-03-26 00:33:12,794] {logging_mixin.py:109} INFO - [2022-03-26 00:33:12,794] {dagbag.py:500} INFO - Filling up the DagBag from /Users/adebolafagbule/opt/anaconda3/envs/airflow_env/lib/python3.8/site-packages/airflow/example_dags/example_xcom.py
[2022-03-26 00:33:12,836] {processor.py:654} INFO - DAG(s) dict_keys(['example_xcom']) retrieved from /Users/adebolafagbule/opt/anaconda3/envs/airflow_env/lib/python3.8/site-packages/airflow/example_dags/example_xcom.py
[2022-03-26 00:33:12,995] {logging_mixin.py:109} INFO - [2022-03-26 00:33:12,995] {dag.py:2398} INFO - Sync 1 DAGs
[2022-03-26 00:33:13,002] {logging_mixin.py:109} INFO - [2022-03-26 00:33:13,002] {dag.py:2937} INFO - Setting next_dagrun for example_xcom to 2021-01-01T00:00:00+00:00
[2022-03-26 00:33:13,008] {processor.py:171} INFO - Processing /Users/adebolafagbule/opt/anaconda3/envs/airflow_env/lib/python3.8/site-packages/airflow/example_dags/example_xcom.py took 0.217 seconds
[2022-03-26 00:34:34,807] {processor.py:163} INFO - Started process (PID=31427) to work on /Users/adebolafagbule/opt/anaconda3/envs/airflow_env/lib/python3.8/site-packages/airflow/example_dags/example_xcom.py
[2022-03-26 00:34:34,808] {processor.py:642} INFO - Processing file /Users/adebolafagbule/opt/anaconda3/envs/airflow_env/lib/python3.8/site-packages/airflow/example_dags/example_xcom.py for tasks to queue
[2022-03-26 00:34:34,808] {logging_mixin.py:109} INFO - [2022-03-26 00:34:34,808] {dagbag.py:500} INFO - Filling up the DagBag from /Users/adebolafagbule/opt/anaconda3/envs/airflow_env/lib/python3.8/site-packages/airflow/example_dags/example_xcom.py
[2022-03-26 00:34:34,850] {processor.py:654} INFO - DAG(s) dict_keys(['example_xcom']) retrieved from /Users/adebolafagbule/opt/anaconda3/envs/airflow_env/lib/python3.8/site-packages/airflow/example_dags/example_xcom.py
[2022-03-26 00:34:35,019] {logging_mixin.py:109} INFO - [2022-03-26 00:34:35,019] {dag.py:2398} INFO - Sync 1 DAGs
[2022-03-26 00:34:35,026] {logging_mixin.py:109} INFO - [2022-03-26 00:34:35,026] {dag.py:2937} INFO - Setting next_dagrun for example_xcom to 2021-01-01T00:00:00+00:00
[2022-03-26 00:34:35,050] {processor.py:171} INFO - Processing /Users/adebolafagbule/opt/anaconda3/envs/airflow_env/lib/python3.8/site-packages/airflow/example_dags/example_xcom.py took 0.243 seconds
[2022-03-26 00:35:55,448] {processor.py:163} INFO - Started process (PID=31509) to work on /Users/adebolafagbule/opt/anaconda3/envs/airflow_env/lib/python3.8/site-packages/airflow/example_dags/example_xcom.py
[2022-03-26 00:35:55,449] {processor.py:642} INFO - Processing file /Users/adebolafagbule/opt/anaconda3/envs/airflow_env/lib/python3.8/site-packages/airflow/example_dags/example_xcom.py for tasks to queue
[2022-03-26 00:35:55,449] {logging_mixin.py:109} INFO - [2022-03-26 00:35:55,449] {dagbag.py:500} INFO - Filling up the DagBag from /Users/adebolafagbule/opt/anaconda3/envs/airflow_env/lib/python3.8/site-packages/airflow/example_dags/example_xcom.py
[2022-03-26 00:35:55,489] {processor.py:654} INFO - DAG(s) dict_keys(['example_xcom']) retrieved from /Users/adebolafagbule/opt/anaconda3/envs/airflow_env/lib/python3.8/site-packages/airflow/example_dags/example_xcom.py
[2022-03-26 00:35:55,652] {logging_mixin.py:109} INFO - [2022-03-26 00:35:55,652] {dag.py:2398} INFO - Sync 1 DAGs
[2022-03-26 00:35:55,659] {logging_mixin.py:109} INFO - [2022-03-26 00:35:55,659] {dag.py:2937} INFO - Setting next_dagrun for example_xcom to 2021-01-01T00:00:00+00:00
[2022-03-26 00:35:55,668] {processor.py:171} INFO - Processing /Users/adebolafagbule/opt/anaconda3/envs/airflow_env/lib/python3.8/site-packages/airflow/example_dags/example_xcom.py took 0.220 seconds
[2022-03-26 00:37:19,715] {processor.py:163} INFO - Started process (PID=31606) to work on /Users/adebolafagbule/opt/anaconda3/envs/airflow_env/lib/python3.8/site-packages/airflow/example_dags/example_xcom.py
[2022-03-26 00:37:19,716] {processor.py:642} INFO - Processing file /Users/adebolafagbule/opt/anaconda3/envs/airflow_env/lib/python3.8/site-packages/airflow/example_dags/example_xcom.py for tasks to queue
[2022-03-26 00:37:19,716] {logging_mixin.py:109} INFO - [2022-03-26 00:37:19,716] {dagbag.py:500} INFO - Filling up the DagBag from /Users/adebolafagbule/opt/anaconda3/envs/airflow_env/lib/python3.8/site-packages/airflow/example_dags/example_xcom.py
[2022-03-26 00:37:19,759] {processor.py:654} INFO - DAG(s) dict_keys(['example_xcom']) retrieved from /Users/adebolafagbule/opt/anaconda3/envs/airflow_env/lib/python3.8/site-packages/airflow/example_dags/example_xcom.py
[2022-03-26 00:37:19,935] {logging_mixin.py:109} INFO - [2022-03-26 00:37:19,935] {dag.py:2398} INFO - Sync 1 DAGs
[2022-03-26 00:37:19,947] {logging_mixin.py:109} INFO - [2022-03-26 00:37:19,947] {dag.py:2937} INFO - Setting next_dagrun for example_xcom to 2021-01-01T00:00:00+00:00
[2022-03-26 00:37:19,955] {processor.py:171} INFO - Processing /Users/adebolafagbule/opt/anaconda3/envs/airflow_env/lib/python3.8/site-packages/airflow/example_dags/example_xcom.py took 0.240 seconds
[2022-03-26 00:38:09,204] {processor.py:163} INFO - Started process (PID=31659) to work on /Users/adebolafagbule/opt/anaconda3/envs/airflow_env/lib/python3.8/site-packages/airflow/example_dags/example_xcom.py
[2022-03-26 00:38:09,205] {processor.py:642} INFO - Processing file /Users/adebolafagbule/opt/anaconda3/envs/airflow_env/lib/python3.8/site-packages/airflow/example_dags/example_xcom.py for tasks to queue
[2022-03-26 00:38:09,206] {logging_mixin.py:109} INFO - [2022-03-26 00:38:09,206] {dagbag.py:500} INFO - Filling up the DagBag from /Users/adebolafagbule/opt/anaconda3/envs/airflow_env/lib/python3.8/site-packages/airflow/example_dags/example_xcom.py
[2022-03-26 00:38:09,246] {processor.py:654} INFO - DAG(s) dict_keys(['example_xcom']) retrieved from /Users/adebolafagbule/opt/anaconda3/envs/airflow_env/lib/python3.8/site-packages/airflow/example_dags/example_xcom.py
[2022-03-26 00:38:09,414] {logging_mixin.py:109} INFO - [2022-03-26 00:38:09,413] {dag.py:2398} INFO - Sync 1 DAGs
[2022-03-26 00:38:09,420] {logging_mixin.py:109} INFO - [2022-03-26 00:38:09,420] {dag.py:2937} INFO - Setting next_dagrun for example_xcom to 2021-01-01T00:00:00+00:00
[2022-03-26 00:38:09,427] {processor.py:171} INFO - Processing /Users/adebolafagbule/opt/anaconda3/envs/airflow_env/lib/python3.8/site-packages/airflow/example_dags/example_xcom.py took 0.223 seconds
[2022-03-26 00:39:00,176] {processor.py:163} INFO - Started process (PID=31714) to work on /Users/adebolafagbule/opt/anaconda3/envs/airflow_env/lib/python3.8/site-packages/airflow/example_dags/example_xcom.py
[2022-03-26 00:39:00,176] {processor.py:642} INFO - Processing file /Users/adebolafagbule/opt/anaconda3/envs/airflow_env/lib/python3.8/site-packages/airflow/example_dags/example_xcom.py for tasks to queue
[2022-03-26 00:39:00,176] {logging_mixin.py:109} INFO - [2022-03-26 00:39:00,176] {dagbag.py:500} INFO - Filling up the DagBag from /Users/adebolafagbule/opt/anaconda3/envs/airflow_env/lib/python3.8/site-packages/airflow/example_dags/example_xcom.py
[2022-03-26 00:39:00,222] {processor.py:654} INFO - DAG(s) dict_keys(['example_xcom']) retrieved from /Users/adebolafagbule/opt/anaconda3/envs/airflow_env/lib/python3.8/site-packages/airflow/example_dags/example_xcom.py
[2022-03-26 00:39:00,408] {logging_mixin.py:109} INFO - [2022-03-26 00:39:00,408] {dag.py:2398} INFO - Sync 1 DAGs
[2022-03-26 00:39:00,418] {logging_mixin.py:109} INFO - [2022-03-26 00:39:00,418] {dag.py:2937} INFO - Setting next_dagrun for example_xcom to 2021-01-01T00:00:00+00:00
[2022-03-26 00:39:00,424] {processor.py:171} INFO - Processing /Users/adebolafagbule/opt/anaconda3/envs/airflow_env/lib/python3.8/site-packages/airflow/example_dags/example_xcom.py took 0.249 seconds
[2022-03-26 00:40:28,236] {processor.py:163} INFO - Started process (PID=31804) to work on /Users/adebolafagbule/opt/anaconda3/envs/airflow_env/lib/python3.8/site-packages/airflow/example_dags/example_xcom.py
[2022-03-26 00:40:28,236] {processor.py:642} INFO - Processing file /Users/adebolafagbule/opt/anaconda3/envs/airflow_env/lib/python3.8/site-packages/airflow/example_dags/example_xcom.py for tasks to queue
[2022-03-26 00:40:28,236] {logging_mixin.py:109} INFO - [2022-03-26 00:40:28,236] {dagbag.py:500} INFO - Filling up the DagBag from /Users/adebolafagbule/opt/anaconda3/envs/airflow_env/lib/python3.8/site-packages/airflow/example_dags/example_xcom.py
[2022-03-26 00:40:28,287] {processor.py:654} INFO - DAG(s) dict_keys(['example_xcom']) retrieved from /Users/adebolafagbule/opt/anaconda3/envs/airflow_env/lib/python3.8/site-packages/airflow/example_dags/example_xcom.py
[2022-03-26 00:40:28,490] {logging_mixin.py:109} INFO - [2022-03-26 00:40:28,490] {dag.py:2398} INFO - Sync 1 DAGs
[2022-03-26 00:40:28,497] {logging_mixin.py:109} INFO - [2022-03-26 00:40:28,497] {dag.py:2937} INFO - Setting next_dagrun for example_xcom to 2021-01-01T00:00:00+00:00
[2022-03-26 00:40:28,504] {processor.py:171} INFO - Processing /Users/adebolafagbule/opt/anaconda3/envs/airflow_env/lib/python3.8/site-packages/airflow/example_dags/example_xcom.py took 0.268 seconds
[2022-03-26 00:41:49,413] {processor.py:163} INFO - Started process (PID=31887) to work on /Users/adebolafagbule/opt/anaconda3/envs/airflow_env/lib/python3.8/site-packages/airflow/example_dags/example_xcom.py
[2022-03-26 00:41:49,414] {processor.py:642} INFO - Processing file /Users/adebolafagbule/opt/anaconda3/envs/airflow_env/lib/python3.8/site-packages/airflow/example_dags/example_xcom.py for tasks to queue
[2022-03-26 00:41:49,414] {logging_mixin.py:109} INFO - [2022-03-26 00:41:49,414] {dagbag.py:500} INFO - Filling up the DagBag from /Users/adebolafagbule/opt/anaconda3/envs/airflow_env/lib/python3.8/site-packages/airflow/example_dags/example_xcom.py
[2022-03-26 00:41:49,459] {processor.py:654} INFO - DAG(s) dict_keys(['example_xcom']) retrieved from /Users/adebolafagbule/opt/anaconda3/envs/airflow_env/lib/python3.8/site-packages/airflow/example_dags/example_xcom.py
[2022-03-26 00:41:49,619] {logging_mixin.py:109} INFO - [2022-03-26 00:41:49,619] {dag.py:2398} INFO - Sync 1 DAGs
[2022-03-26 00:41:49,625] {logging_mixin.py:109} INFO - [2022-03-26 00:41:49,625] {dag.py:2937} INFO - Setting next_dagrun for example_xcom to 2021-01-01T00:00:00+00:00
[2022-03-26 00:41:49,632] {processor.py:171} INFO - Processing /Users/adebolafagbule/opt/anaconda3/envs/airflow_env/lib/python3.8/site-packages/airflow/example_dags/example_xcom.py took 0.220 seconds
[2022-03-26 00:43:06,699] {processor.py:163} INFO - Started process (PID=31973) to work on /Users/adebolafagbule/opt/anaconda3/envs/airflow_env/lib/python3.8/site-packages/airflow/example_dags/example_xcom.py
[2022-03-26 00:43:06,700] {processor.py:642} INFO - Processing file /Users/adebolafagbule/opt/anaconda3/envs/airflow_env/lib/python3.8/site-packages/airflow/example_dags/example_xcom.py for tasks to queue
[2022-03-26 00:43:06,701] {logging_mixin.py:109} INFO - [2022-03-26 00:43:06,701] {dagbag.py:500} INFO - Filling up the DagBag from /Users/adebolafagbule/opt/anaconda3/envs/airflow_env/lib/python3.8/site-packages/airflow/example_dags/example_xcom.py
[2022-03-26 00:43:06,754] {processor.py:654} INFO - DAG(s) dict_keys(['example_xcom']) retrieved from /Users/adebolafagbule/opt/anaconda3/envs/airflow_env/lib/python3.8/site-packages/airflow/example_dags/example_xcom.py
[2022-03-26 00:43:06,913] {logging_mixin.py:109} INFO - [2022-03-26 00:43:06,912] {dag.py:2398} INFO - Sync 1 DAGs
[2022-03-26 00:43:06,919] {logging_mixin.py:109} INFO - [2022-03-26 00:43:06,919] {dag.py:2937} INFO - Setting next_dagrun for example_xcom to 2021-01-01T00:00:00+00:00
[2022-03-26 00:43:06,925] {processor.py:171} INFO - Processing /Users/adebolafagbule/opt/anaconda3/envs/airflow_env/lib/python3.8/site-packages/airflow/example_dags/example_xcom.py took 0.227 seconds
[2022-03-26 00:44:28,525] {processor.py:163} INFO - Started process (PID=32055) to work on /Users/adebolafagbule/opt/anaconda3/envs/airflow_env/lib/python3.8/site-packages/airflow/example_dags/example_xcom.py
[2022-03-26 00:44:28,527] {processor.py:642} INFO - Processing file /Users/adebolafagbule/opt/anaconda3/envs/airflow_env/lib/python3.8/site-packages/airflow/example_dags/example_xcom.py for tasks to queue
[2022-03-26 00:44:28,527] {logging_mixin.py:109} INFO - [2022-03-26 00:44:28,527] {dagbag.py:500} INFO - Filling up the DagBag from /Users/adebolafagbule/opt/anaconda3/envs/airflow_env/lib/python3.8/site-packages/airflow/example_dags/example_xcom.py
[2022-03-26 00:44:28,569] {processor.py:654} INFO - DAG(s) dict_keys(['example_xcom']) retrieved from /Users/adebolafagbule/opt/anaconda3/envs/airflow_env/lib/python3.8/site-packages/airflow/example_dags/example_xcom.py
[2022-03-26 00:44:28,728] {logging_mixin.py:109} INFO - [2022-03-26 00:44:28,728] {dag.py:2398} INFO - Sync 1 DAGs
[2022-03-26 00:44:28,735] {logging_mixin.py:109} INFO - [2022-03-26 00:44:28,735] {dag.py:2937} INFO - Setting next_dagrun for example_xcom to 2021-01-01T00:00:00+00:00
[2022-03-26 00:44:28,742] {processor.py:171} INFO - Processing /Users/adebolafagbule/opt/anaconda3/envs/airflow_env/lib/python3.8/site-packages/airflow/example_dags/example_xcom.py took 0.216 seconds
[2022-03-26 00:45:51,293] {processor.py:163} INFO - Started process (PID=32139) to work on /Users/adebolafagbule/opt/anaconda3/envs/airflow_env/lib/python3.8/site-packages/airflow/example_dags/example_xcom.py
[2022-03-26 00:45:51,294] {processor.py:642} INFO - Processing file /Users/adebolafagbule/opt/anaconda3/envs/airflow_env/lib/python3.8/site-packages/airflow/example_dags/example_xcom.py for tasks to queue
[2022-03-26 00:45:51,294] {logging_mixin.py:109} INFO - [2022-03-26 00:45:51,294] {dagbag.py:500} INFO - Filling up the DagBag from /Users/adebolafagbule/opt/anaconda3/envs/airflow_env/lib/python3.8/site-packages/airflow/example_dags/example_xcom.py
[2022-03-26 00:45:51,334] {processor.py:654} INFO - DAG(s) dict_keys(['example_xcom']) retrieved from /Users/adebolafagbule/opt/anaconda3/envs/airflow_env/lib/python3.8/site-packages/airflow/example_dags/example_xcom.py
[2022-03-26 00:45:51,489] {logging_mixin.py:109} INFO - [2022-03-26 00:45:51,489] {dag.py:2398} INFO - Sync 1 DAGs
[2022-03-26 00:45:51,496] {logging_mixin.py:109} INFO - [2022-03-26 00:45:51,495] {dag.py:2937} INFO - Setting next_dagrun for example_xcom to 2021-01-01T00:00:00+00:00
[2022-03-26 00:45:51,502] {processor.py:171} INFO - Processing /Users/adebolafagbule/opt/anaconda3/envs/airflow_env/lib/python3.8/site-packages/airflow/example_dags/example_xcom.py took 0.210 seconds
[2022-03-26 00:47:25,361] {processor.py:163} INFO - Started process (PID=32265) to work on /Users/adebolafagbule/opt/anaconda3/envs/airflow_env/lib/python3.8/site-packages/airflow/example_dags/example_xcom.py
[2022-03-26 00:47:25,362] {processor.py:642} INFO - Processing file /Users/adebolafagbule/opt/anaconda3/envs/airflow_env/lib/python3.8/site-packages/airflow/example_dags/example_xcom.py for tasks to queue
[2022-03-26 00:47:25,363] {logging_mixin.py:109} INFO - [2022-03-26 00:47:25,363] {dagbag.py:500} INFO - Filling up the DagBag from /Users/adebolafagbule/opt/anaconda3/envs/airflow_env/lib/python3.8/site-packages/airflow/example_dags/example_xcom.py
[2022-03-26 00:47:25,403] {processor.py:654} INFO - DAG(s) dict_keys(['example_xcom']) retrieved from /Users/adebolafagbule/opt/anaconda3/envs/airflow_env/lib/python3.8/site-packages/airflow/example_dags/example_xcom.py
[2022-03-26 00:47:25,560] {logging_mixin.py:109} INFO - [2022-03-26 00:47:25,560] {dag.py:2398} INFO - Sync 1 DAGs
[2022-03-26 00:47:25,566] {logging_mixin.py:109} INFO - [2022-03-26 00:47:25,566] {dag.py:2937} INFO - Setting next_dagrun for example_xcom to 2021-01-01T00:00:00+00:00
[2022-03-26 00:47:25,572] {processor.py:171} INFO - Processing /Users/adebolafagbule/opt/anaconda3/envs/airflow_env/lib/python3.8/site-packages/airflow/example_dags/example_xcom.py took 0.212 seconds
[2022-03-26 00:48:50,839] {processor.py:163} INFO - Started process (PID=32354) to work on /Users/adebolafagbule/opt/anaconda3/envs/airflow_env/lib/python3.8/site-packages/airflow/example_dags/example_xcom.py
[2022-03-26 00:48:50,840] {processor.py:642} INFO - Processing file /Users/adebolafagbule/opt/anaconda3/envs/airflow_env/lib/python3.8/site-packages/airflow/example_dags/example_xcom.py for tasks to queue
[2022-03-26 00:48:50,840] {logging_mixin.py:109} INFO - [2022-03-26 00:48:50,840] {dagbag.py:500} INFO - Filling up the DagBag from /Users/adebolafagbule/opt/anaconda3/envs/airflow_env/lib/python3.8/site-packages/airflow/example_dags/example_xcom.py
[2022-03-26 00:48:50,883] {processor.py:654} INFO - DAG(s) dict_keys(['example_xcom']) retrieved from /Users/adebolafagbule/opt/anaconda3/envs/airflow_env/lib/python3.8/site-packages/airflow/example_dags/example_xcom.py
[2022-03-26 00:48:51,041] {logging_mixin.py:109} INFO - [2022-03-26 00:48:51,041] {dag.py:2398} INFO - Sync 1 DAGs
[2022-03-26 00:48:51,048] {logging_mixin.py:109} INFO - [2022-03-26 00:48:51,048] {dag.py:2937} INFO - Setting next_dagrun for example_xcom to 2021-01-01T00:00:00+00:00
[2022-03-26 00:48:51,054] {processor.py:171} INFO - Processing /Users/adebolafagbule/opt/anaconda3/envs/airflow_env/lib/python3.8/site-packages/airflow/example_dags/example_xcom.py took 0.216 seconds
[2022-03-26 00:50:12,441] {processor.py:163} INFO - Started process (PID=32449) to work on /Users/adebolafagbule/opt/anaconda3/envs/airflow_env/lib/python3.8/site-packages/airflow/example_dags/example_xcom.py
[2022-03-26 00:50:12,442] {processor.py:642} INFO - Processing file /Users/adebolafagbule/opt/anaconda3/envs/airflow_env/lib/python3.8/site-packages/airflow/example_dags/example_xcom.py for tasks to queue
[2022-03-26 00:50:12,442] {logging_mixin.py:109} INFO - [2022-03-26 00:50:12,442] {dagbag.py:500} INFO - Filling up the DagBag from /Users/adebolafagbule/opt/anaconda3/envs/airflow_env/lib/python3.8/site-packages/airflow/example_dags/example_xcom.py
[2022-03-26 00:50:12,486] {processor.py:654} INFO - DAG(s) dict_keys(['example_xcom']) retrieved from /Users/adebolafagbule/opt/anaconda3/envs/airflow_env/lib/python3.8/site-packages/airflow/example_dags/example_xcom.py
[2022-03-26 00:50:12,666] {logging_mixin.py:109} INFO - [2022-03-26 00:50:12,665] {dag.py:2398} INFO - Sync 1 DAGs
[2022-03-26 00:50:12,672] {logging_mixin.py:109} INFO - [2022-03-26 00:50:12,672] {dag.py:2937} INFO - Setting next_dagrun for example_xcom to 2021-01-01T00:00:00+00:00
[2022-03-26 00:50:12,679] {processor.py:171} INFO - Processing /Users/adebolafagbule/opt/anaconda3/envs/airflow_env/lib/python3.8/site-packages/airflow/example_dags/example_xcom.py took 0.238 seconds
[2022-03-26 00:51:34,973] {processor.py:163} INFO - Started process (PID=32540) to work on /Users/adebolafagbule/opt/anaconda3/envs/airflow_env/lib/python3.8/site-packages/airflow/example_dags/example_xcom.py
[2022-03-26 00:51:34,974] {processor.py:642} INFO - Processing file /Users/adebolafagbule/opt/anaconda3/envs/airflow_env/lib/python3.8/site-packages/airflow/example_dags/example_xcom.py for tasks to queue
[2022-03-26 00:51:34,975] {logging_mixin.py:109} INFO - [2022-03-26 00:51:34,975] {dagbag.py:500} INFO - Filling up the DagBag from /Users/adebolafagbule/opt/anaconda3/envs/airflow_env/lib/python3.8/site-packages/airflow/example_dags/example_xcom.py
[2022-03-26 00:51:35,020] {processor.py:654} INFO - DAG(s) dict_keys(['example_xcom']) retrieved from /Users/adebolafagbule/opt/anaconda3/envs/airflow_env/lib/python3.8/site-packages/airflow/example_dags/example_xcom.py
[2022-03-26 00:51:35,185] {logging_mixin.py:109} INFO - [2022-03-26 00:51:35,185] {dag.py:2398} INFO - Sync 1 DAGs
[2022-03-26 00:51:35,191] {logging_mixin.py:109} INFO - [2022-03-26 00:51:35,191] {dag.py:2937} INFO - Setting next_dagrun for example_xcom to 2021-01-01T00:00:00+00:00
[2022-03-26 00:51:35,197] {processor.py:171} INFO - Processing /Users/adebolafagbule/opt/anaconda3/envs/airflow_env/lib/python3.8/site-packages/airflow/example_dags/example_xcom.py took 0.225 seconds
