[2022-03-25 21:39:35,303] {processor.py:163} INFO - Started process (PID=26383) to work on /Users/adebolafagbule/opt/anaconda3/envs/airflow_env/lib/python3.8/site-packages/airflow/example_dags/example_branch_day_of_week_operator.py
[2022-03-25 21:39:35,303] {processor.py:642} INFO - Processing file /Users/adebolafagbule/opt/anaconda3/envs/airflow_env/lib/python3.8/site-packages/airflow/example_dags/example_branch_day_of_week_operator.py for tasks to queue
[2022-03-25 21:39:35,304] {logging_mixin.py:109} INFO - [2022-03-25 21:39:35,304] {dagbag.py:500} INFO - Filling up the DagBag from /Users/adebolafagbule/opt/anaconda3/envs/airflow_env/lib/python3.8/site-packages/airflow/example_dags/example_branch_day_of_week_operator.py
[2022-03-25 21:39:35,363] {processor.py:654} INFO - DAG(s) dict_keys(['example_weekday_branch_operator']) retrieved from /Users/adebolafagbule/opt/anaconda3/envs/airflow_env/lib/python3.8/site-packages/airflow/example_dags/example_branch_day_of_week_operator.py
[2022-03-25 21:39:35,389] {logging_mixin.py:109} INFO - [2022-03-25 21:39:35,389] {dag.py:2398} INFO - Sync 1 DAGs
[2022-03-25 21:39:35,407] {logging_mixin.py:109} INFO - [2022-03-25 21:39:35,407] {dag.py:2937} INFO - Setting next_dagrun for example_weekday_branch_operator to 2022-03-25 00:00:00+00:00
[2022-03-25 21:39:35,419] {processor.py:171} INFO - Processing /Users/adebolafagbule/opt/anaconda3/envs/airflow_env/lib/python3.8/site-packages/airflow/example_dags/example_branch_day_of_week_operator.py took 0.117 seconds
[2022-03-25 23:22:33,221] {processor.py:163} INFO - Started process (PID=26589) to work on /Users/adebolafagbule/opt/anaconda3/envs/airflow_env/lib/python3.8/site-packages/airflow/example_dags/example_branch_day_of_week_operator.py
[2022-03-25 23:22:33,222] {processor.py:642} INFO - Processing file /Users/adebolafagbule/opt/anaconda3/envs/airflow_env/lib/python3.8/site-packages/airflow/example_dags/example_branch_day_of_week_operator.py for tasks to queue
[2022-03-25 23:22:33,222] {logging_mixin.py:109} INFO - [2022-03-25 23:22:33,222] {dagbag.py:500} INFO - Filling up the DagBag from /Users/adebolafagbule/opt/anaconda3/envs/airflow_env/lib/python3.8/site-packages/airflow/example_dags/example_branch_day_of_week_operator.py
[2022-03-25 23:22:33,252] {processor.py:654} INFO - DAG(s) dict_keys(['example_weekday_branch_operator']) retrieved from /Users/adebolafagbule/opt/anaconda3/envs/airflow_env/lib/python3.8/site-packages/airflow/example_dags/example_branch_day_of_week_operator.py
[2022-03-25 23:22:33,264] {logging_mixin.py:109} INFO - [2022-03-25 23:22:33,264] {dag.py:2398} INFO - Sync 1 DAGs
[2022-03-25 23:22:33,273] {logging_mixin.py:109} INFO - [2022-03-25 23:22:33,273] {dag.py:2937} INFO - Setting next_dagrun for example_weekday_branch_operator to 2022-03-25 00:00:00+00:00
[2022-03-25 23:22:33,281] {processor.py:171} INFO - Processing /Users/adebolafagbule/opt/anaconda3/envs/airflow_env/lib/python3.8/site-packages/airflow/example_dags/example_branch_day_of_week_operator.py took 0.060 seconds
[2022-03-25 23:23:56,213] {processor.py:163} INFO - Started process (PID=26778) to work on /Users/adebolafagbule/opt/anaconda3/envs/airflow_env/lib/python3.8/site-packages/airflow/example_dags/example_branch_day_of_week_operator.py
[2022-03-25 23:23:56,214] {processor.py:642} INFO - Processing file /Users/adebolafagbule/opt/anaconda3/envs/airflow_env/lib/python3.8/site-packages/airflow/example_dags/example_branch_day_of_week_operator.py for tasks to queue
[2022-03-25 23:23:56,214] {logging_mixin.py:109} INFO - [2022-03-25 23:23:56,214] {dagbag.py:500} INFO - Filling up the DagBag from /Users/adebolafagbule/opt/anaconda3/envs/airflow_env/lib/python3.8/site-packages/airflow/example_dags/example_branch_day_of_week_operator.py
[2022-03-25 23:23:56,244] {processor.py:654} INFO - DAG(s) dict_keys(['example_weekday_branch_operator']) retrieved from /Users/adebolafagbule/opt/anaconda3/envs/airflow_env/lib/python3.8/site-packages/airflow/example_dags/example_branch_day_of_week_operator.py
[2022-03-25 23:23:56,257] {logging_mixin.py:109} INFO - [2022-03-25 23:23:56,257] {dag.py:2398} INFO - Sync 1 DAGs
[2022-03-25 23:23:56,266] {logging_mixin.py:109} INFO - [2022-03-25 23:23:56,266] {dag.py:2937} INFO - Setting next_dagrun for example_weekday_branch_operator to 2022-03-25 00:00:00+00:00
[2022-03-25 23:23:56,274] {processor.py:171} INFO - Processing /Users/adebolafagbule/opt/anaconda3/envs/airflow_env/lib/python3.8/site-packages/airflow/example_dags/example_branch_day_of_week_operator.py took 0.061 seconds
[2022-03-25 23:25:18,554] {processor.py:163} INFO - Started process (PID=26885) to work on /Users/adebolafagbule/opt/anaconda3/envs/airflow_env/lib/python3.8/site-packages/airflow/example_dags/example_branch_day_of_week_operator.py
[2022-03-25 23:25:18,555] {processor.py:642} INFO - Processing file /Users/adebolafagbule/opt/anaconda3/envs/airflow_env/lib/python3.8/site-packages/airflow/example_dags/example_branch_day_of_week_operator.py for tasks to queue
[2022-03-25 23:25:18,555] {logging_mixin.py:109} INFO - [2022-03-25 23:25:18,555] {dagbag.py:500} INFO - Filling up the DagBag from /Users/adebolafagbule/opt/anaconda3/envs/airflow_env/lib/python3.8/site-packages/airflow/example_dags/example_branch_day_of_week_operator.py
[2022-03-25 23:25:18,587] {processor.py:654} INFO - DAG(s) dict_keys(['example_weekday_branch_operator']) retrieved from /Users/adebolafagbule/opt/anaconda3/envs/airflow_env/lib/python3.8/site-packages/airflow/example_dags/example_branch_day_of_week_operator.py
[2022-03-25 23:25:18,602] {logging_mixin.py:109} INFO - [2022-03-25 23:25:18,601] {dag.py:2398} INFO - Sync 1 DAGs
[2022-03-25 23:25:18,611] {logging_mixin.py:109} INFO - [2022-03-25 23:25:18,611] {dag.py:2937} INFO - Setting next_dagrun for example_weekday_branch_operator to 2022-03-25 00:00:00+00:00
[2022-03-25 23:25:18,617] {processor.py:171} INFO - Processing /Users/adebolafagbule/opt/anaconda3/envs/airflow_env/lib/python3.8/site-packages/airflow/example_dags/example_branch_day_of_week_operator.py took 0.064 seconds
[2022-03-25 23:26:39,684] {processor.py:163} INFO - Started process (PID=26982) to work on /Users/adebolafagbule/opt/anaconda3/envs/airflow_env/lib/python3.8/site-packages/airflow/example_dags/example_branch_day_of_week_operator.py
[2022-03-25 23:26:39,685] {processor.py:642} INFO - Processing file /Users/adebolafagbule/opt/anaconda3/envs/airflow_env/lib/python3.8/site-packages/airflow/example_dags/example_branch_day_of_week_operator.py for tasks to queue
[2022-03-25 23:26:39,685] {logging_mixin.py:109} INFO - [2022-03-25 23:26:39,685] {dagbag.py:500} INFO - Filling up the DagBag from /Users/adebolafagbule/opt/anaconda3/envs/airflow_env/lib/python3.8/site-packages/airflow/example_dags/example_branch_day_of_week_operator.py
[2022-03-25 23:26:39,713] {processor.py:654} INFO - DAG(s) dict_keys(['example_weekday_branch_operator']) retrieved from /Users/adebolafagbule/opt/anaconda3/envs/airflow_env/lib/python3.8/site-packages/airflow/example_dags/example_branch_day_of_week_operator.py
[2022-03-25 23:26:39,727] {logging_mixin.py:109} INFO - [2022-03-25 23:26:39,727] {dag.py:2398} INFO - Sync 1 DAGs
[2022-03-25 23:26:39,735] {logging_mixin.py:109} INFO - [2022-03-25 23:26:39,735] {dag.py:2937} INFO - Setting next_dagrun for example_weekday_branch_operator to 2022-03-25 00:00:00+00:00
[2022-03-25 23:26:39,740] {processor.py:171} INFO - Processing /Users/adebolafagbule/opt/anaconda3/envs/airflow_env/lib/python3.8/site-packages/airflow/example_dags/example_branch_day_of_week_operator.py took 0.056 seconds
[2022-03-25 23:28:03,125] {processor.py:163} INFO - Started process (PID=27081) to work on /Users/adebolafagbule/opt/anaconda3/envs/airflow_env/lib/python3.8/site-packages/airflow/example_dags/example_branch_day_of_week_operator.py
[2022-03-25 23:28:03,126] {processor.py:642} INFO - Processing file /Users/adebolafagbule/opt/anaconda3/envs/airflow_env/lib/python3.8/site-packages/airflow/example_dags/example_branch_day_of_week_operator.py for tasks to queue
[2022-03-25 23:28:03,127] {logging_mixin.py:109} INFO - [2022-03-25 23:28:03,127] {dagbag.py:500} INFO - Filling up the DagBag from /Users/adebolafagbule/opt/anaconda3/envs/airflow_env/lib/python3.8/site-packages/airflow/example_dags/example_branch_day_of_week_operator.py
[2022-03-25 23:28:03,160] {processor.py:654} INFO - DAG(s) dict_keys(['example_weekday_branch_operator']) retrieved from /Users/adebolafagbule/opt/anaconda3/envs/airflow_env/lib/python3.8/site-packages/airflow/example_dags/example_branch_day_of_week_operator.py
[2022-03-25 23:28:03,173] {logging_mixin.py:109} INFO - [2022-03-25 23:28:03,173] {dag.py:2398} INFO - Sync 1 DAGs
[2022-03-25 23:28:03,182] {logging_mixin.py:109} INFO - [2022-03-25 23:28:03,182] {dag.py:2937} INFO - Setting next_dagrun for example_weekday_branch_operator to 2022-03-25 00:00:00+00:00
[2022-03-25 23:28:03,188] {processor.py:171} INFO - Processing /Users/adebolafagbule/opt/anaconda3/envs/airflow_env/lib/python3.8/site-packages/airflow/example_dags/example_branch_day_of_week_operator.py took 0.064 seconds
[2022-03-25 23:29:23,241] {processor.py:163} INFO - Started process (PID=27161) to work on /Users/adebolafagbule/opt/anaconda3/envs/airflow_env/lib/python3.8/site-packages/airflow/example_dags/example_branch_day_of_week_operator.py
[2022-03-25 23:29:23,241] {processor.py:642} INFO - Processing file /Users/adebolafagbule/opt/anaconda3/envs/airflow_env/lib/python3.8/site-packages/airflow/example_dags/example_branch_day_of_week_operator.py for tasks to queue
[2022-03-25 23:29:23,242] {logging_mixin.py:109} INFO - [2022-03-25 23:29:23,242] {dagbag.py:500} INFO - Filling up the DagBag from /Users/adebolafagbule/opt/anaconda3/envs/airflow_env/lib/python3.8/site-packages/airflow/example_dags/example_branch_day_of_week_operator.py
[2022-03-25 23:29:23,270] {processor.py:654} INFO - DAG(s) dict_keys(['example_weekday_branch_operator']) retrieved from /Users/adebolafagbule/opt/anaconda3/envs/airflow_env/lib/python3.8/site-packages/airflow/example_dags/example_branch_day_of_week_operator.py
[2022-03-25 23:29:23,283] {logging_mixin.py:109} INFO - [2022-03-25 23:29:23,283] {dag.py:2398} INFO - Sync 1 DAGs
[2022-03-25 23:29:23,293] {logging_mixin.py:109} INFO - [2022-03-25 23:29:23,293] {dag.py:2937} INFO - Setting next_dagrun for example_weekday_branch_operator to 2022-03-25 00:00:00+00:00
[2022-03-25 23:29:23,298] {processor.py:171} INFO - Processing /Users/adebolafagbule/opt/anaconda3/envs/airflow_env/lib/python3.8/site-packages/airflow/example_dags/example_branch_day_of_week_operator.py took 0.058 seconds
[2022-03-25 23:30:49,718] {processor.py:163} INFO - Started process (PID=27272) to work on /Users/adebolafagbule/opt/anaconda3/envs/airflow_env/lib/python3.8/site-packages/airflow/example_dags/example_branch_day_of_week_operator.py
[2022-03-25 23:30:49,719] {processor.py:642} INFO - Processing file /Users/adebolafagbule/opt/anaconda3/envs/airflow_env/lib/python3.8/site-packages/airflow/example_dags/example_branch_day_of_week_operator.py for tasks to queue
[2022-03-25 23:30:49,719] {logging_mixin.py:109} INFO - [2022-03-25 23:30:49,719] {dagbag.py:500} INFO - Filling up the DagBag from /Users/adebolafagbule/opt/anaconda3/envs/airflow_env/lib/python3.8/site-packages/airflow/example_dags/example_branch_day_of_week_operator.py
[2022-03-25 23:30:49,750] {processor.py:654} INFO - DAG(s) dict_keys(['example_weekday_branch_operator']) retrieved from /Users/adebolafagbule/opt/anaconda3/envs/airflow_env/lib/python3.8/site-packages/airflow/example_dags/example_branch_day_of_week_operator.py
[2022-03-25 23:30:49,763] {logging_mixin.py:109} INFO - [2022-03-25 23:30:49,763] {dag.py:2398} INFO - Sync 1 DAGs
[2022-03-25 23:30:49,771] {logging_mixin.py:109} INFO - [2022-03-25 23:30:49,771] {dag.py:2937} INFO - Setting next_dagrun for example_weekday_branch_operator to 2022-03-25 00:00:00+00:00
[2022-03-25 23:30:49,777] {processor.py:171} INFO - Processing /Users/adebolafagbule/opt/anaconda3/envs/airflow_env/lib/python3.8/site-packages/airflow/example_dags/example_branch_day_of_week_operator.py took 0.059 seconds
[2022-03-25 23:32:15,107] {processor.py:163} INFO - Started process (PID=27359) to work on /Users/adebolafagbule/opt/anaconda3/envs/airflow_env/lib/python3.8/site-packages/airflow/example_dags/example_branch_day_of_week_operator.py
[2022-03-25 23:32:15,108] {processor.py:642} INFO - Processing file /Users/adebolafagbule/opt/anaconda3/envs/airflow_env/lib/python3.8/site-packages/airflow/example_dags/example_branch_day_of_week_operator.py for tasks to queue
[2022-03-25 23:32:15,109] {logging_mixin.py:109} INFO - [2022-03-25 23:32:15,109] {dagbag.py:500} INFO - Filling up the DagBag from /Users/adebolafagbule/opt/anaconda3/envs/airflow_env/lib/python3.8/site-packages/airflow/example_dags/example_branch_day_of_week_operator.py
[2022-03-25 23:32:15,140] {processor.py:654} INFO - DAG(s) dict_keys(['example_weekday_branch_operator']) retrieved from /Users/adebolafagbule/opt/anaconda3/envs/airflow_env/lib/python3.8/site-packages/airflow/example_dags/example_branch_day_of_week_operator.py
[2022-03-25 23:32:15,153] {logging_mixin.py:109} INFO - [2022-03-25 23:32:15,153] {dag.py:2398} INFO - Sync 1 DAGs
[2022-03-25 23:32:15,162] {logging_mixin.py:109} INFO - [2022-03-25 23:32:15,162] {dag.py:2937} INFO - Setting next_dagrun for example_weekday_branch_operator to 2022-03-25 00:00:00+00:00
[2022-03-25 23:32:15,167] {processor.py:171} INFO - Processing /Users/adebolafagbule/opt/anaconda3/envs/airflow_env/lib/python3.8/site-packages/airflow/example_dags/example_branch_day_of_week_operator.py took 0.060 seconds
