[2022-03-25 21:38:54,653] {processor.py:163} INFO - Started process (PID=26338) to work on /Users/adebolafagbule/opt/anaconda3/envs/airflow_env/lib/python3.8/site-packages/airflow/example_dags/example_sla_dag.py
[2022-03-25 21:38:54,653] {processor.py:642} INFO - Processing file /Users/adebolafagbule/opt/anaconda3/envs/airflow_env/lib/python3.8/site-packages/airflow/example_dags/example_sla_dag.py for tasks to queue
[2022-03-25 21:38:54,654] {logging_mixin.py:109} INFO - [2022-03-25 21:38:54,654] {dagbag.py:500} INFO - Filling up the DagBag from /Users/adebolafagbule/opt/anaconda3/envs/airflow_env/lib/python3.8/site-packages/airflow/example_dags/example_sla_dag.py
[2022-03-25 21:38:54,704] {processor.py:654} INFO - DAG(s) dict_keys(['example_sla_dag']) retrieved from /Users/adebolafagbule/opt/anaconda3/envs/airflow_env/lib/python3.8/site-packages/airflow/example_dags/example_sla_dag.py
[2022-03-25 21:38:54,717] {logging_mixin.py:109} INFO - [2022-03-25 21:38:54,717] {dag.py:2398} INFO - Sync 1 DAGs
[2022-03-25 21:38:54,730] {logging_mixin.py:109} INFO - [2022-03-25 21:38:54,730] {dag.py:2937} INFO - Setting next_dagrun for example_sla_dag to 2022-03-26T01:36:00+00:00
[2022-03-25 21:38:54,738] {processor.py:171} INFO - Processing /Users/adebolafagbule/opt/anaconda3/envs/airflow_env/lib/python3.8/site-packages/airflow/example_dags/example_sla_dag.py took 0.086 seconds
[2022-03-25 23:21:25,126] {processor.py:163} INFO - Started process (PID=26461) to work on /Users/adebolafagbule/opt/anaconda3/envs/airflow_env/lib/python3.8/site-packages/airflow/example_dags/example_sla_dag.py
[2022-03-25 23:21:25,127] {processor.py:642} INFO - Processing file /Users/adebolafagbule/opt/anaconda3/envs/airflow_env/lib/python3.8/site-packages/airflow/example_dags/example_sla_dag.py for tasks to queue
[2022-03-25 23:21:25,127] {logging_mixin.py:109} INFO - [2022-03-25 23:21:25,127] {dagbag.py:500} INFO - Filling up the DagBag from /Users/adebolafagbule/opt/anaconda3/envs/airflow_env/lib/python3.8/site-packages/airflow/example_dags/example_sla_dag.py
[2022-03-25 23:21:25,199] {processor.py:654} INFO - DAG(s) dict_keys(['example_sla_dag']) retrieved from /Users/adebolafagbule/opt/anaconda3/envs/airflow_env/lib/python3.8/site-packages/airflow/example_dags/example_sla_dag.py
[2022-03-25 23:21:25,221] {logging_mixin.py:109} INFO - [2022-03-25 23:21:25,221] {dag.py:2398} INFO - Sync 1 DAGs
[2022-03-25 23:21:25,239] {logging_mixin.py:109} INFO - [2022-03-25 23:21:25,239] {dag.py:2937} INFO - Setting next_dagrun for example_sla_dag to 2022-03-26T03:18:00+00:00
[2022-03-25 23:21:25,247] {processor.py:171} INFO - Processing /Users/adebolafagbule/opt/anaconda3/envs/airflow_env/lib/python3.8/site-packages/airflow/example_dags/example_sla_dag.py took 0.122 seconds
[2022-03-25 23:22:56,715] {processor.py:163} INFO - Started process (PID=26619) to work on /Users/adebolafagbule/opt/anaconda3/envs/airflow_env/lib/python3.8/site-packages/airflow/example_dags/example_sla_dag.py
[2022-03-25 23:22:56,715] {processor.py:642} INFO - Processing file /Users/adebolafagbule/opt/anaconda3/envs/airflow_env/lib/python3.8/site-packages/airflow/example_dags/example_sla_dag.py for tasks to queue
[2022-03-25 23:22:56,716] {logging_mixin.py:109} INFO - [2022-03-25 23:22:56,716] {dagbag.py:500} INFO - Filling up the DagBag from /Users/adebolafagbule/opt/anaconda3/envs/airflow_env/lib/python3.8/site-packages/airflow/example_dags/example_sla_dag.py
[2022-03-25 23:22:56,773] {processor.py:654} INFO - DAG(s) dict_keys(['example_sla_dag']) retrieved from /Users/adebolafagbule/opt/anaconda3/envs/airflow_env/lib/python3.8/site-packages/airflow/example_dags/example_sla_dag.py
[2022-03-25 23:22:56,793] {logging_mixin.py:109} INFO - [2022-03-25 23:22:56,793] {dag.py:2398} INFO - Sync 1 DAGs
[2022-03-25 23:22:56,805] {logging_mixin.py:109} INFO - [2022-03-25 23:22:56,805] {dag.py:2937} INFO - Setting next_dagrun for example_sla_dag to 2022-03-26T03:20:00+00:00
[2022-03-25 23:22:56,812] {processor.py:171} INFO - Processing /Users/adebolafagbule/opt/anaconda3/envs/airflow_env/lib/python3.8/site-packages/airflow/example_dags/example_sla_dag.py took 0.098 seconds
[2022-03-25 23:24:19,969] {processor.py:163} INFO - Started process (PID=26810) to work on /Users/adebolafagbule/opt/anaconda3/envs/airflow_env/lib/python3.8/site-packages/airflow/example_dags/example_sla_dag.py
[2022-03-25 23:24:19,971] {processor.py:642} INFO - Processing file /Users/adebolafagbule/opt/anaconda3/envs/airflow_env/lib/python3.8/site-packages/airflow/example_dags/example_sla_dag.py for tasks to queue
[2022-03-25 23:24:19,971] {logging_mixin.py:109} INFO - [2022-03-25 23:24:19,971] {dagbag.py:500} INFO - Filling up the DagBag from /Users/adebolafagbule/opt/anaconda3/envs/airflow_env/lib/python3.8/site-packages/airflow/example_dags/example_sla_dag.py
[2022-03-25 23:24:20,011] {processor.py:654} INFO - DAG(s) dict_keys(['example_sla_dag']) retrieved from /Users/adebolafagbule/opt/anaconda3/envs/airflow_env/lib/python3.8/site-packages/airflow/example_dags/example_sla_dag.py
[2022-03-25 23:24:20,023] {logging_mixin.py:109} INFO - [2022-03-25 23:24:20,023] {dag.py:2398} INFO - Sync 1 DAGs
[2022-03-25 23:24:20,033] {logging_mixin.py:109} INFO - [2022-03-25 23:24:20,033] {dag.py:2937} INFO - Setting next_dagrun for example_sla_dag to 2022-03-26T03:22:00+00:00
[2022-03-25 23:24:20,038] {processor.py:171} INFO - Processing /Users/adebolafagbule/opt/anaconda3/envs/airflow_env/lib/python3.8/site-packages/airflow/example_dags/example_sla_dag.py took 0.069 seconds
[2022-03-25 23:25:42,936] {processor.py:163} INFO - Started process (PID=26914) to work on /Users/adebolafagbule/opt/anaconda3/envs/airflow_env/lib/python3.8/site-packages/airflow/example_dags/example_sla_dag.py
[2022-03-25 23:25:42,937] {processor.py:642} INFO - Processing file /Users/adebolafagbule/opt/anaconda3/envs/airflow_env/lib/python3.8/site-packages/airflow/example_dags/example_sla_dag.py for tasks to queue
[2022-03-25 23:25:42,938] {logging_mixin.py:109} INFO - [2022-03-25 23:25:42,937] {dagbag.py:500} INFO - Filling up the DagBag from /Users/adebolafagbule/opt/anaconda3/envs/airflow_env/lib/python3.8/site-packages/airflow/example_dags/example_sla_dag.py
[2022-03-25 23:25:42,977] {processor.py:654} INFO - DAG(s) dict_keys(['example_sla_dag']) retrieved from /Users/adebolafagbule/opt/anaconda3/envs/airflow_env/lib/python3.8/site-packages/airflow/example_dags/example_sla_dag.py
[2022-03-25 23:25:42,990] {logging_mixin.py:109} INFO - [2022-03-25 23:25:42,990] {dag.py:2398} INFO - Sync 1 DAGs
[2022-03-25 23:25:42,999] {logging_mixin.py:109} INFO - [2022-03-25 23:25:42,999] {dag.py:2937} INFO - Setting next_dagrun for example_sla_dag to 2022-03-26T03:22:00+00:00
[2022-03-25 23:25:43,004] {processor.py:171} INFO - Processing /Users/adebolafagbule/opt/anaconda3/envs/airflow_env/lib/python3.8/site-packages/airflow/example_dags/example_sla_dag.py took 0.069 seconds
[2022-03-25 23:27:04,483] {processor.py:163} INFO - Started process (PID=27012) to work on /Users/adebolafagbule/opt/anaconda3/envs/airflow_env/lib/python3.8/site-packages/airflow/example_dags/example_sla_dag.py
[2022-03-25 23:27:04,484] {processor.py:642} INFO - Processing file /Users/adebolafagbule/opt/anaconda3/envs/airflow_env/lib/python3.8/site-packages/airflow/example_dags/example_sla_dag.py for tasks to queue
[2022-03-25 23:27:04,484] {logging_mixin.py:109} INFO - [2022-03-25 23:27:04,484] {dagbag.py:500} INFO - Filling up the DagBag from /Users/adebolafagbule/opt/anaconda3/envs/airflow_env/lib/python3.8/site-packages/airflow/example_dags/example_sla_dag.py
[2022-03-25 23:27:04,528] {processor.py:654} INFO - DAG(s) dict_keys(['example_sla_dag']) retrieved from /Users/adebolafagbule/opt/anaconda3/envs/airflow_env/lib/python3.8/site-packages/airflow/example_dags/example_sla_dag.py
[2022-03-25 23:27:04,543] {logging_mixin.py:109} INFO - [2022-03-25 23:27:04,543] {dag.py:2398} INFO - Sync 1 DAGs
[2022-03-25 23:27:04,553] {logging_mixin.py:109} INFO - [2022-03-25 23:27:04,553] {dag.py:2937} INFO - Setting next_dagrun for example_sla_dag to 2022-03-26T03:24:00+00:00
[2022-03-25 23:27:04,559] {processor.py:171} INFO - Processing /Users/adebolafagbule/opt/anaconda3/envs/airflow_env/lib/python3.8/site-packages/airflow/example_dags/example_sla_dag.py took 0.076 seconds
[2022-03-25 23:28:26,397] {processor.py:163} INFO - Started process (PID=27104) to work on /Users/adebolafagbule/opt/anaconda3/envs/airflow_env/lib/python3.8/site-packages/airflow/example_dags/example_sla_dag.py
[2022-03-25 23:28:26,398] {processor.py:642} INFO - Processing file /Users/adebolafagbule/opt/anaconda3/envs/airflow_env/lib/python3.8/site-packages/airflow/example_dags/example_sla_dag.py for tasks to queue
[2022-03-25 23:28:26,398] {logging_mixin.py:109} INFO - [2022-03-25 23:28:26,398] {dagbag.py:500} INFO - Filling up the DagBag from /Users/adebolafagbule/opt/anaconda3/envs/airflow_env/lib/python3.8/site-packages/airflow/example_dags/example_sla_dag.py
[2022-03-25 23:28:26,437] {processor.py:654} INFO - DAG(s) dict_keys(['example_sla_dag']) retrieved from /Users/adebolafagbule/opt/anaconda3/envs/airflow_env/lib/python3.8/site-packages/airflow/example_dags/example_sla_dag.py
[2022-03-25 23:28:26,449] {logging_mixin.py:109} INFO - [2022-03-25 23:28:26,449] {dag.py:2398} INFO - Sync 1 DAGs
[2022-03-25 23:28:26,458] {logging_mixin.py:109} INFO - [2022-03-25 23:28:26,458] {dag.py:2937} INFO - Setting next_dagrun for example_sla_dag to 2022-03-26T03:26:00+00:00
[2022-03-25 23:28:26,463] {processor.py:171} INFO - Processing /Users/adebolafagbule/opt/anaconda3/envs/airflow_env/lib/python3.8/site-packages/airflow/example_dags/example_sla_dag.py took 0.067 seconds
[2022-03-25 23:29:46,989] {processor.py:163} INFO - Started process (PID=27185) to work on /Users/adebolafagbule/opt/anaconda3/envs/airflow_env/lib/python3.8/site-packages/airflow/example_dags/example_sla_dag.py
[2022-03-25 23:29:46,990] {processor.py:642} INFO - Processing file /Users/adebolafagbule/opt/anaconda3/envs/airflow_env/lib/python3.8/site-packages/airflow/example_dags/example_sla_dag.py for tasks to queue
[2022-03-25 23:29:46,991] {logging_mixin.py:109} INFO - [2022-03-25 23:29:46,990] {dagbag.py:500} INFO - Filling up the DagBag from /Users/adebolafagbule/opt/anaconda3/envs/airflow_env/lib/python3.8/site-packages/airflow/example_dags/example_sla_dag.py
[2022-03-25 23:29:47,032] {processor.py:654} INFO - DAG(s) dict_keys(['example_sla_dag']) retrieved from /Users/adebolafagbule/opt/anaconda3/envs/airflow_env/lib/python3.8/site-packages/airflow/example_dags/example_sla_dag.py
[2022-03-25 23:29:47,045] {logging_mixin.py:109} INFO - [2022-03-25 23:29:47,045] {dag.py:2398} INFO - Sync 1 DAGs
[2022-03-25 23:29:47,055] {logging_mixin.py:109} INFO - [2022-03-25 23:29:47,055] {dag.py:2937} INFO - Setting next_dagrun for example_sla_dag to 2022-03-26T03:26:00+00:00
[2022-03-25 23:29:47,062] {processor.py:171} INFO - Processing /Users/adebolafagbule/opt/anaconda3/envs/airflow_env/lib/python3.8/site-packages/airflow/example_dags/example_sla_dag.py took 0.073 seconds
[2022-03-25 23:31:16,032] {processor.py:163} INFO - Started process (PID=27298) to work on /Users/adebolafagbule/opt/anaconda3/envs/airflow_env/lib/python3.8/site-packages/airflow/example_dags/example_sla_dag.py
[2022-03-25 23:31:16,033] {processor.py:642} INFO - Processing file /Users/adebolafagbule/opt/anaconda3/envs/airflow_env/lib/python3.8/site-packages/airflow/example_dags/example_sla_dag.py for tasks to queue
[2022-03-25 23:31:16,033] {logging_mixin.py:109} INFO - [2022-03-25 23:31:16,033] {dagbag.py:500} INFO - Filling up the DagBag from /Users/adebolafagbule/opt/anaconda3/envs/airflow_env/lib/python3.8/site-packages/airflow/example_dags/example_sla_dag.py
[2022-03-25 23:31:16,073] {processor.py:654} INFO - DAG(s) dict_keys(['example_sla_dag']) retrieved from /Users/adebolafagbule/opt/anaconda3/envs/airflow_env/lib/python3.8/site-packages/airflow/example_dags/example_sla_dag.py
[2022-03-25 23:31:16,085] {logging_mixin.py:109} INFO - [2022-03-25 23:31:16,085] {dag.py:2398} INFO - Sync 1 DAGs
[2022-03-25 23:31:16,094] {logging_mixin.py:109} INFO - [2022-03-25 23:31:16,094] {dag.py:2937} INFO - Setting next_dagrun for example_sla_dag to 2022-03-26T03:28:00+00:00
[2022-03-25 23:31:16,099] {processor.py:171} INFO - Processing /Users/adebolafagbule/opt/anaconda3/envs/airflow_env/lib/python3.8/site-packages/airflow/example_dags/example_sla_dag.py took 0.067 seconds
[2022-03-25 23:32:38,729] {processor.py:163} INFO - Started process (PID=27385) to work on /Users/adebolafagbule/opt/anaconda3/envs/airflow_env/lib/python3.8/site-packages/airflow/example_dags/example_sla_dag.py
[2022-03-25 23:32:38,730] {processor.py:642} INFO - Processing file /Users/adebolafagbule/opt/anaconda3/envs/airflow_env/lib/python3.8/site-packages/airflow/example_dags/example_sla_dag.py for tasks to queue
[2022-03-25 23:32:38,730] {logging_mixin.py:109} INFO - [2022-03-25 23:32:38,730] {dagbag.py:500} INFO - Filling up the DagBag from /Users/adebolafagbule/opt/anaconda3/envs/airflow_env/lib/python3.8/site-packages/airflow/example_dags/example_sla_dag.py
[2022-03-25 23:32:38,769] {processor.py:654} INFO - DAG(s) dict_keys(['example_sla_dag']) retrieved from /Users/adebolafagbule/opt/anaconda3/envs/airflow_env/lib/python3.8/site-packages/airflow/example_dags/example_sla_dag.py
[2022-03-25 23:32:38,781] {logging_mixin.py:109} INFO - [2022-03-25 23:32:38,781] {dag.py:2398} INFO - Sync 1 DAGs
[2022-03-25 23:32:38,790] {logging_mixin.py:109} INFO - [2022-03-25 23:32:38,790] {dag.py:2937} INFO - Setting next_dagrun for example_sla_dag to 2022-03-26T03:30:00+00:00
[2022-03-25 23:32:38,796] {processor.py:171} INFO - Processing /Users/adebolafagbule/opt/anaconda3/envs/airflow_env/lib/python3.8/site-packages/airflow/example_dags/example_sla_dag.py took 0.068 seconds
