[2022-03-25 21:39:31,649] {processor.py:163} INFO - Started process (PID=26381) to work on /Users/adebolafagbule/opt/anaconda3/envs/airflow_env/lib/python3.8/site-packages/airflow/example_dags/example_complex.py
[2022-03-25 21:39:31,649] {processor.py:642} INFO - Processing file /Users/adebolafagbule/opt/anaconda3/envs/airflow_env/lib/python3.8/site-packages/airflow/example_dags/example_complex.py for tasks to queue
[2022-03-25 21:39:31,650] {logging_mixin.py:109} INFO - [2022-03-25 21:39:31,650] {dagbag.py:500} INFO - Filling up the DagBag from /Users/adebolafagbule/opt/anaconda3/envs/airflow_env/lib/python3.8/site-packages/airflow/example_dags/example_complex.py
[2022-03-25 21:39:31,718] {processor.py:654} INFO - DAG(s) dict_keys(['example_complex']) retrieved from /Users/adebolafagbule/opt/anaconda3/envs/airflow_env/lib/python3.8/site-packages/airflow/example_dags/example_complex.py
[2022-03-25 21:39:31,755] {logging_mixin.py:109} INFO - [2022-03-25 21:39:31,755] {dag.py:2398} INFO - Sync 1 DAGs
[2022-03-25 21:39:31,770] {logging_mixin.py:109} INFO - [2022-03-25 21:39:31,770] {dag.py:2937} INFO - Setting next_dagrun for example_complex to None
[2022-03-25 21:39:31,781] {processor.py:171} INFO - Processing /Users/adebolafagbule/opt/anaconda3/envs/airflow_env/lib/python3.8/site-packages/airflow/example_dags/example_complex.py took 0.133 seconds
[2022-03-25 23:22:30,857] {processor.py:163} INFO - Started process (PID=26587) to work on /Users/adebolafagbule/opt/anaconda3/envs/airflow_env/lib/python3.8/site-packages/airflow/example_dags/example_complex.py
[2022-03-25 23:22:30,857] {processor.py:642} INFO - Processing file /Users/adebolafagbule/opt/anaconda3/envs/airflow_env/lib/python3.8/site-packages/airflow/example_dags/example_complex.py for tasks to queue
[2022-03-25 23:22:30,858] {logging_mixin.py:109} INFO - [2022-03-25 23:22:30,858] {dagbag.py:500} INFO - Filling up the DagBag from /Users/adebolafagbule/opt/anaconda3/envs/airflow_env/lib/python3.8/site-packages/airflow/example_dags/example_complex.py
[2022-03-25 23:22:30,890] {processor.py:654} INFO - DAG(s) dict_keys(['example_complex']) retrieved from /Users/adebolafagbule/opt/anaconda3/envs/airflow_env/lib/python3.8/site-packages/airflow/example_dags/example_complex.py
[2022-03-25 23:22:30,907] {logging_mixin.py:109} INFO - [2022-03-25 23:22:30,907] {dag.py:2398} INFO - Sync 1 DAGs
[2022-03-25 23:22:30,914] {logging_mixin.py:109} INFO - [2022-03-25 23:22:30,914] {dag.py:2937} INFO - Setting next_dagrun for example_complex to None
[2022-03-25 23:22:30,920] {processor.py:171} INFO - Processing /Users/adebolafagbule/opt/anaconda3/envs/airflow_env/lib/python3.8/site-packages/airflow/example_dags/example_complex.py took 0.063 seconds
[2022-03-25 23:23:54,641] {processor.py:163} INFO - Started process (PID=26776) to work on /Users/adebolafagbule/opt/anaconda3/envs/airflow_env/lib/python3.8/site-packages/airflow/example_dags/example_complex.py
[2022-03-25 23:23:54,642] {processor.py:642} INFO - Processing file /Users/adebolafagbule/opt/anaconda3/envs/airflow_env/lib/python3.8/site-packages/airflow/example_dags/example_complex.py for tasks to queue
[2022-03-25 23:23:54,642] {logging_mixin.py:109} INFO - [2022-03-25 23:23:54,642] {dagbag.py:500} INFO - Filling up the DagBag from /Users/adebolafagbule/opt/anaconda3/envs/airflow_env/lib/python3.8/site-packages/airflow/example_dags/example_complex.py
[2022-03-25 23:23:54,674] {processor.py:654} INFO - DAG(s) dict_keys(['example_complex']) retrieved from /Users/adebolafagbule/opt/anaconda3/envs/airflow_env/lib/python3.8/site-packages/airflow/example_dags/example_complex.py
[2022-03-25 23:23:54,690] {logging_mixin.py:109} INFO - [2022-03-25 23:23:54,690] {dag.py:2398} INFO - Sync 1 DAGs
[2022-03-25 23:23:54,696] {logging_mixin.py:109} INFO - [2022-03-25 23:23:54,696] {dag.py:2937} INFO - Setting next_dagrun for example_complex to None
[2022-03-25 23:23:54,702] {processor.py:171} INFO - Processing /Users/adebolafagbule/opt/anaconda3/envs/airflow_env/lib/python3.8/site-packages/airflow/example_dags/example_complex.py took 0.061 seconds
[2022-03-25 23:25:16,250] {processor.py:163} INFO - Started process (PID=26883) to work on /Users/adebolafagbule/opt/anaconda3/envs/airflow_env/lib/python3.8/site-packages/airflow/example_dags/example_complex.py
[2022-03-25 23:25:16,250] {processor.py:642} INFO - Processing file /Users/adebolafagbule/opt/anaconda3/envs/airflow_env/lib/python3.8/site-packages/airflow/example_dags/example_complex.py for tasks to queue
[2022-03-25 23:25:16,251] {logging_mixin.py:109} INFO - [2022-03-25 23:25:16,251] {dagbag.py:500} INFO - Filling up the DagBag from /Users/adebolafagbule/opt/anaconda3/envs/airflow_env/lib/python3.8/site-packages/airflow/example_dags/example_complex.py
[2022-03-25 23:25:16,287] {processor.py:654} INFO - DAG(s) dict_keys(['example_complex']) retrieved from /Users/adebolafagbule/opt/anaconda3/envs/airflow_env/lib/python3.8/site-packages/airflow/example_dags/example_complex.py
[2022-03-25 23:25:16,305] {logging_mixin.py:109} INFO - [2022-03-25 23:25:16,305] {dag.py:2398} INFO - Sync 1 DAGs
[2022-03-25 23:25:16,312] {logging_mixin.py:109} INFO - [2022-03-25 23:25:16,312] {dag.py:2937} INFO - Setting next_dagrun for example_complex to None
[2022-03-25 23:25:16,318] {processor.py:171} INFO - Processing /Users/adebolafagbule/opt/anaconda3/envs/airflow_env/lib/python3.8/site-packages/airflow/example_dags/example_complex.py took 0.069 seconds
[2022-03-25 23:26:37,440] {processor.py:163} INFO - Started process (PID=26980) to work on /Users/adebolafagbule/opt/anaconda3/envs/airflow_env/lib/python3.8/site-packages/airflow/example_dags/example_complex.py
[2022-03-25 23:26:37,440] {processor.py:642} INFO - Processing file /Users/adebolafagbule/opt/anaconda3/envs/airflow_env/lib/python3.8/site-packages/airflow/example_dags/example_complex.py for tasks to queue
[2022-03-25 23:26:37,441] {logging_mixin.py:109} INFO - [2022-03-25 23:26:37,441] {dagbag.py:500} INFO - Filling up the DagBag from /Users/adebolafagbule/opt/anaconda3/envs/airflow_env/lib/python3.8/site-packages/airflow/example_dags/example_complex.py
[2022-03-25 23:26:37,474] {processor.py:654} INFO - DAG(s) dict_keys(['example_complex']) retrieved from /Users/adebolafagbule/opt/anaconda3/envs/airflow_env/lib/python3.8/site-packages/airflow/example_dags/example_complex.py
[2022-03-25 23:26:37,490] {logging_mixin.py:109} INFO - [2022-03-25 23:26:37,490] {dag.py:2398} INFO - Sync 1 DAGs
[2022-03-25 23:26:37,497] {logging_mixin.py:109} INFO - [2022-03-25 23:26:37,497] {dag.py:2937} INFO - Setting next_dagrun for example_complex to None
[2022-03-25 23:26:37,502] {processor.py:171} INFO - Processing /Users/adebolafagbule/opt/anaconda3/envs/airflow_env/lib/python3.8/site-packages/airflow/example_dags/example_complex.py took 0.062 seconds
[2022-03-25 23:28:00,943] {processor.py:163} INFO - Started process (PID=27079) to work on /Users/adebolafagbule/opt/anaconda3/envs/airflow_env/lib/python3.8/site-packages/airflow/example_dags/example_complex.py
[2022-03-25 23:28:00,944] {processor.py:642} INFO - Processing file /Users/adebolafagbule/opt/anaconda3/envs/airflow_env/lib/python3.8/site-packages/airflow/example_dags/example_complex.py for tasks to queue
[2022-03-25 23:28:00,944] {logging_mixin.py:109} INFO - [2022-03-25 23:28:00,944] {dagbag.py:500} INFO - Filling up the DagBag from /Users/adebolafagbule/opt/anaconda3/envs/airflow_env/lib/python3.8/site-packages/airflow/example_dags/example_complex.py
[2022-03-25 23:28:00,979] {processor.py:654} INFO - DAG(s) dict_keys(['example_complex']) retrieved from /Users/adebolafagbule/opt/anaconda3/envs/airflow_env/lib/python3.8/site-packages/airflow/example_dags/example_complex.py
[2022-03-25 23:28:00,995] {logging_mixin.py:109} INFO - [2022-03-25 23:28:00,995] {dag.py:2398} INFO - Sync 1 DAGs
[2022-03-25 23:28:01,001] {logging_mixin.py:109} INFO - [2022-03-25 23:28:01,001] {dag.py:2937} INFO - Setting next_dagrun for example_complex to None
[2022-03-25 23:28:01,007] {processor.py:171} INFO - Processing /Users/adebolafagbule/opt/anaconda3/envs/airflow_env/lib/python3.8/site-packages/airflow/example_dags/example_complex.py took 0.065 seconds
[2022-03-25 23:29:21,715] {processor.py:163} INFO - Started process (PID=27159) to work on /Users/adebolafagbule/opt/anaconda3/envs/airflow_env/lib/python3.8/site-packages/airflow/example_dags/example_complex.py
[2022-03-25 23:29:21,716] {processor.py:642} INFO - Processing file /Users/adebolafagbule/opt/anaconda3/envs/airflow_env/lib/python3.8/site-packages/airflow/example_dags/example_complex.py for tasks to queue
[2022-03-25 23:29:21,717] {logging_mixin.py:109} INFO - [2022-03-25 23:29:21,717] {dagbag.py:500} INFO - Filling up the DagBag from /Users/adebolafagbule/opt/anaconda3/envs/airflow_env/lib/python3.8/site-packages/airflow/example_dags/example_complex.py
[2022-03-25 23:29:21,761] {processor.py:654} INFO - DAG(s) dict_keys(['example_complex']) retrieved from /Users/adebolafagbule/opt/anaconda3/envs/airflow_env/lib/python3.8/site-packages/airflow/example_dags/example_complex.py
[2022-03-25 23:29:21,778] {logging_mixin.py:109} INFO - [2022-03-25 23:29:21,777] {dag.py:2398} INFO - Sync 1 DAGs
[2022-03-25 23:29:21,784] {logging_mixin.py:109} INFO - [2022-03-25 23:29:21,784] {dag.py:2937} INFO - Setting next_dagrun for example_complex to None
[2022-03-25 23:29:21,790] {processor.py:171} INFO - Processing /Users/adebolafagbule/opt/anaconda3/envs/airflow_env/lib/python3.8/site-packages/airflow/example_dags/example_complex.py took 0.075 seconds
[2022-03-25 23:30:47,287] {processor.py:163} INFO - Started process (PID=27270) to work on /Users/adebolafagbule/opt/anaconda3/envs/airflow_env/lib/python3.8/site-packages/airflow/example_dags/example_complex.py
[2022-03-25 23:30:47,288] {processor.py:642} INFO - Processing file /Users/adebolafagbule/opt/anaconda3/envs/airflow_env/lib/python3.8/site-packages/airflow/example_dags/example_complex.py for tasks to queue
[2022-03-25 23:30:47,288] {logging_mixin.py:109} INFO - [2022-03-25 23:30:47,288] {dagbag.py:500} INFO - Filling up the DagBag from /Users/adebolafagbule/opt/anaconda3/envs/airflow_env/lib/python3.8/site-packages/airflow/example_dags/example_complex.py
[2022-03-25 23:30:47,325] {processor.py:654} INFO - DAG(s) dict_keys(['example_complex']) retrieved from /Users/adebolafagbule/opt/anaconda3/envs/airflow_env/lib/python3.8/site-packages/airflow/example_dags/example_complex.py
[2022-03-25 23:30:47,343] {logging_mixin.py:109} INFO - [2022-03-25 23:30:47,343] {dag.py:2398} INFO - Sync 1 DAGs
[2022-03-25 23:30:47,352] {logging_mixin.py:109} INFO - [2022-03-25 23:30:47,352] {dag.py:2937} INFO - Setting next_dagrun for example_complex to None
[2022-03-25 23:30:47,358] {processor.py:171} INFO - Processing /Users/adebolafagbule/opt/anaconda3/envs/airflow_env/lib/python3.8/site-packages/airflow/example_dags/example_complex.py took 0.071 seconds
[2022-03-25 23:32:12,774] {processor.py:163} INFO - Started process (PID=27356) to work on /Users/adebolafagbule/opt/anaconda3/envs/airflow_env/lib/python3.8/site-packages/airflow/example_dags/example_complex.py
[2022-03-25 23:32:12,775] {processor.py:642} INFO - Processing file /Users/adebolafagbule/opt/anaconda3/envs/airflow_env/lib/python3.8/site-packages/airflow/example_dags/example_complex.py for tasks to queue
[2022-03-25 23:32:12,776] {logging_mixin.py:109} INFO - [2022-03-25 23:32:12,776] {dagbag.py:500} INFO - Filling up the DagBag from /Users/adebolafagbule/opt/anaconda3/envs/airflow_env/lib/python3.8/site-packages/airflow/example_dags/example_complex.py
[2022-03-25 23:32:12,820] {processor.py:654} INFO - DAG(s) dict_keys(['example_complex']) retrieved from /Users/adebolafagbule/opt/anaconda3/envs/airflow_env/lib/python3.8/site-packages/airflow/example_dags/example_complex.py
[2022-03-25 23:32:12,838] {logging_mixin.py:109} INFO - [2022-03-25 23:32:12,837] {dag.py:2398} INFO - Sync 1 DAGs
[2022-03-25 23:32:12,844] {logging_mixin.py:109} INFO - [2022-03-25 23:32:12,844] {dag.py:2937} INFO - Setting next_dagrun for example_complex to None
[2022-03-25 23:32:12,850] {processor.py:171} INFO - Processing /Users/adebolafagbule/opt/anaconda3/envs/airflow_env/lib/python3.8/site-packages/airflow/example_dags/example_complex.py took 0.077 seconds
[2022-03-25 23:33:36,673] {processor.py:163} INFO - Started process (PID=27469) to work on /Users/adebolafagbule/opt/anaconda3/envs/airflow_env/lib/python3.8/site-packages/airflow/example_dags/example_complex.py
[2022-03-25 23:33:36,673] {processor.py:642} INFO - Processing file /Users/adebolafagbule/opt/anaconda3/envs/airflow_env/lib/python3.8/site-packages/airflow/example_dags/example_complex.py for tasks to queue
[2022-03-25 23:33:36,673] {logging_mixin.py:109} INFO - [2022-03-25 23:33:36,673] {dagbag.py:500} INFO - Filling up the DagBag from /Users/adebolafagbule/opt/anaconda3/envs/airflow_env/lib/python3.8/site-packages/airflow/example_dags/example_complex.py
[2022-03-25 23:33:36,707] {processor.py:654} INFO - DAG(s) dict_keys(['example_complex']) retrieved from /Users/adebolafagbule/opt/anaconda3/envs/airflow_env/lib/python3.8/site-packages/airflow/example_dags/example_complex.py
[2022-03-25 23:33:36,725] {logging_mixin.py:109} INFO - [2022-03-25 23:33:36,724] {dag.py:2398} INFO - Sync 1 DAGs
[2022-03-25 23:33:36,731] {logging_mixin.py:109} INFO - [2022-03-25 23:33:36,731] {dag.py:2937} INFO - Setting next_dagrun for example_complex to None
[2022-03-25 23:33:36,736] {processor.py:171} INFO - Processing /Users/adebolafagbule/opt/anaconda3/envs/airflow_env/lib/python3.8/site-packages/airflow/example_dags/example_complex.py took 0.064 seconds
[2022-03-25 23:35:00,441] {processor.py:163} INFO - Started process (PID=27560) to work on /Users/adebolafagbule/opt/anaconda3/envs/airflow_env/lib/python3.8/site-packages/airflow/example_dags/example_complex.py
[2022-03-25 23:35:00,442] {processor.py:642} INFO - Processing file /Users/adebolafagbule/opt/anaconda3/envs/airflow_env/lib/python3.8/site-packages/airflow/example_dags/example_complex.py for tasks to queue
[2022-03-25 23:35:00,443] {logging_mixin.py:109} INFO - [2022-03-25 23:35:00,443] {dagbag.py:500} INFO - Filling up the DagBag from /Users/adebolafagbule/opt/anaconda3/envs/airflow_env/lib/python3.8/site-packages/airflow/example_dags/example_complex.py
[2022-03-25 23:35:00,475] {processor.py:654} INFO - DAG(s) dict_keys(['example_complex']) retrieved from /Users/adebolafagbule/opt/anaconda3/envs/airflow_env/lib/python3.8/site-packages/airflow/example_dags/example_complex.py
[2022-03-25 23:35:00,492] {logging_mixin.py:109} INFO - [2022-03-25 23:35:00,492] {dag.py:2398} INFO - Sync 1 DAGs
[2022-03-25 23:35:00,499] {logging_mixin.py:109} INFO - [2022-03-25 23:35:00,499] {dag.py:2937} INFO - Setting next_dagrun for example_complex to None
[2022-03-25 23:35:00,507] {processor.py:171} INFO - Processing /Users/adebolafagbule/opt/anaconda3/envs/airflow_env/lib/python3.8/site-packages/airflow/example_dags/example_complex.py took 0.066 seconds
[2022-03-25 23:36:20,361] {processor.py:163} INFO - Started process (PID=27639) to work on /Users/adebolafagbule/opt/anaconda3/envs/airflow_env/lib/python3.8/site-packages/airflow/example_dags/example_complex.py
[2022-03-25 23:36:20,362] {processor.py:642} INFO - Processing file /Users/adebolafagbule/opt/anaconda3/envs/airflow_env/lib/python3.8/site-packages/airflow/example_dags/example_complex.py for tasks to queue
[2022-03-25 23:36:20,362] {logging_mixin.py:109} INFO - [2022-03-25 23:36:20,362] {dagbag.py:500} INFO - Filling up the DagBag from /Users/adebolafagbule/opt/anaconda3/envs/airflow_env/lib/python3.8/site-packages/airflow/example_dags/example_complex.py
[2022-03-25 23:36:20,412] {processor.py:654} INFO - DAG(s) dict_keys(['example_complex']) retrieved from /Users/adebolafagbule/opt/anaconda3/envs/airflow_env/lib/python3.8/site-packages/airflow/example_dags/example_complex.py
[2022-03-25 23:36:20,441] {logging_mixin.py:109} INFO - [2022-03-25 23:36:20,441] {dag.py:2398} INFO - Sync 1 DAGs
[2022-03-25 23:36:20,451] {logging_mixin.py:109} INFO - [2022-03-25 23:36:20,451] {dag.py:2937} INFO - Setting next_dagrun for example_complex to None
[2022-03-25 23:36:20,457] {processor.py:171} INFO - Processing /Users/adebolafagbule/opt/anaconda3/envs/airflow_env/lib/python3.8/site-packages/airflow/example_dags/example_complex.py took 0.096 seconds
[2022-03-25 23:37:38,333] {processor.py:163} INFO - Started process (PID=27721) to work on /Users/adebolafagbule/opt/anaconda3/envs/airflow_env/lib/python3.8/site-packages/airflow/example_dags/example_complex.py
[2022-03-25 23:37:38,334] {processor.py:642} INFO - Processing file /Users/adebolafagbule/opt/anaconda3/envs/airflow_env/lib/python3.8/site-packages/airflow/example_dags/example_complex.py for tasks to queue
[2022-03-25 23:37:38,334] {logging_mixin.py:109} INFO - [2022-03-25 23:37:38,334] {dagbag.py:500} INFO - Filling up the DagBag from /Users/adebolafagbule/opt/anaconda3/envs/airflow_env/lib/python3.8/site-packages/airflow/example_dags/example_complex.py
[2022-03-25 23:37:38,368] {processor.py:654} INFO - DAG(s) dict_keys(['example_complex']) retrieved from /Users/adebolafagbule/opt/anaconda3/envs/airflow_env/lib/python3.8/site-packages/airflow/example_dags/example_complex.py
[2022-03-25 23:37:38,385] {logging_mixin.py:109} INFO - [2022-03-25 23:37:38,384] {dag.py:2398} INFO - Sync 1 DAGs
[2022-03-25 23:37:38,391] {logging_mixin.py:109} INFO - [2022-03-25 23:37:38,391] {dag.py:2937} INFO - Setting next_dagrun for example_complex to None
[2022-03-25 23:37:38,400] {processor.py:171} INFO - Processing /Users/adebolafagbule/opt/anaconda3/envs/airflow_env/lib/python3.8/site-packages/airflow/example_dags/example_complex.py took 0.068 seconds
[2022-03-25 23:38:56,622] {processor.py:163} INFO - Started process (PID=27822) to work on /Users/adebolafagbule/opt/anaconda3/envs/airflow_env/lib/python3.8/site-packages/airflow/example_dags/example_complex.py
[2022-03-25 23:38:56,623] {processor.py:642} INFO - Processing file /Users/adebolafagbule/opt/anaconda3/envs/airflow_env/lib/python3.8/site-packages/airflow/example_dags/example_complex.py for tasks to queue
[2022-03-25 23:38:56,624] {logging_mixin.py:109} INFO - [2022-03-25 23:38:56,624] {dagbag.py:500} INFO - Filling up the DagBag from /Users/adebolafagbule/opt/anaconda3/envs/airflow_env/lib/python3.8/site-packages/airflow/example_dags/example_complex.py
[2022-03-25 23:38:56,668] {processor.py:654} INFO - DAG(s) dict_keys(['example_complex']) retrieved from /Users/adebolafagbule/opt/anaconda3/envs/airflow_env/lib/python3.8/site-packages/airflow/example_dags/example_complex.py
[2022-03-25 23:38:56,685] {logging_mixin.py:109} INFO - [2022-03-25 23:38:56,684] {dag.py:2398} INFO - Sync 1 DAGs
[2022-03-25 23:38:56,691] {logging_mixin.py:109} INFO - [2022-03-25 23:38:56,691] {dag.py:2937} INFO - Setting next_dagrun for example_complex to None
[2022-03-25 23:38:56,697] {processor.py:171} INFO - Processing /Users/adebolafagbule/opt/anaconda3/envs/airflow_env/lib/python3.8/site-packages/airflow/example_dags/example_complex.py took 0.076 seconds
[2022-03-25 23:40:18,423] {processor.py:163} INFO - Started process (PID=27901) to work on /Users/adebolafagbule/opt/anaconda3/envs/airflow_env/lib/python3.8/site-packages/airflow/example_dags/example_complex.py
[2022-03-25 23:40:18,424] {processor.py:642} INFO - Processing file /Users/adebolafagbule/opt/anaconda3/envs/airflow_env/lib/python3.8/site-packages/airflow/example_dags/example_complex.py for tasks to queue
[2022-03-25 23:40:18,424] {logging_mixin.py:109} INFO - [2022-03-25 23:40:18,424] {dagbag.py:500} INFO - Filling up the DagBag from /Users/adebolafagbule/opt/anaconda3/envs/airflow_env/lib/python3.8/site-packages/airflow/example_dags/example_complex.py
[2022-03-25 23:40:18,457] {processor.py:654} INFO - DAG(s) dict_keys(['example_complex']) retrieved from /Users/adebolafagbule/opt/anaconda3/envs/airflow_env/lib/python3.8/site-packages/airflow/example_dags/example_complex.py
[2022-03-25 23:40:18,475] {logging_mixin.py:109} INFO - [2022-03-25 23:40:18,475] {dag.py:2398} INFO - Sync 1 DAGs
[2022-03-25 23:40:18,482] {logging_mixin.py:109} INFO - [2022-03-25 23:40:18,482] {dag.py:2937} INFO - Setting next_dagrun for example_complex to None
[2022-03-25 23:40:18,487] {processor.py:171} INFO - Processing /Users/adebolafagbule/opt/anaconda3/envs/airflow_env/lib/python3.8/site-packages/airflow/example_dags/example_complex.py took 0.065 seconds
[2022-03-25 23:41:37,979] {processor.py:163} INFO - Started process (PID=27987) to work on /Users/adebolafagbule/opt/anaconda3/envs/airflow_env/lib/python3.8/site-packages/airflow/example_dags/example_complex.py
[2022-03-25 23:41:37,981] {processor.py:642} INFO - Processing file /Users/adebolafagbule/opt/anaconda3/envs/airflow_env/lib/python3.8/site-packages/airflow/example_dags/example_complex.py for tasks to queue
[2022-03-25 23:41:37,981] {logging_mixin.py:109} INFO - [2022-03-25 23:41:37,981] {dagbag.py:500} INFO - Filling up the DagBag from /Users/adebolafagbule/opt/anaconda3/envs/airflow_env/lib/python3.8/site-packages/airflow/example_dags/example_complex.py
[2022-03-25 23:41:38,024] {processor.py:654} INFO - DAG(s) dict_keys(['example_complex']) retrieved from /Users/adebolafagbule/opt/anaconda3/envs/airflow_env/lib/python3.8/site-packages/airflow/example_dags/example_complex.py
[2022-03-25 23:41:38,040] {logging_mixin.py:109} INFO - [2022-03-25 23:41:38,040] {dag.py:2398} INFO - Sync 1 DAGs
[2022-03-25 23:41:38,046] {logging_mixin.py:109} INFO - [2022-03-25 23:41:38,046] {dag.py:2937} INFO - Setting next_dagrun for example_complex to None
[2022-03-25 23:41:38,053] {processor.py:171} INFO - Processing /Users/adebolafagbule/opt/anaconda3/envs/airflow_env/lib/python3.8/site-packages/airflow/example_dags/example_complex.py took 0.074 seconds
[2022-03-25 23:42:57,179] {processor.py:163} INFO - Started process (PID=28079) to work on /Users/adebolafagbule/opt/anaconda3/envs/airflow_env/lib/python3.8/site-packages/airflow/example_dags/example_complex.py
[2022-03-25 23:42:57,180] {processor.py:642} INFO - Processing file /Users/adebolafagbule/opt/anaconda3/envs/airflow_env/lib/python3.8/site-packages/airflow/example_dags/example_complex.py for tasks to queue
[2022-03-25 23:42:57,181] {logging_mixin.py:109} INFO - [2022-03-25 23:42:57,181] {dagbag.py:500} INFO - Filling up the DagBag from /Users/adebolafagbule/opt/anaconda3/envs/airflow_env/lib/python3.8/site-packages/airflow/example_dags/example_complex.py
[2022-03-25 23:42:57,215] {processor.py:654} INFO - DAG(s) dict_keys(['example_complex']) retrieved from /Users/adebolafagbule/opt/anaconda3/envs/airflow_env/lib/python3.8/site-packages/airflow/example_dags/example_complex.py
[2022-03-25 23:42:57,232] {logging_mixin.py:109} INFO - [2022-03-25 23:42:57,231] {dag.py:2398} INFO - Sync 1 DAGs
[2022-03-25 23:42:57,239] {logging_mixin.py:109} INFO - [2022-03-25 23:42:57,239] {dag.py:2937} INFO - Setting next_dagrun for example_complex to None
[2022-03-25 23:42:57,245] {processor.py:171} INFO - Processing /Users/adebolafagbule/opt/anaconda3/envs/airflow_env/lib/python3.8/site-packages/airflow/example_dags/example_complex.py took 0.066 seconds
[2022-03-25 23:44:19,738] {processor.py:163} INFO - Started process (PID=28165) to work on /Users/adebolafagbule/opt/anaconda3/envs/airflow_env/lib/python3.8/site-packages/airflow/example_dags/example_complex.py
[2022-03-25 23:44:19,739] {processor.py:642} INFO - Processing file /Users/adebolafagbule/opt/anaconda3/envs/airflow_env/lib/python3.8/site-packages/airflow/example_dags/example_complex.py for tasks to queue
[2022-03-25 23:44:19,739] {logging_mixin.py:109} INFO - [2022-03-25 23:44:19,739] {dagbag.py:500} INFO - Filling up the DagBag from /Users/adebolafagbule/opt/anaconda3/envs/airflow_env/lib/python3.8/site-packages/airflow/example_dags/example_complex.py
[2022-03-25 23:44:19,777] {processor.py:654} INFO - DAG(s) dict_keys(['example_complex']) retrieved from /Users/adebolafagbule/opt/anaconda3/envs/airflow_env/lib/python3.8/site-packages/airflow/example_dags/example_complex.py
[2022-03-25 23:44:19,795] {logging_mixin.py:109} INFO - [2022-03-25 23:44:19,795] {dag.py:2398} INFO - Sync 1 DAGs
[2022-03-25 23:44:19,802] {logging_mixin.py:109} INFO - [2022-03-25 23:44:19,802] {dag.py:2937} INFO - Setting next_dagrun for example_complex to None
[2022-03-25 23:44:19,808] {processor.py:171} INFO - Processing /Users/adebolafagbule/opt/anaconda3/envs/airflow_env/lib/python3.8/site-packages/airflow/example_dags/example_complex.py took 0.070 seconds
[2022-03-25 23:45:40,822] {processor.py:163} INFO - Started process (PID=28244) to work on /Users/adebolafagbule/opt/anaconda3/envs/airflow_env/lib/python3.8/site-packages/airflow/example_dags/example_complex.py
[2022-03-25 23:45:40,823] {processor.py:642} INFO - Processing file /Users/adebolafagbule/opt/anaconda3/envs/airflow_env/lib/python3.8/site-packages/airflow/example_dags/example_complex.py for tasks to queue
[2022-03-25 23:45:40,823] {logging_mixin.py:109} INFO - [2022-03-25 23:45:40,823] {dagbag.py:500} INFO - Filling up the DagBag from /Users/adebolafagbule/opt/anaconda3/envs/airflow_env/lib/python3.8/site-packages/airflow/example_dags/example_complex.py
[2022-03-25 23:45:40,856] {processor.py:654} INFO - DAG(s) dict_keys(['example_complex']) retrieved from /Users/adebolafagbule/opt/anaconda3/envs/airflow_env/lib/python3.8/site-packages/airflow/example_dags/example_complex.py
[2022-03-25 23:45:40,874] {logging_mixin.py:109} INFO - [2022-03-25 23:45:40,873] {dag.py:2398} INFO - Sync 1 DAGs
[2022-03-25 23:45:40,880] {logging_mixin.py:109} INFO - [2022-03-25 23:45:40,880] {dag.py:2937} INFO - Setting next_dagrun for example_complex to None
[2022-03-25 23:45:40,887] {processor.py:171} INFO - Processing /Users/adebolafagbule/opt/anaconda3/envs/airflow_env/lib/python3.8/site-packages/airflow/example_dags/example_complex.py took 0.065 seconds
[2022-03-25 23:47:04,267] {processor.py:163} INFO - Started process (PID=28334) to work on /Users/adebolafagbule/opt/anaconda3/envs/airflow_env/lib/python3.8/site-packages/airflow/example_dags/example_complex.py
[2022-03-25 23:47:04,268] {processor.py:642} INFO - Processing file /Users/adebolafagbule/opt/anaconda3/envs/airflow_env/lib/python3.8/site-packages/airflow/example_dags/example_complex.py for tasks to queue
[2022-03-25 23:47:04,268] {logging_mixin.py:109} INFO - [2022-03-25 23:47:04,268] {dagbag.py:500} INFO - Filling up the DagBag from /Users/adebolafagbule/opt/anaconda3/envs/airflow_env/lib/python3.8/site-packages/airflow/example_dags/example_complex.py
[2022-03-25 23:47:04,302] {processor.py:654} INFO - DAG(s) dict_keys(['example_complex']) retrieved from /Users/adebolafagbule/opt/anaconda3/envs/airflow_env/lib/python3.8/site-packages/airflow/example_dags/example_complex.py
[2022-03-25 23:47:04,320] {logging_mixin.py:109} INFO - [2022-03-25 23:47:04,320] {dag.py:2398} INFO - Sync 1 DAGs
[2022-03-25 23:47:04,327] {logging_mixin.py:109} INFO - [2022-03-25 23:47:04,327] {dag.py:2937} INFO - Setting next_dagrun for example_complex to None
[2022-03-25 23:47:04,332] {processor.py:171} INFO - Processing /Users/adebolafagbule/opt/anaconda3/envs/airflow_env/lib/python3.8/site-packages/airflow/example_dags/example_complex.py took 0.065 seconds
[2022-03-25 23:48:22,506] {processor.py:163} INFO - Started process (PID=28417) to work on /Users/adebolafagbule/opt/anaconda3/envs/airflow_env/lib/python3.8/site-packages/airflow/example_dags/example_complex.py
[2022-03-25 23:48:22,506] {processor.py:642} INFO - Processing file /Users/adebolafagbule/opt/anaconda3/envs/airflow_env/lib/python3.8/site-packages/airflow/example_dags/example_complex.py for tasks to queue
[2022-03-25 23:48:22,506] {logging_mixin.py:109} INFO - [2022-03-25 23:48:22,506] {dagbag.py:500} INFO - Filling up the DagBag from /Users/adebolafagbule/opt/anaconda3/envs/airflow_env/lib/python3.8/site-packages/airflow/example_dags/example_complex.py
[2022-03-25 23:48:22,539] {processor.py:654} INFO - DAG(s) dict_keys(['example_complex']) retrieved from /Users/adebolafagbule/opt/anaconda3/envs/airflow_env/lib/python3.8/site-packages/airflow/example_dags/example_complex.py
[2022-03-25 23:48:22,556] {logging_mixin.py:109} INFO - [2022-03-25 23:48:22,556] {dag.py:2398} INFO - Sync 1 DAGs
[2022-03-25 23:48:22,563] {logging_mixin.py:109} INFO - [2022-03-25 23:48:22,563] {dag.py:2937} INFO - Setting next_dagrun for example_complex to None
[2022-03-25 23:48:22,568] {processor.py:171} INFO - Processing /Users/adebolafagbule/opt/anaconda3/envs/airflow_env/lib/python3.8/site-packages/airflow/example_dags/example_complex.py took 0.063 seconds
[2022-03-25 23:49:40,894] {processor.py:163} INFO - Started process (PID=28494) to work on /Users/adebolafagbule/opt/anaconda3/envs/airflow_env/lib/python3.8/site-packages/airflow/example_dags/example_complex.py
[2022-03-25 23:49:40,895] {processor.py:642} INFO - Processing file /Users/adebolafagbule/opt/anaconda3/envs/airflow_env/lib/python3.8/site-packages/airflow/example_dags/example_complex.py for tasks to queue
[2022-03-25 23:49:40,895] {logging_mixin.py:109} INFO - [2022-03-25 23:49:40,895] {dagbag.py:500} INFO - Filling up the DagBag from /Users/adebolafagbule/opt/anaconda3/envs/airflow_env/lib/python3.8/site-packages/airflow/example_dags/example_complex.py
[2022-03-25 23:49:40,930] {processor.py:654} INFO - DAG(s) dict_keys(['example_complex']) retrieved from /Users/adebolafagbule/opt/anaconda3/envs/airflow_env/lib/python3.8/site-packages/airflow/example_dags/example_complex.py
[2022-03-25 23:49:40,946] {logging_mixin.py:109} INFO - [2022-03-25 23:49:40,946] {dag.py:2398} INFO - Sync 1 DAGs
[2022-03-25 23:49:40,952] {logging_mixin.py:109} INFO - [2022-03-25 23:49:40,952] {dag.py:2937} INFO - Setting next_dagrun for example_complex to None
[2022-03-25 23:49:40,958] {processor.py:171} INFO - Processing /Users/adebolafagbule/opt/anaconda3/envs/airflow_env/lib/python3.8/site-packages/airflow/example_dags/example_complex.py took 0.065 seconds
[2022-03-25 23:51:00,886] {processor.py:163} INFO - Started process (PID=28574) to work on /Users/adebolafagbule/opt/anaconda3/envs/airflow_env/lib/python3.8/site-packages/airflow/example_dags/example_complex.py
[2022-03-25 23:51:00,887] {processor.py:642} INFO - Processing file /Users/adebolafagbule/opt/anaconda3/envs/airflow_env/lib/python3.8/site-packages/airflow/example_dags/example_complex.py for tasks to queue
[2022-03-25 23:51:00,887] {logging_mixin.py:109} INFO - [2022-03-25 23:51:00,887] {dagbag.py:500} INFO - Filling up the DagBag from /Users/adebolafagbule/opt/anaconda3/envs/airflow_env/lib/python3.8/site-packages/airflow/example_dags/example_complex.py
[2022-03-25 23:51:00,919] {processor.py:654} INFO - DAG(s) dict_keys(['example_complex']) retrieved from /Users/adebolafagbule/opt/anaconda3/envs/airflow_env/lib/python3.8/site-packages/airflow/example_dags/example_complex.py
[2022-03-25 23:51:00,936] {logging_mixin.py:109} INFO - [2022-03-25 23:51:00,936] {dag.py:2398} INFO - Sync 1 DAGs
[2022-03-25 23:51:00,944] {logging_mixin.py:109} INFO - [2022-03-25 23:51:00,943] {dag.py:2937} INFO - Setting next_dagrun for example_complex to None
[2022-03-25 23:51:00,949] {processor.py:171} INFO - Processing /Users/adebolafagbule/opt/anaconda3/envs/airflow_env/lib/python3.8/site-packages/airflow/example_dags/example_complex.py took 0.064 seconds
[2022-03-25 23:52:23,961] {processor.py:163} INFO - Started process (PID=28663) to work on /Users/adebolafagbule/opt/anaconda3/envs/airflow_env/lib/python3.8/site-packages/airflow/example_dags/example_complex.py
[2022-03-25 23:52:23,969] {processor.py:642} INFO - Processing file /Users/adebolafagbule/opt/anaconda3/envs/airflow_env/lib/python3.8/site-packages/airflow/example_dags/example_complex.py for tasks to queue
[2022-03-25 23:52:23,981] {logging_mixin.py:109} INFO - [2022-03-25 23:52:23,981] {dagbag.py:500} INFO - Filling up the DagBag from /Users/adebolafagbule/opt/anaconda3/envs/airflow_env/lib/python3.8/site-packages/airflow/example_dags/example_complex.py
[2022-03-25 23:52:24,032] {processor.py:654} INFO - DAG(s) dict_keys(['example_complex']) retrieved from /Users/adebolafagbule/opt/anaconda3/envs/airflow_env/lib/python3.8/site-packages/airflow/example_dags/example_complex.py
[2022-03-25 23:52:24,063] {logging_mixin.py:109} INFO - [2022-03-25 23:52:24,063] {dag.py:2398} INFO - Sync 1 DAGs
[2022-03-25 23:52:24,070] {logging_mixin.py:109} INFO - [2022-03-25 23:52:24,070] {dag.py:2937} INFO - Setting next_dagrun for example_complex to None
[2022-03-25 23:52:24,076] {processor.py:171} INFO - Processing /Users/adebolafagbule/opt/anaconda3/envs/airflow_env/lib/python3.8/site-packages/airflow/example_dags/example_complex.py took 0.115 seconds
[2022-03-25 23:53:46,930] {processor.py:163} INFO - Started process (PID=28749) to work on /Users/adebolafagbule/opt/anaconda3/envs/airflow_env/lib/python3.8/site-packages/airflow/example_dags/example_complex.py
[2022-03-25 23:53:46,930] {processor.py:642} INFO - Processing file /Users/adebolafagbule/opt/anaconda3/envs/airflow_env/lib/python3.8/site-packages/airflow/example_dags/example_complex.py for tasks to queue
[2022-03-25 23:53:46,931] {logging_mixin.py:109} INFO - [2022-03-25 23:53:46,931] {dagbag.py:500} INFO - Filling up the DagBag from /Users/adebolafagbule/opt/anaconda3/envs/airflow_env/lib/python3.8/site-packages/airflow/example_dags/example_complex.py
[2022-03-25 23:53:46,970] {processor.py:654} INFO - DAG(s) dict_keys(['example_complex']) retrieved from /Users/adebolafagbule/opt/anaconda3/envs/airflow_env/lib/python3.8/site-packages/airflow/example_dags/example_complex.py
[2022-03-25 23:53:46,989] {logging_mixin.py:109} INFO - [2022-03-25 23:53:46,989] {dag.py:2398} INFO - Sync 1 DAGs
[2022-03-25 23:53:46,997] {logging_mixin.py:109} INFO - [2022-03-25 23:53:46,997] {dag.py:2937} INFO - Setting next_dagrun for example_complex to None
[2022-03-25 23:53:47,003] {processor.py:171} INFO - Processing /Users/adebolafagbule/opt/anaconda3/envs/airflow_env/lib/python3.8/site-packages/airflow/example_dags/example_complex.py took 0.073 seconds
[2022-03-25 23:55:07,225] {processor.py:163} INFO - Started process (PID=28828) to work on /Users/adebolafagbule/opt/anaconda3/envs/airflow_env/lib/python3.8/site-packages/airflow/example_dags/example_complex.py
[2022-03-25 23:55:07,226] {processor.py:642} INFO - Processing file /Users/adebolafagbule/opt/anaconda3/envs/airflow_env/lib/python3.8/site-packages/airflow/example_dags/example_complex.py for tasks to queue
[2022-03-25 23:55:07,227] {logging_mixin.py:109} INFO - [2022-03-25 23:55:07,227] {dagbag.py:500} INFO - Filling up the DagBag from /Users/adebolafagbule/opt/anaconda3/envs/airflow_env/lib/python3.8/site-packages/airflow/example_dags/example_complex.py
[2022-03-25 23:55:07,260] {processor.py:654} INFO - DAG(s) dict_keys(['example_complex']) retrieved from /Users/adebolafagbule/opt/anaconda3/envs/airflow_env/lib/python3.8/site-packages/airflow/example_dags/example_complex.py
[2022-03-25 23:55:07,277] {logging_mixin.py:109} INFO - [2022-03-25 23:55:07,277] {dag.py:2398} INFO - Sync 1 DAGs
[2022-03-25 23:55:07,284] {logging_mixin.py:109} INFO - [2022-03-25 23:55:07,284] {dag.py:2937} INFO - Setting next_dagrun for example_complex to None
[2022-03-25 23:55:07,289] {processor.py:171} INFO - Processing /Users/adebolafagbule/opt/anaconda3/envs/airflow_env/lib/python3.8/site-packages/airflow/example_dags/example_complex.py took 0.064 seconds
[2022-03-25 23:56:27,674] {processor.py:163} INFO - Started process (PID=28909) to work on /Users/adebolafagbule/opt/anaconda3/envs/airflow_env/lib/python3.8/site-packages/airflow/example_dags/example_complex.py
[2022-03-25 23:56:27,675] {processor.py:642} INFO - Processing file /Users/adebolafagbule/opt/anaconda3/envs/airflow_env/lib/python3.8/site-packages/airflow/example_dags/example_complex.py for tasks to queue
[2022-03-25 23:56:27,675] {logging_mixin.py:109} INFO - [2022-03-25 23:56:27,675] {dagbag.py:500} INFO - Filling up the DagBag from /Users/adebolafagbule/opt/anaconda3/envs/airflow_env/lib/python3.8/site-packages/airflow/example_dags/example_complex.py
[2022-03-25 23:56:27,709] {processor.py:654} INFO - DAG(s) dict_keys(['example_complex']) retrieved from /Users/adebolafagbule/opt/anaconda3/envs/airflow_env/lib/python3.8/site-packages/airflow/example_dags/example_complex.py
[2022-03-25 23:56:27,726] {logging_mixin.py:109} INFO - [2022-03-25 23:56:27,726] {dag.py:2398} INFO - Sync 1 DAGs
[2022-03-25 23:56:27,732] {logging_mixin.py:109} INFO - [2022-03-25 23:56:27,732] {dag.py:2937} INFO - Setting next_dagrun for example_complex to None
[2022-03-25 23:56:27,737] {processor.py:171} INFO - Processing /Users/adebolafagbule/opt/anaconda3/envs/airflow_env/lib/python3.8/site-packages/airflow/example_dags/example_complex.py took 0.064 seconds
[2022-03-25 23:57:49,958] {processor.py:163} INFO - Started process (PID=28992) to work on /Users/adebolafagbule/opt/anaconda3/envs/airflow_env/lib/python3.8/site-packages/airflow/example_dags/example_complex.py
[2022-03-25 23:57:49,959] {processor.py:642} INFO - Processing file /Users/adebolafagbule/opt/anaconda3/envs/airflow_env/lib/python3.8/site-packages/airflow/example_dags/example_complex.py for tasks to queue
[2022-03-25 23:57:49,959] {logging_mixin.py:109} INFO - [2022-03-25 23:57:49,959] {dagbag.py:500} INFO - Filling up the DagBag from /Users/adebolafagbule/opt/anaconda3/envs/airflow_env/lib/python3.8/site-packages/airflow/example_dags/example_complex.py
[2022-03-25 23:57:49,991] {processor.py:654} INFO - DAG(s) dict_keys(['example_complex']) retrieved from /Users/adebolafagbule/opt/anaconda3/envs/airflow_env/lib/python3.8/site-packages/airflow/example_dags/example_complex.py
[2022-03-25 23:57:50,007] {logging_mixin.py:109} INFO - [2022-03-25 23:57:50,007] {dag.py:2398} INFO - Sync 1 DAGs
[2022-03-25 23:57:50,014] {logging_mixin.py:109} INFO - [2022-03-25 23:57:50,014] {dag.py:2937} INFO - Setting next_dagrun for example_complex to None
[2022-03-25 23:57:50,020] {processor.py:171} INFO - Processing /Users/adebolafagbule/opt/anaconda3/envs/airflow_env/lib/python3.8/site-packages/airflow/example_dags/example_complex.py took 0.063 seconds
[2022-03-25 23:59:07,990] {processor.py:163} INFO - Started process (PID=29082) to work on /Users/adebolafagbule/opt/anaconda3/envs/airflow_env/lib/python3.8/site-packages/airflow/example_dags/example_complex.py
[2022-03-25 23:59:07,990] {processor.py:642} INFO - Processing file /Users/adebolafagbule/opt/anaconda3/envs/airflow_env/lib/python3.8/site-packages/airflow/example_dags/example_complex.py for tasks to queue
[2022-03-25 23:59:07,990] {logging_mixin.py:109} INFO - [2022-03-25 23:59:07,990] {dagbag.py:500} INFO - Filling up the DagBag from /Users/adebolafagbule/opt/anaconda3/envs/airflow_env/lib/python3.8/site-packages/airflow/example_dags/example_complex.py
[2022-03-25 23:59:08,024] {processor.py:654} INFO - DAG(s) dict_keys(['example_complex']) retrieved from /Users/adebolafagbule/opt/anaconda3/envs/airflow_env/lib/python3.8/site-packages/airflow/example_dags/example_complex.py
[2022-03-25 23:59:08,041] {logging_mixin.py:109} INFO - [2022-03-25 23:59:08,041] {dag.py:2398} INFO - Sync 1 DAGs
[2022-03-25 23:59:08,048] {logging_mixin.py:109} INFO - [2022-03-25 23:59:08,047] {dag.py:2937} INFO - Setting next_dagrun for example_complex to None
[2022-03-25 23:59:08,053] {processor.py:171} INFO - Processing /Users/adebolafagbule/opt/anaconda3/envs/airflow_env/lib/python3.8/site-packages/airflow/example_dags/example_complex.py took 0.063 seconds
[2022-03-26 00:00:30,060] {processor.py:163} INFO - Started process (PID=29164) to work on /Users/adebolafagbule/opt/anaconda3/envs/airflow_env/lib/python3.8/site-packages/airflow/example_dags/example_complex.py
[2022-03-26 00:00:30,061] {processor.py:642} INFO - Processing file /Users/adebolafagbule/opt/anaconda3/envs/airflow_env/lib/python3.8/site-packages/airflow/example_dags/example_complex.py for tasks to queue
[2022-03-26 00:00:30,061] {logging_mixin.py:109} INFO - [2022-03-26 00:00:30,061] {dagbag.py:500} INFO - Filling up the DagBag from /Users/adebolafagbule/opt/anaconda3/envs/airflow_env/lib/python3.8/site-packages/airflow/example_dags/example_complex.py
[2022-03-26 00:00:30,122] {processor.py:654} INFO - DAG(s) dict_keys(['example_complex']) retrieved from /Users/adebolafagbule/opt/anaconda3/envs/airflow_env/lib/python3.8/site-packages/airflow/example_dags/example_complex.py
[2022-03-26 00:00:30,140] {logging_mixin.py:109} INFO - [2022-03-26 00:00:30,140] {dag.py:2398} INFO - Sync 1 DAGs
[2022-03-26 00:00:30,147] {logging_mixin.py:109} INFO - [2022-03-26 00:00:30,147] {dag.py:2937} INFO - Setting next_dagrun for example_complex to None
[2022-03-26 00:00:30,153] {processor.py:171} INFO - Processing /Users/adebolafagbule/opt/anaconda3/envs/airflow_env/lib/python3.8/site-packages/airflow/example_dags/example_complex.py took 0.094 seconds
[2022-03-26 00:01:57,669] {processor.py:163} INFO - Started process (PID=29263) to work on /Users/adebolafagbule/opt/anaconda3/envs/airflow_env/lib/python3.8/site-packages/airflow/example_dags/example_complex.py
[2022-03-26 00:01:57,670] {processor.py:642} INFO - Processing file /Users/adebolafagbule/opt/anaconda3/envs/airflow_env/lib/python3.8/site-packages/airflow/example_dags/example_complex.py for tasks to queue
[2022-03-26 00:01:57,670] {logging_mixin.py:109} INFO - [2022-03-26 00:01:57,670] {dagbag.py:500} INFO - Filling up the DagBag from /Users/adebolafagbule/opt/anaconda3/envs/airflow_env/lib/python3.8/site-packages/airflow/example_dags/example_complex.py
[2022-03-26 00:01:57,707] {processor.py:654} INFO - DAG(s) dict_keys(['example_complex']) retrieved from /Users/adebolafagbule/opt/anaconda3/envs/airflow_env/lib/python3.8/site-packages/airflow/example_dags/example_complex.py
[2022-03-26 00:01:57,724] {logging_mixin.py:109} INFO - [2022-03-26 00:01:57,724] {dag.py:2398} INFO - Sync 1 DAGs
[2022-03-26 00:01:57,731] {logging_mixin.py:109} INFO - [2022-03-26 00:01:57,731] {dag.py:2937} INFO - Setting next_dagrun for example_complex to None
[2022-03-26 00:01:57,736] {processor.py:171} INFO - Processing /Users/adebolafagbule/opt/anaconda3/envs/airflow_env/lib/python3.8/site-packages/airflow/example_dags/example_complex.py took 0.068 seconds
[2022-03-26 00:03:18,520] {processor.py:163} INFO - Started process (PID=29356) to work on /Users/adebolafagbule/opt/anaconda3/envs/airflow_env/lib/python3.8/site-packages/airflow/example_dags/example_complex.py
[2022-03-26 00:03:18,521] {processor.py:642} INFO - Processing file /Users/adebolafagbule/opt/anaconda3/envs/airflow_env/lib/python3.8/site-packages/airflow/example_dags/example_complex.py for tasks to queue
[2022-03-26 00:03:18,521] {logging_mixin.py:109} INFO - [2022-03-26 00:03:18,521] {dagbag.py:500} INFO - Filling up the DagBag from /Users/adebolafagbule/opt/anaconda3/envs/airflow_env/lib/python3.8/site-packages/airflow/example_dags/example_complex.py
[2022-03-26 00:03:18,553] {processor.py:654} INFO - DAG(s) dict_keys(['example_complex']) retrieved from /Users/adebolafagbule/opt/anaconda3/envs/airflow_env/lib/python3.8/site-packages/airflow/example_dags/example_complex.py
[2022-03-26 00:03:18,570] {logging_mixin.py:109} INFO - [2022-03-26 00:03:18,570] {dag.py:2398} INFO - Sync 1 DAGs
[2022-03-26 00:03:18,576] {logging_mixin.py:109} INFO - [2022-03-26 00:03:18,576] {dag.py:2937} INFO - Setting next_dagrun for example_complex to None
[2022-03-26 00:03:18,584] {processor.py:171} INFO - Processing /Users/adebolafagbule/opt/anaconda3/envs/airflow_env/lib/python3.8/site-packages/airflow/example_dags/example_complex.py took 0.064 seconds
[2022-03-26 00:04:39,228] {processor.py:163} INFO - Started process (PID=29435) to work on /Users/adebolafagbule/opt/anaconda3/envs/airflow_env/lib/python3.8/site-packages/airflow/example_dags/example_complex.py
[2022-03-26 00:04:39,229] {processor.py:642} INFO - Processing file /Users/adebolafagbule/opt/anaconda3/envs/airflow_env/lib/python3.8/site-packages/airflow/example_dags/example_complex.py for tasks to queue
[2022-03-26 00:04:39,229] {logging_mixin.py:109} INFO - [2022-03-26 00:04:39,229] {dagbag.py:500} INFO - Filling up the DagBag from /Users/adebolafagbule/opt/anaconda3/envs/airflow_env/lib/python3.8/site-packages/airflow/example_dags/example_complex.py
[2022-03-26 00:04:39,261] {processor.py:654} INFO - DAG(s) dict_keys(['example_complex']) retrieved from /Users/adebolafagbule/opt/anaconda3/envs/airflow_env/lib/python3.8/site-packages/airflow/example_dags/example_complex.py
[2022-03-26 00:04:39,277] {logging_mixin.py:109} INFO - [2022-03-26 00:04:39,277] {dag.py:2398} INFO - Sync 1 DAGs
[2022-03-26 00:04:39,284] {logging_mixin.py:109} INFO - [2022-03-26 00:04:39,284] {dag.py:2937} INFO - Setting next_dagrun for example_complex to None
[2022-03-26 00:04:39,290] {processor.py:171} INFO - Processing /Users/adebolafagbule/opt/anaconda3/envs/airflow_env/lib/python3.8/site-packages/airflow/example_dags/example_complex.py took 0.062 seconds
[2022-03-26 00:05:59,969] {processor.py:163} INFO - Started process (PID=29516) to work on /Users/adebolafagbule/opt/anaconda3/envs/airflow_env/lib/python3.8/site-packages/airflow/example_dags/example_complex.py
[2022-03-26 00:05:59,970] {processor.py:642} INFO - Processing file /Users/adebolafagbule/opt/anaconda3/envs/airflow_env/lib/python3.8/site-packages/airflow/example_dags/example_complex.py for tasks to queue
[2022-03-26 00:05:59,970] {logging_mixin.py:109} INFO - [2022-03-26 00:05:59,970] {dagbag.py:500} INFO - Filling up the DagBag from /Users/adebolafagbule/opt/anaconda3/envs/airflow_env/lib/python3.8/site-packages/airflow/example_dags/example_complex.py
[2022-03-26 00:06:00,002] {processor.py:654} INFO - DAG(s) dict_keys(['example_complex']) retrieved from /Users/adebolafagbule/opt/anaconda3/envs/airflow_env/lib/python3.8/site-packages/airflow/example_dags/example_complex.py
[2022-03-26 00:06:00,020] {logging_mixin.py:109} INFO - [2022-03-26 00:06:00,020] {dag.py:2398} INFO - Sync 1 DAGs
[2022-03-26 00:06:00,027] {logging_mixin.py:109} INFO - [2022-03-26 00:06:00,026] {dag.py:2937} INFO - Setting next_dagrun for example_complex to None
[2022-03-26 00:06:00,032] {processor.py:171} INFO - Processing /Users/adebolafagbule/opt/anaconda3/envs/airflow_env/lib/python3.8/site-packages/airflow/example_dags/example_complex.py took 0.064 seconds
[2022-03-26 00:07:21,423] {processor.py:163} INFO - Started process (PID=29612) to work on /Users/adebolafagbule/opt/anaconda3/envs/airflow_env/lib/python3.8/site-packages/airflow/example_dags/example_complex.py
[2022-03-26 00:07:21,424] {processor.py:642} INFO - Processing file /Users/adebolafagbule/opt/anaconda3/envs/airflow_env/lib/python3.8/site-packages/airflow/example_dags/example_complex.py for tasks to queue
[2022-03-26 00:07:21,424] {logging_mixin.py:109} INFO - [2022-03-26 00:07:21,424] {dagbag.py:500} INFO - Filling up the DagBag from /Users/adebolafagbule/opt/anaconda3/envs/airflow_env/lib/python3.8/site-packages/airflow/example_dags/example_complex.py
[2022-03-26 00:07:21,457] {processor.py:654} INFO - DAG(s) dict_keys(['example_complex']) retrieved from /Users/adebolafagbule/opt/anaconda3/envs/airflow_env/lib/python3.8/site-packages/airflow/example_dags/example_complex.py
[2022-03-26 00:07:21,473] {logging_mixin.py:109} INFO - [2022-03-26 00:07:21,473] {dag.py:2398} INFO - Sync 1 DAGs
[2022-03-26 00:07:21,480] {logging_mixin.py:109} INFO - [2022-03-26 00:07:21,480] {dag.py:2937} INFO - Setting next_dagrun for example_complex to None
[2022-03-26 00:07:21,486] {processor.py:171} INFO - Processing /Users/adebolafagbule/opt/anaconda3/envs/airflow_env/lib/python3.8/site-packages/airflow/example_dags/example_complex.py took 0.064 seconds
[2022-03-26 00:08:46,688] {processor.py:163} INFO - Started process (PID=29701) to work on /Users/adebolafagbule/opt/anaconda3/envs/airflow_env/lib/python3.8/site-packages/airflow/example_dags/example_complex.py
[2022-03-26 00:08:46,689] {processor.py:642} INFO - Processing file /Users/adebolafagbule/opt/anaconda3/envs/airflow_env/lib/python3.8/site-packages/airflow/example_dags/example_complex.py for tasks to queue
[2022-03-26 00:08:46,690] {logging_mixin.py:109} INFO - [2022-03-26 00:08:46,690] {dagbag.py:500} INFO - Filling up the DagBag from /Users/adebolafagbule/opt/anaconda3/envs/airflow_env/lib/python3.8/site-packages/airflow/example_dags/example_complex.py
[2022-03-26 00:08:46,722] {processor.py:654} INFO - DAG(s) dict_keys(['example_complex']) retrieved from /Users/adebolafagbule/opt/anaconda3/envs/airflow_env/lib/python3.8/site-packages/airflow/example_dags/example_complex.py
[2022-03-26 00:08:46,738] {logging_mixin.py:109} INFO - [2022-03-26 00:08:46,738] {dag.py:2398} INFO - Sync 1 DAGs
[2022-03-26 00:08:46,745] {logging_mixin.py:109} INFO - [2022-03-26 00:08:46,745] {dag.py:2937} INFO - Setting next_dagrun for example_complex to None
[2022-03-26 00:08:46,751] {processor.py:171} INFO - Processing /Users/adebolafagbule/opt/anaconda3/envs/airflow_env/lib/python3.8/site-packages/airflow/example_dags/example_complex.py took 0.063 seconds
[2022-03-26 00:10:08,710] {processor.py:163} INFO - Started process (PID=29796) to work on /Users/adebolafagbule/opt/anaconda3/envs/airflow_env/lib/python3.8/site-packages/airflow/example_dags/example_complex.py
[2022-03-26 00:10:08,711] {processor.py:642} INFO - Processing file /Users/adebolafagbule/opt/anaconda3/envs/airflow_env/lib/python3.8/site-packages/airflow/example_dags/example_complex.py for tasks to queue
[2022-03-26 00:10:08,711] {logging_mixin.py:109} INFO - [2022-03-26 00:10:08,711] {dagbag.py:500} INFO - Filling up the DagBag from /Users/adebolafagbule/opt/anaconda3/envs/airflow_env/lib/python3.8/site-packages/airflow/example_dags/example_complex.py
[2022-03-26 00:10:08,744] {processor.py:654} INFO - DAG(s) dict_keys(['example_complex']) retrieved from /Users/adebolafagbule/opt/anaconda3/envs/airflow_env/lib/python3.8/site-packages/airflow/example_dags/example_complex.py
[2022-03-26 00:10:08,761] {logging_mixin.py:109} INFO - [2022-03-26 00:10:08,761] {dag.py:2398} INFO - Sync 1 DAGs
[2022-03-26 00:10:08,767] {logging_mixin.py:109} INFO - [2022-03-26 00:10:08,767] {dag.py:2937} INFO - Setting next_dagrun for example_complex to None
[2022-03-26 00:10:08,773] {processor.py:171} INFO - Processing /Users/adebolafagbule/opt/anaconda3/envs/airflow_env/lib/python3.8/site-packages/airflow/example_dags/example_complex.py took 0.063 seconds
[2022-03-26 00:11:29,898] {processor.py:163} INFO - Started process (PID=29887) to work on /Users/adebolafagbule/opt/anaconda3/envs/airflow_env/lib/python3.8/site-packages/airflow/example_dags/example_complex.py
[2022-03-26 00:11:29,899] {processor.py:642} INFO - Processing file /Users/adebolafagbule/opt/anaconda3/envs/airflow_env/lib/python3.8/site-packages/airflow/example_dags/example_complex.py for tasks to queue
[2022-03-26 00:11:29,900] {logging_mixin.py:109} INFO - [2022-03-26 00:11:29,899] {dagbag.py:500} INFO - Filling up the DagBag from /Users/adebolafagbule/opt/anaconda3/envs/airflow_env/lib/python3.8/site-packages/airflow/example_dags/example_complex.py
[2022-03-26 00:11:29,933] {processor.py:654} INFO - DAG(s) dict_keys(['example_complex']) retrieved from /Users/adebolafagbule/opt/anaconda3/envs/airflow_env/lib/python3.8/site-packages/airflow/example_dags/example_complex.py
[2022-03-26 00:11:29,950] {logging_mixin.py:109} INFO - [2022-03-26 00:11:29,949] {dag.py:2398} INFO - Sync 1 DAGs
[2022-03-26 00:11:29,956] {logging_mixin.py:109} INFO - [2022-03-26 00:11:29,956] {dag.py:2937} INFO - Setting next_dagrun for example_complex to None
[2022-03-26 00:11:29,962] {processor.py:171} INFO - Processing /Users/adebolafagbule/opt/anaconda3/envs/airflow_env/lib/python3.8/site-packages/airflow/example_dags/example_complex.py took 0.064 seconds
[2022-03-26 00:12:52,303] {processor.py:163} INFO - Started process (PID=29981) to work on /Users/adebolafagbule/opt/anaconda3/envs/airflow_env/lib/python3.8/site-packages/airflow/example_dags/example_complex.py
[2022-03-26 00:12:52,304] {processor.py:642} INFO - Processing file /Users/adebolafagbule/opt/anaconda3/envs/airflow_env/lib/python3.8/site-packages/airflow/example_dags/example_complex.py for tasks to queue
[2022-03-26 00:12:52,304] {logging_mixin.py:109} INFO - [2022-03-26 00:12:52,304] {dagbag.py:500} INFO - Filling up the DagBag from /Users/adebolafagbule/opt/anaconda3/envs/airflow_env/lib/python3.8/site-packages/airflow/example_dags/example_complex.py
[2022-03-26 00:12:52,338] {processor.py:654} INFO - DAG(s) dict_keys(['example_complex']) retrieved from /Users/adebolafagbule/opt/anaconda3/envs/airflow_env/lib/python3.8/site-packages/airflow/example_dags/example_complex.py
[2022-03-26 00:12:52,355] {logging_mixin.py:109} INFO - [2022-03-26 00:12:52,355] {dag.py:2398} INFO - Sync 1 DAGs
[2022-03-26 00:12:52,361] {logging_mixin.py:109} INFO - [2022-03-26 00:12:52,361] {dag.py:2937} INFO - Setting next_dagrun for example_complex to None
[2022-03-26 00:12:52,367] {processor.py:171} INFO - Processing /Users/adebolafagbule/opt/anaconda3/envs/airflow_env/lib/python3.8/site-packages/airflow/example_dags/example_complex.py took 0.065 seconds
[2022-03-26 00:14:13,174] {processor.py:163} INFO - Started process (PID=30072) to work on /Users/adebolafagbule/opt/anaconda3/envs/airflow_env/lib/python3.8/site-packages/airflow/example_dags/example_complex.py
[2022-03-26 00:14:13,175] {processor.py:642} INFO - Processing file /Users/adebolafagbule/opt/anaconda3/envs/airflow_env/lib/python3.8/site-packages/airflow/example_dags/example_complex.py for tasks to queue
[2022-03-26 00:14:13,175] {logging_mixin.py:109} INFO - [2022-03-26 00:14:13,175] {dagbag.py:500} INFO - Filling up the DagBag from /Users/adebolafagbule/opt/anaconda3/envs/airflow_env/lib/python3.8/site-packages/airflow/example_dags/example_complex.py
[2022-03-26 00:14:13,208] {processor.py:654} INFO - DAG(s) dict_keys(['example_complex']) retrieved from /Users/adebolafagbule/opt/anaconda3/envs/airflow_env/lib/python3.8/site-packages/airflow/example_dags/example_complex.py
[2022-03-26 00:14:13,226] {logging_mixin.py:109} INFO - [2022-03-26 00:14:13,226] {dag.py:2398} INFO - Sync 1 DAGs
[2022-03-26 00:14:13,232] {logging_mixin.py:109} INFO - [2022-03-26 00:14:13,232] {dag.py:2937} INFO - Setting next_dagrun for example_complex to None
[2022-03-26 00:14:13,238] {processor.py:171} INFO - Processing /Users/adebolafagbule/opt/anaconda3/envs/airflow_env/lib/python3.8/site-packages/airflow/example_dags/example_complex.py took 0.065 seconds
[2022-03-26 00:15:34,146] {processor.py:163} INFO - Started process (PID=30160) to work on /Users/adebolafagbule/opt/anaconda3/envs/airflow_env/lib/python3.8/site-packages/airflow/example_dags/example_complex.py
[2022-03-26 00:15:34,147] {processor.py:642} INFO - Processing file /Users/adebolafagbule/opt/anaconda3/envs/airflow_env/lib/python3.8/site-packages/airflow/example_dags/example_complex.py for tasks to queue
[2022-03-26 00:15:34,147] {logging_mixin.py:109} INFO - [2022-03-26 00:15:34,147] {dagbag.py:500} INFO - Filling up the DagBag from /Users/adebolafagbule/opt/anaconda3/envs/airflow_env/lib/python3.8/site-packages/airflow/example_dags/example_complex.py
[2022-03-26 00:15:34,180] {processor.py:654} INFO - DAG(s) dict_keys(['example_complex']) retrieved from /Users/adebolafagbule/opt/anaconda3/envs/airflow_env/lib/python3.8/site-packages/airflow/example_dags/example_complex.py
[2022-03-26 00:15:34,196] {logging_mixin.py:109} INFO - [2022-03-26 00:15:34,196] {dag.py:2398} INFO - Sync 1 DAGs
[2022-03-26 00:15:34,203] {logging_mixin.py:109} INFO - [2022-03-26 00:15:34,203] {dag.py:2937} INFO - Setting next_dagrun for example_complex to None
[2022-03-26 00:15:34,209] {processor.py:171} INFO - Processing /Users/adebolafagbule/opt/anaconda3/envs/airflow_env/lib/python3.8/site-packages/airflow/example_dags/example_complex.py took 0.063 seconds
[2022-03-26 00:16:54,178] {processor.py:163} INFO - Started process (PID=30245) to work on /Users/adebolafagbule/opt/anaconda3/envs/airflow_env/lib/python3.8/site-packages/airflow/example_dags/example_complex.py
[2022-03-26 00:16:54,178] {processor.py:642} INFO - Processing file /Users/adebolafagbule/opt/anaconda3/envs/airflow_env/lib/python3.8/site-packages/airflow/example_dags/example_complex.py for tasks to queue
[2022-03-26 00:16:54,178] {logging_mixin.py:109} INFO - [2022-03-26 00:16:54,178] {dagbag.py:500} INFO - Filling up the DagBag from /Users/adebolafagbule/opt/anaconda3/envs/airflow_env/lib/python3.8/site-packages/airflow/example_dags/example_complex.py
[2022-03-26 00:16:54,209] {processor.py:654} INFO - DAG(s) dict_keys(['example_complex']) retrieved from /Users/adebolafagbule/opt/anaconda3/envs/airflow_env/lib/python3.8/site-packages/airflow/example_dags/example_complex.py
[2022-03-26 00:16:54,224] {logging_mixin.py:109} INFO - [2022-03-26 00:16:54,224] {dag.py:2398} INFO - Sync 1 DAGs
[2022-03-26 00:16:54,231] {logging_mixin.py:109} INFO - [2022-03-26 00:16:54,230] {dag.py:2937} INFO - Setting next_dagrun for example_complex to None
[2022-03-26 00:16:54,237] {processor.py:171} INFO - Processing /Users/adebolafagbule/opt/anaconda3/envs/airflow_env/lib/python3.8/site-packages/airflow/example_dags/example_complex.py took 0.059 seconds
[2022-03-26 00:18:14,458] {processor.py:163} INFO - Started process (PID=30331) to work on /Users/adebolafagbule/opt/anaconda3/envs/airflow_env/lib/python3.8/site-packages/airflow/example_dags/example_complex.py
[2022-03-26 00:18:14,458] {processor.py:642} INFO - Processing file /Users/adebolafagbule/opt/anaconda3/envs/airflow_env/lib/python3.8/site-packages/airflow/example_dags/example_complex.py for tasks to queue
[2022-03-26 00:18:14,459] {logging_mixin.py:109} INFO - [2022-03-26 00:18:14,459] {dagbag.py:500} INFO - Filling up the DagBag from /Users/adebolafagbule/opt/anaconda3/envs/airflow_env/lib/python3.8/site-packages/airflow/example_dags/example_complex.py
[2022-03-26 00:18:14,495] {processor.py:654} INFO - DAG(s) dict_keys(['example_complex']) retrieved from /Users/adebolafagbule/opt/anaconda3/envs/airflow_env/lib/python3.8/site-packages/airflow/example_dags/example_complex.py
[2022-03-26 00:18:14,514] {logging_mixin.py:109} INFO - [2022-03-26 00:18:14,514] {dag.py:2398} INFO - Sync 1 DAGs
[2022-03-26 00:18:14,521] {logging_mixin.py:109} INFO - [2022-03-26 00:18:14,521] {dag.py:2937} INFO - Setting next_dagrun for example_complex to None
[2022-03-26 00:18:14,527] {processor.py:171} INFO - Processing /Users/adebolafagbule/opt/anaconda3/envs/airflow_env/lib/python3.8/site-packages/airflow/example_dags/example_complex.py took 0.070 seconds
[2022-03-26 00:19:35,169] {processor.py:163} INFO - Started process (PID=30418) to work on /Users/adebolafagbule/opt/anaconda3/envs/airflow_env/lib/python3.8/site-packages/airflow/example_dags/example_complex.py
[2022-03-26 00:19:35,171] {processor.py:642} INFO - Processing file /Users/adebolafagbule/opt/anaconda3/envs/airflow_env/lib/python3.8/site-packages/airflow/example_dags/example_complex.py for tasks to queue
[2022-03-26 00:19:35,171] {logging_mixin.py:109} INFO - [2022-03-26 00:19:35,171] {dagbag.py:500} INFO - Filling up the DagBag from /Users/adebolafagbule/opt/anaconda3/envs/airflow_env/lib/python3.8/site-packages/airflow/example_dags/example_complex.py
[2022-03-26 00:19:35,206] {processor.py:654} INFO - DAG(s) dict_keys(['example_complex']) retrieved from /Users/adebolafagbule/opt/anaconda3/envs/airflow_env/lib/python3.8/site-packages/airflow/example_dags/example_complex.py
[2022-03-26 00:19:35,223] {logging_mixin.py:109} INFO - [2022-03-26 00:19:35,223] {dag.py:2398} INFO - Sync 1 DAGs
[2022-03-26 00:19:35,229] {logging_mixin.py:109} INFO - [2022-03-26 00:19:35,229] {dag.py:2937} INFO - Setting next_dagrun for example_complex to None
[2022-03-26 00:19:35,236] {processor.py:171} INFO - Processing /Users/adebolafagbule/opt/anaconda3/envs/airflow_env/lib/python3.8/site-packages/airflow/example_dags/example_complex.py took 0.067 seconds
[2022-03-26 00:20:53,772] {processor.py:163} INFO - Started process (PID=30500) to work on /Users/adebolafagbule/opt/anaconda3/envs/airflow_env/lib/python3.8/site-packages/airflow/example_dags/example_complex.py
[2022-03-26 00:20:53,773] {processor.py:642} INFO - Processing file /Users/adebolafagbule/opt/anaconda3/envs/airflow_env/lib/python3.8/site-packages/airflow/example_dags/example_complex.py for tasks to queue
[2022-03-26 00:20:53,773] {logging_mixin.py:109} INFO - [2022-03-26 00:20:53,773] {dagbag.py:500} INFO - Filling up the DagBag from /Users/adebolafagbule/opt/anaconda3/envs/airflow_env/lib/python3.8/site-packages/airflow/example_dags/example_complex.py
[2022-03-26 00:20:53,807] {processor.py:654} INFO - DAG(s) dict_keys(['example_complex']) retrieved from /Users/adebolafagbule/opt/anaconda3/envs/airflow_env/lib/python3.8/site-packages/airflow/example_dags/example_complex.py
[2022-03-26 00:20:53,825] {logging_mixin.py:109} INFO - [2022-03-26 00:20:53,825] {dag.py:2398} INFO - Sync 1 DAGs
[2022-03-26 00:20:53,831] {logging_mixin.py:109} INFO - [2022-03-26 00:20:53,831] {dag.py:2937} INFO - Setting next_dagrun for example_complex to None
[2022-03-26 00:20:53,837] {processor.py:171} INFO - Processing /Users/adebolafagbule/opt/anaconda3/envs/airflow_env/lib/python3.8/site-packages/airflow/example_dags/example_complex.py took 0.065 seconds
[2022-03-26 00:22:13,300] {processor.py:163} INFO - Started process (PID=30586) to work on /Users/adebolafagbule/opt/anaconda3/envs/airflow_env/lib/python3.8/site-packages/airflow/example_dags/example_complex.py
[2022-03-26 00:22:13,301] {processor.py:642} INFO - Processing file /Users/adebolafagbule/opt/anaconda3/envs/airflow_env/lib/python3.8/site-packages/airflow/example_dags/example_complex.py for tasks to queue
[2022-03-26 00:22:13,302] {logging_mixin.py:109} INFO - [2022-03-26 00:22:13,302] {dagbag.py:500} INFO - Filling up the DagBag from /Users/adebolafagbule/opt/anaconda3/envs/airflow_env/lib/python3.8/site-packages/airflow/example_dags/example_complex.py
[2022-03-26 00:22:13,334] {processor.py:654} INFO - DAG(s) dict_keys(['example_complex']) retrieved from /Users/adebolafagbule/opt/anaconda3/envs/airflow_env/lib/python3.8/site-packages/airflow/example_dags/example_complex.py
[2022-03-26 00:22:13,351] {logging_mixin.py:109} INFO - [2022-03-26 00:22:13,351] {dag.py:2398} INFO - Sync 1 DAGs
[2022-03-26 00:22:13,357] {logging_mixin.py:109} INFO - [2022-03-26 00:22:13,357] {dag.py:2937} INFO - Setting next_dagrun for example_complex to None
[2022-03-26 00:22:13,363] {processor.py:171} INFO - Processing /Users/adebolafagbule/opt/anaconda3/envs/airflow_env/lib/python3.8/site-packages/airflow/example_dags/example_complex.py took 0.063 seconds
[2022-03-26 00:23:38,011] {processor.py:163} INFO - Started process (PID=30692) to work on /Users/adebolafagbule/opt/anaconda3/envs/airflow_env/lib/python3.8/site-packages/airflow/example_dags/example_complex.py
[2022-03-26 00:23:38,011] {processor.py:642} INFO - Processing file /Users/adebolafagbule/opt/anaconda3/envs/airflow_env/lib/python3.8/site-packages/airflow/example_dags/example_complex.py for tasks to queue
[2022-03-26 00:23:38,012] {logging_mixin.py:109} INFO - [2022-03-26 00:23:38,012] {dagbag.py:500} INFO - Filling up the DagBag from /Users/adebolafagbule/opt/anaconda3/envs/airflow_env/lib/python3.8/site-packages/airflow/example_dags/example_complex.py
[2022-03-26 00:23:38,049] {processor.py:654} INFO - DAG(s) dict_keys(['example_complex']) retrieved from /Users/adebolafagbule/opt/anaconda3/envs/airflow_env/lib/python3.8/site-packages/airflow/example_dags/example_complex.py
[2022-03-26 00:23:38,068] {logging_mixin.py:109} INFO - [2022-03-26 00:23:38,067] {dag.py:2398} INFO - Sync 1 DAGs
[2022-03-26 00:23:38,075] {logging_mixin.py:109} INFO - [2022-03-26 00:23:38,075] {dag.py:2937} INFO - Setting next_dagrun for example_complex to None
[2022-03-26 00:23:38,081] {processor.py:171} INFO - Processing /Users/adebolafagbule/opt/anaconda3/envs/airflow_env/lib/python3.8/site-packages/airflow/example_dags/example_complex.py took 0.070 seconds
[2022-03-26 00:24:55,979] {processor.py:163} INFO - Started process (PID=30783) to work on /Users/adebolafagbule/opt/anaconda3/envs/airflow_env/lib/python3.8/site-packages/airflow/example_dags/example_complex.py
[2022-03-26 00:24:55,979] {processor.py:642} INFO - Processing file /Users/adebolafagbule/opt/anaconda3/envs/airflow_env/lib/python3.8/site-packages/airflow/example_dags/example_complex.py for tasks to queue
[2022-03-26 00:24:55,979] {logging_mixin.py:109} INFO - [2022-03-26 00:24:55,979] {dagbag.py:500} INFO - Filling up the DagBag from /Users/adebolafagbule/opt/anaconda3/envs/airflow_env/lib/python3.8/site-packages/airflow/example_dags/example_complex.py
[2022-03-26 00:24:56,010] {processor.py:654} INFO - DAG(s) dict_keys(['example_complex']) retrieved from /Users/adebolafagbule/opt/anaconda3/envs/airflow_env/lib/python3.8/site-packages/airflow/example_dags/example_complex.py
[2022-03-26 00:24:56,027] {logging_mixin.py:109} INFO - [2022-03-26 00:24:56,027] {dag.py:2398} INFO - Sync 1 DAGs
[2022-03-26 00:24:56,034] {logging_mixin.py:109} INFO - [2022-03-26 00:24:56,034] {dag.py:2937} INFO - Setting next_dagrun for example_complex to None
[2022-03-26 00:24:56,041] {processor.py:171} INFO - Processing /Users/adebolafagbule/opt/anaconda3/envs/airflow_env/lib/python3.8/site-packages/airflow/example_dags/example_complex.py took 0.063 seconds
[2022-03-26 00:26:16,357] {processor.py:163} INFO - Started process (PID=30867) to work on /Users/adebolafagbule/opt/anaconda3/envs/airflow_env/lib/python3.8/site-packages/airflow/example_dags/example_complex.py
[2022-03-26 00:26:16,358] {processor.py:642} INFO - Processing file /Users/adebolafagbule/opt/anaconda3/envs/airflow_env/lib/python3.8/site-packages/airflow/example_dags/example_complex.py for tasks to queue
[2022-03-26 00:26:16,358] {logging_mixin.py:109} INFO - [2022-03-26 00:26:16,358] {dagbag.py:500} INFO - Filling up the DagBag from /Users/adebolafagbule/opt/anaconda3/envs/airflow_env/lib/python3.8/site-packages/airflow/example_dags/example_complex.py
[2022-03-26 00:26:16,391] {processor.py:654} INFO - DAG(s) dict_keys(['example_complex']) retrieved from /Users/adebolafagbule/opt/anaconda3/envs/airflow_env/lib/python3.8/site-packages/airflow/example_dags/example_complex.py
[2022-03-26 00:26:16,408] {logging_mixin.py:109} INFO - [2022-03-26 00:26:16,408] {dag.py:2398} INFO - Sync 1 DAGs
[2022-03-26 00:26:16,415] {logging_mixin.py:109} INFO - [2022-03-26 00:26:16,414] {dag.py:2937} INFO - Setting next_dagrun for example_complex to None
[2022-03-26 00:26:16,421] {processor.py:171} INFO - Processing /Users/adebolafagbule/opt/anaconda3/envs/airflow_env/lib/python3.8/site-packages/airflow/example_dags/example_complex.py took 0.064 seconds
[2022-03-26 00:27:40,675] {processor.py:163} INFO - Started process (PID=30976) to work on /Users/adebolafagbule/opt/anaconda3/envs/airflow_env/lib/python3.8/site-packages/airflow/example_dags/example_complex.py
[2022-03-26 00:27:40,676] {processor.py:642} INFO - Processing file /Users/adebolafagbule/opt/anaconda3/envs/airflow_env/lib/python3.8/site-packages/airflow/example_dags/example_complex.py for tasks to queue
[2022-03-26 00:27:40,676] {logging_mixin.py:109} INFO - [2022-03-26 00:27:40,676] {dagbag.py:500} INFO - Filling up the DagBag from /Users/adebolafagbule/opt/anaconda3/envs/airflow_env/lib/python3.8/site-packages/airflow/example_dags/example_complex.py
[2022-03-26 00:27:40,708] {processor.py:654} INFO - DAG(s) dict_keys(['example_complex']) retrieved from /Users/adebolafagbule/opt/anaconda3/envs/airflow_env/lib/python3.8/site-packages/airflow/example_dags/example_complex.py
[2022-03-26 00:27:40,725] {logging_mixin.py:109} INFO - [2022-03-26 00:27:40,725] {dag.py:2398} INFO - Sync 1 DAGs
[2022-03-26 00:27:40,732] {logging_mixin.py:109} INFO - [2022-03-26 00:27:40,732] {dag.py:2937} INFO - Setting next_dagrun for example_complex to None
[2022-03-26 00:27:40,738] {processor.py:171} INFO - Processing /Users/adebolafagbule/opt/anaconda3/envs/airflow_env/lib/python3.8/site-packages/airflow/example_dags/example_complex.py took 0.063 seconds
[2022-03-26 00:29:08,861] {processor.py:163} INFO - Started process (PID=31070) to work on /Users/adebolafagbule/opt/anaconda3/envs/airflow_env/lib/python3.8/site-packages/airflow/example_dags/example_complex.py
[2022-03-26 00:29:08,862] {processor.py:642} INFO - Processing file /Users/adebolafagbule/opt/anaconda3/envs/airflow_env/lib/python3.8/site-packages/airflow/example_dags/example_complex.py for tasks to queue
[2022-03-26 00:29:08,862] {logging_mixin.py:109} INFO - [2022-03-26 00:29:08,862] {dagbag.py:500} INFO - Filling up the DagBag from /Users/adebolafagbule/opt/anaconda3/envs/airflow_env/lib/python3.8/site-packages/airflow/example_dags/example_complex.py
[2022-03-26 00:29:08,896] {processor.py:654} INFO - DAG(s) dict_keys(['example_complex']) retrieved from /Users/adebolafagbule/opt/anaconda3/envs/airflow_env/lib/python3.8/site-packages/airflow/example_dags/example_complex.py
[2022-03-26 00:29:08,913] {logging_mixin.py:109} INFO - [2022-03-26 00:29:08,913] {dag.py:2398} INFO - Sync 1 DAGs
[2022-03-26 00:29:08,919] {logging_mixin.py:109} INFO - [2022-03-26 00:29:08,919] {dag.py:2937} INFO - Setting next_dagrun for example_complex to None
[2022-03-26 00:29:08,925] {processor.py:171} INFO - Processing /Users/adebolafagbule/opt/anaconda3/envs/airflow_env/lib/python3.8/site-packages/airflow/example_dags/example_complex.py took 0.065 seconds
[2022-03-26 00:30:43,092] {processor.py:163} INFO - Started process (PID=31174) to work on /Users/adebolafagbule/opt/anaconda3/envs/airflow_env/lib/python3.8/site-packages/airflow/example_dags/example_complex.py
[2022-03-26 00:30:43,093] {processor.py:642} INFO - Processing file /Users/adebolafagbule/opt/anaconda3/envs/airflow_env/lib/python3.8/site-packages/airflow/example_dags/example_complex.py for tasks to queue
[2022-03-26 00:30:43,093] {logging_mixin.py:109} INFO - [2022-03-26 00:30:43,093] {dagbag.py:500} INFO - Filling up the DagBag from /Users/adebolafagbule/opt/anaconda3/envs/airflow_env/lib/python3.8/site-packages/airflow/example_dags/example_complex.py
[2022-03-26 00:30:43,127] {processor.py:654} INFO - DAG(s) dict_keys(['example_complex']) retrieved from /Users/adebolafagbule/opt/anaconda3/envs/airflow_env/lib/python3.8/site-packages/airflow/example_dags/example_complex.py
[2022-03-26 00:30:43,144] {logging_mixin.py:109} INFO - [2022-03-26 00:30:43,144] {dag.py:2398} INFO - Sync 1 DAGs
[2022-03-26 00:30:43,151] {logging_mixin.py:109} INFO - [2022-03-26 00:30:43,151] {dag.py:2937} INFO - Setting next_dagrun for example_complex to None
[2022-03-26 00:30:43,157] {processor.py:171} INFO - Processing /Users/adebolafagbule/opt/anaconda3/envs/airflow_env/lib/python3.8/site-packages/airflow/example_dags/example_complex.py took 0.066 seconds
[2022-03-26 00:32:09,971] {processor.py:163} INFO - Started process (PID=31276) to work on /Users/adebolafagbule/opt/anaconda3/envs/airflow_env/lib/python3.8/site-packages/airflow/example_dags/example_complex.py
[2022-03-26 00:32:09,971] {processor.py:642} INFO - Processing file /Users/adebolafagbule/opt/anaconda3/envs/airflow_env/lib/python3.8/site-packages/airflow/example_dags/example_complex.py for tasks to queue
[2022-03-26 00:32:09,972] {logging_mixin.py:109} INFO - [2022-03-26 00:32:09,972] {dagbag.py:500} INFO - Filling up the DagBag from /Users/adebolafagbule/opt/anaconda3/envs/airflow_env/lib/python3.8/site-packages/airflow/example_dags/example_complex.py
[2022-03-26 00:32:10,009] {processor.py:654} INFO - DAG(s) dict_keys(['example_complex']) retrieved from /Users/adebolafagbule/opt/anaconda3/envs/airflow_env/lib/python3.8/site-packages/airflow/example_dags/example_complex.py
[2022-03-26 00:32:10,026] {logging_mixin.py:109} INFO - [2022-03-26 00:32:10,026] {dag.py:2398} INFO - Sync 1 DAGs
[2022-03-26 00:32:10,033] {logging_mixin.py:109} INFO - [2022-03-26 00:32:10,033] {dag.py:2937} INFO - Setting next_dagrun for example_complex to None
[2022-03-26 00:32:10,039] {processor.py:171} INFO - Processing /Users/adebolafagbule/opt/anaconda3/envs/airflow_env/lib/python3.8/site-packages/airflow/example_dags/example_complex.py took 0.069 seconds
[2022-03-26 00:33:35,958] {processor.py:163} INFO - Started process (PID=31366) to work on /Users/adebolafagbule/opt/anaconda3/envs/airflow_env/lib/python3.8/site-packages/airflow/example_dags/example_complex.py
[2022-03-26 00:33:35,959] {processor.py:642} INFO - Processing file /Users/adebolafagbule/opt/anaconda3/envs/airflow_env/lib/python3.8/site-packages/airflow/example_dags/example_complex.py for tasks to queue
[2022-03-26 00:33:35,959] {logging_mixin.py:109} INFO - [2022-03-26 00:33:35,959] {dagbag.py:500} INFO - Filling up the DagBag from /Users/adebolafagbule/opt/anaconda3/envs/airflow_env/lib/python3.8/site-packages/airflow/example_dags/example_complex.py
[2022-03-26 00:33:35,992] {processor.py:654} INFO - DAG(s) dict_keys(['example_complex']) retrieved from /Users/adebolafagbule/opt/anaconda3/envs/airflow_env/lib/python3.8/site-packages/airflow/example_dags/example_complex.py
[2022-03-26 00:33:36,008] {logging_mixin.py:109} INFO - [2022-03-26 00:33:36,008] {dag.py:2398} INFO - Sync 1 DAGs
[2022-03-26 00:33:36,015] {logging_mixin.py:109} INFO - [2022-03-26 00:33:36,015] {dag.py:2937} INFO - Setting next_dagrun for example_complex to None
[2022-03-26 00:33:36,020] {processor.py:171} INFO - Processing /Users/adebolafagbule/opt/anaconda3/envs/airflow_env/lib/python3.8/site-packages/airflow/example_dags/example_complex.py took 0.063 seconds
[2022-03-26 00:34:56,823] {processor.py:163} INFO - Started process (PID=31449) to work on /Users/adebolafagbule/opt/anaconda3/envs/airflow_env/lib/python3.8/site-packages/airflow/example_dags/example_complex.py
[2022-03-26 00:34:56,824] {processor.py:642} INFO - Processing file /Users/adebolafagbule/opt/anaconda3/envs/airflow_env/lib/python3.8/site-packages/airflow/example_dags/example_complex.py for tasks to queue
[2022-03-26 00:34:56,825] {logging_mixin.py:109} INFO - [2022-03-26 00:34:56,825] {dagbag.py:500} INFO - Filling up the DagBag from /Users/adebolafagbule/opt/anaconda3/envs/airflow_env/lib/python3.8/site-packages/airflow/example_dags/example_complex.py
[2022-03-26 00:34:56,870] {processor.py:654} INFO - DAG(s) dict_keys(['example_complex']) retrieved from /Users/adebolafagbule/opt/anaconda3/envs/airflow_env/lib/python3.8/site-packages/airflow/example_dags/example_complex.py
[2022-03-26 00:34:56,887] {logging_mixin.py:109} INFO - [2022-03-26 00:34:56,886] {dag.py:2398} INFO - Sync 1 DAGs
[2022-03-26 00:34:56,893] {logging_mixin.py:109} INFO - [2022-03-26 00:34:56,893] {dag.py:2937} INFO - Setting next_dagrun for example_complex to None
[2022-03-26 00:34:56,899] {processor.py:171} INFO - Processing /Users/adebolafagbule/opt/anaconda3/envs/airflow_env/lib/python3.8/site-packages/airflow/example_dags/example_complex.py took 0.076 seconds
[2022-03-26 00:36:16,491] {processor.py:163} INFO - Started process (PID=31532) to work on /Users/adebolafagbule/opt/anaconda3/envs/airflow_env/lib/python3.8/site-packages/airflow/example_dags/example_complex.py
[2022-03-26 00:36:16,492] {processor.py:642} INFO - Processing file /Users/adebolafagbule/opt/anaconda3/envs/airflow_env/lib/python3.8/site-packages/airflow/example_dags/example_complex.py for tasks to queue
[2022-03-26 00:36:16,493] {logging_mixin.py:109} INFO - [2022-03-26 00:36:16,493] {dagbag.py:500} INFO - Filling up the DagBag from /Users/adebolafagbule/opt/anaconda3/envs/airflow_env/lib/python3.8/site-packages/airflow/example_dags/example_complex.py
[2022-03-26 00:36:16,524] {processor.py:654} INFO - DAG(s) dict_keys(['example_complex']) retrieved from /Users/adebolafagbule/opt/anaconda3/envs/airflow_env/lib/python3.8/site-packages/airflow/example_dags/example_complex.py
[2022-03-26 00:36:16,540] {logging_mixin.py:109} INFO - [2022-03-26 00:36:16,540] {dag.py:2398} INFO - Sync 1 DAGs
[2022-03-26 00:36:16,546] {logging_mixin.py:109} INFO - [2022-03-26 00:36:16,546] {dag.py:2937} INFO - Setting next_dagrun for example_complex to None
[2022-03-26 00:36:16,553] {processor.py:171} INFO - Processing /Users/adebolafagbule/opt/anaconda3/envs/airflow_env/lib/python3.8/site-packages/airflow/example_dags/example_complex.py took 0.062 seconds
[2022-03-26 00:37:43,664] {processor.py:163} INFO - Started process (PID=31626) to work on /Users/adebolafagbule/opt/anaconda3/envs/airflow_env/lib/python3.8/site-packages/airflow/example_dags/example_complex.py
[2022-03-26 00:37:43,665] {processor.py:642} INFO - Processing file /Users/adebolafagbule/opt/anaconda3/envs/airflow_env/lib/python3.8/site-packages/airflow/example_dags/example_complex.py for tasks to queue
[2022-03-26 00:37:43,666] {logging_mixin.py:109} INFO - [2022-03-26 00:37:43,665] {dagbag.py:500} INFO - Filling up the DagBag from /Users/adebolafagbule/opt/anaconda3/envs/airflow_env/lib/python3.8/site-packages/airflow/example_dags/example_complex.py
[2022-03-26 00:37:43,700] {processor.py:654} INFO - DAG(s) dict_keys(['example_complex']) retrieved from /Users/adebolafagbule/opt/anaconda3/envs/airflow_env/lib/python3.8/site-packages/airflow/example_dags/example_complex.py
[2022-03-26 00:37:43,717] {logging_mixin.py:109} INFO - [2022-03-26 00:37:43,717] {dag.py:2398} INFO - Sync 1 DAGs
[2022-03-26 00:37:43,724] {logging_mixin.py:109} INFO - [2022-03-26 00:37:43,724] {dag.py:2937} INFO - Setting next_dagrun for example_complex to None
[2022-03-26 00:37:43,729] {processor.py:171} INFO - Processing /Users/adebolafagbule/opt/anaconda3/envs/airflow_env/lib/python3.8/site-packages/airflow/example_dags/example_complex.py took 0.065 seconds
[2022-03-26 00:39:21,659] {processor.py:163} INFO - Started process (PID=31737) to work on /Users/adebolafagbule/opt/anaconda3/envs/airflow_env/lib/python3.8/site-packages/airflow/example_dags/example_complex.py
[2022-03-26 00:39:21,660] {processor.py:642} INFO - Processing file /Users/adebolafagbule/opt/anaconda3/envs/airflow_env/lib/python3.8/site-packages/airflow/example_dags/example_complex.py for tasks to queue
[2022-03-26 00:39:21,660] {logging_mixin.py:109} INFO - [2022-03-26 00:39:21,660] {dagbag.py:500} INFO - Filling up the DagBag from /Users/adebolafagbule/opt/anaconda3/envs/airflow_env/lib/python3.8/site-packages/airflow/example_dags/example_complex.py
[2022-03-26 00:39:21,692] {processor.py:654} INFO - DAG(s) dict_keys(['example_complex']) retrieved from /Users/adebolafagbule/opt/anaconda3/envs/airflow_env/lib/python3.8/site-packages/airflow/example_dags/example_complex.py
[2022-03-26 00:39:21,708] {logging_mixin.py:109} INFO - [2022-03-26 00:39:21,708] {dag.py:2398} INFO - Sync 1 DAGs
[2022-03-26 00:39:21,715] {logging_mixin.py:109} INFO - [2022-03-26 00:39:21,715] {dag.py:2937} INFO - Setting next_dagrun for example_complex to None
[2022-03-26 00:39:21,720] {processor.py:171} INFO - Processing /Users/adebolafagbule/opt/anaconda3/envs/airflow_env/lib/python3.8/site-packages/airflow/example_dags/example_complex.py took 0.061 seconds
[2022-03-26 00:40:50,081] {processor.py:163} INFO - Started process (PID=31825) to work on /Users/adebolafagbule/opt/anaconda3/envs/airflow_env/lib/python3.8/site-packages/airflow/example_dags/example_complex.py
[2022-03-26 00:40:50,082] {processor.py:642} INFO - Processing file /Users/adebolafagbule/opt/anaconda3/envs/airflow_env/lib/python3.8/site-packages/airflow/example_dags/example_complex.py for tasks to queue
[2022-03-26 00:40:50,082] {logging_mixin.py:109} INFO - [2022-03-26 00:40:50,082] {dagbag.py:500} INFO - Filling up the DagBag from /Users/adebolafagbule/opt/anaconda3/envs/airflow_env/lib/python3.8/site-packages/airflow/example_dags/example_complex.py
[2022-03-26 00:40:50,115] {processor.py:654} INFO - DAG(s) dict_keys(['example_complex']) retrieved from /Users/adebolafagbule/opt/anaconda3/envs/airflow_env/lib/python3.8/site-packages/airflow/example_dags/example_complex.py
[2022-03-26 00:40:50,132] {logging_mixin.py:109} INFO - [2022-03-26 00:40:50,132] {dag.py:2398} INFO - Sync 1 DAGs
[2022-03-26 00:40:50,138] {logging_mixin.py:109} INFO - [2022-03-26 00:40:50,138] {dag.py:2937} INFO - Setting next_dagrun for example_complex to None
[2022-03-26 00:40:50,144] {processor.py:171} INFO - Processing /Users/adebolafagbule/opt/anaconda3/envs/airflow_env/lib/python3.8/site-packages/airflow/example_dags/example_complex.py took 0.063 seconds
[2022-03-26 00:42:09,743] {processor.py:163} INFO - Started process (PID=31911) to work on /Users/adebolafagbule/opt/anaconda3/envs/airflow_env/lib/python3.8/site-packages/airflow/example_dags/example_complex.py
[2022-03-26 00:42:09,744] {processor.py:642} INFO - Processing file /Users/adebolafagbule/opt/anaconda3/envs/airflow_env/lib/python3.8/site-packages/airflow/example_dags/example_complex.py for tasks to queue
[2022-03-26 00:42:09,745] {logging_mixin.py:109} INFO - [2022-03-26 00:42:09,745] {dagbag.py:500} INFO - Filling up the DagBag from /Users/adebolafagbule/opt/anaconda3/envs/airflow_env/lib/python3.8/site-packages/airflow/example_dags/example_complex.py
[2022-03-26 00:42:09,777] {processor.py:654} INFO - DAG(s) dict_keys(['example_complex']) retrieved from /Users/adebolafagbule/opt/anaconda3/envs/airflow_env/lib/python3.8/site-packages/airflow/example_dags/example_complex.py
[2022-03-26 00:42:09,794] {logging_mixin.py:109} INFO - [2022-03-26 00:42:09,794] {dag.py:2398} INFO - Sync 1 DAGs
[2022-03-26 00:42:09,800] {logging_mixin.py:109} INFO - [2022-03-26 00:42:09,800] {dag.py:2937} INFO - Setting next_dagrun for example_complex to None
[2022-03-26 00:42:09,806] {processor.py:171} INFO - Processing /Users/adebolafagbule/opt/anaconda3/envs/airflow_env/lib/python3.8/site-packages/airflow/example_dags/example_complex.py took 0.063 seconds
[2022-03-26 00:43:28,414] {processor.py:163} INFO - Started process (PID=31995) to work on /Users/adebolafagbule/opt/anaconda3/envs/airflow_env/lib/python3.8/site-packages/airflow/example_dags/example_complex.py
[2022-03-26 00:43:28,416] {processor.py:642} INFO - Processing file /Users/adebolafagbule/opt/anaconda3/envs/airflow_env/lib/python3.8/site-packages/airflow/example_dags/example_complex.py for tasks to queue
[2022-03-26 00:43:28,416] {logging_mixin.py:109} INFO - [2022-03-26 00:43:28,416] {dagbag.py:500} INFO - Filling up the DagBag from /Users/adebolafagbule/opt/anaconda3/envs/airflow_env/lib/python3.8/site-packages/airflow/example_dags/example_complex.py
[2022-03-26 00:43:28,449] {processor.py:654} INFO - DAG(s) dict_keys(['example_complex']) retrieved from /Users/adebolafagbule/opt/anaconda3/envs/airflow_env/lib/python3.8/site-packages/airflow/example_dags/example_complex.py
[2022-03-26 00:43:28,465] {logging_mixin.py:109} INFO - [2022-03-26 00:43:28,465] {dag.py:2398} INFO - Sync 1 DAGs
[2022-03-26 00:43:28,472] {logging_mixin.py:109} INFO - [2022-03-26 00:43:28,472] {dag.py:2937} INFO - Setting next_dagrun for example_complex to None
[2022-03-26 00:43:28,477] {processor.py:171} INFO - Processing /Users/adebolafagbule/opt/anaconda3/envs/airflow_env/lib/python3.8/site-packages/airflow/example_dags/example_complex.py took 0.063 seconds
[2022-03-26 00:44:50,458] {processor.py:163} INFO - Started process (PID=32077) to work on /Users/adebolafagbule/opt/anaconda3/envs/airflow_env/lib/python3.8/site-packages/airflow/example_dags/example_complex.py
[2022-03-26 00:44:50,458] {processor.py:642} INFO - Processing file /Users/adebolafagbule/opt/anaconda3/envs/airflow_env/lib/python3.8/site-packages/airflow/example_dags/example_complex.py for tasks to queue
[2022-03-26 00:44:50,458] {logging_mixin.py:109} INFO - [2022-03-26 00:44:50,458] {dagbag.py:500} INFO - Filling up the DagBag from /Users/adebolafagbule/opt/anaconda3/envs/airflow_env/lib/python3.8/site-packages/airflow/example_dags/example_complex.py
[2022-03-26 00:44:50,489] {processor.py:654} INFO - DAG(s) dict_keys(['example_complex']) retrieved from /Users/adebolafagbule/opt/anaconda3/envs/airflow_env/lib/python3.8/site-packages/airflow/example_dags/example_complex.py
[2022-03-26 00:44:50,506] {logging_mixin.py:109} INFO - [2022-03-26 00:44:50,506] {dag.py:2398} INFO - Sync 1 DAGs
[2022-03-26 00:44:50,512] {logging_mixin.py:109} INFO - [2022-03-26 00:44:50,512] {dag.py:2937} INFO - Setting next_dagrun for example_complex to None
[2022-03-26 00:44:50,518] {processor.py:171} INFO - Processing /Users/adebolafagbule/opt/anaconda3/envs/airflow_env/lib/python3.8/site-packages/airflow/example_dags/example_complex.py took 0.061 seconds
[2022-03-26 00:46:12,912] {processor.py:163} INFO - Started process (PID=32167) to work on /Users/adebolafagbule/opt/anaconda3/envs/airflow_env/lib/python3.8/site-packages/airflow/example_dags/example_complex.py
[2022-03-26 00:46:12,913] {processor.py:642} INFO - Processing file /Users/adebolafagbule/opt/anaconda3/envs/airflow_env/lib/python3.8/site-packages/airflow/example_dags/example_complex.py for tasks to queue
[2022-03-26 00:46:12,913] {logging_mixin.py:109} INFO - [2022-03-26 00:46:12,913] {dagbag.py:500} INFO - Filling up the DagBag from /Users/adebolafagbule/opt/anaconda3/envs/airflow_env/lib/python3.8/site-packages/airflow/example_dags/example_complex.py
[2022-03-26 00:46:12,947] {processor.py:654} INFO - DAG(s) dict_keys(['example_complex']) retrieved from /Users/adebolafagbule/opt/anaconda3/envs/airflow_env/lib/python3.8/site-packages/airflow/example_dags/example_complex.py
[2022-03-26 00:46:12,965] {logging_mixin.py:109} INFO - [2022-03-26 00:46:12,965] {dag.py:2398} INFO - Sync 1 DAGs
[2022-03-26 00:46:12,972] {logging_mixin.py:109} INFO - [2022-03-26 00:46:12,972] {dag.py:2937} INFO - Setting next_dagrun for example_complex to None
[2022-03-26 00:46:12,978] {processor.py:171} INFO - Processing /Users/adebolafagbule/opt/anaconda3/envs/airflow_env/lib/python3.8/site-packages/airflow/example_dags/example_complex.py took 0.066 seconds
[2022-03-26 00:47:47,245] {processor.py:163} INFO - Started process (PID=32288) to work on /Users/adebolafagbule/opt/anaconda3/envs/airflow_env/lib/python3.8/site-packages/airflow/example_dags/example_complex.py
[2022-03-26 00:47:47,245] {processor.py:642} INFO - Processing file /Users/adebolafagbule/opt/anaconda3/envs/airflow_env/lib/python3.8/site-packages/airflow/example_dags/example_complex.py for tasks to queue
[2022-03-26 00:47:47,246] {logging_mixin.py:109} INFO - [2022-03-26 00:47:47,246] {dagbag.py:500} INFO - Filling up the DagBag from /Users/adebolafagbule/opt/anaconda3/envs/airflow_env/lib/python3.8/site-packages/airflow/example_dags/example_complex.py
[2022-03-26 00:47:47,280] {processor.py:654} INFO - DAG(s) dict_keys(['example_complex']) retrieved from /Users/adebolafagbule/opt/anaconda3/envs/airflow_env/lib/python3.8/site-packages/airflow/example_dags/example_complex.py
[2022-03-26 00:47:47,301] {logging_mixin.py:109} INFO - [2022-03-26 00:47:47,301] {dag.py:2398} INFO - Sync 1 DAGs
[2022-03-26 00:47:47,309] {logging_mixin.py:109} INFO - [2022-03-26 00:47:47,309] {dag.py:2937} INFO - Setting next_dagrun for example_complex to None
[2022-03-26 00:47:47,315] {processor.py:171} INFO - Processing /Users/adebolafagbule/opt/anaconda3/envs/airflow_env/lib/python3.8/site-packages/airflow/example_dags/example_complex.py took 0.071 seconds
[2022-03-26 00:49:12,164] {processor.py:163} INFO - Started process (PID=32375) to work on /Users/adebolafagbule/opt/anaconda3/envs/airflow_env/lib/python3.8/site-packages/airflow/example_dags/example_complex.py
[2022-03-26 00:49:12,165] {processor.py:642} INFO - Processing file /Users/adebolafagbule/opt/anaconda3/envs/airflow_env/lib/python3.8/site-packages/airflow/example_dags/example_complex.py for tasks to queue
[2022-03-26 00:49:12,165] {logging_mixin.py:109} INFO - [2022-03-26 00:49:12,165] {dagbag.py:500} INFO - Filling up the DagBag from /Users/adebolafagbule/opt/anaconda3/envs/airflow_env/lib/python3.8/site-packages/airflow/example_dags/example_complex.py
[2022-03-26 00:49:12,199] {processor.py:654} INFO - DAG(s) dict_keys(['example_complex']) retrieved from /Users/adebolafagbule/opt/anaconda3/envs/airflow_env/lib/python3.8/site-packages/airflow/example_dags/example_complex.py
[2022-03-26 00:49:12,215] {logging_mixin.py:109} INFO - [2022-03-26 00:49:12,215] {dag.py:2398} INFO - Sync 1 DAGs
[2022-03-26 00:49:12,222] {logging_mixin.py:109} INFO - [2022-03-26 00:49:12,222] {dag.py:2937} INFO - Setting next_dagrun for example_complex to None
[2022-03-26 00:49:12,228] {processor.py:171} INFO - Processing /Users/adebolafagbule/opt/anaconda3/envs/airflow_env/lib/python3.8/site-packages/airflow/example_dags/example_complex.py took 0.064 seconds
[2022-03-26 00:50:33,905] {processor.py:163} INFO - Started process (PID=32474) to work on /Users/adebolafagbule/opt/anaconda3/envs/airflow_env/lib/python3.8/site-packages/airflow/example_dags/example_complex.py
[2022-03-26 00:50:33,906] {processor.py:642} INFO - Processing file /Users/adebolafagbule/opt/anaconda3/envs/airflow_env/lib/python3.8/site-packages/airflow/example_dags/example_complex.py for tasks to queue
[2022-03-26 00:50:33,906] {logging_mixin.py:109} INFO - [2022-03-26 00:50:33,906] {dagbag.py:500} INFO - Filling up the DagBag from /Users/adebolafagbule/opt/anaconda3/envs/airflow_env/lib/python3.8/site-packages/airflow/example_dags/example_complex.py
[2022-03-26 00:50:33,945] {processor.py:654} INFO - DAG(s) dict_keys(['example_complex']) retrieved from /Users/adebolafagbule/opt/anaconda3/envs/airflow_env/lib/python3.8/site-packages/airflow/example_dags/example_complex.py
[2022-03-26 00:50:33,963] {logging_mixin.py:109} INFO - [2022-03-26 00:50:33,963] {dag.py:2398} INFO - Sync 1 DAGs
[2022-03-26 00:50:33,970] {logging_mixin.py:109} INFO - [2022-03-26 00:50:33,970] {dag.py:2937} INFO - Setting next_dagrun for example_complex to None
[2022-03-26 00:50:33,976] {processor.py:171} INFO - Processing /Users/adebolafagbule/opt/anaconda3/envs/airflow_env/lib/python3.8/site-packages/airflow/example_dags/example_complex.py took 0.072 seconds
[2022-03-26 00:51:55,190] {processor.py:163} INFO - Started process (PID=32560) to work on /Users/adebolafagbule/opt/anaconda3/envs/airflow_env/lib/python3.8/site-packages/airflow/example_dags/example_complex.py
[2022-03-26 00:51:55,191] {processor.py:642} INFO - Processing file /Users/adebolafagbule/opt/anaconda3/envs/airflow_env/lib/python3.8/site-packages/airflow/example_dags/example_complex.py for tasks to queue
[2022-03-26 00:51:55,191] {logging_mixin.py:109} INFO - [2022-03-26 00:51:55,191] {dagbag.py:500} INFO - Filling up the DagBag from /Users/adebolafagbule/opt/anaconda3/envs/airflow_env/lib/python3.8/site-packages/airflow/example_dags/example_complex.py
[2022-03-26 00:51:55,222] {processor.py:654} INFO - DAG(s) dict_keys(['example_complex']) retrieved from /Users/adebolafagbule/opt/anaconda3/envs/airflow_env/lib/python3.8/site-packages/airflow/example_dags/example_complex.py
[2022-03-26 00:51:55,238] {logging_mixin.py:109} INFO - [2022-03-26 00:51:55,238] {dag.py:2398} INFO - Sync 1 DAGs
[2022-03-26 00:51:55,244] {logging_mixin.py:109} INFO - [2022-03-26 00:51:55,244] {dag.py:2937} INFO - Setting next_dagrun for example_complex to None
[2022-03-26 00:51:55,253] {processor.py:171} INFO - Processing /Users/adebolafagbule/opt/anaconda3/envs/airflow_env/lib/python3.8/site-packages/airflow/example_dags/example_complex.py took 0.063 seconds
