[2022-03-25 21:25:37,842] {processor.py:163} INFO - Started process (PID=26327) to work on /Users/adebolafagbule/opt/anaconda3/envs/airflow_env/lib/python3.8/site-packages/airflow/example_dags/example_trigger_controller_dag.py
[2022-03-25 21:25:37,843] {processor.py:642} INFO - Processing file /Users/adebolafagbule/opt/anaconda3/envs/airflow_env/lib/python3.8/site-packages/airflow/example_dags/example_trigger_controller_dag.py for tasks to queue
[2022-03-25 21:25:37,844] {logging_mixin.py:109} INFO - [2022-03-25 21:25:37,844] {dagbag.py:500} INFO - Filling up the DagBag from /Users/adebolafagbule/opt/anaconda3/envs/airflow_env/lib/python3.8/site-packages/airflow/example_dags/example_trigger_controller_dag.py
[2022-03-25 21:25:37,914] {processor.py:654} INFO - DAG(s) dict_keys(['example_trigger_controller_dag']) retrieved from /Users/adebolafagbule/opt/anaconda3/envs/airflow_env/lib/python3.8/site-packages/airflow/example_dags/example_trigger_controller_dag.py
[2022-03-25 21:25:37,946] {logging_mixin.py:109} INFO - [2022-03-25 21:25:37,946] {dag.py:2398} INFO - Sync 1 DAGs
[2022-03-25 21:25:37,966] {logging_mixin.py:109} INFO - [2022-03-25 21:25:37,966] {dag.py:2937} INFO - Setting next_dagrun for example_trigger_controller_dag to 2021-01-01T00:00:00+00:00
[2022-03-25 21:25:37,978] {processor.py:171} INFO - Processing /Users/adebolafagbule/opt/anaconda3/envs/airflow_env/lib/python3.8/site-packages/airflow/example_dags/example_trigger_controller_dag.py took 0.137 seconds
[2022-03-25 22:40:18,976] {processor.py:163} INFO - Started process (PID=26423) to work on /Users/adebolafagbule/opt/anaconda3/envs/airflow_env/lib/python3.8/site-packages/airflow/example_dags/example_trigger_controller_dag.py
[2022-03-25 22:40:18,977] {processor.py:642} INFO - Processing file /Users/adebolafagbule/opt/anaconda3/envs/airflow_env/lib/python3.8/site-packages/airflow/example_dags/example_trigger_controller_dag.py for tasks to queue
[2022-03-25 22:40:18,978] {logging_mixin.py:109} INFO - [2022-03-25 22:40:18,978] {dagbag.py:500} INFO - Filling up the DagBag from /Users/adebolafagbule/opt/anaconda3/envs/airflow_env/lib/python3.8/site-packages/airflow/example_dags/example_trigger_controller_dag.py
[2022-03-25 22:40:19,043] {processor.py:654} INFO - DAG(s) dict_keys(['example_trigger_controller_dag']) retrieved from /Users/adebolafagbule/opt/anaconda3/envs/airflow_env/lib/python3.8/site-packages/airflow/example_dags/example_trigger_controller_dag.py
[2022-03-25 22:40:19,073] {logging_mixin.py:109} INFO - [2022-03-25 22:40:19,072] {dag.py:2398} INFO - Sync 1 DAGs
[2022-03-25 22:40:19,090] {logging_mixin.py:109} INFO - [2022-03-25 22:40:19,090] {dag.py:2937} INFO - Setting next_dagrun for example_trigger_controller_dag to 2021-01-01T00:00:00+00:00
[2022-03-25 22:40:19,102] {processor.py:171} INFO - Processing /Users/adebolafagbule/opt/anaconda3/envs/airflow_env/lib/python3.8/site-packages/airflow/example_dags/example_trigger_controller_dag.py took 0.127 seconds
[2022-03-25 23:22:11,981] {processor.py:163} INFO - Started process (PID=26563) to work on /Users/adebolafagbule/opt/anaconda3/envs/airflow_env/lib/python3.8/site-packages/airflow/example_dags/example_trigger_controller_dag.py
[2022-03-25 23:22:11,982] {processor.py:642} INFO - Processing file /Users/adebolafagbule/opt/anaconda3/envs/airflow_env/lib/python3.8/site-packages/airflow/example_dags/example_trigger_controller_dag.py for tasks to queue
[2022-03-25 23:22:11,983] {logging_mixin.py:109} INFO - [2022-03-25 23:22:11,983] {dagbag.py:500} INFO - Filling up the DagBag from /Users/adebolafagbule/opt/anaconda3/envs/airflow_env/lib/python3.8/site-packages/airflow/example_dags/example_trigger_controller_dag.py
[2022-03-25 23:22:12,015] {processor.py:654} INFO - DAG(s) dict_keys(['example_trigger_controller_dag']) retrieved from /Users/adebolafagbule/opt/anaconda3/envs/airflow_env/lib/python3.8/site-packages/airflow/example_dags/example_trigger_controller_dag.py
[2022-03-25 23:22:12,028] {logging_mixin.py:109} INFO - [2022-03-25 23:22:12,028] {dag.py:2398} INFO - Sync 1 DAGs
[2022-03-25 23:22:12,036] {logging_mixin.py:109} INFO - [2022-03-25 23:22:12,036] {dag.py:2937} INFO - Setting next_dagrun for example_trigger_controller_dag to 2021-01-01T00:00:00+00:00
[2022-03-25 23:22:12,042] {processor.py:171} INFO - Processing /Users/adebolafagbule/opt/anaconda3/envs/airflow_env/lib/python3.8/site-packages/airflow/example_dags/example_trigger_controller_dag.py took 0.061 seconds
[2022-03-25 23:23:35,402] {processor.py:163} INFO - Started process (PID=26671) to work on /Users/adebolafagbule/opt/anaconda3/envs/airflow_env/lib/python3.8/site-packages/airflow/example_dags/example_trigger_controller_dag.py
[2022-03-25 23:23:35,403] {processor.py:642} INFO - Processing file /Users/adebolafagbule/opt/anaconda3/envs/airflow_env/lib/python3.8/site-packages/airflow/example_dags/example_trigger_controller_dag.py for tasks to queue
[2022-03-25 23:23:35,404] {logging_mixin.py:109} INFO - [2022-03-25 23:23:35,404] {dagbag.py:500} INFO - Filling up the DagBag from /Users/adebolafagbule/opt/anaconda3/envs/airflow_env/lib/python3.8/site-packages/airflow/example_dags/example_trigger_controller_dag.py
[2022-03-25 23:23:35,436] {processor.py:654} INFO - DAG(s) dict_keys(['example_trigger_controller_dag']) retrieved from /Users/adebolafagbule/opt/anaconda3/envs/airflow_env/lib/python3.8/site-packages/airflow/example_dags/example_trigger_controller_dag.py
[2022-03-25 23:23:35,449] {logging_mixin.py:109} INFO - [2022-03-25 23:23:35,449] {dag.py:2398} INFO - Sync 1 DAGs
[2022-03-25 23:23:35,457] {logging_mixin.py:109} INFO - [2022-03-25 23:23:35,457] {dag.py:2937} INFO - Setting next_dagrun for example_trigger_controller_dag to 2021-01-01T00:00:00+00:00
[2022-03-25 23:23:35,462] {processor.py:171} INFO - Processing /Users/adebolafagbule/opt/anaconda3/envs/airflow_env/lib/python3.8/site-packages/airflow/example_dags/example_trigger_controller_dag.py took 0.061 seconds
[2022-03-25 23:24:56,411] {processor.py:163} INFO - Started process (PID=26848) to work on /Users/adebolafagbule/opt/anaconda3/envs/airflow_env/lib/python3.8/site-packages/airflow/example_dags/example_trigger_controller_dag.py
[2022-03-25 23:24:56,411] {processor.py:642} INFO - Processing file /Users/adebolafagbule/opt/anaconda3/envs/airflow_env/lib/python3.8/site-packages/airflow/example_dags/example_trigger_controller_dag.py for tasks to queue
[2022-03-25 23:24:56,412] {logging_mixin.py:109} INFO - [2022-03-25 23:24:56,412] {dagbag.py:500} INFO - Filling up the DagBag from /Users/adebolafagbule/opt/anaconda3/envs/airflow_env/lib/python3.8/site-packages/airflow/example_dags/example_trigger_controller_dag.py
[2022-03-25 23:24:56,450] {processor.py:654} INFO - DAG(s) dict_keys(['example_trigger_controller_dag']) retrieved from /Users/adebolafagbule/opt/anaconda3/envs/airflow_env/lib/python3.8/site-packages/airflow/example_dags/example_trigger_controller_dag.py
[2022-03-25 23:24:56,464] {logging_mixin.py:109} INFO - [2022-03-25 23:24:56,464] {dag.py:2398} INFO - Sync 1 DAGs
[2022-03-25 23:24:56,475] {logging_mixin.py:109} INFO - [2022-03-25 23:24:56,474] {dag.py:2937} INFO - Setting next_dagrun for example_trigger_controller_dag to 2021-01-01T00:00:00+00:00
[2022-03-25 23:24:56,484] {processor.py:171} INFO - Processing /Users/adebolafagbule/opt/anaconda3/envs/airflow_env/lib/python3.8/site-packages/airflow/example_dags/example_trigger_controller_dag.py took 0.073 seconds
[2022-03-25 23:26:18,338] {processor.py:163} INFO - Started process (PID=26951) to work on /Users/adebolafagbule/opt/anaconda3/envs/airflow_env/lib/python3.8/site-packages/airflow/example_dags/example_trigger_controller_dag.py
[2022-03-25 23:26:18,339] {processor.py:642} INFO - Processing file /Users/adebolafagbule/opt/anaconda3/envs/airflow_env/lib/python3.8/site-packages/airflow/example_dags/example_trigger_controller_dag.py for tasks to queue
[2022-03-25 23:26:18,339] {logging_mixin.py:109} INFO - [2022-03-25 23:26:18,339] {dagbag.py:500} INFO - Filling up the DagBag from /Users/adebolafagbule/opt/anaconda3/envs/airflow_env/lib/python3.8/site-packages/airflow/example_dags/example_trigger_controller_dag.py
[2022-03-25 23:26:18,366] {processor.py:654} INFO - DAG(s) dict_keys(['example_trigger_controller_dag']) retrieved from /Users/adebolafagbule/opt/anaconda3/envs/airflow_env/lib/python3.8/site-packages/airflow/example_dags/example_trigger_controller_dag.py
[2022-03-25 23:26:18,378] {logging_mixin.py:109} INFO - [2022-03-25 23:26:18,377] {dag.py:2398} INFO - Sync 1 DAGs
[2022-03-25 23:26:18,385] {logging_mixin.py:109} INFO - [2022-03-25 23:26:18,384] {dag.py:2937} INFO - Setting next_dagrun for example_trigger_controller_dag to 2021-01-01T00:00:00+00:00
[2022-03-25 23:26:18,390] {processor.py:171} INFO - Processing /Users/adebolafagbule/opt/anaconda3/envs/airflow_env/lib/python3.8/site-packages/airflow/example_dags/example_trigger_controller_dag.py took 0.052 seconds
[2022-03-25 23:27:41,811] {processor.py:163} INFO - Started process (PID=27061) to work on /Users/adebolafagbule/opt/anaconda3/envs/airflow_env/lib/python3.8/site-packages/airflow/example_dags/example_trigger_controller_dag.py
[2022-03-25 23:27:41,813] {processor.py:642} INFO - Processing file /Users/adebolafagbule/opt/anaconda3/envs/airflow_env/lib/python3.8/site-packages/airflow/example_dags/example_trigger_controller_dag.py for tasks to queue
[2022-03-25 23:27:41,813] {logging_mixin.py:109} INFO - [2022-03-25 23:27:41,813] {dagbag.py:500} INFO - Filling up the DagBag from /Users/adebolafagbule/opt/anaconda3/envs/airflow_env/lib/python3.8/site-packages/airflow/example_dags/example_trigger_controller_dag.py
[2022-03-25 23:27:41,844] {processor.py:654} INFO - DAG(s) dict_keys(['example_trigger_controller_dag']) retrieved from /Users/adebolafagbule/opt/anaconda3/envs/airflow_env/lib/python3.8/site-packages/airflow/example_dags/example_trigger_controller_dag.py
[2022-03-25 23:27:41,857] {logging_mixin.py:109} INFO - [2022-03-25 23:27:41,857] {dag.py:2398} INFO - Sync 1 DAGs
[2022-03-25 23:27:41,864] {logging_mixin.py:109} INFO - [2022-03-25 23:27:41,864] {dag.py:2937} INFO - Setting next_dagrun for example_trigger_controller_dag to 2021-01-01T00:00:00+00:00
[2022-03-25 23:27:41,869] {processor.py:171} INFO - Processing /Users/adebolafagbule/opt/anaconda3/envs/airflow_env/lib/python3.8/site-packages/airflow/example_dags/example_trigger_controller_dag.py took 0.058 seconds
[2022-03-25 23:29:02,597] {processor.py:163} INFO - Started process (PID=27139) to work on /Users/adebolafagbule/opt/anaconda3/envs/airflow_env/lib/python3.8/site-packages/airflow/example_dags/example_trigger_controller_dag.py
[2022-03-25 23:29:02,598] {processor.py:642} INFO - Processing file /Users/adebolafagbule/opt/anaconda3/envs/airflow_env/lib/python3.8/site-packages/airflow/example_dags/example_trigger_controller_dag.py for tasks to queue
[2022-03-25 23:29:02,598] {logging_mixin.py:109} INFO - [2022-03-25 23:29:02,598] {dagbag.py:500} INFO - Filling up the DagBag from /Users/adebolafagbule/opt/anaconda3/envs/airflow_env/lib/python3.8/site-packages/airflow/example_dags/example_trigger_controller_dag.py
[2022-03-25 23:29:02,630] {processor.py:654} INFO - DAG(s) dict_keys(['example_trigger_controller_dag']) retrieved from /Users/adebolafagbule/opt/anaconda3/envs/airflow_env/lib/python3.8/site-packages/airflow/example_dags/example_trigger_controller_dag.py
[2022-03-25 23:29:02,643] {logging_mixin.py:109} INFO - [2022-03-25 23:29:02,643] {dag.py:2398} INFO - Sync 1 DAGs
[2022-03-25 23:29:02,650] {logging_mixin.py:109} INFO - [2022-03-25 23:29:02,650] {dag.py:2937} INFO - Setting next_dagrun for example_trigger_controller_dag to 2021-01-01T00:00:00+00:00
[2022-03-25 23:29:02,656] {processor.py:171} INFO - Processing /Users/adebolafagbule/opt/anaconda3/envs/airflow_env/lib/python3.8/site-packages/airflow/example_dags/example_trigger_controller_dag.py took 0.060 seconds
[2022-03-25 23:30:27,935] {processor.py:163} INFO - Started process (PID=27244) to work on /Users/adebolafagbule/opt/anaconda3/envs/airflow_env/lib/python3.8/site-packages/airflow/example_dags/example_trigger_controller_dag.py
[2022-03-25 23:30:27,936] {processor.py:642} INFO - Processing file /Users/adebolafagbule/opt/anaconda3/envs/airflow_env/lib/python3.8/site-packages/airflow/example_dags/example_trigger_controller_dag.py for tasks to queue
[2022-03-25 23:30:27,936] {logging_mixin.py:109} INFO - [2022-03-25 23:30:27,936] {dagbag.py:500} INFO - Filling up the DagBag from /Users/adebolafagbule/opt/anaconda3/envs/airflow_env/lib/python3.8/site-packages/airflow/example_dags/example_trigger_controller_dag.py
[2022-03-25 23:30:27,967] {processor.py:654} INFO - DAG(s) dict_keys(['example_trigger_controller_dag']) retrieved from /Users/adebolafagbule/opt/anaconda3/envs/airflow_env/lib/python3.8/site-packages/airflow/example_dags/example_trigger_controller_dag.py
[2022-03-25 23:30:27,981] {logging_mixin.py:109} INFO - [2022-03-25 23:30:27,981] {dag.py:2398} INFO - Sync 1 DAGs
[2022-03-25 23:30:27,991] {logging_mixin.py:109} INFO - [2022-03-25 23:30:27,991] {dag.py:2937} INFO - Setting next_dagrun for example_trigger_controller_dag to 2021-01-01T00:00:00+00:00
[2022-03-25 23:30:27,996] {processor.py:171} INFO - Processing /Users/adebolafagbule/opt/anaconda3/envs/airflow_env/lib/python3.8/site-packages/airflow/example_dags/example_trigger_controller_dag.py took 0.062 seconds
[2022-03-25 23:31:52,481] {processor.py:163} INFO - Started process (PID=27337) to work on /Users/adebolafagbule/opt/anaconda3/envs/airflow_env/lib/python3.8/site-packages/airflow/example_dags/example_trigger_controller_dag.py
[2022-03-25 23:31:52,482] {processor.py:642} INFO - Processing file /Users/adebolafagbule/opt/anaconda3/envs/airflow_env/lib/python3.8/site-packages/airflow/example_dags/example_trigger_controller_dag.py for tasks to queue
[2022-03-25 23:31:52,483] {logging_mixin.py:109} INFO - [2022-03-25 23:31:52,483] {dagbag.py:500} INFO - Filling up the DagBag from /Users/adebolafagbule/opt/anaconda3/envs/airflow_env/lib/python3.8/site-packages/airflow/example_dags/example_trigger_controller_dag.py
[2022-03-25 23:31:52,512] {processor.py:654} INFO - DAG(s) dict_keys(['example_trigger_controller_dag']) retrieved from /Users/adebolafagbule/opt/anaconda3/envs/airflow_env/lib/python3.8/site-packages/airflow/example_dags/example_trigger_controller_dag.py
[2022-03-25 23:31:52,526] {logging_mixin.py:109} INFO - [2022-03-25 23:31:52,526] {dag.py:2398} INFO - Sync 1 DAGs
[2022-03-25 23:31:52,534] {logging_mixin.py:109} INFO - [2022-03-25 23:31:52,534] {dag.py:2937} INFO - Setting next_dagrun for example_trigger_controller_dag to 2021-01-01T00:00:00+00:00
[2022-03-25 23:31:52,540] {processor.py:171} INFO - Processing /Users/adebolafagbule/opt/anaconda3/envs/airflow_env/lib/python3.8/site-packages/airflow/example_dags/example_trigger_controller_dag.py took 0.059 seconds
[2022-03-25 23:33:16,423] {processor.py:163} INFO - Started process (PID=27422) to work on /Users/adebolafagbule/opt/anaconda3/envs/airflow_env/lib/python3.8/site-packages/airflow/example_dags/example_trigger_controller_dag.py
[2022-03-25 23:33:16,424] {processor.py:642} INFO - Processing file /Users/adebolafagbule/opt/anaconda3/envs/airflow_env/lib/python3.8/site-packages/airflow/example_dags/example_trigger_controller_dag.py for tasks to queue
[2022-03-25 23:33:16,424] {logging_mixin.py:109} INFO - [2022-03-25 23:33:16,424] {dagbag.py:500} INFO - Filling up the DagBag from /Users/adebolafagbule/opt/anaconda3/envs/airflow_env/lib/python3.8/site-packages/airflow/example_dags/example_trigger_controller_dag.py
[2022-03-25 23:33:16,453] {processor.py:654} INFO - DAG(s) dict_keys(['example_trigger_controller_dag']) retrieved from /Users/adebolafagbule/opt/anaconda3/envs/airflow_env/lib/python3.8/site-packages/airflow/example_dags/example_trigger_controller_dag.py
[2022-03-25 23:33:16,466] {logging_mixin.py:109} INFO - [2022-03-25 23:33:16,466] {dag.py:2398} INFO - Sync 1 DAGs
[2022-03-25 23:33:16,474] {logging_mixin.py:109} INFO - [2022-03-25 23:33:16,474] {dag.py:2937} INFO - Setting next_dagrun for example_trigger_controller_dag to 2021-01-01T00:00:00+00:00
[2022-03-25 23:33:16,479] {processor.py:171} INFO - Processing /Users/adebolafagbule/opt/anaconda3/envs/airflow_env/lib/python3.8/site-packages/airflow/example_dags/example_trigger_controller_dag.py took 0.057 seconds
