[2022-03-25 21:25:15,171] {processor.py:163} INFO - Started process (PID=26316) to work on /Users/adebolafagbule/opt/anaconda3/envs/airflow_env/lib/python3.8/site-packages/airflow/example_dags/tutorial_etl_dag.py
[2022-03-25 21:25:15,172] {processor.py:642} INFO - Processing file /Users/adebolafagbule/opt/anaconda3/envs/airflow_env/lib/python3.8/site-packages/airflow/example_dags/tutorial_etl_dag.py for tasks to queue
[2022-03-25 21:25:15,172] {logging_mixin.py:109} INFO - [2022-03-25 21:25:15,172] {dagbag.py:500} INFO - Filling up the DagBag from /Users/adebolafagbule/opt/anaconda3/envs/airflow_env/lib/python3.8/site-packages/airflow/example_dags/tutorial_etl_dag.py
[2022-03-25 21:25:15,218] {processor.py:654} INFO - DAG(s) dict_keys(['tutorial_etl_dag']) retrieved from /Users/adebolafagbule/opt/anaconda3/envs/airflow_env/lib/python3.8/site-packages/airflow/example_dags/tutorial_etl_dag.py
[2022-03-25 21:25:15,233] {logging_mixin.py:109} INFO - [2022-03-25 21:25:15,233] {dag.py:2398} INFO - Sync 1 DAGs
[2022-03-25 21:25:15,240] {logging_mixin.py:109} INFO - [2022-03-25 21:25:15,240] {dag.py:2937} INFO - Setting next_dagrun for tutorial_etl_dag to None
[2022-03-25 21:25:15,247] {processor.py:171} INFO - Processing /Users/adebolafagbule/opt/anaconda3/envs/airflow_env/lib/python3.8/site-packages/airflow/example_dags/tutorial_etl_dag.py took 0.076 seconds
[2022-03-25 22:39:57,913] {processor.py:163} INFO - Started process (PID=26409) to work on /Users/adebolafagbule/opt/anaconda3/envs/airflow_env/lib/python3.8/site-packages/airflow/example_dags/tutorial_etl_dag.py
[2022-03-25 22:39:57,917] {processor.py:642} INFO - Processing file /Users/adebolafagbule/opt/anaconda3/envs/airflow_env/lib/python3.8/site-packages/airflow/example_dags/tutorial_etl_dag.py for tasks to queue
[2022-03-25 22:39:57,918] {logging_mixin.py:109} INFO - [2022-03-25 22:39:57,918] {dagbag.py:500} INFO - Filling up the DagBag from /Users/adebolafagbule/opt/anaconda3/envs/airflow_env/lib/python3.8/site-packages/airflow/example_dags/tutorial_etl_dag.py
[2022-03-25 22:39:58,060] {processor.py:654} INFO - DAG(s) dict_keys(['tutorial_etl_dag']) retrieved from /Users/adebolafagbule/opt/anaconda3/envs/airflow_env/lib/python3.8/site-packages/airflow/example_dags/tutorial_etl_dag.py
[2022-03-25 22:39:58,109] {logging_mixin.py:109} INFO - [2022-03-25 22:39:58,109] {dag.py:2398} INFO - Sync 1 DAGs
[2022-03-25 22:39:58,128] {logging_mixin.py:109} INFO - [2022-03-25 22:39:58,128] {dag.py:2937} INFO - Setting next_dagrun for tutorial_etl_dag to None
[2022-03-25 22:39:58,149] {processor.py:171} INFO - Processing /Users/adebolafagbule/opt/anaconda3/envs/airflow_env/lib/python3.8/site-packages/airflow/example_dags/tutorial_etl_dag.py took 0.242 seconds
[2022-03-25 23:22:01,515] {processor.py:163} INFO - Started process (PID=26550) to work on /Users/adebolafagbule/opt/anaconda3/envs/airflow_env/lib/python3.8/site-packages/airflow/example_dags/tutorial_etl_dag.py
[2022-03-25 23:22:01,515] {processor.py:642} INFO - Processing file /Users/adebolafagbule/opt/anaconda3/envs/airflow_env/lib/python3.8/site-packages/airflow/example_dags/tutorial_etl_dag.py for tasks to queue
[2022-03-25 23:22:01,515] {logging_mixin.py:109} INFO - [2022-03-25 23:22:01,515] {dagbag.py:500} INFO - Filling up the DagBag from /Users/adebolafagbule/opt/anaconda3/envs/airflow_env/lib/python3.8/site-packages/airflow/example_dags/tutorial_etl_dag.py
[2022-03-25 23:22:01,558] {processor.py:654} INFO - DAG(s) dict_keys(['tutorial_etl_dag']) retrieved from /Users/adebolafagbule/opt/anaconda3/envs/airflow_env/lib/python3.8/site-packages/airflow/example_dags/tutorial_etl_dag.py
[2022-03-25 23:22:01,575] {logging_mixin.py:109} INFO - [2022-03-25 23:22:01,574] {dag.py:2398} INFO - Sync 1 DAGs
[2022-03-25 23:22:01,582] {logging_mixin.py:109} INFO - [2022-03-25 23:22:01,582] {dag.py:2937} INFO - Setting next_dagrun for tutorial_etl_dag to None
[2022-03-25 23:22:01,588] {processor.py:171} INFO - Processing /Users/adebolafagbule/opt/anaconda3/envs/airflow_env/lib/python3.8/site-packages/airflow/example_dags/tutorial_etl_dag.py took 0.074 seconds
[2022-03-25 23:22:48,355] {processor.py:163} INFO - Started process (PID=26607) to work on /Users/adebolafagbule/opt/anaconda3/envs/airflow_env/lib/python3.8/site-packages/airflow/example_dags/tutorial_etl_dag.py
[2022-03-25 23:22:48,356] {processor.py:642} INFO - Processing file /Users/adebolafagbule/opt/anaconda3/envs/airflow_env/lib/python3.8/site-packages/airflow/example_dags/tutorial_etl_dag.py for tasks to queue
[2022-03-25 23:22:48,356] {logging_mixin.py:109} INFO - [2022-03-25 23:22:48,356] {dagbag.py:500} INFO - Filling up the DagBag from /Users/adebolafagbule/opt/anaconda3/envs/airflow_env/lib/python3.8/site-packages/airflow/example_dags/tutorial_etl_dag.py
[2022-03-25 23:22:48,395] {processor.py:654} INFO - DAG(s) dict_keys(['tutorial_etl_dag']) retrieved from /Users/adebolafagbule/opt/anaconda3/envs/airflow_env/lib/python3.8/site-packages/airflow/example_dags/tutorial_etl_dag.py
[2022-03-25 23:22:48,409] {logging_mixin.py:109} INFO - [2022-03-25 23:22:48,409] {dag.py:2398} INFO - Sync 1 DAGs
[2022-03-25 23:22:48,416] {logging_mixin.py:109} INFO - [2022-03-25 23:22:48,416] {dag.py:2937} INFO - Setting next_dagrun for tutorial_etl_dag to None
[2022-03-25 23:22:48,423] {processor.py:171} INFO - Processing /Users/adebolafagbule/opt/anaconda3/envs/airflow_env/lib/python3.8/site-packages/airflow/example_dags/tutorial_etl_dag.py took 0.068 seconds
[2022-03-25 23:24:11,196] {processor.py:163} INFO - Started process (PID=26801) to work on /Users/adebolafagbule/opt/anaconda3/envs/airflow_env/lib/python3.8/site-packages/airflow/example_dags/tutorial_etl_dag.py
[2022-03-25 23:24:11,197] {processor.py:642} INFO - Processing file /Users/adebolafagbule/opt/anaconda3/envs/airflow_env/lib/python3.8/site-packages/airflow/example_dags/tutorial_etl_dag.py for tasks to queue
[2022-03-25 23:24:11,198] {logging_mixin.py:109} INFO - [2022-03-25 23:24:11,198] {dagbag.py:500} INFO - Filling up the DagBag from /Users/adebolafagbule/opt/anaconda3/envs/airflow_env/lib/python3.8/site-packages/airflow/example_dags/tutorial_etl_dag.py
[2022-03-25 23:24:11,248] {processor.py:654} INFO - DAG(s) dict_keys(['tutorial_etl_dag']) retrieved from /Users/adebolafagbule/opt/anaconda3/envs/airflow_env/lib/python3.8/site-packages/airflow/example_dags/tutorial_etl_dag.py
[2022-03-25 23:24:11,262] {logging_mixin.py:109} INFO - [2022-03-25 23:24:11,262] {dag.py:2398} INFO - Sync 1 DAGs
[2022-03-25 23:24:11,269] {logging_mixin.py:109} INFO - [2022-03-25 23:24:11,269] {dag.py:2937} INFO - Setting next_dagrun for tutorial_etl_dag to None
[2022-03-25 23:24:11,276] {processor.py:171} INFO - Processing /Users/adebolafagbule/opt/anaconda3/envs/airflow_env/lib/python3.8/site-packages/airflow/example_dags/tutorial_etl_dag.py took 0.080 seconds
[2022-03-25 23:25:34,222] {processor.py:163} INFO - Started process (PID=26905) to work on /Users/adebolafagbule/opt/anaconda3/envs/airflow_env/lib/python3.8/site-packages/airflow/example_dags/tutorial_etl_dag.py
[2022-03-25 23:25:34,223] {processor.py:642} INFO - Processing file /Users/adebolafagbule/opt/anaconda3/envs/airflow_env/lib/python3.8/site-packages/airflow/example_dags/tutorial_etl_dag.py for tasks to queue
[2022-03-25 23:25:34,224] {logging_mixin.py:109} INFO - [2022-03-25 23:25:34,224] {dagbag.py:500} INFO - Filling up the DagBag from /Users/adebolafagbule/opt/anaconda3/envs/airflow_env/lib/python3.8/site-packages/airflow/example_dags/tutorial_etl_dag.py
[2022-03-25 23:25:34,263] {processor.py:654} INFO - DAG(s) dict_keys(['tutorial_etl_dag']) retrieved from /Users/adebolafagbule/opt/anaconda3/envs/airflow_env/lib/python3.8/site-packages/airflow/example_dags/tutorial_etl_dag.py
[2022-03-25 23:25:34,276] {logging_mixin.py:109} INFO - [2022-03-25 23:25:34,276] {dag.py:2398} INFO - Sync 1 DAGs
[2022-03-25 23:25:34,284] {logging_mixin.py:109} INFO - [2022-03-25 23:25:34,284] {dag.py:2937} INFO - Setting next_dagrun for tutorial_etl_dag to None
[2022-03-25 23:25:34,289] {processor.py:171} INFO - Processing /Users/adebolafagbule/opt/anaconda3/envs/airflow_env/lib/python3.8/site-packages/airflow/example_dags/tutorial_etl_dag.py took 0.067 seconds
[2022-03-25 23:26:55,416] {processor.py:163} INFO - Started process (PID=27000) to work on /Users/adebolafagbule/opt/anaconda3/envs/airflow_env/lib/python3.8/site-packages/airflow/example_dags/tutorial_etl_dag.py
[2022-03-25 23:26:55,417] {processor.py:642} INFO - Processing file /Users/adebolafagbule/opt/anaconda3/envs/airflow_env/lib/python3.8/site-packages/airflow/example_dags/tutorial_etl_dag.py for tasks to queue
[2022-03-25 23:26:55,417] {logging_mixin.py:109} INFO - [2022-03-25 23:26:55,417] {dagbag.py:500} INFO - Filling up the DagBag from /Users/adebolafagbule/opt/anaconda3/envs/airflow_env/lib/python3.8/site-packages/airflow/example_dags/tutorial_etl_dag.py
[2022-03-25 23:26:55,454] {processor.py:654} INFO - DAG(s) dict_keys(['tutorial_etl_dag']) retrieved from /Users/adebolafagbule/opt/anaconda3/envs/airflow_env/lib/python3.8/site-packages/airflow/example_dags/tutorial_etl_dag.py
[2022-03-25 23:26:55,469] {logging_mixin.py:109} INFO - [2022-03-25 23:26:55,469] {dag.py:2398} INFO - Sync 1 DAGs
[2022-03-25 23:26:55,476] {logging_mixin.py:109} INFO - [2022-03-25 23:26:55,476] {dag.py:2937} INFO - Setting next_dagrun for tutorial_etl_dag to None
[2022-03-25 23:26:55,482] {processor.py:171} INFO - Processing /Users/adebolafagbule/opt/anaconda3/envs/airflow_env/lib/python3.8/site-packages/airflow/example_dags/tutorial_etl_dag.py took 0.066 seconds
[2022-03-25 23:28:18,582] {processor.py:163} INFO - Started process (PID=27096) to work on /Users/adebolafagbule/opt/anaconda3/envs/airflow_env/lib/python3.8/site-packages/airflow/example_dags/tutorial_etl_dag.py
[2022-03-25 23:28:18,584] {processor.py:642} INFO - Processing file /Users/adebolafagbule/opt/anaconda3/envs/airflow_env/lib/python3.8/site-packages/airflow/example_dags/tutorial_etl_dag.py for tasks to queue
[2022-03-25 23:28:18,584] {logging_mixin.py:109} INFO - [2022-03-25 23:28:18,584] {dagbag.py:500} INFO - Filling up the DagBag from /Users/adebolafagbule/opt/anaconda3/envs/airflow_env/lib/python3.8/site-packages/airflow/example_dags/tutorial_etl_dag.py
[2022-03-25 23:28:18,622] {processor.py:654} INFO - DAG(s) dict_keys(['tutorial_etl_dag']) retrieved from /Users/adebolafagbule/opt/anaconda3/envs/airflow_env/lib/python3.8/site-packages/airflow/example_dags/tutorial_etl_dag.py
[2022-03-25 23:28:18,635] {logging_mixin.py:109} INFO - [2022-03-25 23:28:18,635] {dag.py:2398} INFO - Sync 1 DAGs
[2022-03-25 23:28:18,641] {logging_mixin.py:109} INFO - [2022-03-25 23:28:18,641] {dag.py:2937} INFO - Setting next_dagrun for tutorial_etl_dag to None
[2022-03-25 23:28:18,647] {processor.py:171} INFO - Processing /Users/adebolafagbule/opt/anaconda3/envs/airflow_env/lib/python3.8/site-packages/airflow/example_dags/tutorial_etl_dag.py took 0.065 seconds
[2022-03-25 23:29:37,974] {processor.py:163} INFO - Started process (PID=27176) to work on /Users/adebolafagbule/opt/anaconda3/envs/airflow_env/lib/python3.8/site-packages/airflow/example_dags/tutorial_etl_dag.py
[2022-03-25 23:29:37,975] {processor.py:642} INFO - Processing file /Users/adebolafagbule/opt/anaconda3/envs/airflow_env/lib/python3.8/site-packages/airflow/example_dags/tutorial_etl_dag.py for tasks to queue
[2022-03-25 23:29:37,976] {logging_mixin.py:109} INFO - [2022-03-25 23:29:37,976] {dagbag.py:500} INFO - Filling up the DagBag from /Users/adebolafagbule/opt/anaconda3/envs/airflow_env/lib/python3.8/site-packages/airflow/example_dags/tutorial_etl_dag.py
[2022-03-25 23:29:38,017] {processor.py:654} INFO - DAG(s) dict_keys(['tutorial_etl_dag']) retrieved from /Users/adebolafagbule/opt/anaconda3/envs/airflow_env/lib/python3.8/site-packages/airflow/example_dags/tutorial_etl_dag.py
[2022-03-25 23:29:38,029] {logging_mixin.py:109} INFO - [2022-03-25 23:29:38,029] {dag.py:2398} INFO - Sync 1 DAGs
[2022-03-25 23:29:38,036] {logging_mixin.py:109} INFO - [2022-03-25 23:29:38,036] {dag.py:2937} INFO - Setting next_dagrun for tutorial_etl_dag to None
[2022-03-25 23:29:38,041] {processor.py:171} INFO - Processing /Users/adebolafagbule/opt/anaconda3/envs/airflow_env/lib/python3.8/site-packages/airflow/example_dags/tutorial_etl_dag.py took 0.068 seconds
[2022-03-25 23:30:21,608] {processor.py:163} INFO - Started process (PID=27238) to work on /Users/adebolafagbule/opt/anaconda3/envs/airflow_env/lib/python3.8/site-packages/airflow/example_dags/tutorial_etl_dag.py
[2022-03-25 23:30:21,609] {processor.py:642} INFO - Processing file /Users/adebolafagbule/opt/anaconda3/envs/airflow_env/lib/python3.8/site-packages/airflow/example_dags/tutorial_etl_dag.py for tasks to queue
[2022-03-25 23:30:21,610] {logging_mixin.py:109} INFO - [2022-03-25 23:30:21,610] {dagbag.py:500} INFO - Filling up the DagBag from /Users/adebolafagbule/opt/anaconda3/envs/airflow_env/lib/python3.8/site-packages/airflow/example_dags/tutorial_etl_dag.py
[2022-03-25 23:30:21,659] {processor.py:654} INFO - DAG(s) dict_keys(['tutorial_etl_dag']) retrieved from /Users/adebolafagbule/opt/anaconda3/envs/airflow_env/lib/python3.8/site-packages/airflow/example_dags/tutorial_etl_dag.py
[2022-03-25 23:30:21,673] {logging_mixin.py:109} INFO - [2022-03-25 23:30:21,673] {dag.py:2398} INFO - Sync 1 DAGs
[2022-03-25 23:30:21,679] {logging_mixin.py:109} INFO - [2022-03-25 23:30:21,679] {dag.py:2937} INFO - Setting next_dagrun for tutorial_etl_dag to None
[2022-03-25 23:30:21,685] {processor.py:171} INFO - Processing /Users/adebolafagbule/opt/anaconda3/envs/airflow_env/lib/python3.8/site-packages/airflow/example_dags/tutorial_etl_dag.py took 0.077 seconds
[2022-03-25 23:31:05,777] {processor.py:163} INFO - Started process (PID=27287) to work on /Users/adebolafagbule/opt/anaconda3/envs/airflow_env/lib/python3.8/site-packages/airflow/example_dags/tutorial_etl_dag.py
[2022-03-25 23:31:05,778] {processor.py:642} INFO - Processing file /Users/adebolafagbule/opt/anaconda3/envs/airflow_env/lib/python3.8/site-packages/airflow/example_dags/tutorial_etl_dag.py for tasks to queue
[2022-03-25 23:31:05,778] {logging_mixin.py:109} INFO - [2022-03-25 23:31:05,778] {dagbag.py:500} INFO - Filling up the DagBag from /Users/adebolafagbule/opt/anaconda3/envs/airflow_env/lib/python3.8/site-packages/airflow/example_dags/tutorial_etl_dag.py
[2022-03-25 23:31:05,831] {processor.py:654} INFO - DAG(s) dict_keys(['tutorial_etl_dag']) retrieved from /Users/adebolafagbule/opt/anaconda3/envs/airflow_env/lib/python3.8/site-packages/airflow/example_dags/tutorial_etl_dag.py
[2022-03-25 23:31:05,852] {logging_mixin.py:109} INFO - [2022-03-25 23:31:05,852] {dag.py:2398} INFO - Sync 1 DAGs
[2022-03-25 23:31:05,859] {logging_mixin.py:109} INFO - [2022-03-25 23:31:05,859] {dag.py:2937} INFO - Setting next_dagrun for tutorial_etl_dag to None
[2022-03-25 23:31:05,865] {processor.py:171} INFO - Processing /Users/adebolafagbule/opt/anaconda3/envs/airflow_env/lib/python3.8/site-packages/airflow/example_dags/tutorial_etl_dag.py took 0.088 seconds
[2022-03-25 23:32:31,032] {processor.py:163} INFO - Started process (PID=27377) to work on /Users/adebolafagbule/opt/anaconda3/envs/airflow_env/lib/python3.8/site-packages/airflow/example_dags/tutorial_etl_dag.py
[2022-03-25 23:32:31,033] {processor.py:642} INFO - Processing file /Users/adebolafagbule/opt/anaconda3/envs/airflow_env/lib/python3.8/site-packages/airflow/example_dags/tutorial_etl_dag.py for tasks to queue
[2022-03-25 23:32:31,034] {logging_mixin.py:109} INFO - [2022-03-25 23:32:31,033] {dagbag.py:500} INFO - Filling up the DagBag from /Users/adebolafagbule/opt/anaconda3/envs/airflow_env/lib/python3.8/site-packages/airflow/example_dags/tutorial_etl_dag.py
[2022-03-25 23:32:31,071] {processor.py:654} INFO - DAG(s) dict_keys(['tutorial_etl_dag']) retrieved from /Users/adebolafagbule/opt/anaconda3/envs/airflow_env/lib/python3.8/site-packages/airflow/example_dags/tutorial_etl_dag.py
[2022-03-25 23:32:31,084] {logging_mixin.py:109} INFO - [2022-03-25 23:32:31,084] {dag.py:2398} INFO - Sync 1 DAGs
[2022-03-25 23:32:31,090] {logging_mixin.py:109} INFO - [2022-03-25 23:32:31,090] {dag.py:2937} INFO - Setting next_dagrun for tutorial_etl_dag to None
[2022-03-25 23:32:31,097] {processor.py:171} INFO - Processing /Users/adebolafagbule/opt/anaconda3/envs/airflow_env/lib/python3.8/site-packages/airflow/example_dags/tutorial_etl_dag.py took 0.065 seconds
