[2022-03-25 21:25:12,234] {processor.py:163} INFO - Started process (PID=26313) to work on /Users/adebolafagbule/opt/anaconda3/envs/airflow_env/lib/python3.8/site-packages/airflow/example_dags/tutorial_taskflow_api_etl.py
[2022-03-25 21:25:12,235] {processor.py:642} INFO - Processing file /Users/adebolafagbule/opt/anaconda3/envs/airflow_env/lib/python3.8/site-packages/airflow/example_dags/tutorial_taskflow_api_etl.py for tasks to queue
[2022-03-25 21:25:12,236] {logging_mixin.py:109} INFO - [2022-03-25 21:25:12,236] {dagbag.py:500} INFO - Filling up the DagBag from /Users/adebolafagbule/opt/anaconda3/envs/airflow_env/lib/python3.8/site-packages/airflow/example_dags/tutorial_taskflow_api_etl.py
[2022-03-25 21:25:12,282] {processor.py:654} INFO - DAG(s) dict_keys(['tutorial_taskflow_api_etl']) retrieved from /Users/adebolafagbule/opt/anaconda3/envs/airflow_env/lib/python3.8/site-packages/airflow/example_dags/tutorial_taskflow_api_etl.py
[2022-03-25 21:25:12,456] {logging_mixin.py:109} INFO - [2022-03-25 21:25:12,456] {dag.py:2398} INFO - Sync 1 DAGs
[2022-03-25 21:25:12,465] {logging_mixin.py:109} INFO - [2022-03-25 21:25:12,465] {dag.py:2937} INFO - Setting next_dagrun for tutorial_taskflow_api_etl to None
[2022-03-25 21:25:12,472] {processor.py:171} INFO - Processing /Users/adebolafagbule/opt/anaconda3/envs/airflow_env/lib/python3.8/site-packages/airflow/example_dags/tutorial_taskflow_api_etl.py took 0.239 seconds
[2022-03-25 22:39:51,922] {processor.py:163} INFO - Started process (PID=26406) to work on /Users/adebolafagbule/opt/anaconda3/envs/airflow_env/lib/python3.8/site-packages/airflow/example_dags/tutorial_taskflow_api_etl.py
[2022-03-25 22:39:51,924] {processor.py:642} INFO - Processing file /Users/adebolafagbule/opt/anaconda3/envs/airflow_env/lib/python3.8/site-packages/airflow/example_dags/tutorial_taskflow_api_etl.py for tasks to queue
[2022-03-25 22:39:51,925] {logging_mixin.py:109} INFO - [2022-03-25 22:39:51,925] {dagbag.py:500} INFO - Filling up the DagBag from /Users/adebolafagbule/opt/anaconda3/envs/airflow_env/lib/python3.8/site-packages/airflow/example_dags/tutorial_taskflow_api_etl.py
[2022-03-25 22:39:52,034] {processor.py:654} INFO - DAG(s) dict_keys(['tutorial_taskflow_api_etl']) retrieved from /Users/adebolafagbule/opt/anaconda3/envs/airflow_env/lib/python3.8/site-packages/airflow/example_dags/tutorial_taskflow_api_etl.py
[2022-03-25 22:39:52,633] {logging_mixin.py:109} INFO - [2022-03-25 22:39:52,631] {dag.py:2398} INFO - Sync 1 DAGs
[2022-03-25 22:39:52,653] {logging_mixin.py:109} INFO - [2022-03-25 22:39:52,653] {dag.py:2937} INFO - Setting next_dagrun for tutorial_taskflow_api_etl to None
[2022-03-25 22:39:52,670] {processor.py:171} INFO - Processing /Users/adebolafagbule/opt/anaconda3/envs/airflow_env/lib/python3.8/site-packages/airflow/example_dags/tutorial_taskflow_api_etl.py took 0.748 seconds
[2022-03-25 23:21:58,891] {processor.py:163} INFO - Started process (PID=26545) to work on /Users/adebolafagbule/opt/anaconda3/envs/airflow_env/lib/python3.8/site-packages/airflow/example_dags/tutorial_taskflow_api_etl.py
[2022-03-25 23:21:58,893] {processor.py:642} INFO - Processing file /Users/adebolafagbule/opt/anaconda3/envs/airflow_env/lib/python3.8/site-packages/airflow/example_dags/tutorial_taskflow_api_etl.py for tasks to queue
[2022-03-25 23:21:58,893] {logging_mixin.py:109} INFO - [2022-03-25 23:21:58,893] {dagbag.py:500} INFO - Filling up the DagBag from /Users/adebolafagbule/opt/anaconda3/envs/airflow_env/lib/python3.8/site-packages/airflow/example_dags/tutorial_taskflow_api_etl.py
[2022-03-25 23:21:58,954] {processor.py:654} INFO - DAG(s) dict_keys(['tutorial_taskflow_api_etl']) retrieved from /Users/adebolafagbule/opt/anaconda3/envs/airflow_env/lib/python3.8/site-packages/airflow/example_dags/tutorial_taskflow_api_etl.py
[2022-03-25 23:21:59,248] {logging_mixin.py:109} INFO - [2022-03-25 23:21:59,247] {dag.py:2398} INFO - Sync 1 DAGs
[2022-03-25 23:21:59,259] {logging_mixin.py:109} INFO - [2022-03-25 23:21:59,259] {dag.py:2937} INFO - Setting next_dagrun for tutorial_taskflow_api_etl to None
[2022-03-25 23:21:59,269] {processor.py:171} INFO - Processing /Users/adebolafagbule/opt/anaconda3/envs/airflow_env/lib/python3.8/site-packages/airflow/example_dags/tutorial_taskflow_api_etl.py took 0.378 seconds
[2022-03-25 23:22:45,760] {processor.py:163} INFO - Started process (PID=26604) to work on /Users/adebolafagbule/opt/anaconda3/envs/airflow_env/lib/python3.8/site-packages/airflow/example_dags/tutorial_taskflow_api_etl.py
[2022-03-25 23:22:45,761] {processor.py:642} INFO - Processing file /Users/adebolafagbule/opt/anaconda3/envs/airflow_env/lib/python3.8/site-packages/airflow/example_dags/tutorial_taskflow_api_etl.py for tasks to queue
[2022-03-25 23:22:45,761] {logging_mixin.py:109} INFO - [2022-03-25 23:22:45,761] {dagbag.py:500} INFO - Filling up the DagBag from /Users/adebolafagbule/opt/anaconda3/envs/airflow_env/lib/python3.8/site-packages/airflow/example_dags/tutorial_taskflow_api_etl.py
[2022-03-25 23:22:45,806] {processor.py:654} INFO - DAG(s) dict_keys(['tutorial_taskflow_api_etl']) retrieved from /Users/adebolafagbule/opt/anaconda3/envs/airflow_env/lib/python3.8/site-packages/airflow/example_dags/tutorial_taskflow_api_etl.py
[2022-03-25 23:22:46,041] {logging_mixin.py:109} INFO - [2022-03-25 23:22:46,040] {dag.py:2398} INFO - Sync 1 DAGs
[2022-03-25 23:22:46,047] {logging_mixin.py:109} INFO - [2022-03-25 23:22:46,047] {dag.py:2937} INFO - Setting next_dagrun for tutorial_taskflow_api_etl to None
[2022-03-25 23:22:46,053] {processor.py:171} INFO - Processing /Users/adebolafagbule/opt/anaconda3/envs/airflow_env/lib/python3.8/site-packages/airflow/example_dags/tutorial_taskflow_api_etl.py took 0.294 seconds
[2022-03-25 23:23:29,208] {processor.py:163} INFO - Started process (PID=26664) to work on /Users/adebolafagbule/opt/anaconda3/envs/airflow_env/lib/python3.8/site-packages/airflow/example_dags/tutorial_taskflow_api_etl.py
[2022-03-25 23:23:29,209] {processor.py:642} INFO - Processing file /Users/adebolafagbule/opt/anaconda3/envs/airflow_env/lib/python3.8/site-packages/airflow/example_dags/tutorial_taskflow_api_etl.py for tasks to queue
[2022-03-25 23:23:29,209] {logging_mixin.py:109} INFO - [2022-03-25 23:23:29,209] {dagbag.py:500} INFO - Filling up the DagBag from /Users/adebolafagbule/opt/anaconda3/envs/airflow_env/lib/python3.8/site-packages/airflow/example_dags/tutorial_taskflow_api_etl.py
[2022-03-25 23:23:29,248] {processor.py:654} INFO - DAG(s) dict_keys(['tutorial_taskflow_api_etl']) retrieved from /Users/adebolafagbule/opt/anaconda3/envs/airflow_env/lib/python3.8/site-packages/airflow/example_dags/tutorial_taskflow_api_etl.py
[2022-03-25 23:23:29,550] {logging_mixin.py:109} INFO - [2022-03-25 23:23:29,550] {dag.py:2398} INFO - Sync 1 DAGs
[2022-03-25 23:23:29,557] {logging_mixin.py:109} INFO - [2022-03-25 23:23:29,557] {dag.py:2937} INFO - Setting next_dagrun for tutorial_taskflow_api_etl to None
[2022-03-25 23:23:29,563] {processor.py:171} INFO - Processing /Users/adebolafagbule/opt/anaconda3/envs/airflow_env/lib/python3.8/site-packages/airflow/example_dags/tutorial_taskflow_api_etl.py took 0.355 seconds
[2022-03-25 23:24:08,740] {processor.py:163} INFO - Started process (PID=26796) to work on /Users/adebolafagbule/opt/anaconda3/envs/airflow_env/lib/python3.8/site-packages/airflow/example_dags/tutorial_taskflow_api_etl.py
[2022-03-25 23:24:08,741] {processor.py:642} INFO - Processing file /Users/adebolafagbule/opt/anaconda3/envs/airflow_env/lib/python3.8/site-packages/airflow/example_dags/tutorial_taskflow_api_etl.py for tasks to queue
[2022-03-25 23:24:08,741] {logging_mixin.py:109} INFO - [2022-03-25 23:24:08,741] {dagbag.py:500} INFO - Filling up the DagBag from /Users/adebolafagbule/opt/anaconda3/envs/airflow_env/lib/python3.8/site-packages/airflow/example_dags/tutorial_taskflow_api_etl.py
[2022-03-25 23:24:08,779] {processor.py:654} INFO - DAG(s) dict_keys(['tutorial_taskflow_api_etl']) retrieved from /Users/adebolafagbule/opt/anaconda3/envs/airflow_env/lib/python3.8/site-packages/airflow/example_dags/tutorial_taskflow_api_etl.py
[2022-03-25 23:24:08,996] {logging_mixin.py:109} INFO - [2022-03-25 23:24:08,996] {dag.py:2398} INFO - Sync 1 DAGs
[2022-03-25 23:24:09,002] {logging_mixin.py:109} INFO - [2022-03-25 23:24:09,002] {dag.py:2937} INFO - Setting next_dagrun for tutorial_taskflow_api_etl to None
[2022-03-25 23:24:09,008] {processor.py:171} INFO - Processing /Users/adebolafagbule/opt/anaconda3/envs/airflow_env/lib/python3.8/site-packages/airflow/example_dags/tutorial_taskflow_api_etl.py took 0.269 seconds
[2022-03-25 23:24:50,080] {processor.py:163} INFO - Started process (PID=26841) to work on /Users/adebolafagbule/opt/anaconda3/envs/airflow_env/lib/python3.8/site-packages/airflow/example_dags/tutorial_taskflow_api_etl.py
[2022-03-25 23:24:50,081] {processor.py:642} INFO - Processing file /Users/adebolafagbule/opt/anaconda3/envs/airflow_env/lib/python3.8/site-packages/airflow/example_dags/tutorial_taskflow_api_etl.py for tasks to queue
[2022-03-25 23:24:50,081] {logging_mixin.py:109} INFO - [2022-03-25 23:24:50,081] {dagbag.py:500} INFO - Filling up the DagBag from /Users/adebolafagbule/opt/anaconda3/envs/airflow_env/lib/python3.8/site-packages/airflow/example_dags/tutorial_taskflow_api_etl.py
[2022-03-25 23:24:50,122] {processor.py:654} INFO - DAG(s) dict_keys(['tutorial_taskflow_api_etl']) retrieved from /Users/adebolafagbule/opt/anaconda3/envs/airflow_env/lib/python3.8/site-packages/airflow/example_dags/tutorial_taskflow_api_etl.py
[2022-03-25 23:24:50,408] {logging_mixin.py:109} INFO - [2022-03-25 23:24:50,408] {dag.py:2398} INFO - Sync 1 DAGs
[2022-03-25 23:24:50,415] {logging_mixin.py:109} INFO - [2022-03-25 23:24:50,415] {dag.py:2937} INFO - Setting next_dagrun for tutorial_taskflow_api_etl to None
[2022-03-25 23:24:50,421] {processor.py:171} INFO - Processing /Users/adebolafagbule/opt/anaconda3/envs/airflow_env/lib/python3.8/site-packages/airflow/example_dags/tutorial_taskflow_api_etl.py took 0.342 seconds
[2022-03-25 23:25:31,696] {processor.py:163} INFO - Started process (PID=26903) to work on /Users/adebolafagbule/opt/anaconda3/envs/airflow_env/lib/python3.8/site-packages/airflow/example_dags/tutorial_taskflow_api_etl.py
[2022-03-25 23:25:31,697] {processor.py:642} INFO - Processing file /Users/adebolafagbule/opt/anaconda3/envs/airflow_env/lib/python3.8/site-packages/airflow/example_dags/tutorial_taskflow_api_etl.py for tasks to queue
[2022-03-25 23:25:31,698] {logging_mixin.py:109} INFO - [2022-03-25 23:25:31,698] {dagbag.py:500} INFO - Filling up the DagBag from /Users/adebolafagbule/opt/anaconda3/envs/airflow_env/lib/python3.8/site-packages/airflow/example_dags/tutorial_taskflow_api_etl.py
[2022-03-25 23:25:31,738] {processor.py:654} INFO - DAG(s) dict_keys(['tutorial_taskflow_api_etl']) retrieved from /Users/adebolafagbule/opt/anaconda3/envs/airflow_env/lib/python3.8/site-packages/airflow/example_dags/tutorial_taskflow_api_etl.py
[2022-03-25 23:25:31,961] {logging_mixin.py:109} INFO - [2022-03-25 23:25:31,961] {dag.py:2398} INFO - Sync 1 DAGs
[2022-03-25 23:25:31,968] {logging_mixin.py:109} INFO - [2022-03-25 23:25:31,968] {dag.py:2937} INFO - Setting next_dagrun for tutorial_taskflow_api_etl to None
[2022-03-25 23:25:31,975] {processor.py:171} INFO - Processing /Users/adebolafagbule/opt/anaconda3/envs/airflow_env/lib/python3.8/site-packages/airflow/example_dags/tutorial_taskflow_api_etl.py took 0.279 seconds
[2022-03-25 23:26:12,078] {processor.py:163} INFO - Started process (PID=26945) to work on /Users/adebolafagbule/opt/anaconda3/envs/airflow_env/lib/python3.8/site-packages/airflow/example_dags/tutorial_taskflow_api_etl.py
[2022-03-25 23:26:12,078] {processor.py:642} INFO - Processing file /Users/adebolafagbule/opt/anaconda3/envs/airflow_env/lib/python3.8/site-packages/airflow/example_dags/tutorial_taskflow_api_etl.py for tasks to queue
[2022-03-25 23:26:12,078] {logging_mixin.py:109} INFO - [2022-03-25 23:26:12,078] {dagbag.py:500} INFO - Filling up the DagBag from /Users/adebolafagbule/opt/anaconda3/envs/airflow_env/lib/python3.8/site-packages/airflow/example_dags/tutorial_taskflow_api_etl.py
[2022-03-25 23:26:12,115] {processor.py:654} INFO - DAG(s) dict_keys(['tutorial_taskflow_api_etl']) retrieved from /Users/adebolafagbule/opt/anaconda3/envs/airflow_env/lib/python3.8/site-packages/airflow/example_dags/tutorial_taskflow_api_etl.py
[2022-03-25 23:26:12,271] {logging_mixin.py:109} INFO - [2022-03-25 23:26:12,271] {dag.py:2398} INFO - Sync 1 DAGs
[2022-03-25 23:26:12,278] {logging_mixin.py:109} INFO - [2022-03-25 23:26:12,278] {dag.py:2937} INFO - Setting next_dagrun for tutorial_taskflow_api_etl to None
[2022-03-25 23:26:12,285] {processor.py:171} INFO - Processing /Users/adebolafagbule/opt/anaconda3/envs/airflow_env/lib/python3.8/site-packages/airflow/example_dags/tutorial_taskflow_api_etl.py took 0.208 seconds
[2022-03-25 23:26:52,697] {processor.py:163} INFO - Started process (PID=26997) to work on /Users/adebolafagbule/opt/anaconda3/envs/airflow_env/lib/python3.8/site-packages/airflow/example_dags/tutorial_taskflow_api_etl.py
[2022-03-25 23:26:52,697] {processor.py:642} INFO - Processing file /Users/adebolafagbule/opt/anaconda3/envs/airflow_env/lib/python3.8/site-packages/airflow/example_dags/tutorial_taskflow_api_etl.py for tasks to queue
[2022-03-25 23:26:52,697] {logging_mixin.py:109} INFO - [2022-03-25 23:26:52,697] {dagbag.py:500} INFO - Filling up the DagBag from /Users/adebolafagbule/opt/anaconda3/envs/airflow_env/lib/python3.8/site-packages/airflow/example_dags/tutorial_taskflow_api_etl.py
[2022-03-25 23:26:52,741] {processor.py:654} INFO - DAG(s) dict_keys(['tutorial_taskflow_api_etl']) retrieved from /Users/adebolafagbule/opt/anaconda3/envs/airflow_env/lib/python3.8/site-packages/airflow/example_dags/tutorial_taskflow_api_etl.py
[2022-03-25 23:26:53,044] {logging_mixin.py:109} INFO - [2022-03-25 23:26:53,043] {dag.py:2398} INFO - Sync 1 DAGs
[2022-03-25 23:26:53,057] {logging_mixin.py:109} INFO - [2022-03-25 23:26:53,057] {dag.py:2937} INFO - Setting next_dagrun for tutorial_taskflow_api_etl to None
[2022-03-25 23:26:53,070] {processor.py:171} INFO - Processing /Users/adebolafagbule/opt/anaconda3/envs/airflow_env/lib/python3.8/site-packages/airflow/example_dags/tutorial_taskflow_api_etl.py took 0.374 seconds
[2022-03-25 23:27:35,308] {processor.py:163} INFO - Started process (PID=27054) to work on /Users/adebolafagbule/opt/anaconda3/envs/airflow_env/lib/python3.8/site-packages/airflow/example_dags/tutorial_taskflow_api_etl.py
[2022-03-25 23:27:35,309] {processor.py:642} INFO - Processing file /Users/adebolafagbule/opt/anaconda3/envs/airflow_env/lib/python3.8/site-packages/airflow/example_dags/tutorial_taskflow_api_etl.py for tasks to queue
[2022-03-25 23:27:35,309] {logging_mixin.py:109} INFO - [2022-03-25 23:27:35,309] {dagbag.py:500} INFO - Filling up the DagBag from /Users/adebolafagbule/opt/anaconda3/envs/airflow_env/lib/python3.8/site-packages/airflow/example_dags/tutorial_taskflow_api_etl.py
[2022-03-25 23:27:35,350] {processor.py:654} INFO - DAG(s) dict_keys(['tutorial_taskflow_api_etl']) retrieved from /Users/adebolafagbule/opt/anaconda3/envs/airflow_env/lib/python3.8/site-packages/airflow/example_dags/tutorial_taskflow_api_etl.py
[2022-03-25 23:27:35,607] {logging_mixin.py:109} INFO - [2022-03-25 23:27:35,606] {dag.py:2398} INFO - Sync 1 DAGs
[2022-03-25 23:27:35,613] {logging_mixin.py:109} INFO - [2022-03-25 23:27:35,613] {dag.py:2937} INFO - Setting next_dagrun for tutorial_taskflow_api_etl to None
[2022-03-25 23:27:35,619] {processor.py:171} INFO - Processing /Users/adebolafagbule/opt/anaconda3/envs/airflow_env/lib/python3.8/site-packages/airflow/example_dags/tutorial_taskflow_api_etl.py took 0.312 seconds
[2022-03-25 23:28:16,158] {processor.py:163} INFO - Started process (PID=27094) to work on /Users/adebolafagbule/opt/anaconda3/envs/airflow_env/lib/python3.8/site-packages/airflow/example_dags/tutorial_taskflow_api_etl.py
[2022-03-25 23:28:16,160] {processor.py:642} INFO - Processing file /Users/adebolafagbule/opt/anaconda3/envs/airflow_env/lib/python3.8/site-packages/airflow/example_dags/tutorial_taskflow_api_etl.py for tasks to queue
[2022-03-25 23:28:16,161] {logging_mixin.py:109} INFO - [2022-03-25 23:28:16,160] {dagbag.py:500} INFO - Filling up the DagBag from /Users/adebolafagbule/opt/anaconda3/envs/airflow_env/lib/python3.8/site-packages/airflow/example_dags/tutorial_taskflow_api_etl.py
[2022-03-25 23:28:16,213] {processor.py:654} INFO - DAG(s) dict_keys(['tutorial_taskflow_api_etl']) retrieved from /Users/adebolafagbule/opt/anaconda3/envs/airflow_env/lib/python3.8/site-packages/airflow/example_dags/tutorial_taskflow_api_etl.py
[2022-03-25 23:28:16,371] {logging_mixin.py:109} INFO - [2022-03-25 23:28:16,371] {dag.py:2398} INFO - Sync 1 DAGs
[2022-03-25 23:28:16,377] {logging_mixin.py:109} INFO - [2022-03-25 23:28:16,377] {dag.py:2937} INFO - Setting next_dagrun for tutorial_taskflow_api_etl to None
[2022-03-25 23:28:16,384] {processor.py:171} INFO - Processing /Users/adebolafagbule/opt/anaconda3/envs/airflow_env/lib/python3.8/site-packages/airflow/example_dags/tutorial_taskflow_api_etl.py took 0.226 seconds
[2022-03-25 23:28:56,027] {processor.py:163} INFO - Started process (PID=27133) to work on /Users/adebolafagbule/opt/anaconda3/envs/airflow_env/lib/python3.8/site-packages/airflow/example_dags/tutorial_taskflow_api_etl.py
[2022-03-25 23:28:56,028] {processor.py:642} INFO - Processing file /Users/adebolafagbule/opt/anaconda3/envs/airflow_env/lib/python3.8/site-packages/airflow/example_dags/tutorial_taskflow_api_etl.py for tasks to queue
[2022-03-25 23:28:56,029] {logging_mixin.py:109} INFO - [2022-03-25 23:28:56,029] {dagbag.py:500} INFO - Filling up the DagBag from /Users/adebolafagbule/opt/anaconda3/envs/airflow_env/lib/python3.8/site-packages/airflow/example_dags/tutorial_taskflow_api_etl.py
[2022-03-25 23:28:56,067] {processor.py:654} INFO - DAG(s) dict_keys(['tutorial_taskflow_api_etl']) retrieved from /Users/adebolafagbule/opt/anaconda3/envs/airflow_env/lib/python3.8/site-packages/airflow/example_dags/tutorial_taskflow_api_etl.py
[2022-03-25 23:28:56,374] {logging_mixin.py:109} INFO - [2022-03-25 23:28:56,374] {dag.py:2398} INFO - Sync 1 DAGs
[2022-03-25 23:28:56,380] {logging_mixin.py:109} INFO - [2022-03-25 23:28:56,380] {dag.py:2937} INFO - Setting next_dagrun for tutorial_taskflow_api_etl to None
[2022-03-25 23:28:56,386] {processor.py:171} INFO - Processing /Users/adebolafagbule/opt/anaconda3/envs/airflow_env/lib/python3.8/site-packages/airflow/example_dags/tutorial_taskflow_api_etl.py took 0.359 seconds
[2022-03-25 23:29:35,717] {processor.py:163} INFO - Started process (PID=27174) to work on /Users/adebolafagbule/opt/anaconda3/envs/airflow_env/lib/python3.8/site-packages/airflow/example_dags/tutorial_taskflow_api_etl.py
[2022-03-25 23:29:35,719] {processor.py:642} INFO - Processing file /Users/adebolafagbule/opt/anaconda3/envs/airflow_env/lib/python3.8/site-packages/airflow/example_dags/tutorial_taskflow_api_etl.py for tasks to queue
[2022-03-25 23:29:35,719] {logging_mixin.py:109} INFO - [2022-03-25 23:29:35,719] {dagbag.py:500} INFO - Filling up the DagBag from /Users/adebolafagbule/opt/anaconda3/envs/airflow_env/lib/python3.8/site-packages/airflow/example_dags/tutorial_taskflow_api_etl.py
[2022-03-25 23:29:35,771] {processor.py:654} INFO - DAG(s) dict_keys(['tutorial_taskflow_api_etl']) retrieved from /Users/adebolafagbule/opt/anaconda3/envs/airflow_env/lib/python3.8/site-packages/airflow/example_dags/tutorial_taskflow_api_etl.py
[2022-03-25 23:29:35,924] {logging_mixin.py:109} INFO - [2022-03-25 23:29:35,924] {dag.py:2398} INFO - Sync 1 DAGs
[2022-03-25 23:29:35,931] {logging_mixin.py:109} INFO - [2022-03-25 23:29:35,930] {dag.py:2937} INFO - Setting next_dagrun for tutorial_taskflow_api_etl to None
[2022-03-25 23:29:35,937] {processor.py:171} INFO - Processing /Users/adebolafagbule/opt/anaconda3/envs/airflow_env/lib/python3.8/site-packages/airflow/example_dags/tutorial_taskflow_api_etl.py took 0.220 seconds
[2022-03-25 23:30:19,089] {processor.py:163} INFO - Started process (PID=27236) to work on /Users/adebolafagbule/opt/anaconda3/envs/airflow_env/lib/python3.8/site-packages/airflow/example_dags/tutorial_taskflow_api_etl.py
[2022-03-25 23:30:19,090] {processor.py:642} INFO - Processing file /Users/adebolafagbule/opt/anaconda3/envs/airflow_env/lib/python3.8/site-packages/airflow/example_dags/tutorial_taskflow_api_etl.py for tasks to queue
[2022-03-25 23:30:19,090] {logging_mixin.py:109} INFO - [2022-03-25 23:30:19,090] {dagbag.py:500} INFO - Filling up the DagBag from /Users/adebolafagbule/opt/anaconda3/envs/airflow_env/lib/python3.8/site-packages/airflow/example_dags/tutorial_taskflow_api_etl.py
[2022-03-25 23:30:19,132] {processor.py:654} INFO - DAG(s) dict_keys(['tutorial_taskflow_api_etl']) retrieved from /Users/adebolafagbule/opt/anaconda3/envs/airflow_env/lib/python3.8/site-packages/airflow/example_dags/tutorial_taskflow_api_etl.py
[2022-03-25 23:30:19,388] {logging_mixin.py:109} INFO - [2022-03-25 23:30:19,388] {dag.py:2398} INFO - Sync 1 DAGs
[2022-03-25 23:30:19,394] {logging_mixin.py:109} INFO - [2022-03-25 23:30:19,394] {dag.py:2937} INFO - Setting next_dagrun for tutorial_taskflow_api_etl to None
[2022-03-25 23:30:19,400] {processor.py:171} INFO - Processing /Users/adebolafagbule/opt/anaconda3/envs/airflow_env/lib/python3.8/site-packages/airflow/example_dags/tutorial_taskflow_api_etl.py took 0.312 seconds
[2022-03-25 23:31:02,985] {processor.py:163} INFO - Started process (PID=27285) to work on /Users/adebolafagbule/opt/anaconda3/envs/airflow_env/lib/python3.8/site-packages/airflow/example_dags/tutorial_taskflow_api_etl.py
[2022-03-25 23:31:02,986] {processor.py:642} INFO - Processing file /Users/adebolafagbule/opt/anaconda3/envs/airflow_env/lib/python3.8/site-packages/airflow/example_dags/tutorial_taskflow_api_etl.py for tasks to queue
[2022-03-25 23:31:02,986] {logging_mixin.py:109} INFO - [2022-03-25 23:31:02,986] {dagbag.py:500} INFO - Filling up the DagBag from /Users/adebolafagbule/opt/anaconda3/envs/airflow_env/lib/python3.8/site-packages/airflow/example_dags/tutorial_taskflow_api_etl.py
[2022-03-25 23:31:03,026] {processor.py:654} INFO - DAG(s) dict_keys(['tutorial_taskflow_api_etl']) retrieved from /Users/adebolafagbule/opt/anaconda3/envs/airflow_env/lib/python3.8/site-packages/airflow/example_dags/tutorial_taskflow_api_etl.py
[2022-03-25 23:31:03,259] {logging_mixin.py:109} INFO - [2022-03-25 23:31:03,259] {dag.py:2398} INFO - Sync 1 DAGs
[2022-03-25 23:31:03,266] {logging_mixin.py:109} INFO - [2022-03-25 23:31:03,266] {dag.py:2937} INFO - Setting next_dagrun for tutorial_taskflow_api_etl to None
[2022-03-25 23:31:03,273] {processor.py:171} INFO - Processing /Users/adebolafagbule/opt/anaconda3/envs/airflow_env/lib/python3.8/site-packages/airflow/example_dags/tutorial_taskflow_api_etl.py took 0.288 seconds
[2022-03-25 23:31:45,408] {processor.py:163} INFO - Started process (PID=27329) to work on /Users/adebolafagbule/opt/anaconda3/envs/airflow_env/lib/python3.8/site-packages/airflow/example_dags/tutorial_taskflow_api_etl.py
[2022-03-25 23:31:45,408] {processor.py:642} INFO - Processing file /Users/adebolafagbule/opt/anaconda3/envs/airflow_env/lib/python3.8/site-packages/airflow/example_dags/tutorial_taskflow_api_etl.py for tasks to queue
[2022-03-25 23:31:45,409] {logging_mixin.py:109} INFO - [2022-03-25 23:31:45,409] {dagbag.py:500} INFO - Filling up the DagBag from /Users/adebolafagbule/opt/anaconda3/envs/airflow_env/lib/python3.8/site-packages/airflow/example_dags/tutorial_taskflow_api_etl.py
[2022-03-25 23:31:45,453] {processor.py:654} INFO - DAG(s) dict_keys(['tutorial_taskflow_api_etl']) retrieved from /Users/adebolafagbule/opt/anaconda3/envs/airflow_env/lib/python3.8/site-packages/airflow/example_dags/tutorial_taskflow_api_etl.py
[2022-03-25 23:31:45,704] {logging_mixin.py:109} INFO - [2022-03-25 23:31:45,704] {dag.py:2398} INFO - Sync 1 DAGs
[2022-03-25 23:31:45,711] {logging_mixin.py:109} INFO - [2022-03-25 23:31:45,711] {dag.py:2937} INFO - Setting next_dagrun for tutorial_taskflow_api_etl to None
[2022-03-25 23:31:45,718] {processor.py:171} INFO - Processing /Users/adebolafagbule/opt/anaconda3/envs/airflow_env/lib/python3.8/site-packages/airflow/example_dags/tutorial_taskflow_api_etl.py took 0.310 seconds
[2022-03-25 23:32:28,432] {processor.py:163} INFO - Started process (PID=27374) to work on /Users/adebolafagbule/opt/anaconda3/envs/airflow_env/lib/python3.8/site-packages/airflow/example_dags/tutorial_taskflow_api_etl.py
[2022-03-25 23:32:28,432] {processor.py:642} INFO - Processing file /Users/adebolafagbule/opt/anaconda3/envs/airflow_env/lib/python3.8/site-packages/airflow/example_dags/tutorial_taskflow_api_etl.py for tasks to queue
[2022-03-25 23:32:28,432] {logging_mixin.py:109} INFO - [2022-03-25 23:32:28,432] {dagbag.py:500} INFO - Filling up the DagBag from /Users/adebolafagbule/opt/anaconda3/envs/airflow_env/lib/python3.8/site-packages/airflow/example_dags/tutorial_taskflow_api_etl.py
[2022-03-25 23:32:28,473] {processor.py:654} INFO - DAG(s) dict_keys(['tutorial_taskflow_api_etl']) retrieved from /Users/adebolafagbule/opt/anaconda3/envs/airflow_env/lib/python3.8/site-packages/airflow/example_dags/tutorial_taskflow_api_etl.py
[2022-03-25 23:32:28,785] {logging_mixin.py:109} INFO - [2022-03-25 23:32:28,785] {dag.py:2398} INFO - Sync 1 DAGs
[2022-03-25 23:32:28,792] {logging_mixin.py:109} INFO - [2022-03-25 23:32:28,792] {dag.py:2937} INFO - Setting next_dagrun for tutorial_taskflow_api_etl to None
[2022-03-25 23:32:28,798] {processor.py:171} INFO - Processing /Users/adebolafagbule/opt/anaconda3/envs/airflow_env/lib/python3.8/site-packages/airflow/example_dags/tutorial_taskflow_api_etl.py took 0.366 seconds
[2022-03-25 23:33:09,835] {processor.py:163} INFO - Started process (PID=27416) to work on /Users/adebolafagbule/opt/anaconda3/envs/airflow_env/lib/python3.8/site-packages/airflow/example_dags/tutorial_taskflow_api_etl.py
[2022-03-25 23:33:09,836] {processor.py:642} INFO - Processing file /Users/adebolafagbule/opt/anaconda3/envs/airflow_env/lib/python3.8/site-packages/airflow/example_dags/tutorial_taskflow_api_etl.py for tasks to queue
[2022-03-25 23:33:09,836] {logging_mixin.py:109} INFO - [2022-03-25 23:33:09,836] {dagbag.py:500} INFO - Filling up the DagBag from /Users/adebolafagbule/opt/anaconda3/envs/airflow_env/lib/python3.8/site-packages/airflow/example_dags/tutorial_taskflow_api_etl.py
[2022-03-25 23:33:09,877] {processor.py:654} INFO - DAG(s) dict_keys(['tutorial_taskflow_api_etl']) retrieved from /Users/adebolafagbule/opt/anaconda3/envs/airflow_env/lib/python3.8/site-packages/airflow/example_dags/tutorial_taskflow_api_etl.py
[2022-03-25 23:33:10,119] {logging_mixin.py:109} INFO - [2022-03-25 23:33:10,119] {dag.py:2398} INFO - Sync 1 DAGs
[2022-03-25 23:33:10,127] {logging_mixin.py:109} INFO - [2022-03-25 23:33:10,126] {dag.py:2937} INFO - Setting next_dagrun for tutorial_taskflow_api_etl to None
[2022-03-25 23:33:10,133] {processor.py:171} INFO - Processing /Users/adebolafagbule/opt/anaconda3/envs/airflow_env/lib/python3.8/site-packages/airflow/example_dags/tutorial_taskflow_api_etl.py took 0.298 seconds
