[2022-03-25 09:20:37,868] {taskinstance.py:1037} INFO - Dependencies all met for <TaskInstance: class_training.Square manual__2022-03-25T13:20:25.244354+00:00 [queued]>
[2022-03-25 09:20:37,872] {taskinstance.py:1037} INFO - Dependencies all met for <TaskInstance: class_training.Square manual__2022-03-25T13:20:25.244354+00:00 [queued]>
[2022-03-25 09:20:37,873] {taskinstance.py:1243} INFO - 
--------------------------------------------------------------------------------
[2022-03-25 09:20:37,873] {taskinstance.py:1244} INFO - Starting attempt 1 of 2
[2022-03-25 09:20:37,873] {taskinstance.py:1245} INFO - 
--------------------------------------------------------------------------------
[2022-03-25 09:20:37,878] {taskinstance.py:1264} INFO - Executing <Task(PythonOperator): Square> on 2022-03-25 13:20:25.244354+00:00
[2022-03-25 09:20:37,881] {standard_task_runner.py:52} INFO - Started process 24301 to run task
[2022-03-25 09:20:37,885] {standard_task_runner.py:76} INFO - Running: ['airflow', 'tasks', 'run', 'class_training', 'Square', 'manual__2022-03-25T13:20:25.244354+00:00', '--job-id', '18', '--raw', '--subdir', 'DAGS_FOLDER/class_training.py', '--cfg-path', '/var/folders/1v/qwnb14hd7z7dhfn3xtt04sym0000gn/T/tmpbahu0lwz', '--error-file', '/var/folders/1v/qwnb14hd7z7dhfn3xtt04sym0000gn/T/tmpqw86728k']
[2022-03-25 09:20:37,888] {standard_task_runner.py:77} INFO - Job 18: Subtask Square
[2022-03-25 09:20:37,928] {logging_mixin.py:109} INFO - Running <TaskInstance: class_training.Square manual__2022-03-25T13:20:25.244354+00:00 [running]> on host adebolas-mbp.hsd1.md.comcast.net
[2022-03-25 09:20:37,959] {taskinstance.py:1429} INFO - Exporting the following env vars:
AIRFLOW_CTX_DAG_EMAIL=adebola.fagbule1@gmail.com
AIRFLOW_CTX_DAG_OWNER=airflow
AIRFLOW_CTX_DAG_ID=class_training
AIRFLOW_CTX_TASK_ID=Square
AIRFLOW_CTX_EXECUTION_DATE=2022-03-25T13:20:25.244354+00:00
AIRFLOW_CTX_DAG_RUN_ID=manual__2022-03-25T13:20:25.244354+00:00
[2022-03-25 09:20:38,057] {python.py:175} INFO - Done. Returned value was: None
[2022-03-25 09:20:38,062] {taskinstance.py:1272} INFO - Marking task as SUCCESS. dag_id=class_training, task_id=Square, execution_date=20220325T132025, start_date=20220325T132037, end_date=20220325T132038
[2022-03-25 09:20:38,115] {local_task_job.py:154} INFO - Task exited with return code 0
[2022-03-25 09:20:38,141] {local_task_job.py:264} INFO - 1 downstream tasks scheduled from follow-on schedule check
